eth:ethertype:ip:udp:data,8197242
eth:ethertype:ip:udp:stun,6041034
eth:ethertype:ip:udp:dns,3764159
eth:ethertype:ip:udp:syslog,2483377
eth:ethertype:ip:udp:snmp,2210892
eth:ethertype:ip:udp:ntp,2005610
eth:ethertype:ip:udp:nbns,662192
eth:ethertype:ip:data,509290
eth:ethertype:ip:udp:sip,482936
eth:ethertype:ip:udp:coap,251054
eth:ethertype:ip:udp:classicstun,180995
eth:ethertype:ip:udp:cflow,166981
eth:ethertype:ip:udp:mdns,145664
eth:ethertype:ip:udp:cldap,116306
eth:ethertype:ip:udp:ssdp,107708
eth:ethertype:ip:udp:rpc,99931
eth:ethertype:ip:udp:sip:xml,98887
eth:ethertype:ip:udp,76280
eth:ethertype:ip:udp:memcache,74526
eth:ethertype:ip:udp:isakmp,66066
eth:ethertype:ip:udp:dtls,65990
eth:ethertype:ip:udp:udpencap:esp,65918
eth:ethertype:ip:udp:openvpn,64957
eth:ethertype:ip:udp:sip:data-text-lines,52726
eth:ethertype:ip:udp:bvlc:bacnet:bacapp,50555
eth:ethertype:ip:udp:gtp,49542
eth:ethertype:ip:udp:rip,49312
eth:ethertype:ip:udp:portcontrol,46210
eth:ethertype:ip:udp:srvloc,44478
eth:ethertype:ip:udp:capwap,43834
eth:ethertype:ip:udp:l2tp,36943
eth:ethertype:ip:udp:quic:tls,36413
eth:ethertype:ip:udp:rdpudp,31840
eth:ethertype:ip:udp:chargen,31331
eth:ethertype:ip:udp:dhcp,29904
eth:ethertype:ip:udp:rmcp:ipmi_session:data,27012
eth:ethertype:ip:udp:kerberos,24647
eth:ethertype:ip:udp:xdmcp,24548
eth:ethertype:ip:udp:tftp,23735
eth:ethertype:ip:udp:radius,23551
eth:ethertype:ip:udp:bfd,22934
eth:ethertype:ip:udp:daytime,22303
eth:ethertype:ip:udp:gquic,20367
eth:ethertype:ip:udp:lwapp:data,17220
eth:ethertype:ip:udp:echo,15102
eth:ethertype:ip:udp:omron,13754
eth:ethertype:ip:udp:enip,13499
eth:ethertype:ip:udp:time,12160
eth:ethertype:ip:udp:nbdgm:smb:browser,11755
eth:ethertype:ip:udp:gtp:gtpv2,11352
eth:ethertype:ip:udp:steam_ihs_discovery,11235
eth:ethertype:ip:udp:bjnp,10920
eth:ethertype:ip:udp:hart_ip,10390
eth:ethertype:ip:udp:quake3,10328
eth:ethertype:ip:udp:ecatf:ecat,10212
eth:ethertype:ip:udp:kip,7641
eth:ethertype:ip:udp:teredo:ipv6,6754
eth:ethertype:ip:udp:quic,6594
eth:ethertype:ip:udp:mgcp,6166
eth:ethertype:ip:udp:raknet:raknet,5617
eth:ethertype:ip:udp:ts2,4685
eth:ethertype:ip:udp:rtcp,4329
eth:ethertype:ip:udp:coap:data,3778
eth:ethertype:ip:udp:rmcp:asf,3437
eth:ethertype:ip:udp:iax2,3047
eth:ethertype:ip:udp:h225,2957
eth:ethertype:ip:udp:llmnr,2902
eth:ethertype:ip:udp:mndp,1894
eth:ethertype:ip:udp:cipio,1704
eth:ethertype:ip:udp:wsp,1688
eth:ethertype:ip:udp:wisun.eapol_relay:eapol:data,1647
eth:ethertype:ip:udp:rtps,1512
eth:ethertype:ip:udp:gtpprime,1412
eth:ethertype:ip:udp:dis,1358
eth:ethertype:ip:udp:sap,1327
eth:ethertype:ip:udp:rx,1300
eth:ethertype:ip:udp:llc:data,1294
eth:ethertype:ip:udp:quake3:data,1014
eth:ethertype:ip:udp:adp,968
eth:ethertype:ip:udp:wtls,927
eth:ethertype:ip:udp:raknet,797
eth:ethertype:ip:udp:asterix,779
eth:ethertype:ip:udp:ath,765
eth:ethertype:ip:udp:pn_rt:pn_ptcp,656
eth:ethertype:ip:udp:bat.vis:data,602
eth:ethertype:ip:udp:infiniband:data,600
eth:ethertype:ip:udp:ssdp:data,584
eth:ethertype:ip:udp:iapp,578
eth:ethertype:ip:udp:idn,526
eth:ethertype:ip:udp:tetra,506
eth:ethertype:ip:udp:radius:eap,494
eth:ethertype:ip:udp:kdp,457
eth:ethertype:ip:udp:raknet:raknet:raknet,434
eth:ethertype:ip:udp:iax2:data,431
eth:ethertype:ip:udp:cnip,420
eth:ethertype:ip:udp:mikey,402
eth:ethertype:ip:udp:ieee1722:data,396
eth:ethertype:ip:udp:quake2:data,396
eth:ethertype:ip:udp:tzsp,386
eth:ethertype:ip:udp:rsvp,384
eth:ethertype:ip:udp:dpnet,379
eth:ethertype:ip:udp:mpls-echo,371
eth:ethertype:ip:udp:sap:sdp,369
eth:ethertype:ip:udp:knet,342
eth:ethertype:ip:udp:icp,341
eth:ethertype:ip:udp:gsmtap:data,336
eth:ethertype:ip:udp:db-lsp-disc,333
eth:ethertype:ip:udp:nxp_802154_sniffer:wpan,331
eth:ethertype:ip:udp:ecatf:data,328
eth:ethertype:ip:udp:kink,319
eth:ethertype:ip:udp:hiqnet,313
eth:ethertype:ip:udp:ajns,312
eth:ethertype:ip:udp:corosync_totemnet:data,311
eth:ethertype:ip:udp:dof,301
eth:ethertype:ip:udp:c1222,294
eth:ethertype:ip:udp:hcrt,286
eth:ethertype:ip:udp:uaudp,283
eth:ethertype:ip:udp:amt,279
eth:ethertype:ip:udp:opensafety_udp:data,279
eth:ethertype:ip:udp:mint,278
eth:ethertype:ip:udp:enttec,277
eth:ethertype:ip:udp:tacacs,268
eth:ethertype:ip:udp:ecmp,264
eth:ethertype:ip:udp:rdt,260
eth:ethertype:ip:udp:h501,254
eth:ethertype:ip:udp:pfcp,252
eth:ethertype:ip:udp:pktc.mtafqdn,248
eth:ethertype:ip:udp:opensafety:data,248
eth:ethertype:ip:udp:tplink-smarthome:json:data-text-lines,244
eth:ethertype:ip:udp:who,241
eth:ethertype:ip:udp:mih,237
eth:ethertype:ip:udp:rsip,235
eth:ethertype:ip:udp:dvb_ipdc:data,234
eth:ethertype:ip:udp:vrt,231
eth:ethertype:ip:udp:wtp,229
eth:ethertype:ip:udp:mipv6,229
eth:ethertype:ip:udp:bfd_echo,228
eth:ethertype:ip:udp:msproxy,222
eth:ethertype:ip:udp:ulp,219
eth:ethertype:ip:udp:bat.gw:data,218
eth:ethertype:ip:udp:scop:data,200
eth:ethertype:ip:udp:eth:ethertype:data,200
eth:ethertype:ip:udp:bat:data,194
eth:ethertype:ip:udp:llc,185
eth:ethertype:ip:udp:ardp,175
eth:ethertype:ip:udp:enrp,172
eth:ethertype:ip:udp:teredo:data,167
eth:ethertype:ip:udp:pktc,164
eth:ethertype:ip:udp:capwap.data,162
eth:ethertype:ip:udp:sabp:sabp,162
eth:ethertype:ip:udp:gprs-ns:bssgp,155
eth:ethertype:ip:udp:ipvs,151
eth:ethertype:ip:udp:gprs-ns,150
eth:ethertype:ip:udp:megaco:data,146
eth:ethertype:ip:udp:wg,136
eth:ethertype:ip:udp:sctp,133
eth:ethertype:ip:udp:h248,133
eth:ethertype:ip:udp:lisp:data,132
eth:ethertype:ip:udp:nano,132
eth:ethertype:ip:udp:udpencap:isakmp,131
eth:ethertype:ip:udp:mpls:data,128
eth:ethertype:ip:udp:ayiya,121
eth:ethertype:ip:udp:infiniband,119
eth:ethertype:ip:udp:geneve:data,113
eth:ethertype:ip:udp:tipc,112
eth:ethertype:ip:udp:a21,112
eth:ethertype:ip:udp:asap,110
eth:ethertype:ip:udp:quake:data,108
eth:ethertype:ip:udp:ax4000,100
eth:ethertype:ip:udp:nbdgm:smb:data,94
eth:ethertype:ip:udp:manolito,93
eth:ethertype:ip:udp:lisp-data,91
eth:ethertype:ip:udp:lwapp:wlan,90
eth:ethertype:ip:udp:dmp,89
eth:ethertype:ip:udp:vuze-dht,87
eth:ethertype:ip:udp:egd:data,85
eth:ethertype:ip:udp:wlccp,83
eth:ethertype:ip:udp:elasticsearch,82
eth:ethertype:ip:udp:data:vssmonitoring,80
eth:ethertype:ip:udp:collectd,76
eth:ethertype:ip:udp:doip,76
eth:ethertype:ip:udp:pn_rt:pn_io,70
eth:ethertype:ip:udp:sbus,70
eth:ethertype:ip:udp:dcc,64
eth:ethertype:ip:udp:gre,63
eth:ethertype:ip:udp:vxlan:eth:ethertype:data,62
eth:ethertype:ip:udp:nxp_802154_sniffer:wpan:data,59
eth:ethertype:ip:udp:geneve,58
eth:ethertype:ip:udp:quakeworld:data,56
eth:ethertype:ip:udp:lisp,50
eth:ethertype:ip:udp:nxp_802154_sniffer,46
eth:ethertype:ip:udp:stun:data,44
eth:ethertype:ip:udp:capwap.data:dtls,43
eth:ethertype:ip:udp:sabp,40
eth:ethertype:ip:udp:capwap:dtls,40
eth:ethertype:ip:udp:teredo:ipv6:icmpv6,39
eth:ethertype:ip:udp:gre:data,38
eth:ethertype:ip:udp:gsmtap,38
eth:ethertype:ip:udp:mpls:ipv6:data,32
eth:ethertype:ip:udp:cnip:data,30
eth:ethertype:ip:udp:wisun.eapol_relay,29
eth:ethertype:ip:udp:jmirror:ipv6:data,29
eth:ethertype:ip:udp:lwapp:wlan:data,26
eth:ethertype:ip:udp:ltp,25
eth:ethertype:ip:udp:thrift,25
eth:ethertype:ip:udp:goose:cotp,24
eth:ethertype:ip:udp:vxlan:eth,23
eth:ethertype:ip:udp:l2tp:data,21
eth:ethertype:ip:udp:wtp:wsp,21
eth:ethertype:ip:udp:dvb_ipdc:alc:data,20
eth:ethertype:ip:udp:ripng,19
eth:ethertype:ip:udp:kpasswd,18
eth:ethertype:ip:udp:wol,18
eth:ethertype:ip:udp:ncp,17
eth:ethertype:ip:udp:nbdgm,17
eth:ethertype:ip:udp:egd,17
eth:ethertype:ip:udp:dhcpv6,16
eth:ethertype:ip:udp:mpls:ip,16
eth:ethertype:ip:udp:mpls:ip:data,16
eth:ethertype:ip:udp:mip,15
eth:ethertype:ip:udp:vxlan:eth:llc:data,15
eth:ethertype:ip:udp:pn_rt,13
eth:ethertype:ip:udp:ecatf:ioraw,12
eth:ethertype:ip:udp:tzsp:data,12
eth:ethertype:ip:udp:sigcomp,12
eth:ethertype:ip:udp:mpls:pwethheuristic:pwethcw:eth:ethertype:data,12
eth:ethertype:ip:udp:eth,12
eth:ethertype:ip:udp:slimp3,11
eth:ethertype:ip:udp:tsp,11
eth:ethertype:ip:udp:rtpproxy,11
eth:ethertype:ip:udp:sip:data-text-lines:xml,11
eth:ethertype:ip:udp:lwres,10
eth:ethertype:ip:udp:auto_rp,10
eth:ethertype:ip:udp:capwap.data:data,10
eth:ethertype:ip:udp:ieee1722:iec61883,9
eth:ethertype:ip:udp:mpls,9
eth:ethertype:ip:udp:ecatf:tc_nv,9
eth:ethertype:ip:udp:xyplex,9
eth:ethertype:ip:udp:scop,9
eth:ethertype:ip:udp:mpls:pwach:data,9
eth:ethertype:ip:udp:capwap.data:eth:ethertype:data,9
eth:ethertype:ip:udp:ieee1722:cvf:data,9
eth:ethertype:ip:udp:dcp-etsi:dcp-af,8
eth:ethertype:ip:udp:dlep,8
eth:ethertype:ip:udp:find,8
eth:ethertype:ip:udp:ieee1722:aaf,8
eth:ethertype:ip:udp:tapa,7
eth:ethertype:ip:udp:quake,7
eth:ethertype:ip:udp:sabp:sabp:sabp,7
eth:ethertype:ip:udp:lmp,6
eth:ethertype:ip:udp:lwapp,6
eth:ethertype:ip:udp:ipx:data,6
eth:ethertype:ip:udp:tplink-smarthome:json,6
eth:ethertype:ip:udp:acdr,6
eth:ethertype:ip:udp:epl,6
eth:ethertype:ip:udp:pathport,5
eth:ethertype:ip:udp:msmms,5
eth:ethertype:ip:udp:ntp:vssmonitoring,5
eth:ethertype:ip:udp:quake2,5
eth:ethertype:ip:udp:dlsw,5
eth:ethertype:ip:udp:wisun.eapol_relay:eapol,5
eth:ethertype:ip:udp:dcp-etsi:dcp-pft,5
eth:ethertype:ip:udp:ipx,5
eth:ethertype:ip:udp:mpls:ipv6:ipv6.hopopts,5
eth:ethertype:ip:udp:packetbb,5
eth:ethertype:ip:udp:rx:afs,5
eth:ethertype:ip:udp:mpls:pwach,5
eth:ethertype:ip:udp:rdpudp:data,5
eth:ethertype:ip:udp:armagetronad,4
eth:ethertype:ip:udp:cups,4
eth:ethertype:ip:udp:lbtrm,4
eth:ethertype:ip:udp:tpcp,4
eth:ethertype:ip:udp:ieee1722,3
eth:ethertype:ip:udp:icq,3
eth:ethertype:ip:udp:lisp-data:ip,3
eth:ethertype:ip:udp:ecatf,3
eth:ethertype:ip:udp:tipc:data,3
eth:ethertype:ip:udp:rsp,3
eth:ethertype:ip:udp:udpencap,3
eth:ethertype:ip:udp:mint:eth:ethertype:data,3
eth:ethertype:ip:udp:bat.gw,3
eth:ethertype:ip:udp:quakeworld,3
eth:ethertype:ip:udp:a11,3
eth:ethertype:ip:udp:mpls:ipv6,3
eth:ethertype:ip:udp:dvb_ipdc:alc:rmt-lct,3
eth:ethertype:ip:udp:ptp,3
eth:ethertype:ip:udp:gre:wlan,3
eth:ethertype:ip:udp:wccp,2
eth:ethertype:ip:udp:vxlan,2
eth:ethertype:ip:udp:bat.gw:ip,2
eth:ethertype:ip:udp:opensafety_udp,2
eth:ethertype:ip:udp:mdns:vssmonitoring,2
eth:ethertype:ip:udp:adwin,2
eth:ethertype:ip:udp:l2tp:ppp:data,2
eth:ethertype:ip:udp:db-lsp-disc:json:data-text-lines,2
eth:ethertype:ip:udp:jmirror:ipv6,2
eth:ethertype:ip:udp:jmirror:ip:data,2
eth:ethertype:ip:udp:acdr:data,2
eth:ethertype:ip:udp:llc:osi:data,2
eth:ethertype:ip:udp:amt:ip,2
eth:ethertype:ip:udp:mpls:pwethheuristic:pwethnocw:eth:ethertype:data,2
eth:ethertype:ip:udp:megaco,2
eth:ethertype:ip:udp:actrace,2
eth:ethertype:ip:udp:quic:tls:tls,2
eth:ethertype:ip:udp:quic:tls:tls:tls:tls:tls:tls:tls:tls,2
eth:ethertype:ip:udp:mbudp:modbus,1
eth:ethertype:ip:udp:ssdp:vssmonitoring,1
eth:ethertype:ip:udp:sip:sigcomp,1
eth:ethertype:ip:udp:wimaxasncp,1
eth:ethertype:ip:udp:dvb_ipdc:alc:rmt-lct:data,1
eth:ethertype:ip:udp:quic:tls:tls:tls:tls:tls:tls:tls,1
eth:ethertype:ip:udp:quic:tls:tls:tls,1
eth:ethertype:ip:udp:oicq,1
eth:ethertype:ip:udp:mpls:ipv6:ah,1
eth:ethertype:ip:udp:mpls:ipv6:dsr,1
eth:ethertype:ip:udp:mpls:ipv6:lwl4,1
eth:ethertype:ip:udp:hip,1
eth:ethertype:ip:udp:ecatf:ecat_mailbox,1
eth:ethertype:ip:udp:mpls:pwethheuristic:pwethcw:eth:llc:data,1
eth:ethertype:ip:udp:jmirror:ipv6:l2tp:data,1
eth:ethertype:ip:udp:jmirror:ipv6:ipv6.routing,1
eth:ethertype:ip:udp:jmirror:ipv6:vrrp,1
eth:ethertype:ip:udp:jmirror:ipv6:ah,1
eth:ethertype:ip:udp:jmirror:ipv6:vines_frp:vines_ip:data,1
eth:ethertype:ip:udp:jmirror:ipv6:pim,1
eth:ethertype:ip:udp:amt:ip:ipv6:data,1
eth:ethertype:ip:udp:cpfi,1
eth:ethertype:ip:udp:opensafety,1
eth:ethertype:ip:udp:data:f5ethtrailer,1
eth:ethertype:ip:udp:rdpudp:dtls,1
eth:ethertype:ip:udp:h225:data,1
eth:ethertype:ip:udp:h501:h501,1
eth:ethertype:ip:udp:cigi,1
eth:ethertype:ip:udp:ddtp,1
eth:ethertype:ip:udp:ltp:data,1
eth:ethertype:ip:udp:aodv,1
eth:ethertype:ip:udp:olsr,1
eth:ethertype:ip:udp:rdpudp:tls,1
eth:ethertype:ip:udp:mpls:pwethheuristic:pwethcw:eth,1
eth:ethertype:ip:udp:quic:tls:tls:tls:tls:tls:tls,1
