eth:ethertype:ip:udp:data,8825448
eth:ethertype:ip:udp:syslog,5784759
eth:ethertype:ip:udp:dns,3793948
eth:ethertype:ip:udp:stun,2567881
eth:ethertype:ip:udp:snmp,2470254
eth:ethertype:ip:udp:ntp,2106796
eth:ethertype:ip:data,1672569
eth:ethertype:ip:udp:nbns,584774
eth:ethertype:ip:udp:sip,269509
eth:ethertype:ip:udp:coap,242186
eth:ethertype:ip:udp:cflow,140748
eth:ethertype:ip:udp:mdns,106705
eth:ethertype:ip:udp:sip:xml,101163
eth:ethertype:ip:udp,98586
eth:ethertype:ip:udp:ssdp,82727
eth:ethertype:ip:udp:openvpn,78496
eth:ethertype:ip:udp:isakmp,76653
eth:ethertype:ip:udp:rpc,73369
eth:ethertype:ip:udp:portcontrol,64887
eth:ethertype:ip:udp:dtls,57471
eth:ethertype:ip:udp:bvlc:bacnet:bacapp,56707
eth:ethertype:ip:udp:sip:data-text-lines,52627
eth:ethertype:ip:udp:memcache,50510
eth:ethertype:ip:udp:chargen,49400
eth:ethertype:ip:udp:capwap,48538
eth:ethertype:ip:udp:cldap,46374
eth:ethertype:ip:udp:srvloc,45293
eth:ethertype:ip:udp:dhcp,44662
eth:ethertype:ip:udp:gtp,43893
eth:ethertype:ip:udp:rmcp:ipmi_session:data,34890
eth:ethertype:ip:udp:rip,29087
eth:ethertype:ip:udp:l2tp,27560
eth:ethertype:ip:udp:xdmcp,27301
eth:ethertype:ip:udp:udpencap:esp,26442
eth:ethertype:ip:udp:rdpudp,26299
eth:ethertype:ip:udp:quic:tls,24994
eth:ethertype:ip:udp:radius,24888
eth:ethertype:ip:udp:tftp,24451
eth:ethertype:ip:udp:quic,24112
eth:ethertype:ip:udp:gquic,20355
eth:ethertype:ip:udp:quake3,20325
eth:ethertype:ip:udp:kerberos,19450
eth:ethertype:ip:udp:lwapp:data,17107
eth:ethertype:ip:udp:echo,15442
eth:ethertype:ip:udp:classicstun,14617
eth:ethertype:ip:udp:nbdgm:smb:browser,14239
eth:ethertype:ip:udp:enip,12961
eth:ethertype:ip:udp:omron,12807
eth:ethertype:ip:udp:gtp:gtpv2,11423
eth:ethertype:ip:udp:daytime,11045
eth:ethertype:ip:udp:time,10961
eth:ethertype:ip:udp:rpc:data,10415
eth:ethertype:ip:udp:ecatf:ecat,10197
eth:ethertype:ip:udp:steam_ihs_discovery,9648
eth:ethertype:ip:udp:bfd,9514
eth:ethertype:ip:udp:udpencap:isakmp,6941
eth:ethertype:ip:udp:kip,6778
eth:ethertype:ip:udp:rtcp,6343
eth:ethertype:ip:udp:mgcp,5064
eth:ethertype:ip:udp:wlccp,5018
eth:ethertype:ip:udp:hart_ip,5015
eth:ethertype:ip:udp:dcerpc,4942
eth:ethertype:ip:udp:teredo:ipv6:icmpv6,4605
eth:ethertype:ip:udp:teredo:ipv6,4435
eth:ethertype:ip:udp:coap:data,4080
eth:ethertype:ip:udp:rmcp:asf,3417
eth:ethertype:ip:udp:llmnr,2914
eth:ethertype:ip:udp:raknet:raknet,2619
eth:ethertype:ip:udp:rtps,1998
eth:ethertype:ip:udp:mndp,1889
eth:ethertype:ip:udp:iax2,1756
eth:ethertype:ip:udp:wsp,1668
eth:ethertype:ip:udp:wisun.eapol_relay:eapol:data,1486
eth:ethertype:ip:udp:h225,1362
eth:ethertype:ip:udp:gtpprime,1195
eth:ethertype:ip:udp:dcc,1104
eth:ethertype:ip:udp:cipio,1101
eth:ethertype:ip:udp:dis,1070
eth:ethertype:ip:udp:llc:data,889
eth:ethertype:ip:udp:hiqnet,873
eth:ethertype:ip:udp:rx,789
eth:ethertype:ip:udp:radius:eap,723
eth:ethertype:ip:udp:ssdp:data,722
eth:ethertype:ip:udp:quake3:data,682
eth:ethertype:ip:udp:corosync_totemnet:data,633
eth:ethertype:ip:udp:pn_rt:pn_ptcp,520
eth:ethertype:ip:udp:elasticsearch,449
eth:ethertype:ip:udp:tetra,378
eth:ethertype:ip:udp:scop:data,369
eth:ethertype:ip:udp:rsvp,354
eth:ethertype:ip:udp:geneve:data,349
eth:ethertype:ip:udp:ecmp,346
eth:ethertype:ip:udp:tzsp,335
eth:ethertype:ip:udp:kink,333
eth:ethertype:ip:udp:dof,326
eth:ethertype:ip:udp:mikey,313
eth:ethertype:ip:udp:ath,291
eth:ethertype:ip:udp:cnip,274
eth:ethertype:ip:udp:nano,273
eth:ethertype:ip:udp:sabp:sabp,270
eth:ethertype:ip:udp:h501,244
eth:ethertype:ip:udp:iax2:data,238
eth:ethertype:ip:udp:dvb_ipdc:data,228
eth:ethertype:ip:udp:kdp,222
eth:ethertype:ip:udp:stun:data,218
eth:ethertype:ip:udp:papi,216
eth:ethertype:ip:udp:knet,210
eth:ethertype:ip:udp:enrp,210
eth:ethertype:ip:udp:bjnp,207
eth:ethertype:ip:udp:raknet:raknet:raknet,200
eth:ethertype:ip:udp:c1222,199
eth:ethertype:ip:udp:wtls,196
eth:ethertype:ip:udp:raknet,193
eth:ethertype:ip:udp:rdt,192
eth:ethertype:ip:udp:quakeworld:data,191
eth:ethertype:ip:udp:mint,185
eth:ethertype:ip:udp:wg,184
eth:ethertype:ip:udp:ieee1722:data,184
eth:ethertype:ip:udp:mipv6,178
eth:ethertype:ip:udp:sbus,173
eth:ethertype:ip:udp:manolito,170
eth:ethertype:ip:udp:db-lsp-disc,169
eth:ethertype:ip:udp:adp,163
eth:ethertype:ip:udp:hcrt,153
eth:ethertype:ip:udp:sctp,153
eth:ethertype:ip:udp:tacacs,152
eth:ethertype:ip:udp:doip,150
eth:ethertype:ip:udp:gprs-ns,143
eth:ethertype:ip:udp:lisp-data,139
eth:ethertype:ip:udp:ipvs,134
eth:ethertype:ip:udp:sip:data-text-lines:xml,132
eth:ethertype:ip:udp:ulp,129
eth:ethertype:ip:udp:msproxy,125
eth:ethertype:ip:udp:asterix,123
eth:ethertype:ip:udp:uaudp,120
eth:ethertype:ip:udp:infiniband:data,120
eth:ethertype:ip:udp:pktc,112
eth:ethertype:ip:udp:idn,110
eth:ethertype:ip:udp:geneve,109
eth:ethertype:ip:udp:dlep,105
eth:ethertype:ip:udp:gsmtap:data,101
eth:ethertype:ip:udp:a21,97
eth:ethertype:ip:udp:ax4000,96
eth:ethertype:ip:udp:nxp_802154_sniffer:wpan,95
eth:ethertype:ip:udp:tipc,94
eth:ethertype:ip:udp:sabp,93
eth:ethertype:ip:udp:bat.gw:data,91
eth:ethertype:ip:udp:vrt,89
eth:ethertype:ip:udp:wtp,89
eth:ethertype:ip:udp:opensafety:data,87
eth:ethertype:ip:udp:rsip,84
eth:ethertype:ip:udp:ts2,84
eth:ethertype:ip:udp:dpnet,84
eth:ethertype:ip:udp:capwap.data,83
eth:ethertype:ip:udp:bat:data,82
eth:ethertype:ip:udp:iapp,82
eth:ethertype:ip:udp:pfcp,79
eth:ethertype:ip:udp:collectd,79
eth:ethertype:ip:udp:ayiya,79
eth:ethertype:ip:udp:teredo:data,79
eth:ethertype:ip:udp:sap,77
eth:ethertype:ip:udp:h248,76
eth:ethertype:ip:udp:bfd_echo,72
eth:ethertype:ip:udp:icp,71
eth:ethertype:ip:udp:bat.vis:data,71
eth:ethertype:ip:udp:pktc.mtafqdn,69
eth:ethertype:ip:udp:egd:data,67
eth:ethertype:ip:udp:ecatf:data,66
eth:ethertype:ip:udp:ajns,66
eth:ethertype:ip:udp:wol,66
eth:ethertype:ip:udp:amt,64
eth:ethertype:ip:udp:capwap.data:dtls,63
eth:ethertype:ip:udp:megaco:data,62
eth:ethertype:ip:udp:pn_rt:pn_io,61
eth:ethertype:ip:udp:lwapp:wlan,61
eth:ethertype:ip:udp:asap,60
eth:ethertype:ip:udp:capwap:dtls,59
eth:ethertype:ip:udp:quake:data,58
eth:ethertype:ip:udp:mpls-echo,56
eth:ethertype:ip:udp:mih,54
eth:ethertype:ip:udp:vuze-dht,53
eth:ethertype:ip:udp:infiniband,53
eth:ethertype:ip:udp:lisp:data,52
eth:ethertype:ip:udp:vxlan:eth:ethertype:data,48
eth:ethertype:ip:udp:goose:cotp,46
eth:ethertype:ip:udp:wisun.eapol_relay:eapol,43
eth:ethertype:ip:udp:tplink-smarthome:json:data-text-lines,42
eth:ethertype:ip:udp:gre:data,41
eth:ethertype:ip:udp:opensafety_udp:data,40
eth:ethertype:ip:udp:dmp,40
eth:ethertype:ip:udp:lisp,39
eth:ethertype:ip:udp:gsmtap,38
eth:ethertype:ip:udp:eth:ethertype:data,36
eth:ethertype:ip:udp:quake2:data,36
eth:ethertype:ip:udp:ltp,35
eth:ethertype:ip:udp:nxp_802154_sniffer,35
eth:ethertype:ip:udp:mpls:data,30
eth:ethertype:ip:udp:lwapp:wlan:data,27
eth:ethertype:ip:udp:gre,27
eth:ethertype:ip:udp:egd,24
eth:ethertype:ip:udp:cnip:data,23
eth:ethertype:ip:udp:lisp-data:ipv6:data,23
eth:ethertype:ip:udp:thrift,22
eth:ethertype:ip:udp:ardp,21
eth:ethertype:ip:udp:capwap.data:eth:ethertype:data,19
eth:ethertype:ip:udp:lisp-data:ip:data,19
eth:ethertype:ip:udp:mpls:pwethheuristic:pwethcw:eth:ethertype:data,18
eth:ethertype:ip:udp:eth,18
eth:ethertype:ip:udp:sip:sdp,16
eth:ethertype:ip:udp:mip,15
eth:ethertype:ip:udp:mpls:ipv6:data,15
eth:ethertype:ip:udp:ieee1722:aaf,15
eth:ethertype:ip:udp:wtp:wsp,14
eth:ethertype:ip:udp:llc,14
eth:ethertype:ip:udp:dhcpv6,13
eth:ethertype:ip:udp:dcp-etsi:dcp-pft,13
eth:ethertype:ip:udp:pn_rt,13
eth:ethertype:ip:udp:eth:llc:data,13
eth:ethertype:ip:udp:ecatf:ioraw,12
eth:ethertype:ip:udp:vxlan:eth,12
eth:ethertype:ip:udp:l2tp:data,12
eth:ethertype:ip:udp:dcp-etsi:dcp-af,11
eth:ethertype:ip:udp:lmp,10
eth:ethertype:ip:udp:kpasswd,10
eth:ethertype:ip:udp:ieee1722:iec61883,10
eth:ethertype:ip:udp:nxp_802154_sniffer:wpan:data,10
eth:ethertype:ip:udp:quake,10
eth:ethertype:ip:udp:ieee1722:cvf:data,10
eth:ethertype:ip:udp:rx:afs,10
eth:ethertype:ip:udp:ecatf:ecat_mailbox,10
eth:ethertype:ip:udp:lisp-data:ip,10
eth:ethertype:ip:udp:quake2,9
eth:ethertype:ip:udp:gprs-ns:bssgp,9
eth:ethertype:ip:udp:wisun.eapol_relay,9
eth:ethertype:ip:udp:nbdgm,9
eth:ethertype:ip:udp:dlsw,9
eth:ethertype:ip:udp:ripng,9
eth:ethertype:ip:udp:rtpproxy,9
eth:ethertype:ip:udp:ecatf:tc_nv,8
eth:ethertype:ip:udp:pathport,8
eth:ethertype:ip:udp:slimp3,8
eth:ethertype:ip:udp:rsp,8
eth:ethertype:ip:udp:xyplex,8
eth:ethertype:ip:udp:lwapp,7
eth:ethertype:ip:udp:lwres,7
eth:ethertype:ip:udp:mpls:ip,7
eth:ethertype:ip:udp:msmms,7
eth:ethertype:ip:udp:who,7
eth:ethertype:ip:udp:ipx:data,7
eth:ethertype:ip:udp:snmp:snmp,7
eth:ethertype:ip:udp:ncp,6
eth:ethertype:ip:udp:sip:sigcomp,6
eth:ethertype:ip:udp:find,6
eth:ethertype:ip:udp:auto_rp,6
eth:ethertype:ip:udp:quakeworld,6
eth:ethertype:ip:udp:data:vssmonitoring,6
eth:ethertype:ip:udp:scop,6
eth:ethertype:ip:udp:mpls,6
eth:ethertype:ip:udp:lisp-data:ipv6,5
eth:ethertype:ip:udp:dvb_ipdc:alc:data,5
eth:ethertype:ip:udp:sigcomp,5
eth:ethertype:ip:udp:ipx,5
eth:ethertype:ip:udp:acdr,4
eth:ethertype:ip:udp:lbtrm,4
eth:ethertype:ip:udp:tsp,4
eth:ethertype:ip:udp:tapa,4
eth:ethertype:ip:udp:sap:sdp,4
eth:ethertype:ip:udp:packetbb,4
eth:ethertype:ip:udp:ecatf,4
eth:ethertype:ip:udp:mpls:ipv6,4
eth:ethertype:ip:udp:jmirror:ipv6,4
eth:ethertype:ip:udp:armagetronad,4
eth:ethertype:ip:udp:oicq,3
eth:ethertype:ip:udp:tzsp:data,3
eth:ethertype:ip:udp:tpcp,3
eth:ethertype:ip:udp:capwap.data:data,3
eth:ethertype:ip:udp:teredo,3
eth:ethertype:ip:udp:dvb_ipdc:alc:rmt-lct,3
eth:ethertype:ip:udp:udpencap,3
eth:ethertype:ip:udp:ptp,3
eth:ethertype:ip:udp:cnip:lon,2
eth:ethertype:ip:udp:mdns:vssmonitoring,2
eth:ethertype:ip:udp:goose:cotp:goose,2
eth:ethertype:ip:udp:actrace,2
eth:ethertype:ip:udp:ecatf:ams,2
eth:ethertype:ip:udp:ieee1722,2
eth:ethertype:ip:udp:ddtp,2
eth:ethertype:ip:udp:rdpudp:dtls,2
eth:ethertype:ip:udp:llc:osi:data,2
eth:ethertype:ip:udp:aodv,2
eth:ethertype:ip:udp:bat.vis,2
eth:ethertype:ip:udp:amt:ip,2
eth:ethertype:ip:udp:mint:eth:ethertype:data,2
eth:ethertype:ip:udp:a11,2
eth:ethertype:ip:udp:caneth:data:data,2
eth:ethertype:ip:udp:ltp:data,2
eth:ethertype:ip:udp:cups,2
eth:ethertype:ip:udp:lisp-data:ipv6:ospf,2
eth:ethertype:ip:udp:lisp-data:ipv6:ipcomp:data,2
eth:ethertype:ip:udp:lisp-data:ipv6:lwl4,2
eth:ethertype:ip:udp:icq,2
eth:ethertype:ip:udp:olsr,1
eth:ethertype:ip:udp:cpfi,1
eth:ethertype:ip:udp:mp2t,1
eth:ethertype:ip:udp:ieee1722:ieee17221,1
eth:ethertype:ip:udp:mpls:pwethheuristic:pwethnocw:eth:ethertype:data,1
eth:ethertype:ip:udp:rsp:data,1
eth:ethertype:ip:udp:tipc:data,1
eth:ethertype:ip:udp:acdr:data,1
eth:ethertype:ip:udp:capwap.data:eth,1
eth:ethertype:ip:udp:adwin,1
eth:ethertype:ip:udp:capwap.data:eth:llc:data,1
eth:ethertype:ip:udp:ntp:vssmonitoring,1
eth:ethertype:ip:udp:bat.gw,1
eth:ethertype:ip:udp:mpls:pwach:data,1
eth:ethertype:ip:udp:bat.gw:ip,1
eth:ethertype:ip:udp:lisp-data:ipv6:swipe,1
eth:ethertype:ip:udp:vssmonitoring,1
eth:ethertype:ip:udp:llc:sna:data,1
eth:ethertype:ip:udp:megaco,1
eth:ethertype:ip:udp:sabp:sabp:sabp,1
eth:ethertype:ip:udp:hip,1
eth:ethertype:ip:udp:rdpudp:tls,1
eth:ethertype:ip:udp:jmirror:ipv6:data,1
eth:ethertype:ip:udp:tzsp:eth:ethertype:data,1
eth:ethertype:ip:udp:lisp-data:ipv6:vines_frp:vines_ip:data,1
eth:ethertype:ip:udp:lisp-data:ipv6:nhrp,1
eth:ethertype:ip:udp:lisp-data:ipv6:esp,1
eth:ethertype:ip:udp:dtls:x509sat:x509sat:x509sat:x509sat,1
eth:ethertype:ip:udp:wimaxasncp,1
eth:ethertype:ip:udp:mpls:pwethheuristic:pwethcw:eth,1
eth:ethertype:ip:udp:wccp,1
eth:ethertype:ip:udp:udpencap:data,1
eth:ethertype:ip:udp:vxlan,1
