eth:ethertype:ip:udp:stun,8090001
eth:ethertype:ip:udp:data,6508161
eth:ethertype:ip:udp:syslog,5360774
eth:ethertype:ip:udp:dns,3075484
eth:ethertype:ip:udp:snmp,2358496
eth:ethertype:ip:udp:ntp,2091302
eth:ethertype:ip:data,1171839
eth:ethertype:ip:udp:nbns,491058
eth:ethertype:ip:udp:sip,453080
eth:ethertype:ip:udp:coap,218807
eth:ethertype:ip:udp:cflow,152317
eth:ethertype:ip:udp:sip:xml,101048
eth:ethertype:ip:udp:mdns,98319
eth:ethertype:ip:udp:cldap,78138
eth:ethertype:ip:udp:rpc,76573
eth:ethertype:ip:udp:ssdp,76452
eth:ethertype:ip:udp,68976
eth:ethertype:ip:udp:memcache,65888
eth:ethertype:ip:udp:openvpn,61302
eth:ethertype:ip:udp:dtls,58250
eth:ethertype:ip:udp:sip:data-text-lines,52841
eth:ethertype:ip:udp:isakmp,52016
eth:ethertype:ip:udp:capwap,47171
eth:ethertype:ip:udp:bvlc:bacnet:bacapp,46599
eth:ethertype:ip:udp:gtp,42021
eth:ethertype:ip:udp:portcontrol,37643
eth:ethertype:ip:udp:l2tp,37426
eth:ethertype:ip:udp:srvloc,35158
eth:ethertype:ip:udp:dhcp,34904
eth:ethertype:ip:udp:quake3,30830
eth:ethertype:ip:udp:quic:tls,29405
eth:ethertype:ip:udp:chargen,25374
eth:ethertype:ip:udp:udpencap:esp,25216
eth:ethertype:ip:udp:rip,21548
eth:ethertype:ip:udp:kerberos,20745
eth:ethertype:ip:udp:tftp,20502
eth:ethertype:ip:udp:gquic,20382
eth:ethertype:ip:udp:xdmcp,19081
eth:ethertype:ip:udp:rdpudp,17565
eth:ethertype:ip:udp:lwapp:data,17263
eth:ethertype:ip:udp:hart_ip,15503
eth:ethertype:ip:udp:rmcp:ipmi_session:data,13354
eth:ethertype:ip:udp:enip,13089
eth:ethertype:ip:udp:radius,12618
eth:ethertype:ip:udp:omron,12589
eth:ethertype:ip:udp:classicstun,12381
eth:ethertype:ip:udp:echo,12211
eth:ethertype:ip:udp:nbdgm:smb:browser,11736
eth:ethertype:ip:udp:gtp:gtpv2,11380
eth:ethertype:ip:udp:time,10471
eth:ethertype:ip:udp:daytime,10427
eth:ethertype:ip:udp:ecatf:ecat,10222
eth:ethertype:ip:udp:bfd,9149
eth:ethertype:ip:udp:udpencap:isakmp,8464
eth:ethertype:ip:udp:steam_ihs_discovery,8202
eth:ethertype:ip:udp:kip,6396
eth:ethertype:ip:udp:nano,5113
eth:ethertype:ip:udp:mgcp,4504
eth:ethertype:ip:udp:teredo:ipv6,4381
eth:ethertype:ip:udp:quic,4291
eth:ethertype:ip:udp:coap:data,3880
eth:ethertype:ip:udp:iax2,3739
eth:ethertype:ip:udp:rmcp:asf,3439
eth:ethertype:ip:udp:rtcp,2858
eth:ethertype:ip:udp:rtps,2195
eth:ethertype:ip:udp:wsp,1601
eth:ethertype:ip:udp:wtp,1506
eth:ethertype:ip:udp:llmnr,1340
eth:ethertype:ip:udp:cipio,1226
eth:ethertype:ip:udp:raknet:raknet,1219
eth:ethertype:ip:udp:dis,1215
eth:ethertype:ip:udp:gtpprime,1107
eth:ethertype:ip:udp:quake3:data,1095
eth:ethertype:ip:udp:llc:data,1086
eth:ethertype:ip:udp:asterix,983
eth:ethertype:ip:udp:mih,835
eth:ethertype:ip:udp:ssdp:data,802
eth:ethertype:ip:udp:rsip,720
eth:ethertype:ip:udp:radius:eap,663
eth:ethertype:ip:udp:h501,450
eth:ethertype:ip:udp:corosync_totemnet:data,434
eth:ethertype:ip:udp:wisun.eapol_relay:eapol:data,430
eth:ethertype:ip:udp:nxp_802154_sniffer:wpan,421
eth:ethertype:ip:udp:sbus,411
eth:ethertype:ip:udp:ecatf:data,381
eth:ethertype:ip:udp:wg,358
eth:ethertype:ip:udp:tipc,353
eth:ethertype:ip:udp:lwapp:wlan,348
eth:ethertype:ip:udp:h225,343
eth:ethertype:ip:udp:icp,328
eth:ethertype:ip:udp:infiniband:data,324
eth:ethertype:ip:udp:tzsp,320
eth:ethertype:ip:udp:lisp:data,317
eth:ethertype:ip:udp:pn_rt:pn_ptcp,310
eth:ethertype:ip:udp:manolito,305
eth:ethertype:ip:udp:kink,300
eth:ethertype:ip:udp:mikey,299
eth:ethertype:ip:udp:h248,293
eth:ethertype:ip:udp:ax4000,288
eth:ethertype:ip:udp:wtls,271
eth:ethertype:ip:udp:vuze-dht,253
eth:ethertype:ip:udp:uaudp,248
eth:ethertype:ip:udp:collectd,228
eth:ethertype:ip:udp:gsmtap:data,227
eth:ethertype:ip:udp:idn,225
eth:ethertype:ip:udp:ath,223
eth:ethertype:ip:udp:amt,220
eth:ethertype:ip:udp:udt,213
eth:ethertype:ip:udp:bat.vis:data,211
eth:ethertype:ip:udp:ayiya,210
eth:ethertype:ip:udp:ulp,206
eth:ethertype:ip:udp:sap,203
eth:ethertype:ip:udp:scop:data,197
eth:ethertype:ip:udp:capwap.data,191
eth:ethertype:ip:udp:dvb_ipdc:data,187
eth:ethertype:ip:udp:llc,187
eth:ethertype:ip:udp:enrp,175
eth:ethertype:ip:udp:quakeworld:data,173
eth:ethertype:ip:udp:papi,172
eth:ethertype:ip:udp:dmp,171
eth:ethertype:ip:udp:bat.gw:data,168
eth:ethertype:ip:udp:opensafety:data,165
eth:ethertype:ip:udp:pktc.mtafqdn,162
eth:ethertype:ip:udp:iax2:data,155
eth:ethertype:ip:udp:ardp,154
eth:ethertype:ip:udp:sap:sdp,153
eth:ethertype:ip:udp:adp,152
eth:ethertype:ip:udp:elasticsearch,148
eth:ethertype:ip:udp:knet,145
eth:ethertype:ip:udp:mint,141
eth:ethertype:ip:udp:wlccp,135
eth:ethertype:ip:udp:tetra,135
eth:ethertype:ip:udp:ajns,132
eth:ethertype:ip:udp:lisp-data,128
eth:ethertype:ip:udp:gprs-ns,123
eth:ethertype:ip:udp:quake2:data,123
eth:ethertype:ip:udp:iapp,123
eth:ethertype:ip:udp:sabp:sabp,123
eth:ethertype:ip:udp:bjnp,122
eth:ethertype:ip:udp:msproxy,118
eth:ethertype:ip:udp:c1222,116
eth:ethertype:ip:udp:sctp,109
eth:ethertype:ip:udp:megaco:data,108
eth:ethertype:ip:udp:cnip,108
eth:ethertype:ip:udp:tacacs,104
eth:ethertype:ip:udp:mpls:data,102
eth:ethertype:ip:udp:raknet,94
eth:ethertype:ip:udp:vrt,86
eth:ethertype:ip:udp:ecmp,86
eth:ethertype:ip:udp:hiqnet,86
eth:ethertype:ip:udp:dof,84
eth:ethertype:ip:udp:tplink-smarthome:json:data-text-lines,82
eth:ethertype:ip:udp:vxlan:eth:ethertype:data,81
eth:ethertype:ip:udp:vxlan:eth:llc:data,79
eth:ethertype:ip:udp:pktc,77
eth:ethertype:ip:udp:db-lsp-disc,76
eth:ethertype:ip:udp:doip,74
eth:ethertype:ip:udp:hcrt,64
eth:ethertype:ip:udp:gsmtap,63
eth:ethertype:ip:udp:egd:data,62
eth:ethertype:ip:udp:ieee1722:data,62
eth:ethertype:ip:udp:bat:data,62
eth:ethertype:ip:udp:kdp,62
eth:ethertype:ip:udp:dpnet,61
eth:ethertype:ip:udp:rdt,53
eth:ethertype:ip:udp:quake:data,52
eth:ethertype:ip:udp:cnip:data,52
eth:ethertype:ip:udp:a21,52
eth:ethertype:ip:udp:pn_rt:pn_io,49
eth:ethertype:ip:udp:ipvs,49
eth:ethertype:ip:udp:pfcp,47
eth:ethertype:ip:udp:ts2,47
eth:ethertype:ip:udp:teredo:data,46
eth:ethertype:ip:udp:eth:ethertype:data,45
eth:ethertype:ip:udp:mipv6,42
eth:ethertype:ip:udp:opensafety_udp:data,39
eth:ethertype:ip:udp:gre,37
eth:ethertype:ip:udp:geneve,36
eth:ethertype:ip:udp:bfd_echo,34
eth:ethertype:ip:udp:infiniband,33
eth:ethertype:ip:udp:gre:data,31
eth:ethertype:ip:udp:nxp_802154_sniffer,31
eth:ethertype:ip:udp:wisun.eapol_relay:eapol,31
eth:ethertype:ip:udp:rx,31
eth:ethertype:ip:udp:ltp,31
eth:ethertype:ip:udp:asap,30
eth:ethertype:ip:udp:dcc,30
eth:ethertype:ip:udp:lisp-data:ipv6:data,29
eth:ethertype:ip:udp:capwap:dtls,28
eth:ethertype:ip:udp:lisp-data:ip:data,28
eth:ethertype:ip:udp:geneve:data,26
eth:ethertype:ip:udp:dhcpv6,26
eth:ethertype:ip:udp:rsvp,26
eth:ethertype:ip:udp:jmirror:ipv6:data,26
eth:ethertype:ip:udp:sabp,25
eth:ethertype:ip:udp:egd,25
eth:ethertype:ip:udp:ecatf:ioraw,24
eth:ethertype:ip:udp:lisp,23
eth:ethertype:ip:udp:rtpproxy,23
eth:ethertype:ip:udp:thrift,23
eth:ethertype:ip:udp:mpls:ip:data,22
eth:ethertype:ip:udp:lwapp:wlan:data,21
eth:ethertype:ip:udp:pn_rt,21
eth:ethertype:ip:udp:stun:data,20
eth:ethertype:ip:udp:mpls:pwethheuristic:pwethcw:eth:ethertype:data,20
eth:ethertype:ip:udp:goose:cotp,19
eth:ethertype:ip:udp:who,16
eth:ethertype:ip:udp:mpls:ipv6:data,15
eth:ethertype:ip:udp:vxlan:eth,15
eth:ethertype:ip:udp:ecatf:tc_nv,14
eth:ethertype:ip:udp:eth,13
eth:ethertype:ip:udp:l2tp:data,13
eth:ethertype:ip:udp:raknet:raknet:raknet,12
eth:ethertype:ip:udp:lwres,11
eth:ethertype:ip:udp:find,10
eth:ethertype:ip:udp:ripng,10
eth:ethertype:ip:udp:rsp,10
eth:ethertype:ip:udp:dlsw,10
eth:ethertype:ip:udp:ncp,10
eth:ethertype:ip:udp:data:vssmonitoring,10
eth:ethertype:ip:udp:quakeworld,9
eth:ethertype:ip:udp:tzsp:data,9
eth:ethertype:ip:udp:scop,9
eth:ethertype:ip:udp:msmms,9
eth:ethertype:ip:udp:wisun.eapol_relay,9
eth:ethertype:ip:udp:wtp:wsp,9
eth:ethertype:ip:udp:lisp-data:ip,9
eth:ethertype:ip:udp:auto_rp,8
eth:ethertype:ip:udp:lmp,8
eth:ethertype:ip:udp:ecatf:ams,8
eth:ethertype:ip:udp:dcp-etsi:dcp-pft,8
eth:ethertype:ip:udp:tsp,7
eth:ethertype:ip:udp:pathport,7
eth:ethertype:ip:udp:dlep,7
eth:ethertype:ip:udp:kpasswd,7
eth:ethertype:ip:udp:acdr,7
eth:ethertype:ip:udp:nxp_802154_sniffer:wpan:data,7
eth:ethertype:ip:udp:mip,7
eth:ethertype:ip:udp:mpls:ipv6:ipv6.hopopts,7
eth:ethertype:ip:udp:xyplex,6
eth:ethertype:ip:udp:mndp,6
eth:ethertype:ip:udp:quake,6
eth:ethertype:ip:udp:slimp3,6
eth:ethertype:ip:udp:jmirror:ip:data,6
eth:ethertype:ip:udp:mpls,6
eth:ethertype:ip:udp:quake2,5
eth:ethertype:ip:udp:packetbb,5
eth:ethertype:ip:udp:ieee1722:iec61883,5
eth:ethertype:ip:udp:cups,5
eth:ethertype:ip:udp:capwap.data:dtls,5
eth:ethertype:ip:udp:lbtrm,5
eth:ethertype:ip:udp:cigi,5
eth:ethertype:ip:udp:dvb_ipdc:alc:rmt-lct,5
eth:ethertype:ip:udp:tpcp,4
eth:ethertype:ip:udp:olsr,4
eth:ethertype:ip:udp:capwap.data:eth:ethertype:data,4
eth:ethertype:ip:udp:megaco,4
eth:ethertype:ip:udp:ecatf,4
eth:ethertype:ip:udp:dcp-etsi:dcp-af,4
eth:ethertype:ip:udp:h225:data,4
eth:ethertype:ip:udp:mpls:ip,4
eth:ethertype:ip:udp:llc:osi:data,3
eth:ethertype:ip:udp:tapa,3
eth:ethertype:ip:udp:aodv,3
eth:ethertype:ip:udp:llc:sna:data,3
eth:ethertype:ip:udp:l2tp:ppp:data,3
eth:ethertype:ip:udp:teredo,3
eth:ethertype:ip:udp:adwin,3
eth:ethertype:ip:udp:ipx,3
eth:ethertype:ip:udp:ddtp,3
eth:ethertype:ip:udp:ecatf:ecat_mailbox,3
eth:ethertype:ip:udp:nbdgm,3
eth:ethertype:ip:udp:rx:afs,3
eth:ethertype:ip:udp:sigcomp,3
eth:ethertype:ip:udp:eth:llc,2
eth:ethertype:ip:udp:cpfi,2
eth:ethertype:ip:udp:armagetronad,2
eth:ethertype:ip:udp:gprs-ns:bssgp,2
eth:ethertype:ip:udp:cnip:lon,2
eth:ethertype:ip:udp:amt:ip,2
eth:ethertype:ip:udp:bat.gw:ip,2
eth:ethertype:ip:udp:lisp-data:ipv6:dsr,2
eth:ethertype:ip:udp:bat.vis,2
eth:ethertype:ip:udp:mpls:pwethheuristic:pwethcw:eth:llc:data,2
eth:ethertype:ip:udp:lwapp,2
eth:ethertype:ip:udp:mint:eth:ethertype:data,2
eth:ethertype:ip:udp:mpls:pwethheuristic:pwethnocw:eth:ethertype:data,2
eth:ethertype:ip:udp:ayiya:dsr:ipv6.hopopts:ipv6.hopopts,2
eth:ethertype:ip:udp:jmirror:ipv6:dsr,2
eth:ethertype:ip:udp:rdpudp:tls,2
eth:ethertype:ip:udp:bat.gw,2
eth:ethertype:ip:udp:epl,2
eth:ethertype:ip:udp:dvb_ipdc:alc:rmt-lct:data,2
eth:ethertype:ip:udp:vxlan,2
eth:ethertype:ip:udp:teredo:ipv6:icmpv6,2
eth:ethertype:ip:udp:tzsp:tr,1
eth:ethertype:ip:udp:capwap.data:data,1
eth:ethertype:ip:udp:infiniband:rpcordma,1
eth:ethertype:ip:udp:actrace,1
eth:ethertype:ip:udp:udpencap,1
eth:ethertype:ip:udp:mactelnet:data,1
eth:ethertype:ip:udp:sip:sigcomp,1
eth:ethertype:ip:udp:ptp,1
eth:ethertype:ip:udp:lisp-data:ipv6:vines_frp:vines_ip:data,1
eth:ethertype:ip:udp:lisp-data:ipv6:ah:data,1
eth:ethertype:ip:udp:lisp-data:ipv6:esp,1
eth:ethertype:ip:udp:lisp-data:ipv6:eigrp,1
eth:ethertype:ip:udp:lisp-data:ipv6:ipv6.routing,1
eth:ethertype:ip:udp:lisp-data:ipv6:nhrp,1
eth:ethertype:ip:udp:lisp-data:ipv6:swipe:data,1
eth:ethertype:ip:udp:edonkey,1
eth:ethertype:ip:udp:snmp:data,1
eth:ethertype:ip:udp:jmirror:ipv6:ipv6.routing,1
eth:ethertype:ip:udp:jmirror:ipv6:vrrp,1
eth:ethertype:ip:udp:jmirror:ipv6:ah,1
eth:ethertype:ip:udp:jmirror:ipv6:ospf,1
eth:ethertype:ip:udp:jmirror:ipv6:osi:data,1
eth:ethertype:ip:udp:jmirror:ipv6:vines_frp:vines_ip:data,1
eth:ethertype:ip:udp:jmirror:ipv6:gre:data,1
eth:ethertype:ip:udp:jmirror:ipv6:ipcomp:data,1
eth:ethertype:ip:udp:mpls:ipv6:l2tp:data,1
eth:ethertype:ip:udp:mpls:ipv6:vines_frp:vines_ip:data,1
eth:ethertype:ip:udp:mpls:ipv6:eigrp,1
eth:ethertype:ip:udp:mpls:ipv6:etherip:eth:ethertype:data,1
eth:ethertype:ip:udp:mpls:ipv6:dsr,1
eth:ethertype:ip:udp:mpls:ipv6:swipe:ipv6,1
eth:ethertype:ip:udp:mpls:ipv6:ipcomp:data,1
eth:ethertype:ip:udp:hip,1
eth:ethertype:ip:udp:lisp-data:ipv6,1
eth:ethertype:ip:udp:mpls:ipv6,1
eth:ethertype:ip:udp:sabp:sabp:sabp,1
eth:ethertype:ip:udp:ieee1722:aaf,1
eth:ethertype:ip:udp:mpls:pwethheuristic:pwethcw:eth,1
eth:ethertype:ip:udp:ipx:data,1
eth:ethertype:ip:udp:jmirror:ipv6,1
eth:ethertype:ip:udp:vssmonitoring,1
eth:ethertype:ip:udp:ip,1
eth:ethertype:ip:udp:mpls:pwach,1
eth:ethertype:ip:udp:mpls:pwach:data,1
eth:ethertype:ip:udp:db-lsp-disc:json:data-text-lines,1
eth:ethertype:ip:udp:rsp:asf:data,1
eth:ethertype:ip:udp:mdns:vssmonitoring,1
eth:ethertype:ip:udp:teredo:ipv6:data,1
