eth:ethertype:ip:udp:stun,9448970
eth:ethertype:ip:udp:data,8200655
eth:ethertype:ip:udp:syslog,3984775
eth:ethertype:ip:udp:dns,3936854
eth:ethertype:ip:udp:snmp,2395247
eth:ethertype:ip:udp:ntp,2018280
eth:ethertype:ip:udp:nbns,829209
eth:ethertype:ip:data,668764
eth:ethertype:ip:udp:sip,298930
eth:ethertype:ip:udp:coap,230301
eth:ethertype:ip:udp:cflow,152044
eth:ethertype:ip:udp:cldap,123009
eth:ethertype:ip:udp:rpc,109606
eth:ethertype:ip:udp:mdns,105834
eth:ethertype:ip:udp:ssdp,104486
eth:ethertype:ip:udp:sip:xml,101769
eth:ethertype:ip:udp,82735
eth:ethertype:ip:udp:openvpn,80435
eth:ethertype:ip:udp:portcontrol,69688
eth:ethertype:ip:udp:dtls,64423
eth:ethertype:ip:udp:bvlc:bacnet:bacapp,56014
eth:ethertype:ip:udp:memcache,55756
eth:ethertype:ip:udp:isakmp,54340
eth:ethertype:ip:udp:sip:data-text-lines,52760
eth:ethertype:ip:udp:srvloc,48106
eth:ethertype:ip:udp:gtp,46266
eth:ethertype:ip:udp:capwap,44097
eth:ethertype:ip:udp:dhcp,41749
eth:ethertype:ip:udp:udpencap:esp,37538
eth:ethertype:ip:udp:quic:tls,36881
eth:ethertype:ip:udp:radius,35539
eth:ethertype:ip:udp:l2tp,34893
eth:ethertype:ip:udp:rdpudp,32414
eth:ethertype:ip:udp:xdmcp,31310
eth:ethertype:ip:udp:rip,27349
eth:ethertype:ip:udp:rmcp:ipmi_session:data,25561
eth:ethertype:ip:udp:chargen,23562
eth:ethertype:ip:udp:kerberos,23327
eth:ethertype:ip:udp:hart_ip,20806
eth:ethertype:ip:udp:gquic,20425
eth:ethertype:ip:udp:kip,17585
eth:ethertype:ip:udp:lwapp:data,17246
eth:ethertype:ip:udp:classicstun,16768
eth:ethertype:ip:udp:echo,15067
eth:ethertype:ip:udp:enip,14421
eth:ethertype:ip:udp:nbdgm:smb:browser,13880
eth:ethertype:ip:udp:tftp,13710
eth:ethertype:ip:udp:bfd,12722
eth:ethertype:ip:udp:omron,12568
eth:ethertype:ip:udp:rx,12429
eth:ethertype:ip:udp:daytime,11437
eth:ethertype:ip:udp:time,11434
eth:ethertype:ip:udp:gtp:gtpv2,11397
eth:ethertype:ip:udp:steam_ihs_discovery,11302
eth:ethertype:ip:udp:quake3,10479
eth:ethertype:ip:udp:ecatf:ecat,10200
eth:ethertype:ip:udp:coap:cbor,7592
eth:ethertype:ip:udp:mgcp,5738
eth:ethertype:ip:udp:rtcp,5553
eth:ethertype:ip:udp:quic,4553
eth:ethertype:ip:udp:wlccp,3836
eth:ethertype:ip:udp:teredo:ipv6,3745
eth:ethertype:ip:udp:raknet:raknet,3742
eth:ethertype:ip:udp:coap:data,3730
eth:ethertype:ip:udp:rmcp:asf,3450
eth:ethertype:ip:udp:iax2,3447
eth:ethertype:ip:udp:quake3:data,2839
eth:ethertype:ip:udp:llmnr,2521
eth:ethertype:ip:udp:h225,2271
eth:ethertype:ip:udp:cipio,2153
eth:ethertype:ip:udp:mint,2121
eth:ethertype:ip:udp:wtls,1914
eth:ethertype:ip:udp:gtpprime,1908
eth:ethertype:ip:udp:mndp,1871
eth:ethertype:ip:udp:llc:data,1849
eth:ethertype:ip:udp:wsp,1518
eth:ethertype:ip:udp:rtps,1428
eth:ethertype:ip:udp:dis,1183
eth:ethertype:ip:udp:raknet,873
eth:ethertype:ip:udp:radius:eap,870
eth:ethertype:ip:udp:amt,759
eth:ethertype:ip:udp:tzsp,739
eth:ethertype:ip:udp:ssdp:data,700
eth:ethertype:ip:udp:dof,675
eth:ethertype:ip:udp:corosync_totemnet:data,603
eth:ethertype:ip:udp:gsmtap:data,592
eth:ethertype:ip:udp:rdt,589
eth:ethertype:ip:udp:pn_rt:pn_ptcp,583
eth:ethertype:ip:udp:rsvp,579
eth:ethertype:ip:udp:ulp,575
eth:ethertype:ip:udp:dmp,570
eth:ethertype:ip:udp:elasticsearch,561
eth:ethertype:ip:udp:tipc,504
eth:ethertype:ip:udp:dpnet,502
eth:ethertype:ip:udp:kink,496
eth:ethertype:ip:udp:icp,488
eth:ethertype:ip:udp:wisun.eapol_relay:eapol:data,486
eth:ethertype:ip:udp:mih,478
eth:ethertype:ip:udp:asterix,475
eth:ethertype:ip:udp:bat:data,475
eth:ethertype:ip:udp:h501,471
eth:ethertype:ip:udp:ecatf:data,465
eth:ethertype:ip:udp:gre:data,461
eth:ethertype:ip:udp:ts2,448
eth:ethertype:ip:udp:hiqnet,440
eth:ethertype:ip:udp:pktc.mtafqdn,431
eth:ethertype:ip:udp:quakeworld:data,427
eth:ethertype:ip:udp:cnip,427
eth:ethertype:ip:udp:tetra,419
eth:ethertype:ip:udp:raknet:raknet:raknet,415
eth:ethertype:ip:udp:scop:data,411
eth:ethertype:ip:udp:lisp:data,408
eth:ethertype:ip:udp:teredo:data,404
eth:ethertype:ip:udp:vuze-dht,399
eth:ethertype:ip:udp:bat.vis:data,388
eth:ethertype:ip:udp:enrp,387
eth:ethertype:ip:udp:iax2:data,387
eth:ethertype:ip:udp:db-lsp-disc,376
eth:ethertype:ip:udp:nxp_802154_sniffer:wpan,373
eth:ethertype:ip:udp:h248,366
eth:ethertype:ip:udp:idn,358
eth:ethertype:ip:udp:nano,357
eth:ethertype:ip:udp:ax4000,351
eth:ethertype:ip:udp:ath,344
eth:ethertype:ip:udp:ieee1722:data,334
eth:ethertype:ip:udp:sap,332
eth:ethertype:ip:udp:egd:data,323
eth:ethertype:ip:udp:wtp,309
eth:ethertype:ip:udp:geneve:data,296
eth:ethertype:ip:udp:manolito,291
eth:ethertype:ip:udp:capwap.data,290
eth:ethertype:ip:udp:lwapp:wlan,286
eth:ethertype:ip:udp:sctp,282
eth:ethertype:ip:udp:stun:data,281
eth:ethertype:ip:udp:adp,275
eth:ethertype:ip:udp:opensafety_udp:data,268
eth:ethertype:ip:udp:tacacs,261
eth:ethertype:ip:udp:pktc,259
eth:ethertype:ip:udp:vrt,258
eth:ethertype:ip:udp:ecmp,256
eth:ethertype:ip:udp:bat.gw:data,245
eth:ethertype:ip:udp:iapp,244
eth:ethertype:ip:udp:a21,242
eth:ethertype:ip:udp:msproxy,229
eth:ethertype:ip:udp:eth:ethertype:data,221
eth:ethertype:ip:udp:sap:sdp,218
eth:ethertype:ip:udp:pfcp,208
eth:ethertype:ip:udp:quake:data,207
eth:ethertype:ip:udp:hcrt,203
eth:ethertype:ip:udp:gprs-ns,195
eth:ethertype:ip:udp:mikey,192
eth:ethertype:ip:udp:uaudp,188
eth:ethertype:ip:udp:bjnp,187
eth:ethertype:ip:udp:udpencap:isakmp,187
eth:ethertype:ip:udp:c1222,185
eth:ethertype:ip:udp:quake2:data,185
eth:ethertype:ip:udp:infiniband:data,182
eth:ethertype:ip:udp:rsip,180
eth:ethertype:ip:udp:capwap.data:eth:ethertype:data,172
eth:ethertype:ip:udp:mpls:data,156
eth:ethertype:ip:udp:mpls-echo,156
eth:ethertype:ip:udp:mipv6,151
eth:ethertype:ip:udp:gre,139
eth:ethertype:ip:udp:kdp,136
eth:ethertype:ip:udp:wg,131
eth:ethertype:ip:udp:nxp_802154_sniffer:wpan:data,128
eth:ethertype:ip:udp:lisp-data,124
eth:ethertype:ip:udp:tplink-smarthome:json:data-text-lines,105
eth:ethertype:ip:udp:knet,101
eth:ethertype:ip:udp:bfd_echo,100
eth:ethertype:ip:udp:goose:cotp,97
eth:ethertype:ip:udp:nbdgm:smb:data,96
eth:ethertype:ip:udp:doip,90
eth:ethertype:ip:udp:ayiya,88
eth:ethertype:ip:udp:collectd,83
eth:ethertype:ip:udp:megaco:data,77
eth:ethertype:ip:udp:ipvs,75
eth:ethertype:ip:udp:ajns,75
eth:ethertype:ip:udp:nxp_802154_sniffer,72
eth:ethertype:ip:udp:sabp,71
eth:ethertype:ip:udp:dvb_ipdc:data,71
eth:ethertype:ip:udp:infiniband,65
eth:ethertype:ip:udp:enttec,61
eth:ethertype:ip:udp:asap,61
eth:ethertype:ip:udp:vxlan:eth:ethertype:data,59
eth:ethertype:ip:udp:jmirror:ipv6:data,50
eth:ethertype:ip:udp:pn_rt:pn_io,49
eth:ethertype:ip:udp:geneve,48
eth:ethertype:ip:udp:gsmtap,48
eth:ethertype:ip:udp:sbus,48
eth:ethertype:ip:udp:opensafety:data,45
eth:ethertype:ip:udp:capwap.data:dtls,42
eth:ethertype:ip:udp:dcc,41
eth:ethertype:ip:udp:mpls,40
eth:ethertype:ip:udp:gprs-ns:bssgp,38
eth:ethertype:ip:udp:lwapp:wlan:data,37
eth:ethertype:ip:udp:mpls:ipv6:data,37
eth:ethertype:ip:udp:data:vssmonitoring,36
eth:ethertype:ip:udp:dvb_ipdc:alc:data,36
eth:ethertype:ip:udp:vxlan:eth:llc:data,36
eth:ethertype:ip:udp:mpls:pwethheuristic:pwethcw:eth:ethertype:data,34
eth:ethertype:ip:udp:egd,33
eth:ethertype:ip:udp:wisun.eapol_relay:eapol,31
eth:ethertype:ip:udp:lisp,30
eth:ethertype:ip:udp:capwap:dtls,28
eth:ethertype:ip:udp:ardp,26
eth:ethertype:ip:udp:udt,24
eth:ethertype:ip:udp:thrift,23
eth:ethertype:ip:udp:wol,23
eth:ethertype:ip:udp:sip:data-text-lines:xml,22
eth:ethertype:ip:udp:rx:afs,21
eth:ethertype:ip:udp:vxlan:eth,19
eth:ethertype:ip:udp:dhcpv6,19
eth:ethertype:ip:udp:cnip:data,18
eth:ethertype:ip:udp:wisun.eapol_relay,18
eth:ethertype:ip:udp:llc,17
eth:ethertype:ip:udp:mpls:ip:data,17
eth:ethertype:ip:udp:pn_rt,15
eth:ethertype:ip:udp:wtp:wsp,15
eth:ethertype:ip:udp:eth,15
eth:ethertype:ip:udp:mpls:ipv6:ipv6.hopopts,15
eth:ethertype:ip:udp:ltp,14
eth:ethertype:ip:udp:kpasswd,14
eth:ethertype:ip:udp:dcp-etsi:dcp-pft,14
eth:ethertype:ip:udp:capwap.data:data,14
eth:ethertype:ip:udp:quake2,13
eth:ethertype:ip:udp:who,13
eth:ethertype:ip:udp:tzsp:data,13
eth:ethertype:ip:udp:ecatf:ecat_mailbox,13
eth:ethertype:ip:udp:mip,13
eth:ethertype:ip:udp:mpls:ip,13
eth:ethertype:ip:udp:sabp:sabp,13
eth:ethertype:ip:udp:xyplex,12
eth:ethertype:ip:udp:auto_rp,11
eth:ethertype:ip:udp:lmp,11
eth:ethertype:ip:udp:ieee1722:iec61883,10
eth:ethertype:ip:udp:packetbb,10
eth:ethertype:ip:udp:ipx:data,9
eth:ethertype:ip:udp:acdr,9
eth:ethertype:ip:udp:ecatf:ioraw,9
eth:ethertype:ip:udp:capwap:data,9
eth:ethertype:ip:udp:ecatf:tc_nv,8
eth:ethertype:ip:udp:dlep,8
eth:ethertype:ip:udp:pathport,8
eth:ethertype:ip:udp:rtpproxy,8
eth:ethertype:ip:udp:find,8
eth:ethertype:ip:udp:sigcomp,8
eth:ethertype:ip:udp:quakeworld,7
eth:ethertype:ip:udp:ripng,7
eth:ethertype:ip:udp:slimp3,6
eth:ethertype:ip:udp:lisp-data:ipv6:data,6
eth:ethertype:ip:udp:lwapp,6
eth:ethertype:ip:udp:nbdgm,6
eth:ethertype:ip:udp:scop,6
eth:ethertype:ip:udp:lisp-data:ip,6
eth:ethertype:ip:udp:sip:sigcomp,6
eth:ethertype:ip:udp:teredo:ipv6:ipv6.hopopts:data,6
eth:ethertype:ip:udp:bat,6
eth:ethertype:ip:udp:amt:ip,5
eth:ethertype:ip:udp:quake,5
eth:ethertype:ip:udp:teredo,5
eth:ethertype:ip:udp:lbtrm,5
eth:ethertype:ip:udp:aodv,5
eth:ethertype:ip:udp:ecatf,4
eth:ethertype:ip:udp:jmirror:ip:data,4
eth:ethertype:ip:udp:jmirror:ipv6,4
eth:ethertype:ip:udp:lwres,4
eth:ethertype:ip:udp:ptp,4
eth:ethertype:ip:udp:msmms,4
eth:ethertype:ip:udp:dcp-etsi:dcp-af,3
eth:ethertype:ip:udp:amt:ip:ipv6:data,3
eth:ethertype:ip:udp:wccp,3
eth:ethertype:ip:udp:llc:osi:data,3
eth:ethertype:ip:udp:actrace,3
eth:ethertype:ip:udp:a11,3
eth:ethertype:ip:udp:jmirror:ipv6:vrrp,3
eth:ethertype:ip:udp:mpls:ipv6,3
eth:ethertype:ip:udp:hip,3
eth:ethertype:ip:udp:bat.vis,3
eth:ethertype:ip:udp:tapa,3
eth:ethertype:ip:udp:ieee1722,3
eth:ethertype:ip:udp:ltp:data,3
eth:ethertype:ip:udp:tpcp,3
eth:ethertype:ip:udp:nbdgm:smb:smb_netlogon,3
eth:ethertype:ip:udp:rsp,2
eth:ethertype:ip:udp:tsp,2
eth:ethertype:ip:udp:dvb_ipdc:alc:rmt-lct:data,2
eth:ethertype:ip:udp:l2tp:ppp:data,2
eth:ethertype:ip:udp:tzsp:eth:ethertype:data,2
eth:ethertype:ip:udp:data:f5ethtrailer,2
eth:ethertype:ip:udp:dvb_ipdc:alc:rmt-lct,2
eth:ethertype:ip:udp:jmirror:ipv6:dsr,2
eth:ethertype:ip:udp:jmirror:ipv6:osi:data,2
eth:ethertype:ip:udp:jmirror:ipv6:swipe:data,2
eth:ethertype:ip:udp:bat.gw,2
eth:ethertype:ip:udp:cpfi,2
eth:ethertype:ip:udp:mpls:pwethheuristic:pwethnocw:eth:ethertype:data,2
eth:ethertype:ip:udp:cups,2
eth:ethertype:ip:udp:uftp:uftp4,2
eth:ethertype:ip:udp:gtp:ip:tcp,2
eth:ethertype:ip:udp:udpencap,2
eth:ethertype:ip:udp:eth:llc:data,2
eth:ethertype:ip:udp:mint:eth:ethertype:data,2
eth:ethertype:ip:udp:dlsw,2
eth:ethertype:ip:udp:dtls:x509sat:x509sat:x509sat:x509sat,2
eth:ethertype:ip:udp:cnip:lon,2
eth:ethertype:ip:udp:eth:llc,2
eth:ethertype:ip:udp:mpls:ipv6:pim,2
eth:ethertype:ip:udp:mpls:pwethheuristic:pwethcw:eth:llc:data,2
eth:ethertype:ip:udp:bat.gw:ip,2
eth:ethertype:ip:udp:rdpudp:tls,2
eth:ethertype:ip:udp:mpls:ipv6:eigrp,2
eth:ethertype:ip:udp:quic:tls:tls:tls:tls:tls:tls:tls,2
eth:ethertype:ip:udp:quic:tls:tls:tls:tls:tls:tls:tls:tls:tls:tls:tls,2
eth:ethertype:ip:udp:megaco,1
eth:ethertype:ip:udp:jmirror:ipv6:esp,1
eth:ethertype:ip:udp:jmirror:ipv6:ah,1
eth:ethertype:ip:udp:jmirror:ipv6:ospf,1
eth:ethertype:ip:udp:jmirror:ipv6:etherip:eth:ethertype:data,1
eth:ethertype:ip:udp:jmirror:ipv6:eigrp,1
eth:ethertype:ip:udp:jmirror:ipv6:vines_frp:vines_ip:data,1
eth:ethertype:ip:udp:wimaxasncp,1
eth:ethertype:ip:udp:uftp:uftp5,1
eth:ethertype:ip:udp:ncp,1
eth:ethertype:ip:udp:scop:wpan,1
eth:ethertype:ip:udp:goose:cotp:goose,1
eth:ethertype:ip:udp:coap:data-text-lines,1
eth:ethertype:ip:udp:mpls:ipv6:dsr:data,1
eth:ethertype:ip:udp:mpls:ipv6:lwl4,1
eth:ethertype:ip:udp:mpls:ipv6:l2tp:data,1
eth:ethertype:ip:udp:mpls:ipv6:gre:data,1
eth:ethertype:ip:udp:tplink-smarthome:json,1
eth:ethertype:ip:udp:ipx,1
eth:ethertype:ip:udp:teredo:ipv6:data,1
eth:ethertype:ip:udp:mpls:pwethheuristic:pwethcw:eth,1
eth:ethertype:ip:udp:adwin,1
eth:ethertype:ip:udp:mpls:ipv6:osi:data,1
eth:ethertype:ip:udp:mpls:ipv6:swipe:data,1
eth:ethertype:ip:udp:raknet:raknet:f5ethtrailer,1
eth:ethertype:ip:udp:ecatf:ams,1
eth:ethertype:ip:udp:lisp-data:ip:data,1
eth:ethertype:ip:udp:llc:ip,1
eth:ethertype:ip:udp:quic:tls:tls:tls:tls:tls,1
eth:ethertype:ip:udp:quic:tls:tls:tls:tls:tls:tls:tls:tls:tls,1
eth:ethertype:ip:udp:quic:tls:tls:tls:tls:tls:tls:tls:tls:tls:tls,1
eth:ethertype:ip:udp:vxlan,1
eth:ethertype:ip:udp:rdpudp:dtls,1
eth:ethertype:ip:udp:mdns:vssmonitoring,1
eth:ethertype:ip:udp:lisp-data:ipv6:etherip:eth:llc:data,1
eth:ethertype:ip:udp:oicq,1
eth:ethertype:ip:udp:acdr:data,1
eth:ethertype:ip:udp:ayiya:dsr:ipv6.hopopts:ipv6.hopopts,1
eth:ethertype:ip:udp:mpls:pwach:data,1
eth:ethertype:ip:udp:opensafety,1
