eth:ethertype:ip:udp:data,9457163
eth:ethertype:ip:udp:syslog,5407258
eth:ethertype:ip:udp:stun,4840128
eth:ethertype:ip:udp:dns,3609798
eth:ethertype:ip:udp:snmp,2509662
eth:ethertype:ip:udp:ntp,2000812
eth:ethertype:ip:data,1984576
eth:ethertype:ip:udp:nbns,631150
eth:ethertype:ip:udp:sip,450913
eth:ethertype:ip:udp:coap,234473
eth:ethertype:ip:udp:cflow,162149
eth:ethertype:ip:udp:mdns,106418
eth:ethertype:ip:udp:sip:xml,100933
eth:ethertype:ip:udp:cldap,98228
eth:ethertype:ip:udp:ssdp,88899
eth:ethertype:ip:udp,85637
eth:ethertype:ip:udp:memcache,65639
eth:ethertype:ip:udp:isakmp,65585
eth:ethertype:ip:udp:dtls,61455
eth:ethertype:ip:udp:openvpn,60163
eth:ethertype:ip:udp:rpc,60031
eth:ethertype:ip:udp:sip:data-text-lines,52679
eth:ethertype:ip:udp:capwap,46115
eth:ethertype:ip:udp:l2tp,42747
eth:ethertype:ip:udp:dhcp,41843
eth:ethertype:ip:udp:portcontrol,39950
eth:ethertype:ip:udp:gtp,37748
eth:ethertype:ip:udp:bvlc:bacnet:bacapp,35559
eth:ethertype:ip:udp:srvloc,34882
eth:ethertype:ip:udp:quic:tls,27765
eth:ethertype:ip:udp:udpencap:esp,26214
eth:ethertype:ip:udp:rdpudp,25056
eth:ethertype:ip:udp:rmcp:ipmi_session:data,24498
eth:ethertype:ip:udp:chargen,24356
eth:ethertype:ip:udp:xdmcp,21550
eth:ethertype:ip:udp:tftp,20641
eth:ethertype:ip:udp:kerberos,20584
eth:ethertype:ip:udp:gquic,20404
eth:ethertype:ip:udp:rip,18542
eth:ethertype:ip:udp:lwapp:data,17215
eth:ethertype:ip:udp:udpencap:isakmp,16940
eth:ethertype:ip:udp:radius,16005
eth:ethertype:ip:udp:gtp:gtpv2,15879
eth:ethertype:ip:udp:hart_ip,15541
eth:ethertype:ip:udp:echo,13965
eth:ethertype:ip:udp:classicstun,13854
eth:ethertype:ip:udp:nbdgm:smb:browser,12658
eth:ethertype:ip:udp:enip,11986
eth:ethertype:ip:udp:daytime,11491
eth:ethertype:ip:udp:omron,11299
eth:ethertype:ip:udp:time,11228
eth:ethertype:ip:udp:tetra,10384
eth:ethertype:ip:udp:quake3,10322
eth:ethertype:ip:udp:ecatf:ecat,10141
eth:ethertype:ip:udp:bfd,9334
eth:ethertype:ip:udp:epl:data,8316
eth:ethertype:ip:udp:steam_ihs_discovery,8101
eth:ethertype:ip:udp:kip,7195
eth:ethertype:ip:udp:rtcp,5836
eth:ethertype:ip:udp:quic,4562
eth:ethertype:ip:udp:coap:data,4057
eth:ethertype:ip:udp:teredo:ipv6,3776
eth:ethertype:ip:udp:mgcp,3495
eth:ethertype:ip:udp:rmcp:asf,3427
eth:ethertype:ip:udp:iax2,3418
eth:ethertype:ip:udp:raknet:raknet,3012
eth:ethertype:ip:udp:rtps,2567
eth:ethertype:ip:udp:mndp,2005
eth:ethertype:ip:udp:h225,1791
eth:ethertype:ip:udp:wisun.eapol_relay:eapol:data,1592
eth:ethertype:ip:udp:stun:data,1567
eth:ethertype:ip:udp:teredo:ipv6:icmpv6,1511
eth:ethertype:ip:udp:raknet:raknet:raknet,1505
eth:ethertype:ip:udp:epl,1390
eth:ethertype:ip:udp:dis,1359
eth:ethertype:ip:udp:cipio,1303
eth:ethertype:ip:udp:quake3:data,1154
eth:ethertype:ip:udp:gtpprime,1098
eth:ethertype:ip:udp:llc:data,786
eth:ethertype:ip:udp:elasticsearch,764
eth:ethertype:ip:udp:radius:eap,756
eth:ethertype:ip:udp:tacacs,718
eth:ethertype:ip:udp:ssdp:data,709
eth:ethertype:ip:udp:wtls,650
eth:ethertype:ip:udp:dof,631
eth:ethertype:ip:udp:ts2,541
eth:ethertype:ip:udp:vuze-dht,541
eth:ethertype:ip:udp:pn_rt:pn_ptcp,531
eth:ethertype:ip:udp:tipc,525
eth:ethertype:ip:udp:rsip,489
eth:ethertype:ip:udp:corosync_totemnet:data,453
eth:ethertype:ip:udp:ath,437
eth:ethertype:ip:udp:mint,418
eth:ethertype:ip:udp:bat.vis:data,392
eth:ethertype:ip:udp:nxp_802154_sniffer:wpan,391
eth:ethertype:ip:udp:pfcp,382
eth:ethertype:ip:udp:hcrt,379
eth:ethertype:ip:udp:ajns,374
eth:ethertype:ip:udp:sbus,371
eth:ethertype:ip:udp:bat:data,362
eth:ethertype:ip:udp:asap,357
eth:ethertype:ip:udp:gprs-ns,347
eth:ethertype:ip:udp:quakeworld:data,339
eth:ethertype:ip:udp:cnip,333
eth:ethertype:ip:udp:scop:data,327
eth:ethertype:ip:udp:pktc.mtafqdn,327
eth:ethertype:ip:udp:uaudp,323
eth:ethertype:ip:udp:dpnet,317
eth:ethertype:ip:udp:infiniband:data,317
eth:ethertype:ip:udp:tplink-smarthome:json:data-text-lines,296
eth:ethertype:ip:udp:raknet,281
eth:ethertype:ip:udp:amt,260
eth:ethertype:ip:udp:rx,260
eth:ethertype:ip:udp:bat.gw:data,243
eth:ethertype:ip:udp:ieee1722:data,243
eth:ethertype:ip:udp:enrp,237
eth:ethertype:ip:udp:ecmp,236
eth:ethertype:ip:udp:llmnr,231
eth:ethertype:ip:udp:sctp,229
eth:ethertype:ip:udp:manolito,224
eth:ethertype:ip:udp:mikey,224
eth:ethertype:ip:udp:quake:data,221
eth:ethertype:ip:udp:mih,221
eth:ethertype:ip:udp:iapp,217
eth:ethertype:ip:udp:lwapp:wlan,217
eth:ethertype:ip:udp:ayiya,210
eth:ethertype:ip:udp:teredo:data,207
eth:ethertype:ip:udp:ecatf:data,202
eth:ethertype:ip:udp:kink,197
eth:ethertype:ip:udp:msproxy,196
eth:ethertype:ip:udp:rdt,195
eth:ethertype:ip:udp:opensafety_udp:data,195
eth:ethertype:ip:udp:eth:ethertype:data,191
eth:ethertype:ip:udp:opensafety:data,187
eth:ethertype:ip:udp:wlccp,186
eth:ethertype:ip:udp:h248,178
eth:ethertype:ip:udp:capwap.data,177
eth:ethertype:ip:udp:db-lsp-disc,177
eth:ethertype:ip:udp:doip,176
eth:ethertype:ip:udp:gsmtap:data,176
eth:ethertype:ip:udp:adp,167
eth:ethertype:ip:udp:collectd,159
eth:ethertype:ip:udp:mpls:data,156
eth:ethertype:ip:udp:kdp,149
eth:ethertype:ip:udp:bjnp,148
eth:ethertype:ip:udp:c1222,129
eth:ethertype:ip:udp:h501,117
eth:ethertype:ip:udp:wsp,115
eth:ethertype:ip:udp:asterix,113
eth:ethertype:ip:udp:lisp-data,109
eth:ethertype:ip:udp:nano,105
eth:ethertype:ip:udp:gre:data,101
eth:ethertype:ip:udp:iax2:data,100
eth:ethertype:ip:udp:megaco:data,97
eth:ethertype:ip:udp:pktc,94
eth:ethertype:ip:udp:ipvs,85
eth:ethertype:ip:udp:wg,84
eth:ethertype:ip:udp:udt,82
eth:ethertype:ip:udp:tzsp,80
eth:ethertype:ip:udp:sap,78
eth:ethertype:ip:udp:a21,76
eth:ethertype:ip:udp:ulp,74
eth:ethertype:ip:udp:knet,73
eth:ethertype:ip:udp:ax4000,72
eth:ethertype:ip:udp:egd:data,68
eth:ethertype:ip:udp:mipv6,68
eth:ethertype:ip:udp:pn_rt:pn_io,67
eth:ethertype:ip:udp:bfd_echo,65
eth:ethertype:ip:udp:dvb_ipdc:data,59
eth:ethertype:ip:udp:icp,58
eth:ethertype:ip:udp:idn,56
eth:ethertype:ip:udp:vxlan:eth:llc:data,54
eth:ethertype:ip:udp:wtp,51
eth:ethertype:ip:udp:nxp_802154_sniffer,50
eth:ethertype:ip:udp:data:vssmonitoring,48
eth:ethertype:ip:udp:vrt,42
eth:ethertype:ip:udp:hiqnet,39
eth:ethertype:ip:udp:dcc,39
eth:ethertype:ip:udp:rsvp,38
eth:ethertype:ip:udp:lwapp:wlan:data,38
eth:ethertype:ip:udp:geneve:data,36
eth:ethertype:ip:udp:sabp,35
eth:ethertype:ip:udp:sabp:sabp,34
eth:ethertype:ip:udp:papi,34
eth:ethertype:ip:udp:sip:data-text-lines:xml,33
eth:ethertype:ip:udp:infiniband,32
eth:ethertype:ip:udp:quake2:data,32
eth:ethertype:ip:udp:mpls:ipv6:data,31
eth:ethertype:ip:udp:geneve,31
eth:ethertype:ip:udp:wtp:wsp,29
eth:ethertype:ip:udp:egd,28
eth:ethertype:ip:udp:vxlan:eth:ethertype:data,28
eth:ethertype:ip:udp:cnip:data,27
eth:ethertype:ip:udp:thrift,27
eth:ethertype:ip:udp:gre,26
eth:ethertype:ip:udp:gsmtap,26
eth:ethertype:ip:udp:mpls:pwethheuristic:pwethcw:eth:ethertype:data,24
eth:ethertype:ip:udp:lisp,21
eth:ethertype:ip:udp:ardp,21
eth:ethertype:ip:udp:goose:cotp,21
eth:ethertype:ip:udp:mpls:ip:data,20
eth:ethertype:ip:udp:wisun.eapol_relay,19
eth:ethertype:ip:udp:mpls:ipv6:ipv6.hopopts,19
eth:ethertype:ip:udp:dhcpv6,18
eth:ethertype:ip:udp:rtpproxy,18
eth:ethertype:ip:udp:lisp:data,18
eth:ethertype:ip:udp:lwres,17
eth:ethertype:ip:udp:capwap.data:dtls,17
eth:ethertype:ip:udp:quake2,16
eth:ethertype:ip:udp:eth,16
eth:ethertype:ip:udp:vxlan:eth,15
eth:ethertype:ip:udp:dmp,15
eth:ethertype:ip:udp:kpasswd,14
eth:ethertype:ip:udp:nbdgm,14
eth:ethertype:ip:udp:ripng,13
eth:ethertype:ip:udp:slimp3,13
eth:ethertype:ip:udp:dcp-etsi:dcp-pft,11
eth:ethertype:ip:udp:mip,11
eth:ethertype:ip:udp:ecatf:ioraw,11
eth:ethertype:ip:udp:tipc:data,11
eth:ethertype:ip:udp:ieee1722:iec61883,10
eth:ethertype:ip:udp:xyplex,10
eth:ethertype:ip:udp:tsp,10
eth:ethertype:ip:udp:who,10
eth:ethertype:ip:udp:pn_rt,10
eth:ethertype:ip:udp:capwap:dtls,10
eth:ethertype:ip:udp:mpls:ip,10
eth:ethertype:ip:udp:lmp,9
eth:ethertype:ip:udp:acdr,9
eth:ethertype:ip:udp:ltp,9
eth:ethertype:ip:udp:llc,8
eth:ethertype:ip:udp:mpls,8
eth:ethertype:ip:udp:lwapp,7
eth:ethertype:ip:udp:mpls:ipv6,7
eth:ethertype:ip:udp:quakeworld,7
eth:ethertype:ip:udp:cups,7
eth:ethertype:ip:udp:ncp,7
eth:ethertype:ip:udp:wisun.eapol_relay:eapol,7
eth:ethertype:ip:udp:gprs-ns:bssgp,7
eth:ethertype:ip:udp:dlep,7
eth:ethertype:ip:udp:dvb_ipdc:alc:data,7
eth:ethertype:ip:udp:l2tp:data,7
eth:ethertype:ip:udp:cigi,7
eth:ethertype:ip:udp:icq,7
eth:ethertype:ip:udp:capwap:data,6
eth:ethertype:ip:udp:ipx:data,6
eth:ethertype:ip:udp:capwap.data:data,6
eth:ethertype:ip:udp:ecatf:tc_nv,6
eth:ethertype:ip:udp:packetbb,6
eth:ethertype:ip:udp:auto_rp,6
eth:ethertype:ip:udp:nxp_802154_sniffer:wpan:data,5
eth:ethertype:ip:udp:lbtrm,5
eth:ethertype:ip:udp:actrace,5
eth:ethertype:ip:udp:dcp-etsi:dcp-af,5
eth:ethertype:ip:udp:tapa,5
eth:ethertype:ip:udp:tzsp:data,5
eth:ethertype:ip:udp:pathport,5
eth:ethertype:ip:udp:llc:osi:data,4
eth:ethertype:ip:udp:amt:ip,4
eth:ethertype:ip:udp:scop,4
eth:ethertype:ip:udp:dlsw,4
eth:ethertype:ip:udp:ieee1722,4
eth:ethertype:ip:udp:tplink-smarthome:json,4
eth:ethertype:ip:udp:sip:sigcomp,4
eth:ethertype:ip:udp:sigcomp,4
eth:ethertype:ip:udp:rsp,4
eth:ethertype:ip:udp:teredo,4
eth:ethertype:ip:udp:rpc:portmap,4
eth:ethertype:ip:udp:rpc:nfs,4
eth:ethertype:ip:udp:wccp,3
eth:ethertype:ip:udp:cnip:lon,3
eth:ethertype:ip:udp:ecatf,3
eth:ethertype:ip:udp:msmms,3
eth:ethertype:ip:udp:olsr,3
eth:ethertype:ip:udp:a11,3
eth:ethertype:ip:udp:bat.gw,3
eth:ethertype:ip:udp:armagetronad,3
eth:ethertype:ip:udp:jmirror:ipv6,3
eth:ethertype:ip:udp:opensafety_udp,3
eth:ethertype:ip:udp:udpencap,3
eth:ethertype:ip:udp:raknet:raknet:f5ethtrailer,3
eth:ethertype:ip:udp:l2tp:ppp:data,3
eth:ethertype:ip:udp:ldp,2
eth:ethertype:ip:udp:ipx,2
eth:ethertype:ip:udp:llc:sna:data,2
eth:ethertype:ip:udp:cpfi,2
eth:ethertype:ip:udp:nsh,2
eth:ethertype:ip:udp:capwap.data:eth:ethertype:data,2
eth:ethertype:ip:udp:rdpudp:tls,2
eth:ethertype:ip:udp:wol,2
eth:ethertype:ip:udp:ltp:data,2
eth:ethertype:ip:udp:tpcp,2
eth:ethertype:ip:udp:quake,2
eth:ethertype:ip:udp:memcache:vssmonitoring,2
eth:ethertype:ip:udp:hip,2
eth:ethertype:ip:udp:vssmonitoring,1
eth:ethertype:ip:udp:wimaxasncp,1
eth:ethertype:ip:udp:amt:ip:ipv6:data,1
eth:ethertype:ip:udp:caneth:data:data,1
eth:ethertype:ip:udp:bundle:bundle,1
eth:ethertype:ip:udp:megaco,1
eth:ethertype:ip:udp:dtls:x509sat:x509sat:x509sat:x509sat,1
eth:ethertype:ip:udp:lisp-data:ip:data,1
eth:ethertype:ip:udp:vxlan,1
eth:ethertype:ip:udp:ptp,1
eth:ethertype:ip:udp:jmirror:ipv6:data,1
eth:ethertype:ip:udp:mpls:pwethheuristic:pwethcw:eth,1
eth:ethertype:ip:udp:mpls:ipv6:pim,1
eth:ethertype:ip:udp:mpls:ipv6:swipe,1
eth:ethertype:ip:udp:mpls:ipv6:ipv6.routing,1
eth:ethertype:ip:udp:bat.vis,1
eth:ethertype:ip:udp:acdr:data,1
eth:ethertype:ip:udp:sflow,1
eth:ethertype:ip:udp:ecatf:ecat_mailbox,1
eth:ethertype:ip:udp:ddtp,1
eth:ethertype:ip:udp:enttec,1
eth:ethertype:ip:udp:ieee1722:aaf,1
eth:ethertype:ip:udp:ayiya:dsr:ipv6.hopopts:ipv6.hopopts,1
eth:ethertype:ip:udp:dvb_ipdc:alc:rmt-lct,1
eth:ethertype:ip:udp:gsmtap:gsm_sim,1
eth:ethertype:ip:udp:tzsp:eth:ethertype:data,1
eth:ethertype:ip:udp:aodv,1
eth:ethertype:ip:udp:ayiya:ipv6.dstopts,1
eth:ethertype:ip:udp:oicq,1
eth:ethertype:ip:udp:mpls:pwethheuristic:pwethnocw:eth:ethertype:data,1
eth:ethertype:ip:udp:mint:eth:ethertype:data,1
eth:ethertype:ip:udp:find,1
eth:ethertype:ip:udp:lisp-data:ipv6:data,1
