eth:ethertype:ip:udp:syslog,7351862
eth:ethertype:ip:udp:data,6910286
eth:ethertype:ip:udp:stun,6685927
eth:ethertype:ip:udp:dns,3324788
eth:ethertype:ip:udp:snmp,2374644
eth:ethertype:ip:udp:ntp,1985213
eth:ethertype:ip:data,1243251
eth:ethertype:ip:udp:nbns,517223
eth:ethertype:ip:udp:sip,338554
eth:ethertype:ip:udp:coap,189597
eth:ethertype:ip:udp:cflow,135831
eth:ethertype:ip:udp:mdns,101730
eth:ethertype:ip:udp:sip:xml,101705
eth:ethertype:ip:udp:rpc,83283
eth:ethertype:ip:udp:cldap,69787
eth:ethertype:ip:udp:openvpn,61786
eth:ethertype:ip:udp:ssdp,58631
eth:ethertype:ip:udp:isakmp,56422
eth:ethertype:ip:udp:dtls,56347
eth:ethertype:ip:udp,52804
eth:ethertype:ip:udp:sip:data-text-lines,52713
eth:ethertype:ip:udp:memcache,49391
eth:ethertype:ip:udp:capwap,46873
eth:ethertype:ip:udp:srvloc,43955
eth:ethertype:ip:udp:gtp,41558
eth:ethertype:ip:udp:portcontrol,39861
eth:ethertype:ip:udp:bvlc:bacnet:bacapp,35619
eth:ethertype:ip:udp:dhcp,33527
eth:ethertype:ip:udp:l2tp,30757
eth:ethertype:ip:udp:quic:tls,26568
eth:ethertype:ip:udp:chargen,24512
eth:ethertype:ip:udp:rip,23976
eth:ethertype:ip:udp:udpencap:esp,23380
eth:ethertype:ip:udp:classicstun,22419
eth:ethertype:ip:udp:xdmcp,20832
eth:ethertype:ip:udp:gquic,20525
eth:ethertype:ip:udp:kerberos,19859
eth:ethertype:ip:udp:lwapp:data,17220
eth:ethertype:ip:udp:radius,16621
eth:ethertype:ip:udp:opensafety_udp:data,16360
eth:ethertype:ip:udp:rdpudp,15464
eth:ethertype:ip:udp:enip,13019
eth:ethertype:ip:udp:rmcp:ipmi_session:data,13001
eth:ethertype:ip:udp:echo,11931
eth:ethertype:ip:udp:omron,11918
eth:ethertype:ip:udp:gtp:gtpv2,11404
eth:ethertype:ip:udp:daytime,10431
eth:ethertype:ip:udp:time,10369
eth:ethertype:ip:udp:tftp,10353
eth:ethertype:ip:udp:ecatf:ecat,10216
eth:ethertype:ip:udp:nbdgm:smb:browser,9675
eth:ethertype:ip:udp:bfd,8561
eth:ethertype:ip:udp:steam_ihs_discovery,8040
eth:ethertype:ip:udp:udpencap:isakmp,6825
eth:ethertype:ip:udp:kip,6060
eth:ethertype:ip:udp:rtcp,5488
eth:ethertype:ip:udp:hart_ip,5320
eth:ethertype:ip:udp:iax2,5242
eth:ethertype:ip:udp:teredo:ipv6,4734
eth:ethertype:ip:udp:quic,4628
eth:ethertype:ip:udp:mgcp,4221
eth:ethertype:ip:udp:coap:data,3748
eth:ethertype:ip:udp:rmcp:asf,3408
eth:ethertype:ip:udp:udpencap,2034
eth:ethertype:ip:udp:goose:cotp,1795
eth:ethertype:ip:udp:wsp,1776
eth:ethertype:ip:udp:rtps,1646
eth:ethertype:ip:udp:teredo:ipv6:icmpv6,1426
eth:ethertype:ip:udp:cipio,1403
eth:ethertype:ip:udp:gtpprime,1266
eth:ethertype:ip:udp:kink,1251
eth:ethertype:ip:udp:raknet:raknet,1218
eth:ethertype:ip:udp:dis,1121
eth:ethertype:ip:udp:ayiya,1109
eth:ethertype:ip:udp:quake3:data,1045
eth:ethertype:ip:udp:asterix,863
eth:ethertype:ip:udp:ath,828
eth:ethertype:ip:udp:ssdp:data,799
eth:ethertype:ip:udp:radius:eap,767
eth:ethertype:ip:udp:llc:data,481
eth:ethertype:ip:udp:hcrt,471
eth:ethertype:ip:udp:wtp,468
eth:ethertype:ip:udp:tzsp,444
eth:ethertype:ip:udp:elasticsearch,396
eth:ethertype:ip:udp:manolito,384
eth:ethertype:ip:udp:sbus,351
eth:ethertype:ip:udp:asap,330
eth:ethertype:ip:udp:corosync_totemnet:data,299
eth:ethertype:ip:udp:amt,282
eth:ethertype:ip:udp:hiqnet,281
eth:ethertype:ip:udp:mpls-echo,279
eth:ethertype:ip:udp:infiniband:data,266
eth:ethertype:ip:udp:llmnr,260
eth:ethertype:ip:udp:bfd_echo,245
eth:ethertype:ip:udp:cnip,241
eth:ethertype:ip:udp:dof,238
eth:ethertype:ip:udp:gprs-ns,233
eth:ethertype:ip:udp:mipv6,232
eth:ethertype:ip:udp:mint,227
eth:ethertype:ip:udp:kdp,225
eth:ethertype:ip:udp:iapp,225
eth:ethertype:ip:udp:nxp_802154_sniffer:wpan,218
eth:ethertype:ip:udp:opensafety:data,217
eth:ethertype:ip:udp:msproxy,215
eth:ethertype:ip:udp:sap,210
eth:ethertype:ip:udp:dpnet,205
eth:ethertype:ip:udp:tipc,204
eth:ethertype:ip:udp:knet,204
eth:ethertype:ip:udp:pktc,198
eth:ethertype:ip:udp:wtls,196
eth:ethertype:ip:udp:pn_rt:pn_ptcp,191
eth:ethertype:ip:udp:idn,191
eth:ethertype:ip:udp:gsmtap:data,183
eth:ethertype:ip:udp:iax2:data,182
eth:ethertype:ip:udp:lisp:data,180
eth:ethertype:ip:udp:tplink-smarthome:json:data-text-lines,174
eth:ethertype:ip:udp:rdt,168
eth:ethertype:ip:udp:h501,166
eth:ethertype:ip:udp:wg,164
eth:ethertype:ip:udp:sap:sdp,159
eth:ethertype:ip:udp:gprs-ns:bssgp,158
eth:ethertype:ip:udp:scop:data,142
eth:ethertype:ip:udp:db-lsp-disc,140
eth:ethertype:ip:udp:wlccp,138
eth:ethertype:ip:udp:ts2,134
eth:ethertype:ip:udp:raknet:raknet:raknet,124
eth:ethertype:ip:udp:c1222,119
eth:ethertype:ip:udp:h225,118
eth:ethertype:ip:udp:egd:data,117
eth:ethertype:ip:udp:uaudp,106
eth:ethertype:ip:udp:bjnp,105
eth:ethertype:ip:udp:ecmp,103
eth:ethertype:ip:udp:ieee1722:data,100
eth:ethertype:ip:udp:stun:data,98
eth:ethertype:ip:udp:doip,96
eth:ethertype:ip:udp:tacacs,93
eth:ethertype:ip:udp:mpls:data,92
eth:ethertype:ip:udp:udt,91
eth:ethertype:ip:udp:bat.vis:data,90
eth:ethertype:ip:udp:icp,88
eth:ethertype:ip:udp:lisp-data,80
eth:ethertype:ip:udp:ax4000,80
eth:ethertype:ip:udp:raknet,77
eth:ethertype:ip:udp:h248,77
eth:ethertype:ip:udp:bat:data,76
eth:ethertype:ip:udp:enrp,73
eth:ethertype:ip:udp:quake2:data,68
eth:ethertype:ip:udp:vuze-dht,67
eth:ethertype:ip:udp:pn_rt:pn_io,67
eth:ethertype:ip:udp:teredo:data,66
eth:ethertype:ip:udp:geneve:data,65
eth:ethertype:ip:udp:mih,65
eth:ethertype:ip:udp:ulp,64
eth:ethertype:ip:udp:tetra,64
eth:ethertype:ip:udp:adp,62
eth:ethertype:ip:udp:wisun.eapol_relay:eapol:data,62
eth:ethertype:ip:udp:a21,58
eth:ethertype:ip:udp:pfcp,56
eth:ethertype:ip:udp:ajns,56
eth:ethertype:ip:udp:bat.gw:data,56
eth:ethertype:ip:udp:rsip,56
eth:ethertype:ip:udp:rsvp,53
eth:ethertype:ip:udp:papi,52
eth:ethertype:ip:udp:mikey,50
eth:ethertype:ip:udp:collectd,50
eth:ethertype:ip:udp:vrt,49
eth:ethertype:ip:udp:gre:data,48
eth:ethertype:ip:udp:sctp,47
eth:ethertype:ip:udp:dcc,45
eth:ethertype:ip:udp:ecatf:data,45
eth:ethertype:ip:udp:pktc.mtafqdn,42
eth:ethertype:ip:udp:eth:ethertype:data,42
eth:ethertype:ip:udp:ipvs,39
eth:ethertype:ip:udp:megaco:data,38
eth:ethertype:ip:udp:sabp,37
eth:ethertype:ip:udp:nano,36
eth:ethertype:ip:udp:lwapp:wlan,36
eth:ethertype:ip:udp:quake3,34
eth:ethertype:ip:udp:geneve,34
eth:ethertype:ip:udp:gsmtap,32
eth:ethertype:ip:udp:sabp:sabp,32
eth:ethertype:ip:udp:gre,31
eth:ethertype:ip:udp:wisun.eapol_relay:eapol,31
eth:ethertype:ip:udp:quake:data,30
eth:ethertype:ip:udp:nxp_802154_sniffer,29
eth:ethertype:ip:udp:infiniband,29
eth:ethertype:ip:udp:jmirror:ipv6:data,29
eth:ethertype:ip:udp:dvb_ipdc:data,28
eth:ethertype:ip:udp:cnip:data,27
eth:ethertype:ip:udp:lisp,26
eth:ethertype:ip:udp:vxlan:eth:ethertype:data,26
eth:ethertype:ip:udp:quakeworld:data,25
eth:ethertype:ip:udp:wtp:wsp,24
eth:ethertype:ip:udp:capwap:dtls,24
eth:ethertype:ip:udp:capwap.data:dtls,24
eth:ethertype:ip:udp:rx,22
eth:ethertype:ip:udp:mpls:ip:data,21
eth:ethertype:ip:udp:thrift,20
eth:ethertype:ip:udp:l2tp:data,20
eth:ethertype:ip:udp:ltp,19
eth:ethertype:ip:udp:lwapp:wlan:data,19
eth:ethertype:ip:udp:dhcpv6,18
eth:ethertype:ip:udp:ncp,18
eth:ethertype:ip:udp:dvb_ipdc:alc:data,18
eth:ethertype:ip:udp:ardp,16
eth:ethertype:ip:udp:data:vssmonitoring,16
eth:ethertype:ip:udp:mpls:ipv6:data,16
eth:ethertype:ip:udp:vxlan:eth,15
eth:ethertype:ip:udp:egd,14
eth:ethertype:ip:udp:llc,14
eth:ethertype:ip:udp:dmp,14
eth:ethertype:ip:udp:capwap.data,13
eth:ethertype:ip:udp:kpasswd,13
eth:ethertype:ip:udp:wisun.eapol_relay,13
eth:ethertype:ip:udp:scop,12
eth:ethertype:ip:udp:auto_rp,12
eth:ethertype:ip:udp:dcp-etsi:dcp-pft,12
eth:ethertype:ip:udp:acdr,11
eth:ethertype:ip:udp:find,11
eth:ethertype:ip:udp:mndp,11
eth:ethertype:ip:udp:mpls,10
eth:ethertype:ip:udp:sigcomp,10
eth:ethertype:ip:udp:tsp,10
eth:ethertype:ip:udp:ecatf:ioraw,10
eth:ethertype:ip:udp:mpls:pwethheuristic:pwethcw:eth:ethertype:data,10
eth:ethertype:ip:udp:msmms,10
eth:ethertype:ip:udp:who,10
eth:ethertype:ip:udp:quake2,10
eth:ethertype:ip:udp:ipx,10
eth:ethertype:ip:udp:ripng,9
eth:ethertype:ip:udp:sip:sigcomp,9
eth:ethertype:ip:udp:rtpproxy,9
eth:ethertype:ip:udp:dlep,8
eth:ethertype:ip:udp:mpls:ip,8
eth:ethertype:ip:udp:pn_rt,7
eth:ethertype:ip:udp:mpls:ipv6:ipv6.hopopts,7
eth:ethertype:ip:udp:icq,7
eth:ethertype:ip:udp:xyplex,7
eth:ethertype:ip:udp:quakeworld,6
eth:ethertype:ip:udp:lwapp,6
eth:ethertype:ip:udp:nxp_802154_sniffer:wpan:data,6
eth:ethertype:ip:udp:lwres,6
eth:ethertype:ip:udp:lisp-data:ip:data,6
eth:ethertype:ip:udp:lisp-data:ipv6:data,6
eth:ethertype:ip:udp:wccp,5
eth:ethertype:ip:udp:ieee1722:iec61883,5
eth:ethertype:ip:udp:nbdgm,5
eth:ethertype:ip:udp:ltp:data,5
eth:ethertype:ip:udp:dcp-etsi:dcp-af,5
eth:ethertype:ip:udp:pathport,5
eth:ethertype:ip:udp:tzsp:data,5
eth:ethertype:ip:udp:rsp:asf:data,5
eth:ethertype:ip:udp:cpfi,4
eth:ethertype:ip:udp:mpls:ipv6,4
eth:ethertype:ip:udp:rx:afs,4
eth:ethertype:ip:udp:lisp-data:ipv6,4
eth:ethertype:ip:udp:a11,4
eth:ethertype:ip:udp:tpcp,4
eth:ethertype:ip:udp:scop:wpan,4
eth:ethertype:ip:udp:slimp3,4
eth:ethertype:ip:udp:amt:ip,4
eth:ethertype:ip:udp:ecatf:tc_nv,4
eth:ethertype:ip:udp:armagetronad,4
eth:ethertype:ip:udp:rpc:nfs,4
eth:ethertype:ip:udp:cigi,3
eth:ethertype:ip:udp:ptp,3
eth:ethertype:ip:udp:lbtrm,3
eth:ethertype:ip:udp:megaco:h248,3
eth:ethertype:ip:udp:eth:llc,3
eth:ethertype:ip:udp:eth,3
eth:ethertype:ip:udp:quake,3
eth:ethertype:ip:udp:rsp,3
eth:ethertype:ip:udp:llc:sna:data,3
eth:ethertype:ip:udp:cups,3
eth:ethertype:ip:udp:packetbb,3
eth:ethertype:ip:udp:dvb_ipdc:alc:rmt-lct,3
eth:ethertype:ip:udp:lmp,3
eth:ethertype:ip:udp:tapa,3
eth:ethertype:ip:udp:rdpudp:tls,3
eth:ethertype:ip:udp:gre:wlan,3
eth:ethertype:ip:udp:jmirror:ip:data,3
eth:ethertype:ip:udp:bat.vis,2
eth:ethertype:ip:udp:mip,2
eth:ethertype:ip:udp:mpls:pwethheuristic:pwethnocw:eth:ethertype:data,2
eth:ethertype:ip:udp:ddtp,2
eth:ethertype:ip:udp:dlsw,2
eth:ethertype:ip:udp:bat.gw,2
eth:ethertype:ip:udp:tipc:data,2
eth:ethertype:ip:udp:capwap.data:eth:ethertype:data,2
eth:ethertype:ip:udp:olsr,2
eth:ethertype:ip:udp:aodv,2
eth:ethertype:ip:udp:jmirror:ipv6,2
eth:ethertype:ip:udp:mpls:pwethheuristic:pwethcw:eth,2
eth:ethertype:ip:udp:jmirror:ipv6:ospf,2
eth:ethertype:ip:udp:jmirror:ipv6:l2tp:data,2
eth:ethertype:ip:udp:l2tp:ppp:data,2
eth:ethertype:ip:udp:mpls:ipv6:dsr:data,1
eth:ethertype:ip:udp:mpls:ipv6:osi:data,1
eth:ethertype:ip:udp:mpls:ipv6:gre,1
eth:ethertype:ip:udp:mpls:ipv6:eigrp,1
eth:ethertype:ip:udp:mpls:ipv6:ospf,1
eth:ethertype:ip:udp:ecatf:ecat_mailbox,1
eth:ethertype:ip:udp:rmcp,1
eth:ethertype:ip:udp:lisp-data:ip,1
eth:ethertype:ip:udp:lisp-data:ipv6:gre:data,1
eth:ethertype:ip:udp:goose:cotp:goose,1
eth:ethertype:ip:udp:tplink-smarthome:json,1
eth:ethertype:ip:udp:ecatf,1
eth:ethertype:ip:udp:amt:ip:ipv6:data,1
eth:ethertype:ip:udp:epl,1
eth:ethertype:ip:udp:cnip:lon,1
eth:ethertype:ip:udp:tzsp:eth:ethertype:data,1
eth:ethertype:ip:udp:dvb_ipdc:alc:rmt-lct:data,1
eth:ethertype:ip:udp:mpls:pwach:data,1
eth:ethertype:ip:udp:rmcp:data,1
eth:ethertype:ip:udp:opensafety_udp,1
eth:ethertype:ip:udp:vssmonitoring,1
eth:ethertype:ip:udp:ieee1722,1
eth:ethertype:ip:udp:capwap.data:data,1
eth:ethertype:ip:udp:teredo,1
eth:ethertype:ip:udp:acdr:data,1
eth:ethertype:ip:udp:ipx:data,1
eth:ethertype:ip:udp:teredo:ipv6:data,1
eth:ethertype:ip:udp:adwin,1
eth:ethertype:ip:udp:vxlan:eth:llc:data,1
eth:ethertype:ip:udp:ldp,1
eth:ethertype:ip:udp:dtls:x509sat:x509sat:x509sat:x509sat,1
eth:ethertype:ip:udp:mint:eth:ethertype:data,1
eth:ethertype:ip:udp:jmirror:ipv6:eigrp,1
eth:ethertype:ip:udp:jmirror:ipv6:vrrp,1
eth:ethertype:ip:udp:jmirror:ipv6:nhrp,1
eth:ethertype:ip:udp:jmirror:ipv6:ah,1
eth:ethertype:ip:udp:jmirror:ipv6:vines_frp:vines_ip:data,1
eth:ethertype:ip:udp:jmirror:ipv6:esp,1
eth:ethertype:ip:udp:megaco,1
eth:ethertype:ip:udp:snmp:data,1
eth:ethertype:ip:udp:rdpudp:dtls,1
