eth:ethertype:ip:udp:stun,12922969
eth:ethertype:ip:udp:data,11338473
eth:ethertype:ip:udp:dns,4492185
eth:ethertype:ip:udp:syslog,3488102
eth:ethertype:ip:udp:ntp,2317191
eth:ethertype:ip:udp:snmp,1947662
eth:ethertype:ip:data,1551264
eth:ethertype:ip:udp:nbns,795253
eth:ethertype:ip:udp:sip,719920
eth:ethertype:ip:udp:coap,199842
eth:ethertype:ip:udp:ssdp,161279
eth:ethertype:ip:udp:openvpn,148021
eth:ethertype:ip:udp:cflow,146346
eth:ethertype:ip:udp:cldap,136556
eth:ethertype:ip:udp:sip:xml,101980
eth:ethertype:ip:udp:mdns,89595
eth:ethertype:ip:udp:isakmp,88762
eth:ethertype:ip:udp:dtls,69073
eth:ethertype:ip:udp:rpc,67596
eth:ethertype:ip:udp,55180
eth:ethertype:ip:udp:dhcp,54055
eth:ethertype:ip:udp:sip:data-text-lines,52793
eth:ethertype:ip:udp:memcache,48834
eth:ethertype:ip:udp:capwap,46834
eth:ethertype:ip:udp:portcontrol,45902
eth:ethertype:ip:udp:xdmcp,43084
eth:ethertype:ip:udp:gtp,42301
eth:ethertype:ip:udp:bvlc:bacnet:bacapp,40726
eth:ethertype:ip:udp:srvloc,38331
eth:ethertype:ip:udp:quic:tls,31316
eth:ethertype:ip:udp:l2tp,29623
eth:ethertype:ip:udp:rip,28136
eth:ethertype:ip:udp:udpencap:esp,27018
eth:ethertype:ip:udp:chargen,26761
eth:ethertype:ip:udp:tftp,23405
eth:ethertype:ip:udp:quake3,20642
eth:ethertype:ip:udp:bfd,20508
eth:ethertype:ip:udp:gquic,20459
eth:ethertype:ip:udp:omron,20307
eth:ethertype:ip:udp:kerberos,19410
eth:ethertype:ip:udp:rdpudp,18847
eth:ethertype:ip:udp:quic,18446
eth:ethertype:ip:udp:radius,17875
eth:ethertype:ip:udp:lwapp:data,17394
eth:ethertype:ip:udp:rmcp:ipmi_session:data,16976
eth:ethertype:ip:udp:classicstun,15760
eth:ethertype:ip:udp:hart_ip,15204
eth:ethertype:ip:udp:enip,13363
eth:ethertype:ip:udp:echo,13254
eth:ethertype:ip:udp:nbdgm:smb:browser,12306
eth:ethertype:ip:udp:gtp:gtpv2,11578
eth:ethertype:ip:udp:rpc:data,10499
eth:ethertype:ip:udp:time,10366
eth:ethertype:ip:udp:daytime,10289
eth:ethertype:ip:udp:ecatf:ecat,10233
eth:ethertype:ip:udp:steam_ihs_discovery,9443
eth:ethertype:ip:udp:mgcp,8020
eth:ethertype:ip:udp:rtcp,7827
eth:ethertype:ip:udp:teredo:ipv6,7375
eth:ethertype:ip:udp:kip,7181
eth:ethertype:ip:udp:udpencap:isakmp,6915
eth:ethertype:ip:udp:snmp:data,5666
eth:ethertype:ip:udp:llmnr,4482
eth:ethertype:ip:udp:iax2,3965
eth:ethertype:ip:udp:coap:data,3860
eth:ethertype:ip:udp:rmcp:asf,3550
eth:ethertype:ip:udp:quake3:data,2421
eth:ethertype:ip:udp:asterix,2201
eth:ethertype:ip:udp:sctp,2116
eth:ethertype:ip:udp:wsp,1917
eth:ethertype:ip:udp:llc:data,1867
eth:ethertype:ip:udp:corosync_totemnet:data,1717
eth:ethertype:ip:udp:wtls,1691
eth:ethertype:ip:udp:teredo:ipv6:icmpv6,1687
eth:ethertype:ip:udp:dis,1402
eth:ethertype:ip:udp:nxp_802154_sniffer,1268
eth:ethertype:ip:udp:gtpprime,1194
eth:ethertype:ip:udp:nxp_802154_sniffer:wpan,1183
eth:ethertype:ip:udp:cipio,1161
eth:ethertype:ip:udp:raknet:raknet,990
eth:ethertype:ip:udp:dof,932
eth:ethertype:ip:udp:rtps,896
eth:ethertype:ip:udp:pktc.mtafqdn,888
eth:ethertype:ip:udp:bjnp,825
eth:ethertype:ip:udp:amt,816
eth:ethertype:ip:udp:bat:data,814
eth:ethertype:ip:udp:h225,772
eth:ethertype:ip:udp:gprs-ns:bssgp,770
eth:ethertype:ip:udp:elasticsearch,764
eth:ethertype:ip:udp:h248,760
eth:ethertype:ip:udp:eth:ethertype:data,739
eth:ethertype:ip:udp:bat.vis:data,733
eth:ethertype:ip:udp:mint,726
eth:ethertype:ip:udp:opensafety_udp:data,716
eth:ethertype:ip:udp:kink,712
eth:ethertype:ip:udp:mikey,710
eth:ethertype:ip:udp:knet,701
eth:ethertype:ip:udp:rdt,692
eth:ethertype:ip:udp:wisun.eapol_relay:eapol:data,665
eth:ethertype:ip:udp:pfcp,662
eth:ethertype:ip:udp:teredo:data,658
eth:ethertype:ip:udp:hcrt,649
eth:ethertype:ip:udp:mih,647
eth:ethertype:ip:udp:ssdp:data,626
eth:ethertype:ip:udp:hiqnet,621
eth:ethertype:ip:udp:h501,584
eth:ethertype:ip:udp:mipv6,582
eth:ethertype:ip:udp:lwapp:wlan,567
eth:ethertype:ip:udp:cnip,549
eth:ethertype:ip:udp:icp,541
eth:ethertype:ip:udp:manolito,522
eth:ethertype:ip:udp:mpls-echo,521
eth:ethertype:ip:udp:asap,518
eth:ethertype:ip:udp:tplink-smarthome:json:data-text-lines,517
eth:ethertype:ip:udp:scop:data,502
eth:ethertype:ip:udp:geneve:data,501
eth:ethertype:ip:udp:raknet,495
eth:ethertype:ip:udp:radius:eap,482
eth:ethertype:ip:udp:rsip,463
eth:ethertype:ip:udp:ecatf:data,448
eth:ethertype:ip:udp:idn,411
eth:ethertype:ip:udp:ayiya,404
eth:ethertype:ip:udp:wlccp,401
eth:ethertype:ip:udp:tetra,401
eth:ethertype:ip:udp:tzsp,393
eth:ethertype:ip:udp:ath,390
eth:ethertype:ip:udp:bfd_echo,390
eth:ethertype:ip:udp:wtp,384
eth:ethertype:ip:udp:adp,379
eth:ethertype:ip:udp:vrt,362
eth:ethertype:ip:udp:lisp-data,354
eth:ethertype:ip:udp:pn_rt:pn_ptcp,343
eth:ethertype:ip:udp:capwap.data,338
eth:ethertype:ip:udp:quakeworld:data,319
eth:ethertype:ip:udp:iax2:data,300
eth:ethertype:ip:udp:ax4000,288
eth:ethertype:ip:udp:pktc,287
eth:ethertype:ip:udp:egd:data,285
eth:ethertype:ip:udp:ecmp,285
eth:ethertype:ip:udp:c1222,284
eth:ethertype:ip:udp:doip,278
eth:ethertype:ip:udp:iapp,277
eth:ethertype:ip:udp:bat.gw:data,272
eth:ethertype:ip:udp:dvb_ipdc:data,272
eth:ethertype:ip:udp:ieee1722:data,271
eth:ethertype:ip:udp:quake2:data,270
eth:ethertype:ip:udp:vxlan:eth:ethertype:data,263
eth:ethertype:ip:udp:ajns,259
eth:ethertype:ip:udp:ipvs,249
eth:ethertype:ip:udp:kdp,245
eth:ethertype:ip:udp:collectd,222
eth:ethertype:ip:udp:rsvp,219
eth:ethertype:ip:udp:gprs-ns,214
eth:ethertype:ip:udp:gsmtap:data,206
eth:ethertype:ip:udp:msproxy,197
eth:ethertype:ip:udp:uaudp,195
eth:ethertype:ip:udp:gre:data,190
eth:ethertype:ip:udp:lisp:data,188
eth:ethertype:ip:udp:sabp:sabp,185
eth:ethertype:ip:udp:vxlan:eth:llc:data,167
eth:ethertype:ip:udp:tacacs,165
eth:ethertype:ip:udp:ardp,165
eth:ethertype:ip:udp:dpnet,158
eth:ethertype:ip:udp:sap,154
eth:ethertype:ip:udp:tipc,153
eth:ethertype:ip:udp:pn_rt:pn_io,151
eth:ethertype:ip:udp:nano,148
eth:ethertype:ip:udp:ulp,128
eth:ethertype:ip:udp:rx,126
eth:ethertype:ip:udp:opensafety:data,125
eth:ethertype:ip:udp:raknet:raknet:raknet,119
eth:ethertype:ip:udp:vuze-dht,116
eth:ethertype:ip:udp:db-lsp-disc,108
eth:ethertype:ip:udp:megaco:data,105
eth:ethertype:ip:udp:dcc,105
eth:ethertype:ip:udp:wg,102
eth:ethertype:ip:udp:wtp:wsp,101
eth:ethertype:ip:udp:stun:data,99
eth:ethertype:ip:udp:nbdgm:smb:data,96
eth:ethertype:ip:udp:lwapp:wlan:data,95
eth:ethertype:ip:udp:infiniband,93
eth:ethertype:ip:udp:capwap.data:eth:ethertype:data,93
eth:ethertype:ip:udp:dmp,93
eth:ethertype:ip:udp:quake:data,92
eth:ethertype:ip:udp:a21,91
eth:ethertype:ip:udp:lisp-data:ipv6:data,88
eth:ethertype:ip:udp:gsmtap,87
eth:ethertype:ip:udp:ts2,83
eth:ethertype:ip:udp:lisp-data:ip:data,81
eth:ethertype:ip:udp:rdpudp:dtls,81
eth:ethertype:ip:udp:lisp,77
eth:ethertype:ip:udp:gre,68
eth:ethertype:ip:udp:enrp,64
eth:ethertype:ip:udp:sabp,63
eth:ethertype:ip:udp:geneve,60
eth:ethertype:ip:udp:rdpudp:tls,60
eth:ethertype:ip:udp:mpls:data,58
eth:ethertype:ip:udp:thrift,54
eth:ethertype:ip:udp:sap:sdp,53
eth:ethertype:ip:udp:olsr,53
eth:ethertype:ip:udp:nxp_802154_sniffer:wpan:data,50
eth:ethertype:ip:udp:goose:cotp,44
eth:ethertype:ip:udp:lisp-data:ip,42
eth:ethertype:ip:udp:capwap.data:dtls,33
eth:ethertype:ip:udp:capwap:dtls,33
eth:ethertype:ip:udp:jmirror:ipv6:data,33
eth:ethertype:ip:udp:ltp,30
eth:ethertype:ip:udp:dcp-etsi:dcp-pft,28
eth:ethertype:ip:udp:wisun.eapol_relay,27
eth:ethertype:ip:udp:eth,26
eth:ethertype:ip:udp:cnip:data,25
eth:ethertype:ip:udp:vxlan:eth,24
eth:ethertype:ip:udp:egd,23
eth:ethertype:ip:udp:sip:data-text-lines:xml,22
eth:ethertype:ip:udp:mpls,21
eth:ethertype:ip:udp:wol,20
eth:ethertype:ip:udp:wisun.eapol_relay:eapol,19
eth:ethertype:ip:udp:llc,18
eth:ethertype:ip:udp:ecatf:ioraw,18
eth:ethertype:ip:udp:slimp3,17
eth:ethertype:ip:udp:dvb_ipdc:alc:data,17
eth:ethertype:ip:udp:infiniband:data,17
eth:ethertype:ip:udp:data:vssmonitoring,16
eth:ethertype:ip:udp:mip,15
eth:ethertype:ip:udp:quake2,15
eth:ethertype:ip:udp:ecatf:ecat_mailbox,14
eth:ethertype:ip:udp:mpls:ipv6:data,14
eth:ethertype:ip:udp:rtpproxy,13
eth:ethertype:ip:udp:sigcomp,13
eth:ethertype:ip:udp:ecatf:tc_nv,13
eth:ethertype:ip:udp:dhcpv6,13
eth:ethertype:ip:udp:who,12
eth:ethertype:ip:udp:lwres,12
eth:ethertype:ip:udp:l2tp:data,11
eth:ethertype:ip:udp:dlsw,10
eth:ethertype:ip:udp:dlep,10
eth:ethertype:ip:udp:ieee1722:iec61883,10
eth:ethertype:ip:udp:msmms,10
eth:ethertype:ip:udp:find,10
eth:ethertype:ip:udp:pathport,10
eth:ethertype:ip:udp:sabp:sabp:sabp,10
eth:ethertype:ip:udp:pn_rt,9
eth:ethertype:ip:udp:dcp-etsi:dcp-af,8
eth:ethertype:ip:udp:cups,8
eth:ethertype:ip:udp:tsp,8
eth:ethertype:ip:udp:ncp,8
eth:ethertype:ip:udp:ecatf:ams,8
eth:ethertype:ip:udp:scop,8
eth:ethertype:ip:udp:amt:ip,7
eth:ethertype:ip:udp:tzsp:data,7
eth:ethertype:ip:udp:mndp,7
eth:ethertype:ip:udp:acdr,7
eth:ethertype:ip:udp:lwapp,6
eth:ethertype:ip:udp:cpfi,6
eth:ethertype:ip:udp:h225:data,6
eth:ethertype:ip:udp:lisp-data:ipv6,6
eth:ethertype:ip:udp:ipx,6
eth:ethertype:ip:udp:ripng,6
eth:ethertype:ip:udp:lmp,6
eth:ethertype:ip:udp:ipx:data,6
eth:ethertype:ip:udp:eth:llc:data,6
eth:ethertype:ip:udp:mpls:pwethheuristic:pwethcw:eth:ethertype:data,6
eth:ethertype:ip:udp:nbdgm,5
eth:ethertype:ip:udp:xyplex,5
eth:ethertype:ip:udp:llc:osi:data,5
eth:ethertype:ip:udp:sip:sigcomp,5
eth:ethertype:ip:udp:auto_rp,5
eth:ethertype:ip:udp:kpasswd,5
eth:ethertype:ip:udp:ltp:data,5
eth:ethertype:ip:udp:gsmtap:gsm_sim,5
eth:ethertype:ip:udp:lbtrm,5
eth:ethertype:ip:udp:quake,5
eth:ethertype:ip:udp:mpls:ip,5
eth:ethertype:ip:udp:sip:sdp,5
eth:ethertype:ip:udp:armagetronad,4
eth:ethertype:ip:udp:jmirror:ipv6:swipe,4
eth:ethertype:ip:udp:enttec,4
eth:ethertype:ip:udp:mpls:ipv6,3
eth:ethertype:ip:udp:mpls:pwethheuristic:pwethcw:eth,3
eth:ethertype:ip:udp:ecatf,3
eth:ethertype:ip:udp:udpencap,3
eth:ethertype:ip:udp:tapa,3
eth:ethertype:ip:udp:capwap.data:data,3
eth:ethertype:ip:udp:bat.vis,3
eth:ethertype:ip:udp:sflow,3
eth:ethertype:ip:udp:lisp-data:ipv6:eigrp,3
eth:ethertype:ip:udp:rsp,3
eth:ethertype:ip:udp:dvb_ipdc:alc:rmt-lct,3
eth:ethertype:ip:udp:teredo:ipv6:data,3
eth:ethertype:ip:udp:snmp:snmp,3
eth:ethertype:ip:udp:mint:eth:ethertype:data,3
eth:ethertype:ip:udp:mpls:pwach:data,3
eth:ethertype:ip:udp:gre:wlan,3
eth:ethertype:ip:udp:ieee1722,2
eth:ethertype:ip:udp:l2tp:ppp:data,2
eth:ethertype:ip:udp:rdpudp:data,2
eth:ethertype:ip:udp:packetbb,2
eth:ethertype:ip:udp:mpls:pwethheuristic:pwethnocw:eth:ethertype:data,2
eth:ethertype:ip:udp:capwap:data,2
eth:ethertype:ip:udp:lisp-data:ipv6:dsr:data,2
eth:ethertype:ip:udp:ayiya:dsr:ipv6.hopopts:ipv6.hopopts,2
eth:ethertype:ip:udp:cigi,2
eth:ethertype:ip:udp:tipc:data,2
eth:ethertype:ip:udp:actrace,2
eth:ethertype:ip:udp:jmirror:ipv6:lwl4,2
eth:ethertype:ip:udp:jmirror:ipv6:ipv6.routing,2
eth:ethertype:ip:udp:jmirror:ip:data,2
eth:ethertype:ip:udp:jmirror:ipv6:osi:data,2
eth:ethertype:ip:udp:quakeworld,2
eth:ethertype:ip:udp:llc:3comxns:data,2
eth:ethertype:ip:udp:dtls:x509sat:x509sat:pkcs-1,2
eth:ethertype:ip:udp:tpcp,1
eth:ethertype:ip:udp:llc:hpext:data,1
eth:ethertype:ip:udp:lisp-data:ipv6:ah,1
eth:ethertype:ip:udp:lisp-data:ipv6:esp,1
eth:ethertype:ip:udp:lisp-data:ipv6:pim,1
eth:ethertype:ip:udp:lisp-data:ipv6:etherip:eth:llc,1
eth:ethertype:ip:udp:lisp-data:ipv6:ospf,1
eth:ethertype:ip:udp:lisp-data:ipv6:nhrp,1
eth:ethertype:ip:udp:lisp-data:ipv6:vrrp,1
eth:ethertype:ip:udp:lisp-data:ipv6:ipcomp:data,1
eth:ethertype:ip:udp:lisp-data:ipv6:l2tp:data,1
eth:ethertype:ip:udp:lisp-data:ipv6:ipv6.routing,1
eth:ethertype:ip:udp:goose:cotp:data,1
eth:ethertype:ip:udp:edonkey,1
eth:ethertype:ip:udp:ddtp,1
eth:ethertype:ip:udp:adwin,1
eth:ethertype:ip:udp:megaco:h248,1
eth:ethertype:ip:udp:teredo,1
eth:ethertype:ip:udp:hip,1
eth:ethertype:ip:udp:a11,1
eth:ethertype:ip:udp:tzsp:eth:ethertype:data,1
eth:ethertype:ip:udp:jmirror:ipv6:gre,1
eth:ethertype:ip:udp:jmirror:ipv6:ah,1
eth:ethertype:ip:udp:jmirror:ipv6:vrrp,1
eth:ethertype:ip:udp:cnip:lon,1
eth:ethertype:ip:udp:lwapp:wlan:llc:data,1
eth:ethertype:ip:udp:mpls:ipv6:ip,1
eth:ethertype:ip:udp:mpls:ip:data,1
eth:ethertype:ip:udp:l2tp:ppp:ip,1
eth:ethertype:ip:udp:llc:x25:data,1
eth:ethertype:ip:udp:wccp,1
eth:ethertype:ip:udp:ip,1
eth:ethertype:ip:udp:ptp,1
eth:ethertype:ip:udp:icq,1
eth:ethertype:ip:udp:nbdgm:smb:smb_netlogon,1
eth:ethertype:ip:udp:ieee1722:ieee17221,1
eth:ethertype:ip:udp:llc:sna:data,1
eth:ethertype:ip:udp:epl,1
eth:ethertype:ip:udp:ieee1722:aaf,1
eth:ethertype:ip:udp:scop:wpan,1
eth:ethertype:ip:udp:bat.gw,1
