eth:ethertype:ip:udp:data,9098383
eth:ethertype:ip:udp:stun,5123582
eth:ethertype:ip:udp:syslog,4728348
eth:ethertype:ip:udp:dns,3571506
eth:ethertype:ip:udp:snmp,2403447
eth:ethertype:ip:udp:ntp,2104384
eth:ethertype:ip:data,1898534
eth:ethertype:ip:udp:nbns,547535
eth:ethertype:ip:udp:sip,267719
eth:ethertype:ip:udp:coap,228943
eth:ethertype:ip:udp:cflow,173601
eth:ethertype:ip:udp:cldap,124666
eth:ethertype:ip:udp:mdns,115471
eth:ethertype:ip:udp:sip:xml,102149
eth:ethertype:ip:udp:rpc,96281
eth:ethertype:ip:udp:ssdp,82093
eth:ethertype:ip:udp,65778
eth:ethertype:ip:udp:memcache,65299
eth:ethertype:ip:udp:portcontrol,63004
eth:ethertype:ip:udp:openvpn,62873
eth:ethertype:ip:udp:dtls,59265
eth:ethertype:ip:udp:isakmp,57696
eth:ethertype:ip:udp:sip:data-text-lines,52910
eth:ethertype:ip:udp:capwap,47242
eth:ethertype:ip:udp:dhcp,40527
eth:ethertype:ip:udp:gtp,39562
eth:ethertype:ip:udp:bvlc:bacnet:bacapp,38139
eth:ethertype:ip:udp:classicstun,37181
eth:ethertype:ip:udp:srvloc,35176
eth:ethertype:ip:udp:udpencap:esp,34859
eth:ethertype:ip:udp:rmcp:ipmi_session:data,32720
eth:ethertype:ip:udp:tftp,32067
eth:ethertype:ip:udp:quic:tls,31303
eth:ethertype:ip:udp:chargen,31129
eth:ethertype:ip:udp:rip,29690
eth:ethertype:ip:udp:l2tp,28718
eth:ethertype:ip:udp:xdmcp,26680
eth:ethertype:ip:udp:radius,26124
eth:ethertype:ip:udp:gquic,20431
eth:ethertype:ip:udp:kerberos,20343
eth:ethertype:ip:udp:lwapp:data,17230
eth:ethertype:ip:udp:rtcp,17026
eth:ethertype:ip:udp:rdpudp,16409
eth:ethertype:ip:udp:gtp:gtpv2,15962
eth:ethertype:ip:udp:echo,13941
eth:ethertype:ip:udp:omron,13347
eth:ethertype:ip:udp:enip,13013
eth:ethertype:ip:udp:nbdgm:smb:browser,12435
eth:ethertype:ip:udp:daytime,11831
eth:ethertype:ip:udp:time,11509
eth:ethertype:ip:udp:ecatf:ecat,10221
eth:ethertype:ip:udp:bfd,10028
eth:ethertype:ip:udp:steam_ihs_discovery,9555
eth:ethertype:ip:udp:udpencap:isakmp,8664
eth:ethertype:ip:udp:epl:data,8472
eth:ethertype:ip:udp:kip,8307
eth:ethertype:ip:udp:quic,8114
eth:ethertype:ip:udp:rmcp:ipmi_session,6492
eth:ethertype:ip:udp:mgcp,5153
eth:ethertype:ip:udp:hart_ip,4940
eth:ethertype:ip:udp:coap:data,4089
eth:ethertype:ip:udp:iax2,4007
eth:ethertype:ip:udp:raknet:raknet,3622
eth:ethertype:ip:udp:rmcp:asf,3464
eth:ethertype:ip:udp:teredo:ipv6,3062
eth:ethertype:ip:udp:adp,2022
eth:ethertype:ip:udp:wisun.eapol_relay:eapol:data,1961
eth:ethertype:ip:udp:mndp,1789
eth:ethertype:ip:udp:wsp,1780
eth:ethertype:ip:udp:epl,1764
eth:ethertype:ip:udp:teredo:ipv6:icmpv6,1495
eth:ethertype:ip:udp:rtps,1405
eth:ethertype:ip:udp:dis,1370
eth:ethertype:ip:udp:cipio,1310
eth:ethertype:ip:udp:rx,1295
eth:ethertype:ip:udp:cnip:lon,1258
eth:ethertype:ip:udp:gtpprime,1213
eth:ethertype:ip:udp:llc:data,1174
eth:ethertype:ip:udp:wtp,1123
eth:ethertype:ip:udp:tplink-smarthome:json:data-text-lines,986
eth:ethertype:ip:udp:quake3:data,977
eth:ethertype:ip:udp:elasticsearch,834
eth:ethertype:ip:udp:radius:eap,828
eth:ethertype:ip:udp:wtls,824
eth:ethertype:ip:udp:nxp_802154_sniffer:wpan,821
eth:ethertype:ip:udp:pn_rt:pn_ptcp,810
eth:ethertype:ip:udp:gprs-ns,807
eth:ethertype:ip:udp:kink,756
eth:ethertype:ip:udp:wisun.eapol_relay:eapol,748
eth:ethertype:ip:udp:ssdp:data,693
eth:ethertype:ip:udp:wg,675
eth:ethertype:ip:udp:corosync_totemnet:data,662
eth:ethertype:ip:udp:raknet:raknet:raknet,613
eth:ethertype:ip:udp:egd:data,605
eth:ethertype:ip:udp:gsmtap,560
eth:ethertype:ip:udp:nxp_802154_sniffer:wpan:data,547
eth:ethertype:ip:udp:tacacs,509
eth:ethertype:ip:udp:knet,479
eth:ethertype:ip:udp:icp,473
eth:ethertype:ip:udp:stun:data,469
eth:ethertype:ip:udp:cnip,464
eth:ethertype:ip:udp:rsvp,463
eth:ethertype:ip:udp:mint,459
eth:ethertype:ip:udp:sbus,448
eth:ethertype:ip:udp:uaudp,441
eth:ethertype:ip:udp:ayiya,416
eth:ethertype:ip:udp:c1222,389
eth:ethertype:ip:udp:rsip,374
eth:ethertype:ip:udp:h225,373
eth:ethertype:ip:udp:collectd,372
eth:ethertype:ip:udp:dof,329
eth:ethertype:ip:udp:enrp,322
eth:ethertype:ip:udp:vrt,320
eth:ethertype:ip:udp:ulp,298
eth:ethertype:ip:udp:wlccp,297
eth:ethertype:ip:udp:doip,283
eth:ethertype:ip:udp:bat.vis:data,280
eth:ethertype:ip:udp:manolito,271
eth:ethertype:ip:udp:sabp:sabp,271
eth:ethertype:ip:udp:quakeworld:data,252
eth:ethertype:ip:udp:kdp,242
eth:ethertype:ip:udp:ajns,241
eth:ethertype:ip:udp:infiniband:data,241
eth:ethertype:ip:udp:asterix,239
eth:ethertype:ip:udp:ts2,236
eth:ethertype:ip:udp:h248,229
eth:ethertype:ip:udp:amt,227
eth:ethertype:ip:udp:dvb_ipdc:data,227
eth:ethertype:ip:udp:vuze-dht,226
eth:ethertype:ip:udp:mih,222
eth:ethertype:ip:udp:iapp,221
eth:ethertype:ip:udp:pfcp,218
eth:ethertype:ip:udp:opensafety_udp:data,211
eth:ethertype:ip:udp:scop:data,209
eth:ethertype:ip:udp:ath,200
eth:ethertype:ip:udp:idn,191
eth:ethertype:ip:udp:bat:data,187
eth:ethertype:ip:udp:gre:data,187
eth:ethertype:ip:udp:geneve:data,185
eth:ethertype:ip:udp:hiqnet,184
eth:ethertype:ip:udp:lwapp:wlan,177
eth:ethertype:ip:udp:ecmp,168
eth:ethertype:ip:udp:capwap.data,168
eth:ethertype:ip:udp:raknet,165
eth:ethertype:ip:udp:bjnp,164
eth:ethertype:ip:udp:dmp,164
eth:ethertype:ip:udp:ardp,164
eth:ethertype:ip:udp:bat.gw,161
eth:ethertype:ip:udp:dpnet,142
eth:ethertype:ip:udp:ipvs,142
eth:ethertype:ip:udp:h501,141
eth:ethertype:ip:udp:ax4000,135
eth:ethertype:ip:udp:bfd_echo,133
eth:ethertype:ip:udp:llmnr,133
eth:ethertype:ip:udp:gsmtap:data,129
eth:ethertype:ip:udp:gprs-ns:bssgp,128
eth:ethertype:ip:udp:eth:ethertype:data,114
eth:ethertype:ip:udp:a21,112
eth:ethertype:ip:udp:nano,110
eth:ethertype:ip:udp:opensafety:data,107
eth:ethertype:ip:udp:iax2:data,105
eth:ethertype:ip:udp:lisp:data,101
eth:ethertype:ip:udp:quake:data,100
eth:ethertype:ip:udp:db-lsp-disc,99
eth:ethertype:ip:udp:asap,97
eth:ethertype:ip:udp:tetra,94
eth:ethertype:ip:udp:sctp,93
eth:ethertype:ip:udp:quake2:data,92
eth:ethertype:ip:udp:mpls-echo,92
eth:ethertype:ip:udp:sap,83
eth:ethertype:ip:udp:mpls:data,81
eth:ethertype:ip:udp:bat.gw:data,78
eth:ethertype:ip:udp:gre,78
eth:ethertype:ip:udp:teredo:data,78
eth:ethertype:ip:udp:lwapp:wlan:data,78
eth:ethertype:ip:udp:pktc,77
eth:ethertype:ip:udp:ieee1722:data,75
eth:ethertype:ip:udp:hcrt,69
eth:ethertype:ip:udp:lisp-data,68
eth:ethertype:ip:udp:mikey,65
eth:ethertype:ip:udp:rdt,63
eth:ethertype:ip:udp:infiniband,63
eth:ethertype:ip:udp:pktc.mtafqdn,62
eth:ethertype:ip:udp:msproxy,61
eth:ethertype:ip:udp:dcc,58
eth:ethertype:ip:udp:vxlan:eth:ethertype:data,58
eth:ethertype:ip:udp:tipc,57
eth:ethertype:ip:udp:megaco:data,51
eth:ethertype:ip:udp:mipv6,51
eth:ethertype:ip:udp:sip:sdp,50
eth:ethertype:ip:udp:papi,46
eth:ethertype:ip:udp:nxp_802154_sniffer,45
eth:ethertype:ip:udp:tzsp,43
eth:ethertype:ip:udp:ecatf:data,41
eth:ethertype:ip:udp:sabp,41
eth:ethertype:ip:udp:geneve,40
eth:ethertype:ip:udp:quake2,38
eth:ethertype:ip:udp:pn_rt:pn_io,37
eth:ethertype:ip:udp:cigi,37
eth:ethertype:ip:udp:quake3,35
eth:ethertype:ip:udp:lisp,30
eth:ethertype:ip:udp:thrift,28
eth:ethertype:ip:udp:cnip:data,25
eth:ethertype:ip:udp:goose:cotp,25
eth:ethertype:ip:udp:ltp,22
eth:ethertype:ip:udp:jmirror:ipv6:data,22
eth:ethertype:ip:udp:sigcomp,21
eth:ethertype:ip:udp:slimp3,20
eth:ethertype:ip:udp:wtp:wsp,20
eth:ethertype:ip:udp:capwap.data:dtls,18
eth:ethertype:ip:udp:vxlan:eth,17
eth:ethertype:ip:udp:ieee1722:iec61883,17
eth:ethertype:ip:udp:ncp,15
eth:ethertype:ip:udp:egd,15
eth:ethertype:ip:udp:llc,15
eth:ethertype:ip:udp:data:vssmonitoring,15
eth:ethertype:ip:udp:mpls:ipv6:data,15
eth:ethertype:ip:udp:who,14
eth:ethertype:ip:udp:nbdgm,14
eth:ethertype:ip:udp:dcp-etsi:dcp-pft,14
eth:ethertype:ip:udp:dhcpv6,14
eth:ethertype:ip:udp:rtpproxy,13
eth:ethertype:ip:udp:capwap:dtls,13
eth:ethertype:ip:udp:lisp-data:ipv6:data,12
eth:ethertype:ip:udp:kpasswd,12
eth:ethertype:ip:udp:quake,11
eth:ethertype:ip:udp:find,11
eth:ethertype:ip:udp:mpls:pwethheuristic:pwethcw:eth:ethertype:data,11
eth:ethertype:ip:udp:dvb_ipdc:alc:data,11
eth:ethertype:ip:udp:ecatf:tc_nv,11
eth:ethertype:ip:udp:lisp-data:ip:data,11
eth:ethertype:ip:udp:mpls,10
eth:ethertype:ip:udp:auto_rp,10
eth:ethertype:ip:udp:sabp:sabp:sabp,10
eth:ethertype:ip:udp:lisp-data:ipv6,9
eth:ethertype:ip:udp:ripng,8
eth:ethertype:ip:udp:wisun.eapol_relay,8
eth:ethertype:ip:udp:xyplex,7
eth:ethertype:ip:udp:lmp,7
eth:ethertype:ip:udp:rsp,7
eth:ethertype:ip:udp:dcp-etsi:dcp-af,7
eth:ethertype:ip:udp:enttec,7
eth:ethertype:ip:udp:eth,6
eth:ethertype:ip:udp:tsp,6
eth:ethertype:ip:udp:lwres,6
eth:ethertype:ip:udp:ecatf:ioraw,6
eth:ethertype:ip:udp:h225:data,6
eth:ethertype:ip:udp:mpls:ip:data,6
eth:ethertype:ip:udp:mpls:ip,6
eth:ethertype:ip:udp:ipx:data,6
eth:ethertype:ip:udp:packetbb,5
eth:ethertype:ip:udp:scop,5
eth:ethertype:ip:udp:mip,5
eth:ethertype:ip:udp:amt:ip,5
eth:ethertype:ip:udp:wccp,5
eth:ethertype:ip:udp:pn_rt,5
eth:ethertype:ip:udp:llc:sna:data,5
eth:ethertype:ip:udp:pathport,5
eth:ethertype:ip:udp:acdr,5
eth:ethertype:ip:udp:ipx,5
eth:ethertype:ip:udp:dvb_ipdc:alc:rmt-lct,5
eth:ethertype:ip:udp:mpls:ipv6,4
eth:ethertype:ip:udp:nbdgm:data,4
eth:ethertype:ip:udp:aodv,4
eth:ethertype:ip:udp:cups,4
eth:ethertype:ip:udp:ieee1722,4
eth:ethertype:ip:udp:dlsw,4
eth:ethertype:ip:udp:lwapp,4
eth:ethertype:ip:udp:dlep,4
eth:ethertype:ip:udp:llc:osi:data,4
eth:ethertype:ip:udp:tzsp:data,4
eth:ethertype:ip:udp:vxlan:eth:llc:data,3
eth:ethertype:ip:udp:jmirror:ip:data,3
eth:ethertype:ip:udp:ptp,3
eth:ethertype:ip:udp:tapa,3
eth:ethertype:ip:udp:capwap.data:data,3
eth:ethertype:ip:udp:hip,3
eth:ethertype:ip:udp:vxlan,3
eth:ethertype:ip:udp:lbtrm,3
eth:ethertype:ip:udp:dtls:x509sat:x509sat:x509sat:x509sat,3
eth:ethertype:ip:udp:wol,3
eth:ethertype:ip:udp:ecatf,2
eth:ethertype:ip:udp:oicq,2
eth:ethertype:ip:udp:mdns:vssmonitoring,2
eth:ethertype:ip:udp:capwap.data:eth:ethertype:data,2
eth:ethertype:ip:udp:msmms,2
eth:ethertype:ip:udp:mpls:ipv6:ipv6.hopopts,2
eth:ethertype:ip:udp:mpls:ipv6:vrrp,2
eth:ethertype:ip:udp:mint:eth:ethertype:data,2
eth:ethertype:ip:udp:ecatf:ecat_mailbox,2
eth:ethertype:ip:udp:teredo,2
eth:ethertype:ip:udp:sap:sdp,2
eth:ethertype:ip:udp:tpcp,2
eth:ethertype:ip:udp:quakeworld,2
eth:ethertype:ip:udp:rdpudp:dtls,2
eth:ethertype:ip:udp:gsmtap:gsm_sim,2
eth:ethertype:ip:udp:mpls:pwach:data,2
eth:ethertype:ip:udp:jmirror:ipv6,2
eth:ethertype:ip:udp:lisp-data:ip,2
eth:ethertype:ip:udp:cpfi,2
eth:ethertype:ip:udp:ip,2
eth:ethertype:ip:udp:eth:llc:data,1
eth:ethertype:ip:udp:wimaxasncp,1
eth:ethertype:ip:udp:l2tp:ppp:data,1
eth:ethertype:ip:udp:jmirror:ipv6:etherip:eth:llc,1
eth:ethertype:ip:udp:jmirror:ipv6:esp,1
eth:ethertype:ip:udp:jmirror:ipv6:pim,1
eth:ethertype:ip:udp:jmirror:ipv6:vines_frp:vines_ip:data,1
eth:ethertype:ip:udp:jmirror:ipv6:gre,1
eth:ethertype:ip:udp:jmirror:ipv6:vrrp,1
eth:ethertype:ip:udp:jmirror:ipv6:lwl4,1
eth:ethertype:ip:udp:mpls:ipv6:esp,1
eth:ethertype:ip:udp:mpls:ipv6:swipe,1
eth:ethertype:ip:udp:mpls:ipv6:ah,1
eth:ethertype:ip:udp:lwapp:wlan:llc:data,1
eth:ethertype:ip:udp:icq,1
eth:ethertype:ip:udp:teredo:ipv6:data,1
eth:ethertype:ip:udp:mpls:pwethheuristic:pwethnocw:eth:ethertype:data,1
eth:ethertype:ip:udp:tplink-smarthome:json,1
eth:ethertype:ip:udp:db-lsp-disc:json:data-text-lines,1
eth:ethertype:ip:udp:olsr,1
eth:ethertype:ip:udp:armagetronad,1
eth:ethertype:ip:udp:ssyncp,1
eth:ethertype:ip:udp:udpencap,1
eth:ethertype:ip:udp:ecatf:ams,1
eth:ethertype:ip:udp:edonkey,1
eth:ethertype:ip:udp:lisp-data:ipv6:dsr,1
eth:ethertype:ip:udp:ltp:data,1
eth:ethertype:ip:udp:lisp-data:ipv6:vines_frp:vines_ip:data,1
eth:ethertype:ip:udp:gsmtap:lapsat,1
eth:ethertype:ip:udp:nbdgm:smb:smb_netlogon,1
eth:ethertype:ip:udp:mint:eth,1
eth:ethertype:ip:udp:rx:afs,1
eth:ethertype:ip:udp:gsmtap:sndcp:data,1
eth:ethertype:ip:udp:data:f5ethtrailer,1
eth:ethertype:ip:udp:eth:ethertype:mdshdr:fc,1
eth:ethertype:ip:udp:sflow,1
eth:ethertype:ip:udp:rdpudp:tls,1
eth:ethertype:ip:udp:sip:sigcomp,1
eth:ethertype:ip:udp:scop:wpan,1
eth:ethertype:ip:udp:mpls:pwethheuristic:pwethcw:eth:ethertype:ip,1
eth:ethertype:ip:udp:tipc:data,1
