eth:ethertype:ip:udp:data,10789586
eth:ethertype:ip:udp:stun,8818357
eth:ethertype:ip:udp:dns,4159187
eth:ethertype:ip:udp:syslog,2677369
eth:ethertype:ip:udp:ntp,2088871
eth:ethertype:ip:udp:snmp,1527257
eth:ethertype:ip:data,1210349
eth:ethertype:ip:udp:nbns,662094
eth:ethertype:ip:udp:sip,306220
eth:ethertype:ip:udp:snmp:data,192636
eth:ethertype:ip:udp:coap,181995
eth:ethertype:ip:udp:cflow,146995
eth:ethertype:ip:udp:ssdp,139921
eth:ethertype:ip:udp:cldap,114731
eth:ethertype:ip:udp:sip:xml,102363
eth:ethertype:ip:udp:mdns,94439
eth:ethertype:ip:udp:isakmp,85793
eth:ethertype:ip:udp:dhcp,81620
eth:ethertype:ip:udp:openvpn,77708
eth:ethertype:ip:udp,73205
eth:ethertype:ip:udp:rpc,58671
eth:ethertype:ip:udp:bvlc:bacnet:bacapp,56634
eth:ethertype:ip:udp:dtls,55472
eth:ethertype:ip:udp:sip:data-text-lines,52899
eth:ethertype:ip:udp:srvloc,49424
eth:ethertype:ip:udp:memcache,49061
eth:ethertype:ip:udp:capwap,46945
eth:ethertype:ip:udp:gtp,39818
eth:ethertype:ip:udp:l2tp,37545
eth:ethertype:ip:udp:portcontrol,36864
eth:ethertype:ip:udp:rdpudp,25511
eth:ethertype:ip:udp:udpencap:esp,24376
eth:ethertype:ip:udp:rip,21957
eth:ethertype:ip:udp:xdmcp,20819
eth:ethertype:ip:udp:gquic,20613
eth:ethertype:ip:udp:quake3,20557
eth:ethertype:ip:udp:quic:tls,20158
eth:ethertype:ip:udp:bfd,19677
eth:ethertype:ip:udp:kerberos,19383
eth:ethertype:ip:udp:lwapp:data,17305
eth:ethertype:ip:udp:echo,14010
eth:ethertype:ip:udp:chargen,13922
eth:ethertype:ip:udp:rmcp:ipmi_session:data,13890
eth:ethertype:ip:udp:enip,13832
eth:ethertype:ip:udp:omron,13498
eth:ethertype:ip:udp:tftp,13201
eth:ethertype:ip:udp:radius,12991
eth:ethertype:ip:udp:classicstun,12679
eth:ethertype:ip:udp:gtp:gtpv2,11627
eth:ethertype:ip:udp:daytime,10692
eth:ethertype:ip:udp:time,10377
eth:ethertype:ip:udp:ecatf:ecat,10232
eth:ethertype:ip:udp:caneth:data:data,10225
eth:ethertype:ip:udp:steam_ihs_discovery,9292
eth:ethertype:ip:udp:nbdgm:smb:browser,9200
eth:ethertype:ip:udp:udpencap:isakmp,8484
eth:ethertype:ip:udp:kip,6262
eth:ethertype:ip:udp:mgcp,5517
eth:ethertype:ip:udp:hart_ip,5134
eth:ethertype:ip:udp:teredo:ipv6,4908
eth:ethertype:ip:udp:rtcp,4580
eth:ethertype:ip:udp:coap:data,4215
eth:ethertype:ip:udp:quic,4027
eth:ethertype:ip:udp:rmcp:asf,3525
eth:ethertype:ip:udp:iax2,2837
eth:ethertype:ip:udp:capwap.data:dtls,1557
eth:ethertype:ip:udp:wtls,1533
eth:ethertype:ip:udp:wtp,1475
eth:ethertype:ip:udp:dis,1465
eth:ethertype:ip:udp:cipio,1408
eth:ethertype:ip:udp:llc:data,1296
eth:ethertype:ip:udp:quake3:data,1282
eth:ethertype:ip:udp:wg,1237
eth:ethertype:ip:udp:llmnr,1204
eth:ethertype:ip:udp:ts2,1187
eth:ethertype:ip:udp:asterix,1067
eth:ethertype:ip:udp:raknet:raknet,1067
eth:ethertype:ip:udp:wsp,913
eth:ethertype:ip:udp:scop:data,906
eth:ethertype:ip:udp:gtpprime,882
eth:ethertype:ip:udp:rtps,880
eth:ethertype:ip:udp:mipv6,842
eth:ethertype:ip:udp:corosync_totemnet:data,817
eth:ethertype:ip:udp:uaudp,758
eth:ethertype:ip:udp:ipvs,752
eth:ethertype:ip:udp:bat:data,746
eth:ethertype:ip:udp:mint,737
eth:ethertype:ip:udp:hcrt,737
eth:ethertype:ip:udp:lisp-data,722
eth:ethertype:ip:udp:nxp_802154_sniffer:wpan,647
eth:ethertype:ip:udp:pktc,645
eth:ethertype:ip:udp:pfcp,631
eth:ethertype:ip:udp:ssdp:data,630
eth:ethertype:ip:udp:ath,630
eth:ethertype:ip:udp:bat.vis:data,630
eth:ethertype:ip:udp:c1222,612
eth:ethertype:ip:udp:opensafety:data,608
eth:ethertype:ip:udp:cnip,602
eth:ethertype:ip:udp:wisun.eapol_relay:eapol:data,584
eth:ethertype:ip:udp:eth:ethertype:data,551
eth:ethertype:ip:udp:ulp,548
eth:ethertype:ip:udp:dvb_ipdc:data,535
eth:ethertype:ip:udp:idn,535
eth:ethertype:ip:udp:enrp,526
eth:ethertype:ip:udp:kink,509
eth:ethertype:ip:udp:bjnp,456
eth:ethertype:ip:udp:wlccp,448
eth:ethertype:ip:udp:vxlan:eth:llc:data,432
eth:ethertype:ip:udp:elasticsearch,428
eth:ethertype:ip:udp:rsip,409
eth:ethertype:ip:udp:a21,408
eth:ethertype:ip:udp:tetra,403
eth:ethertype:ip:udp:ajns,395
eth:ethertype:ip:udp:icp,391
eth:ethertype:ip:udp:kdp,388
eth:ethertype:ip:udp:pktc.mtafqdn,382
eth:ethertype:ip:udp:tplink-smarthome:json:data-text-lines,352
eth:ethertype:ip:udp:rsvp,349
eth:ethertype:ip:udp:infiniband:data,349
eth:ethertype:ip:udp:gre:data,342
eth:ethertype:ip:udp:egd:data,342
eth:ethertype:ip:udp:h225,337
eth:ethertype:ip:udp:radius:eap,323
eth:ethertype:ip:udp:dof,323
eth:ethertype:ip:udp:ecatf:data,311
eth:ethertype:ip:udp:mpls-echo,303
eth:ethertype:ip:udp:manolito,302
eth:ethertype:ip:udp:ardp,299
eth:ethertype:ip:udp:tipc,294
eth:ethertype:ip:udp:collectd,284
eth:ethertype:ip:udp:sap,277
eth:ethertype:ip:udp:lisp:data,265
eth:ethertype:ip:udp:knet,265
eth:ethertype:ip:udp:db-lsp-disc,261
eth:ethertype:ip:udp:iapp,258
eth:ethertype:ip:udp:msproxy,254
eth:ethertype:ip:udp:adp,248
eth:ethertype:ip:udp:sctp,248
eth:ethertype:ip:udp:rx,245
eth:ethertype:ip:udp:dmp,236
eth:ethertype:ip:udp:tzsp,234
eth:ethertype:ip:udp:bat.gw:data,234
eth:ethertype:ip:udp:mih,234
eth:ethertype:ip:udp:quake:data,232
eth:ethertype:ip:udp:ecmp,232
eth:ethertype:ip:udp:gsmtap:data,229
eth:ethertype:ip:udp:teredo:data,227
eth:ethertype:ip:udp:lwapp:wlan,226
eth:ethertype:ip:udp:raknet,225
eth:ethertype:ip:udp:vuze-dht,219
eth:ethertype:ip:udp:quake2:data,218
eth:ethertype:ip:udp:ayiya,215
eth:ethertype:ip:udp:stun:data,210
eth:ethertype:ip:udp:asap,207
eth:ethertype:ip:udp:gprs-ns,206
eth:ethertype:ip:udp:ieee1722:data,206
eth:ethertype:ip:udp:hiqnet,205
eth:ethertype:ip:udp:sabp:sabp,194
eth:ethertype:ip:udp:rdt,188
eth:ethertype:ip:udp:tacacs,174
eth:ethertype:ip:udp:pn_rt:pn_ptcp,147
eth:ethertype:ip:udp:nano,145
eth:ethertype:ip:udp:sap:sdp,144
eth:ethertype:ip:udp:enttec,133
eth:ethertype:ip:udp:ax4000,130
eth:ethertype:ip:udp:lwapp:wlan:data,130
eth:ethertype:ip:udp:gprs-ns:bssgp,130
eth:ethertype:ip:udp:iax2:data,129
eth:ethertype:ip:udp:doip,129
eth:ethertype:ip:udp:raknet:raknet:raknet,121
eth:ethertype:ip:udp:mpls:data,118
eth:ethertype:ip:udp:h248,112
eth:ethertype:ip:udp:opensafety_udp:data,109
eth:ethertype:ip:udp:capwap.data,109
eth:ethertype:ip:udp:h501,103
eth:ethertype:ip:udp:vrt,97
eth:ethertype:ip:udp:nbdgm:smb:data,96
eth:ethertype:ip:udp:sbus,92
eth:ethertype:ip:udp:bfd_echo,89
eth:ethertype:ip:udp:amt,86
eth:ethertype:ip:udp:mikey,85
eth:ethertype:ip:udp:udpencap,81
eth:ethertype:ip:udp:pn_rt:pn_io,73
eth:ethertype:ip:udp:dpnet,71
eth:ethertype:ip:udp:dcc,70
eth:ethertype:ip:udp:quakeworld:data,65
eth:ethertype:ip:udp:vxlan:eth:ethertype:data,62
eth:ethertype:ip:udp:megaco:data,61
eth:ethertype:ip:udp:gsmtap,59
eth:ethertype:ip:udp:sabp,58
eth:ethertype:ip:udp:geneve:data,54
eth:ethertype:ip:udp:geneve,48
eth:ethertype:ip:udp:lisp,46
eth:ethertype:ip:udp:nxp_802154_sniffer,45
eth:ethertype:ip:udp:goose:cotp,43
eth:ethertype:ip:udp:infiniband,40
eth:ethertype:ip:udp:gre,39
eth:ethertype:ip:udp:eth,36
eth:ethertype:ip:udp:cnip:data,34
eth:ethertype:ip:udp:vxlan:eth,34
eth:ethertype:ip:udp:quake2,30
eth:ethertype:ip:udp:thrift,30
eth:ethertype:ip:udp:dcerpc,29
eth:ethertype:ip:udp:wisun.eapol_relay,28
eth:ethertype:ip:udp:l2tp:data,24
eth:ethertype:ip:udp:lisp-data:ipv6:data,23
eth:ethertype:ip:udp:ldp,22
eth:ethertype:ip:udp:pathport,22
eth:ethertype:ip:udp:lisp-data:ip:data,22
eth:ethertype:ip:udp:pn_rt,20
eth:ethertype:ip:udp:wol,20
eth:ethertype:ip:udp:wtp:wsp,19
eth:ethertype:ip:udp:dvb_ipdc:alc:data,19
eth:ethertype:ip:udp:lisp-data:ip,18
eth:ethertype:ip:udp:xyplex,17
eth:ethertype:ip:udp:dhcpv6,16
eth:ethertype:ip:udp:lwres,16
eth:ethertype:ip:udp:mpls:ipv6:data,16
eth:ethertype:ip:udp:capwap:dtls,16
eth:ethertype:ip:udp:egd,15
eth:ethertype:ip:udp:ltp,15
eth:ethertype:ip:udp:lisp-data:ipv6,15
eth:ethertype:ip:udp:jmirror:ipv6:data,14
eth:ethertype:ip:udp:capwap.data:eth:ethertype:data,14
eth:ethertype:ip:udp:dlsw,13
eth:ethertype:ip:udp:mip,13
eth:ethertype:ip:udp:rx:afs,13
eth:ethertype:ip:udp:mpls:pwethheuristic:pwethcw:eth:ethertype:data,13
eth:ethertype:ip:udp:mpls:ip:data,13
eth:ethertype:ip:udp:mpls,12
eth:ethertype:ip:udp:dcp-etsi:dcp-pft,12
eth:ethertype:ip:udp:llc,12
eth:ethertype:ip:udp:nxp_802154_sniffer:wpan:data,12
eth:ethertype:ip:udp:ecatf:ioraw,11
eth:ethertype:ip:udp:ecatf:ecat_mailbox,11
eth:ethertype:ip:udp:slimp3,10
eth:ethertype:ip:udp:tapa,10
eth:ethertype:ip:udp:mpls:ipv6:ipv6.hopopts,10
eth:ethertype:ip:udp:rdpudp:data,10
eth:ethertype:ip:udp:auto_rp,9
eth:ethertype:ip:udp:scop,9
eth:ethertype:ip:udp:nbdgm,9
eth:ethertype:ip:udp:data:vssmonitoring,8
eth:ethertype:ip:udp:aodv,8
eth:ethertype:ip:udp:acdr,8
eth:ethertype:ip:udp:mpls:ip,8
eth:ethertype:ip:udp:sip:sdp,8
eth:ethertype:ip:udp:dplay,8
eth:ethertype:ip:udp:sabp:sabp:sabp,8
eth:ethertype:ip:udp:cpfi,7
eth:ethertype:ip:udp:wisun.eapol_relay:eapol,7
eth:ethertype:ip:udp:mpls:pwethheuristic:pwethcw:eth,7
eth:ethertype:ip:udp:ipx,7
eth:ethertype:ip:udp:tsp,6
eth:ethertype:ip:udp:ncp,6
eth:ethertype:ip:udp:who,6
eth:ethertype:ip:udp:dcp-etsi:dcp-af,6
eth:ethertype:ip:udp:find,6
eth:ethertype:ip:udp:kpasswd,6
eth:ethertype:ip:udp:msmms,6
eth:ethertype:ip:udp:rtpproxy,6
eth:ethertype:ip:udp:ieee1722:iec61883,5
eth:ethertype:ip:udp:ecatf:tc_nv,5
eth:ethertype:ip:udp:gsmtap:sndcp:ip,5
eth:ethertype:ip:udp:dlep,5
eth:ethertype:ip:udp:rdpudp:dtls,5
eth:ethertype:ip:udp:quakeworld,5
eth:ethertype:ip:udp:ripng,4
eth:ethertype:ip:udp:capwap.data:data,4
eth:ethertype:ip:udp:sigcomp,4
eth:ethertype:ip:udp:ecatf:ams,4
eth:ethertype:ip:udp:sip:sigcomp,4
eth:ethertype:ip:udp:rsp,4
eth:ethertype:ip:udp:cigi,4
eth:ethertype:ip:udp:lmp,4
eth:ethertype:ip:udp:ecatf,4
eth:ethertype:ip:udp:armagetronad,4
eth:ethertype:ip:udp:mpls:ipv6,3
eth:ethertype:ip:udp:mndp,3
eth:ethertype:ip:udp:cups,3
eth:ethertype:ip:udp:eth:llc:data,3
eth:ethertype:ip:udp:ieee1722,3
eth:ethertype:ip:udp:tzsp:data,3
eth:ethertype:ip:udp:packetbb,3
eth:ethertype:ip:udp:papi,3
eth:ethertype:ip:udp:lwapp,2
eth:ethertype:ip:udp:acdr:data,2
eth:ethertype:ip:udp:olsr,2
eth:ethertype:ip:udp:mpls:pwethheuristic:pwethnocw:eth:ethertype:data,2
eth:ethertype:ip:udp:jmirror:ip:data,2
eth:ethertype:ip:udp:epl,2
eth:ethertype:ip:udp:actrace,2
eth:ethertype:ip:udp:amt:ip,2
eth:ethertype:ip:udp:ptp,2
eth:ethertype:ip:udp:vxlan,2
eth:ethertype:ip:udp:megaco,2
eth:ethertype:ip:udp:wimaxasncp,2
eth:ethertype:ip:udp:mpls:pwethheuristic:pwethcw:eth:llc:data,2
eth:ethertype:ip:udp:mpls:ipv6:ah,2
eth:ethertype:ip:udp:ipx:data,2
eth:ethertype:ip:udp:llc:osi:data,2
eth:ethertype:ip:udp:opensafety_udp,2
eth:ethertype:ip:udp:lisp-data:ipv6:eigrp,2
eth:ethertype:ip:udp:tzsp:eth:ethertype:data,2
eth:ethertype:ip:udp:db-lsp-disc:json:data-text-lines,2
eth:ethertype:ip:udp:bat.gw,2
eth:ethertype:ip:udp:ddtp,1
eth:ethertype:ip:udp:h225:data,1
eth:ethertype:ip:udp:ieee1722:tscf,1
eth:ethertype:ip:udp:a11,1
eth:ethertype:ip:udp:bat.vis,1
eth:ethertype:ip:udp:jmirror:ipv6:dsr:data,1
eth:ethertype:ip:udp:jmirror:ipv6,1
eth:ethertype:ip:udp:jmirror:ipv6:ospf,1
eth:ethertype:ip:udp:lisp-data:ipv6:dccp,1
eth:ethertype:ip:udp:dvb_ipdc:alc:rmt-lct,1
eth:ethertype:ip:udp:capwap.data:eth,1
eth:ethertype:ip:udp:lbtrm,1
eth:ethertype:ip:udp:ayiya:dsr:ipv6.hopopts:ipv6.hopopts,1
eth:ethertype:ip:udp:quake,1
eth:ethertype:ip:udp:mbudp:modbus,1
eth:ethertype:ip:udp:llc:sna:data,1
eth:ethertype:ip:udp:udpencap:data,1
eth:ethertype:ip:udp:teredo,1
eth:ethertype:ip:udp:openvpn:data,1
eth:ethertype:ip:udp:tzsp:tr,1
eth:ethertype:ip:udp:mpls:pwach:data,1
eth:ethertype:ip:udp:mpls:ipv6:dsr,1
eth:ethertype:ip:udp:mpls:ipv6:vrrp,1
eth:ethertype:ip:udp:mpls:ipv6:nhrp,1
eth:ethertype:ip:udp:mpls:ipv6:pgm,1
eth:ethertype:ip:udp:eth:llc,1
eth:ethertype:ip:udp:capwap:data,1
eth:ethertype:ip:udp:scop:wpan,1
eth:ethertype:ip:udp:ltp:data,1
eth:ethertype:ip:udp:lisp-data:ipv6:vrrp,1
eth:ethertype:ip:udp:lisp-data:ipv6:vines_frp:vines_ip:data,1
eth:ethertype:ip:udp:lisp-data:ipv6:ospf,1
eth:ethertype:ip:udp:lisp-data:ipv6:nhrp,1
eth:ethertype:ip:udp:lisp-data:ipv6:swipe,1
eth:ethertype:ip:udp:lisp-data:ipv6:pim,1
eth:ethertype:ip:udp:mint:eth:ethertype:data,1
eth:ethertype:ip:udp:mdns:vssmonitoring,1
eth:ethertype:ip:udp:l2tp:ppp:data,1
