eth:ethertype:ip:udp:stun,12225856
eth:ethertype:ip:udp:data,7718795
eth:ethertype:ip:udp:dns,3819229
eth:ethertype:ip:udp:syslog,2528298
eth:ethertype:ip:udp:ntp,2071646
eth:ethertype:ip:udp:snmp,1925307
eth:ethertype:ip:data,1166712
eth:ethertype:ip:udp:dof,735974
eth:ethertype:ip:udp:sip,623895
eth:ethertype:ip:udp:nbns,536593
eth:ethertype:ip:udp:cldap,241715
eth:ethertype:ip:udp:cflow,215689
eth:ethertype:ip:udp:mdns,115929
eth:ethertype:ip:udp:sip:xml,101922
eth:ethertype:ip:udp:coap,94653
eth:ethertype:ip:udp:rpc,87832
eth:ethertype:ip:udp:ssdp,76594
eth:ethertype:ip:udp:openvpn,63385
eth:ethertype:ip:udp:dtls,56641
eth:ethertype:ip:udp:isakmp,56161
eth:ethertype:ip:udp:memcache,55486
eth:ethertype:ip:udp:gtp,53567
eth:ethertype:ip:udp:sip:data-text-lines,52769
eth:ethertype:ip:udp:dhcp,52085
eth:ethertype:ip:udp,48541
eth:ethertype:ip:udp:bvlc:bacnet:bacapp,46849
eth:ethertype:ip:udp:capwap,44564
eth:ethertype:ip:udp:portcontrol,40220
eth:ethertype:ip:udp:srvloc,35848
eth:ethertype:ip:udp:l2tp,35395
eth:ethertype:ip:udp:rip,34178
eth:ethertype:ip:udp:rdpudp,33794
eth:ethertype:ip:udp:xdmcp,32058
eth:ethertype:ip:udp:udpencap:esp,26160
eth:ethertype:ip:udp:kerberos,25930
eth:ethertype:ip:udp:rmcp:ipmi_session:data,25414
eth:ethertype:ip:udp:tftp,23718
eth:ethertype:ip:udp:enip,23451
eth:ethertype:ip:udp:omron,23285
eth:ethertype:ip:udp:quake3,20676
eth:ethertype:ip:udp:bfd,20598
eth:ethertype:ip:udp:gquic,20410
eth:ethertype:ip:udp:time,19682
eth:ethertype:ip:udp:quic:tls,19323
eth:ethertype:ip:udp:lwapp:data,17302
eth:ethertype:ip:udp:classicstun,15624
eth:ethertype:ip:udp:hart_ip,15524
eth:ethertype:ip:udp:echo,14581
eth:ethertype:ip:udp:chargen,13922
eth:ethertype:ip:udp:udpencap:isakmp,13127
eth:ethertype:ip:udp:radius,12704
eth:ethertype:ip:udp:daytime,11613
eth:ethertype:ip:udp:gtp:gtpv2,11532
eth:ethertype:ip:udp:rtcp,10724
eth:ethertype:ip:udp:rpc:data,10529
eth:ethertype:ip:udp:ayiya,10435
eth:ethertype:ip:udp:ecatf:ecat,10210
eth:ethertype:ip:udp:steam_ihs_discovery,9782
eth:ethertype:ip:udp:wsp,9213
eth:ethertype:ip:udp:kip,9206
eth:ethertype:ip:udp:tacacs,8091
eth:ethertype:ip:udp:cups,7214
eth:ethertype:ip:udp:nbdgm:smb:browser,6212
eth:ethertype:ip:udp:mgcp,5671
eth:ethertype:ip:udp:quic,5254
eth:ethertype:ip:udp:coap:data,4006
eth:ethertype:ip:udp:rmcp:asf,3523
eth:ethertype:ip:udp:teredo:ipv6,2249
eth:ethertype:ip:udp:raknet:raknet,2024
eth:ethertype:ip:udp:raknet,1925
eth:ethertype:ip:udp:iax2,1854
eth:ethertype:ip:udp:quake3:data,1677
eth:ethertype:ip:udp:llmnr,1589
eth:ethertype:ip:udp:wtp,1507
eth:ethertype:ip:udp:gtpprime,1397
eth:ethertype:ip:udp:rtps,1317
eth:ethertype:ip:udp:h225,1254
eth:ethertype:ip:udp:cipio,1241
eth:ethertype:ip:udp:asterix,1129
eth:ethertype:ip:udp:llc:data,1120
eth:ethertype:ip:udp:dis,1068
eth:ethertype:ip:udp:mint,874
eth:ethertype:ip:udp:icp,868
eth:ethertype:ip:udp:nxp_802154_sniffer:wpan,841
eth:ethertype:ip:udp:elasticsearch,822
eth:ethertype:ip:udp:infiniband:data,809
eth:ethertype:ip:udp:wisun.eapol_relay:eapol:data,783
eth:ethertype:ip:udp:hcrt,776
eth:ethertype:ip:udp:bat.vis:data,724
eth:ethertype:ip:udp:pfcp,723
eth:ethertype:ip:udp:bat.gw:data,706
eth:ethertype:ip:udp:vrt,637
eth:ethertype:ip:udp:cnip,629
eth:ethertype:ip:udp:ssdp:data,626
eth:ethertype:ip:udp:papi,611
eth:ethertype:ip:udp:c1222,597
eth:ethertype:ip:udp:kink,589
eth:ethertype:ip:udp:h501,554
eth:ethertype:ip:udp:sctp,549
eth:ethertype:ip:udp:teredo:data,545
eth:ethertype:ip:udp:rx,532
eth:ethertype:ip:udp:ath,529
eth:ethertype:ip:udp:wtls,528
eth:ethertype:ip:udp:a21,525
eth:ethertype:ip:udp:dvb_ipdc:data,505
eth:ethertype:ip:udp:pktc.mtafqdn,501
eth:ethertype:ip:udp:pn_rt:pn_ptcp,500
eth:ethertype:ip:udp:uaudp,484
eth:ethertype:ip:udp:asap,468
eth:ethertype:ip:udp:vuze-dht,460
eth:ethertype:ip:udp:nano,450
eth:ethertype:ip:udp:corosync_totemnet:data,449
eth:ethertype:ip:udp:bfd_echo,407
eth:ethertype:ip:udp:ajns,407
eth:ethertype:ip:udp:rsvp,405
eth:ethertype:ip:udp:scop:data,393
eth:ethertype:ip:udp:ardp,387
eth:ethertype:ip:udp:manolito,384
eth:ethertype:ip:udp:h248,376
eth:ethertype:ip:udp:hiqnet,365
eth:ethertype:ip:udp:sbus,344
eth:ethertype:ip:udp:geneve:data,337
eth:ethertype:ip:udp:gprs-ns:bssgp,333
eth:ethertype:ip:udp:gsmtap:data,330
eth:ethertype:ip:udp:wlccp,327
eth:ethertype:ip:udp:lisp-data,316
eth:ethertype:ip:udp:opensafety_udp:data,314
eth:ethertype:ip:udp:iax2:data,304
eth:ethertype:ip:udp:opensafety:data,295
eth:ethertype:ip:udp:mpls-echo,294
eth:ethertype:ip:udp:enrp,269
eth:ethertype:ip:udp:db-lsp-disc,262
eth:ethertype:ip:udp:iapp,257
eth:ethertype:ip:udp:bjnp,250
eth:ethertype:ip:udp:tetra,248
eth:ethertype:ip:udp:ecatf:data,246
eth:ethertype:ip:udp:collectd,244
eth:ethertype:ip:udp:dmp,234
eth:ethertype:ip:udp:tplink-smarthome:json:data-text-lines,232
eth:ethertype:ip:udp:pktc,223
eth:ethertype:ip:udp:dpnet,220
eth:ethertype:ip:udp:doip,219
eth:ethertype:ip:udp:capwap:dtls,219
eth:ethertype:ip:udp:ieee1722:data,213
eth:ethertype:ip:udp:gre:data,212
eth:ethertype:ip:udp:kdp,210
eth:ethertype:ip:udp:vxlan:eth:llc:data,201
eth:ethertype:ip:udp:quakeworld:data,200
eth:ethertype:ip:udp:quake:data,196
eth:ethertype:ip:udp:knet,194
eth:ethertype:ip:udp:ax4000,194
eth:ethertype:ip:udp:quake2:data,187
eth:ethertype:ip:udp:gsmtap,184
eth:ethertype:ip:udp:lisp:data,184
eth:ethertype:ip:udp:tzsp,182
eth:ethertype:ip:udp:bat:data,180
eth:ethertype:ip:udp:eth:ethertype:data,175
eth:ethertype:ip:udp:cnip:data,173
eth:ethertype:ip:udp:capwap.data:eth:ethertype:data,171
eth:ethertype:ip:udp:amt,170
eth:ethertype:ip:udp:raknet:raknet:raknet,168
eth:ethertype:ip:udp:sabp:sabp,165
eth:ethertype:ip:udp:capwap.data,164
eth:ethertype:ip:udp:teredo:ipv6:icmpv6,160
eth:ethertype:ip:udp:ts2,151
eth:ethertype:ip:udp:sap,151
eth:ethertype:ip:udp:radius:eap,149
eth:ethertype:ip:udp:adp,148
eth:ethertype:ip:udp:ulp,148
eth:ethertype:ip:udp:gprs-ns,142
eth:ethertype:ip:udp:rdt,132
eth:ethertype:ip:udp:pn_rt:pn_io,128
eth:ethertype:ip:udp:msproxy,118
eth:ethertype:ip:udp:mikey,113
eth:ethertype:ip:udp:rsip,102
eth:ethertype:ip:udp:idn,97
eth:ethertype:ip:udp:rx:afs,95
eth:ethertype:ip:udp:tipc,91
eth:ethertype:ip:udp:ipvs,90
eth:ethertype:ip:udp:lwapp:wlan:data,88
eth:ethertype:ip:udp:ecmp,85
eth:ethertype:ip:udp:lisp-data:ipv6:data,81
eth:ethertype:ip:udp:dhcpv6,74
eth:ethertype:ip:udp:sap:sdp,72
eth:ethertype:ip:udp:dcc,71
eth:ethertype:ip:udp:mih,69
eth:ethertype:ip:udp:lisp-data:ip:data,69
eth:ethertype:ip:udp:egd:data,68
eth:ethertype:ip:udp:vxlan:eth:ethertype:data,64
eth:ethertype:ip:udp:mipv6,62
eth:ethertype:ip:udp:megaco:data,58
eth:ethertype:ip:udp:nxp_802154_sniffer,57
eth:ethertype:ip:udp:gre,56
eth:ethertype:ip:udp:sabp,55
eth:ethertype:ip:udp:sip:data-text-lines:xml,55
eth:ethertype:ip:udp:mpls:data,53
eth:ethertype:ip:udp:geneve,51
eth:ethertype:ip:udp:wg,50
eth:ethertype:ip:udp:mip,48
eth:ethertype:ip:udp:nbdgm,44
eth:ethertype:ip:udp:lisp-data:ip,44
eth:ethertype:ip:udp:infiniband,43
eth:ethertype:ip:udp:lwapp:wlan,43
eth:ethertype:ip:udp:lwres,42
eth:ethertype:ip:udp:data:vssmonitoring,40
eth:ethertype:ip:udp:acdr,40
eth:ethertype:ip:udp:ncp,39
eth:ethertype:ip:udp:tsp,38
eth:ethertype:ip:udp:jmirror:ipv6:data,38
eth:ethertype:ip:udp:ipx:data,37
eth:ethertype:ip:udp:dlep,37
eth:ethertype:ip:udp:kpasswd,37
eth:ethertype:ip:udp:lisp,36
eth:ethertype:ip:udp:xyplex,35
eth:ethertype:ip:udp:find,34
eth:ethertype:ip:udp:ripng,34
eth:ethertype:ip:udp:egd,32
eth:ethertype:ip:udp:rsp,31
eth:ethertype:ip:udp:lmp,30
eth:ethertype:ip:udp:wtp:wsp,28
eth:ethertype:ip:udp:auto_rp,28
eth:ethertype:ip:udp:who,25
eth:ethertype:ip:udp:packetbb,25
eth:ethertype:ip:udp:l2tp:data,24
eth:ethertype:ip:udp:quake2,21
eth:ethertype:ip:udp:vxlan:eth,18
eth:ethertype:ip:udp:ecatf:ioraw,18
eth:ethertype:ip:udp:goose:cotp,16
eth:ethertype:ip:udp:llc,16
eth:ethertype:ip:udp:thrift,15
eth:ethertype:ip:udp:capwap.data:dtls,14
eth:ethertype:ip:udp:cigi,14
eth:ethertype:ip:udp:dvb_ipdc:alc:data,13
eth:ethertype:ip:udp:mndp,13
eth:ethertype:ip:udp:ieee1722:cvf:data,13
eth:ethertype:ip:udp:pn_rt,12
eth:ethertype:ip:udp:ptp,12
eth:ethertype:ip:udp:ltp,12
eth:ethertype:ip:udp:mpls:pwethheuristic:pwethcw:eth:ethertype:data,12
eth:ethertype:ip:udp:slimp3,11
eth:ethertype:ip:udp:sabp:sabp:sabp,11
eth:ethertype:ip:udp:scop,10
eth:ethertype:ip:udp:wisun.eapol_relay,10
eth:ethertype:ip:udp:tzsp:data,10
eth:ethertype:ip:udp:eth,10
eth:ethertype:ip:udp:mpls,10
eth:ethertype:ip:udp:eth:llc:data,9
eth:ethertype:ip:udp:pathport,8
eth:ethertype:ip:udp:stun:data,8
eth:ethertype:ip:udp:wisun.eapol_relay:eapol,7
eth:ethertype:ip:udp:amt:ip,7
eth:ethertype:ip:udp:ieee1722:iec61883,7
eth:ethertype:ip:udp:mpls:ip:data,6
eth:ethertype:ip:udp:dvb_ipdc:alc:rmt-lct,6
eth:ethertype:ip:udp:mpls:ipv6:data,6
eth:ethertype:ip:udp:armagetronad,6
eth:ethertype:ip:udp:lbtrm,6
eth:ethertype:ip:udp:data:f5ethtrailer,6
eth:ethertype:ip:udp:teredo,6
eth:ethertype:ip:udp:mpls:pwethheuristic:pwethcw:eth,6
eth:ethertype:ip:udp:ip,6
eth:ethertype:ip:udp:vxlan:eth:llc:sna:data,6
eth:ethertype:ip:udp:ddtp,6
eth:ethertype:ip:udp:ltp:data,5
eth:ethertype:ip:udp:mpls:ip,5
eth:ethertype:ip:udp:rdpudp:dtls,5
eth:ethertype:ip:udp:lisp-data:ipv6:ah,4
eth:ethertype:ip:udp:nxp_802154_sniffer:wpan:data,4
eth:ethertype:ip:udp:lisp-data:ipv6,4
eth:ethertype:ip:udp:ecatf,4
eth:ethertype:ip:udp:tapa,4
eth:ethertype:ip:udp:dcp-etsi:dcp-af,4
eth:ethertype:ip:udp:ecatf:tc_nv,4
eth:ethertype:ip:udp:epl,4
eth:ethertype:ip:udp:rtpproxy,4
eth:ethertype:ip:udp:capwap.data:data,4
eth:ethertype:ip:udp:quake,4
eth:ethertype:ip:udp:oicq,3
eth:ethertype:ip:udp:ipx,3
eth:ethertype:ip:udp:edonkey,3
eth:ethertype:ip:udp:lwapp,3
eth:ethertype:ip:udp:mint:eth:ethertype:data,3
eth:ethertype:ip:udp:lisp-data:ipv6:l2tp:data,3
eth:ethertype:ip:udp:sflow,3
eth:ethertype:ip:udp:sigcomp,3
eth:ethertype:ip:udp:capwap:data,3
eth:ethertype:ip:udp:tplink-smarthome:json,3
eth:ethertype:ip:udp:tpcp,2
eth:ethertype:ip:udp:lisp-data:ipv6:gre:data,2
eth:ethertype:ip:udp:lisp-data:ipv6:ipcomp:data,2
eth:ethertype:ip:udp:lisp-data:ipv6:esp,2
eth:ethertype:ip:udp:sip:sigcomp,2
eth:ethertype:ip:udp:llc:sna:data,2
eth:ethertype:ip:udp:memcache:vssmonitoring,2
eth:ethertype:ip:udp:wol,2
eth:ethertype:ip:udp:lisp-data:ipv6:vines_frp:vines_ip:data,2
eth:ethertype:ip:udp:lisp-data:ipv6:dsr,2
eth:ethertype:ip:udp:lisp-data:ipv6:ospf,2
eth:ethertype:ip:udp:jmirror:ipv6:gre,2
eth:ethertype:ip:udp:jmirror:ipv6:lwl4,2
eth:ethertype:ip:udp:jmirror:ipv6:osi:data,2
eth:ethertype:ip:udp:jmirror:ip:data,2
eth:ethertype:ip:udp:mpls:pwach:data,2
eth:ethertype:ip:udp:jmirror:ipv6:nhrp,2
eth:ethertype:ip:udp:dlsw,2
eth:ethertype:ip:udp:nsh,2
eth:ethertype:ip:udp:quakeworld,2
eth:ethertype:ip:udp:wccp,2
eth:ethertype:ip:udp:bat.gw,2
eth:ethertype:ip:udp:actrace,2
eth:ethertype:ip:udp:olsr,2
eth:ethertype:ip:udp:mpls:pwethheuristic:pwethcw:eth:llc:data,1
eth:ethertype:ip:udp:mpls:ipv6,1
eth:ethertype:ip:udp:llc:osi:data,1
eth:ethertype:ip:udp:elasticsearch:f5ethtrailer,1
eth:ethertype:ip:udp:lisp-data:ipv6:vrrp,1
eth:ethertype:ip:udp:lisp-data:ipv6:pim,1
eth:ethertype:ip:udp:lisp-data:ipv6:swipe,1
eth:ethertype:ip:udp:wimaxasncp,1
eth:ethertype:ip:udp:l2tp:ppp:data,1
eth:ethertype:ip:udp:hip,1
eth:ethertype:ip:udp:caneth:data:data,1
eth:ethertype:ip:udp:rdpudp:tls,1
eth:ethertype:ip:udp:wsp:media,1
eth:ethertype:ip:udp:lisp-data:ipv6:osi:data,1
eth:ethertype:ip:udp:capwap.data:eth:llc,1
eth:ethertype:ip:udp:vxlan,1
eth:ethertype:ip:udp:msmms,1
eth:ethertype:ip:udp:mactelnet:data,1
eth:ethertype:ip:udp:jmirror:ipv6,1
eth:ethertype:ip:udp:jmirror:ipv6:vrrp,1
eth:ethertype:ip:udp:jmirror:ipv6:vines_frp:vines_ip:data,1
eth:ethertype:ip:udp:jmirror:ipv6:ipv6.routing,1
eth:ethertype:ip:udp:jmirror:ipv6:l2tp:data,1
eth:ethertype:ip:udp:jmirror:ipv6:pim,1
eth:ethertype:ip:udp:db-lsp-disc:json:data-text-lines,1
eth:ethertype:ip:udp:raknet:raknet:f5ethtrailer,1
eth:ethertype:ip:udp:mpls:pwethheuristic:pwethnocw:eth:ethertype:data,1
eth:ethertype:ip:udp:jmirror:ipv6:etherip:eth:llc,1
eth:ethertype:ip:udp:jmirror:ipv6:ospf,1
eth:ethertype:ip:udp:lisp-data:ipv6:etherip:eth:ethertype:data,1
eth:ethertype:ip:udp:lisp-data:ipv6:nhrp,1
eth:ethertype:ip:udp:lisp-data:ipv6:ipv6.routing,1
eth:ethertype:ip:udp:lisp-data:ipv6:eigrp,1
eth:ethertype:ip:udp:dcp-etsi:dcp-pft,1
eth:ethertype:ip:udp:acdr:data,1
eth:ethertype:ip:udp:capwap.data:eth,1
eth:ethertype:ip:udp:scop:wpan,1
eth:ethertype:ip:udp:opensafety_udp,1
eth:ethertype:ip:udp:cpfi,1
eth:ethertype:ip:udp:rmcp:ipmi_session,1
eth:ethertype:ip:udp:aodv,1
