eth:ethertype:ip:udp:data,8881392
eth:ethertype:ip:udp:syslog,4729674
eth:ethertype:ip:udp:stun,3685252
eth:ethertype:ip:udp:dns,3615112
eth:ethertype:ip:udp:ntp,1986622
eth:ethertype:ip:udp:snmp,1593378
eth:ethertype:ip:data,1372645
eth:ethertype:ip:udp:sip,933840
eth:ethertype:ip:udp:nbns,532344
eth:ethertype:ip:udp:coap,189317
eth:ethertype:ip:udp:ssdp,156062
eth:ethertype:ip:udp:cflow,139434
eth:ethertype:ip:udp:cldap,121399
eth:ethertype:ip:udp:openvpn,95661
eth:ethertype:ip:udp:sip:xml,90992
eth:ethertype:ip:udp:mdns,76242
eth:ethertype:ip:udp:dhcp,75243
eth:ethertype:ip:udp:rpc,64580
eth:ethertype:ip:udp,57531
eth:ethertype:ip:udp:memcache,57008
eth:ethertype:ip:udp:dtls,51790
eth:ethertype:ip:udp:classicstun,51136
eth:ethertype:ip:udp:portcontrol,50580
eth:ethertype:ip:udp:isakmp,47529
eth:ethertype:ip:udp:sip:data-text-lines,47091
eth:ethertype:ip:udp:capwap,39865
eth:ethertype:ip:udp:gtp,36486
eth:ethertype:ip:udp:bvlc:bacnet:bacapp,36416
eth:ethertype:ip:udp:l2tp,33542
eth:ethertype:ip:udp:srvloc,32132
eth:ethertype:ip:udp:chargen,32128
eth:ethertype:ip:udp:quic:tls,28395
eth:ethertype:ip:udp:rip,25389
eth:ethertype:ip:udp:radius,23786
eth:ethertype:ip:udp:xdmcp,23137
eth:ethertype:ip:udp:rdpudp,21997
eth:ethertype:ip:udp:rmcp:ipmi_session:data,21027
eth:ethertype:ip:udp:gquic,18160
eth:ethertype:ip:udp:tftp,16865
eth:ethertype:ip:udp:udpencap:esp,16824
eth:ethertype:ip:udp:kerberos,16733
eth:ethertype:ip:udp:lwapp:data,15453
eth:ethertype:ip:udp:rtcp,13263
eth:ethertype:ip:udp:echo,12088
eth:ethertype:ip:udp:enip,11130
eth:ethertype:ip:udp:rpc:data,10495
eth:ethertype:ip:udp:epl:data,9103
eth:ethertype:ip:udp:nbdgm:smb:browser,8405
eth:ethertype:ip:udp:bfd,7916
eth:ethertype:ip:udp:udpencap:isakmp,7826
eth:ethertype:ip:udp:omron,7574
eth:ethertype:ip:udp:teredo:ipv6,7183
eth:ethertype:ip:udp:steam_ihs_discovery,7077
eth:ethertype:ip:udp:gtp:gtpv2,6811
eth:ethertype:ip:udp:quake3,6283
eth:ethertype:ip:udp:time,5988
eth:ethertype:ip:udp:ecatf:ecat,5808
eth:ethertype:ip:udp:daytime,5653
eth:ethertype:ip:udp:kip,5424
eth:ethertype:ip:udp:hart_ip,4406
eth:ethertype:ip:udp:quic,4331
eth:ethertype:ip:udp:coap:data,3526
eth:ethertype:ip:udp:mgcp,3469
eth:ethertype:ip:udp:rmcp:asf,3104
eth:ethertype:ip:udp:wsp,1712
eth:ethertype:ip:udp:cipio,1286
eth:ethertype:ip:udp:raknet:raknet,1198
eth:ethertype:ip:udp:gtpprime,1170
eth:ethertype:ip:udp:epl,1123
eth:ethertype:ip:udp:rtps,1090
eth:ethertype:ip:udp:dis,1018
eth:ethertype:ip:udp:wtp,954
eth:ethertype:ip:udp:quake3:data,856
eth:ethertype:ip:udp:llc:data,652
eth:ethertype:ip:udp:radius:eap,623
eth:ethertype:ip:udp:gprs-ns:bssgp,547
eth:ethertype:ip:udp:asterix,533
eth:ethertype:ip:udp:kink,510
eth:ethertype:ip:udp:wtls,499
eth:ethertype:ip:udp:ssdp:data,498
eth:ethertype:ip:udp:pn_rt:pn_ptcp,490
eth:ethertype:ip:udp:teredo:data,445
eth:ethertype:ip:udp:teredo:ipv6:icmpv6,410
eth:ethertype:ip:udp:elasticsearch,395
eth:ethertype:ip:udp:iapp,386
eth:ethertype:ip:udp:mikey,364
eth:ethertype:ip:udp:iax2,359
eth:ethertype:ip:udp:opensafety_udp:data,349
eth:ethertype:ip:udp:tetra,333
eth:ethertype:ip:udp:mint,325
eth:ethertype:ip:udp:raknet,325
eth:ethertype:ip:udp:ieee1722:data,322
eth:ethertype:ip:udp:ecmp,315
eth:ethertype:ip:udp:nxp_802154_sniffer:wpan,312
eth:ethertype:ip:udp:vuze-dht,299
eth:ethertype:ip:udp:corosync_totemnet:data,294
eth:ethertype:ip:udp:ipvs,293
eth:ethertype:ip:udp:h248,274
eth:ethertype:ip:udp:infiniband:data,269
eth:ethertype:ip:udp:rx,266
eth:ethertype:ip:udp:dvb_ipdc:data,262
eth:ethertype:ip:udp:msproxy,255
eth:ethertype:ip:udp:bat.gw:data,233
eth:ethertype:ip:udp:rsip,232
eth:ethertype:ip:udp:h225,231
eth:ethertype:ip:udp:mipv6,227
eth:ethertype:ip:udp:hcrt,224
eth:ethertype:ip:udp:llmnr,223
eth:ethertype:ip:udp:gprs-ns,222
eth:ethertype:ip:udp:pktc.mtafqdn,217
eth:ethertype:ip:udp:uaudp,216
eth:ethertype:ip:udp:ajns,213
eth:ethertype:ip:udp:tacacs,211
eth:ethertype:ip:udp:c1222,209
eth:ethertype:ip:udp:quakeworld:data,209
eth:ethertype:ip:udp:knet,204
eth:ethertype:ip:udp:vrt,204
eth:ethertype:ip:udp:scop:data,202
eth:ethertype:ip:udp:sap,198
eth:ethertype:ip:udp:sbus,195
eth:ethertype:ip:udp:dof,189
eth:ethertype:ip:udp:lisp:data,188
eth:ethertype:ip:udp:tplink-smarthome:json:data-text-lines,185
eth:ethertype:ip:udp:cnip,183
eth:ethertype:ip:udp:wisun.eapol_relay:eapol:data,181
eth:ethertype:ip:udp:dpnet,177
eth:ethertype:ip:udp:enttec,175
eth:ethertype:ip:udp:db-lsp-disc,175
eth:ethertype:ip:udp:nxp_802154_sniffer,172
eth:ethertype:ip:udp:ecatf:data,172
eth:ethertype:ip:udp:gre:data,172
eth:ethertype:ip:udp:stun:data,169
eth:ethertype:ip:udp:gsmtap:data,166
eth:ethertype:ip:udp:pktc,159
eth:ethertype:ip:udp:bjnp,153
eth:ethertype:ip:udp:pfcp,149
eth:ethertype:ip:udp:idn,146
eth:ethertype:ip:udp:eth:ethertype:data,141
eth:ethertype:ip:udp:icp,139
eth:ethertype:ip:udp:wg,136
eth:ethertype:ip:udp:doip,131
eth:ethertype:ip:udp:ax4000,126
eth:ethertype:ip:udp:asap,123
eth:ethertype:ip:udp:sctp,120
eth:ethertype:ip:udp:sap:sdp,120
eth:ethertype:ip:udp:mih,119
eth:ethertype:ip:udp:manolito,116
eth:ethertype:ip:udp:amt,113
eth:ethertype:ip:udp:mpls:data,111
eth:ethertype:ip:udp:bat:data,109
eth:ethertype:ip:udp:megaco:data,107
eth:ethertype:ip:udp:iax2:data,105
eth:ethertype:ip:udp:quake2:data,102
eth:ethertype:ip:udp:quake:data,98
eth:ethertype:ip:udp:adp,97
eth:ethertype:ip:udp:ayiya,97
eth:ethertype:ip:udp:dcc,94
eth:ethertype:ip:udp:rdt,90
eth:ethertype:ip:udp:opensafety:data,88
eth:ethertype:ip:udp:egd:data,88
eth:ethertype:ip:udp:ulp,81
eth:ethertype:ip:udp:kdp,80
eth:ethertype:ip:udp:rpc:portmap,79
eth:ethertype:ip:udp:hiqnet,78
eth:ethertype:ip:udp:lwapp:wlan:data,77
eth:ethertype:ip:udp:enrp,71
eth:ethertype:ip:udp:rsvp,71
eth:ethertype:ip:udp:ath,70
eth:ethertype:ip:udp:scop:wpan:data,70
eth:ethertype:ip:udp:wlccp,69
eth:ethertype:ip:udp:a21,68
eth:ethertype:ip:udp:collectd,68
eth:ethertype:ip:udp:ts2,64
eth:ethertype:ip:udp:pn_rt:pn_io,64
eth:ethertype:ip:udp:bfd_echo,58
eth:ethertype:ip:udp:tzsp,57
eth:ethertype:ip:udp:wisun.eapol_relay:eapol,57
eth:ethertype:ip:udp:lisp-data,56
eth:ethertype:ip:udp:h501,56
eth:ethertype:ip:udp:gre,55
eth:ethertype:ip:udp:geneve,55
eth:ethertype:ip:udp:tipc,54
eth:ethertype:ip:udp:nano,54
eth:ethertype:ip:udp:bat.vis:data,53
eth:ethertype:ip:udp:papi,53
eth:ethertype:ip:udp:sabp,47
eth:ethertype:ip:udp:egd,40
eth:ethertype:ip:udp:dmp,40
eth:ethertype:ip:udp:infiniband,39
eth:ethertype:ip:udp:vxlan:eth:ethertype:data,39
eth:ethertype:ip:udp:gsmtap,38
eth:ethertype:ip:udp:lwapp:wlan,37
eth:ethertype:ip:udp:cnip:data,36
eth:ethertype:ip:udp:geneve:data,30
eth:ethertype:ip:udp:capwap:dtls,30
eth:ethertype:ip:udp:raknet:raknet:raknet,29
eth:ethertype:ip:udp:capwap.data:dtls,28
eth:ethertype:ip:udp:sabp:sabp,27
eth:ethertype:ip:udp:capwap.data,27
eth:ethertype:ip:udp:thrift,26
eth:ethertype:ip:udp:data:vssmonitoring,25
eth:ethertype:ip:udp:lisp,21
eth:ethertype:ip:udp:nxp_802154_sniffer:wpan:data,21
eth:ethertype:ip:udp:eth,21
eth:ethertype:ip:udp:wisun.eapol_relay,20
eth:ethertype:ip:udp:wtp:wsp,20
eth:ethertype:ip:udp:goose:cotp,19
eth:ethertype:ip:udp:mpls:pwethheuristic:pwethcw:eth:ethertype:data,17
eth:ethertype:ip:udp:lwres,16
eth:ethertype:ip:udp:l2tp:data,16
eth:ethertype:ip:udp:rtpproxy,16
eth:ethertype:ip:udp:lmp,14
eth:ethertype:ip:udp:dlep,14
eth:ethertype:ip:udp:sip:sdp,14
eth:ethertype:ip:udp:pn_rt,13
eth:ethertype:ip:udp:xyplex,13
eth:ethertype:ip:udp:kpasswd,12
eth:ethertype:ip:udp:mpls:ipv6:data,11
eth:ethertype:ip:udp:find,11
eth:ethertype:ip:udp:sip:data-text-lines:xml,11
eth:ethertype:ip:udp:tzsp:data,10
eth:ethertype:ip:udp:mip,10
eth:ethertype:ip:udp:mndp,10
eth:ethertype:ip:udp:ecatf:tc_nv,10
eth:ethertype:ip:udp:dvb_ipdc:alc:data,9
eth:ethertype:ip:udp:ripng,9
eth:ethertype:ip:udp:sigcomp,9
eth:ethertype:ip:udp:who,9
eth:ethertype:ip:udp:acdr,9
eth:ethertype:ip:udp:jmirror:ipv6,9
eth:ethertype:ip:udp:dcp-etsi:dcp-pft,9
eth:ethertype:ip:udp:dhcpv6,8
eth:ethertype:ip:udp:auto_rp,8
eth:ethertype:ip:udp:scop,8
eth:ethertype:ip:udp:llc,8
eth:ethertype:ip:udp:ardp,8
eth:ethertype:ip:udp:mpls:ipv6:ipv6.hopopts,8
eth:ethertype:ip:udp:mpls:ip:data,8
eth:ethertype:ip:udp:nbdgm,8
eth:ethertype:ip:udp:ecatf:ioraw,8
eth:ethertype:ip:udp:rsp,7
eth:ethertype:ip:udp:packetbb,7
eth:ethertype:ip:udp:quake2,7
eth:ethertype:ip:udp:ltp,7
eth:ethertype:ip:udp:mpls:ip,7
eth:ethertype:ip:udp:l2tp:ppp:data,7
eth:ethertype:ip:udp:rx:afs,6
eth:ethertype:ip:udp:ieee1722:iec61883,6
eth:ethertype:ip:udp:ltp:data,6
eth:ethertype:ip:udp:ipx:data,6
eth:ethertype:ip:udp:ecatf:ecat_mailbox,6
eth:ethertype:ip:udp:ncp,6
eth:ethertype:ip:udp:lbtrm,5
eth:ethertype:ip:udp:lwapp,5
eth:ethertype:ip:udp:icq,5
eth:ethertype:ip:udp:dcp-etsi:dcp-af,5
eth:ethertype:ip:udp:tsp,5
eth:ethertype:ip:udp:amt:ip,5
eth:ethertype:ip:udp:dlsw,5
eth:ethertype:ip:udp:slimp3,5
eth:ethertype:ip:udp:mpls,5
eth:ethertype:ip:udp:data:f5ethtrailer,5
eth:ethertype:ip:udp:uftp:uftp5,5
eth:ethertype:ip:udp:sip:sigcomp,4
eth:ethertype:ip:udp:quake,4
eth:ethertype:ip:udp:ieee1722,4
eth:ethertype:ip:udp:rpc:nfs,4
eth:ethertype:ip:udp:a11,4
eth:ethertype:ip:udp:vxlan:eth,4
eth:ethertype:ip:udp:capwap.data:data,4
eth:ethertype:ip:udp:lisp-data:ipv6,4
eth:ethertype:ip:udp:dvb_ipdc:alc:rmt-lct,4
eth:ethertype:ip:udp:tapa,4
eth:ethertype:ip:udp:mpls:ipv6,4
eth:ethertype:ip:udp:llc:ip,4
eth:ethertype:ip:udp:capwap.data:eth:ethertype:data,3
eth:ethertype:ip:udp:ipx,3
eth:ethertype:ip:udp:cups,3
eth:ethertype:ip:udp:msmms,3
eth:ethertype:ip:udp:ddtp,3
eth:ethertype:ip:udp:llc:osi:data,3
eth:ethertype:ip:udp:llc:sna:data,2
eth:ethertype:ip:udp:cpfi,2
eth:ethertype:ip:udp:snmp:snmp,2
eth:ethertype:ip:udp:olsr,2
eth:ethertype:ip:udp:ecatf,2
eth:ethertype:ip:udp:mpls:pwethheuristic:pwethnocw:eth:ethertype:data,2
eth:ethertype:ip:udp:actrace,2
eth:ethertype:ip:udp:ecatf:ams,2
eth:ethertype:ip:udp:wimaxasncp,2
eth:ethertype:ip:udp:uftp:uftp4,2
eth:ethertype:ip:udp:quakeworld,2
eth:ethertype:ip:udp:armagetronad,1
eth:ethertype:ip:udp:acdr:ip:data,1
eth:ethertype:ip:udp:rdpudp:dtls,1
eth:ethertype:ip:udp:aodv,1
eth:ethertype:ip:udp:vxlan:eth:llc:data,1
eth:ethertype:ip:udp:wccp,1
eth:ethertype:ip:udp:tzsp:eth:ethertype:data,1
eth:ethertype:ip:udp:mpls:ipv6:esp,1
eth:ethertype:ip:udp:acdr:data,1
eth:ethertype:ip:udp:mpls:pwethheuristic:pwethcw:eth,1
eth:ethertype:ip:udp:ip,1
eth:ethertype:ip:udp:hip,1
eth:ethertype:ip:udp:mpls:ipv6:eigrp,1
eth:ethertype:ip:udp:mpls:ipv6:swipe:data,1
eth:ethertype:ip:udp:mpls:ipv6:pim,1
eth:ethertype:ip:udp:mpls:ipv6:lwl4,1
eth:ethertype:ip:udp:mpls:ipv6:nhrp,1
eth:ethertype:ip:udp:udpencap,1
eth:ethertype:ip:udp:rsp:data,1
eth:ethertype:ip:udp:pathport,1
eth:ethertype:ip:udp:wol,1
eth:ethertype:ip:udp:bat.gw:ip,1
eth:ethertype:ip:udp:scop:wpan,1
eth:ethertype:ip:udp:lisp-data:ip,1
eth:ethertype:ip:udp:wassp,1
eth:ethertype:ip:udp:rdpudp:data,1
eth:ethertype:ip:udp:bat.gw,1
eth:ethertype:ip:udp:ldp,1
eth:ethertype:ip:udp:tipc:data,1
eth:ethertype:ip:udp:ptp,1
eth:ethertype:ip:udp:ayiya:ipv6.hopopts,1
eth:ethertype:ip:udp:mint:eth:ethertype:data,1
eth:ethertype:ip:udp:memcache:vssmonitoring,1
eth:ethertype:ip:udp:eth:llc:data,1
eth:ethertype:ip:udp:gsmtap:gsmtap_log,1
eth:ethertype:ip:udp:oicq,1
eth:ethertype:ip:udp:llc:ip:ipv6:data,1
eth:ethertype:ip:udp:lisp-data:ipv6:data,1
eth:ethertype:ip:udp:goose:cotp:goose,1
eth:ethertype:ip:udp:adwin,1
eth:ethertype:ip:udp:teredo,1
eth:ethertype:ip:udp:h225:data,1
eth:ethertype:ip:udp:bat.vis,1
