eth:ethertype:ip:udp:data,8650937
eth:ethertype:ip:udp:syslog,7126277
eth:ethertype:ip:udp:dns,3590025
eth:ethertype:ip:udp:stun,3183222
eth:ethertype:ip:udp:snmp,2485564
eth:ethertype:ip:udp:ntp,2031322
eth:ethertype:ip:data,1853947
eth:ethertype:ip:udp:nbns,689751
eth:ethertype:ip:udp:sip,534100
eth:ethertype:ip:udp:coap,220893
eth:ethertype:ip:udp:cflow,159157
eth:ethertype:ip:udp:mdns,145385
eth:ethertype:ip:udp:dtls,115668
eth:ethertype:ip:udp:sip:xml,101895
eth:ethertype:ip:udp:cldap,101061
eth:ethertype:ip:udp:ssdp,88610
eth:ethertype:ip:udp:memcache,88604
eth:ethertype:ip:udp,87541
eth:ethertype:ip:udp:isakmp,78254
eth:ethertype:ip:udp:openvpn,61778
eth:ethertype:ip:udp:rpc,60498
eth:ethertype:ip:udp:sip:data-text-lines,52492
eth:ethertype:ip:udp:srvloc,45642
eth:ethertype:ip:udp:capwap,45071
eth:ethertype:ip:udp:dhcp,42472
eth:ethertype:ip:udp:gtp,41141
eth:ethertype:ip:udp:portcontrol,39913
eth:ethertype:ip:udp:bvlc:bacnet:bacapp,37208
eth:ethertype:ip:udp:rip,31335
eth:ethertype:ip:udp:l2tp,27506
eth:ethertype:ip:udp:rmcp:ipmi_session:data,26621
eth:ethertype:ip:udp:udpencap:esp,24661
eth:ethertype:ip:udp:tftp,24394
eth:ethertype:ip:udp:xdmcp,21290
eth:ethertype:ip:udp:quake3,20600
eth:ethertype:ip:udp:gquic,20366
eth:ethertype:ip:udp:kerberos,20196
eth:ethertype:ip:udp:bfd,19588
eth:ethertype:ip:udp:quic:tls,18903
eth:ethertype:ip:udp:lwapp:data,17165
eth:ethertype:ip:udp:rdpudp,16183
eth:ethertype:ip:udp:gtp:gtpv2,16103
eth:ethertype:ip:udp:chargen,15469
eth:ethertype:ip:udp:hart_ip,15142
eth:ethertype:ip:udp:echo,14776
eth:ethertype:ip:udp:omron,14020
eth:ethertype:ip:udp:enip,13641
eth:ethertype:ip:udp:radius,13272
eth:ethertype:ip:udp:classicstun,12294
eth:ethertype:ip:udp:nbdgm:smb:browser,12038
eth:ethertype:ip:udp:time,10979
eth:ethertype:ip:udp:daytime,10907
eth:ethertype:ip:udp:rpc:data,10447
eth:ethertype:ip:udp:rtcp,10400
eth:ethertype:ip:udp:ecatf:ecat,10227
eth:ethertype:ip:udp:steam_ihs_discovery,9490
eth:ethertype:ip:udp:quic,7678
eth:ethertype:ip:udp:udpencap:isakmp,6817
eth:ethertype:ip:udp:kip,6583
eth:ethertype:ip:udp:mgcp,5494
eth:ethertype:ip:udp:coap:data,4401
eth:ethertype:ip:udp:teredo:ipv6,4058
eth:ethertype:ip:udp:iax2,3989
eth:ethertype:ip:udp:rmcp:asf,3482
eth:ethertype:ip:udp:wisun.eapol_relay:eapol:data,2855
eth:ethertype:ip:udp:rtps,2770
eth:ethertype:ip:udp:teredo:ipv6:icmpv6,2398
eth:ethertype:ip:udp:raknet:raknet,2390
eth:ethertype:ip:udp:wsp,1635
eth:ethertype:ip:udp:gtpprime,1189
eth:ethertype:ip:udp:cipio,1174
eth:ethertype:ip:udp:wtp,1069
eth:ethertype:ip:udp:quake3:data,1061
eth:ethertype:ip:udp:dis,1011
eth:ethertype:ip:udp:adp,1000
eth:ethertype:ip:udp:rx,900
eth:ethertype:ip:udp:radius:eap,855
eth:ethertype:ip:udp:ecmp,771
eth:ethertype:ip:udp:mndp,758
eth:ethertype:ip:udp:llc:data,692
eth:ethertype:ip:udp:pn_rt:pn_ptcp,686
eth:ethertype:ip:udp:ssdp:data,661
eth:ethertype:ip:udp:h225,647
eth:ethertype:ip:udp:tacacs,547
eth:ethertype:ip:udp:sbus,474
eth:ethertype:ip:udp:wtls,436
eth:ethertype:ip:udp:nano,414
eth:ethertype:ip:udp:msproxy,384
eth:ethertype:ip:udp:llmnr,363
eth:ethertype:ip:udp:c1222,304
eth:ethertype:ip:udp:vrt,281
eth:ethertype:ip:udp:raknet,276
eth:ethertype:ip:udp:ax4000,268
eth:ethertype:ip:udp:uaudp,245
eth:ethertype:ip:udp:kdp,239
eth:ethertype:ip:udp:collectd,229
eth:ethertype:ip:udp:tplink-smarthome:json:data-text-lines,215
eth:ethertype:ip:udp:elasticsearch,196
eth:ethertype:ip:udp:scop:data,193
eth:ethertype:ip:udp:h248,191
eth:ethertype:ip:udp:corosync_totemnet:data,184
eth:ethertype:ip:udp:ipvs,181
eth:ethertype:ip:udp:hcrt,176
eth:ethertype:ip:udp:mint,174
eth:ethertype:ip:udp:dpnet,166
eth:ethertype:ip:udp:kink,166
eth:ethertype:ip:udp:hiqnet,166
eth:ethertype:ip:udp:raknet:raknet:raknet,163
eth:ethertype:ip:udp:nxp_802154_sniffer:wpan,161
eth:ethertype:ip:udp:quake,161
eth:ethertype:ip:udp:bfd_echo,160
eth:ethertype:ip:udp:idn,158
eth:ethertype:ip:udp:cnip,154
eth:ethertype:ip:udp:ieee1722:data,151
eth:ethertype:ip:udp:asap,144
eth:ethertype:ip:udp:dof,136
eth:ethertype:ip:udp:gprs-ns,131
eth:ethertype:ip:udp:gprs-ns:bssgp,122
eth:ethertype:ip:udp:rsip,121
eth:ethertype:ip:udp:db-lsp-disc,118
eth:ethertype:ip:udp:mih,118
eth:ethertype:ip:udp:bjnp,115
eth:ethertype:ip:udp:rdt,112
eth:ethertype:ip:udp:asterix,112
eth:ethertype:ip:udp:mipv6,110
eth:ethertype:ip:udp:pktc.mtafqdn,104
eth:ethertype:ip:udp:iax2:data,103
eth:ethertype:ip:udp:h501,103
eth:ethertype:ip:udp:ts2,102
eth:ethertype:ip:udp:teredo:data,102
eth:ethertype:ip:udp:rsvp,99
eth:ethertype:ip:udp:lisp-data,98
eth:ethertype:ip:udp:sabp,95
eth:ethertype:ip:udp:wlccp,93
eth:ethertype:ip:udp:mikey,89
eth:ethertype:ip:udp:bat:data,87
eth:ethertype:ip:udp:tzsp,87
eth:ethertype:ip:udp:megaco:data,86
eth:ethertype:ip:udp:knet,85
eth:ethertype:ip:udp:bat.gw:data,85
eth:ethertype:ip:udp:quake:data,85
eth:ethertype:ip:udp:tipc,84
eth:ethertype:ip:udp:bat.vis:data,83
eth:ethertype:ip:udp:iapp,83
eth:ethertype:ip:udp:enrp,81
eth:ethertype:ip:udp:a21,78
eth:ethertype:ip:udp:vuze-dht,77
eth:ethertype:ip:udp:egd:data,75
eth:ethertype:ip:udp:pfcp,75
eth:ethertype:ip:udp:ulp,74
eth:ethertype:ip:udp:doip,72
eth:ethertype:ip:udp:icp,71
eth:ethertype:ip:udp:pktc,71
eth:ethertype:ip:udp:sctp,69
eth:ethertype:ip:udp:dvb_ipdc:data,67
eth:ethertype:ip:udp:quake2:data,66
eth:ethertype:ip:udp:amt,59
eth:ethertype:ip:udp:cnip:data,59
eth:ethertype:ip:udp:sap,57
eth:ethertype:ip:udp:ayiya,56
eth:ethertype:ip:udp:wg,56
eth:ethertype:ip:udp:rx:afs,54
eth:ethertype:ip:udp:ajns,53
eth:ethertype:ip:udp:stun:data,53
eth:ethertype:ip:udp:opensafety:data,52
eth:ethertype:ip:udp:manolito,51
eth:ethertype:ip:udp:lisp,49
eth:ethertype:ip:udp:nxp_802154_sniffer,48
eth:ethertype:ip:udp:gsmtap:data,47
eth:ethertype:ip:udp:tetra,47
eth:ethertype:ip:udp:lwapp:wlan,46
eth:ethertype:ip:udp:gre,46
eth:ethertype:ip:udp:infiniband,45
eth:ethertype:ip:udp:opensafety_udp:data,45
eth:ethertype:ip:udp:quakeworld:data,44
eth:ethertype:ip:udp:dcc,44
eth:ethertype:ip:udp:ath,42
eth:ethertype:ip:udp:mpls:data,42
eth:ethertype:ip:udp:ecatf:data,41
eth:ethertype:ip:udp:goose:cotp,39
eth:ethertype:ip:udp:vxlan:eth:ethertype:data,38
eth:ethertype:ip:udp:pn_rt:pn_io,37
eth:ethertype:ip:udp:lwapp:wlan:data,36
eth:ethertype:ip:udp:eth:ethertype:data,35
eth:ethertype:ip:udp:nxp_802154_sniffer:wpan:data,34
eth:ethertype:ip:udp:gre:data,32
eth:ethertype:ip:udp:capwap.data,32
eth:ethertype:ip:udp:lisp:data,31
eth:ethertype:ip:udp:sip:sdp,30
eth:ethertype:ip:udp:udpencap,29
eth:ethertype:ip:udp:thrift,28
eth:ethertype:ip:udp:data:vssmonitoring,28
eth:ethertype:ip:udp:geneve:data,25
eth:ethertype:ip:udp:capwap.data:dtls,25
eth:ethertype:ip:udp:eth,24
eth:ethertype:ip:udp:udt,24
eth:ethertype:ip:udp:gsmtap,23
eth:ethertype:ip:udp:egd,23
eth:ethertype:ip:udp:ardp,22
eth:ethertype:ip:udp:rtpproxy,22
eth:ethertype:ip:udp:dmp,21
eth:ethertype:ip:udp:capwap:dtls,20
eth:ethertype:ip:udp:geneve,18
eth:ethertype:ip:udp:quake2,18
eth:ethertype:ip:udp:vxlan:eth,18
eth:ethertype:ip:udp:wisun.eapol_relay,18
eth:ethertype:ip:udp:mpls:ipv6:data,17
eth:ethertype:ip:udp:infiniband:data,17
eth:ethertype:ip:udp:dcp-etsi:dcp-af,17
eth:ethertype:ip:udp:lisp-data:ip:data,15
eth:ethertype:ip:udp:scop,14
eth:ethertype:ip:udp:cigi,14
eth:ethertype:ip:udp:ecatf:ioraw,14
eth:ethertype:ip:udp:pn_rt,13
eth:ethertype:ip:udp:wtp:wsp,13
eth:ethertype:ip:udp:sabp:sabp,13
eth:ethertype:ip:udp:lisp-data:ipv6:data,13
eth:ethertype:ip:udp:sigcomp,13
eth:ethertype:ip:udp:xyplex,12
eth:ethertype:ip:udp:ecatf:tc_nv,12
eth:ethertype:ip:udp:mpls:pwethheuristic:pwethnocw:eth:ethertype:data,11
eth:ethertype:ip:udp:dlep,11
eth:ethertype:ip:udp:dhcpv6,11
eth:ethertype:ip:udp:ieee1722:iec61883,10
eth:ethertype:ip:udp:nbdgm,10
eth:ethertype:ip:udp:tsp,10
eth:ethertype:ip:udp:llc,10
eth:ethertype:ip:udp:enttec,10
eth:ethertype:ip:udp:packetbb,9
eth:ethertype:ip:udp:slimp3,9
eth:ethertype:ip:udp:ieee1722:aaf,8
eth:ethertype:ip:udp:ieee1722:cvf:data,8
eth:ethertype:ip:udp:dlsw,8
eth:ethertype:ip:udp:cups,8
eth:ethertype:ip:udp:ltp,8
eth:ethertype:ip:udp:capwap.data:data,7
eth:ethertype:ip:udp:vxlan,7
eth:ethertype:ip:udp:ripng,7
eth:ethertype:ip:udp:kpasswd,7
eth:ethertype:ip:udp:dvb_ipdc:alc:data,7
eth:ethertype:ip:udp:lbtrm,7
eth:ethertype:ip:udp:ipx:data,6
eth:ethertype:ip:udp:who,6
eth:ethertype:ip:udp:tzsp:data,6
eth:ethertype:ip:udp:auto_rp,6
eth:ethertype:ip:udp:msmms,5
eth:ethertype:ip:udp:dcp-etsi:dcp-pft,5
eth:ethertype:ip:udp:sip:sigcomp,5
eth:ethertype:ip:udp:quakeworld,5
eth:ethertype:ip:udp:lisp-data:ip,5
eth:ethertype:ip:udp:cnip:lon,5
eth:ethertype:ip:udp:rsp,5
eth:ethertype:ip:udp:lwres,5
eth:ethertype:ip:udp:pathport,5
eth:ethertype:ip:udp:find,5
eth:ethertype:ip:udp:lmp,5
eth:ethertype:ip:udp:mip,4
eth:ethertype:ip:udp:mpls:pwethheuristic:pwethcw:eth:ethertype:data,4
eth:ethertype:ip:udp:mpls:ipv6,4
eth:ethertype:ip:udp:ncp,4
eth:ethertype:ip:udp:wisun.eapol_relay:eapol,4
eth:ethertype:ip:udp:ltp:data,4
eth:ethertype:ip:udp:lwapp,4
eth:ethertype:ip:udp:mpls:ip,4
eth:ethertype:ip:udp:dvb_ipdc:alc:rmt-lct,4
eth:ethertype:ip:udp:ipx,4
eth:ethertype:ip:udp:l2tp:data,4
eth:ethertype:ip:udp:mpls,3
eth:ethertype:ip:udp:scop:wpan,3
eth:ethertype:ip:udp:tapa,3
eth:ethertype:ip:udp:wimaxasncp,3
eth:ethertype:ip:udp:acdr,3
eth:ethertype:ip:udp:ptp,3
eth:ethertype:ip:udp:cpfi,3
eth:ethertype:ip:udp:stun:tftp:data,2
eth:ethertype:ip:udp:armagetronad,2
eth:ethertype:ip:udp:tzsp:eth:ethertype:data,2
eth:ethertype:ip:udp:ecatf,2
eth:ethertype:ip:udp:tpcp,2
eth:ethertype:ip:udp:opensafety_udp,2
eth:ethertype:ip:udp:eth:llc,2
eth:ethertype:ip:udp:epl,2
eth:ethertype:ip:udp:amt:ip,2
eth:ethertype:ip:udp:megaco:h248,2
eth:ethertype:ip:udp:teredo,2
eth:ethertype:ip:udp:capwap.data:eth:ethertype:data,2
eth:ethertype:ip:udp:mint:eth,2
eth:ethertype:ip:udp:ayiya:swipe,2
eth:ethertype:ip:udp:dtls:x509sat:x509sat:x509sat:x509sat,2
eth:ethertype:ip:udp:tipc:data,2
eth:ethertype:ip:udp:memcache:vssmonitoring,1
eth:ethertype:ip:udp:sap:sdp,1
eth:ethertype:ip:udp:bat.vis,1
eth:ethertype:ip:udp:acdr:ip,1
eth:ethertype:ip:udp:lisp-data:ipv6:etherip:eth:ethertype:data,1
eth:ethertype:ip:udp:lisp-data:ipv6:ah,1
eth:ethertype:ip:udp:lisp-data:ipv6:gre:data,1
eth:ethertype:ip:udp:lisp-data:ipv6:swipe,1
eth:ethertype:ip:udp:olsr,1
eth:ethertype:ip:udp:a11,1
eth:ethertype:ip:udp:megaco,1
eth:ethertype:ip:udp:aodv,1
eth:ethertype:ip:udp:hip,1
eth:ethertype:ip:udp:goose:cotp:goose,1
eth:ethertype:ip:udp:bat.gw:ip,1
eth:ethertype:ip:udp:rdpudp:dtls,1
eth:ethertype:ip:udp:wol,1
eth:ethertype:ip:udp:jmirror:ipv6,1
eth:ethertype:ip:udp:ecatf:ecat_mailbox,1
eth:ethertype:ip:udp:e100:eth,1
eth:ethertype:ip:udp:amt:ip:ipv6:data,1
eth:ethertype:ip:udp:ayiya:dsr:ipv6.hopopts:ipv6.hopopts,1
eth:ethertype:ip:udp:wccp,1
eth:ethertype:ip:udp:capwap.data:eth:llc:data,1
eth:ethertype:ip:udp:actrace,1
eth:ethertype:ip:udp:icq,1
eth:ethertype:ip:udp:ecatf:ams,1
eth:ethertype:ip:udp:mint:eth:ethertype:data,1
eth:ethertype:ip:udp:ntp:vssmonitoring,1
eth:ethertype:ip:udp:nbdgm:smb:smb_netlogon,1
eth:ethertype:ip:udp:vxlan:eth:llc:data,1
eth:ethertype:ip:udp:edonkey,1
eth:ethertype:ip:udp:acdr:data,1
eth:ethertype:ip:udp:sflow,1
eth:ethertype:ip:udp:bat.gw,1
eth:ethertype:ip:udp:uaudp:ua:data,1
eth:ethertype:ip:udp:llc:sna:data,1
