eth:ethertype:ip:udp:stun,10358452
eth:ethertype:ip:udp:data,9830206
eth:ethertype:ip:udp:dns,3725044
eth:ethertype:ip:udp:syslog,2736247
eth:ethertype:ip:udp:ntp,2091290
eth:ethertype:ip:data,1547716
eth:ethertype:ip:udp:snmp,1434861
eth:ethertype:ip:udp:nbns,526497
eth:ethertype:ip:udp:sip,428426
eth:ethertype:ip:udp:cflow,162670
eth:ethertype:ip:udp:coap,159589
eth:ethertype:ip:udp:ssdp,141198
eth:ethertype:ip:udp:cldap,122383
eth:ethertype:ip:udp:sip:xml,102020
eth:ethertype:ip:udp:openvpn,95216
eth:ethertype:ip:udp:mdns,94734
eth:ethertype:ip:udp:isakmp,84085
eth:ethertype:ip:udp,72859
eth:ethertype:ip:udp:memcache,72247
eth:ethertype:ip:udp:rpc,68762
eth:ethertype:ip:udp:gtp,60986
eth:ethertype:ip:udp:dtls,57377
eth:ethertype:ip:udp:sip:data-text-lines,52541
eth:ethertype:ip:udp:srvloc,48380
eth:ethertype:ip:udp:capwap,42360
eth:ethertype:ip:udp:portcontrol,38618
eth:ethertype:ip:udp:rip,36744
eth:ethertype:ip:udp:bvlc:bacnet:bacapp,35620
eth:ethertype:ip:udp:udpencap:esp,34698
eth:ethertype:ip:udp:l2tp,27698
eth:ethertype:ip:udp:gtp:gtpv2,24617
eth:ethertype:ip:udp:gquic,21024
eth:ethertype:ip:udp:xdmcp,20236
eth:ethertype:ip:udp:kerberos,18662
eth:ethertype:ip:udp:rdpudp,17728
eth:ethertype:ip:udp:lwapp:data,17278
eth:ethertype:ip:udp:quic:tls,17251
eth:ethertype:ip:udp:dhcp,16813
eth:ethertype:ip:udp:chargen,13987
eth:ethertype:ip:udp:rmcp:ipmi_session:data,13832
eth:ethertype:ip:udp:echo,13763
eth:ethertype:ip:udp:enip,13593
eth:ethertype:ip:udp:tftp,13567
eth:ethertype:ip:udp:radius,13402
eth:ethertype:ip:udp:omron,13222
eth:ethertype:ip:udp:classicstun,12884
eth:ethertype:ip:udp:gtpprime,11790
eth:ethertype:ip:udp:daytime,10303
eth:ethertype:ip:udp:time,10288
eth:ethertype:ip:udp:quake3,10284
eth:ethertype:ip:udp:ecatf:ecat,10226
eth:ethertype:ip:udp:bfd,9836
eth:ethertype:ip:udp:steam_ihs_discovery,9332
eth:ethertype:ip:udp:nbdgm:smb:browser,9188
eth:ethertype:ip:udp:udpencap:isakmp,8667
eth:ethertype:ip:udp:mgcp,7836
eth:ethertype:ip:udp:kip,6193
eth:ethertype:ip:udp:hart_ip,5613
eth:ethertype:ip:udp:teredo:ipv6,4350
eth:ethertype:ip:udp:coap:data,4247
eth:ethertype:ip:udp:dis,3945
eth:ethertype:ip:udp:rtcp,3883
eth:ethertype:ip:udp:rmcp:asf,3395
eth:ethertype:ip:udp:wisun.eapol_relay:eapol:data,2539
eth:ethertype:ip:udp:quake3:data,2319
eth:ethertype:ip:udp:iax2,2237
eth:ethertype:ip:udp:raknet:raknet,1919
eth:ethertype:ip:udp:llmnr,1783
eth:ethertype:ip:udp:wtp,1685
eth:ethertype:ip:udp:llc:data,1590
eth:ethertype:ip:udp:wsp,1334
eth:ethertype:ip:udp:ts2,1275
eth:ethertype:ip:udp:rtps,1223
eth:ethertype:ip:udp:mipv6,1217
eth:ethertype:ip:udp:cipio,1163
eth:ethertype:ip:udp:wtls,1139
eth:ethertype:ip:udp:amt,1112
eth:ethertype:ip:udp:corosync_totemnet:data,948
eth:ethertype:ip:udp:raknet:raknet:raknet,876
eth:ethertype:ip:udp:asterix,822
eth:ethertype:ip:udp:doip,768
eth:ethertype:ip:udp:sctp,759
eth:ethertype:ip:udp:h248,730
eth:ethertype:ip:udp:icp,714
eth:ethertype:ip:udp:scop:data,710
eth:ethertype:ip:udp:ath,685
eth:ethertype:ip:udp:db-lsp-disc,669
eth:ethertype:ip:udp:hcrt,642
eth:ethertype:ip:udp:nxp_802154_sniffer:wpan,615
eth:ethertype:ip:udp:quic,606
eth:ethertype:ip:udp:lwapp:wlan,597
eth:ethertype:ip:udp:manolito,579
eth:ethertype:ip:udp:elasticsearch,579
eth:ethertype:ip:udp:dof,572
eth:ethertype:ip:udp:ssdp:data,566
eth:ethertype:ip:udp:mih,556
eth:ethertype:ip:udp:sbus,556
eth:ethertype:ip:udp:mint,550
eth:ethertype:ip:udp:pktc,544
eth:ethertype:ip:udp:pn_rt:pn_ptcp,537
eth:ethertype:ip:udp:gre:data,532
eth:ethertype:ip:udp:vrt,504
eth:ethertype:ip:udp:capwap.data,495
eth:ethertype:ip:udp:tplink-smarthome:json:data-text-lines,433
eth:ethertype:ip:udp:cnip,433
eth:ethertype:ip:udp:knet,419
eth:ethertype:ip:udp:sabp:sabp,418
eth:ethertype:ip:udp:gsmtap:data,417
eth:ethertype:ip:udp:rsvp,416
eth:ethertype:ip:udp:radius:eap,396
eth:ethertype:ip:udp:uaudp,392
eth:ethertype:ip:udp:iapp,385
eth:ethertype:ip:udp:ecmp,381
eth:ethertype:ip:udp:bat.vis:data,378
eth:ethertype:ip:udp:teredo:data,372
eth:ethertype:ip:udp:ax4000,372
eth:ethertype:ip:udp:quake:data,363
eth:ethertype:ip:udp:adp,354
eth:ethertype:ip:udp:a21,352
eth:ethertype:ip:udp:enrp,343
eth:ethertype:ip:udp:rsip,339
eth:ethertype:ip:udp:infiniband:data,338
eth:ethertype:ip:udp:h225,335
eth:ethertype:ip:udp:tipc,333
eth:ethertype:ip:udp:pfcp,330
eth:ethertype:ip:udp:hiqnet,327
eth:ethertype:ip:udp:nxp_802154_sniffer,326
eth:ethertype:ip:udp:geneve:data,325
eth:ethertype:ip:udp:wg,319
eth:ethertype:ip:udp:ecatf:data,318
eth:ethertype:ip:udp:dvb_ipdc:data,302
eth:ethertype:ip:udp:ipvs,298
eth:ethertype:ip:udp:mpls-echo,270
eth:ethertype:ip:udp:iax2:data,265
eth:ethertype:ip:udp:collectd,265
eth:ethertype:ip:udp:c1222,264
eth:ethertype:ip:udp:quakeworld:data,263
eth:ethertype:ip:udp:idn,263
eth:ethertype:ip:udp:ajns,261
eth:ethertype:ip:udp:ulp,241
eth:ethertype:ip:udp:kdp,236
eth:ethertype:ip:udp:lisp-data,221
eth:ethertype:ip:udp:pktc.mtafqdn,220
eth:ethertype:ip:udp:nano,217
eth:ethertype:ip:udp:ardp,217
eth:ethertype:ip:udp:quake2:data,209
eth:ethertype:ip:udp:wlccp,206
eth:ethertype:ip:udp:asap,206
eth:ethertype:ip:udp:mikey,203
eth:ethertype:ip:udp:kink,202
eth:ethertype:ip:udp:tzsp,199
eth:ethertype:ip:udp:lisp:data,198
eth:ethertype:ip:udp:eth:ethertype:data,186
eth:ethertype:ip:udp:bjnp,180
eth:ethertype:ip:udp:h501,169
eth:ethertype:ip:udp:lwapp,161
eth:ethertype:ip:udp:tetra,156
eth:ethertype:ip:udp:dmp,151
eth:ethertype:ip:udp:lwapp:wlan:data,140
eth:ethertype:ip:udp:ieee1722:data,134
eth:ethertype:ip:udp:mpls:data,128
eth:ethertype:ip:udp:vxlan:eth:ethertype:data,127
eth:ethertype:ip:udp:msproxy,127
eth:ethertype:ip:udp:vuze-dht,118
eth:ethertype:ip:udp:geneve,116
eth:ethertype:ip:udp:bfd_echo,115
eth:ethertype:ip:udp:gprs-ns,114
eth:ethertype:ip:udp:capwap:dtls,114
eth:ethertype:ip:udp:dcc,112
eth:ethertype:ip:udp:ayiya,110
eth:ethertype:ip:udp:dpnet,108
eth:ethertype:ip:udp:bat.gw:data,100
eth:ethertype:ip:udp:bat:data,98
eth:ethertype:ip:udp:nbdgm:smb:data,96
eth:ethertype:ip:udp:sap,94
eth:ethertype:ip:udp:egd:data,90
eth:ethertype:ip:udp:opensafety_udp:data,88
eth:ethertype:ip:udp:megaco:data,88
eth:ethertype:ip:udp:opensafety:data,84
eth:ethertype:ip:udp:raknet,80
eth:ethertype:ip:udp:rdt,67
eth:ethertype:ip:udp:sabp,65
eth:ethertype:ip:udp:stun:data,64
eth:ethertype:ip:udp:gre,58
eth:ethertype:ip:udp:lisp-data:ip:data,55
eth:ethertype:ip:udp:infiniband,54
eth:ethertype:ip:udp:tacacs,53
eth:ethertype:ip:udp:vxlan:eth:llc:data,53
eth:ethertype:ip:udp:pn_rt:pn_io,53
eth:ethertype:ip:udp:lisp-data:ipv6:data,48
eth:ethertype:ip:udp:gsmtap,46
eth:ethertype:ip:udp:goose:cotp,41
eth:ethertype:ip:udp:jmirror:ipv6:data,40
eth:ethertype:ip:udp:mpls:ip:data,39
eth:ethertype:ip:udp:udpencap,37
eth:ethertype:ip:udp:lisp,35
eth:ethertype:ip:udp:cnip:data,33
eth:ethertype:ip:udp:wisun.eapol_relay,32
eth:ethertype:ip:udp:wtp:wsp,26
eth:ethertype:ip:udp:vxlan:eth,25
eth:ethertype:ip:udp:capwap.data:data,25
eth:ethertype:ip:udp:dvb_ipdc:alc:data,24
eth:ethertype:ip:udp:capwap.data:dtls,22
eth:ethertype:ip:udp:thrift,22
eth:ethertype:ip:udp:mpls:ipv6:data,21
eth:ethertype:ip:udp:dcp-etsi:dcp-pft,21
eth:ethertype:ip:udp:lisp-data:ip,21
eth:ethertype:ip:udp:mpls:ip,19
eth:ethertype:ip:udp:slimp3,19
eth:ethertype:ip:udp:rx:afs,19
eth:ethertype:ip:udp:llc,18
eth:ethertype:ip:udp:nbdgm,17
eth:ethertype:ip:udp:ripng,16
eth:ethertype:ip:udp:data:vssmonitoring,16
eth:ethertype:ip:udp:sigcomp,16
eth:ethertype:ip:udp:rx,16
eth:ethertype:ip:udp:l2tp:data,16
eth:ethertype:ip:udp:who,15
eth:ethertype:ip:udp:mndp,15
eth:ethertype:ip:udp:egd,13
eth:ethertype:ip:udp:mpls:pwethheuristic:pwethcw:eth:ethertype:data,12
eth:ethertype:ip:udp:mip,12
eth:ethertype:ip:udp:sabp:sabp:sabp,11
eth:ethertype:ip:udp:gprs-ns:bssgp,10
eth:ethertype:ip:udp:kpasswd,10
eth:ethertype:ip:udp:dhcpv6,10
eth:ethertype:ip:udp:ecatf:tc_nv,10
eth:ethertype:ip:udp:ecatf:ioraw,10
eth:ethertype:ip:udp:mpls:ipv6:ipv6.hopopts,10
eth:ethertype:ip:udp:eth,9
eth:ethertype:ip:udp:find,9
eth:ethertype:ip:udp:mpls,9
eth:ethertype:ip:udp:scop,9
eth:ethertype:ip:udp:mpls:ipv6,9
eth:ethertype:ip:udp:xyplex,9
eth:ethertype:ip:udp:lwres,9
eth:ethertype:ip:udp:pathport,9
eth:ethertype:ip:udp:ltp,9
eth:ethertype:ip:udp:pn_rt,8
eth:ethertype:ip:udp:dlep,8
eth:ethertype:ip:udp:msmms,8
eth:ethertype:ip:udp:ncp,8
eth:ethertype:ip:udp:ecatf:ecat_mailbox,7
eth:ethertype:ip:udp:ipx,7
eth:ethertype:ip:udp:quakeworld,7
eth:ethertype:ip:udp:auto_rp,7
eth:ethertype:ip:udp:ieee1722:iec61883,7
eth:ethertype:ip:udp:quake2,7
eth:ethertype:ip:udp:packetbb,6
eth:ethertype:ip:udp:rtpproxy,6
eth:ethertype:ip:udp:lmp,6
eth:ethertype:ip:udp:capwap.data:eth:ethertype:data,6
eth:ethertype:ip:udp:rsp,6
eth:ethertype:ip:udp:bat.gw,6
eth:ethertype:ip:udp:jmirror:ip:data,6
eth:ethertype:ip:udp:dlsw,6
eth:ethertype:ip:udp:enttec,6
eth:ethertype:ip:udp:cups,6
eth:ethertype:ip:udp:ecatf:ams,6
eth:ethertype:ip:udp:cpfi,5
eth:ethertype:ip:udp:nxp_802154_sniffer:wpan:data,5
eth:ethertype:ip:udp:acdr,5
eth:ethertype:ip:udp:capwap:data,5
eth:ethertype:ip:udp:rdpudp:data,5
eth:ethertype:ip:udp:armagetronad,4
eth:ethertype:ip:udp:wccp,4
eth:ethertype:ip:udp:lbtrm,4
eth:ethertype:ip:udp:dcp-etsi:dcp-af,4
eth:ethertype:ip:udp:tsp,4
eth:ethertype:ip:udp:sip:sigcomp,4
eth:ethertype:ip:udp:llc:ipx,4
eth:ethertype:ip:udp:teredo,3
eth:ethertype:ip:udp:mpls:pwethheuristic:pwethcw:eth,3
eth:ethertype:ip:udp:epl,3
eth:ethertype:ip:udp:ecatf,3
eth:ethertype:ip:udp:mint:eth:ethertype:data,3
eth:ethertype:ip:udp:jmirror:ipv6:l2tp:data,3
eth:ethertype:ip:udp:jmirror:ipv6:etherip:eth:llc,3
eth:ethertype:ip:udp:ipx:data,3
eth:ethertype:ip:udp:lisp-data:ipv6:ah,3
eth:ethertype:ip:udp:lisp-data:ipv6:lwl4,3
eth:ethertype:ip:udp:quake,3
eth:ethertype:ip:udp:tapa,3
eth:ethertype:ip:udp:a11,3
eth:ethertype:ip:udp:wisun.eapol_relay:eapol,3
eth:ethertype:ip:udp:vxlan,3
eth:ethertype:ip:udp:ayiya:dsr:ipv6.hopopts:ipv6.hopopts,2
eth:ethertype:ip:udp:eth:llc,2
eth:ethertype:ip:udp:eth:llc:data,2
eth:ethertype:ip:udp:jmirror:ipv6:vrrp,2
eth:ethertype:ip:udp:jmirror:ipv6:osi:data,2
eth:ethertype:ip:udp:jmirror:ipv6:esp,2
eth:ethertype:ip:udp:llc:sna:data,2
eth:ethertype:ip:udp:lisp-data:ipv6:swipe,2
eth:ethertype:ip:udp:lisp-data:ipv6:pim,2
eth:ethertype:ip:udp:lisp-data:ipv6:gre:data,2
eth:ethertype:ip:udp:lisp-data:ipv6:ipv6.routing,2
eth:ethertype:ip:udp:dvb_ipdc:alc:rmt-lct,2
eth:ethertype:ip:udp:scop:wpan,2
eth:ethertype:ip:udp:tpcp,2
eth:ethertype:ip:udp:ltp:data,2
eth:ethertype:ip:udp:tzsp:data,2
eth:ethertype:ip:udp:lisp-data:ipv6:nhrp,2
eth:ethertype:ip:udp:lisp-data:ipv6:eigrp,2
eth:ethertype:ip:udp:bat.gw:ip,2
eth:ethertype:ip:udp:sap:sdp,2
eth:ethertype:ip:udp:aodv,2
eth:ethertype:ip:udp:ptp,2
eth:ethertype:ip:udp:mdns:vssmonitoring,2
eth:ethertype:ip:udp:bat.vis,2
eth:ethertype:ip:udp:amt:ip,2
eth:ethertype:ip:udp:opensafety_udp,2
eth:ethertype:ip:udp:megaco,2
eth:ethertype:ip:udp:vxlan:eth:ethertype:isis,1
eth:ethertype:ip:udp:ieee1722,1
eth:ethertype:ip:udp:jmirror:ipv6:lwl4,1
eth:ethertype:ip:udp:jmirror:ipv6:ipv6.routing,1
eth:ethertype:ip:udp:jmirror:ipv6,1
eth:ethertype:ip:udp:jmirror:ipv6:gre:data,1
eth:ethertype:ip:udp:jmirror:ipv6:swipe,1
eth:ethertype:ip:udp:bundle,1
eth:ethertype:ip:udp:mpls:pwethheuristic:pwethnocw:eth:ethertype:data,1
eth:ethertype:ip:udp:lisp-data:ipv6:etherip:eth:llc,1
eth:ethertype:ip:udp:lisp-data:ipv6:vines_frp:vines_ip:data,1
eth:ethertype:ip:udp:lisp-data:ipv6:vrrp,1
eth:ethertype:ip:udp:lisp-data:ipv6,1
eth:ethertype:ip:udp:oicq,1
eth:ethertype:ip:udp:ieee1722:cvf:data,1
eth:ethertype:ip:udp:teredo:ipv6:data,1
eth:ethertype:ip:udp:mpls:ipv6:etherip:eth:llc:data,1
eth:ethertype:ip:udp:mpls:ipv6:lwl4,1
eth:ethertype:ip:udp:db-lsp-disc:json:data-text-lines,1
eth:ethertype:ip:udp:bvlc:data,1
eth:ethertype:ip:udp:icq,1
eth:ethertype:ip:udp:sflow,1
eth:ethertype:ip:udp:lisp-data:ipv6:ipcomp:data,1
eth:ethertype:ip:udp:lisp-data:ipv6:ospf,1
eth:ethertype:ip:udp:lisp-data:ipv6:esp,1
eth:ethertype:ip:udp:adwin,1
eth:ethertype:ip:udp:tzsp:eth:ethertype:data,1
eth:ethertype:ip:udp:hip,1
eth:ethertype:ip:udp:llc:osi:data,1
eth:ethertype:ip:udp:mpls:pwach:data,1
eth:ethertype:ip:udp:jmirror:ipv6:ipcomp:data,1
eth:ethertype:ip:udp:jmirror:ipv6:ah,1
eth:ethertype:ip:udp:jmirror:ipv6:nhrp,1
eth:ethertype:ip:udp:jmirror:ipv6:ospf,1
eth:ethertype:ip:udp:actrace,1
eth:ethertype:ip:udp:rdpudp:tls,1
eth:ethertype:ip:udp:tzsp:tr,1
eth:ethertype:ip:udp:capwap.data:eth:llc,1
eth:ethertype:ip:udp:cnip:lon,1
eth:ethertype:ip:udp:rmcp:data,1
eth:ethertype:ip:udp:acdr:data,1
eth:ethertype:ip:udp:papi,1
eth:ethertype:ip:udp:mp2t,1
eth:ethertype:ip:udp:ddtp,1
eth:ethertype:ip:udp:capwap.data:eth,1
eth:ethertype:ip:udp:wimaxasncp,1
eth:ethertype:ip:udp:ip,1
