eth:ethertype:ip:udp:stun,18505902
eth:ethertype:ip:udp:data,8410243
eth:ethertype:ip:udp:syslog,4599139
eth:ethertype:ip:udp:dns,4452506
eth:ethertype:ip:udp:snmp,2308398
eth:ethertype:ip:udp:ntp,2171572
eth:ethertype:ip:data,1151598
eth:ethertype:ip:udp:sip,786261
eth:ethertype:ip:udp:nbns,516566
eth:ethertype:ip:udp:cflow,175303
eth:ethertype:ip:udp:cldap,163886
eth:ethertype:ip:udp:quic,146150
eth:ethertype:ip:udp:coap,114158
eth:ethertype:ip:udp:rpc,114094
eth:ethertype:ip:udp:sip:xml,102137
eth:ethertype:ip:udp:mdns,92739
eth:ethertype:ip:udp:ssdp,77283
eth:ethertype:ip:udp,70967
eth:ethertype:ip:udp:memcache,69514
eth:ethertype:ip:udp:openvpn,62684
eth:ethertype:ip:udp:isakmp,60533
eth:ethertype:ip:udp:portcontrol,59479
eth:ethertype:ip:udp:dtls,58206
eth:ethertype:ip:udp:sip:data-text-lines,52860
eth:ethertype:ip:udp:rip,48215
eth:ethertype:ip:udp:elasticsearch,45771
eth:ethertype:ip:udp:capwap,45264
eth:ethertype:ip:udp:gtp,41635
eth:ethertype:ip:udp:l2tp,38214
eth:ethertype:ip:udp:dhcp,37973
eth:ethertype:ip:udp:bvlc:bacnet:bacapp,36524
eth:ethertype:ip:udp:quic:tls,36252
eth:ethertype:ip:udp:srvloc,34521
eth:ethertype:ip:udp:udpencap:esp,33322
eth:ethertype:ip:udp:chargen,30645
eth:ethertype:ip:udp:xdmcp,25488
eth:ethertype:ip:udp:radius,24503
eth:ethertype:ip:udp:gquic,20539
eth:ethertype:ip:udp:kerberos,18746
eth:ethertype:ip:udp:lwapp:data,17267
eth:ethertype:ip:udp:rdpudp,17246
eth:ethertype:ip:udp:classicstun,15291
eth:ethertype:ip:udp:rmcp:ipmi_session:data,15138
eth:ethertype:ip:udp:enip,14775
eth:ethertype:ip:udp:echo,13840
eth:ethertype:ip:udp:tftp,13620
eth:ethertype:ip:udp:omron,13601
eth:ethertype:ip:udp:bfd,11861
eth:ethertype:ip:udp:gtp:gtpv2,11587
eth:ethertype:ip:udp:rpc:data,10503
eth:ethertype:ip:udp:time,10302
eth:ethertype:ip:udp:daytime,10299
eth:ethertype:ip:udp:ecatf:ecat,10081
eth:ethertype:ip:udp:steam_ihs_discovery,9775
eth:ethertype:ip:udp:udpencap:isakmp,9152
eth:ethertype:ip:udp:nbdgm:smb:browser,8268
eth:ethertype:ip:udp:kip,7785
eth:ethertype:ip:udp:rtcp,6555
eth:ethertype:ip:udp:hart_ip,6077
eth:ethertype:ip:udp:mgcp,5301
eth:ethertype:ip:udp:wlccp,4862
eth:ethertype:ip:udp:raknet:raknet,3906
eth:ethertype:ip:udp:iax2,3536
eth:ethertype:ip:udp:teredo:ipv6:icmpv6,3314
eth:ethertype:ip:udp:coap:data,3184
eth:ethertype:ip:udp:teredo:ipv6,3140
eth:ethertype:ip:udp:rmcp:asf,2788
eth:ethertype:ip:udp:llc:data,1991
eth:ethertype:ip:udp:asterix,1882
eth:ethertype:ip:udp:wsp,1702
eth:ethertype:ip:udp:gtpprime,1591
eth:ethertype:ip:udp:dis,1577
eth:ethertype:ip:udp:wisun.eapol_relay:eapol:data,1552
eth:ethertype:ip:udp:cipio,1547
eth:ethertype:ip:udp:opensafety_udp:data,1509
eth:ethertype:ip:udp:gprs-ns:bssgp,1428
eth:ethertype:ip:udp:wtp,1272
eth:ethertype:ip:udp:rtps,1165
eth:ethertype:ip:udp:kink,1146
eth:ethertype:ip:udp:wtls,1137
eth:ethertype:ip:udp:quake3:data,1131
eth:ethertype:ip:udp:mpls:pwethheuristic:pwethcw:eth:ethertype:data,1037
eth:ethertype:ip:udp:teredo:data,1034
eth:ethertype:ip:udp:dof,1012
eth:ethertype:ip:udp:mikey,855
eth:ethertype:ip:udp:tzsp,831
eth:ethertype:ip:udp:pn_rt:pn_ptcp,810
eth:ethertype:ip:udp:quake:data,796
eth:ethertype:ip:udp:ts2,781
eth:ethertype:ip:udp:knet,775
eth:ethertype:ip:udp:radius:eap,756
eth:ethertype:ip:udp:nxp_802154_sniffer:wpan,754
eth:ethertype:ip:udp:h501,734
eth:ethertype:ip:udp:sbus,730
eth:ethertype:ip:udp:ath,715
eth:ethertype:ip:udp:manolito,694
eth:ethertype:ip:udp:iax2:data,680
eth:ethertype:ip:udp:uaudp,657
eth:ethertype:ip:udp:ssdp:data,639
eth:ethertype:ip:udp:lisp:data,631
eth:ethertype:ip:udp:tipc,615
eth:ethertype:ip:udp:eth:ethertype:data,609
eth:ethertype:ip:udp:adp,589
eth:ethertype:ip:udp:asap,584
eth:ethertype:ip:udp:icp,579
eth:ethertype:ip:udp:hcrt,573
eth:ethertype:ip:udp:cnip,568
eth:ethertype:ip:udp:db-lsp-disc,542
eth:ethertype:ip:udp:tplink-smarthome:json:data-text-lines,540
eth:ethertype:ip:udp:dpnet,528
eth:ethertype:ip:udp:hiqnet,520
eth:ethertype:ip:udp:scop:data,506
eth:ethertype:ip:udp:nano,497
eth:ethertype:ip:udp:lisp-data,486
eth:ethertype:ip:udp:h225,468
eth:ethertype:ip:udp:ayiya,465
eth:ethertype:ip:udp:amt,465
eth:ethertype:ip:udp:vuze-dht,464
eth:ethertype:ip:udp:ardp,462
eth:ethertype:ip:udp:ajns,453
eth:ethertype:ip:udp:dmp,442
eth:ethertype:ip:udp:mint,441
eth:ethertype:ip:udp:dvb_ipdc:data,439
eth:ethertype:ip:udp:vrt,420
eth:ethertype:ip:udp:pktc,420
eth:ethertype:ip:udp:capwap.data,392
eth:ethertype:ip:udp:msproxy,383
eth:ethertype:ip:udp:mpls-echo,378
eth:ethertype:ip:udp:quake2:data,373
eth:ethertype:ip:udp:sigcomp,372
eth:ethertype:ip:udp:mih,369
eth:ethertype:ip:udp:tetra,366
eth:ethertype:ip:udp:bat.gw:data,361
eth:ethertype:ip:udp:geneve:data,361
eth:ethertype:ip:udp:rsip,359
eth:ethertype:ip:udp:ipvs,359
eth:ethertype:ip:udp:egd:data,350
eth:ethertype:ip:udp:corosync_totemnet:data,346
eth:ethertype:ip:udp:raknet:raknet:raknet,346
eth:ethertype:ip:udp:idn,333
eth:ethertype:ip:udp:rx,318
eth:ethertype:ip:udp:infiniband:data,310
eth:ethertype:ip:udp:sabp:sabp,306
eth:ethertype:ip:udp:ax4000,293
eth:ethertype:ip:udp:pfcp,287
eth:ethertype:ip:udp:pktc.mtafqdn,282
eth:ethertype:ip:udp:iapp,277
eth:ethertype:ip:udp:collectd,266
eth:ethertype:ip:udp:llmnr,266
eth:ethertype:ip:udp:mpls:data,262
eth:ethertype:ip:udp:ecatf:data,256
eth:ethertype:ip:udp:ieee1722:data,249
eth:ethertype:ip:udp:bat.vis:data,242
eth:ethertype:ip:udp:gprs-ns,237
eth:ethertype:ip:udp:rdt,237
eth:ethertype:ip:udp:h248,232
eth:ethertype:ip:udp:stun:data,232
eth:ethertype:ip:udp:rsvp,227
eth:ethertype:ip:udp:bfd_echo,225
eth:ethertype:ip:udp:sctp,219
eth:ethertype:ip:udp:bat:data,216
eth:ethertype:ip:udp:ulp,215
eth:ethertype:ip:udp:doip,212
eth:ethertype:ip:udp:c1222,204
eth:ethertype:ip:udp:raknet,197
eth:ethertype:ip:udp:vxlan:eth:llc:data,196
eth:ethertype:ip:udp:opensafety:data,175
eth:ethertype:ip:udp:a21,169
eth:ethertype:ip:udp:tacacs,165
eth:ethertype:ip:udp:ecmp,159
eth:ethertype:ip:udp:egd,158
eth:ethertype:ip:udp:kdp,151
eth:ethertype:ip:udp:bjnp,145
eth:ethertype:ip:udp:pn_rt:pn_io,121
eth:ethertype:ip:udp:megaco:data,116
eth:ethertype:ip:udp:quake3,106
eth:ethertype:ip:udp:gsmtap:data,103
eth:ethertype:ip:udp:capwap.data:eth:ethertype:data,86
eth:ethertype:ip:udp:lisp-data:ip:data,83
eth:ethertype:ip:udp:lisp-data:ipv6:data,79
eth:ethertype:ip:udp:enrp,66
eth:ethertype:ip:udp:gre:data,63
eth:ethertype:ip:udp:mipv6,63
eth:ethertype:ip:udp:sap,61
eth:ethertype:ip:udp:wtp:wsp,61
eth:ethertype:ip:udp:lwapp:wlan:data,61
eth:ethertype:ip:udp:lwapp:wlan,60
eth:ethertype:ip:udp:jmirror:ipv6:data,56
eth:ethertype:ip:udp:infiniband,55
eth:ethertype:ip:udp:quakeworld:data,54
eth:ethertype:ip:udp:wg,49
eth:ethertype:ip:udp:gre,49
eth:ethertype:ip:udp:mpls:ip:data,45
eth:ethertype:ip:udp:dcc,43
eth:ethertype:ip:udp:geneve,41
eth:ethertype:ip:udp:nxp_802154_sniffer,39
eth:ethertype:ip:udp:thrift,38
eth:ethertype:ip:udp:lisp-data:ip,38
eth:ethertype:ip:udp:goose:cotp,37
eth:ethertype:ip:udp:mpls:ipv6:data,36
eth:ethertype:ip:udp:nxp_802154_sniffer:wpan:data,33
eth:ethertype:ip:udp:sabp,31
eth:ethertype:ip:udp:gsmtap,29
eth:ethertype:ip:udp:capwap:dtls,29
eth:ethertype:ip:udp:vxlan:eth:ethertype:data,26
eth:ethertype:ip:udp:capwap.data:dtls,26
eth:ethertype:ip:udp:papi,24
eth:ethertype:ip:udp:data:vssmonitoring,21
eth:ethertype:ip:udp:lisp,20
eth:ethertype:ip:udp:opensafety_udp,20
eth:ethertype:ip:udp:ecatf:ioraw,19
eth:ethertype:ip:udp:llc,19
eth:ethertype:ip:udp:mpls:ipv6:ipv6.hopopts,18
eth:ethertype:ip:udp:l2tp:data,18
eth:ethertype:ip:udp:cigi,17
eth:ethertype:ip:udp:dhcpv6,17
eth:ethertype:ip:udp:ltp,15
eth:ethertype:ip:udp:sabp:sabp:sabp,15
eth:ethertype:ip:udp:mpls:ip,14
eth:ethertype:ip:udp:mpls,13
eth:ethertype:ip:udp:eth,13
eth:ethertype:ip:udp:ecatf:tc_nv,12
eth:ethertype:ip:udp:xyplex,12
eth:ethertype:ip:udp:quake2,11
eth:ethertype:ip:udp:rtpproxy,11
eth:ethertype:ip:udp:nbdgm,11
eth:ethertype:ip:udp:pn_rt,11
eth:ethertype:ip:udp:dcp-etsi:dcp-af,10
eth:ethertype:ip:udp:cnip:data,10
eth:ethertype:ip:udp:mip,10
eth:ethertype:ip:udp:sip:sdp,10
eth:ethertype:ip:udp:wisun.eapol_relay:eapol,9
eth:ethertype:ip:udp:acdr,9
eth:ethertype:ip:udp:cups,9
eth:ethertype:ip:udp:rsp,9
eth:ethertype:ip:udp:lwres,9
eth:ethertype:ip:udp:sip:sigcomp,9
eth:ethertype:ip:udp:tsp,9
eth:ethertype:ip:udp:kpasswd,9
eth:ethertype:ip:udp:ripng,8
eth:ethertype:ip:udp:quake,8
eth:ethertype:ip:udp:ieee1722:iec61883,8
eth:ethertype:ip:udp:dvb_ipdc:alc:rmt-lct,8
eth:ethertype:ip:udp:amt:ip,8
eth:ethertype:ip:udp:eth:llc:data,8
eth:ethertype:ip:udp:tzsp:data,8
eth:ethertype:ip:udp:scop,7
eth:ethertype:ip:udp:ecatf:ams,7
eth:ethertype:ip:udp:epl,6
eth:ethertype:ip:udp:ipx:data,6
eth:ethertype:ip:udp:wisun.eapol_relay,6
eth:ethertype:ip:udp:mndp,6
eth:ethertype:ip:udp:dlep,6
eth:ethertype:ip:udp:quakeworld,6
eth:ethertype:ip:udp:vxlan:eth,6
eth:ethertype:ip:udp:packetbb,5
eth:ethertype:ip:udp:lmp,5
eth:ethertype:ip:udp:who,5
eth:ethertype:ip:udp:mpls:ipv6,5
eth:ethertype:ip:udp:teredo:ipv6:data,5
eth:ethertype:ip:udp:tapa,5
eth:ethertype:ip:udp:pathport,5
eth:ethertype:ip:udp:dcp-etsi:dcp-pft,5
eth:ethertype:ip:udp:eth:ethertype:dect,5
eth:ethertype:ip:udp:rdpudp:data,5
eth:ethertype:ip:udp:rx:afs,5
eth:ethertype:ip:udp:snmp:snmp,5
eth:ethertype:ip:udp:slimp3,4
eth:ethertype:ip:udp:l2tp:ppp:data,4
eth:ethertype:ip:udp:ncp,4
eth:ethertype:ip:udp:epl:data,4
eth:ethertype:ip:udp:lisp-data:ipv6:etherip:eth:llc,4
eth:ethertype:ip:udp:lisp-data:ipv6:ipv6.routing,4
eth:ethertype:ip:udp:llc:osi:data,4
eth:ethertype:ip:udp:wol,4
eth:ethertype:ip:udp:auto_rp,4
eth:ethertype:ip:udp:armagetronad,4
eth:ethertype:ip:udp:ipx,3
eth:ethertype:ip:udp:find,3
eth:ethertype:ip:udp:dlsw,3
eth:ethertype:ip:udp:lisp-data:ipv6:l2tp:data,3
eth:ethertype:ip:udp:lisp-data:ipv6:ah,3
eth:ethertype:ip:udp:lisp-data:ipv6:esp,3
eth:ethertype:ip:udp:wassp,3
eth:ethertype:ip:udp:jmirror:ip:data,3
eth:ethertype:ip:udp:jmirror:ipv6:ipcomp:data,3
eth:ethertype:ip:udp:msmms,3
eth:ethertype:ip:udp:ecatf,3
eth:ethertype:ip:udp:actrace,3
eth:ethertype:ip:udp:ecatf:ecat_mailbox,2
eth:ethertype:ip:udp:lisp-data:ipv6:eigrp,2
eth:ethertype:ip:udp:lisp-data:ipv6:dsr:data,2
eth:ethertype:ip:udp:lisp-data:ipv6:gre,2
eth:ethertype:ip:udp:lisp-data:ipv6:ipcomp:data,2
eth:ethertype:ip:udp:lisp-data:ipv6:nhrp,2
eth:ethertype:ip:udp:mdns:vssmonitoring,2
eth:ethertype:ip:udp:sflow,2
eth:ethertype:ip:udp:eth:ethertype:stp,2
eth:ethertype:ip:udp:jmirror:ipv6:nhrp,2
eth:ethertype:ip:udp:udpencap,2
eth:ethertype:ip:udp:jmirror:ipv6:ipv6.routing,2
eth:ethertype:ip:udp:jmirror:ipv6:etherip:eth:llc,2
eth:ethertype:ip:udp:jmirror:ipv6:eigrp,2
eth:ethertype:ip:udp:lbtrm,2
eth:ethertype:ip:udp:dvb_ipdc:alc:data,2
eth:ethertype:ip:udp:rsp:asf:data,2
eth:ethertype:ip:udp:wimaxasncp,1
eth:ethertype:ip:udp:acdr:data,1
eth:ethertype:ip:udp:tzsp:eth:ethertype:data,1
eth:ethertype:ip:udp:megaco:h248,1
eth:ethertype:ip:udp:data:f5ethtrailer,1
eth:ethertype:ip:udp:rdpudp:dtls,1
eth:ethertype:ip:udp:mpls:ipv6:pim,1
eth:ethertype:ip:udp:mpls:ipv6:etherip:eth:llc:data,1
eth:ethertype:ip:udp:lisp-data:ipv6:swipe,1
eth:ethertype:ip:udp:lisp-data:ipv6:vines_frp:vines_ip,1
eth:ethertype:ip:udp:lisp-data:ipv6:ospf,1
eth:ethertype:ip:udp:lisp-data:ipv6:vines_frp:vines_ip:data,1
eth:ethertype:ip:udp:lisp-data:ipv6:pgm,1
eth:ethertype:ip:udp:eth:ethertype:mdshdr:fc,1
eth:ethertype:ip:udp:goose:cotp:goose,1
eth:ethertype:ip:udp:bat.gw,1
eth:ethertype:ip:udp:mpls:pwethheuristic:pwethnocw:eth:ethertype:data,1
eth:ethertype:ip:udp:db-lsp-disc:json:data-text-lines,1
eth:ethertype:ip:udp:eth:ethertype:lwapp:wlan,1
eth:ethertype:ip:udp:bat.vis,1
eth:ethertype:ip:udp:scop:wpan,1
eth:ethertype:ip:udp:edonkey,1
eth:ethertype:ip:udp:jmirror:ipv6:swipe,1
eth:ethertype:ip:udp:jmirror:ipv6:pim,1
eth:ethertype:ip:udp:jmirror:ipv6:vines_frp:vines_ip:data,1
eth:ethertype:ip:udp:jmirror:ipv6:dsr:data,1
eth:ethertype:ip:udp:jmirror:ipv6:gre,1
eth:ethertype:ip:udp:ptp,1
eth:ethertype:ip:udp:amt:ip:ipv6:data,1
eth:ethertype:ip:udp:jmirror:ipv6:ospf,1
eth:ethertype:ip:udp:mpls:ipv6:dsr:data,1
eth:ethertype:ip:udp:mpls:ipv6:etherip:eth:ethertype:data,1
eth:ethertype:ip:udp:mpls:ipv6:lwl4,1
eth:ethertype:ip:udp:ieee1722,1
eth:ethertype:ip:udp:gsmtap:gsm_sim,1
eth:ethertype:ip:udp:capwap:data,1
eth:ethertype:ip:udp:teredo,1
eth:ethertype:ip:udp:llc:ip,1
eth:ethertype:ip:udp:jmirror:ipv6:esp,1
eth:ethertype:ip:udp:jmirror:ipv6:l2tp:data,1
eth:ethertype:ip:udp:icq,1
eth:ethertype:ip:udp:wccp,1
eth:ethertype:ip:udp:lisp-data:ipv6:swipe:data,1
eth:ethertype:ip:udp:lisp-data:ipv6:pim,1
eth:ethertype:ip:udp:ieee1722:cvf:data,1
eth:ethertype:ip:udp:cpfi,1
eth:ethertype:ip:udp:mpls:ipv6:esp,1
eth:ethertype:ip:udp:mpls:ipv6:dsr,1
eth:ethertype:ip:udp:mpls:ipv6:ah,1
eth:ethertype:ip:udp:mbudp:modbus,1
eth:ethertype:ip:udp:wassp:data,1
eth:ethertype:ip:udp:ddtp,1
eth:ethertype:ip:udp:bvlc,1
eth:ethertype:ip:udp:cnip:lon,1
eth:ethertype:ip:udp:dtls:x509sat:x509sat:x509sat:x509sat,1
eth:ethertype:ip:udp:ieee1722:tscf,1
eth:ethertype:ip:udp:scop:wpan:data,1
eth:ethertype:ip:udp:capwap.data:data,1
eth:ethertype:ip:udp:a11,1
eth:ethertype:ip:udp:mpls:pwach:data,1
eth:ethertype:ip:udp:ssyncp,1
eth:ethertype:ip:udp:vxlan,1
