eth:ethertype:ip:udp:stun,11538102
eth:ethertype:ip:udp:data,9414244
eth:ethertype:ip:udp:syslog,4630122
eth:ethertype:ip:udp:dns,4101618
eth:ethertype:ip:udp:ntp,2151372
eth:ethertype:ip:udp:snmp,1650797
eth:ethertype:ip:udp:sip,1277059
eth:ethertype:ip:data,1206269
eth:ethertype:ip:udp:nbns,565392
eth:ethertype:ip:udp:coap,201312
eth:ethertype:ip:udp:cflow,154150
eth:ethertype:ip:udp:cldap,122528
eth:ethertype:ip:udp:ssdp,106665
eth:ethertype:ip:udp:sip:xml,102048
eth:ethertype:ip:udp:mdns,93538
eth:ethertype:ip:udp:openvpn,83129
eth:ethertype:ip:udp:isakmp,80732
eth:ethertype:ip:udp:dhcp,78369
eth:ethertype:ip:udp:rpc,75329
eth:ethertype:ip:udp,70097
eth:ethertype:ip:udp:memcache,63161
eth:ethertype:ip:udp:dtls,59216
eth:ethertype:ip:udp:gtp,54565
eth:ethertype:ip:udp:portcontrol,53387
eth:ethertype:ip:udp:sip:data-text-lines,52820
eth:ethertype:ip:udp:srvloc,49245
eth:ethertype:ip:udp:rip,42861
eth:ethertype:ip:udp:capwap,42518
eth:ethertype:ip:udp:bvlc:bacnet:bacapp,37981
eth:ethertype:ip:udp:l2tp,37097
eth:ethertype:ip:udp:udpencap:esp,35151
eth:ethertype:ip:udp:radius,26077
eth:ethertype:ip:udp:xdmcp,24656
eth:ethertype:ip:udp:gtp:gtpv2,22817
eth:ethertype:ip:udp:chargen,20821
eth:ethertype:ip:udp:tftp,20773
eth:ethertype:ip:udp:quic:tls,20593
eth:ethertype:ip:udp:gquic,20587
eth:ethertype:ip:udp:kerberos,20044
eth:ethertype:ip:udp:lwapp:data,17283
eth:ethertype:ip:udp:rdpudp,15563
eth:ethertype:ip:udp:hart_ip,15493
eth:ethertype:ip:udp:classicstun,13821
eth:ethertype:ip:udp:enip,13734
eth:ethertype:ip:udp:rmcp:ipmi_session:data,13019
eth:ethertype:ip:udp:omron,12258
eth:ethertype:ip:udp:echo,12003
eth:ethertype:ip:udp:time,10414
eth:ethertype:ip:udp:daytime,10390
eth:ethertype:ip:udp:quake3,10244
eth:ethertype:ip:udp:gtpprime,10242
eth:ethertype:ip:udp:ecatf:ecat,10177
eth:ethertype:ip:udp:rx,9642
eth:ethertype:ip:udp:quic,9550
eth:ethertype:ip:udp:nbdgm:smb:browser,9493
eth:ethertype:ip:udp:bfd,9201
eth:ethertype:ip:udp:steam_ihs_discovery,8123
eth:ethertype:ip:udp:rtcp,7292
eth:ethertype:ip:udp:udpencap:isakmp,6809
eth:ethertype:ip:udp:kip,6716
eth:ethertype:ip:udp:teredo:ipv6,4786
eth:ethertype:ip:udp:mgcp,3875
eth:ethertype:ip:udp:llmnr,3698
eth:ethertype:ip:udp:coap:data,3681
eth:ethertype:ip:udp:rmcp:asf,3539
eth:ethertype:ip:udp:quake3:data,1871
eth:ethertype:ip:udp:wisun.eapol_relay:eapol:data,1451
eth:ethertype:ip:udp:cipio,1437
eth:ethertype:ip:udp:wtls,1309
eth:ethertype:ip:udp:llc:data,1212
eth:ethertype:ip:udp:rtps,1185
eth:ethertype:ip:udp:wsp,1131
eth:ethertype:ip:udp:iax2,1109
eth:ethertype:ip:udp:raknet:raknet,1093
eth:ethertype:ip:udp:dis,1091
eth:ethertype:ip:udp:radius:eap,1051
eth:ethertype:ip:udp:scop:data,757
eth:ethertype:ip:udp:asterix,710
eth:ethertype:ip:udp:quakeworld:data,699
eth:ethertype:ip:udp:mipv6,677
eth:ethertype:ip:udp:ssdp:data,657
eth:ethertype:ip:udp:bat.vis:data,650
eth:ethertype:ip:udp:wg,631
eth:ethertype:ip:udp:a21,627
eth:ethertype:ip:udp:dof,602
eth:ethertype:ip:udp:iapp,580
eth:ethertype:ip:udp:icp,540
eth:ethertype:ip:udp:mint,539
eth:ethertype:ip:udp:ts2,537
eth:ethertype:ip:udp:pn_rt:pn_ptcp,532
eth:ethertype:ip:udp:tzsp,522
eth:ethertype:ip:udp:tplink-smarthome:json:data-text-lines,500
eth:ethertype:ip:udp:nano,491
eth:ethertype:ip:udp:wtp,482
eth:ethertype:ip:udp:gsmtap:data,477
eth:ethertype:ip:udp:megaco:data,469
eth:ethertype:ip:udp:cnip,468
eth:ethertype:ip:udp:pktc.mtafqdn,467
eth:ethertype:ip:udp:h501,457
eth:ethertype:ip:udp:uaudp,449
eth:ethertype:ip:udp:sbus,445
eth:ethertype:ip:udp:ath,444
eth:ethertype:ip:udp:ipvs,437
eth:ethertype:ip:udp:ajns,422
eth:ethertype:ip:udp:corosync_totemnet:data,408
eth:ethertype:ip:udp:adp,402
eth:ethertype:ip:udp:elasticsearch,399
eth:ethertype:ip:udp:sctp,390
eth:ethertype:ip:udp:mikey,385
eth:ethertype:ip:udp:rsip,380
eth:ethertype:ip:udp:opensafety_udp:data,375
eth:ethertype:ip:udp:teredo:data,366
eth:ethertype:ip:udp:tetra,360
eth:ethertype:ip:udp:tipc,355
eth:ethertype:ip:udp:nxp_802154_sniffer:wpan,343
eth:ethertype:ip:udp:pfcp,334
eth:ethertype:ip:udp:enrp,315
eth:ethertype:ip:udp:bfd_echo,315
eth:ethertype:ip:udp:amt,312
eth:ethertype:ip:udp:c1222,310
eth:ethertype:ip:udp:dmp,304
eth:ethertype:ip:udp:ayiya,298
eth:ethertype:ip:udp:hiqnet,291
eth:ethertype:ip:udp:egd:data,285
eth:ethertype:ip:udp:doip,268
eth:ethertype:ip:udp:iax2:data,268
eth:ethertype:ip:udp:quake2:data,264
eth:ethertype:ip:udp:bat:data,264
eth:ethertype:ip:udp:wlccp,250
eth:ethertype:ip:udp:sap,250
eth:ethertype:ip:udp:asap,239
eth:ethertype:ip:udp:pktc,238
eth:ethertype:ip:udp:msproxy,232
eth:ethertype:ip:udp:dpnet,232
eth:ethertype:ip:udp:knet,227
eth:ethertype:ip:udp:rsvp,227
eth:ethertype:ip:udp:ieee1722:data,222
eth:ethertype:ip:udp:mih,215
eth:ethertype:ip:udp:gprs-ns:bssgp,213
eth:ethertype:ip:udp:lisp:data,208
eth:ethertype:ip:udp:sap:sdp,207
eth:ethertype:ip:udp:kink,206
eth:ethertype:ip:udp:gre:data,199
eth:ethertype:ip:udp:vuze-dht,198
eth:ethertype:ip:udp:ulp,189
eth:ethertype:ip:udp:tacacs,188
eth:ethertype:ip:udp:papi,186
eth:ethertype:ip:udp:eth:ethertype:data,184
eth:ethertype:ip:udp:ardp,180
eth:ethertype:ip:udp:capwap.data,178
eth:ethertype:ip:udp:dvb_ipdc:data,177
eth:ethertype:ip:udp:geneve:data,171
eth:ethertype:ip:udp:infiniband:data,157
eth:ethertype:ip:udp:gprs-ns,155
eth:ethertype:ip:udp:db-lsp-disc,154
eth:ethertype:ip:udp:nxp_802154_sniffer:wpan:data,154
eth:ethertype:ip:udp:bjnp,152
eth:ethertype:ip:udp:ecatf:data,149
eth:ethertype:ip:udp:h225:data,145
eth:ethertype:ip:udp:lisp-data,138
eth:ethertype:ip:udp:ecmp,137
eth:ethertype:ip:udp:kdp,133
eth:ethertype:ip:udp:h225,129
eth:ethertype:ip:udp:quake:data,127
eth:ethertype:ip:udp:idn,126
eth:ethertype:ip:udp:manolito,124
eth:ethertype:ip:udp:bat.gw:data,116
eth:ethertype:ip:udp:raknet,106
eth:ethertype:ip:udp:collectd,105
eth:ethertype:ip:udp:ax4000,95
eth:ethertype:ip:udp:rdt,90
eth:ethertype:ip:udp:vrt,89
eth:ethertype:ip:udp:lisp,88
eth:ethertype:ip:udp:infiniband,80
eth:ethertype:ip:udp:lwapp:wlan,77
eth:ethertype:ip:udp:stun:data,75
eth:ethertype:ip:udp:rpc:portmap,71
eth:ethertype:ip:udp:raknet:raknet:raknet,66
eth:ethertype:ip:udp:hcrt,62
eth:ethertype:ip:udp:mip,58
eth:ethertype:ip:udp:opensafety:data,56
eth:ethertype:ip:udp:dcc,53
eth:ethertype:ip:udp:lwapp:wlan:data,52
eth:ethertype:ip:udp:geneve,52
eth:ethertype:ip:udp:pn_rt:pn_io,50
eth:ethertype:ip:udp:vxlan:eth:ethertype:data,48
eth:ethertype:ip:udp:mpls:data,48
eth:ethertype:ip:udp:capwap:dtls,42
eth:ethertype:ip:udp:h248,42
eth:ethertype:ip:udp:gre,42
eth:ethertype:ip:udp:gsmtap,40
eth:ethertype:ip:udp:goose:cotp,38
eth:ethertype:ip:udp:data:vssmonitoring,35
eth:ethertype:ip:udp:sip:data-text-lines:xml,33
eth:ethertype:ip:udp:nxp_802154_sniffer,31
eth:ethertype:ip:udp:sabp:sabp,30
eth:ethertype:ip:udp:ncp,29
eth:ethertype:ip:udp:wtp:wsp,27
eth:ethertype:ip:udp:lisp-data:ip:data,26
eth:ethertype:ip:udp:thrift,25
eth:ethertype:ip:udp:eth,24
eth:ethertype:ip:udp:lisp-data:ipv6:data,24
eth:ethertype:ip:udp:sabp,24
eth:ethertype:ip:udp:jmirror:ipv6:data,24
eth:ethertype:ip:udp:mpls:ipv6:data,22
eth:ethertype:ip:udp:cnip:data,19
eth:ethertype:ip:udp:dhcpv6,18
eth:ethertype:ip:udp:rtpproxy,17
eth:ethertype:ip:udp:who,16
eth:ethertype:ip:udp:ecatf:ioraw,14
eth:ethertype:ip:udp:wisun.eapol_relay,14
eth:ethertype:ip:udp:egd,13
eth:ethertype:ip:udp:vxlan:eth,13
eth:ethertype:ip:udp:ltp,13
eth:ethertype:ip:udp:rdpudp:dtls,13
eth:ethertype:ip:udp:pn_rt,12
eth:ethertype:ip:udp:lisp-data:ip,12
eth:ethertype:ip:udp:l2tp:data,12
eth:ethertype:ip:udp:acdr,11
eth:ethertype:ip:udp:data:f5ethtrailer,11
eth:ethertype:ip:udp:llc,11
eth:ethertype:ip:udp:wisun.eapol_relay:eapol,11
eth:ethertype:ip:udp:kpasswd,11
eth:ethertype:ip:udp:mpls:ip,11
eth:ethertype:ip:udp:quake2,10
eth:ethertype:ip:udp:mpls:pwethheuristic:pwethcw:eth:ethertype:data,10
eth:ethertype:ip:udp:tsp,10
eth:ethertype:ip:udp:mpls:ipv6,10
eth:ethertype:ip:udp:find,10
eth:ethertype:ip:udp:ecatf:ecat_mailbox,10
eth:ethertype:ip:udp:enttec,10
eth:ethertype:ip:udp:sip:sdp,10
eth:ethertype:ip:udp:ripng,9
eth:ethertype:ip:udp:dcp-etsi:dcp-af,9
eth:ethertype:ip:udp:capwap.data:eth:ethertype:data,9
eth:ethertype:ip:udp:amt:ip,9
eth:ethertype:ip:udp:ecatf:tc_nv,8
eth:ethertype:ip:udp:lisp-data:ipv6,8
eth:ethertype:ip:udp:xyplex,8
eth:ethertype:ip:udp:mndp,8
eth:ethertype:ip:udp:dcp-etsi:dcp-pft,8
eth:ethertype:ip:udp:pathport,8
eth:ethertype:ip:udp:capwap.data:dtls,8
eth:ethertype:ip:udp:eth:llc,8
eth:ethertype:ip:udp:nbdgm,7
eth:ethertype:ip:udp:lwres,7
eth:ethertype:ip:udp:lmp,7
eth:ethertype:ip:udp:slimp3,6
eth:ethertype:ip:udp:lwapp,6
eth:ethertype:ip:udp:dlep,6
eth:ethertype:ip:udp:jmirror:ip:data,6
eth:ethertype:ip:udp:sip:sigcomp,6
eth:ethertype:ip:udp:packetbb,6
eth:ethertype:ip:udp:msmms,6
eth:ethertype:ip:udp:armagetronad,5
eth:ethertype:ip:udp:ipx,5
eth:ethertype:ip:udp:jmirror:ipv6,5
eth:ethertype:ip:udp:ecatf:ams,5
eth:ethertype:ip:udp:quakeworld,5
eth:ethertype:ip:udp:cpfi,5
eth:ethertype:ip:udp:dlsw,4
eth:ethertype:ip:udp:scop,4
eth:ethertype:ip:udp:ecatf,4
eth:ethertype:ip:udp:mpls,4
eth:ethertype:ip:udp:epl:data,4
eth:ethertype:ip:udp:ieee1722:iec61883,4
eth:ethertype:ip:udp:eth:llc:data,4
eth:ethertype:ip:udp:cups,4
eth:ethertype:ip:udp:tzsp:data,4
eth:ethertype:ip:udp:goose:cotp:goose,4
eth:ethertype:ip:udp:gsmtap:gsm_sim,4
eth:ethertype:ip:udp:dvb_ipdc:alc:rmt-lct,3
eth:ethertype:ip:udp:lbtrm,3
eth:ethertype:ip:udp:dvb_ipdc:alc:data,3
eth:ethertype:ip:udp:quake,3
eth:ethertype:ip:udp:megaco,3
eth:ethertype:ip:udp:rsp,3
eth:ethertype:ip:udp:capwap.data:data,3
eth:ethertype:ip:udp:cigi,3
eth:ethertype:ip:udp:ptp,3
eth:ethertype:ip:udp:ltp:data,3
eth:ethertype:ip:udp:sigcomp,3
eth:ethertype:ip:udp:scop:wpan,3
eth:ethertype:ip:udp:ddtp,2
eth:ethertype:ip:udp:uftp:uftp5,2
eth:ethertype:ip:udp:uftp:uftp4,2
eth:ethertype:ip:udp:olsr,2
eth:ethertype:ip:udp:lisp-data:ipv6:vrrp,2
eth:ethertype:ip:udp:lisp-data:ipv6:swipe:data,2
eth:ethertype:ip:udp:lisp-data:ipv6:lwl4,2
eth:ethertype:ip:udp:mpls:pwethheuristic:pwethnocw:eth:ethertype:data,2
eth:ethertype:ip:udp:tzsp:eth:ethertype:data,2
eth:ethertype:ip:udp:mpls:pwethheuristic:pwethcw:eth:llc:data,2
eth:ethertype:ip:udp:actrace,2
eth:ethertype:ip:udp:wccp,2
eth:ethertype:ip:udp:jmirror:ipv6:osi:data,2
eth:ethertype:ip:udp:jmirror:ipv6:ah,2
eth:ethertype:ip:udp:mpls:ip:data,2
eth:ethertype:ip:udp:edonkey,2
eth:ethertype:ip:udp:a11,2
eth:ethertype:ip:udp:ieee1722,2
eth:ethertype:ip:udp:mpls:pwethheuristic:pwethcw:eth,2
eth:ethertype:ip:udp:aodv,2
eth:ethertype:ip:udp:llc:osi:data,2
eth:ethertype:ip:udp:bat.vis,2
eth:ethertype:ip:udp:ipx:data,2
eth:ethertype:ip:udp:tapa,2
eth:ethertype:ip:udp:teredo:ipv6:data,2
eth:ethertype:ip:udp:sabp:sabp:sabp,2
eth:ethertype:ip:udp:mint:eth:ethertype:data,2
eth:ethertype:ip:udp:cnip:lon,2
eth:ethertype:ip:udp:hip,2
eth:ethertype:ip:udp:nbdgm:smb:smb_netlogon,2
eth:ethertype:ip:udp:auto_rp,2
eth:ethertype:ip:udp:db-lsp-disc:json:data-text-lines,1
eth:ethertype:ip:udp:lisp-data:ipv6:eigrp,1
eth:ethertype:ip:udp:lisp-data:ipv6:ospf,1
eth:ethertype:ip:udp:lisp-data:ipv6:vines_frp:vines_ip:data,1
eth:ethertype:ip:udp:lisp-data:ipv6:etherip:eth:llc,1
eth:ethertype:ip:udp:lisp-data:ipv6:esp,1
eth:ethertype:ip:udp:lisp-data:ipv6:ah,1
eth:ethertype:ip:udp:lisp-data:ipv6:dsr,1
eth:ethertype:ip:udp:lisp-data:ipv6:nhrp,1
eth:ethertype:ip:udp:snmp:data,1
eth:ethertype:ip:udp:tzsp:tr,1
eth:ethertype:ip:udp:jmirror:ipv6:pim,1
eth:ethertype:ip:udp:jmirror:ipv6:l2tp:data,1
eth:ethertype:ip:udp:mpls:ipv6:ipv6.hopopts,1
eth:ethertype:ip:udp:mpls:ipv6:vines_frp:vines_ip:data,1
eth:ethertype:ip:udp:mpls:ipv6:l2tp:data,1
eth:ethertype:ip:udp:bat.gw,1
eth:ethertype:ip:udp:uaudp:ua:ua3g,1
eth:ethertype:ip:udp:udpencap,1
eth:ethertype:ip:udp:snmp:snmp,1
eth:ethertype:ip:udp:llc:sna:data,1
eth:ethertype:ip:udp:epl,1
eth:ethertype:ip:udp:tpcp,1
eth:ethertype:ip:udp:opensafety_udp,1
eth:ethertype:ip:udp:teredo,1
eth:ethertype:ip:udp:rsp:data,1
eth:ethertype:ip:udp:gsmtap:llcgprs,1
eth:ethertype:ip:udp:rdpudp:tls,1
eth:ethertype:ip:udp:dtls:x509sat:x509sat:x509sat:x509sat,1
eth:ethertype:ip:udp:adwin,1
eth:ethertype:ip:udp:icq,1
eth:ethertype:ip:udp:amt:ip:ipv6:data,1
eth:ethertype:ip:udp:vxlan,1
eth:ethertype:ip:udp:stun:tftp,1
eth:ethertype:ip:udp:teredo:ipv6:icmpv6,1
eth:ethertype:ip:udp:ieee1722:cvf:data,1
eth:ethertype:ip:udp:sflow,1
