eth:ethertype:ip:udp:stun,13898871
eth:ethertype:ip:udp:data,10672854
eth:ethertype:ip:udp:dns,4095990
eth:ethertype:ip:udp:syslog,4043338
eth:ethertype:ip:udp:snmp,2301296
eth:ethertype:ip:udp:ntp,2125557
eth:ethertype:ip:data,1847437
eth:ethertype:ip:udp:nbns,669817
eth:ethertype:ip:udp:sip,361535
eth:ethertype:ip:udp:cldap,207158
eth:ethertype:ip:udp:cflow,172845
eth:ethertype:ip:udp:coap,114822
eth:ethertype:ip:udp:isakmp,106675
eth:ethertype:ip:udp:sip:xml,101983
eth:ethertype:ip:udp:ssdp,101783
eth:ethertype:ip:udp:mdns,101167
eth:ethertype:ip:udp:rpc,89469
eth:ethertype:ip:udp,73217
eth:ethertype:ip:udp:openvpn,71754
eth:ethertype:ip:udp:portcontrol,61479
eth:ethertype:ip:udp:dtls,58729
eth:ethertype:ip:udp:memcache,56548
eth:ethertype:ip:udp:sip:data-text-lines,52774
eth:ethertype:ip:udp:bvlc:bacnet:bacapp,46628
eth:ethertype:ip:udp:capwap,42558
eth:ethertype:ip:udp:dhcp,39832
eth:ethertype:ip:udp:gtp,39258
eth:ethertype:ip:udp:srvloc,37393
eth:ethertype:ip:udp:quic:tls,35428
eth:ethertype:ip:udp:rmcp:ipmi_session:data,34555
eth:ethertype:ip:udp:xdmcp,33543
eth:ethertype:ip:udp:l2tp,33405
eth:ethertype:ip:udp:quic,31230
eth:ethertype:ip:udp:quake3,31016
eth:ethertype:ip:udp:chargen,30656
eth:ethertype:ip:udp:rdpudp,29074
eth:ethertype:ip:udp:udpencap:esp,25732
eth:ethertype:ip:udp:radius,25231
eth:ethertype:ip:udp:echo,24086
eth:ethertype:ip:udp:tftp,23975
eth:ethertype:ip:udp:rip,23145
eth:ethertype:ip:udp:gquic,20531
eth:ethertype:ip:udp:kerberos,19341
eth:ethertype:ip:udp:lwapp:data,17305
eth:ethertype:ip:udp:hart_ip,17196
eth:ethertype:ip:udp:raknet:raknet,15590
eth:ethertype:ip:udp:classicstun,15487
eth:ethertype:ip:udp:rtcp,15427
eth:ethertype:ip:udp:enip,14033
eth:ethertype:ip:udp:gtp:gtpv2,13814
eth:ethertype:ip:udp:omron,13708
eth:ethertype:ip:udp:bfd,10617
eth:ethertype:ip:udp:time,10554
eth:ethertype:ip:udp:daytime,10311
eth:ethertype:ip:udp:ecatf:ecat,10196
eth:ethertype:ip:udp:rpc:data,9940
eth:ethertype:ip:udp:nbdgm:smb:browser,9834
eth:ethertype:ip:udp:steam_ihs_discovery,9699
eth:ethertype:ip:udp:bjnp,8238
eth:ethertype:ip:udp:udpencap:isakmp,6851
eth:ethertype:ip:udp:kip,6091
eth:ethertype:ip:udp:mgcp,5783
eth:ethertype:ip:udp:iax2,4242
eth:ethertype:ip:udp:teredo:ipv6:icmpv6,3510
eth:ethertype:ip:udp:llmnr,3419
eth:ethertype:ip:udp:coap:data,3035
eth:ethertype:ip:udp:rmcp:asf,2779
eth:ethertype:ip:udp:teredo:ipv6,2771
eth:ethertype:ip:udp:rsip,2723
eth:ethertype:ip:udp:wsp,2632
eth:ethertype:ip:udp:cipio,1711
eth:ethertype:ip:udp:quake3:data,1575
eth:ethertype:ip:udp:gtpprime,1545
eth:ethertype:ip:udp:asterix,1524
eth:ethertype:ip:udp:llc:data,1474
eth:ethertype:ip:udp:elasticsearch,1370
eth:ethertype:ip:udp:rtps,1169
eth:ethertype:ip:udp:cnip,1103
eth:ethertype:ip:udp:dis,1081
eth:ethertype:ip:udp:scop:data,982
eth:ethertype:ip:udp:tzsp,889
eth:ethertype:ip:udp:pn_rt:pn_ptcp,872
eth:ethertype:ip:udp:adp,821
eth:ethertype:ip:udp:ayiya,806
eth:ethertype:ip:udp:wtp,759
eth:ethertype:ip:udp:ssdp:data,758
eth:ethertype:ip:udp:kink,753
eth:ethertype:ip:udp:hcrt,747
eth:ethertype:ip:udp:tetra,700
eth:ethertype:ip:udp:uaudp,689
eth:ethertype:ip:udp:mikey,684
eth:ethertype:ip:udp:collectd,678
eth:ethertype:ip:udp:teredo:data,665
eth:ethertype:ip:udp:bat:data,658
eth:ethertype:ip:udp:dmp,637
eth:ethertype:ip:udp:h225,634
eth:ethertype:ip:udp:pktc.mtafqdn,595
eth:ethertype:ip:udp:vrt,594
eth:ethertype:ip:udp:dof,593
eth:ethertype:ip:udp:corosync_totemnet:data,592
eth:ethertype:ip:udp:quakeworld:data,584
eth:ethertype:ip:udp:c1222,570
eth:ethertype:ip:udp:gprs-ns:bssgp,567
eth:ethertype:ip:udp:ath,553
eth:ethertype:ip:udp:wisun.eapol_relay:eapol:data,552
eth:ethertype:ip:udp:ts2,549
eth:ethertype:ip:udp:raknet,526
eth:ethertype:ip:udp:idn,519
eth:ethertype:ip:udp:nxp_802154_sniffer:wpan,518
eth:ethertype:ip:udp:wlccp,517
eth:ethertype:ip:udp:lwapp:wlan,503
eth:ethertype:ip:udp:mpls-echo,496
eth:ethertype:ip:udp:bat.vis:data,493
eth:ethertype:ip:udp:knet,487
eth:ethertype:ip:udp:papi,476
eth:ethertype:ip:udp:sap:sdp,472
eth:ethertype:ip:udp:h248,468
eth:ethertype:ip:udp:ipvs,468
eth:ethertype:ip:udp:gsmtap:data,461
eth:ethertype:ip:udp:enrp,455
eth:ethertype:ip:udp:wtls,453
eth:ethertype:ip:udp:sbus,446
eth:ethertype:ip:udp:vxlan:eth:llc:data,434
eth:ethertype:ip:udp:asap,429
eth:ethertype:ip:udp:dvb_ipdc:data,428
eth:ethertype:ip:udp:manolito,426
eth:ethertype:ip:udp:a21,420
eth:ethertype:ip:udp:ajns,398
eth:ethertype:ip:udp:mint,373
eth:ethertype:ip:udp:vuze-dht,366
eth:ethertype:ip:udp:sabp:sabp,350
eth:ethertype:ip:udp:bat.gw:data,345
eth:ethertype:ip:udp:iapp,339
eth:ethertype:ip:udp:geneve:data,336
eth:ethertype:ip:udp:mih,326
eth:ethertype:ip:udp:lisp:data,316
eth:ethertype:ip:udp:ecmp,316
eth:ethertype:ip:udp:rdt,305
eth:ethertype:ip:udp:amt,277
eth:ethertype:ip:udp:hiqnet,275
eth:ethertype:ip:udp:quake:data,273
eth:ethertype:ip:udp:ieee1722:data,268
eth:ethertype:ip:udp:kdp,263
eth:ethertype:ip:udp:dpnet,262
eth:ethertype:ip:udp:sap,261
eth:ethertype:ip:udp:sctp,257
eth:ethertype:ip:udp:nano,255
eth:ethertype:ip:udp:geneve,252
eth:ethertype:ip:udp:h501,238
eth:ethertype:ip:udp:mpls:data,236
eth:ethertype:ip:udp:quake2:data,234
eth:ethertype:ip:udp:mipv6,232
eth:ethertype:ip:udp:bfd_echo,226
eth:ethertype:ip:udp:opensafety:data,226
eth:ethertype:ip:udp:lisp-data,225
eth:ethertype:ip:udp:pfcp,221
eth:ethertype:ip:udp:dcerpc,219
eth:ethertype:ip:udp:doip,214
eth:ethertype:ip:udp:gprs-ns,207
eth:ethertype:ip:udp:iax2:data,205
eth:ethertype:ip:udp:opensafety_udp:data,199
eth:ethertype:ip:udp:ulp,195
eth:ethertype:ip:udp:msproxy,184
eth:ethertype:ip:udp:raknet:raknet:raknet,177
eth:ethertype:ip:udp:ardp,173
eth:ethertype:ip:udp:egd:data,165
eth:ethertype:ip:udp:nxp_802154_sniffer:wpan:data,160
eth:ethertype:ip:udp:infiniband:data,155
eth:ethertype:ip:udp:stun:data,152
eth:ethertype:ip:udp:ax4000,141
eth:ethertype:ip:udp:pktc,141
eth:ethertype:ip:udp:tplink-smarthome:json:data-text-lines,136
eth:ethertype:ip:udp:rx,124
eth:ethertype:ip:udp:tipc,124
eth:ethertype:ip:udp:eth:ethertype:data,117
eth:ethertype:ip:udp:db-lsp-disc,112
eth:ethertype:ip:udp:tacacs,112
eth:ethertype:ip:udp:rsvp,112
eth:ethertype:ip:udp:sabp,110
eth:ethertype:ip:udp:capwap.data,99
eth:ethertype:ip:udp:nxp_802154_sniffer,98
eth:ethertype:ip:udp:lwapp:wlan:data,85
eth:ethertype:ip:udp:radius:eap,83
eth:ethertype:ip:udp:pn_rt:pn_io,77
eth:ethertype:ip:udp:sip:data-text-lines:xml,77
eth:ethertype:ip:udp:megaco:data,70
eth:ethertype:ip:udp:icp,60
eth:ethertype:ip:udp:slimp3,57
eth:ethertype:ip:udp:vxlan:eth:ethertype:data,56
eth:ethertype:ip:udp:dcc,55
eth:ethertype:ip:udp:ecatf:data,51
eth:ethertype:ip:udp:lisp-data:ipv6:data,49
eth:ethertype:ip:udp:cnip:data,46
eth:ethertype:ip:udp:eth,45
eth:ethertype:ip:udp:gre:data,44
eth:ethertype:ip:udp:mpls:pwethheuristic:pwethcw:eth:ethertype:data,43
eth:ethertype:ip:udp:goose:cotp,42
eth:ethertype:ip:udp:lisp-data:ip:data,41
eth:ethertype:ip:udp:wg,40
eth:ethertype:ip:udp:infiniband,39
eth:ethertype:ip:udp:mpls:ip:data,36
eth:ethertype:ip:udp:ltp,35
eth:ethertype:ip:udp:mpls:ipv6:data,34
eth:ethertype:ip:udp:lisp,33
eth:ethertype:ip:udp:wtp:wsp,33
eth:ethertype:ip:udp:thrift,32
eth:ethertype:ip:udp:capwap.data:dtls,31
eth:ethertype:ip:udp:gre,30
eth:ethertype:ip:udp:capwap.data:eth:ethertype:data,29
eth:ethertype:ip:udp:rtpproxy,27
eth:ethertype:ip:udp:vxlan:eth,26
eth:ethertype:ip:udp:pn_rt,21
eth:ethertype:ip:udp:data:vssmonitoring,20
eth:ethertype:ip:udp:dvb_ipdc:alc:data,20
eth:ethertype:ip:udp:capwap:dtls,20
eth:ethertype:ip:udp:dhcpv6,19
eth:ethertype:ip:udp:wisun.eapol_relay,19
eth:ethertype:ip:udp:kpasswd,19
eth:ethertype:ip:udp:wisun.eapol_relay:eapol,18
eth:ethertype:ip:udp:dlep,17
eth:ethertype:ip:udp:lisp-data:ip,17
eth:ethertype:ip:udp:mpls:ip,17
eth:ethertype:ip:udp:mpls,16
eth:ethertype:ip:udp:dcp-etsi:dcp-pft,16
eth:ethertype:ip:udp:mpls:ipv6:ipv6.hopopts,15
eth:ethertype:ip:udp:gsmtap,14
eth:ethertype:ip:udp:egd,14
eth:ethertype:ip:udp:rdpudp:tls,14
eth:ethertype:ip:udp:dlsw,12
eth:ethertype:ip:udp:who,12
eth:ethertype:ip:udp:llc,12
eth:ethertype:ip:udp:dcp-etsi:dcp-af,11
eth:ethertype:ip:udp:mpls:ipv6,11
eth:ethertype:ip:udp:pathport,10
eth:ethertype:ip:udp:auto_rp,10
eth:ethertype:ip:udp:wol,10
eth:ethertype:ip:udp:ecatf:tc_nv,10
eth:ethertype:ip:udp:ncp,9
eth:ethertype:ip:udp:lisp-data:ipv6,9
eth:ethertype:ip:udp:lwres,9
eth:ethertype:ip:udp:sabp:sabp:sabp,9
eth:ethertype:ip:udp:ptp,9
eth:ethertype:ip:udp:ripng,9
eth:ethertype:ip:udp:quake,8
eth:ethertype:ip:udp:find,8
eth:ethertype:ip:udp:quake2,8
eth:ethertype:ip:udp:ecatf:ioraw,8
eth:ethertype:ip:udp:lmp,8
eth:ethertype:ip:udp:rdpudp:dtls,8
eth:ethertype:ip:udp:l2tp:data,8
eth:ethertype:ip:udp:jmirror:ipv6:data,8
eth:ethertype:ip:udp:scop,7
eth:ethertype:ip:udp:mip,7
eth:ethertype:ip:udp:lwapp,7
eth:ethertype:ip:udp:edonkey,7
eth:ethertype:ip:udp:tapa,6
eth:ethertype:ip:udp:rsp,6
eth:ethertype:ip:udp:mpls:pwach:data,6
eth:ethertype:ip:udp:cups,6
eth:ethertype:ip:udp:cpfi,5
eth:ethertype:ip:udp:ipx,5
eth:ethertype:ip:udp:ecatf:ecat_mailbox,5
eth:ethertype:ip:udp:ieee1722:iec61883,5
eth:ethertype:ip:udp:lisp-data:ipv6:ospf,5
eth:ethertype:ip:udp:mndp,5
eth:ethertype:ip:udp:data:f5ethtrailer,4
eth:ethertype:ip:udp:goose:cotp:goose,4
eth:ethertype:ip:udp:lbtrm,4
eth:ethertype:ip:udp:eth:llc:data,4
eth:ethertype:ip:udp:quakeworld,4
eth:ethertype:ip:udp:tzsp:data,4
eth:ethertype:ip:udp:xyplex,4
eth:ethertype:ip:udp:mpls:pwethheuristic:pwethnocw:eth:ethertype:data,4
eth:ethertype:ip:udp:amt:ip,3
eth:ethertype:ip:udp:acdr,3
eth:ethertype:ip:udp:nbdgm,3
eth:ethertype:ip:udp:ecatf,3
eth:ethertype:ip:udp:packetbb,3
eth:ethertype:ip:udp:vxlan,3
eth:ethertype:ip:udp:bat.gw,3
eth:ethertype:ip:udp:ieee1722,3
eth:ethertype:ip:udp:lisp-data:ipv6:ah,3
eth:ethertype:ip:udp:tsp,3
eth:ethertype:ip:udp:dvb_ipdc:alc:rmt-lct,3
eth:ethertype:ip:udp:caneth:data:data,3
eth:ethertype:ip:udp:armagetronad,3
eth:ethertype:ip:udp:sigcomp,3
eth:ethertype:ip:udp:sip:sigcomp,3
eth:ethertype:ip:udp:adwin,2
eth:ethertype:ip:udp:rsp:asf:data,2
eth:ethertype:ip:udp:ayiya:dsr:ipv6.hopopts:ipv6.hopopts,2
eth:ethertype:ip:udp:ipx:data,2
eth:ethertype:ip:udp:teredo:ipv6:data,2
eth:ethertype:ip:udp:lisp-data:ipv6:vines_frp:vines_ip:data,2
eth:ethertype:ip:udp:lisp-data:ipv6:osi:data,2
eth:ethertype:ip:udp:lisp-data:ipv6:eigrp,2
eth:ethertype:ip:udp:lisp-data:ipv6:pim,2
eth:ethertype:ip:udp:cnip:lon,2
eth:ethertype:ip:udp:icq,2
eth:ethertype:ip:udp:snmp:snmp,2
eth:ethertype:ip:udp:mpls:ipv6:nhrp,2
eth:ethertype:ip:udp:ltp:data,2
eth:ethertype:ip:udp:mint:eth:ethertype:data,2
eth:ethertype:ip:udp:msmms,2
eth:ethertype:ip:udp:teredo,2
eth:ethertype:ip:udp:jmirror:ipv6:vines_frp:vines_ip:data,2
eth:ethertype:ip:udp:mpls:ipv6:ah:data,2
eth:ethertype:ip:udp:wccp,2
eth:ethertype:ip:udp:tipc:data,2
eth:ethertype:ip:udp:uftp:uftp4,1
eth:ethertype:ip:udp:eth:llc,1
eth:ethertype:ip:udp:llc:osi:data,1
eth:ethertype:ip:udp:uftp:uftp5,1
eth:ethertype:ip:udp:lisp-data:ipv6:dsr,1
eth:ethertype:ip:udp:lisp-data:ipv6:esp,1
eth:ethertype:ip:udp:lisp-data:ipv6:nhrp,1
eth:ethertype:ip:udp:tzsp:eth:ethertype:data,1
eth:ethertype:ip:udp:ddtp,1
eth:ethertype:ip:udp:mpls:pwethheuristic:pwethcw:eth:llc:data,1
eth:ethertype:ip:udp:hip,1
eth:ethertype:ip:udp:actrace,1
eth:ethertype:ip:udp:opensafety_udp,1
eth:ethertype:ip:udp:mpls:pwethheuristic:pwethcw:eth,1
eth:ethertype:ip:udp:scop:wpan,1
eth:ethertype:ip:udp:udpencap,1
eth:ethertype:ip:udp:rsp:data,1
eth:ethertype:ip:udp:lisp-data:ipv6:gre:data,1
eth:ethertype:ip:udp:mpls:ipv6:dsr:data,1
eth:ethertype:ip:udp:mpls:ipv6:etherip:eth:ethertype:data,1
eth:ethertype:ip:udp:tpcp,1
eth:ethertype:ip:udp:ieee1722:ieee17221,1
eth:ethertype:ip:udp:megaco,1
eth:ethertype:ip:udp:ntp:vssmonitoring,1
eth:ethertype:ip:udp:lisp-data:ipv6:etherip:eth:ethertype:data,1
eth:ethertype:ip:udp:lisp-data:ipv6:swipe,1
eth:ethertype:ip:udp:tplink-smarthome:json,1
eth:ethertype:ip:udp:jmirror:ipv6:nhrp,1
eth:ethertype:ip:udp:jmirror:ipv6:pim,1
eth:ethertype:ip:udp:jmirror:ipv6:vrrp,1
eth:ethertype:ip:udp:jmirror:ipv6:gre:data,1
eth:ethertype:ip:udp:jmirror:ipv6:ospf,1
eth:ethertype:ip:udp:jmirror:ipv6:osi:data,1
eth:ethertype:ip:udp:rx:afs,1
eth:ethertype:ip:udp:epl,1
eth:ethertype:ip:udp:bat.gw:ip,1
eth:ethertype:ip:udp:udpencap:data,1
eth:ethertype:ip:udp:gvcp,1
eth:ethertype:ip:udp:dtls:x509sat:x509sat:x509sat:x509sat,1
eth:ethertype:ip:udp:mpls:ipv6:l2tp:data,1
eth:ethertype:ip:udp:mpls:ipv6:pgm,1
eth:ethertype:ip:udp:mpls:ipv6:vrrp,1
eth:ethertype:ip:udp:mpls:ipv6:gre,1
eth:ethertype:ip:udp:mpls:ipv6:lwl4,1
eth:ethertype:ip:udp:jmirror:ipv6,1
eth:ethertype:ip:udp:llc:sna:data,1
eth:ethertype:ip:udp:ecatf:ams,1
eth:ethertype:ip:udp:wimaxasncp,1
