eth:ethertype:ip:udp:data,9545984
eth:ethertype:ip:udp:stun,9273564
eth:ethertype:ip:udp:dns,3497097
eth:ethertype:ip:udp:syslog,2507229
eth:ethertype:ip:udp:ntp,1998103
eth:ethertype:ip:data,1696917
eth:ethertype:ip:udp:snmp,1465250
eth:ethertype:ip:udp:nbns,625962
eth:ethertype:ip:udp:sip,383522
eth:ethertype:ip:udp:cflow,162491
eth:ethertype:ip:udp:ssdp,141478
eth:ethertype:ip:udp:mdns,133075
eth:ethertype:ip:udp:coap,132818
eth:ethertype:ip:udp:sip:xml,102253
eth:ethertype:ip:udp:rpc,98986
eth:ethertype:ip:udp,89744
eth:ethertype:ip:udp:openvpn,84088
eth:ethertype:ip:udp:cldap,82543
eth:ethertype:ip:udp:isakmp,79649
eth:ethertype:ip:udp:memcache,63988
eth:ethertype:ip:udp:dtls,56121
eth:ethertype:ip:udp:l2tp,52933
eth:ethertype:ip:udp:sip:data-text-lines,52852
eth:ethertype:ip:udp:srvloc,46438
eth:ethertype:ip:udp:capwap,44902
eth:ethertype:ip:udp:rip,44607
eth:ethertype:ip:udp:gtp,43952
eth:ethertype:ip:udp:portcontrol,43246
eth:ethertype:ip:udp:bvlc:bacnet:bacapp,37857
eth:ethertype:ip:udp:chargen,32198
eth:ethertype:ip:udp:quake3,30844
eth:ethertype:ip:udp:udpencap:esp,25495
eth:ethertype:ip:udp:c1222,24530
eth:ethertype:ip:udp:ltp,24170
eth:ethertype:ip:udp:rmcp:ipmi_session:data,22429
eth:ethertype:ip:udp:quic:tls,21336
eth:ethertype:ip:udp:gquic,21085
eth:ethertype:ip:udp:dhcp,20219
eth:ethertype:ip:udp:xdmcp,20167
eth:ethertype:ip:udp:kerberos,19644
eth:ethertype:ip:udp:hart_ip,17176
eth:ethertype:ip:udp:rdpudp,17156
eth:ethertype:ip:udp:classicstun,17082
eth:ethertype:ip:udp:lwapp:data,16902
eth:ethertype:ip:udp:enip,14392
eth:ethertype:ip:udp:echo,13859
eth:ethertype:ip:udp:omron,13667
eth:ethertype:ip:udp:tftp,13436
eth:ethertype:ip:udp:radius,13272
eth:ethertype:ip:udp:gtp:gtpv2,12022
eth:ethertype:ip:udp:daytime,10324
eth:ethertype:ip:udp:time,10259
eth:ethertype:ip:udp:ecatf:ecat,10210
eth:ethertype:ip:udp:bfd,10014
eth:ethertype:ip:udp:steam_ihs_discovery,9344
eth:ethertype:ip:udp:udpencap:isakmp,8585
eth:ethertype:ip:udp:nbdgm:smb:browser,7775
eth:ethertype:ip:udp:kip,6409
eth:ethertype:ip:udp:mgcp,6124
eth:ethertype:ip:udp:teredo:ipv6,4988
eth:ethertype:ip:udp:scop:data,4387
eth:ethertype:ip:udp:coap:data,3797
eth:ethertype:ip:udp:rtcp,3782
eth:ethertype:ip:udp:quic,3775
eth:ethertype:ip:udp:rmcp:asf,3424
eth:ethertype:ip:udp:wsp,2650
eth:ethertype:ip:udp:iax2,2631
eth:ethertype:ip:udp:knet,2220
eth:ethertype:ip:udp:wtls,1716
eth:ethertype:ip:udp:quake3:data,1702
eth:ethertype:ip:udp:cipio,1616
eth:ethertype:ip:udp:wtp,1604
eth:ethertype:ip:udp:llmnr,1425
eth:ethertype:ip:udp:radius:eap,1267
eth:ethertype:ip:udp:dis,1212
eth:ethertype:ip:udp:raknet:raknet,1188
eth:ethertype:ip:udp:corosync_totemnet:data,1057
eth:ethertype:ip:udp:rtps,948
eth:ethertype:ip:udp:gtpprime,934
eth:ethertype:ip:udp:llc:data,930
eth:ethertype:ip:udp:mint,877
eth:ethertype:ip:udp:ayiya,823
eth:ethertype:ip:udp:raknet:raknet:raknet,808
eth:ethertype:ip:udp:mipv6,806
eth:ethertype:ip:udp:tipc,771
eth:ethertype:ip:udp:pn_rt:pn_ptcp,747
eth:ethertype:ip:udp:lwapp:wlan,711
eth:ethertype:ip:udp:ssdp:data,708
eth:ethertype:ip:udp:ipvs,677
eth:ethertype:ip:udp:icp,656
eth:ethertype:ip:udp:ath,623
eth:ethertype:ip:udp:manolito,611
eth:ethertype:ip:udp:rsvp,564
eth:ethertype:ip:udp:mih,540
eth:ethertype:ip:udp:sbus,533
eth:ethertype:ip:udp:ecmp,530
eth:ethertype:ip:udp:tetra,517
eth:ethertype:ip:udp:vuze-dht,515
eth:ethertype:ip:udp:iax2:data,513
eth:ethertype:ip:udp:vrt,505
eth:ethertype:ip:udp:h225,483
eth:ethertype:ip:udp:bat:data,477
eth:ethertype:ip:udp:lisp:data,474
eth:ethertype:ip:udp:db-lsp-disc,463
eth:ethertype:ip:udp:asterix,450
eth:ethertype:ip:udp:nano,442
eth:ethertype:ip:udp:asap,434
eth:ethertype:ip:udp:h501,433
eth:ethertype:ip:udp:pktc,421
eth:ethertype:ip:udp:hcrt,412
eth:ethertype:ip:udp:ieee1722:data,412
eth:ethertype:ip:udp:mikey,401
eth:ethertype:ip:udp:gprs-ns:bssgp,401
eth:ethertype:ip:udp:collectd,392
eth:ethertype:ip:udp:cnip,386
eth:ethertype:ip:udp:bat.gw:data,376
eth:ethertype:ip:udp:ecatf:data,374
eth:ethertype:ip:udp:h248,373
eth:ethertype:ip:udp:kink,365
eth:ethertype:ip:udp:wg,360
eth:ethertype:ip:udp:enrp,360
eth:ethertype:ip:udp:cups,359
eth:ethertype:ip:udp:bat.vis:data,356
eth:ethertype:ip:udp:amt,353
eth:ethertype:ip:udp:eth:ethertype:data,342
eth:ethertype:ip:udp:ardp,318
eth:ethertype:ip:udp:kdp,313
eth:ethertype:ip:udp:nxp_802154_sniffer:wpan:data,305
eth:ethertype:ip:udp:egd:data,295
eth:ethertype:ip:udp:dof,291
eth:ethertype:ip:udp:uaudp,285
eth:ethertype:ip:udp:dpnet,284
eth:ethertype:ip:udp:nxp_802154_sniffer,271
eth:ethertype:ip:udp:ax4000,254
eth:ethertype:ip:udp:sabp:sabp,254
eth:ethertype:ip:udp:ulp,253
eth:ethertype:ip:udp:idn,248
eth:ethertype:ip:udp:gprs-ns,247
eth:ethertype:ip:udp:iapp,247
eth:ethertype:ip:udp:bfd_echo,242
eth:ethertype:ip:udp:lisp-data,239
eth:ethertype:ip:udp:elasticsearch,232
eth:ethertype:ip:udp:rsip,229
eth:ethertype:ip:udp:nxp_802154_sniffer:wpan,229
eth:ethertype:ip:udp:sctp,228
eth:ethertype:ip:udp:tplink-smarthome:json:data-text-lines,227
eth:ethertype:ip:udp:ajns,225
eth:ethertype:ip:udp:sap,205
eth:ethertype:ip:udp:a21,197
eth:ethertype:ip:udp:gre:data,196
eth:ethertype:ip:udp:opensafety_udp:data,195
eth:ethertype:ip:udp:bjnp,182
eth:ethertype:ip:udp:dmp,177
eth:ethertype:ip:udp:pfcp,172
eth:ethertype:ip:udp:infiniband:data,162
eth:ethertype:ip:udp:pktc.mtafqdn,151
eth:ethertype:ip:udp:tzsp,150
eth:ethertype:ip:udp:sabp,146
eth:ethertype:ip:udp:msproxy,139
eth:ethertype:ip:udp:dvb_ipdc:data,128
eth:ethertype:ip:udp:quake:data,115
eth:ethertype:ip:udp:rdt,105
eth:ethertype:ip:udp:adp,103
eth:ethertype:ip:udp:teredo:data,102
eth:ethertype:ip:udp:tacacs,99
eth:ethertype:ip:udp:gre,98
eth:ethertype:ip:udp:nbdgm:smb:data,96
eth:ethertype:ip:udp:lwapp:wlan:data,93
eth:ethertype:ip:udp:vxlan:eth:ethertype:arp,89
eth:ethertype:ip:udp:geneve:data,88
eth:ethertype:ip:udp:sap:sdp,84
eth:ethertype:ip:udp:doip,83
eth:ethertype:ip:udp:opensafety:data,79
eth:ethertype:ip:udp:megaco:data,76
eth:ethertype:ip:udp:infiniband,75
eth:ethertype:ip:udp:pn_rt:pn_io,72
eth:ethertype:ip:udp:ts2,69
eth:ethertype:ip:udp:wlccp,66
eth:ethertype:ip:udp:vxlan:eth:llc:data,61
eth:ethertype:ip:udp:geneve,60
eth:ethertype:ip:udp:lisp-data:ip:data,60
eth:ethertype:ip:udp:lisp,59
eth:ethertype:ip:udp:quakeworld:data,59
eth:ethertype:ip:udp:capwap.data,58
eth:ethertype:ip:udp:lisp-data:ipv6:data,58
eth:ethertype:ip:udp:gsmtap:data,55
eth:ethertype:ip:udp:jmirror:ipv6:data,54
eth:ethertype:ip:udp:capwap:dtls,51
eth:ethertype:ip:udp:hiqnet,45
eth:ethertype:ip:udp:dcc,45
eth:ethertype:ip:udp:raknet,44
eth:ethertype:ip:udp:vxlan:eth:ethertype:data,40
eth:ethertype:ip:udp:mpls:data,36
eth:ethertype:ip:udp:cnip:data,34
eth:ethertype:ip:udp:wisun.eapol_relay:eapol:data,33
eth:ethertype:ip:udp:quake2:data,33
eth:ethertype:ip:udp:vxlan:eth,32
eth:ethertype:ip:udp:stun:data,32
eth:ethertype:ip:udp:gsmtap,29
eth:ethertype:ip:udp:rx,28
eth:ethertype:ip:udp:pathport,24
eth:ethertype:ip:udp:goose:cotp,24
eth:ethertype:ip:udp:capwap.data:dtls,24
eth:ethertype:ip:udp:data:vssmonitoring,24
eth:ethertype:ip:udp:ldp,24
eth:ethertype:ip:udp:lisp-data:ip,24
eth:ethertype:ip:udp:wol,21
eth:ethertype:ip:udp:egd,19
eth:ethertype:ip:udp:pn_rt,17
eth:ethertype:ip:udp:eth,17
eth:ethertype:ip:udp:dhcpv6,16
eth:ethertype:ip:udp:sabp:sabp:sabp,16
eth:ethertype:ip:udp:quake2,15
eth:ethertype:ip:udp:mpls,15
eth:ethertype:ip:udp:l2tp:data,13
eth:ethertype:ip:udp:mndp,12
eth:ethertype:ip:udp:scop,12
eth:ethertype:ip:udp:ncp,12
eth:ethertype:ip:udp:bat.vis,12
eth:ethertype:ip:udp:llc,12
eth:ethertype:ip:udp:thrift,12
eth:ethertype:ip:udp:tsp,11
eth:ethertype:ip:udp:wtp:wsp,11
eth:ethertype:ip:udp:jmirror:ip:data,11
eth:ethertype:ip:udp:kpasswd,11
eth:ethertype:ip:udp:mip,10
eth:ethertype:ip:udp:dcp-etsi:dcp-af,10
eth:ethertype:ip:udp:xyplex,10
eth:ethertype:ip:udp:mpls:ipv6:data,10
eth:ethertype:ip:udp:vxlan:eth:ethertype:ip:udp:mdns,10
eth:ethertype:ip:udp:gsmtap:gsmtap_log,10
eth:ethertype:ip:udp:lmp,9
eth:ethertype:ip:udp:rtpproxy,9
eth:ethertype:ip:udp:rx:afs,9
eth:ethertype:ip:udp:dvb_ipdc:alc:data,9
eth:ethertype:ip:udp:auto_rp,8
eth:ethertype:ip:udp:slimp3,8
eth:ethertype:ip:udp:mpls:ipv6,8
eth:ethertype:ip:udp:rsp,8
eth:ethertype:ip:udp:sigcomp,8
eth:ethertype:ip:udp:find,7
eth:ethertype:ip:udp:dlep,7
eth:ethertype:ip:udp:lwres,7
eth:ethertype:ip:udp:ecatf:tc_nv,7
eth:ethertype:ip:udp:armagetronad,7
eth:ethertype:ip:udp:who,7
eth:ethertype:ip:udp:acdr,7
eth:ethertype:ip:udp:lwapp,7
eth:ethertype:ip:udp:mpls:ip,7
eth:ethertype:ip:udp:lbtrm,6
eth:ethertype:ip:udp:tzsp:data,6
eth:ethertype:ip:udp:wisun.eapol_relay,6
eth:ethertype:ip:udp:nbdgm,6
eth:ethertype:ip:udp:lisp-data:ipv6,6
eth:ethertype:ip:udp:ripng,6
eth:ethertype:ip:udp:ieee1722,5
eth:ethertype:ip:udp:amt:ip,5
eth:ethertype:ip:udp:quake,5
eth:ethertype:ip:udp:ecatf:ioraw,5
eth:ethertype:ip:udp:packetbb,5
eth:ethertype:ip:udp:quakeworld,5
eth:ethertype:ip:udp:scop:wpan,5
eth:ethertype:ip:udp:capwap.data:eth:ethertype:data,5
eth:ethertype:ip:udp:mpls:pwethheuristic:pwethcw:eth:ethertype:data,5
eth:ethertype:ip:udp:ieee1722:cvf,5
eth:ethertype:ip:udp:msmms,4
eth:ethertype:ip:udp:sip:sigcomp,4
eth:ethertype:ip:udp:dvb_ipdc:alc:rmt-lct,4
eth:ethertype:ip:udp:ipx:data,4
eth:ethertype:ip:udp:epl,4
eth:ethertype:ip:udp:jmirror:ipv6:ah,4
eth:ethertype:ip:udp:dlsw,4
eth:ethertype:ip:udp:ieee1722:iec61883,4
eth:ethertype:ip:udp:jmirror:ipv6,4
eth:ethertype:ip:udp:dcp-etsi:dcp-pft,4
eth:ethertype:ip:udp:goose:cotp:goose,4
eth:ethertype:ip:udp:tapa,3
eth:ethertype:ip:udp:llc:osi:data,3
eth:ethertype:ip:udp:ptp,3
eth:ethertype:ip:udp:wisun.eapol_relay:eapol,3
eth:ethertype:ip:udp:uftp:uftp4,3
eth:ethertype:ip:udp:tpcp,3
eth:ethertype:ip:udp:tipc:data,3
eth:ethertype:ip:udp:bundle,3
eth:ethertype:ip:udp:jmirror:ipv6:l2tp:data,3
eth:ethertype:ip:udp:jmirror:ipv6:dsr:data,3
eth:ethertype:ip:udp:opensafety_udp,3
eth:ethertype:ip:udp:ddtp,3
eth:ethertype:ip:udp:ipx,3
eth:ethertype:ip:udp:bat.gw,3
eth:ethertype:ip:udp:capwap.data:data,3
eth:ethertype:ip:udp:cpfi,3
eth:ethertype:ip:udp:lisp-data:ipv6:ipcomp:data,3
eth:ethertype:ip:udp:lisp-data:ipv6:lwl4,3
eth:ethertype:ip:udp:rdpudp:dtls,3
eth:ethertype:ip:udp:vxlan,2
eth:ethertype:ip:udp:jmirror:ipv6:esp,2
eth:ethertype:ip:udp:jmirror:ipv6:ipv6.dstopts,2
eth:ethertype:ip:udp:jmirror:ipv6:vrrp,2
eth:ethertype:ip:udp:jmirror:ipv6:ipcomp:data,2
eth:ethertype:ip:udp:udpencap,2
eth:ethertype:ip:udp:ltp:data,2
eth:ethertype:ip:udp:jmirror:ipv6:swipe,2
eth:ethertype:ip:udp:megaco,2
eth:ethertype:ip:udp:lisp-data:ipv6:gre,2
eth:ethertype:ip:udp:lisp-data:ipv6:pim,2
eth:ethertype:ip:udp:lisp-data:ipv6:vrrp,2
eth:ethertype:ip:udp:mpls:pwethheuristic:pwethnocw:eth:ethertype:data,2
eth:ethertype:ip:udp:mdns:vssmonitoring,2
eth:ethertype:ip:udp:wccp,2
eth:ethertype:ip:udp:jmirror:ipv6:eigrp,2
eth:ethertype:ip:udp:llc:sna:data,2
eth:ethertype:ip:udp:olsr,2
eth:ethertype:ip:udp:quic:tls:tls:tls:tls:tls,2
eth:ethertype:ip:udp:capwap:data,1
eth:ethertype:ip:udp:ip,1
eth:ethertype:ip:udp:uftp:uftp5,1
eth:ethertype:ip:udp:edonkey,1
eth:ethertype:ip:udp:llc:ipx,1
eth:ethertype:ip:udp:capwap.data:eth,1
eth:ethertype:ip:udp:jmirror:ipv6:ospf,1
eth:ethertype:ip:udp:jmirror:ipv6:nhrp,1
eth:ethertype:ip:udp:jmirror:ipv6:etherip:eth:llc,1
eth:ethertype:ip:udp:jmirror:ipv6:vines_frp:vines_ip:data,1
eth:ethertype:ip:udp:opensafety,1
eth:ethertype:ip:udp:mpls:pwethheuristic:data,1
eth:ethertype:ip:udp:ecatf:ams,1
eth:ethertype:ip:udp:teredo,1
eth:ethertype:ip:udp:vxlan:eth:ethertype:vlan:ethertype:ipv6:icmpv6,1
eth:ethertype:ip:udp:lisp-data:ipv6:etherip:eth:llc,1
eth:ethertype:ip:udp:lisp-data:ipv6:nhrp,1
eth:ethertype:ip:udp:lisp-data:ipv6:eigrp,1
eth:ethertype:ip:udp:lisp-data:ipv6:swipe,1
eth:ethertype:ip:udp:lisp-data:ipv6:ospf,1
eth:ethertype:ip:udp:mint:eth:ethertype:data,1
eth:ethertype:ip:udp:mpls:pwach:data,1
eth:ethertype:ip:udp:llc:hpext:data,1
eth:ethertype:ip:udp:sflow,1
eth:ethertype:ip:udp:a11,1
eth:ethertype:ip:udp:lisp-data:ipv6:vines_frp:vines_ip:data,1
eth:ethertype:ip:udp:lisp-data:ipv6:dsr,1
eth:ethertype:ip:udp:lisp-data:ipv6:esp,1
eth:ethertype:ip:udp:teredo:ipv6:data,1
eth:ethertype:ip:udp:l2tp:ppp:data,1
eth:ethertype:ip:udp:amt:ip:ipv6:data,1
eth:ethertype:ip:udp:ayiya:dsr:ipv6.hopopts:ipv6.hopopts,1
eth:ethertype:ip:udp:jmirror:ipv6:lwl4,1
eth:ethertype:ip:udp:jmirror:ipv6:gre:data,1
eth:ethertype:ip:udp:mpls:pwethheuristic:pwethcw:eth,1
eth:ethertype:ip:udp:ecatf:ecat_mailbox,1
eth:ethertype:ip:udp:icq,1
eth:ethertype:ip:udp:db-lsp-disc:json:data-text-lines,1
eth:ethertype:ip:udp:quic:tls:tls:tls:tls:tls:tls,1
eth:ethertype:ip:udp:quic:tls:tls:tls:tls:tls:tls:tls:tls:tls:tls:tls,1
eth:ethertype:ip:udp:quic:tls:tls:tls:tls,1
eth:ethertype:ip:udp:papi:data,1
eth:ethertype:ip:udp:rdpudp:tls,1
