eth:ethertype:ip:udp:data,8718586
eth:ethertype:ip:udp:syslog,4669326
eth:ethertype:ip:udp:stun,4463757
eth:ethertype:ip:udp:dns,4163822
eth:ethertype:ip:udp:snmp,2536585
eth:ethertype:ip:udp:ntp,2195000
eth:ethertype:ip:udp:nbns,675854
eth:ethertype:ip:data,470568
eth:ethertype:ip:udp:sip,323369
eth:ethertype:ip:udp:coap,221958
eth:ethertype:ip:udp:cflow,159741
eth:ethertype:ip:udp:mdns,137485
eth:ethertype:ip:udp:ssdp,130476
eth:ethertype:ip:udp:rpc,105964
eth:ethertype:ip:udp:cldap,104058
eth:ethertype:ip:udp:sip:xml,101464
eth:ethertype:ip:udp:openvpn,76147
eth:ethertype:ip:udp:memcache,70332
eth:ethertype:ip:udp:dtls,67844
eth:ethertype:ip:udp:gtp,57611
eth:ethertype:ip:udp,57035
eth:ethertype:ip:udp:rip,53014
eth:ethertype:ip:udp:sip:data-text-lines,52658
eth:ethertype:ip:udp:isakmp,52426
eth:ethertype:ip:udp:bvlc:bacnet:bacapp,50861
eth:ethertype:ip:udp:portcontrol,48255
eth:ethertype:ip:udp:capwap,43729
eth:ethertype:ip:udp:chargen,43280
eth:ethertype:ip:udp:l2tp,37738
eth:ethertype:ip:udp:udpencap:esp,37706
eth:ethertype:ip:udp:dhcp,37571
eth:ethertype:ip:udp:quic:tls,37207
eth:ethertype:ip:udp:rmcp:ipmi_session:data,36546
eth:ethertype:ip:udp:srvloc,36203
eth:ethertype:ip:udp:xdmcp,35943
eth:ethertype:ip:udp:rdpudp,32119
eth:ethertype:ip:udp:kerberos,29954
eth:ethertype:ip:udp:radius,25987
eth:ethertype:ip:udp:omron,23521
eth:ethertype:ip:udp:enip,22516
eth:ethertype:ip:udp:time,22300
eth:ethertype:ip:udp:gquic,20387
eth:ethertype:ip:udp:lwapp:data,17222
eth:ethertype:ip:udp:gtp:gtpv2,17010
eth:ethertype:ip:udp:classicstun,16114
eth:ethertype:ip:udp:echo,16014
eth:ethertype:ip:udp:tftp,13984
eth:ethertype:ip:udp:nbdgm:smb:browser,12982
eth:ethertype:ip:udp:daytime,12566
eth:ethertype:ip:udp:rtcp,12223
eth:ethertype:ip:udp:bfd,12122
eth:ethertype:ip:udp:wsp,11981
eth:ethertype:ip:udp:steam_ihs_discovery,11568
eth:ethertype:ip:udp:tacacs,10486
eth:ethertype:ip:udp:hart_ip,10457
eth:ethertype:ip:udp:ecatf:ecat,10224
eth:ethertype:ip:udp:cups,10147
eth:ethertype:ip:udp:kip,8159
eth:ethertype:ip:udp:udt,6191
eth:ethertype:ip:udp:quic,5331
eth:ethertype:ip:udp:mgcp,4875
eth:ethertype:ip:udp:udpencap:isakmp,4729
eth:ethertype:ip:udp:teredo:ipv6,4426
eth:ethertype:ip:udp:coap:data,3587
eth:ethertype:ip:udp:raknet:raknet,3560
eth:ethertype:ip:udp:rmcp:asf,3329
eth:ethertype:ip:udp:iax2,3278
eth:ethertype:ip:udp:quake3:data,3189
eth:ethertype:ip:udp:gtpprime,2693
eth:ethertype:ip:udp:wtls,2104
eth:ethertype:ip:udp:mndp,1991
eth:ethertype:ip:udp:manolito,1861
eth:ethertype:ip:udp:cipio,1709
eth:ethertype:ip:udp:rtps,1659
eth:ethertype:ip:udp:dis,1378
eth:ethertype:ip:udp:rx,1312
eth:ethertype:ip:udp:llc:data,1172
eth:ethertype:ip:udp:h225,1043
eth:ethertype:ip:udp:llmnr,1017
eth:ethertype:ip:udp:dmp,714
eth:ethertype:ip:udp:ssdp:data,632
eth:ethertype:ip:udp:ts2,591
eth:ethertype:ip:udp:dof,567
eth:ethertype:ip:udp:rdt,544
eth:ethertype:ip:udp:cnip,542
eth:ethertype:ip:udp:scop:data,496
eth:ethertype:ip:udp:kink,489
eth:ethertype:ip:udp:doip,486
eth:ethertype:ip:udp:tipc,458
eth:ethertype:ip:udp:raknet:raknet:raknet,418
eth:ethertype:ip:udp:egd:data,397
eth:ethertype:ip:udp:icp,385
eth:ethertype:ip:udp:sctp,383
eth:ethertype:ip:udp:corosync_totemnet:data,375
eth:ethertype:ip:udp:teredo:data,358
eth:ethertype:ip:udp:pn_rt:pn_ptcp,353
eth:ethertype:ip:udp:pktc.mtafqdn,352
eth:ethertype:ip:udp:geneve:data,346
eth:ethertype:ip:udp:c1222,341
eth:ethertype:ip:udp:wtp,338
eth:ethertype:ip:udp:idn,338
eth:ethertype:ip:udp:wisun.eapol_relay:eapol:data,315
eth:ethertype:ip:udp:uaudp,313
eth:ethertype:ip:udp:gprs-ns:bssgp,306
eth:ethertype:ip:udp:mint,284
eth:ethertype:ip:udp:ieee1722:data,263
eth:ethertype:ip:udp:a21,263
eth:ethertype:ip:udp:ayiya,263
eth:ethertype:ip:udp:elasticsearch,251
eth:ethertype:ip:udp:asap,249
eth:ethertype:ip:udp:vuze-dht,247
eth:ethertype:ip:udp:amt,246
eth:ethertype:ip:udp:bat:data,240
eth:ethertype:ip:udp:ecatf:data,229
eth:ethertype:ip:udp:quake:data,223
eth:ethertype:ip:udp:lisp-data,222
eth:ethertype:ip:udp:quake2:data,220
eth:ethertype:ip:udp:pktc,216
eth:ethertype:ip:udp:ath,215
eth:ethertype:ip:udp:vrt,215
eth:ethertype:ip:udp:mikey,209
eth:ethertype:ip:udp:rsvp,205
eth:ethertype:ip:udp:hcrt,204
eth:ethertype:ip:udp:nxp_802154_sniffer:wpan,204
eth:ethertype:ip:udp:radius:eap,200
eth:ethertype:ip:udp:mipv6,199
eth:ethertype:ip:udp:gprs-ns,198
eth:ethertype:ip:udp:gre:data,196
eth:ethertype:ip:udp:bjnp,196
eth:ethertype:ip:udp:bfd_echo,195
eth:ethertype:ip:udp:infiniband:data,189
eth:ethertype:ip:udp:ardp,180
eth:ethertype:ip:udp:raknet,179
eth:ethertype:ip:udp:pn_rt:pn_io,174
eth:ethertype:ip:udp:lisp:data,170
eth:ethertype:ip:udp:asterix,168
eth:ethertype:ip:udp:nano,155
eth:ethertype:ip:udp:h248,152
eth:ethertype:ip:udp:capwap.data,151
eth:ethertype:ip:udp:sbus,147
eth:ethertype:ip:udp:bat.vis:data,146
eth:ethertype:ip:udp:ecmp,145
eth:ethertype:ip:udp:goose:cotp,145
eth:ethertype:ip:udp:vxlan:eth:llc:data,141
eth:ethertype:ip:udp:enrp,130
eth:ethertype:ip:udp:tplink-smarthome:json:data-text-lines,127
eth:ethertype:ip:udp:mih,121
eth:ethertype:ip:udp:ax4000,113
eth:ethertype:ip:udp:ipvs,111
eth:ethertype:ip:udp:iapp,110
eth:ethertype:ip:udp:stun:data,110
eth:ethertype:ip:udp:adp,105
eth:ethertype:ip:udp:capwap.data:eth:ethertype:data,105
eth:ethertype:ip:udp:iax2:data,104
eth:ethertype:ip:udp:quakeworld:data,104
eth:ethertype:ip:udp:knet,103
eth:ethertype:ip:udp:rsip,101
eth:ethertype:ip:udp:megaco:data,101
eth:ethertype:ip:udp:kdp,100
eth:ethertype:ip:udp:msproxy,100
eth:ethertype:ip:udp:db-lsp-disc,100
eth:ethertype:ip:udp:ulp,98
eth:ethertype:ip:udp:tzsp,95
eth:ethertype:ip:udp:nbdgm:smb:data,95
eth:ethertype:ip:udp:sabp:sabp,91
eth:ethertype:ip:udp:ajns,88
eth:ethertype:ip:udp:pfcp,88
eth:ethertype:ip:udp:dpnet,87
eth:ethertype:ip:udp:bat.gw:data,87
eth:ethertype:ip:udp:infiniband,85
eth:ethertype:ip:udp:sap,85
eth:ethertype:ip:udp:opensafety:data,84
eth:ethertype:ip:udp:vxlan:eth:ethertype:data,82
eth:ethertype:ip:udp:collectd,79
eth:ethertype:ip:udp:lisp,78
eth:ethertype:ip:udp:dvb_ipdc:data,78
eth:ethertype:ip:udp:hiqnet,78
eth:ethertype:ip:udp:tetra,75
eth:ethertype:ip:udp:dcc,74
eth:ethertype:ip:udp:lwapp:wlan:data,70
eth:ethertype:ip:udp:h501,66
eth:ethertype:ip:udp:gsmtap:data,63
eth:ethertype:ip:udp:opensafety_udp:data,61
eth:ethertype:ip:udp:wlccp,59
eth:ethertype:ip:udp:eth:ethertype:data,58
eth:ethertype:ip:udp:lwapp:wlan,58
eth:ethertype:ip:udp:gsmtap,54
eth:ethertype:ip:udp:dvb_ipdc:alc:data,47
eth:ethertype:ip:udp:cnip:data,39
eth:ethertype:ip:udp:nbdgm,39
eth:ethertype:ip:udp:mpls:data,39
eth:ethertype:ip:udp:quake2,36
eth:ethertype:ip:udp:geneve,36
eth:ethertype:ip:udp:gre,35
eth:ethertype:ip:udp:enttec,33
eth:ethertype:ip:udp:vxlan:eth,31
eth:ethertype:ip:udp:quake3,31
eth:ethertype:ip:udp:sabp,29
eth:ethertype:ip:udp:wisun.eapol_relay,26
eth:ethertype:ip:udp:rpc:portmap,26
eth:ethertype:ip:udp:nxp_802154_sniffer,25
eth:ethertype:ip:udp:lisp-data:ipv6:data,25
eth:ethertype:ip:udp:lisp-data:ip:data,24
eth:ethertype:ip:udp:data:vssmonitoring,23
eth:ethertype:ip:udp:wg,22
eth:ethertype:ip:udp:wtp:wsp,22
eth:ethertype:ip:udp:capwap.data:dtls,21
eth:ethertype:ip:udp:scop:wpan,20
eth:ethertype:ip:udp:capwap.data:data,19
eth:ethertype:ip:udp:egd,18
eth:ethertype:ip:udp:ltp,17
eth:ethertype:ip:udp:kpasswd,17
eth:ethertype:ip:udp:thrift,16
eth:ethertype:ip:udp:dhcpv6,16
eth:ethertype:ip:udp:capwap:dtls,16
eth:ethertype:ip:udp:ip,16
eth:ethertype:ip:udp:mpls:ipv6:data,15
eth:ethertype:ip:udp:eth,15
eth:ethertype:ip:udp:ecatf:tc_nv,15
eth:ethertype:ip:udp:rx:afs,15
eth:ethertype:ip:udp:sap:sdp,14
eth:ethertype:ip:udp:ecatf:ioraw,14
eth:ethertype:ip:udp:ecatf:ams,14
eth:ethertype:ip:udp:capwap:data,14
eth:ethertype:ip:udp:lisp-data:ip,14
eth:ethertype:ip:udp:rdpudp:data,14
eth:ethertype:ip:udp:auto_rp,13
eth:ethertype:ip:udp:acdr,13
eth:ethertype:ip:udp:dcp-etsi:dcp-af,13
eth:ethertype:ip:udp:llc,13
eth:ethertype:ip:udp:mpls:pwethheuristic:pwethcw:eth:llc,13
eth:ethertype:ip:udp:l2tp:data,12
eth:ethertype:ip:udp:rtpproxy,12
eth:ethertype:ip:udp:find,12
eth:ethertype:ip:udp:lwres,11
eth:ethertype:ip:udp:dcp-etsi:dcp-pft,11
eth:ethertype:ip:udp:lisp-data:ipv6,11
eth:ethertype:ip:udp:teredo:ipv6:ipv6.hopopts:ipv6.hopopts,11
eth:ethertype:ip:udp:msmms,10
eth:ethertype:ip:udp:slimp3,10
eth:ethertype:ip:udp:ipx:data,10
eth:ethertype:ip:udp:tzsp:data,9
eth:ethertype:ip:udp:tsp,9
eth:ethertype:ip:udp:rsp,9
eth:ethertype:ip:udp:pathport,9
eth:ethertype:ip:udp:dlsw,9
eth:ethertype:ip:udp:l2tp:ppp:data,8
eth:ethertype:ip:udp:who,8
eth:ethertype:ip:udp:quakeworld,8
eth:ethertype:ip:udp:data:f5ethtrailer,8
eth:ethertype:ip:udp:tapa,8
eth:ethertype:ip:udp:lmp,8
eth:ethertype:ip:udp:dlep,8
eth:ethertype:ip:udp:xyplex,8
eth:ethertype:ip:udp:ripng,8
eth:ethertype:ip:udp:ieee1722:iec61883,7
eth:ethertype:ip:udp:scop,7
eth:ethertype:ip:udp:ncp,6
eth:ethertype:ip:udp:ptp,6
eth:ethertype:ip:udp:packetbb,6
eth:ethertype:ip:udp:quake,6
eth:ethertype:ip:udp:mpls:ipv6,6
eth:ethertype:ip:udp:olsr,5
eth:ethertype:ip:udp:a11,5
eth:ethertype:ip:udp:sip:sigcomp,5
eth:ethertype:ip:udp:armagetronad,5
eth:ethertype:ip:udp:mpls:pwethheuristic:pwethcw:eth:ethertype:data,5
eth:ethertype:ip:udp:mip,5
eth:ethertype:ip:udp:pn_rt,5
eth:ethertype:ip:udp:icq,5
eth:ethertype:ip:udp:bat.vis,4
eth:ethertype:ip:udp:amt:ip,4
eth:ethertype:ip:udp:mpls,4
eth:ethertype:ip:udp:actrace,4
eth:ethertype:ip:udp:tpcp,4
eth:ethertype:ip:udp:ieee1722:cvf:data,4
eth:ethertype:ip:udp:llc:sna:data,4
eth:ethertype:ip:udp:sigcomp,4
eth:ethertype:ip:udp:wisun.eapol_relay:eapol,4
eth:ethertype:ip:udp:rpc:nfs,4
eth:ethertype:ip:udp:cnip:lon,3
eth:ethertype:ip:udp:ecatf:ecat_mailbox,3
eth:ethertype:ip:udp:udpencap,3
eth:ethertype:ip:udp:epl,3
eth:ethertype:ip:udp:lisp-data:ipv6:pim,3
eth:ethertype:ip:udp:nxp_802154_sniffer:wpan:data,3
eth:ethertype:ip:udp:lbtrm,3
eth:ethertype:ip:udp:mpls:ip:data,3
eth:ethertype:ip:udp:opensafety_udp,3
eth:ethertype:ip:udp:lwapp,3
eth:ethertype:ip:udp:cigi,3
eth:ethertype:ip:udp:ipx,3
eth:ethertype:ip:udp:cpfi,3
eth:ethertype:ip:udp:mpls:ip,3
eth:ethertype:ip:udp:portcontrol:f5ethtrailer,3
eth:ethertype:ip:udp:goose:cotp:goose,3
eth:ethertype:ip:udp:mpls:pwethheuristic:pwethcw:eth,2
eth:ethertype:ip:udp:aodv,2
eth:ethertype:ip:udp:wimaxasncp,2
eth:ethertype:ip:udp:lisp-data:ipv6:nhrp,2
eth:ethertype:ip:udp:rdpudp:tls,2
eth:ethertype:ip:udp:tzsp:eth:ethertype:data,2
eth:ethertype:ip:udp:adwin,2
eth:ethertype:ip:udp:llc:osi:data,2
eth:ethertype:ip:udp:ltp:data,2
eth:ethertype:ip:udp:bat.gw,2
eth:ethertype:ip:udp:jmirror:ipv6:data,2
eth:ethertype:ip:udp:dvb_ipdc:alc:rmt-lct:data,2
eth:ethertype:ip:udp:quic:tls:tls:tls:tls:tls:tls,1
eth:ethertype:ip:udp:quic:tls:tls:tls:tls:tls:tls:tls,1
eth:ethertype:ip:udp:quic:tls:tls:tls:tls:tls:tls:tls:tls,1
eth:ethertype:ip:udp:quic:tls:tls:tls,1
eth:ethertype:ip:udp:quic:tls:tls:tls:tls:tls:tls:tls:tls:tls:tls,1
eth:ethertype:ip:udp:capwap.data:wlan:data,1
eth:ethertype:ip:udp:mpls:pwach,1
eth:ethertype:ip:udp:papi,1
eth:ethertype:ip:udp:ecatf,1
eth:ethertype:ip:udp:lisp-data:ipv6:etherip:eth:ethertype:data,1
eth:ethertype:ip:udp:lisp-data:ipv6:dsr:ipcomp:data,1
eth:ethertype:ip:udp:lisp-data:ipv6:swipe,1
eth:ethertype:ip:udp:lisp-data:ipv6:ah,1
eth:ethertype:ip:udp:lisp-data:ipv6:vrrp,1
eth:ethertype:ip:udp:lisp-data:ipv6:vines_frp:vines_ip:data,1
eth:ethertype:ip:udp:lisp-data:ipv6:ospf,1
eth:ethertype:ip:udp:lisp-data:ipv6:esp,1
eth:ethertype:ip:udp:lisp-data:ipv6:eigrp,1
eth:ethertype:ip:udp:tipc:data,1
eth:ethertype:ip:udp:mpls:pwach:data,1
eth:ethertype:ip:udp:ieee1722:aaf,1
eth:ethertype:ip:udp:snmp:data,1
eth:ethertype:ip:udp:h225:data,1
eth:ethertype:ip:udp:ieee1722:tscf,1
eth:ethertype:ip:udp:ddtp,1
eth:ethertype:ip:udp:jmirror:ipv6,1
eth:ethertype:ip:udp:raknet:raknet:f5ethtrailer,1
eth:ethertype:ip:udp:dvb_ipdc:alc:rmt-lct,1
eth:ethertype:ip:udp:teredo,1
eth:ethertype:ip:udp:eth:llc:data,1
eth:ethertype:ip:udp:nbdgm:smb:smb_netlogon,1
eth:ethertype:ip:udp:mint:eth:ethertype:data,1
eth:ethertype:ip:udp:megaco,1
eth:ethertype:ip:udp:ieee1722,1
eth:ethertype:ip:udp:ayiya:dsr:ipv6.hopopts:ipv6.hopopts,1
eth:ethertype:ip:udp:rmcp,1
eth:ethertype:ip:udp:ssyncp,1
eth:ethertype:ip:udp:oicq,1
eth:ethertype:ip:udp:mpls:pwethheuristic:data,1
eth:ethertype:ip:udp:sflow,1
eth:ethertype:ip:udp:vxlan,1
eth:ethertype:ip:udp:mpls:pwethheuristic:pwethnocw:eth:ethertype:data,1
