eth:ethertype:ip:udp:data,12839276
eth:ethertype:ip:udp:stun,12598973
eth:ethertype:ip:udp:syslog,5239950
eth:ethertype:ip:udp:dns,4512170
eth:ethertype:ip:udp:ntp,2074250
eth:ethertype:ip:udp:snmp,1971401
eth:ethertype:ip:data,1760937
eth:ethertype:ip:udp:sip,865668
eth:ethertype:ip:udp:nbns,703978
eth:ethertype:ip:udp:coap,195819
eth:ethertype:ip:udp:ssdp,153081
eth:ethertype:ip:udp:cflow,141297
eth:ethertype:ip:udp:openvpn,108823
eth:ethertype:ip:udp:mdns,104529
eth:ethertype:ip:udp:cldap,99896
eth:ethertype:ip:udp:rpc,87751
eth:ethertype:ip:udp,87080
eth:ethertype:ip:udp:sip:xml,80109
eth:ethertype:ip:udp:isakmp,71464
eth:ethertype:ip:udp:memcache,69946
eth:ethertype:ip:udp:dtls,60377
eth:ethertype:ip:udp:dhcp,56162
eth:ethertype:ip:udp:portcontrol,56094
eth:ethertype:ip:udp:classicstun,54334
eth:ethertype:ip:udp:sip:data-text-lines,52730
eth:ethertype:ip:udp:srvloc,49321
eth:ethertype:ip:udp:gtp,48905
eth:ethertype:ip:udp:capwap,44973
eth:ethertype:ip:udp:bvlc:bacnet:bacapp,40907
eth:ethertype:ip:udp:l2tp,37801
eth:ethertype:ip:udp:chargen,33587
eth:ethertype:ip:udp:bfd,30642
eth:ethertype:ip:udp:quic:tls,26745
eth:ethertype:ip:udp:udpencap:esp,26325
eth:ethertype:ip:udp:rip,23620
eth:ethertype:ip:udp:xdmcp,22038
eth:ethertype:ip:udp:gquic,20468
eth:ethertype:ip:udp:quake3,20404
eth:ethertype:ip:udp:kerberos,19473
eth:ethertype:ip:udp:radius,17425
eth:ethertype:ip:udp:rmcp:ipmi_session:data,17335
eth:ethertype:ip:udp:lwapp:data,17292
eth:ethertype:ip:udp:rdpudp,16807
eth:ethertype:ip:udp:hart_ip,15579
eth:ethertype:ip:udp:gtp:gtpv2,13838
eth:ethertype:ip:udp:quic,13676
eth:ethertype:ip:udp:echo,13590
eth:ethertype:ip:udp:omron,13457
eth:ethertype:ip:udp:tftp,13410
eth:ethertype:ip:udp:enip,13100
eth:ethertype:ip:udp:nbdgm:smb:browser,12845
eth:ethertype:ip:udp:rpc:data,10545
eth:ethertype:ip:udp:daytime,10377
eth:ethertype:ip:udp:time,10337
eth:ethertype:ip:udp:ecatf:ecat,10217
eth:ethertype:ip:udp:steam_ihs_discovery,9580
eth:ethertype:ip:udp:rtcp,7870
eth:ethertype:ip:udp:udpencap:isakmp,6758
eth:ethertype:ip:udp:kip,6599
eth:ethertype:ip:udp:mgcp,5571
eth:ethertype:ip:udp:llmnr,3863
eth:ethertype:ip:udp:coap:data,3781
eth:ethertype:ip:udp:wisun.eapol_relay:eapol:data,3598
eth:ethertype:ip:udp:rmcp:asf,3391
eth:ethertype:ip:udp:teredo:ipv6,3310
eth:ethertype:ip:udp:tplink-smarthome:json:data-text-lines,3100
eth:ethertype:ip:udp:teredo:ipv6:icmpv6,2301
eth:ethertype:ip:udp:raknet:raknet,2292
eth:ethertype:ip:udp:dis,1788
eth:ethertype:ip:udp:quake3:data,1661
eth:ethertype:ip:udp:llc:data,1629
eth:ethertype:ip:udp:cipio,1517
eth:ethertype:ip:udp:rtps,1483
eth:ethertype:ip:udp:asterix,1330
eth:ethertype:ip:udp:corosync_totemnet:data,1276
eth:ethertype:ip:udp:wtls,1226
eth:ethertype:ip:udp:wsp,1129
eth:ethertype:ip:udp:gtpprime,1127
eth:ethertype:ip:udp:iax2,1117
eth:ethertype:ip:udp:mih,854
eth:ethertype:ip:udp:enrp,818
eth:ethertype:ip:udp:nano,749
eth:ethertype:ip:udp:wlccp,726
eth:ethertype:ip:udp:elasticsearch,720
eth:ethertype:ip:udp:teredo:data,689
eth:ethertype:ip:udp:ayiya,681
eth:ethertype:ip:udp:ssdp:data,663
eth:ethertype:ip:udp:msproxy,646
eth:ethertype:ip:udp:h248,623
eth:ethertype:ip:udp:bat.vis:data,603
eth:ethertype:ip:udp:ath,595
eth:ethertype:ip:udp:mpls-echo,590
eth:ethertype:ip:udp:mint,579
eth:ethertype:ip:udp:iapp,568
eth:ethertype:ip:udp:ts2,555
eth:ethertype:ip:udp:bfd_echo,550
eth:ethertype:ip:udp:scop:data,513
eth:ethertype:ip:udp:rdt,506
eth:ethertype:ip:udp:hiqnet,495
eth:ethertype:ip:udp:db-lsp-disc,489
eth:ethertype:ip:udp:h225,465
eth:ethertype:ip:udp:c1222,451
eth:ethertype:ip:udp:ulp,447
eth:ethertype:ip:udp:vrt,444
eth:ethertype:ip:udp:tetra,442
eth:ethertype:ip:udp:adp,431
eth:ethertype:ip:udp:sctp,426
eth:ethertype:ip:udp:rsvp,423
eth:ethertype:ip:udp:db-lsp-disc:json,421
eth:ethertype:ip:udp:idn,419
eth:ethertype:ip:udp:gsmtap:data,407
eth:ethertype:ip:udp:enttec,392
eth:ethertype:ip:udp:icp,381
eth:ethertype:ip:udp:nxp_802154_sniffer:wpan,373
eth:ethertype:ip:udp:pfcp,367
eth:ethertype:ip:udp:radius:eap,359
eth:ethertype:ip:udp:mndp,356
eth:ethertype:ip:udp:opensafety_udp:data,354
eth:ethertype:ip:udp:lisp:data,351
eth:ethertype:ip:udp:infiniband:data,340
eth:ethertype:ip:udp:a21,336
eth:ethertype:ip:udp:bjnp,334
eth:ethertype:ip:udp:kink,332
eth:ethertype:ip:udp:sabp:sabp,330
eth:ethertype:ip:udp:pktc,323
eth:ethertype:ip:udp:geneve:data,314
eth:ethertype:ip:udp:gre:data,312
eth:ethertype:ip:udp:lisp-data,298
eth:ethertype:ip:udp:dpnet,294
eth:ethertype:ip:udp:knet,291
eth:ethertype:ip:udp:amt,287
eth:ethertype:ip:udp:uaudp,283
eth:ethertype:ip:udp:ax4000,283
eth:ethertype:ip:udp:ajns,277
eth:ethertype:ip:udp:wg,273
eth:ethertype:ip:udp:ieee1722:data,272
eth:ethertype:ip:udp:kdp,272
eth:ethertype:ip:udp:pn_rt:pn_ptcp,260
eth:ethertype:ip:udp:ecatf:data,252
eth:ethertype:ip:udp:raknet,248
eth:ethertype:ip:udp:lwapp:wlan,246
eth:ethertype:ip:udp:hcrt,245
eth:ethertype:ip:udp:egd:data,241
eth:ethertype:ip:udp:quake2:data,236
eth:ethertype:ip:udp:mipv6,234
eth:ethertype:ip:udp:eth:ethertype:data,234
eth:ethertype:ip:udp:dof,228
eth:ethertype:ip:udp:collectd,226
eth:ethertype:ip:udp:tzsp,225
eth:ethertype:ip:udp:gprs-ns,219
eth:ethertype:ip:udp:doip,216
eth:ethertype:ip:udp:megaco:data,212
eth:ethertype:ip:udp:sap,212
eth:ethertype:ip:udp:quakeworld:data,198
eth:ethertype:ip:udp:manolito,197
eth:ethertype:ip:udp:cnip,196
eth:ethertype:ip:udp:mikey,194
eth:ethertype:ip:udp:asap,193
eth:ethertype:ip:udp:nxp_802154_sniffer,180
eth:ethertype:ip:udp:ardp,173
eth:ethertype:ip:udp:sbus,169
eth:ethertype:ip:udp:stun:data,163
eth:ethertype:ip:udp:ripng,160
eth:ethertype:ip:udp:capwap.data,158
eth:ethertype:ip:udp:iax2:data,157
eth:ethertype:ip:udp:ptp,154
eth:ethertype:ip:udp:ipx:data,153
eth:ethertype:ip:udp:olsr,148
eth:ethertype:ip:udp:rx,147
eth:ethertype:ip:udp:pn_rt:pn_io,147
eth:ethertype:ip:udp:vxlan:eth:llc:data,145
eth:ethertype:ip:udp:raknet:raknet:raknet,144
eth:ethertype:ip:udp:bat.gw:data,142
eth:ethertype:ip:udp:ecmp,141
eth:ethertype:ip:udp:tacacs,138
eth:ethertype:ip:udp:mpls:data,137
eth:ethertype:ip:udp:pktc.mtafqdn,131
eth:ethertype:ip:udp:tipc,124
eth:ethertype:ip:udp:vuze-dht,120
eth:ethertype:ip:udp:opensafety:data,115
eth:ethertype:ip:udp:ipvs,113
eth:ethertype:ip:udp:sap:sdp,113
eth:ethertype:ip:udp:bat:data,110
eth:ethertype:ip:udp:lwapp:wlan:data,104
eth:ethertype:ip:udp:h501,104
eth:ethertype:ip:udp:nbdgm:smb:data,96
eth:ethertype:ip:udp:lisp,94
eth:ethertype:ip:udp:capwap.data:eth:ethertype:data,92
eth:ethertype:ip:udp:lisp-data:ipv6:data,90
eth:ethertype:ip:udp:vxlan:eth:ethertype:data,87
eth:ethertype:ip:udp:dmp,81
eth:ethertype:ip:udp:gsmtap,80
eth:ethertype:ip:udp:lisp-data:ip,79
eth:ethertype:ip:udp:applemidi:data,76
eth:ethertype:ip:udp:rsip,72
eth:ethertype:ip:udp:geneve,70
eth:ethertype:ip:udp:lisp-data:ip:data,69
eth:ethertype:ip:udp:wtp,67
eth:ethertype:ip:udp:quake:data,67
eth:ethertype:ip:udp:capwap:dtls,63
eth:ethertype:ip:udp:dvb_ipdc:data,63
eth:ethertype:ip:udp:dcc,58
eth:ethertype:ip:udp:slimp3,51
eth:ethertype:ip:udp:infiniband,48
eth:ethertype:ip:udp:sabp,46
eth:ethertype:ip:udp:gre,43
eth:ethertype:ip:udp:thrift,36
eth:ethertype:ip:udp:gprs-ns:bssgp,35
eth:ethertype:ip:udp:capwap.data:dtls,35
eth:ethertype:ip:udp:goose:cotp,34
eth:ethertype:ip:udp:vxlan:eth,31
eth:ethertype:ip:udp:dvb_ipdc:alc:data,29
eth:ethertype:ip:udp:ltp,29
eth:ethertype:ip:udp:l2tp:data,29
eth:ethertype:ip:udp:wisun.eapol_relay:eapol,28
eth:ethertype:ip:udp:egd,24
eth:ethertype:ip:udp:wtp:wsp,24
eth:ethertype:ip:udp:dlep,23
eth:ethertype:ip:udp:eth,23
eth:ethertype:ip:udp:mpls:pwethheuristic:pwethcw:eth:ethertype:data,23
eth:ethertype:ip:udp:cnip:data,22
eth:ethertype:ip:udp:dcp-etsi:dcp-pft,22
eth:ethertype:ip:udp:mpls:ip:data,22
eth:ethertype:ip:udp:mpls:ipv6:data,21
eth:ethertype:ip:udp:wol,20
eth:ethertype:ip:udp:llc,19
eth:ethertype:ip:udp:dcp-etsi:dcp-af,19
eth:ethertype:ip:udp:wisun.eapol_relay,17
eth:ethertype:ip:udp:ecatf:tc_nv,16
eth:ethertype:ip:udp:xyplex,13
eth:ethertype:ip:udp:quakeworld,13
eth:ethertype:ip:udp:mpls:ip,13
eth:ethertype:ip:udp:pn_rt,13
eth:ethertype:ip:udp:mpls,12
eth:ethertype:ip:udp:mpls:ipv6:ipv6.hopopts,12
eth:ethertype:ip:udp:dhcpv6,11
eth:ethertype:ip:udp:ecatf:ioraw,11
eth:ethertype:ip:udp:cups,11
eth:ethertype:ip:udp:lisp-data:ipv6,11
eth:ethertype:ip:udp:sabp:sabp:sabp,11
eth:ethertype:ip:udp:rsp,10
eth:ethertype:ip:udp:quake2,9
eth:ethertype:ip:udp:ieee1722:iec61883,9
eth:ethertype:ip:udp:dlsw,9
eth:ethertype:ip:udp:quake,9
eth:ethertype:ip:udp:eth:llc:data,8
eth:ethertype:ip:udp:ieee1722:aaf,8
eth:ethertype:ip:udp:ieee1722:cvf:data,8
eth:ethertype:ip:udp:applemidi,8
eth:ethertype:ip:udp:who,7
eth:ethertype:ip:udp:scop,7
eth:ethertype:ip:udp:vxlan,7
eth:ethertype:ip:udp:msmms,7
eth:ethertype:ip:udp:sigcomp,7
eth:ethertype:ip:udp:tapa,7
eth:ethertype:ip:udp:lwres,7
eth:ethertype:ip:udp:rtpproxy,7
eth:ethertype:ip:udp:find,7
eth:ethertype:ip:udp:acdr,7
eth:ethertype:ip:udp:tsp,6
eth:ethertype:ip:udp:kpasswd,6
eth:ethertype:ip:udp:nxp_802154_sniffer:wpan:data,6
eth:ethertype:ip:udp:lwapp,6
eth:ethertype:ip:udp:sip:sigcomp,6
eth:ethertype:ip:udp:epl:data,6
eth:ethertype:ip:udp:armagetronad,6
eth:ethertype:ip:udp:ecatf:ams,5
eth:ethertype:ip:udp:ecatf:ecat_mailbox,5
eth:ethertype:ip:udp:ieee1722:crf,5
eth:ethertype:ip:udp:mip,5
eth:ethertype:ip:udp:pathport,5
eth:ethertype:ip:udp:teredo,5
eth:ethertype:ip:udp:rdpudp:dtls,5
eth:ethertype:ip:udp:rx:afs,5
eth:ethertype:ip:udp:gsmtap:gsmtap_log,5
eth:ethertype:ip:udp:actrace,4
eth:ethertype:ip:udp:ssdp:data-text-lines,4
eth:ethertype:ip:udp:auto_rp,4
eth:ethertype:ip:udp:lmp,4
eth:ethertype:ip:udp:ieee1722,4
eth:ethertype:ip:udp:ncp,4
eth:ethertype:ip:udp:tzsp:data,4
eth:ethertype:ip:udp:data:vssmonitoring,4
eth:ethertype:ip:udp:lisp-data:ipv6:gre:data,4
eth:ethertype:ip:udp:rmcp:data,4
eth:ethertype:ip:udp:lbtrm,3
eth:ethertype:ip:udp:gre:wlan,3
eth:ethertype:ip:udp:mpls:pwethheuristic:pwethcw:eth,3
eth:ethertype:ip:udp:mint:eth:ethertype:data,3
eth:ethertype:ip:udp:packetbb,3
eth:ethertype:ip:udp:lisp-data:ipv6:ipcomp:data,3
eth:ethertype:ip:udp:mpls:pwach:data,3
eth:ethertype:ip:udp:lisp-data:ipv6:pim,3
eth:ethertype:ip:udp:mpls:pwethheuristic:pwethnocw:eth:ethertype:data,3
eth:ethertype:ip:udp:ipx,3
eth:ethertype:ip:udp:ecatf,2
eth:ethertype:ip:udp:uftp:uftp4,2
eth:ethertype:ip:udp:aodv,2
eth:ethertype:ip:udp:wimaxasncp,2
eth:ethertype:ip:udp:tpcp,2
eth:ethertype:ip:udp:scop:wpan,2
eth:ethertype:ip:udp:udpencap,2
eth:ethertype:ip:udp:llc:osi:data,2
eth:ethertype:ip:udp:acdr:data,2
eth:ethertype:ip:udp:cpfi,2
eth:ethertype:ip:udp:lisp-data:ipv6:nhrp,2
eth:ethertype:ip:udp:a11,2
eth:ethertype:ip:udp:bat.vis,2
eth:ethertype:ip:udp:nbdgm,2
eth:ethertype:ip:udp:lisp-data:ipv6:etherip:eth:ethertype:data,2
eth:ethertype:ip:udp:dvb_ipdc:alc:rmt-lct,2
eth:ethertype:ip:udp:wccp,2
eth:ethertype:ip:udp:lisp-data:ipv6:l2tp:data,2
eth:ethertype:ip:udp:mpls:ipv6:etherip:eth:llc:data,2
eth:ethertype:ip:udp:amt:ip,2
eth:ethertype:ip:udp:tzsp:tr,2
eth:ethertype:ip:udp:rmcp,2
eth:ethertype:ip:udp:ltp:data,2
eth:ethertype:ip:udp:capwap.data:data,2
eth:ethertype:ip:udp:icq,2
eth:ethertype:ip:udp:stun:tftp,2
eth:ethertype:ip:udp:epl,1
eth:ethertype:ip:udp:adwin,1
eth:ethertype:ip:udp:eth:ethertype:stp,1
eth:ethertype:ip:udp:dvb_ipdc:alc:rmt-lct:data,1
eth:ethertype:ip:udp:db-lsp-disc:json:data-text-lines,1
eth:ethertype:ip:udp:oicq,1
eth:ethertype:ip:udp:l2tp:ppp:data,1
eth:ethertype:ip:udp:llc:stp,1
eth:ethertype:ip:udp:bat.gw,1
eth:ethertype:ip:udp:goose:cotp:goose,1
eth:ethertype:ip:udp:ip,1
eth:ethertype:ip:udp:uftp:uftp5,1
eth:ethertype:ip:udp:bvlc:data,1
eth:ethertype:ip:udp:eth:ethertype:lwapp:wlan,1
eth:ethertype:ip:udp:lisp-data:ipv6:osi:data,1
eth:ethertype:ip:udp:lisp-data:ipv6:vines_frp:vines_ip:data,1
eth:ethertype:ip:udp:papi,1
eth:ethertype:ip:udp:lisp-data:ipv6:ah,1
eth:ethertype:ip:udp:lisp-data:ipv6:ospf,1
eth:ethertype:ip:udp:lisp-data:ipv6:vrrp,1
eth:ethertype:ip:udp:lisp-data:ipv6:eigrp,1
eth:ethertype:ip:udp:capwap.data:eth:ethertype:eth:ethertype:data,1
eth:ethertype:ip:udp:mpls:ipv6:pgm,1
eth:ethertype:ip:udp:mpls:ipv6:nhrp,1
eth:ethertype:ip:udp:lisp-data:ipv6:ipv6.routing,1
eth:ethertype:ip:udp:lisp-data:ipv6:lwl4,1
eth:ethertype:ip:udp:lisp-data:ipv6:esp,1
eth:ethertype:ip:udp:lisp-data:ipv6:swipe,1
eth:ethertype:ip:udp:rdpudp:tls,1
eth:ethertype:ip:udp:llc:sna:data,1
eth:ethertype:ip:udp:mpls:ipv6,1
eth:ethertype:ip:udp:ddtp,1
eth:ethertype:ip:udp:cnip:lon,1
eth:ethertype:ip:udp:dtls:x509sat:x509sat:x509sat:x509sat,1
eth:ethertype:ip:udp:sflow,1
eth:ethertype:ip:udp:mpls:pwethheuristic:pwethcw:eth:llc:data,1
eth:ethertype:ip:udp:llc:ip,1
eth:ethertype:ip:udp:mp2t,1
eth:ethertype:ip:udp:ayiya:swipe,1
eth:ethertype:ip:udp:mdns:vssmonitoring,1
eth:ethertype:ip:udp:capwap.data:eth:llc:data,1
eth:ethertype:ip:udp:teredo:ipv6:data,1
eth:ethertype:ip:udp:bat.gw:ip,1
eth:ethertype:ip:udp:teredo:ipv6:sctp,1
