eth:ethertype:ip:udp:stun,10675408
eth:ethertype:ip:udp:data,7908067
eth:ethertype:ip:udp:syslog,5759708
eth:ethertype:ip:udp:dns,3717467
eth:ethertype:ip:udp:ntp,2169397
eth:ethertype:ip:udp:snmp,1725445
eth:ethertype:ip:data,1229251
eth:ethertype:ip:udp:sip,1034993
eth:ethertype:ip:udp:nbns,687480
eth:ethertype:ip:udp:coap,230370
eth:ethertype:ip:udp:cldap,168119
eth:ethertype:ip:udp:cflow,151135
eth:ethertype:ip:udp:sip:xml,102095
eth:ethertype:ip:udp:rpc,99721
eth:ethertype:ip:udp:mdns,97486
eth:ethertype:ip:udp:openvpn,92402
eth:ethertype:ip:udp:dhcp,82764
eth:ethertype:ip:udp:ssdp,78538
eth:ethertype:ip:udp:dtls,73878
eth:ethertype:ip:udp:isakmp,67864
eth:ethertype:ip:udp,57839
eth:ethertype:ip:udp:sip:data-text-lines,52835
eth:ethertype:ip:udp:portcontrol,51723
eth:ethertype:ip:udp:l2tp,50880
eth:ethertype:ip:udp:srvloc,48471
eth:ethertype:ip:udp:memcache,44817
eth:ethertype:ip:udp:gtp,42534
eth:ethertype:ip:udp:capwap,42346
eth:ethertype:ip:udp:quake3,37915
eth:ethertype:ip:udp:bvlc:bacnet:bacapp,36605
eth:ethertype:ip:udp:chargen,34823
eth:ethertype:ip:udp:rmcp:ipmi_session:data,34083
eth:ethertype:ip:udp:rip,28354
eth:ethertype:ip:udp:radius,26443
eth:ethertype:ip:udp:quic:tls,25002
eth:ethertype:ip:udp:tftp,23681
eth:ethertype:ip:udp:udpencap:esp,23227
eth:ethertype:ip:udp:xdmcp,22624
eth:ethertype:ip:udp:gquic,20447
eth:ethertype:ip:udp:kerberos,19498
eth:ethertype:ip:udp:bfd,19283
eth:ethertype:ip:udp:lwapp:data,17043
eth:ethertype:ip:udp:rdpudp,16785
eth:ethertype:ip:udp:classicstun,15678
eth:ethertype:ip:udp:hart_ip,15605
eth:ethertype:ip:udp:echo,13665
eth:ethertype:ip:udp:omron,13541
eth:ethertype:ip:udp:rtcp,13058
eth:ethertype:ip:udp:enip,13030
eth:ethertype:ip:udp:gtp:gtpv2,11621
eth:ethertype:ip:udp:nbdgm:smb:browser,10999
eth:ethertype:ip:udp:time,10512
eth:ethertype:ip:udp:daytime,10458
eth:ethertype:ip:udp:ecatf:ecat,10165
eth:ethertype:ip:udp:steam_ihs_discovery,9645
eth:ethertype:ip:udp:epl:data,8649
eth:ethertype:ip:udp:mgcp,8331
eth:ethertype:ip:udp:udpencap:isakmp,6768
eth:ethertype:ip:udp:kip,6323
eth:ethertype:ip:udp:asterix,4568
eth:ethertype:ip:udp:coap:data,4384
eth:ethertype:ip:udp:rmcp:ipmi_session,4358
eth:ethertype:ip:udp:iax2,4059
eth:ethertype:ip:udp:teredo:ipv6,4041
eth:ethertype:ip:udp:quic,3930
eth:ethertype:ip:udp:rmcp:asf,3444
eth:ethertype:ip:udp:dis,2212
eth:ethertype:ip:udp:wtp,2097
eth:ethertype:ip:udp:wsp,1884
eth:ethertype:ip:udp:cipio,1404
eth:ethertype:ip:udp:epl,1350
eth:ethertype:ip:udp:gtpprime,1266
eth:ethertype:ip:udp:elasticsearch,1262
eth:ethertype:ip:udp:quake3:data,1219
eth:ethertype:ip:udp:rtps,1114
eth:ethertype:ip:udp:raknet:raknet,1053
eth:ethertype:ip:udp:llc:data,922
eth:ethertype:ip:udp:kink,892
eth:ethertype:ip:udp:radius:eap,826
eth:ethertype:ip:udp:wtls,738
eth:ethertype:ip:udp:ssdp:data,688
eth:ethertype:ip:udp:tplink-smarthome:json:data-text-lines,673
eth:ethertype:ip:udp:wisun.eapol_relay:eapol:data,643
eth:ethertype:ip:udp:llmnr,621
eth:ethertype:ip:udp:pktc,556
eth:ethertype:ip:udp:mikey,555
eth:ethertype:ip:udp:geneve:data,537
eth:ethertype:ip:udp:ayiya,530
eth:ethertype:ip:udp:ajns,512
eth:ethertype:ip:udp:wisun.eapol_relay:eapol,506
eth:ethertype:ip:udp:pn_rt:pn_ptcp,481
eth:ethertype:ip:udp:teredo:data,475
eth:ethertype:ip:udp:cnip,474
eth:ethertype:ip:udp:ts2,471
eth:ethertype:ip:udp:corosync_totemnet:data,463
eth:ethertype:ip:udp:idn,462
eth:ethertype:ip:udp:bat:data,450
eth:ethertype:ip:udp:uaudp,440
eth:ethertype:ip:udp:manolito,421
eth:ethertype:ip:udp:ulp,419
eth:ethertype:ip:udp:kdp,410
eth:ethertype:ip:udp:doip,406
eth:ethertype:ip:udp:bjnp,401
eth:ethertype:ip:udp:stun:data,396
eth:ethertype:ip:udp:pfcp,386
eth:ethertype:ip:udp:enrp,383
eth:ethertype:ip:udp:vuze-dht,378
eth:ethertype:ip:udp:tetra,369
eth:ethertype:ip:udp:h225,367
eth:ethertype:ip:udp:scop:data,361
eth:ethertype:ip:udp:data:vssmonitoring,350
eth:ethertype:ip:udp:gprs-ns:bssgp,333
eth:ethertype:ip:udp:h501,324
eth:ethertype:ip:udp:raknet,310
eth:ethertype:ip:udp:iax2:data,306
eth:ethertype:ip:udp:ardp,306
eth:ethertype:ip:udp:enttec,292
eth:ethertype:ip:udp:c1222,289
eth:ethertype:ip:udp:gprs-ns,288
eth:ethertype:ip:udp:adp,281
eth:ethertype:ip:udp:db-lsp-disc,276
eth:ethertype:ip:udp:dpnet,276
eth:ethertype:ip:udp:hcrt,266
eth:ethertype:ip:udp:pktc.mtafqdn,260
eth:ethertype:ip:udp:ax4000,258
eth:ethertype:ip:udp:mih,247
eth:ethertype:ip:udp:rsip,239
eth:ethertype:ip:udp:lisp-data,222
eth:ethertype:ip:udp:a21,222
eth:ethertype:ip:udp:bat.gw:data,221
eth:ethertype:ip:udp:h248,221
eth:ethertype:ip:udp:quake:data,220
eth:ethertype:ip:udp:collectd,211
eth:ethertype:ip:udp:nano,210
eth:ethertype:ip:udp:gsmtap:data,192
eth:ethertype:ip:udp:sap,191
eth:ethertype:ip:udp:tzsp,186
eth:ethertype:ip:udp:sbus,181
eth:ethertype:ip:udp:nxp_802154_sniffer:wpan,179
eth:ethertype:ip:udp:lisp:data,179
eth:ethertype:ip:udp:sabp:sabp,176
eth:ethertype:ip:udp:wg,170
eth:ethertype:ip:udp:ecatf:data,165
eth:ethertype:ip:udp:tacacs,164
eth:ethertype:ip:udp:iapp,159
eth:ethertype:ip:udp:mpls:data,159
eth:ethertype:ip:udp:knet,154
eth:ethertype:ip:udp:mpls-echo,154
eth:ethertype:ip:udp:dof,149
eth:ethertype:ip:udp:mint,144
eth:ethertype:ip:udp:rx,139
eth:ethertype:ip:udp:tipc,129
eth:ethertype:ip:udp:infiniband:data,121
eth:ethertype:ip:udp:lwapp:wlan,105
eth:ethertype:ip:udp:rdt,105
eth:ethertype:ip:udp:ecmp,104
eth:ethertype:ip:udp:bfd_echo,97
eth:ethertype:ip:udp:opensafety:data,93
eth:ethertype:ip:udp:eth:ethertype:data,92
eth:ethertype:ip:udp:ipvs,89
eth:ethertype:ip:udp:sctp,88
eth:ethertype:ip:udp:mipv6,86
eth:ethertype:ip:udp:ieee1722:data,84
eth:ethertype:ip:udp:hiqnet,83
eth:ethertype:ip:udp:pn_rt:pn_io,76
eth:ethertype:ip:udp:icp,73
eth:ethertype:ip:udp:msproxy,72
eth:ethertype:ip:udp:ath,68
eth:ethertype:ip:udp:rpc:portmap,68
eth:ethertype:ip:udp:teredo:ipv6:icmpv6,67
eth:ethertype:ip:udp:rsvp,65
eth:ethertype:ip:udp:geneve,63
eth:ethertype:ip:udp:bat.vis:data,63
eth:ethertype:ip:udp:megaco:data,63
eth:ethertype:ip:udp:lisp,61
eth:ethertype:ip:udp:gre,61
eth:ethertype:ip:udp:vxlan:eth:ethertype:data,60
eth:ethertype:ip:udp:bvlc,60
eth:ethertype:ip:udp:egd:data,59
eth:ethertype:ip:udp:amt,59
eth:ethertype:ip:udp:wlccp,56
eth:ethertype:ip:udp:vrt,55
eth:ethertype:ip:udp:dvb_ipdc:data,54
eth:ethertype:ip:udp:vxlan:eth:llc:data,53
eth:ethertype:ip:udp:opensafety_udp:data,51
eth:ethertype:ip:udp:capwap.data:dtls,50
eth:ethertype:ip:udp:capwap.data,50
eth:ethertype:ip:udp:gsmtap,50
eth:ethertype:ip:udp:lisp-data:ipv6:data,48
eth:ethertype:ip:udp:asap,47
eth:ethertype:ip:udp:lisp-data:ip:data,47
eth:ethertype:ip:udp:infiniband,44
eth:ethertype:ip:udp:papi,44
eth:ethertype:ip:udp:stun:tftp:data,41
eth:ethertype:ip:udp:quakeworld:data,40
eth:ethertype:ip:udp:goose:cotp,36
eth:ethertype:ip:udp:quake2:data,36
eth:ethertype:ip:udp:dcc,36
eth:ethertype:ip:udp:nxp_802154_sniffer,33
eth:ethertype:ip:udp:dmp,29
eth:ethertype:ip:udp:ltp,28
eth:ethertype:ip:udp:lwapp:wlan:data,28
eth:ethertype:ip:udp:cnip:data,27
eth:ethertype:ip:udp:sabp,27
eth:ethertype:ip:udp:gre:data,27
eth:ethertype:ip:udp:thrift,26
eth:ethertype:ip:udp:sap:sdp,26
eth:ethertype:ip:udp:wisun.eapol_relay,24
eth:ethertype:ip:udp:llc,23
eth:ethertype:ip:udp:lisp-data:ip,22
eth:ethertype:ip:udp:sip:data-text-lines:xml,22
eth:ethertype:ip:udp:eth,21
eth:ethertype:ip:udp:dhcpv6,19
eth:ethertype:ip:udp:capwap:dtls,19
eth:ethertype:ip:udp:vxlan:eth,17
eth:ethertype:ip:udp:egd,17
eth:ethertype:ip:udp:data:f5ethtrailer,17
eth:ethertype:ip:udp:ecatf:ioraw,15
eth:ethertype:ip:udp:rtpproxy,15
eth:ethertype:ip:udp:quake2,14
eth:ethertype:ip:udp:pn_rt,13
eth:ethertype:ip:udp:find,12
eth:ethertype:ip:udp:wtp:wsp,12
eth:ethertype:ip:udp:mpls:ipv6:data,11
eth:ethertype:ip:udp:lmp,11
eth:ethertype:ip:udp:xyplex,11
eth:ethertype:ip:udp:ripng,11
eth:ethertype:ip:udp:sigcomp,11
eth:ethertype:ip:udp:kpasswd,10
eth:ethertype:ip:udp:dcp-etsi:dcp-af,10
eth:ethertype:ip:udp:who,10
eth:ethertype:ip:udp:ecatf:ecat_mailbox,9
eth:ethertype:ip:udp:dlep,9
eth:ethertype:ip:udp:ieee1722:cvf:data,9
eth:ethertype:ip:udp:mip,9
eth:ethertype:ip:udp:lbtrm,9
eth:ethertype:ip:udp:ecatf:tc_nv,8
eth:ethertype:ip:udp:ieee1722:aaf,8
eth:ethertype:ip:udp:nxp_802154_sniffer:wpan:data,8
eth:ethertype:ip:udp:sabp:sabp:sabp,8
eth:ethertype:ip:udp:lwres,8
eth:ethertype:ip:udp:dcp-etsi:dcp-pft,8
eth:ethertype:ip:udp:scop,8
eth:ethertype:ip:udp:pathport,8
eth:ethertype:ip:udp:mpls,8
eth:ethertype:ip:udp:tsp,7
eth:ethertype:ip:udp:ecatf,7
eth:ethertype:ip:udp:mndp,7
eth:ethertype:ip:udp:amt:ip,7
eth:ethertype:ip:udp:cups,7
eth:ethertype:ip:udp:acdr,6
eth:ethertype:ip:udp:cpfi,6
eth:ethertype:ip:udp:ieee1722:iec61883,6
eth:ethertype:ip:udp:slimp3,6
eth:ethertype:ip:udp:tzsp:data,6
eth:ethertype:ip:udp:icq,6
eth:ethertype:ip:udp:quakeworld,5
eth:ethertype:ip:udp:ncp,5
eth:ethertype:ip:udp:auto_rp,5
eth:ethertype:ip:udp:rpc:nfs,5
eth:ethertype:ip:udp:ltp:data,4
eth:ethertype:ip:udp:lwapp,4
eth:ethertype:ip:udp:ipx,4
eth:ethertype:ip:udp:quake,4
eth:ethertype:ip:udp:mpls:pwethheuristic:pwethcw:eth:ethertype:data,4
eth:ethertype:ip:udp:ieee1722,4
eth:ethertype:ip:udp:rsp,4
eth:ethertype:ip:udp:ipx:data,4
eth:ethertype:ip:udp:raknet:raknet:raknet,4
eth:ethertype:ip:udp:scop:wpan:data,4
eth:ethertype:ip:udp:l2tp:ppp:data,4
eth:ethertype:ip:udp:llc:sna:data,3
eth:ethertype:ip:udp:ecatf:ams,3
eth:ethertype:ip:udp:packetbb,3
eth:ethertype:ip:udp:tpcp,3
eth:ethertype:ip:udp:cnip:lon,3
eth:ethertype:ip:udp:msmms,3
eth:ethertype:ip:udp:olsr,3
eth:ethertype:ip:udp:a11,3
eth:ethertype:ip:udp:dvb_ipdc:alc:data,3
eth:ethertype:ip:udp:lisp-data:ipv6,3
eth:ethertype:ip:udp:lisp-data:ipv6:ah,3
eth:ethertype:ip:udp:lisp-data:ipv6:eigrp,3
eth:ethertype:ip:udp:sip:sigcomp,3
eth:ethertype:ip:udp:capwap.data:eth:ethertype:data,3
eth:ethertype:ip:udp:dlsw,3
eth:ethertype:ip:udp:dvb_ipdc:alc:rmt-lct,2
eth:ethertype:ip:udp:nbdgm,2
eth:ethertype:ip:udp:tapa,2
eth:ethertype:ip:udp:teredo,2
eth:ethertype:ip:udp:mpls:ip,2
eth:ethertype:ip:udp:adwin,2
eth:ethertype:ip:udp:armagetronad,2
eth:ethertype:ip:udp:mint:eth:ethertype:data,2
eth:ethertype:ip:udp:sflow,2
eth:ethertype:ip:udp:lisp-data:ipv6:nhrp,2
eth:ethertype:ip:udp:lisp-data:ipv6:swipe,2
eth:ethertype:ip:udp:lisp-data:ipv6:lwl4,2
eth:ethertype:ip:udp:eth:llc:data,2
eth:ethertype:ip:udp:bat.vis,2
eth:ethertype:ip:udp:rx:afs,2
eth:ethertype:ip:udp:llc:osi:data,2
eth:ethertype:ip:udp:l2tp:data,2
eth:ethertype:ip:udp:capwap.data:data,2
eth:ethertype:ip:udp:udpencap,2
eth:ethertype:ip:udp:megaco,1
eth:ethertype:ip:udp:acdr:data,1
eth:ethertype:ip:udp:mpls:ip:data,1
eth:ethertype:ip:udp:rsp:data,1
eth:ethertype:ip:udp:snmp:data,1
eth:ethertype:ip:udp:jmirror:ipv6:data,1
eth:ethertype:ip:udp:wimaxasncp,1
eth:ethertype:ip:udp:goose:cotp:goose,1
eth:ethertype:ip:udp:ptp,1
eth:ethertype:ip:udp:lisp-data:ipv6:ipv6.routing,1
eth:ethertype:ip:udp:lisp-data:ipv6:gre,1
eth:ethertype:ip:udp:lisp-data:ipv6:ospf,1
eth:ethertype:ip:udp:lisp-data:ipv6:vines_frp:vines_ip:data,1
eth:ethertype:ip:udp:lisp-data:ipv6:etherip:eth:llc,1
eth:ethertype:ip:udp:eth:llc,1
eth:ethertype:ip:udp:mpls:pwethheuristic:pwethcw:eth,1
eth:ethertype:ip:udp:lbtru,1
eth:ethertype:ip:udp:lisp-data:ipv6:etherip:eth:ethertype:data,1
eth:ethertype:ip:udp:lisp-data:ipv6:dsr:data,1
eth:ethertype:ip:udp:lisp-data:ipv6:osi:data,1
eth:ethertype:ip:udp:udpencap:data,1
eth:ethertype:ip:udp:tzsp:eth:ethertype:data,1
eth:ethertype:ip:udp:db-lsp-disc:json:data-text-lines,1
eth:ethertype:ip:udp:actrace,1
eth:ethertype:ip:udp:mpls:pwethheuristic:pwethnocw:eth:ethertype:data,1
eth:ethertype:ip:udp:capwap:data,1
eth:ethertype:ip:udp:scop:wpan,1
eth:ethertype:ip:udp:opensafety_udp,1
eth:ethertype:ip:udp:mpls:ipv6,1
eth:ethertype:ip:udp:ddtp,1
