eth:ethertype:ip:udp:stun,9910491
eth:ethertype:ip:udp:data,8780333
eth:ethertype:ip:udp:syslog,4634760
eth:ethertype:ip:udp:dns,4092384
eth:ethertype:ip:udp:snmp,2353110
eth:ethertype:ip:udp:ntp,1993349
eth:ethertype:ip:data,1100646
eth:ethertype:ip:udp:nbns,884470
eth:ethertype:ip:udp:sip,602337
eth:ethertype:ip:udp:coap,217571
eth:ethertype:ip:udp:cflow,153582
eth:ethertype:ip:udp:cldap,153324
eth:ethertype:ip:udp:rpc,109786
eth:ethertype:ip:udp:mdns,106039
eth:ethertype:ip:udp:sip:xml,101554
eth:ethertype:ip:udp:dhcp,81545
eth:ethertype:ip:udp:ssdp,78378
eth:ethertype:ip:udp:openvpn,74999
eth:ethertype:ip:udp,71647
eth:ethertype:ip:udp:memcache,65570
eth:ethertype:ip:udp:isakmp,61287
eth:ethertype:ip:udp:dtls,56460
eth:ethertype:ip:udp:sip:data-text-lines,52677
eth:ethertype:ip:udp:portcontrol,52652
eth:ethertype:ip:udp:bvlc:bacnet:bacapp,49744
eth:ethertype:ip:udp:srvloc,48235
eth:ethertype:ip:udp:gtp,44326
eth:ethertype:ip:udp:capwap,42652
eth:ethertype:ip:udp:quake3,41206
eth:ethertype:ip:udp:l2tp,31218
eth:ethertype:ip:udp:quic:tls,25446
eth:ethertype:ip:udp:xdmcp,25296
eth:ethertype:ip:udp:rdpudp,25236
eth:ethertype:ip:udp:radius,25145
eth:ethertype:ip:udp:udpencap:esp,25096
eth:ethertype:ip:udp:gquic,20308
eth:ethertype:ip:udp:chargen,20185
eth:ethertype:ip:udp:bfd,19630
eth:ethertype:ip:udp:kerberos,19219
eth:ethertype:ip:udp:rip,18915
eth:ethertype:ip:udp:lwapp:data,17217
eth:ethertype:ip:udp:classicstun,15779
eth:ethertype:ip:udp:gtp:gtpv2,14090
eth:ethertype:ip:udp:rmcp:ipmi_session:data,14021
eth:ethertype:ip:udp:omron,13944
eth:ethertype:ip:udp:echo,13497
eth:ethertype:ip:udp:tftp,13478
eth:ethertype:ip:udp:enip,13145
eth:ethertype:ip:udp:rtcp,10741
eth:ethertype:ip:udp:rpc:data,10529
eth:ethertype:ip:udp:time,10423
eth:ethertype:ip:udp:daytime,10400
eth:ethertype:ip:udp:ecatf:ecat,9734
eth:ethertype:ip:udp:nbdgm:smb:browser,9642
eth:ethertype:ip:udp:steam_ihs_discovery,9305
eth:ethertype:ip:udp:teredo:ipv6,7443
eth:ethertype:ip:udp:udpencap:isakmp,6790
eth:ethertype:ip:udp:kip,6287
eth:ethertype:ip:udp:mgcp,6218
eth:ethertype:ip:udp:hart_ip,5091
eth:ethertype:ip:udp:wisun.eapol_relay:eapol:data,4167
eth:ethertype:ip:udp:iax2,4022
eth:ethertype:ip:udp:coap:data,3815
eth:ethertype:ip:udp:caneth:data:data,3764
eth:ethertype:ip:udp:rmcp:asf,3321
eth:ethertype:ip:udp:corosync_totemnet:data,3285
eth:ethertype:ip:udp:llmnr,2744
eth:ethertype:ip:udp:llc:data,2372
eth:ethertype:ip:udp:raknet:raknet,2367
eth:ethertype:ip:udp:teredo:ipv6:icmpv6,1729
eth:ethertype:ip:udp:quake3:data,1605
eth:ethertype:ip:udp:cipio,1386
eth:ethertype:ip:udp:dis,1231
eth:ethertype:ip:udp:sctp,1225
eth:ethertype:ip:udp:gtpprime,1217
eth:ethertype:ip:udp:quic,1193
eth:ethertype:ip:udp:msproxy,1189
eth:ethertype:ip:udp:bjnp,1111
eth:ethertype:ip:udp:rtps,1061
eth:ethertype:ip:udp:gprs-ns:bssgp,1049
eth:ethertype:ip:udp:radius:eap,991
eth:ethertype:ip:udp:c1222,965
eth:ethertype:ip:udp:asterix,835
eth:ethertype:ip:udp:wsp,767
eth:ethertype:ip:udp:wtls,682
eth:ethertype:ip:udp:ssdp:data,674
eth:ethertype:ip:udp:pfcp,626
eth:ethertype:ip:udp:lisp:data,592
eth:ethertype:ip:udp:pn_rt:pn_ptcp,592
eth:ethertype:ip:udp:scop:data,573
eth:ethertype:ip:udp:bfd_echo,564
eth:ethertype:ip:udp:nano,562
eth:ethertype:ip:udp:pktc.mtafqdn,541
eth:ethertype:ip:udp:slimp3,534
eth:ethertype:ip:udp:egd:data,530
eth:ethertype:ip:udp:kink,527
eth:ethertype:ip:udp:wlccp,524
eth:ethertype:ip:udp:dof,519
eth:ethertype:ip:udp:idn,490
eth:ethertype:ip:udp:ipvs,469
eth:ethertype:ip:udp:sbus,462
eth:ethertype:ip:udp:h225,432
eth:ethertype:ip:udp:adp,424
eth:ethertype:ip:udp:iax2:data,417
eth:ethertype:ip:udp:bat:data,411
eth:ethertype:ip:udp:tipc,390
eth:ethertype:ip:udp:mipv6,384
eth:ethertype:ip:udp:mpls-echo,371
eth:ethertype:ip:udp:eth:ethertype:data,346
eth:ethertype:ip:udp:rx,345
eth:ethertype:ip:udp:teredo:data,341
eth:ethertype:ip:udp:mih,331
eth:ethertype:ip:udp:iapp,329
eth:ethertype:ip:udp:nxp_802154_sniffer:wpan,328
eth:ethertype:ip:udp:ayiya,311
eth:ethertype:ip:udp:ecmp,307
eth:ethertype:ip:udp:ajns,300
eth:ethertype:ip:udp:kdp,297
eth:ethertype:ip:udp:uaudp,295
eth:ethertype:ip:udp:elasticsearch,262
eth:ethertype:ip:udp:hcrt,261
eth:ethertype:ip:udp:ts2,260
eth:ethertype:ip:udp:asap,254
eth:ethertype:ip:udp:knet,253
eth:ethertype:ip:udp:lwapp:wlan,251
eth:ethertype:ip:udp:ecatf:data,248
eth:ethertype:ip:udp:mint,247
eth:ethertype:ip:udp:amt,241
eth:ethertype:ip:udp:quake:data,236
eth:ethertype:ip:udp:rdt,234
eth:ethertype:ip:udp:cnip,232
eth:ethertype:ip:udp:ieee1722:data,231
eth:ethertype:ip:udp:wtp,230
eth:ethertype:ip:udp:ulp,228
eth:ethertype:ip:udp:ath,220
eth:ethertype:ip:udp:tplink-smarthome:json:data-text-lines,219
eth:ethertype:ip:udp:mikey,219
eth:ethertype:ip:udp:hiqnet,212
eth:ethertype:ip:udp:collectd,203
eth:ethertype:ip:udp:gsmtap,202
eth:ethertype:ip:udp:gre:data,196
eth:ethertype:ip:udp:papi,193
eth:ethertype:ip:udp:opensafety_udp:data,190
eth:ethertype:ip:udp:tacacs,186
eth:ethertype:ip:udp:h248,180
eth:ethertype:ip:udp:infiniband:data,179
eth:ethertype:ip:udp:bat.vis:data,175
eth:ethertype:ip:udp:lisp,173
eth:ethertype:ip:udp:opensafety:data,167
eth:ethertype:ip:udp:vxlan:eth:llc:data,157
eth:ethertype:ip:udp:lisp-data,151
eth:ethertype:ip:udp:geneve:data,149
eth:ethertype:ip:udp:doip,138
eth:ethertype:ip:udp:mpls:data,128
eth:ethertype:ip:udp:gprs-ns,127
eth:ethertype:ip:udp:dcc,125
eth:ethertype:ip:udp:tzsp,121
eth:ethertype:ip:udp:db-lsp-disc,119
eth:ethertype:ip:udp:capwap.data,110
eth:ethertype:ip:udp:sap,97
eth:ethertype:ip:udp:raknet,89
eth:ethertype:ip:udp:vuze-dht,86
eth:ethertype:ip:udp:wg,86
eth:ethertype:ip:udp:ax4000,85
eth:ethertype:ip:udp:manolito,84
eth:ethertype:ip:udp:h501,83
eth:ethertype:ip:udp:pn_rt:pn_io,83
eth:ethertype:ip:udp:sip:sdp,81
eth:ethertype:ip:udp:ptp,80
eth:ethertype:ip:udp:a21,78
eth:ethertype:ip:udp:dhcpv6,77
eth:ethertype:ip:udp:tetra,77
eth:ethertype:ip:udp:megaco:data,75
eth:ethertype:ip:udp:pktc,74
eth:ethertype:ip:udp:dvb_ipdc:data,73
eth:ethertype:ip:udp:icp,67
eth:ethertype:ip:udp:wisun.eapol_relay:eapol,67
eth:ethertype:ip:udp:vrt,66
eth:ethertype:ip:udp:cnip:data,66
eth:ethertype:ip:udp:raknet:raknet:raknet,66
eth:ethertype:ip:udp:lwapp:wlan:data,65
eth:ethertype:ip:udp:rpc:portmap,64
eth:ethertype:ip:udp:enrp,61
eth:ethertype:ip:udp:rsip,60
eth:ethertype:ip:udp:bat.gw:data,58
eth:ethertype:ip:udp:gsmtap:data,58
eth:ethertype:ip:udp:quakeworld:data,58
eth:ethertype:ip:udp:dpnet,57
eth:ethertype:ip:udp:gre,57
eth:ethertype:ip:udp:wtp:wsp,54
eth:ethertype:ip:udp:rsvp,53
eth:ethertype:ip:udp:infiniband,48
eth:ethertype:ip:udp:vxlan:eth:ethertype:data,46
eth:ethertype:ip:udp:jmirror:ipv6:data,43
eth:ethertype:ip:udp:capwap.data:eth:ethertype:data,42
eth:ethertype:ip:udp:geneve,42
eth:ethertype:ip:udp:wisun.eapol_relay,40
eth:ethertype:ip:udp:nxp_802154_sniffer,39
eth:ethertype:ip:udp:dmp,39
eth:ethertype:ip:udp:enttec,38
eth:ethertype:ip:udp:lmp,38
eth:ethertype:ip:udp:sabp:sabp,38
eth:ethertype:ip:udp:stun:data,38
eth:ethertype:ip:udp:lwres,37
eth:ethertype:ip:udp:who,37
eth:ethertype:ip:udp:dlep,37
eth:ethertype:ip:udp:sabp,35
eth:ethertype:ip:udp:kpasswd,33
eth:ethertype:ip:udp:acdr,32
eth:ethertype:ip:udp:data:vssmonitoring,31
eth:ethertype:ip:udp:ncp,31
eth:ethertype:ip:udp:quake2:data,30
eth:ethertype:ip:udp:quake2,30
eth:ethertype:ip:udp:nbdgm,30
eth:ethertype:ip:udp:mip,30
eth:ethertype:ip:udp:find,29
eth:ethertype:ip:udp:mpls:pwethheuristic:pwethcw:eth:ethertype:data,29
eth:ethertype:ip:udp:ltp,26
eth:ethertype:ip:udp:cigi,26
eth:ethertype:ip:udp:capwap:dtls,25
eth:ethertype:ip:udp:rsp,25
eth:ethertype:ip:udp:thrift,24
eth:ethertype:ip:udp:tsp,24
eth:ethertype:ip:udp:udt,24
eth:ethertype:ip:udp:dvb_ipdc:alc:data,23
eth:ethertype:ip:udp:ripng,23
eth:ethertype:ip:udp:xyplex,23
eth:ethertype:ip:udp:cups,21
eth:ethertype:ip:udp:ecatf:tc_nv,20
eth:ethertype:ip:udp:egd,19
eth:ethertype:ip:udp:goose:cotp,19
eth:ethertype:ip:udp:mpls,19
eth:ethertype:ip:udp:ardp,19
eth:ethertype:ip:udp:auto_rp,19
eth:ethertype:ip:udp:mpls:ipv6:data,19
eth:ethertype:ip:udp:packetbb,18
eth:ethertype:ip:udp:ieee1722:iec61883,18
eth:ethertype:ip:udp:eth,17
eth:ethertype:ip:udp:pn_rt,16
eth:ethertype:ip:udp:ipx:data,15
eth:ethertype:ip:udp:ecatf:ioraw,15
eth:ethertype:ip:udp:capwap.data:dtls,15
eth:ethertype:ip:udp:llc,13
eth:ethertype:ip:udp:sigcomp,13
eth:ethertype:ip:udp:l2tp:data,13
eth:ethertype:ip:udp:tapa,12
eth:ethertype:ip:udp:vxlan:eth,12
eth:ethertype:ip:udp:dcp-etsi:dcp-af,12
eth:ethertype:ip:udp:mpls:ip,12
eth:ethertype:ip:udp:tzsp:data,11
eth:ethertype:ip:udp:dcp-etsi:dcp-pft,11
eth:ethertype:ip:udp:ecatf:ecat_mailbox,11
eth:ethertype:ip:udp:mpls:ip:data,10
eth:ethertype:ip:udp:pathport,9
eth:ethertype:ip:udp:sip:sigcomp,9
eth:ethertype:ip:udp:data:f5ethtrailer,8
eth:ethertype:ip:udp:mndp,8
eth:ethertype:ip:udp:nxp_802154_sniffer:wpan:data,8
eth:ethertype:ip:udp:lwapp,7
eth:ethertype:ip:udp:quakeworld,6
eth:ethertype:ip:udp:rtpproxy,6
eth:ethertype:ip:udp:ipx,6
eth:ethertype:ip:udp:rx:afs,6
eth:ethertype:ip:udp:rdpudp:dtls,6
eth:ethertype:ip:udp:a11,5
eth:ethertype:ip:udp:llc:osi:data,5
eth:ethertype:ip:udp:cpfi,5
eth:ethertype:ip:udp:amt:ip,5
eth:ethertype:ip:udp:ecatf:ams,5
eth:ethertype:ip:udp:lisp-data:ip:data,5
eth:ethertype:ip:udp:quake,5
eth:ethertype:ip:udp:gsmtap:rrc,5
eth:ethertype:ip:udp:mpls:ipv6:ipv6.hopopts,5
eth:ethertype:ip:udp:teredo,4
eth:ethertype:ip:udp:adwin,4
eth:ethertype:ip:udp:bat.vis,4
eth:ethertype:ip:udp:lisp-data:ipv6:data,4
eth:ethertype:ip:udp:ieee1722,4
eth:ethertype:ip:udp:msmms,4
eth:ethertype:ip:udp:lbtrm,3
eth:ethertype:ip:udp:sap:sdp,3
eth:ethertype:ip:udp:bat.gw,3
eth:ethertype:ip:udp:udpencap,3
eth:ethertype:ip:udp:mpls:ipv6,3
eth:ethertype:ip:udp:tzsp:eth:ethertype:data,3
eth:ethertype:ip:udp:snmp:snmp,3
eth:ethertype:ip:udp:cnip:lon,3
eth:ethertype:ip:udp:olsr,2
eth:ethertype:ip:udp:jmirror:ipv6:dsr,2
eth:ethertype:ip:udp:jmirror:ip:data,2
eth:ethertype:ip:udp:jmirror:ipv6:ipv6.routing,2
eth:ethertype:ip:udp:armagetronad,2
eth:ethertype:ip:udp:eth:llc:data,2
eth:ethertype:ip:udp:megaco,2
eth:ethertype:ip:udp:vxlan,2
eth:ethertype:ip:udp:dlsw,2
eth:ethertype:ip:udp:mint:eth:ethertype:data,2
eth:ethertype:ip:udp:tpcp,2
eth:ethertype:ip:udp:mpls:pwethheuristic:pwethcw:eth,2
eth:ethertype:ip:udp:wimaxasncp,2
eth:ethertype:ip:udp:scop,2
eth:ethertype:ip:udp:lisp-data:ip,2
eth:ethertype:ip:udp:ddtp,2
eth:ethertype:ip:udp:ecatf,2
eth:ethertype:ip:udp:opensafety_udp,2
eth:ethertype:ip:udp:eth:llc,2
eth:ethertype:ip:udp:h225:data,1
eth:ethertype:ip:udp:hip,1
eth:ethertype:ip:udp:ltp:data,1
eth:ethertype:ip:udp:mp2t,1
eth:ethertype:ip:udp:llc:sna:data,1
eth:ethertype:ip:udp:jmirror:ipv6:etherip:eth:llc,1
eth:ethertype:ip:udp:jmirror:ipv6:l2tp:data,1
eth:ethertype:ip:udp:jmirror:ipv6:ah,1
eth:ethertype:ip:udp:jmirror:ipv6:lwl4,1
eth:ethertype:ip:udp:acdr:ip,1
eth:ethertype:ip:udp:ip,1
eth:ethertype:ip:udp:dplay,1
eth:ethertype:ip:udp:l2tp:ppp:data,1
eth:ethertype:ip:udp:ssyncp,1
eth:ethertype:ip:udp:ayiya:dsr:ipv6.hopopts:ipv6.hopopts,1
eth:ethertype:ip:udp:capwap:data,1
eth:ethertype:ip:udp:jmirror:ipv6,1
eth:ethertype:ip:udp:mpls:ipv6:vrrp,1
eth:ethertype:ip:udp:mpls:ipv6:ah,1
eth:ethertype:ip:udp:mpls:ipv6:pgm,1
eth:ethertype:ip:udp:mpls:ipv6:etherip:eth:llc:data,1
eth:ethertype:ip:udp:mpls:ipv6:l2tp:data,1
eth:ethertype:ip:udp:nbdgm:smb:smb_netlogon,1
eth:ethertype:ip:udp:edonkey,1
eth:ethertype:ip:udp:epl,1
eth:ethertype:ip:udp:rdpudp:tls,1
eth:ethertype:ip:udp:teredo:ipv6:data,1
eth:ethertype:ip:udp:lbtru,1
eth:ethertype:ip:udp:mpls:pwethheuristic:pwethnocw:eth:ethertype:data,1
eth:ethertype:ip:udp:rsp:asf:data,1
eth:ethertype:ip:udp:mdns:vssmonitoring,1
eth:ethertype:ip:udp:snmp:data,1
