eth:ethertype:ip:udp:data,9423765
eth:ethertype:ip:udp:syslog,6842572
eth:ethertype:ip:udp:stun,6158448
eth:ethertype:ip:udp:dns,3677398
eth:ethertype:ip:udp:snmp,2428528
eth:ethertype:ip:udp:ntp,2028812
eth:ethertype:ip:data,1949789
eth:ethertype:ip:udp:nbns,634862
eth:ethertype:ip:udp:sip,313369
eth:ethertype:ip:udp:coap,232853
eth:ethertype:ip:udp:cflow,166062
eth:ethertype:ip:udp:mdns,102049
eth:ethertype:ip:udp:sip:xml,101814
eth:ethertype:ip:udp:ssdp,100192
eth:ethertype:ip:udp:rpc,94845
eth:ethertype:ip:udp:memcache,69692
eth:ethertype:ip:udp:dtls,68600
eth:ethertype:ip:udp:openvpn,66657
eth:ethertype:ip:udp:isakmp,57222
eth:ethertype:ip:udp:sip:data-text-lines,52698
eth:ethertype:ip:udp,52486
eth:ethertype:ip:udp:bvlc:bacnet:bacapp,52057
eth:ethertype:ip:udp:cldap,46752
eth:ethertype:ip:udp:capwap,46750
eth:ethertype:ip:udp:portcontrol,45110
eth:ethertype:ip:udp:dhcp,43585
eth:ethertype:ip:udp:gtp,38876
eth:ethertype:ip:udp:l2tp,37365
eth:ethertype:ip:udp:chargen,36345
eth:ethertype:ip:udp:srvloc,34474
eth:ethertype:ip:udp:rip,32877
eth:ethertype:ip:udp:tftp,32597
eth:ethertype:ip:udp:quic,28506
eth:ethertype:ip:udp:udpencap:esp,26355
eth:ethertype:ip:udp:rdpudp,24576
eth:ethertype:ip:udp:xdmcp,21743
eth:ethertype:ip:udp:gquic,20434
eth:ethertype:ip:udp:quake3,20285
eth:ethertype:ip:udp:kerberos,19134
eth:ethertype:ip:udp:quic:tls,16925
eth:ethertype:ip:udp:lwapp:data,16495
eth:ethertype:ip:udp:gtp:gtpv2,16085
eth:ethertype:ip:udp:radius,15710
eth:ethertype:ip:udp:rmcp:ipmi_session:data,14803
eth:ethertype:ip:udp:echo,14015
eth:ethertype:ip:udp:nbdgm:smb:browser,13837
eth:ethertype:ip:udp:omron,13446
eth:ethertype:ip:udp:enip,13201
eth:ethertype:ip:udp:classicstun,12018
eth:ethertype:ip:udp:daytime,10549
eth:ethertype:ip:udp:time,10453
eth:ethertype:ip:udp:hiqnet,10431
eth:ethertype:ip:udp:ecatf:ecat,10232
eth:ethertype:ip:udp:steam_ihs_discovery,9593
eth:ethertype:ip:udp:bfd,9419
eth:ethertype:ip:udp:raknet:raknet,7548
eth:ethertype:ip:udp:udpencap:isakmp,6859
eth:ethertype:ip:udp:kip,6792
eth:ethertype:ip:udp:rtcp,6476
eth:ethertype:ip:udp:mgcp,5584
eth:ethertype:ip:udp:hart_ip,5099
eth:ethertype:ip:udp:coap:data,4554
eth:ethertype:ip:udp:cipio,3699
eth:ethertype:ip:udp:rtps,3693
eth:ethertype:ip:udp:rmcp:asf,3428
eth:ethertype:ip:udp:iax2,3332
eth:ethertype:ip:udp:llmnr,3286
eth:ethertype:ip:udp:teredo:ipv6,2795
eth:ethertype:ip:udp:teredo:ipv6:icmpv6,2399
eth:ethertype:ip:udp:dis,1239
eth:ethertype:ip:udp:gtpprime,1208
eth:ethertype:ip:udp:raknet:raknet:raknet,950
eth:ethertype:ip:udp:llc:data,652
eth:ethertype:ip:udp:ssdp:data,636
eth:ethertype:ip:udp:iax2:data,624
eth:ethertype:ip:udp:cnip,615
eth:ethertype:ip:udp:radius:eap,608
eth:ethertype:ip:udp:wtls,549
eth:ethertype:ip:udp:quake3:data,526
eth:ethertype:ip:udp:h501,526
eth:ethertype:ip:udp:sbus,500
eth:ethertype:ip:udp:wisun.eapol_relay:eapol:data,498
eth:ethertype:ip:udp:lisp,496
eth:ethertype:ip:udp:uaudp,480
eth:ethertype:ip:udp:pn_rt:pn_ptcp,468
eth:ethertype:ip:udp:corosync_totemnet:data,467
eth:ethertype:ip:udp:ayiya,459
eth:ethertype:ip:udp:h225,459
eth:ethertype:ip:udp:manolito,425
eth:ethertype:ip:udp:bat.vis:data,424
eth:ethertype:ip:udp:hcrt,421
eth:ethertype:ip:udp:bfd_echo,402
eth:ethertype:ip:udp:dof,380
eth:ethertype:ip:udp:kink,364
eth:ethertype:ip:udp:gprs-ns:bssgp,351
eth:ethertype:ip:udp:ieee1722:data,350
eth:ethertype:ip:udp:rsvp,349
eth:ethertype:ip:udp:eth:ethertype:data,328
eth:ethertype:ip:udp:scop:data,326
eth:ethertype:ip:udp:mpls-echo,308
eth:ethertype:ip:udp:sabp,307
eth:ethertype:ip:udp:elasticsearch,305
eth:ethertype:ip:udp:mih,289
eth:ethertype:ip:udp:bat:data,276
eth:ethertype:ip:udp:mipv6,260
eth:ethertype:ip:udp:tzsp,252
eth:ethertype:ip:udp:kdp,245
eth:ethertype:ip:udp:pktc,231
eth:ethertype:ip:udp:stun:data,228
eth:ethertype:ip:udp:iapp,226
eth:ethertype:ip:udp:collectd,216
eth:ethertype:ip:udp:tetra,212
eth:ethertype:ip:udp:vuze-dht,211
eth:ethertype:ip:udp:icp,209
eth:ethertype:ip:udp:tacacs,206
eth:ethertype:ip:udp:amt,205
eth:ethertype:ip:udp:mint,204
eth:ethertype:ip:udp:egd:data,200
eth:ethertype:ip:udp:ecatf:data,196
eth:ethertype:ip:udp:wsp,192
eth:ethertype:ip:udp:wlccp,191
eth:ethertype:ip:udp:tplink-smarthome:json:data-text-lines,188
eth:ethertype:ip:udp:lwapp:wlan,186
eth:ethertype:ip:udp:lisp-data,186
eth:ethertype:ip:udp:quake:data,185
eth:ethertype:ip:udp:nxp_802154_sniffer:wpan,179
eth:ethertype:ip:udp:rsip,178
eth:ethertype:ip:udp:nxp_802154_sniffer,172
eth:ethertype:ip:udp:scop,164
eth:ethertype:ip:udp:raknet,160
eth:ethertype:ip:udp:vxlan:eth:llc:data,155
eth:ethertype:ip:udp:infiniband,143
eth:ethertype:ip:udp:asterix,142
eth:ethertype:ip:udp:ipvs,140
eth:ethertype:ip:udp:dmp,136
eth:ethertype:ip:udp:teredo:data,136
eth:ethertype:ip:udp:lisp-data:ip,128
eth:ethertype:ip:udp:cnip:data,116
eth:ethertype:ip:udp:pktc.mtafqdn,115
eth:ethertype:ip:udp:bjnp,111
eth:ethertype:ip:udp:gre:data,103
eth:ethertype:ip:udp:c1222,101
eth:ethertype:ip:udp:gprs-ns,100
eth:ethertype:ip:udp:dvb_ipdc:data,100
eth:ethertype:ip:udp:a21,90
eth:ethertype:ip:udp:papi,86
eth:ethertype:ip:udp:ulp,82
eth:ethertype:ip:udp:db-lsp-disc,82
eth:ethertype:ip:udp:opensafety:data,82
eth:ethertype:ip:udp:wtp,78
eth:ethertype:ip:udp:wg,76
eth:ethertype:ip:udp:knet,76
eth:ethertype:ip:udp:mpls:data,75
eth:ethertype:ip:udp:rx,74
eth:ethertype:ip:udp:h248,73
eth:ethertype:ip:udp:asap,70
eth:ethertype:ip:udp:mikey,70
eth:ethertype:ip:udp:ajns,69
eth:ethertype:ip:udp:bat.gw:data,68
eth:ethertype:ip:udp:sap,62
eth:ethertype:ip:udp:ath,61
eth:ethertype:ip:udp:pn_rt:pn_io,58
eth:ethertype:ip:udp:tipc,57
eth:ethertype:ip:udp:adp,55
eth:ethertype:ip:udp:msproxy,55
eth:ethertype:ip:udp:sip:data-text-lines:xml,55
eth:ethertype:ip:udp:quakeworld:data,54
eth:ethertype:ip:udp:ax4000,53
eth:ethertype:ip:udp:megaco:data,53
eth:ethertype:ip:udp:ecmp,52
eth:ethertype:ip:udp:pfcp,52
eth:ethertype:ip:udp:doip,50
eth:ethertype:ip:udp:rdt,50
eth:ethertype:ip:udp:vxlan:eth:ethertype:data,48
eth:ethertype:ip:udp:capwap:dtls,47
eth:ethertype:ip:udp:opensafety_udp:data,47
eth:ethertype:ip:udp:dpnet,46
eth:ethertype:ip:udp:vrt,45
eth:ethertype:ip:udp:sctp,43
eth:ethertype:ip:udp:enrp,38
eth:ethertype:ip:udp:quake2:data,36
eth:ethertype:ip:udp:gre,36
eth:ethertype:ip:udp:geneve:data,35
eth:ethertype:ip:udp:thrift,34
eth:ethertype:ip:udp:goose:cotp,32
eth:ethertype:ip:udp:ts2,30
eth:ethertype:ip:udp:sip:sdp,30
eth:ethertype:ip:udp:dcc,28
eth:ethertype:ip:udp:lisp:data,27
eth:ethertype:ip:udp:wtp:wsp,27
eth:ethertype:ip:udp:nano,25
eth:ethertype:ip:udp:geneve,24
eth:ethertype:ip:udp:gsmtap,24
eth:ethertype:ip:udp:rx:afs,24
eth:ethertype:ip:udp:idn,23
eth:ethertype:ip:udp:gsmtap:data,22
eth:ethertype:ip:udp:egd,21
eth:ethertype:ip:udp:mpls:ipv6:data,20
eth:ethertype:ip:udp:nbdgm,19
eth:ethertype:ip:udp:capwap.data,19
eth:ethertype:ip:udp:data:vssmonitoring,18
eth:ethertype:ip:udp:ncp,18
eth:ethertype:ip:udp:ltp,18
eth:ethertype:ip:udp:rtpproxy,17
eth:ethertype:ip:udp:wol,17
eth:ethertype:ip:udp:dhcpv6,16
eth:ethertype:ip:udp:llc,15
eth:ethertype:ip:udp:mpls:ip:data,15
eth:ethertype:ip:udp:ardp,14
eth:ethertype:ip:udp:pn_rt,14
eth:ethertype:ip:udp:ieee1722:iec61883,14
eth:ethertype:ip:udp:mpls:pwethheuristic:pwethcw:eth:ethertype:data,14
eth:ethertype:ip:udp:ecatf:tc_nv,13
eth:ethertype:ip:udp:eth,13
eth:ethertype:ip:udp:lwapp:wlan:data,13
eth:ethertype:ip:udp:quake2,13
eth:ethertype:ip:udp:dcp-etsi:dcp-pft,13
eth:ethertype:ip:udp:vxlan:eth,13
eth:ethertype:ip:udp:capwap.data:dtls,13
eth:ethertype:ip:udp:aodv,13
eth:ethertype:ip:udp:lwres,13
eth:ethertype:ip:udp:cigi,12
eth:ethertype:ip:udp:xyplex,12
eth:ethertype:ip:udp:ecatf:ioraw,12
eth:ethertype:ip:udp:wisun.eapol_relay,12
eth:ethertype:ip:udp:l2tp:data,12
eth:ethertype:ip:udp:infiniband:data,11
eth:ethertype:ip:udp:dlep,10
eth:ethertype:ip:udp:find,10
eth:ethertype:ip:udp:mndp,10
eth:ethertype:ip:udp:nxp_802154_sniffer:wpan:data,10
eth:ethertype:ip:udp:wisun.eapol_relay:eapol,10
eth:ethertype:ip:udp:sabp:sabp,9
eth:ethertype:ip:udp:armagetronad,9
eth:ethertype:ip:udp:auto_rp,9
eth:ethertype:ip:udp:acdr,9
eth:ethertype:ip:udp:gvcp,9
eth:ethertype:ip:udp:ecatf:ams,9
eth:ethertype:ip:udp:mpls:ip,9
eth:ethertype:ip:udp:ripng,9
eth:ethertype:ip:udp:kpasswd,8
eth:ethertype:ip:udp:slimp3,7
eth:ethertype:ip:udp:tapa,7
eth:ethertype:ip:udp:msmms,7
eth:ethertype:ip:udp:dlsw,7
eth:ethertype:ip:udp:amt:ip,7
eth:ethertype:ip:udp:quake,7
eth:ethertype:ip:udp:ecatf:ecat_mailbox,7
eth:ethertype:ip:udp:mpls:ipv6:ipv6.hopopts,7
eth:ethertype:ip:udp:sigcomp,6
eth:ethertype:ip:udp:dcp-etsi:dcp-af,6
eth:ethertype:ip:udp:rsp,6
eth:ethertype:ip:udp:gtp:ip:tcp,6
eth:ethertype:ip:udp:lisp-data:ipv6,6
eth:ethertype:ip:udp:lmp,5
eth:ethertype:ip:udp:ecatf,5
eth:ethertype:ip:udp:bat.gw,5
eth:ethertype:ip:udp:tzsp:data,5
eth:ethertype:ip:udp:sip:sigcomp,5
eth:ethertype:ip:udp:lisp-data:ipv6:data,5
eth:ethertype:ip:udp:mip,5
eth:ethertype:ip:udp:cpfi,5
eth:ethertype:ip:udp:tsp,4
eth:ethertype:ip:udp:llc:osi:data,4
eth:ethertype:ip:udp:who,4
eth:ethertype:ip:udp:cups,4
eth:ethertype:ip:udp:quakeworld,4
eth:ethertype:ip:udp:lbtrm,4
eth:ethertype:ip:udp:tpcp,4
eth:ethertype:ip:udp:mpls:pwach:data,4
eth:ethertype:ip:udp:actrace,4
eth:ethertype:ip:udp:ipx,3
eth:ethertype:ip:udp:olsr,3
eth:ethertype:ip:udp:a11,3
eth:ethertype:ip:udp:gtp:ip:tcp:tls,3
eth:ethertype:ip:udp:dvb_ipdc:alc:data,3
eth:ethertype:ip:udp:scop:wpan,3
eth:ethertype:ip:udp:epl,3
eth:ethertype:ip:udp:ptp,3
eth:ethertype:ip:udp:eth:llc:data,3
eth:ethertype:ip:udp:dvb_ipdc:alc:rmt-lct,3
eth:ethertype:ip:udp:mpls,3
eth:ethertype:ip:udp:gre:wlan,3
eth:ethertype:ip:udp:dtls:x509sat:x509sat:x509sat:x509sat,3
eth:ethertype:ip:udp:e100:eth,3
eth:ethertype:ip:udp:mpls:ipv6,3
eth:ethertype:ip:udp:udpencap,2
eth:ethertype:ip:udp:openvpn:tls,2
eth:ethertype:ip:udp:ieee1722,2
eth:ethertype:ip:udp:gtp:ip:udp:dns,2
eth:ethertype:ip:udp:pathport,2
eth:ethertype:ip:udp:capwap.data:eth:ethertype:data,2
eth:ethertype:ip:udp:lwapp,2
eth:ethertype:ip:udp:sflow,2
eth:ethertype:ip:udp:scop:wpan:data,2
eth:ethertype:ip:udp:teredo:ipv6:data,2
eth:ethertype:ip:udp:mint:eth:ethertype:data,2
eth:ethertype:ip:udp:rdpudp:dtls,2
eth:ethertype:ip:udp:stun:tftp:data,2
eth:ethertype:ip:udp:ipx:data,2
eth:ethertype:ip:udp:llc:sna:data,2
eth:ethertype:ip:udp:cnip:lon,1
eth:ethertype:ip:udp:bat.vis,1
eth:ethertype:ip:udp:hip,1
eth:ethertype:ip:udp:wimaxasncp,1
eth:ethertype:ip:udp:gtp:ip:udp:quic,1
eth:ethertype:ip:udp:rdpudp:data,1
eth:ethertype:ip:udp:infiniband:infiniband.eoib:data,1
eth:ethertype:ip:udp:capwap.data:data,1
eth:ethertype:ip:udp:ntp:vssmonitoring,1
eth:ethertype:ip:udp:teredo:ipv6:ipv6.hopopts,1
eth:ethertype:ip:udp:oicq,1
eth:ethertype:ip:udp:ltp:data,1
eth:ethertype:ip:udp:ayiya:dsr:ipv6.hopopts:ipv6.hopopts,1
eth:ethertype:ip:udp:epl:data,1
eth:ethertype:ip:udp:mpls:pwethheuristic:pwethcw:eth,1
eth:ethertype:ip:udp:mpls:ipv6:ospf,1
eth:ethertype:ip:udp:mpls:ipv6:swipe,1
eth:ethertype:ip:udp:mpls:ipv6:vrrp,1
eth:ethertype:ip:udp:mpls:ipv6:ipcomp:data,1
eth:ethertype:ip:udp:eth:ethertype:eth:ethertype:data,1
eth:ethertype:ip:udp:jmirror:ipv6:data,1
eth:ethertype:ip:udp:nbdgm:smb:smb_netlogon,1
eth:ethertype:ip:udp:lisp-data:ip:data,1
eth:ethertype:ip:udp:vssmonitoring,1
eth:ethertype:ip:udp:memcache:vssmonitoring,1
eth:ethertype:ip:udp:megaco,1
eth:ethertype:ip:udp:opensafety_udp,1
eth:ethertype:ip:udp:adwin,1
eth:ethertype:ip:udp:db-lsp-disc:json:data-text-lines,1
eth:ethertype:ip:udp:megaco:h248,1
eth:ethertype:ip:udp:ip,1
eth:ethertype:ip:udp:sap:sdp,1
eth:ethertype:ip:udp:gsmtap:gsm_sim,1
eth:ethertype:ip:udp:mbudp:modbus,1
