eth:ethertype:ip:udp:data,6982039
eth:ethertype:ip:udp:stun,6893787
eth:ethertype:ip:udp:dns,3882996
eth:ethertype:ip:udp:syslog,2623905
eth:ethertype:ip:udp:ntp,2014836
eth:ethertype:ip:udp:snmp,1996032
eth:ethertype:ip:data,1060912
eth:ethertype:ip:udp:nbns,514993
eth:ethertype:ip:udp:sip,312441
eth:ethertype:ip:udp:coap,186333
eth:ethertype:ip:udp:cflow,165462
eth:ethertype:ip:udp:mdns,114137
eth:ethertype:ip:udp:sip:xml,102020
eth:ethertype:ip:udp:cldap,100539
eth:ethertype:ip:udp:rpc,91203
eth:ethertype:ip:udp:openvpn,85304
eth:ethertype:ip:udp:isakmp,77282
eth:ethertype:ip:udp:ssdp,68440
eth:ethertype:ip:udp:memcache,57405
eth:ethertype:ip:udp:dtls,56662
eth:ethertype:ip:udp:sip:data-text-lines,52804
eth:ethertype:ip:udp:portcontrol,52000
eth:ethertype:ip:udp,48549
eth:ethertype:ip:udp:capwap,47124
eth:ethertype:ip:udp:dhcp,45838
eth:ethertype:ip:udp:gtp,41461
eth:ethertype:ip:udp:bvlc:bacnet:bacapp,40041
eth:ethertype:ip:udp:rdpudp,37298
eth:ethertype:ip:udp:chargen,35213
eth:ethertype:ip:udp:srvloc,34465
eth:ethertype:ip:udp:rmcp:ipmi_session:data,33756
eth:ethertype:ip:udp:rip,31645
eth:ethertype:ip:udp:quic:tls,28105
eth:ethertype:ip:udp:xdmcp,27744
eth:ethertype:ip:udp:l2tp,25953
eth:ethertype:ip:udp:udpencap:esp,25922
eth:ethertype:ip:udp:tftp,20679
eth:ethertype:ip:udp:gquic,20450
eth:ethertype:ip:udp:kerberos,19685
eth:ethertype:ip:udp:bfd,19631
eth:ethertype:ip:udp:lwapp:data,17255
eth:ethertype:ip:udp:radius,16304
eth:ethertype:ip:udp:classicstun,14581
eth:ethertype:ip:udp:echo,12768
eth:ethertype:ip:udp:enip,12764
eth:ethertype:ip:udp:omron,11736
eth:ethertype:ip:udp:gtp:gtpv2,11522
eth:ethertype:ip:udp:time,11104
eth:ethertype:ip:udp:llc:data,10940
eth:ethertype:ip:udp:daytime,10803
eth:ethertype:ip:udp:quake3,10346
eth:ethertype:ip:udp:ecatf:ecat,10231
eth:ethertype:ip:udp:coap:cbor,10191
eth:ethertype:ip:udp:steam_ihs_discovery,7993
eth:ethertype:ip:udp:nbdgm:smb:browser,7650
eth:ethertype:ip:udp:udpencap:isakmp,6714
eth:ethertype:ip:udp:kip,6161
eth:ethertype:ip:udp:rtcp,5363
eth:ethertype:ip:udp:quic,5175
eth:ethertype:ip:udp:hart_ip,5088
eth:ethertype:ip:udp:mgcp,4486
eth:ethertype:ip:udp:dcerpc,4110
eth:ethertype:ip:udp:coap:data,3870
eth:ethertype:ip:udp:teredo:ipv6,3682
eth:ethertype:ip:udp:raknet:raknet,3431
eth:ethertype:ip:udp:rmcp:asf,3387
eth:ethertype:ip:udp:iax2,2604
eth:ethertype:ip:udp:llmnr,2556
eth:ethertype:ip:udp:wsp,1746
eth:ethertype:ip:udp:radius:eap,1373
eth:ethertype:ip:udp:dis,1292
eth:ethertype:ip:udp:cipio,1185
eth:ethertype:ip:udp:rtps,1110
eth:ethertype:ip:udp:gtpprime,1109
eth:ethertype:ip:udp:stun:data,1040
eth:ethertype:ip:udp:opensafety:data,850
eth:ethertype:ip:udp:quake3:data,769
eth:ethertype:ip:udp:ssdp:data,682
eth:ethertype:ip:udp:pn_rt:pn_ptcp,642
eth:ethertype:ip:udp:rx,616
eth:ethertype:ip:udp:wisun.eapol_relay:eapol:data,604
eth:ethertype:ip:udp:asterix,564
eth:ethertype:ip:udp:wtls,519
eth:ethertype:ip:udp:cnip,440
eth:ethertype:ip:udp:tetra,326
eth:ethertype:ip:udp:mint,299
eth:ethertype:ip:udp:vxlan:eth:llc:data,283
eth:ethertype:ip:udp:wg,265
eth:ethertype:ip:udp:h225,261
eth:ethertype:ip:udp:kink,255
eth:ethertype:ip:udp:papi,251
eth:ethertype:ip:udp:scop:data,242
eth:ethertype:ip:udp:lwapp:wlan,236
eth:ethertype:ip:udp:dof,234
eth:ethertype:ip:udp:vrt,232
eth:ethertype:ip:udp:elasticsearch,231
eth:ethertype:ip:udp:opensafety_udp:data,223
eth:ethertype:ip:udp:ecmp,212
eth:ethertype:ip:udp:icp,212
eth:ethertype:ip:udp:dvb_ipdc:data,206
eth:ethertype:ip:udp:pktc,203
eth:ethertype:ip:udp:ulp,201
eth:ethertype:ip:udp:manolito,200
eth:ethertype:ip:udp:corosync_totemnet:data,200
eth:ethertype:ip:udp:nxp_802154_sniffer:wpan,197
eth:ethertype:ip:udp:mipv6,194
eth:ethertype:ip:udp:infiniband:data,188
eth:ethertype:ip:udp:gsmtap:data,183
eth:ethertype:ip:udp:teredo:data,180
eth:ethertype:ip:udp:rsvp,179
eth:ethertype:ip:udp:collectd,178
eth:ethertype:ip:udp:tplink-smarthome:json:data-text-lines,173
eth:ethertype:ip:udp:mpls:data,170
eth:ethertype:ip:udp:lisp,165
eth:ethertype:ip:udp:asap,164
eth:ethertype:ip:udp:iax2:data,163
eth:ethertype:ip:udp:mih,162
eth:ethertype:ip:udp:uaudp,158
eth:ethertype:ip:udp:sabp:sabp,156
eth:ethertype:ip:udp:hiqnet,151
eth:ethertype:ip:udp:gprs-ns:bssgp,151
eth:ethertype:ip:udp:idn,142
eth:ethertype:ip:udp:raknet:raknet:raknet,142
eth:ethertype:ip:udp:bjnp,131
eth:ethertype:ip:udp:knet,122
eth:ethertype:ip:udp:tzsp,120
eth:ethertype:ip:udp:tacacs,116
eth:ethertype:ip:udp:gprs-ns,112
eth:ethertype:ip:udp:lisp-data,111
eth:ethertype:ip:udp:c1222,110
eth:ethertype:ip:udp:mikey,107
eth:ethertype:ip:udp:infiniband,105
eth:ethertype:ip:udp:sap,101
eth:ethertype:ip:udp:rsip,98
eth:ethertype:ip:udp:ath,95
eth:ethertype:ip:udp:bat:data,95
eth:ethertype:ip:udp:amt,91
eth:ethertype:ip:udp:capwap.data:eth:ethertype:data,90
eth:ethertype:ip:udp:ajns,89
eth:ethertype:ip:udp:adp,88
eth:ethertype:ip:udp:capwap.data,86
eth:ethertype:ip:udp:ipvs,81
eth:ethertype:ip:udp:ieee1722:data,80
eth:ethertype:ip:udp:hcrt,76
eth:ethertype:ip:udp:kdp,73
eth:ethertype:ip:udp:raknet,71
eth:ethertype:ip:udp:bat.gw:data,70
eth:ethertype:ip:udp:ax4000,70
eth:ethertype:ip:udp:h248,69
eth:ethertype:ip:udp:enrp,69
eth:ethertype:ip:udp:db-lsp-disc,67
eth:ethertype:ip:udp:ayiya,66
eth:ethertype:ip:udp:quake2:data,66
eth:ethertype:ip:udp:vxlan:eth:ethertype:data,66
eth:ethertype:ip:udp:a21,66
eth:ethertype:ip:udp:h501,63
eth:ethertype:ip:udp:bfd_echo,63
eth:ethertype:ip:udp:doip,62
eth:ethertype:ip:udp:bat.vis:data,62
eth:ethertype:ip:udp:vuze-dht,61
eth:ethertype:ip:udp:udt,59
eth:ethertype:ip:udp:ts2,59
eth:ethertype:ip:udp:egd:data,58
eth:ethertype:ip:udp:dpnet,57
eth:ethertype:ip:udp:pfcp,56
eth:ethertype:ip:udp:quake:data,56
eth:ethertype:ip:udp:lwapp:wlan:data,55
eth:ethertype:ip:udp:sbus,52
eth:ethertype:ip:udp:iapp,49
eth:ethertype:ip:udp:pn_rt:pn_io,49
eth:ethertype:ip:udp:sctp,47
eth:ethertype:ip:udp:wlccp,47
eth:ethertype:ip:udp:pktc.mtafqdn,46
eth:ethertype:ip:udp:sabp,46
eth:ethertype:ip:udp:nano,46
eth:ethertype:ip:udp:rdt,45
eth:ethertype:ip:udp:dmp,44
eth:ethertype:ip:udp:ecatf:data,43
eth:ethertype:ip:udp:megaco:data,42
eth:ethertype:ip:udp:quakeworld:data,41
eth:ethertype:ip:udp:msproxy,41
eth:ethertype:ip:udp:tipc,41
eth:ethertype:ip:udp:gre,40
eth:ethertype:ip:udp:data:vssmonitoring,39
eth:ethertype:ip:udp:mpls:pwethheuristic:pwethcw:eth:ethertype:data,39
eth:ethertype:ip:udp:wtp,38
eth:ethertype:ip:udp:lisp:data,37
eth:ethertype:ip:udp:gsmtap,36
eth:ethertype:ip:udp:srt:data,36
eth:ethertype:ip:udp:mpls:ipv6:data,35
eth:ethertype:ip:udp:mpls:ip:data,34
eth:ethertype:ip:udp:srt,32
eth:ethertype:ip:udp:gre:data,30
eth:ethertype:ip:udp:geneve,30
eth:ethertype:ip:udp:eth:ethertype:data,30
eth:ethertype:ip:udp:cnip:data,29
eth:ethertype:ip:udp:dcc,29
eth:ethertype:ip:udp:capwap.data:dtls,27
eth:ethertype:ip:udp:geneve:data,26
eth:ethertype:ip:udp:nxp_802154_sniffer:wpan:data,25
eth:ethertype:ip:udp:nxp_802154_sniffer,23
eth:ethertype:ip:udp:goose:cotp,22
eth:ethertype:ip:udp:egd,21
eth:ethertype:ip:udp:capwap:dtls,20
eth:ethertype:ip:udp:eth,19
eth:ethertype:ip:udp:wisun.eapol_relay,18
eth:ethertype:ip:udp:mpls:ipv6:ipv6.hopopts,18
eth:ethertype:ip:udp:thrift,18
eth:ethertype:ip:udp:dhcpv6,17
eth:ethertype:ip:udp:vxlan:eth,16
eth:ethertype:ip:udp:mpls:ip,16
eth:ethertype:ip:udp:ltp,14
eth:ethertype:ip:udp:nbdgm,14
eth:ethertype:ip:udp:pn_rt,12
eth:ethertype:ip:udp:llc,12
eth:ethertype:ip:udp:find,12
eth:ethertype:ip:udp:quake2,12
eth:ethertype:ip:udp:sap:sdp,12
eth:ethertype:ip:udp:mndp,11
eth:ethertype:ip:udp:ripng,10
eth:ethertype:ip:udp:kpasswd,10
eth:ethertype:ip:udp:xyplex,10
eth:ethertype:ip:udp:acdr,10
eth:ethertype:ip:udp:lbtrm,9
eth:ethertype:ip:udp:ardp,9
eth:ethertype:ip:udp:wisun.eapol_relay:eapol,9
eth:ethertype:ip:udp:lmp,9
eth:ethertype:ip:udp:ieee1722:iec61883,8
eth:ethertype:ip:udp:auto_rp,8
eth:ethertype:ip:udp:dcp-etsi:dcp-pft,8
eth:ethertype:ip:udp:wol,8
eth:ethertype:ip:udp:l2tp:data,8
eth:ethertype:ip:udp:sabp:sabp:sabp,8
eth:ethertype:ip:udp:ncp,7
eth:ethertype:ip:udp:dvb_ipdc:alc:data,7
eth:ethertype:ip:udp:cups,7
eth:ethertype:ip:udp:h225:data,7
eth:ethertype:ip:udp:ecatf:tc_nv,7
eth:ethertype:ip:udp:scop,7
eth:ethertype:ip:udp:ipx,7
eth:ethertype:ip:udp:pathport,6
eth:ethertype:ip:udp:lwres,6
eth:ethertype:ip:udp:lwapp,6
eth:ethertype:ip:udp:gvcp,6
eth:ethertype:ip:udp:dvb_ipdc:alc:rmt-lct,6
eth:ethertype:ip:udp:tzsp:data,6
eth:ethertype:ip:udp:tsp,6
eth:ethertype:ip:udp:packetbb,6
eth:ethertype:ip:udp:sip:sigcomp,5
eth:ethertype:ip:udp:rtpproxy,5
eth:ethertype:ip:udp:mpls,5
eth:ethertype:ip:udp:rsp,5
eth:ethertype:ip:udp:who,5
eth:ethertype:ip:udp:mip,5
eth:ethertype:ip:udp:amt:ip,5
eth:ethertype:ip:udp:dlsw,5
eth:ethertype:ip:udp:lisp-data:ip,5
eth:ethertype:ip:udp:mpls:ipv6,5
eth:ethertype:ip:udp:ecatf:ioraw,5
eth:ethertype:ip:udp:msmms,4
eth:ethertype:ip:udp:cpfi,4
eth:ethertype:ip:udp:slimp3,4
eth:ethertype:ip:udp:armagetronad,4
eth:ethertype:ip:udp:llc:sna:data,4
eth:ethertype:ip:udp:dlep,4
eth:ethertype:ip:udp:tapa,4
eth:ethertype:ip:udp:ddtp,4
eth:ethertype:ip:udp:sigcomp,4
eth:ethertype:ip:udp:rx:afs,4
eth:ethertype:ip:udp:acdr:data,3
eth:ethertype:ip:udp:wccp,3
eth:ethertype:ip:udp:gre:wlan,3
eth:ethertype:ip:udp:quakeworld,3
eth:ethertype:ip:udp:ieee1722,3
eth:ethertype:ip:udp:teredo:ipv6:data,3
eth:ethertype:ip:udp:quake,3
eth:ethertype:ip:udp:ecatf,3
eth:ethertype:ip:udp:lisp-data:ipv6:data,3
eth:ethertype:ip:udp:caneth:data:data,3
eth:ethertype:ip:udp:acdr:ip,3
eth:ethertype:ip:udp:adwin,3
eth:ethertype:ip:udp:mpls:pwethheuristic:pwethcw:eth,2
eth:ethertype:ip:udp:epl,2
eth:ethertype:ip:udp:mactelnet,2
eth:ethertype:ip:udp:olsr,2
eth:ethertype:ip:udp:mpls:ipv6:lwl4,2
eth:ethertype:ip:udp:mpls:ipv6:ospf,2
eth:ethertype:ip:udp:ipx:data,2
eth:ethertype:ip:udp:ltp:data,2
eth:ethertype:ip:udp:eth:llc:data,2
eth:ethertype:ip:udp:mint:eth:ethertype:data,2
eth:ethertype:ip:udp:cigi,2
eth:ethertype:ip:udp:aodv,2
eth:ethertype:ip:udp:wtp:wsp,2
eth:ethertype:ip:udp:bat.gw:ip,2
eth:ethertype:ip:udp:dcp-etsi:dcp-af,2
eth:ethertype:ip:udp:vssmonitoring,2
eth:ethertype:ip:udp:bat.vis,2
eth:ethertype:ip:udp:mpls:pwethheuristic:pwethnocw:eth:ethertype:data,2
eth:ethertype:ip:udp:a11,2
eth:ethertype:ip:udp:icq,2
eth:ethertype:ip:udp:rdpudp:dtls,1
eth:ethertype:ip:udp:tipc:data,1
eth:ethertype:ip:udp:actrace,1
eth:ethertype:ip:udp:ldp,1
eth:ethertype:ip:udp:gsmtap:gsm_sim,1
eth:ethertype:ip:udp:mpls:ipv6:vines_frp:vines_ip:data,1
eth:ethertype:ip:udp:mpls:ipv6:nhrp,1
eth:ethertype:ip:udp:mpls:ipv6:etherip:eth:llc:data,1
eth:ethertype:ip:udp:mpls:ipv6:ipv6.routing,1
eth:ethertype:ip:udp:mpls:ipv6:ipcomp:data,1
eth:ethertype:ip:udp:nbdgm:smb:smb_netlogon,1
eth:ethertype:ip:udp:tzsp:eth:ethertype:data,1
eth:ethertype:ip:udp:capwap.data:data,1
eth:ethertype:ip:udp:lwapp:wlan:llc:data,1
eth:ethertype:ip:udp:rsp:asf:data,1
eth:ethertype:ip:udp:scop:wpan,1
eth:ethertype:ip:udp:rdpudp:data,1
eth:ethertype:ip:udp:ptp,1
eth:ethertype:ip:udp:udpencap,1
eth:ethertype:ip:udp:mpls:ipv6:l2tp:data,1
eth:ethertype:ip:udp:openvpn:tls,1
eth:ethertype:ip:udp:opensafety_udp,1
eth:ethertype:ip:udp:jmirror:ipv6,1
eth:ethertype:ip:udp:sflow,1
eth:ethertype:ip:udp:acdr:xml,1
eth:ethertype:ip:udp:ecatf:ams,1
eth:ethertype:ip:udp:l2tp:ppp:data,1
eth:ethertype:ip:udp:teredo,1
eth:ethertype:ip:udp:ieee1722:aaf,1
eth:ethertype:ip:udp:cnip:lon,1
eth:ethertype:ip:udp:goose:cotp:goose,1
eth:ethertype:ip:udp:data:f5ethtrailer,1
eth:ethertype:ip:udp:vxlan,1
eth:ethertype:ip:udp:llc:osi:data,1
eth:ethertype:ip:udp:lisp-data:ipv6,1
eth:ethertype:ip:udp:tpcp,1
