eth:ethertype:ip:udp:data,8196360
eth:ethertype:ip:udp:syslog,4810786
eth:ethertype:ip:udp:stun,4524426
eth:ethertype:ip:udp:dns,4062931
eth:ethertype:ip:udp:snmp,2421825
eth:ethertype:ip:udp:ntp,2297423
eth:ethertype:ip:udp:nbns,634117
eth:ethertype:ip:data,498484
eth:ethertype:ip:udp:sip,315826
eth:ethertype:ip:udp:coap,210299
eth:ethertype:ip:udp:cldap,168462
eth:ethertype:ip:udp:ssdp,154945
eth:ethertype:ip:udp:cflow,136776
eth:ethertype:ip:udp:mdns,125014
eth:ethertype:ip:udp:sip:xml,101747
eth:ethertype:ip:udp,70480
eth:ethertype:ip:udp:dtls,67721
eth:ethertype:ip:udp:memcache,66445
eth:ethertype:ip:udp:openvpn,64674
eth:ethertype:ip:udp:rpc,54280
eth:ethertype:ip:udp:bvlc:bacnet:bacapp,53129
eth:ethertype:ip:udp:sip:data-text-lines,52686
eth:ethertype:ip:udp:gtp,52322
eth:ethertype:ip:udp:isakmp,52116
eth:ethertype:ip:udp:rip,48259
eth:ethertype:ip:udp:portcontrol,46223
eth:ethertype:ip:udp:capwap,43838
eth:ethertype:ip:udp:srvloc,43732
eth:ethertype:ip:udp:udpencap:esp,41294
eth:ethertype:ip:udp:dhcp,40509
eth:ethertype:ip:udp:quic:tls,36406
eth:ethertype:ip:udp:l2tp,32936
eth:ethertype:ip:udp:xdmcp,32251
eth:ethertype:ip:udp:chargen,27147
eth:ethertype:ip:udp:rmcp:ipmi_session:data,25811
eth:ethertype:ip:udp:tftp,23767
eth:ethertype:ip:udp:kerberos,22783
eth:ethertype:ip:udp:rdpudp,20771
eth:ethertype:ip:udp:quake3,20621
eth:ethertype:ip:udp:radius,20543
eth:ethertype:ip:udp:gquic,20362
eth:ethertype:ip:udp:lwapp:data,17220
eth:ethertype:ip:udp:echo,16099
eth:ethertype:ip:udp:gtp:gtpv2,16081
eth:ethertype:ip:udp:nbdgm:smb:browser,15588
eth:ethertype:ip:udp:enip,15060
eth:ethertype:ip:udp:classicstun,13136
eth:ethertype:ip:udp:omron,13077
eth:ethertype:ip:udp:time,12670
eth:ethertype:ip:udp:daytime,11688
eth:ethertype:ip:udp:steam_ihs_discovery,11612
eth:ethertype:ip:udp:bfd,11305
eth:ethertype:ip:udp:rtcp,10588
eth:ethertype:ip:udp:tacacs,10506
eth:ethertype:ip:udp:h248,10464
eth:ethertype:ip:udp:quic,10299
eth:ethertype:ip:udp:ecatf:ecat,10214
eth:ethertype:ip:udp:cnip:lon,10212
eth:ethertype:ip:udp:hart_ip,9402
eth:ethertype:ip:udp:kip,7631
eth:ethertype:ip:udp:udpencap:isakmp,6874
eth:ethertype:ip:udp:iax2,4968
eth:ethertype:ip:udp:mgcp,4758
eth:ethertype:ip:udp:raknet:raknet,4447
eth:ethertype:ip:udp:coap:data,3568
eth:ethertype:ip:udp:rmcp:asf,3402
eth:ethertype:ip:udp:wisun.eapol_relay:eapol:data,2639
eth:ethertype:ip:udp:teredo:ipv6,2258
eth:ethertype:ip:udp:quake3:data,2223
eth:ethertype:ip:udp:mndp,1907
eth:ethertype:ip:udp:cipio,1886
eth:ethertype:ip:udp:gtpprime,1867
eth:ethertype:ip:udp:adp,1780
eth:ethertype:ip:udp:rtps,1751
eth:ethertype:ip:udp:rx,1605
eth:ethertype:ip:udp:dis,1175
eth:ethertype:ip:udp:kink,1138
eth:ethertype:ip:udp:lisp:data,1037
eth:ethertype:ip:udp:udpencap,1011
eth:ethertype:ip:udp:h225,888
eth:ethertype:ip:udp:wtp,848
eth:ethertype:ip:udp:llc:data,732
eth:ethertype:ip:udp:ssdp:data,689
eth:ethertype:ip:udp:llmnr,679
eth:ethertype:ip:udp:wsp,576
eth:ethertype:ip:udp:wtls,552
eth:ethertype:ip:udp:mint,517
eth:ethertype:ip:udp:iax2:data,485
eth:ethertype:ip:udp:raknet,484
eth:ethertype:ip:udp:cnip,481
eth:ethertype:ip:udp:scop:data,437
eth:ethertype:ip:udp:ieee1722:data,431
eth:ethertype:ip:udp:iapp,424
eth:ethertype:ip:udp:bat.gw:data,422
eth:ethertype:ip:udp:vxlan:eth:llc:data,412
eth:ethertype:ip:udp:stun:data,407
eth:ethertype:ip:udp:radius:eap,390
eth:ethertype:ip:udp:pn_rt:pn_ptcp,356
eth:ethertype:ip:udp:ts2,350
eth:ethertype:ip:udp:mikey,343
eth:ethertype:ip:udp:opensafety_udp:data,335
eth:ethertype:ip:udp:elasticsearch,333
eth:ethertype:ip:udp:tipc,325
eth:ethertype:ip:udp:raknet:raknet:raknet,319
eth:ethertype:ip:udp:ardp,318
eth:ethertype:ip:udp:lwapp:wlan,313
eth:ethertype:ip:udp:c1222,301
eth:ethertype:ip:udp:gsmtap:data,301
eth:ethertype:ip:udp:icp,297
eth:ethertype:ip:udp:ecmp,278
eth:ethertype:ip:udp:h501,277
eth:ethertype:ip:udp:corosync_totemnet:data,265
eth:ethertype:ip:udp:ax4000,259
eth:ethertype:ip:udp:pfcp,256
eth:ethertype:ip:udp:bat.vis:data,255
eth:ethertype:ip:udp:teredo:ipv6:icmpv6,253
eth:ethertype:ip:udp:manolito,251
eth:ethertype:ip:udp:wg,249
eth:ethertype:ip:udp:geneve:data,244
eth:ethertype:ip:udp:bjnp,238
eth:ethertype:ip:udp:uaudp,234
eth:ethertype:ip:udp:ajns,233
eth:ethertype:ip:udp:nano,233
eth:ethertype:ip:udp:bat:data,232
eth:ethertype:ip:udp:dpnet,228
eth:ethertype:ip:udp:rsip,225
eth:ethertype:ip:udp:tzsp,218
eth:ethertype:ip:udp:rsvp,210
eth:ethertype:ip:udp:nxp_802154_sniffer:wpan,201
eth:ethertype:ip:udp:wlccp,199
eth:ethertype:ip:udp:dof,198
eth:ethertype:ip:udp:enttec,190
eth:ethertype:ip:udp:eth:ethertype:data,187
eth:ethertype:ip:udp:db-lsp-disc,181
eth:ethertype:ip:udp:mpls-echo,176
eth:ethertype:ip:udp:quake2:data,175
eth:ethertype:ip:udp:mih,174
eth:ethertype:ip:udp:vuze-dht,169
eth:ethertype:ip:udp:pktc.mtafqdn,157
eth:ethertype:ip:udp:bfd_echo,148
eth:ethertype:ip:udp:tplink-smarthome:json:data-text-lines,142
eth:ethertype:ip:udp:asap,140
eth:ethertype:ip:udp:sap,136
eth:ethertype:ip:udp:gprs-ns:bssgp,129
eth:ethertype:ip:udp:vrt,125
eth:ethertype:ip:udp:opensafety:data,124
eth:ethertype:ip:udp:ipvs,118
eth:ethertype:ip:udp:ecatf:data,107
eth:ethertype:ip:udp:gprs-ns,102
eth:ethertype:ip:udp:kdp,102
eth:ethertype:ip:udp:mpls:data,98
eth:ethertype:ip:udp:knet,96
eth:ethertype:ip:udp:nbdgm:smb:data,94
eth:ethertype:ip:udp:sctp,90
eth:ethertype:ip:udp:teredo:data,89
eth:ethertype:ip:udp:goose:cotp,88
eth:ethertype:ip:udp:doip,87
eth:ethertype:ip:udp:dvb_ipdc:data,87
eth:ethertype:ip:udp:a21,84
eth:ethertype:ip:udp:lisp-data,83
eth:ethertype:ip:udp:rdt,81
eth:ethertype:ip:udp:sbus,81
eth:ethertype:ip:udp:dmp,80
eth:ethertype:ip:udp:sabp:sabp,79
eth:ethertype:ip:udp:amt,78
eth:ethertype:ip:udp:idn,77
eth:ethertype:ip:udp:hcrt,76
eth:ethertype:ip:udp:asterix,74
eth:ethertype:ip:udp:collectd,74
eth:ethertype:ip:udp:ayiya,72
eth:ethertype:ip:udp:sap:sdp,72
eth:ethertype:ip:udp:enrp,69
eth:ethertype:ip:udp:lisp-data:ip:data,65
eth:ethertype:ip:udp:pn_rt:pn_io,64
eth:ethertype:ip:udp:megaco:data,63
eth:ethertype:ip:udp:gre,63
eth:ethertype:ip:udp:egd:data,63
eth:ethertype:ip:udp:hiqnet,62
eth:ethertype:ip:udp:quakeworld:data,62
eth:ethertype:ip:udp:msproxy,62
eth:ethertype:ip:udp:pktc,61
eth:ethertype:ip:udp:tetra,58
eth:ethertype:ip:udp:ulp,56
eth:ethertype:ip:udp:quake:data,56
eth:ethertype:ip:udp:ath,53
eth:ethertype:ip:udp:dcc,52
eth:ethertype:ip:udp:mpls,46
eth:ethertype:ip:udp:geneve,43
eth:ethertype:ip:udp:nxp_802154_sniffer,42
eth:ethertype:ip:udp:snmp:snmp,42
eth:ethertype:ip:udp:lisp,40
eth:ethertype:ip:udp:lwapp:wlan:data,39
eth:ethertype:ip:udp:ltp,38
eth:ethertype:ip:udp:vxlan:eth:ethertype:data,38
eth:ethertype:ip:udp:wisun.eapol_relay:eapol,38
eth:ethertype:ip:udp:infiniband,37
eth:ethertype:ip:udp:mipv6,37
eth:ethertype:ip:udp:capwap.data:dtls,36
eth:ethertype:ip:udp:capwap.data,35
eth:ethertype:ip:udp:gsmtap,35
eth:ethertype:ip:udp:cnip:data,34
eth:ethertype:ip:udp:capwap.data:eth:ethertype:data,33
eth:ethertype:ip:udp:infiniband:data,33
eth:ethertype:ip:udp:capwap:dtls,32
eth:ethertype:ip:udp:wisun.eapol_relay,28
eth:ethertype:ip:udp:gre:data,27
eth:ethertype:ip:udp:pn_rt,25
eth:ethertype:ip:udp:data:vssmonitoring,24
eth:ethertype:ip:udp:sabp,23
eth:ethertype:ip:udp:capwap.data:data,23
eth:ethertype:ip:udp:thrift,22
eth:ethertype:ip:udp:mpls:ip:data,19
eth:ethertype:ip:udp:eth,17
eth:ethertype:ip:udp:egd,17
eth:ethertype:ip:udp:auto_rp,16
eth:ethertype:ip:udp:dcp-etsi:dcp-pft,16
eth:ethertype:ip:udp:vxlan:eth,16
eth:ethertype:ip:udp:ieee1722:iec61883,13
eth:ethertype:ip:udp:scop,13
eth:ethertype:ip:udp:mpls:pwethheuristic:pwethcw:eth:ethertype:data,13
eth:ethertype:ip:udp:quake2,12
eth:ethertype:ip:udp:tsp,12
eth:ethertype:ip:udp:mpls:ip,12
eth:ethertype:ip:udp:capwap:data,12
eth:ethertype:ip:udp:dvb_ipdc:alc:data,12
eth:ethertype:ip:udp:kpasswd,11
eth:ethertype:ip:udp:mpls:ipv6:data,11
eth:ethertype:ip:udp:ecatf:ioraw,11
eth:ethertype:ip:udp:dhcpv6,11
eth:ethertype:ip:udp:mip,11
eth:ethertype:ip:udp:sigcomp,11
eth:ethertype:ip:udp:rsp,10
eth:ethertype:ip:udp:llc,10
eth:ethertype:ip:udp:pathport,10
eth:ethertype:ip:udp:lmp,10
eth:ethertype:ip:udp:dcp-etsi:dcp-af,10
eth:ethertype:ip:udp:nbdgm,9
eth:ethertype:ip:udp:slimp3,9
eth:ethertype:ip:udp:amt:ip,9
eth:ethertype:ip:udp:find,9
eth:ethertype:ip:udp:rdpudp:data,9
eth:ethertype:ip:udp:ecatf:ecat_mailbox,9
eth:ethertype:ip:udp:dlep,9
eth:ethertype:ip:udp:xyplex,9
eth:ethertype:ip:udp:acdr,8
eth:ethertype:ip:udp:lbtrm,8
eth:ethertype:ip:udp:ncp,8
eth:ethertype:ip:udp:who,8
eth:ethertype:ip:udp:rtpproxy,8
eth:ethertype:ip:udp:ipx,8
eth:ethertype:ip:udp:wtp:wsp,8
eth:ethertype:ip:udp:mpls:ipv6:ipv6.hopopts,8
eth:ethertype:ip:udp:l2tp:data,8
eth:ethertype:ip:udp:ecatf,7
eth:ethertype:ip:udp:tzsp:data,7
eth:ethertype:ip:udp:nxp_802154_sniffer:wpan:data,7
eth:ethertype:ip:udp:dlsw,7
eth:ethertype:ip:udp:lisp-data:ipv6,7
eth:ethertype:ip:udp:quake,6
eth:ethertype:ip:udp:ipx:data,6
eth:ethertype:ip:udp:packetbb,6
eth:ethertype:ip:udp:ecatf:ams,6
eth:ethertype:ip:udp:ecatf:tc_nv,6
eth:ethertype:ip:udp:tapa,5
eth:ethertype:ip:udp:rx:afs,5
eth:ethertype:ip:udp:cigi,5
eth:ethertype:ip:udp:msmms,5
eth:ethertype:ip:udp:sip:sigcomp,5
eth:ethertype:ip:udp:ieee1722:crf,5
eth:ethertype:ip:udp:lwres,5
eth:ethertype:ip:udp:stun:tftp,4
eth:ethertype:ip:udp:actrace,4
eth:ethertype:ip:udp:gtp:ip:tcp,4
eth:ethertype:ip:udp:lwapp,4
eth:ethertype:ip:udp:ripng,4
eth:ethertype:ip:udp:armagetronad,4
eth:ethertype:ip:udp:dvb_ipdc:alc:rmt-lct,4
eth:ethertype:ip:udp:scop:wpan,4
eth:ethertype:ip:udp:rdpudp:dtls,4
eth:ethertype:ip:udp:mpls:pwach:data,3
eth:ethertype:ip:udp:vxlan,3
eth:ethertype:ip:udp:gtp:ip:tcp:tls,3
eth:ethertype:ip:udp:tpcp,3
eth:ethertype:ip:udp:mpls:ipv6,3
eth:ethertype:ip:udp:bat.gw,3
eth:ethertype:ip:udp:hip,3
eth:ethertype:ip:udp:teredo,3
eth:ethertype:ip:udp:bat.vis,3
eth:ethertype:ip:udp:megaco,3
eth:ethertype:ip:udp:ddtp,2
eth:ethertype:ip:udp:cups,2
eth:ethertype:ip:udp:ieee1722,2
eth:ethertype:ip:udp:edonkey,2
eth:ethertype:ip:udp:a11,2
eth:ethertype:ip:udp:cpfi,2
eth:ethertype:ip:udp:ptp,2
eth:ethertype:ip:udp:wccp,2
eth:ethertype:ip:udp:mpls:pwethheuristic:pwethcw:eth,2
eth:ethertype:ip:udp:stun:tftp:data,1
eth:ethertype:ip:udp:epl:data,1
eth:ethertype:ip:udp:olsr,1
eth:ethertype:ip:udp:capwap.data:wlan:data,1
eth:ethertype:ip:udp:h501:h501,1
eth:ethertype:ip:udp:lisp:ipv6:data,1
eth:ethertype:ip:udp:mpls:pwethheuristic:pwethcw:eth:llc:data,1
eth:ethertype:ip:udp:tplink-smarthome:json,1
eth:ethertype:ip:udp:acdr:ip:data,1
eth:ethertype:ip:udp:ayiya:dsr:ipv6.hopopts:ipv6.hopopts,1
eth:ethertype:ip:udp:tzsp:eth:ethertype:data,1
eth:ethertype:ip:udp:quakeworld,1
eth:ethertype:ip:udp:oicq,1
eth:ethertype:ip:udp:capwap.data:eth:llc,1
eth:ethertype:ip:udp:aodv,1
eth:ethertype:ip:udp:ip,1
eth:ethertype:ip:udp:llc:sna:data,1
eth:ethertype:ip:udp:jmirror:ipv6,1
eth:ethertype:ip:udp:ltp:data,1
eth:ethertype:ip:udp:l2tp:ppp:data,1
eth:ethertype:ip:udp:acdr:ip,1
eth:ethertype:ip:udp:ieee1722:aaf,1
eth:ethertype:ip:udp:nbdgm:smb:smb_netlogon,1
eth:ethertype:ip:udp:mpls:ipv6:ipv6.routing,1
eth:ethertype:ip:udp:mpls:ipv6:dsr:data,1
eth:ethertype:ip:udp:llc:osi:data,1
eth:ethertype:ip:udp:papi,1
eth:ethertype:ip:udp:eth:llc:data,1
eth:ethertype:ip:udp:db-lsp-disc:json:data-text-lines,1
eth:ethertype:ip:udp:amt:ip:ipv6:data,1
eth:ethertype:ip:udp:quic:tls:tls:tls:tls:tls,1
eth:ethertype:ip:udp:quic:tls:tls:tls:tls:tls:tls:tls,1
eth:ethertype:ip:udp:quic:tls:tls:tls:tls,1
eth:ethertype:ip:udp:quic:tls:tls:tls:tls:tls:tls:tls:tls:tls:tls,1
eth:ethertype:ip:udp:tipc:data,1
eth:ethertype:ip:udp:mdns:vssmonitoring,1
eth:ethertype:ip:udp:dtls:x509sat:x509sat:x509sat:x509sat,1
eth:ethertype:ip:udp:epl,1
eth:ethertype:ip:udp:wimaxasncp,1
