eth:ethertype:ip:udp:stun,15293758
eth:ethertype:ip:udp:data,9674161
eth:ethertype:ip:udp:dns,3746762
eth:ethertype:ip:udp:ntp,2589490
eth:ethertype:ip:udp:syslog,2560771
eth:ethertype:ip:udp:snmp,1519010
eth:ethertype:ip:data,1293995
eth:ethertype:ip:udp:nbns,627096
eth:ethertype:ip:udp:sip,560545
eth:ethertype:ip:udp:coap,210560
eth:ethertype:ip:udp:cldap,206546
eth:ethertype:ip:udp:cflow,158533
eth:ethertype:ip:udp:ssdp,124301
eth:ethertype:ip:udp:openvpn,115575
eth:ethertype:ip:udp:sip:xml,102186
eth:ethertype:ip:udp:mdns,96014
eth:ethertype:ip:udp:rpc,91849
eth:ethertype:ip:udp:isakmp,80988
eth:ethertype:ip:udp:dhcp,72578
eth:ethertype:ip:udp,60100
eth:ethertype:ip:udp:classicstun,59032
eth:ethertype:ip:udp:dtls,55927
eth:ethertype:ip:udp:memcache,53536
eth:ethertype:ip:udp:sip:data-text-lines,52855
eth:ethertype:ip:udp:srvloc,48602
eth:ethertype:ip:udp:bvlc:bacnet:bacapp,46882
eth:ethertype:ip:udp:capwap,44813
eth:ethertype:ip:udp:portcontrol,43020
eth:ethertype:ip:udp:gtp,42512
eth:ethertype:ip:udp:udpencap:esp,36505
eth:ethertype:ip:udp:l2tp,30160
eth:ethertype:ip:udp:chargen,25642
eth:ethertype:ip:udp:rdpudp,25423
eth:ethertype:ip:udp:tftp,23887
eth:ethertype:ip:udp:xdmcp,22127
eth:ethertype:ip:udp:quake3,20619
eth:ethertype:ip:udp:daytime,20563
eth:ethertype:ip:udp:gquic,20473
eth:ethertype:ip:udp:kerberos,19811
eth:ethertype:ip:udp:lwapp:data,16897
eth:ethertype:ip:udp:radius,15690
eth:ethertype:ip:udp:quic:tls,15681
eth:ethertype:ip:udp:rmcp:ipmi_session:data,14409
eth:ethertype:ip:udp:omron,13881
eth:ethertype:ip:udp:echo,13871
eth:ethertype:ip:udp:enip,13399
eth:ethertype:ip:udp:rip,12691
eth:ethertype:ip:udp:nbdgm:smb:browser,11700
eth:ethertype:ip:udp:gtp:gtpv2,11402
eth:ethertype:ip:udp:wlccp,10706
eth:ethertype:ip:udp:time,10635
eth:ethertype:ip:udp:ecatf:ecat,10229
eth:ethertype:ip:udp:bfd,10113
eth:ethertype:ip:udp:steam_ihs_discovery,9517
eth:ethertype:ip:udp:kip,7255
eth:ethertype:ip:udp:udpencap:isakmp,6834
eth:ethertype:ip:udp:teredo:ipv6,5849
eth:ethertype:ip:udp:mgcp,5608
eth:ethertype:ip:udp:hart_ip,5264
eth:ethertype:ip:udp:rtcp,5143
eth:ethertype:ip:udp:coap:data,3772
eth:ethertype:ip:udp:rmcp:asf,3451
eth:ethertype:ip:udp:quic,3118
eth:ethertype:ip:udp:llmnr,2839
eth:ethertype:ip:udp:quake3:data,2044
eth:ethertype:ip:udp:wtls,1995
eth:ethertype:ip:udp:llc:data,1988
eth:ethertype:ip:udp:gprs-ns:bssgp,1804
eth:ethertype:ip:udp:gtpprime,1611
eth:ethertype:ip:udp:cipio,1606
eth:ethertype:ip:udp:pfcp,1363
eth:ethertype:ip:udp:doip,1317
eth:ethertype:ip:udp:manolito,1282
eth:ethertype:ip:udp:raknet:raknet,1230
eth:ethertype:ip:udp:elasticsearch,1230
eth:ethertype:ip:udp:rtps,1106
eth:ethertype:ip:udp:iax2:data,1051
eth:ethertype:ip:udp:wg,1025
eth:ethertype:ip:udp:nxp_802154_sniffer:wpan,1023
eth:ethertype:ip:udp:asterix,980
eth:ethertype:ip:udp:tzsp,978
eth:ethertype:ip:udp:sbus,945
eth:ethertype:ip:udp:ts2,918
eth:ethertype:ip:udp:sabp:sabp,902
eth:ethertype:ip:udp:iapp,877
eth:ethertype:ip:udp:h248,866
eth:ethertype:ip:udp:pktc.mtafqdn,849
eth:ethertype:ip:udp:ayiya,836
eth:ethertype:ip:udp:bfd_echo,830
eth:ethertype:ip:udp:wsp,815
eth:ethertype:ip:udp:radius:eap,813
eth:ethertype:ip:udp:opensafety:data,792
eth:ethertype:ip:udp:dvb_ipdc:data,791
eth:ethertype:ip:udp:hcrt,773
eth:ethertype:ip:udp:ardp,765
eth:ethertype:ip:udp:dof,763
eth:ethertype:ip:udp:corosync_totemnet:data,754
eth:ethertype:ip:udp:mikey,748
eth:ethertype:ip:udp:egd:data,743
eth:ethertype:ip:udp:ath,742
eth:ethertype:ip:udp:uaudp,721
eth:ethertype:ip:udp:vuze-dht,713
eth:ethertype:ip:udp:gsmtap:data,709
eth:ethertype:ip:udp:kink,707
eth:ethertype:ip:udp:h225,707
eth:ethertype:ip:udp:lwapp:wlan,699
eth:ethertype:ip:udp:ssdp:data,663
eth:ethertype:ip:udp:mint,609
eth:ethertype:ip:udp:bat.gw:data,570
eth:ethertype:ip:udp:icp,570
eth:ethertype:ip:udp:eth:ethertype:data,567
eth:ethertype:ip:udp:rsip,567
eth:ethertype:ip:udp:mpls-echo,566
eth:ethertype:ip:udp:teredo:data,565
eth:ethertype:ip:udp:wisun.eapol_relay:eapol:data,559
eth:ethertype:ip:udp:ecmp,558
eth:ethertype:ip:udp:pktc,550
eth:ethertype:ip:udp:enttec,531
eth:ethertype:ip:udp:ipvs,521
eth:ethertype:ip:udp:ieee1722:data,511
eth:ethertype:ip:udp:dpnet,506
eth:ethertype:ip:udp:rsvp,503
eth:ethertype:ip:udp:collectd,502
eth:ethertype:ip:udp:ax4000,489
eth:ethertype:ip:udp:lisp:data,488
eth:ethertype:ip:udp:raknet,487
eth:ethertype:ip:udp:rdt,483
eth:ethertype:ip:udp:scop:data,474
eth:ethertype:ip:udp:wtp,472
eth:ethertype:ip:udp:dmp,469
eth:ethertype:ip:udp:cnip,468
eth:ethertype:ip:udp:adp,438
eth:ethertype:ip:udp:vxlan:eth:llc:data,434
eth:ethertype:ip:udp:mipv6,422
eth:ethertype:ip:udp:sctp,421
eth:ethertype:ip:udp:h501,397
eth:ethertype:ip:udp:nano,390
eth:ethertype:ip:udp:idn,387
eth:ethertype:ip:udp:raknet:raknet:raknet,384
eth:ethertype:ip:udp:hiqnet,384
eth:ethertype:ip:udp:iax2,382
eth:ethertype:ip:udp:infiniband:data,377
eth:ethertype:ip:udp:tplink-smarthome:json:data-text-lines,376
eth:ethertype:ip:udp:bat:data,374
eth:ethertype:ip:udp:opensafety_udp:data,373
eth:ethertype:ip:udp:rx,333
eth:ethertype:ip:udp:tetra,323
eth:ethertype:ip:udp:c1222,322
eth:ethertype:ip:udp:asap,319
eth:ethertype:ip:udp:db-lsp-disc,306
eth:ethertype:ip:udp:knet,305
eth:ethertype:ip:udp:vrt,302
eth:ethertype:ip:udp:amt,300
eth:ethertype:ip:udp:enrp,298
eth:ethertype:ip:udp:sap,295
eth:ethertype:ip:udp:bat.vis:data,286
eth:ethertype:ip:udp:lisp-data,272
eth:ethertype:ip:udp:ecatf:data,266
eth:ethertype:ip:udp:ajns,259
eth:ethertype:ip:udp:ulp,237
eth:ethertype:ip:udp:msproxy,234
eth:ethertype:ip:udp:bjnp,229
eth:ethertype:ip:udp:quake:data,224
eth:ethertype:ip:udp:a21,223
eth:ethertype:ip:udp:dis,212
eth:ethertype:ip:udp:mih,211
eth:ethertype:ip:udp:gre:data,210
eth:ethertype:ip:udp:capwap.data:eth:ethertype:data,201
eth:ethertype:ip:udp:quake2:data,198
eth:ethertype:ip:udp:pn_rt:pn_ptcp,194
eth:ethertype:ip:udp:gprs-ns,186
eth:ethertype:ip:udp:geneve:data,183
eth:ethertype:ip:udp:teredo:ipv6:icmpv6,176
eth:ethertype:ip:udp:capwap.data,175
eth:ethertype:ip:udp:vxlan,162
eth:ethertype:ip:udp:mpls:data,162
eth:ethertype:ip:udp:tipc,157
eth:ethertype:ip:udp:tacacs,155
eth:ethertype:ip:udp:kdp,155
eth:ethertype:ip:udp:sip:sdp,111
eth:ethertype:ip:udp:nxp_802154_sniffer,109
eth:ethertype:ip:udp:pn_rt:pn_io,100
eth:ethertype:ip:udp:nbdgm:smb:data,95
eth:ethertype:ip:udp:megaco:data,95
eth:ethertype:ip:udp:sip:data-text-lines:xml,88
eth:ethertype:ip:udp:quakeworld:data,86
eth:ethertype:ip:udp:sap:sdp,79
eth:ethertype:ip:udp:geneve,74
eth:ethertype:ip:udp:lisp-data:ip:data,71
eth:ethertype:ip:udp:gre,67
eth:ethertype:ip:udp:lisp-data:ipv6:data,64
eth:ethertype:ip:udp:sabp,63
eth:ethertype:ip:udp:wol,61
eth:ethertype:ip:udp:infiniband,60
eth:ethertype:ip:udp:dcc,57
eth:ethertype:ip:udp:capwap.data:dtls,48
eth:ethertype:ip:udp:cnip:data,48
eth:ethertype:ip:udp:sabp:sabp:sabp,48
eth:ethertype:ip:udp:lwres,45
eth:ethertype:ip:udp:vxlan:eth:ethertype:data,44
eth:ethertype:ip:udp:gsmtap,44
eth:ethertype:ip:udp:capwap:dtls,43
eth:ethertype:ip:udp:lisp,42
eth:ethertype:ip:udp:goose:cotp,42
eth:ethertype:ip:udp:stun:data,39
eth:ethertype:ip:udp:h225:data,38
eth:ethertype:ip:udp:ecatf:tc_nv,38
eth:ethertype:ip:udp:lwapp:wlan:data,37
eth:ethertype:ip:udp:rpc:portmap,36
eth:ethertype:ip:udp:mpls:pwethheuristic:pwethcw:eth:ethertype:data,33
eth:ethertype:ip:udp:data:vssmonitoring,29
eth:ethertype:ip:udp:wtp:wsp,27
eth:ethertype:ip:udp:lisp-data:ip,24
eth:ethertype:ip:udp:ecatf:ioraw,23
eth:ethertype:ip:udp:jmirror:ipv6:data,23
eth:ethertype:ip:udp:mpls:ip,23
eth:ethertype:ip:udp:mpls:ipv6:data,23
eth:ethertype:ip:udp:l2tp:data,22
eth:ethertype:ip:udp:dvb_ipdc:alc:data,22
eth:ethertype:ip:udp:mpls:ip:data,20
eth:ethertype:ip:udp:dhcpv6,19
eth:ethertype:ip:udp:pn_rt,19
eth:ethertype:ip:udp:ltp,16
eth:ethertype:ip:udp:lwapp,16
eth:ethertype:ip:udp:quake2,15
eth:ethertype:ip:udp:llc,15
eth:ethertype:ip:udp:egd,14
eth:ethertype:ip:udp:dcp-etsi:dcp-pft,14
eth:ethertype:ip:udp:lisp-data:ipv6,13
eth:ethertype:ip:udp:pathport,13
eth:ethertype:ip:udp:auto_rp,12
eth:ethertype:ip:udp:capwap:data,12
eth:ethertype:ip:udp:sip:sigcomp,11
eth:ethertype:ip:udp:ieee1722:iec61883,11
eth:ethertype:ip:udp:mndp,11
eth:ethertype:ip:udp:slimp3,11
eth:ethertype:ip:udp:msmms,10
eth:ethertype:ip:udp:acdr,10
eth:ethertype:ip:udp:scop,10
eth:ethertype:ip:udp:mpls,10
eth:ethertype:ip:udp:amt:ip,9
eth:ethertype:ip:udp:nxp_802154_sniffer:wpan:data,9
eth:ethertype:ip:udp:ecatf:ecat_mailbox,9
eth:ethertype:ip:udp:ripng,9
eth:ethertype:ip:udp:thrift,9
eth:ethertype:ip:udp:tsp,9
eth:ethertype:ip:udp:rsp,9
eth:ethertype:ip:udp:mip,9
eth:ethertype:ip:udp:find,9
eth:ethertype:ip:udp:mpls:ipv6:ipv6.hopopts,9
eth:ethertype:ip:udp:rtpproxy,8
eth:ethertype:ip:udp:data:f5ethtrailer,8
eth:ethertype:ip:udp:ncp,8
eth:ethertype:ip:udp:mpls:ipv6,8
eth:ethertype:ip:udp:vxlan:eth,7
eth:ethertype:ip:udp:eth,7
eth:ethertype:ip:udp:wisun.eapol_relay,7
eth:ethertype:ip:udp:dlep,7
eth:ethertype:ip:udp:epl,7
eth:ethertype:ip:udp:bat.gw,6
eth:ethertype:ip:udp:nbdgm,6
eth:ethertype:ip:udp:kpasswd,6
eth:ethertype:ip:udp:who,6
eth:ethertype:ip:udp:cups,6
eth:ethertype:ip:udp:sigcomp,6
eth:ethertype:ip:udp:rdpudp:tls,6
eth:ethertype:ip:udp:lbtrm,6
eth:ethertype:ip:udp:tzsp:data,6
eth:ethertype:ip:udp:ecatf:ams,6
eth:ethertype:ip:udp:tapa,5
eth:ethertype:ip:udp:xyplex,5
eth:ethertype:ip:udp:lmp,5
eth:ethertype:ip:udp:adwin,5
eth:ethertype:ip:udp:mint:eth:ethertype:data,5
eth:ethertype:ip:udp:capwap.data:data,5
eth:ethertype:ip:udp:lisp-data:ipv6:nhrp,5
eth:ethertype:ip:udp:wisun.eapol_relay:eapol,4
eth:ethertype:ip:udp:quake,4
eth:ethertype:ip:udp:cpfi,4
eth:ethertype:ip:udp:armagetronad,4
eth:ethertype:ip:udp:ipx:data,4
eth:ethertype:ip:udp:dlsw,4
eth:ethertype:ip:udp:quakeworld,4
eth:ethertype:ip:udp:dcp-etsi:dcp-af,4
eth:ethertype:ip:udp:eth:llc:data,4
eth:ethertype:ip:udp:tpcp,3
eth:ethertype:ip:udp:rx:afs,3
eth:ethertype:ip:udp:lisp-data:ipv6:vines_frp:vines_ip:data,3
eth:ethertype:ip:udp:lisp-data:ipv6:ipv6.routing,3
eth:ethertype:ip:udp:mpls:pwethheuristic:pwethnocw:eth:ethertype:data,3
eth:ethertype:ip:udp:gre:wlan,3
eth:ethertype:ip:udp:mdns:vssmonitoring,2
eth:ethertype:ip:udp:edonkey,2
eth:ethertype:ip:udp:ieee1722,2
eth:ethertype:ip:udp:capwap.data:eth:llc:data,2
eth:ethertype:ip:udp:tipc:data,2
eth:ethertype:ip:udp:megaco,2
eth:ethertype:ip:udp:jmirror:ip:data,2
eth:ethertype:ip:udp:jmirror:ipv6:ipv6.routing,2
eth:ethertype:ip:udp:jmirror:ipv6:ah,2
eth:ethertype:ip:udp:goose:cotp:goose,2
eth:ethertype:ip:udp:packetbb,2
eth:ethertype:ip:udp:lisp-data:ipv6:eigrp,2
eth:ethertype:ip:udp:lisp-data:ipv6:etherip:eth:llc,2
eth:ethertype:ip:udp:icq,2
eth:ethertype:ip:udp:oicq,2
eth:ethertype:ip:udp:ecatf,2
eth:ethertype:ip:udp:bat.vis,2
eth:ethertype:ip:udp:lisp-data:ipv6:gre:data,2
eth:ethertype:ip:udp:lisp-data:ipv6:ah,2
eth:ethertype:ip:udp:llc:stp,1
eth:ethertype:ip:udp:teredo,1
eth:ethertype:ip:udp:llc:sna:data,1
eth:ethertype:ip:udp:ayiya:swipe,1
eth:ethertype:ip:udp:acdr:data,1
eth:ethertype:ip:udp:cnip:lon,1
eth:ethertype:ip:udp:mpls:pwach:data,1
eth:ethertype:ip:udp:udpencap,1
eth:ethertype:ip:udp:llc:ip,1
eth:ethertype:ip:udp:a11,1
eth:ethertype:ip:udp:olsr,1
eth:ethertype:ip:udp:ddtp,1
eth:ethertype:ip:udp:nbdgm:smb:smb_netlogon,1
eth:ethertype:ip:udp:jmirror:ipv6:lwl4,1
eth:ethertype:ip:udp:jmirror:ipv6:ospf,1
eth:ethertype:ip:udp:jmirror:ipv6:vines_frp:vines_ip:data,1
eth:ethertype:ip:udp:jmirror:ipv6:esp,1
eth:ethertype:ip:udp:jmirror:ipv6:l2tp:data,1
eth:ethertype:ip:udp:jmirror:ipv6:etherip:eth:llc,1
eth:ethertype:ip:udp:ieee1722:crf,1
eth:ethertype:ip:udp:sctp:data,1
eth:ethertype:ip:udp:lisp-data:ipv6:gre,1
eth:ethertype:ip:udp:llc:osi:data,1
eth:ethertype:ip:udp:ltp:data,1
eth:ethertype:ip:udp:rdpudp:dtls,1
eth:ethertype:ip:udp:aodv,1
eth:ethertype:ip:udp:mpls:ipv6:lwl4,1
eth:ethertype:ip:udp:mpls:ipv6:esp,1
eth:ethertype:ip:udp:mpls:ipv6:l2tp:data,1
eth:ethertype:ip:udp:mpls:ipv6:etherip:eth:ethertype:data,1
eth:ethertype:ip:udp:mpls:ipv6:eigrp,1
eth:ethertype:ip:udp:mpls:ipv6:osi:clnp:data,1
eth:ethertype:ip:udp:actrace,1
eth:ethertype:ip:udp:ff,1
eth:ethertype:ip:udp:llc:ipx:data,1
eth:ethertype:ip:udp:lisp-data:ipv6:esp,1
eth:ethertype:ip:udp:uftp:uftp5,1
eth:ethertype:ip:udp:mpls:ipv6:vines_frp:vines_ip:data,1
eth:ethertype:ip:udp:mpls:ipv6:dsr,1
eth:ethertype:ip:udp:mpls:ipv6:vrrp,1
eth:ethertype:ip:udp:mpls:ipv6:ipcomp:data,1
eth:ethertype:ip:udp:mpls:ipv6:osi:data,1
eth:ethertype:ip:udp:ipx,1
eth:ethertype:ip:udp:tplink-smarthome:json,1
eth:ethertype:ip:udp:teredo:ipv6:dccp,1
eth:ethertype:ip:udp:h501:rdp:credssp,1
eth:ethertype:ip:udp:ntp:vssmonitoring,1
eth:ethertype:ip:udp:lisp-data:ipv6:dsr:data,1
eth:ethertype:ip:udp:lisp-data:ipv6:osi:ppp:data,1
eth:ethertype:ip:udp:lisp-data:ipv6:etherip:eth:ethertype:data,1
eth:ethertype:ip:udp:lisp-data:ipv6:ipcomp:data,1
eth:ethertype:ip:udp:lisp-data:ipv6:ospf,1
eth:ethertype:ip:udp:lisp-data:ipv6:swipe,1
eth:ethertype:ip:udp:lisp-data:ipv6:l2tp:data,1
eth:ethertype:ip:udp:lisp-data:ipv6:pim,1
eth:ethertype:ip:udp:mpls:pwethheuristic:pwethcw:eth,1
eth:ethertype:ip:udp:cigi,1
eth:ethertype:ip:udp:l2tp:ppp:data,1
eth:ethertype:ip:udp:snmp:data,1
eth:ethertype:ip:udp:bat.gw:ip,1
eth:ethertype:ip:udp:rsp:data,1
eth:ethertype:ip:udp:ptp,1
eth:ethertype:ip:udp:gsmtap:llcgprs:data,1
