eth:ethertype:ip:udp:stun,11046382
eth:ethertype:ip:udp:data,9034602
eth:ethertype:ip:udp:syslog,5304908
eth:ethertype:ip:udp:dns,4105686
eth:ethertype:ip:udp:ntp,2087483
eth:ethertype:ip:udp:snmp,1817994
eth:ethertype:ip:data,1258194
eth:ethertype:ip:udp:sip,676760
eth:ethertype:ip:udp:nbns,537500
eth:ethertype:ip:udp:coap,211862
eth:ethertype:ip:udp:cldap,158557
eth:ethertype:ip:udp:cflow,156008
eth:ethertype:ip:udp:ssdp,118103
eth:ethertype:ip:udp:sip:xml,101660
eth:ethertype:ip:udp:mdns,96973
eth:ethertype:ip:udp:dhcp,83481
eth:ethertype:ip:udp,75335
eth:ethertype:ip:udp:dtls,70171
eth:ethertype:ip:udp:openvpn,69849
eth:ethertype:ip:udp:rpc,63371
eth:ethertype:ip:udp:sip:data-text-lines,52670
eth:ethertype:ip:udp:isakmp,50852
eth:ethertype:ip:udp:memcache,44531
eth:ethertype:ip:udp:bvlc:bacnet:bacapp,44195
eth:ethertype:ip:udp:portcontrol,43750
eth:ethertype:ip:udp:capwap,42280
eth:ethertype:ip:udp:gtp,37394
eth:ethertype:ip:udp:srvloc,36051
eth:ethertype:ip:udp:rdpudp,26888
eth:ethertype:ip:udp:udpencap:esp,26461
eth:ethertype:ip:udp:quic:tls,26247
eth:ethertype:ip:udp:l2tp,25160
eth:ethertype:ip:udp:tftp,20659
eth:ethertype:ip:udp:xdmcp,20597
eth:ethertype:ip:udp:gquic,20337
eth:ethertype:ip:udp:bfd,19893
eth:ethertype:ip:udp:kerberos,18929
eth:ethertype:ip:udp:lwapp:data,17240
eth:ethertype:ip:udp:radius,17023
eth:ethertype:ip:udp:chargen,15979
eth:ethertype:ip:udp:gtp:gtpv2,14046
eth:ethertype:ip:udp:rip,13151
eth:ethertype:ip:udp:rmcp:ipmi_session:data,13096
eth:ethertype:ip:udp:enip,12498
eth:ethertype:ip:udp:echo,12197
eth:ethertype:ip:udp:omron,12167
eth:ethertype:ip:udp:quic,12117
eth:ethertype:ip:udp:time,10860
eth:ethertype:ip:udp:daytime,10306
eth:ethertype:ip:udp:ecatf:ecat,10219
eth:ethertype:ip:udp:nbdgm:smb:browser,10167
eth:ethertype:ip:udp:classicstun,9578
eth:ethertype:ip:udp:steam_ihs_discovery,7852
eth:ethertype:ip:udp:rtcp,6903
eth:ethertype:ip:udp:kip,6837
eth:ethertype:ip:udp:udpencap:isakmp,6485
eth:ethertype:ip:udp:hart_ip,5474
eth:ethertype:ip:udp:dof,5068
eth:ethertype:ip:udp:teredo:ipv6,5028
eth:ethertype:ip:udp:iax2,4641
eth:ethertype:ip:udp:a21,4161
eth:ethertype:ip:udp:coap:data,3912
eth:ethertype:ip:udp:mgcp,3678
eth:ethertype:ip:udp:llmnr,3649
eth:ethertype:ip:udp:rmcp:asf,3387
eth:ethertype:ip:udp:wisun.eapol_relay:eapol:data,2657
eth:ethertype:ip:udp:llc:data,2246
eth:ethertype:ip:udp:raknet:raknet,1914
eth:ethertype:ip:udp:quake3:data,1553
eth:ethertype:ip:udp:cipio,1324
eth:ethertype:ip:udp:dis,1262
eth:ethertype:ip:udp:gtpprime,1252
eth:ethertype:ip:udp:rtps,1155
eth:ethertype:ip:udp:radius:eap,1047
eth:ethertype:ip:udp:wtls,1040
eth:ethertype:ip:udp:adp,950
eth:ethertype:ip:udp:elasticsearch,850
eth:ethertype:ip:udp:ecatf:data,836
eth:ethertype:ip:udp:mipv6,721
eth:ethertype:ip:udp:ssdp:data,692
eth:ethertype:ip:udp:wsp,662
eth:ethertype:ip:udp:ipvs,628
eth:ethertype:ip:udp:lwapp:wlan,618
eth:ethertype:ip:udp:asterix,611
eth:ethertype:ip:udp:geneve:data,559
eth:ethertype:ip:udp:iapp,488
eth:ethertype:ip:udp:mpls-echo,475
eth:ethertype:ip:udp:pktc.mtafqdn,468
eth:ethertype:ip:udp:bfd_echo,456
eth:ethertype:ip:udp:hcrt,456
eth:ethertype:ip:udp:wlccp,452
eth:ethertype:ip:udp:sbus,449
eth:ethertype:ip:udp:amt,439
eth:ethertype:ip:udp:corosync_totemnet:data,430
eth:ethertype:ip:udp:kink,426
eth:ethertype:ip:udp:opensafety:data,409
eth:ethertype:ip:udp:infiniband:data,407
eth:ethertype:ip:udp:gprs-ns:bssgp,396
eth:ethertype:ip:udp:pfcp,394
eth:ethertype:ip:udp:mint,393
eth:ethertype:ip:udp:sctp,390
eth:ethertype:ip:udp:iax2:data,380
eth:ethertype:ip:udp:h501,373
eth:ethertype:ip:udp:quakeworld:data,368
eth:ethertype:ip:udp:icp,367
eth:ethertype:ip:udp:egd:data,364
eth:ethertype:ip:udp:eth:ethertype:data,360
eth:ethertype:ip:udp:dvb_ipdc:data,351
eth:ethertype:ip:udp:ecmp,337
eth:ethertype:ip:udp:mih,329
eth:ethertype:ip:udp:quake2:data,328
eth:ethertype:ip:udp:cnip,300
eth:ethertype:ip:udp:pn_rt:pn_ptcp,288
eth:ethertype:ip:udp:doip,286
eth:ethertype:ip:udp:rx,271
eth:ethertype:ip:udp:hiqnet,271
eth:ethertype:ip:udp:knet,268
eth:ethertype:ip:udp:c1222,267
eth:ethertype:ip:udp:vxlan:eth:llc:data,263
eth:ethertype:ip:udp:db-lsp-disc,262
eth:ethertype:ip:udp:h225,262
eth:ethertype:ip:udp:enrp,259
eth:ethertype:ip:udp:ieee1722:data,258
eth:ethertype:ip:udp:asap,240
eth:ethertype:ip:udp:ajns,240
eth:ethertype:ip:udp:bat.gw:data,237
eth:ethertype:ip:udp:bat:data,235
eth:ethertype:ip:udp:enttec,234
eth:ethertype:ip:udp:ath,232
eth:ethertype:ip:udp:vuze-dht,231
eth:ethertype:ip:udp:gre:data,224
eth:ethertype:ip:udp:sabp:sabp,221
eth:ethertype:ip:udp:uaudp,214
eth:ethertype:ip:udp:ayiya,212
eth:ethertype:ip:udp:gsmtap:data,207
eth:ethertype:ip:udp:idn,207
eth:ethertype:ip:udp:teredo:data,198
eth:ethertype:ip:udp:opensafety_udp:data,192
eth:ethertype:ip:udp:capwap.data,191
eth:ethertype:ip:udp:mpls:data,191
eth:ethertype:ip:udp:tacacs,190
eth:ethertype:ip:udp:mikey,185
eth:ethertype:ip:udp:lisp:data,182
eth:ethertype:ip:udp:nxp_802154_sniffer:wpan,179
eth:ethertype:ip:udp:dpnet,177
eth:ethertype:ip:udp:ulp,175
eth:ethertype:ip:udp:rpc:portmap,168
eth:ethertype:ip:udp:ardp,158
eth:ethertype:ip:udp:scop:data,151
eth:ethertype:ip:udp:manolito,144
eth:ethertype:ip:udp:ts2,130
eth:ethertype:ip:udp:wg,129
eth:ethertype:ip:udp:megaco:data,126
eth:ethertype:ip:udp:h248,118
eth:ethertype:ip:udp:wisun.eapol_relay:eapol,116
eth:ethertype:ip:udp:gprs-ns,115
eth:ethertype:ip:udp:msproxy,114
eth:ethertype:ip:udp:sap,114
eth:ethertype:ip:udp:pktc,112
eth:ethertype:ip:udp:tzsp,106
eth:ethertype:ip:udp:bjnp,103
eth:ethertype:ip:udp:collectd,95
eth:ethertype:ip:udp:vrt,95
eth:ethertype:ip:udp:geneve,94
eth:ethertype:ip:udp:tplink-smarthome:json:data-text-lines,93
eth:ethertype:ip:udp:pn_rt:pn_io,92
eth:ethertype:ip:udp:dcc,92
eth:ethertype:ip:udp:mndp,91
eth:ethertype:ip:udp:quake:data,90
eth:ethertype:ip:udp:tipc,89
eth:ethertype:ip:udp:kdp,89
eth:ethertype:ip:udp:raknet:raknet:raknet,87
eth:ethertype:ip:udp:stun:data,79
eth:ethertype:ip:udp:nano,76
eth:ethertype:ip:udp:tetra,75
eth:ethertype:ip:udp:bat.vis:data,72
eth:ethertype:ip:udp:ax4000,70
eth:ethertype:ip:udp:rsvp,67
eth:ethertype:ip:udp:rtpproxy,65
eth:ethertype:ip:udp:raknet,63
eth:ethertype:ip:udp:rdt,62
eth:ethertype:ip:udp:lisp-data,60
eth:ethertype:ip:udp:wtp,59
eth:ethertype:ip:udp:lwapp:wlan:data,51
eth:ethertype:ip:udp:mpls:pwethheuristic:pwethcw:eth:ethertype:data,49
eth:ethertype:ip:udp:vxlan:eth:ethertype:data,45
eth:ethertype:ip:udp:rsip,45
eth:ethertype:ip:udp:thrift,45
eth:ethertype:ip:udp:nxp_802154_sniffer:wpan:data,43
eth:ethertype:ip:udp:papi,42
eth:ethertype:ip:udp:sabp,41
eth:ethertype:ip:udp:mpls:ip:data,41
eth:ethertype:ip:udp:goose:cotp,40
eth:ethertype:ip:udp:wisun.eapol_relay,40
eth:ethertype:ip:udp:lisp,40
eth:ethertype:ip:udp:nxp_802154_sniffer,36
eth:ethertype:ip:udp:capwap:dtls,35
eth:ethertype:ip:udp:gsmtap,29
eth:ethertype:ip:udp:dmp,28
eth:ethertype:ip:udp:data:vssmonitoring,27
eth:ethertype:ip:udp:quake3,27
eth:ethertype:ip:udp:infiniband,27
eth:ethertype:ip:udp:dcp-etsi:dcp-pft,27
eth:ethertype:ip:udp:mpls:ipv6:data,26
eth:ethertype:ip:udp:cnip:data,26
eth:ethertype:ip:udp:gre,22
eth:ethertype:ip:udp:mpls:ip,22
eth:ethertype:ip:udp:vxlan:eth,21
eth:ethertype:ip:udp:ecatf:ioraw,21
eth:ethertype:ip:udp:egd,18
eth:ethertype:ip:udp:llc,17
eth:ethertype:ip:udp:l2tp:data,17
eth:ethertype:ip:udp:dhcpv6,17
eth:ethertype:ip:udp:lwres,16
eth:ethertype:ip:udp:rsp,16
eth:ethertype:ip:udp:mpls:ipv6:ipv6.hopopts,16
eth:ethertype:ip:udp:eth,14
eth:ethertype:ip:udp:ripng,14
eth:ethertype:ip:udp:capwap.data:dtls,14
eth:ethertype:ip:udp:ltp,13
eth:ethertype:ip:udp:quake2,12
eth:ethertype:ip:udp:wtp:wsp,11
eth:ethertype:ip:udp:lmp,11
eth:ethertype:ip:udp:data:f5ethtrailer,10
eth:ethertype:ip:udp:find,10
eth:ethertype:ip:udp:scop,10
eth:ethertype:ip:udp:sigcomp,10
eth:ethertype:ip:udp:pn_rt,10
eth:ethertype:ip:udp:dvb_ipdc:alc:data,10
eth:ethertype:ip:udp:ncp,10
eth:ethertype:ip:udp:tsp,9
eth:ethertype:ip:udp:auto_rp,9
eth:ethertype:ip:udp:nbdgm,9
eth:ethertype:ip:udp:mpls,9
eth:ethertype:ip:udp:ecatf:tc_nv,9
eth:ethertype:ip:udp:sap:sdp,9
eth:ethertype:ip:udp:lwapp,8
eth:ethertype:ip:udp:msmms,7
eth:ethertype:ip:udp:cups,7
eth:ethertype:ip:udp:mip,7
eth:ethertype:ip:udp:acdr,7
eth:ethertype:ip:udp:quakeworld,7
eth:ethertype:ip:udp:xyplex,7
eth:ethertype:ip:udp:rx:afs,7
eth:ethertype:ip:udp:tapa,6
eth:ethertype:ip:udp:srt,6
eth:ethertype:ip:udp:uftp:uftp5,5
eth:ethertype:ip:udp:bat.vis,5
eth:ethertype:ip:udp:kpasswd,5
eth:ethertype:ip:udp:dlep,5
eth:ethertype:ip:udp:jmirror:ipv6:data,5
eth:ethertype:ip:udp:mint:eth:ethertype:data,5
eth:ethertype:ip:udp:ieee1722:iec61883,5
eth:ethertype:ip:udp:who,5
eth:ethertype:ip:udp:sabp:sabp:sabp,5
eth:ethertype:ip:udp:mpls:ipv6,5
eth:ethertype:ip:udp:armagetronad,5
eth:ethertype:ip:udp:tzsp:data,4
eth:ethertype:ip:udp:ddtp,4
eth:ethertype:ip:udp:packetbb,4
eth:ethertype:ip:udp:dcp-etsi:dcp-af,4
eth:ethertype:ip:udp:slimp3,4
eth:ethertype:ip:udp:gre:wlan,3
eth:ethertype:ip:udp:vxlan,3
eth:ethertype:ip:udp:ieee1722,3
eth:ethertype:ip:udp:dvb_ipdc:alc:rmt-lct,3
eth:ethertype:ip:udp:mpls:pwethheuristic:pwethcw:eth,3
eth:ethertype:ip:udp:actrace,3
eth:ethertype:ip:udp:cpfi,3
eth:ethertype:ip:udp:a11,3
eth:ethertype:ip:udp:wol,3
eth:ethertype:ip:udp:bat.gw,3
eth:ethertype:ip:udp:dlsw,3
eth:ethertype:ip:udp:epl:data,3
eth:ethertype:ip:udp:dtls:x509sat:x509sat:x509sat:x509sat,3
eth:ethertype:ip:udp:ltp:data,3
eth:ethertype:ip:udp:teredo:ipv6:data,3
eth:ethertype:ip:udp:capwap.data:eth:ethertype:data,3
eth:ethertype:ip:udp:ecatf,2
eth:ethertype:ip:udp:h225:data,2
eth:ethertype:ip:udp:ipx,2
eth:ethertype:ip:udp:wimaxasncp,2
eth:ethertype:ip:udp:tipc:data,2
eth:ethertype:ip:udp:wccp,2
eth:ethertype:ip:udp:ipx:data,2
eth:ethertype:ip:udp:sip:sigcomp,2
eth:ethertype:ip:udp:amt:ip,2
eth:ethertype:ip:udp:pathport,2
eth:ethertype:ip:udp:capwap:data,2
eth:ethertype:ip:udp:lisp-data:ip,2
eth:ethertype:ip:udp:quake,2
eth:ethertype:ip:udp:mpls:ipv6:ipv6.routing,2
eth:ethertype:ip:udp:mpls:ipv6:lwl4,2
eth:ethertype:ip:udp:mpls:ipv6:l2tp:data,2
eth:ethertype:ip:udp:scop:wpan,2
eth:ethertype:ip:udp:ecatf:ams,2
eth:ethertype:ip:udp:ecatf:ecat_mailbox,2
eth:ethertype:ip:udp:lisp-data:ipv6,2
eth:ethertype:ip:udp:aodv,2
eth:ethertype:ip:udp:lisp-data:ipv6:data,2
eth:ethertype:ip:udp:eth:llc,2
eth:ethertype:ip:udp:sflow,1
eth:ethertype:ip:udp:megaco:h248,1
eth:ethertype:ip:udp:llc:sna:data,1
eth:ethertype:ip:udp:rsp:data,1
eth:ethertype:ip:udp:mpls:ipv6:vrrp,1
eth:ethertype:ip:udp:teredo,1
eth:ethertype:ip:udp:l2tp:idp,1
eth:ethertype:ip:udp:ieee1722:ieee17221,1
eth:ethertype:ip:udp:jmirror:ipv6:ah,1
eth:ethertype:ip:udp:jmirror:ipv6:swipe,1
eth:ethertype:ip:udp:tzsp:tr,1
eth:ethertype:ip:udp:megaco,1
eth:ethertype:ip:udp:bat.gw:ip,1
eth:ethertype:ip:udp:goose:cotp:data,1
eth:ethertype:ip:udp:opensafety_udp,1
eth:ethertype:ip:udp:mpls:ipv6:eigrp,1
eth:ethertype:ip:udp:mpls:ipv6:etherip:eth:ethertype:data,1
eth:ethertype:ip:udp:olsr,1
eth:ethertype:ip:udp:tplink-smarthome:json,1
eth:ethertype:ip:udp:tpcp,1
eth:ethertype:ip:udp:mpls:ipv6:swipe,1
eth:ethertype:ip:udp:tzsp:eth:ethertype:data,1
eth:ethertype:ip:udp:epl,1
eth:ethertype:ip:udp:llc:osi:data,1
eth:ethertype:ip:udp:amt:ip:ipv6:data,1
eth:ethertype:ip:udp:oicq,1
eth:ethertype:ip:udp:uftp:uftp4,1
eth:ethertype:ip:udp:teredo:ipv6:icmpv6,1
eth:ethertype:ip:udp:ieee1722:aaf,1
eth:ethertype:ip:udp:ptp,1
eth:ethertype:ip:udp:lbtrm,1
