eth:ethertype:ip:udp:stun,20722164
eth:ethertype:ip:udp:data,8773157
eth:ethertype:ip:udp:dns,3418927
eth:ethertype:ip:udp:ntp,2845145
eth:ethertype:ip:udp:syslog,2607973
eth:ethertype:ip:udp:snmp,1439860
eth:ethertype:ip:data,1280880
eth:ethertype:ip:udp:nbns,556208
eth:ethertype:ip:udp:sip,453531
eth:ethertype:ip:udp:coap,189637
eth:ethertype:ip:udp:cflow,168860
eth:ethertype:ip:udp:cldap,142715
eth:ethertype:ip:udp:ssdp,132077
eth:ethertype:ip:udp:openvpn,105435
eth:ethertype:ip:udp:sip:xml,102234
eth:ethertype:ip:udp:mdns,85685
eth:ethertype:ip:udp:isakmp,65340
eth:ethertype:ip:udp:rpc,63636
eth:ethertype:ip:udp:classicstun,61838
eth:ethertype:ip:udp:dhcp,58966
eth:ethertype:ip:udp:dtls,57428
eth:ethertype:ip:udp:sip:data-text-lines,52935
eth:ethertype:ip:udp,47646
eth:ethertype:ip:udp:capwap,45203
eth:ethertype:ip:udp:memcache,42295
eth:ethertype:ip:udp:gtp,42224
eth:ethertype:ip:udp:srvloc,38449
eth:ethertype:ip:udp:portcontrol,38431
eth:ethertype:ip:udp:bvlc:bacnet:bacapp,35693
eth:ethertype:ip:udp:l2tp,28615
eth:ethertype:ip:udp:udpencap:esp,24747
eth:ethertype:ip:udp:gquic,20489
eth:ethertype:ip:udp:xdmcp,20307
eth:ethertype:ip:udp:kerberos,19438
eth:ethertype:ip:udp:lwapp:data,17118
eth:ethertype:ip:udp:rdpudp,16863
eth:ethertype:ip:udp:hart_ip,15336
eth:ethertype:ip:udp:quic:tls,15032
eth:ethertype:ip:udp:rmcp:ipmi_session:data,14517
eth:ethertype:ip:udp:chargen,14156
eth:ethertype:ip:udp:enip,14073
eth:ethertype:ip:udp:echo,13661
eth:ethertype:ip:udp:tftp,13533
eth:ethertype:ip:udp:omron,13494
eth:ethertype:ip:udp:radius,12983
eth:ethertype:ip:udp:gtp:gtpv2,11400
eth:ethertype:ip:udp:rip,11284
eth:ethertype:ip:udp:time,10357
eth:ethertype:ip:udp:daytime,10330
eth:ethertype:ip:udp:ecatf:ecat,10218
eth:ethertype:ip:udp:bfd,10002
eth:ethertype:ip:udp:steam_ihs_discovery,9707
eth:ethertype:ip:udp:nbdgm:smb:browser,9465
eth:ethertype:ip:udp:udpencap:isakmp,8623
eth:ethertype:ip:udp:kip,6828
eth:ethertype:ip:udp:mgcp,5610
eth:ethertype:ip:udp:teredo:ipv6,4884
eth:ethertype:ip:udp:quake3:data,4438
eth:ethertype:ip:udp:rtcp,4421
eth:ethertype:ip:udp:coap:data,3759
eth:ethertype:ip:udp:dis,3744
eth:ethertype:ip:udp:rmcp:asf,3426
eth:ethertype:ip:udp:wsp,2741
eth:ethertype:ip:udp:llc:data,2325
eth:ethertype:ip:udp:wtls,2249
eth:ethertype:ip:udp:quic,1960
eth:ethertype:ip:udp:cipio,1841
eth:ethertype:ip:udp:llmnr,1711
eth:ethertype:ip:udp:kink,1669
eth:ethertype:ip:udp:nxp_802154_sniffer:wpan,1484
eth:ethertype:ip:udp:gtpprime,1471
eth:ethertype:ip:udp:h225,1448
eth:ethertype:ip:udp:manolito,1444
eth:ethertype:ip:udp:sabp:sabp,1421
eth:ethertype:ip:udp:lwapp:wlan,1346
eth:ethertype:ip:udp:rtps,1328
eth:ethertype:ip:udp:wtp,1324
eth:ethertype:ip:udp:wisun.eapol_relay:eapol:data,1319
eth:ethertype:ip:udp:asterix,1288
eth:ethertype:ip:udp:raknet:raknet,1186
eth:ethertype:ip:udp:gprs-ns:bssgp,1149
eth:ethertype:ip:udp:adp,1125
eth:ethertype:ip:udp:opensafety_udp:data,1074
eth:ethertype:ip:udp:mint,1047
eth:ethertype:ip:udp:cnip,1040
eth:ethertype:ip:udp:gsmtap:data,1026
eth:ethertype:ip:udp:ulp,1018
eth:ethertype:ip:udp:rdt,1006
eth:ethertype:ip:udp:bat.gw:data,982
eth:ethertype:ip:udp:doip,973
eth:ethertype:ip:udp:bat:data,950
eth:ethertype:ip:udp:db-lsp-disc,947
eth:ethertype:ip:udp:h501,941
eth:ethertype:ip:udp:dmp,931
eth:ethertype:ip:udp:infiniband:data,892
eth:ethertype:ip:udp:wg,860
eth:ethertype:ip:udp:dpnet,858
eth:ethertype:ip:udp:vuze-dht,854
eth:ethertype:ip:udp:pfcp,846
eth:ethertype:ip:udp:ath,834
eth:ethertype:ip:udp:elasticsearch,824
eth:ethertype:ip:udp:asap,792
eth:ethertype:ip:udp:dof,787
eth:ethertype:ip:udp:quake:data,766
eth:ethertype:ip:udp:tipc,759
eth:ethertype:ip:udp:icp,748
eth:ethertype:ip:udp:sbus,733
eth:ethertype:ip:udp:ts2,716
eth:ethertype:ip:udp:nano,707
eth:ethertype:ip:udp:mipv6,694
eth:ethertype:ip:udp:scop:data,682
eth:ethertype:ip:udp:ayiya,677
eth:ethertype:ip:udp:dvb_ipdc:data,654
eth:ethertype:ip:udp:egd:data,654
eth:ethertype:ip:udp:ssdp:data,639
eth:ethertype:ip:udp:ecatf:data,637
eth:ethertype:ip:udp:iax2:data,612
eth:ethertype:ip:udp:teredo:data,610
eth:ethertype:ip:udp:hcrt,605
eth:ethertype:ip:udp:pn_rt:pn_ptcp,592
eth:ethertype:ip:udp:opensafety:data,590
eth:ethertype:ip:udp:ipvs,587
eth:ethertype:ip:udp:msproxy,587
eth:ethertype:ip:udp:ajns,587
eth:ethertype:ip:udp:wlccp,583
eth:ethertype:ip:udp:geneve:data,582
eth:ethertype:ip:udp:amt,578
eth:ethertype:ip:udp:ecmp,570
eth:ethertype:ip:udp:enttec,569
eth:ethertype:ip:udp:radius:eap,566
eth:ethertype:ip:udp:knet,561
eth:ethertype:ip:udp:h248,517
eth:ethertype:ip:udp:eth:ethertype:data,515
eth:ethertype:ip:udp:mpls-echo,497
eth:ethertype:ip:udp:enrp,490
eth:ethertype:ip:udp:quakeworld:data,488
eth:ethertype:ip:udp:hiqnet,486
eth:ethertype:ip:udp:tetra,480
eth:ethertype:ip:udp:mikey,473
eth:ethertype:ip:udp:pktc,444
eth:ethertype:ip:udp:tzsp,435
eth:ethertype:ip:udp:rsip,435
eth:ethertype:ip:udp:vxlan:eth:llc:data,423
eth:ethertype:ip:udp:iax2,418
eth:ethertype:ip:udp:sap,413
eth:ethertype:ip:udp:sctp,411
eth:ethertype:ip:udp:c1222,410
eth:ethertype:ip:udp:vrt,407
eth:ethertype:ip:udp:corosync_totemnet:data,400
eth:ethertype:ip:udp:raknet,398
eth:ethertype:ip:udp:a21,396
eth:ethertype:ip:udp:gre:data,396
eth:ethertype:ip:udp:bfd_echo,395
eth:ethertype:ip:udp:ax4000,379
eth:ethertype:ip:udp:tplink-smarthome:json:data-text-lines,370
eth:ethertype:ip:udp:collectd,357
eth:ethertype:ip:udp:mih,351
eth:ethertype:ip:udp:pktc.mtafqdn,349
eth:ethertype:ip:udp:iapp,348
eth:ethertype:ip:udp:quake2:data,333
eth:ethertype:ip:udp:sap:sdp,318
eth:ethertype:ip:udp:bat.vis:data,310
eth:ethertype:ip:udp:rx,286
eth:ethertype:ip:udp:ardp,283
eth:ethertype:ip:udp:ieee1722:data,260
eth:ethertype:ip:udp:raknet:raknet:raknet,244
eth:ethertype:ip:udp:lisp:data,234
eth:ethertype:ip:udp:idn,218
eth:ethertype:ip:udp:rsvp,202
eth:ethertype:ip:udp:mpls:data,193
eth:ethertype:ip:udp:gprs-ns,186
eth:ethertype:ip:udp:capwap.data,164
eth:ethertype:ip:udp:bjnp,160
eth:ethertype:ip:udp:sip:sdp,139
eth:ethertype:ip:udp:uaudp,125
eth:ethertype:ip:udp:dcc,116
eth:ethertype:ip:udp:tacacs,110
eth:ethertype:ip:udp:quake3,104
eth:ethertype:ip:udp:nbdgm:smb:data,95
eth:ethertype:ip:udp:capwap.data:dtls,91
eth:ethertype:ip:udp:sabp,89
eth:ethertype:ip:udp:lisp-data,88
eth:ethertype:ip:udp:kdp,85
eth:ethertype:ip:udp:megaco:data,73
eth:ethertype:ip:udp:lwapp:wlan:data,66
eth:ethertype:ip:udp:sabp:sabp:sabp,66
eth:ethertype:ip:udp:pn_rt:pn_io,62
eth:ethertype:ip:udp:vxlan:eth:ethertype:data,61
eth:ethertype:ip:udp:goose:cotp,58
eth:ethertype:ip:udp:mpls:ip:data,47
eth:ethertype:ip:udp:infiniband,46
eth:ethertype:ip:udp:rpc:portmap,46
eth:ethertype:ip:udp:lisp,42
eth:ethertype:ip:udp:geneve,42
eth:ethertype:ip:udp:thrift,36
eth:ethertype:ip:udp:mpls:pwethheuristic:pwethcw:eth:ethertype:data,34
eth:ethertype:ip:udp:gre,33
eth:ethertype:ip:udp:vxlan:eth,30
eth:ethertype:ip:udp:nxp_802154_sniffer:wpan:data,28
eth:ethertype:ip:udp:data:vssmonitoring,26
eth:ethertype:ip:udp:egd,26
eth:ethertype:ip:udp:mpls:ipv6:data,26
eth:ethertype:ip:udp:gsmtap,24
eth:ethertype:ip:udp:capwap:dtls,23
eth:ethertype:ip:udp:teredo:ipv6:icmpv6,22
eth:ethertype:ip:udp:cnip:data,21
eth:ethertype:ip:udp:eth,21
eth:ethertype:ip:udp:nxp_802154_sniffer,21
eth:ethertype:ip:udp:wol,21
eth:ethertype:ip:udp:mndp,20
eth:ethertype:ip:udp:wtp:wsp,19
eth:ethertype:ip:udp:llc,18
eth:ethertype:ip:udp:mpls:ip,18
eth:ethertype:ip:udp:dvb_ipdc:alc:data,18
eth:ethertype:ip:udp:mpls:ipv6:ipv6.hopopts,18
eth:ethertype:ip:udp:mpls:ipv6,17
eth:ethertype:ip:udp:rx:afs,17
eth:ethertype:ip:udp:dcp-etsi:dcp-pft,16
eth:ethertype:ip:udp:dlep,15
eth:ethertype:ip:udp:quake2,12
eth:ethertype:ip:udp:dhcpv6,12
eth:ethertype:ip:udp:rtpproxy,11
eth:ethertype:ip:udp:ltp,11
eth:ethertype:ip:udp:acdr,10
eth:ethertype:ip:udp:sigcomp,10
eth:ethertype:ip:udp:rdpudp:dtls,10
eth:ethertype:ip:udp:ncp,9
eth:ethertype:ip:udp:wisun.eapol_relay,9
eth:ethertype:ip:udp:pn_rt,9
eth:ethertype:ip:udp:nbdgm,8
eth:ethertype:ip:udp:tsp,8
eth:ethertype:ip:udp:stun:data,8
eth:ethertype:ip:udp:slimp3,8
eth:ethertype:ip:udp:lwres,8
eth:ethertype:ip:udp:tpcp,7
eth:ethertype:ip:udp:packetbb,7
eth:ethertype:ip:udp:mip,7
eth:ethertype:ip:udp:lmp,7
eth:ethertype:ip:udp:wisun.eapol_relay:eapol,7
eth:ethertype:ip:udp:xyplex,6
eth:ethertype:ip:udp:auto_rp,6
eth:ethertype:ip:udp:dlsw,6
eth:ethertype:ip:udp:quakeworld,6
eth:ethertype:ip:udp:mpls,6
eth:ethertype:ip:udp:cpfi,6
eth:ethertype:ip:udp:sip:sigcomp,6
eth:ethertype:ip:udp:tzsp:data,6
eth:ethertype:ip:udp:scop,6
eth:ethertype:ip:udp:tapa,5
eth:ethertype:ip:udp:rsp,5
eth:ethertype:ip:udp:data:f5ethtrailer,5
eth:ethertype:ip:udp:kpasswd,5
eth:ethertype:ip:udp:ptp,5
eth:ethertype:ip:udp:mpls:pwethheuristic:data,5
eth:ethertype:ip:udp:lbtrm,5
eth:ethertype:ip:udp:cnip:lon,5
eth:ethertype:ip:udp:ripng,5
eth:ethertype:ip:udp:rdpudp:tls,5
eth:ethertype:ip:udp:h225:data,5
eth:ethertype:ip:udp:llc:sna:data,5
eth:ethertype:ip:udp:dcp-etsi:dcp-af,4
eth:ethertype:ip:udp:quake,4
eth:ethertype:ip:udp:capwap.data:eth:ethertype:data,4
eth:ethertype:ip:udp:ecatf:tc_nv,4
eth:ethertype:ip:udp:who,4
eth:ethertype:ip:udp:ecatf:ioraw,4
eth:ethertype:ip:udp:pathport,4
eth:ethertype:ip:udp:capwap.data:data,4
eth:ethertype:ip:udp:lisp-data:ip,4
eth:ethertype:ip:udp:ieee1722:iec61883,4
eth:ethertype:ip:udp:jmirror:ipv6,4
eth:ethertype:ip:udp:vxlan,3
eth:ethertype:ip:udp:msmms,3
eth:ethertype:ip:udp:ltp:data,3
eth:ethertype:ip:udp:amt:ip,3
eth:ethertype:ip:udp:lisp-data:ipv6,3
eth:ethertype:ip:udp:ipx,3
eth:ethertype:ip:udp:find,3
eth:ethertype:ip:udp:icq,3
eth:ethertype:ip:udp:mint:eth:ethertype:data,3
eth:ethertype:ip:udp:cups,3
eth:ethertype:ip:udp:epl,3
eth:ethertype:ip:udp:adwin,2
eth:ethertype:ip:udp:ecatf:ecat_mailbox,2
eth:ethertype:ip:udp:acdr:data,2
eth:ethertype:ip:udp:dvb_ipdc:alc:rmt-lct,2
eth:ethertype:ip:udp:bat.gw,2
eth:ethertype:ip:udp:capwap.data:eth:llc:data,2
eth:ethertype:ip:udp:lwapp,2
eth:ethertype:ip:udp:bat.vis,2
eth:ethertype:ip:udp:mpls:pwethheuristic:pwethnocw:eth:ethertype:data,2
eth:ethertype:ip:udp:l2tp:data,2
eth:ethertype:ip:udp:wccp,2
eth:ethertype:ip:udp:teredo,2
eth:ethertype:ip:udp:mpls:ipv6:ah,2
eth:ethertype:ip:udp:a11,2
eth:ethertype:ip:udp:capwap:data,2
eth:ethertype:ip:udp:tipc:data,2
eth:ethertype:ip:udp:goose:cotp:goose,2
eth:ethertype:ip:udp:armagetronad,1
eth:ethertype:ip:udp:eth:llc:data,1
eth:ethertype:ip:udp:ieee1722,1
eth:ethertype:ip:udp:llc:ip,1
eth:ethertype:ip:udp:mdns:vssmonitoring,1
eth:ethertype:ip:udp:eth:ethertype:c15.ch,1
eth:ethertype:ip:udp:jmirror:ipv6:mipv6,1
eth:ethertype:ip:udp:megaco,1
eth:ethertype:ip:udp:edonkey,1
eth:ethertype:ip:udp:tzsp:eth:ethertype:data,1
eth:ethertype:ip:udp:eth:llc,1
eth:ethertype:ip:udp:mpls:pwach:data,1
eth:ethertype:ip:udp:llc:osi:data,1
eth:ethertype:ip:udp:eth:ethertype:eth:ethertype:data,1
eth:ethertype:ip:udp:rdpudp:data,1
eth:ethertype:ip:udp:gsmtap:llcgprs,1
eth:ethertype:ip:udp:ieee1722:aaf,1
eth:ethertype:ip:udp:mpls:ipv6:swipe,1
eth:ethertype:ip:udp:amt:ip:ipv6:data,1
eth:ethertype:ip:udp:mpls:ipv6:etherip:eth:ethertype:data,1
eth:ethertype:ip:udp:mpls:ipv6:esp,1
eth:ethertype:ip:udp:mpls:ipv6:vrrp,1
eth:ethertype:ip:udp:mpls:ipv6:lwl4,1
eth:ethertype:ip:udp:mpls:ipv6:ipcomp:data,1
eth:ethertype:ip:udp:dvb_ipdc:alc:rmt-lct:data,1
eth:ethertype:ip:udp:scop:wpan,1
eth:ethertype:ip:udp:lisp-data:ip:data,1
eth:ethertype:ip:udp:quic:tls:tls,1
eth:ethertype:ip:udp:quic:tls:tls:tls:tls:tls,1
eth:ethertype:ip:udp:hip,1
eth:ethertype:ip:udp:ntp:vssmonitoring,1
eth:ethertype:ip:udp:ddtp,1
eth:ethertype:ip:udp:rmcp:ipmi_session,1
eth:ethertype:ip:udp:wimaxasncp,1
eth:ethertype:ip:udp:quic:tls:tls:tls:tls:tls:tls:tls:tls:tls:tls,1
eth:ethertype:ip:udp:quic:tls:tls:tls,1
eth:ethertype:ip:udp:ecatf,1
