eth:ethertype:ip:udp:data,10802551
eth:ethertype:ip:udp:stun,9355696
eth:ethertype:ip:udp:syslog,5089490
eth:ethertype:ip:udp:dns,4120100
eth:ethertype:ip:udp:ntp,2180069
eth:ethertype:ip:udp:snmp,2045509
eth:ethertype:ip:data,1769193
eth:ethertype:ip:udp:nbns,565972
eth:ethertype:ip:udp:sip,526555
eth:ethertype:ip:udp:coap,223178
eth:ethertype:ip:udp:cflow,147991
eth:ethertype:ip:udp:openvpn,116307
eth:ethertype:ip:udp:ssdp,114965
eth:ethertype:ip:udp:cldap,105280
eth:ethertype:ip:udp:sip:xml,101955
eth:ethertype:ip:udp:mdns,89690
eth:ethertype:ip:udp:dhcp,84652
eth:ethertype:ip:udp:rpc,72754
eth:ethertype:ip:udp,71968
eth:ethertype:ip:udp:dtls,60200
eth:ethertype:ip:udp:memcache,60107
eth:ethertype:ip:udp:classicstun,59162
eth:ethertype:ip:udp:bvlc:bacnet:bacapp,58020
eth:ethertype:ip:udp:gtp,55394
eth:ethertype:ip:udp:isakmp,54683
eth:ethertype:ip:udp:sip:data-text-lines,52855
eth:ethertype:ip:udp:portcontrol,47658
eth:ethertype:ip:udp:srvloc,47504
eth:ethertype:ip:udp:capwap,45022
eth:ethertype:ip:udp:rip,32063
eth:ethertype:ip:udp:quake3,30769
eth:ethertype:ip:udp:l2tp,25723
eth:ethertype:ip:udp:udpencap:esp,23620
eth:ethertype:ip:udp:rmcp:ipmi_session:data,23153
eth:ethertype:ip:udp:gquic,20427
eth:ethertype:ip:udp:bfd,19868
eth:ethertype:ip:udp:xdmcp,19831
eth:ethertype:ip:udp:kerberos,19472
eth:ethertype:ip:udp:quic:tls,18686
eth:ethertype:ip:udp:lwapp:data,17262
eth:ethertype:ip:udp:chargen,16207
eth:ethertype:ip:udp:rdpudp,15905
eth:ethertype:ip:udp:radius,15626
eth:ethertype:ip:udp:hart_ip,15347
eth:ethertype:ip:udp:enip,13018
eth:ethertype:ip:udp:omron,12538
eth:ethertype:ip:udp:echo,12535
eth:ethertype:ip:udp:nbdgm:smb:browser,12484
eth:ethertype:ip:udp:gtp:gtpv2,11504
eth:ethertype:ip:udp:tftp,10797
eth:ethertype:ip:udp:time,10438
eth:ethertype:ip:udp:daytime,10429
eth:ethertype:ip:udp:ecatf:ecat,10225
eth:ethertype:ip:udp:rtcp,9091
eth:ethertype:ip:udp:quic,8166
eth:ethertype:ip:udp:steam_ihs_discovery,8101
eth:ethertype:ip:udp:udpencap:isakmp,6845
eth:ethertype:ip:udp:kip,6673
eth:ethertype:ip:udp:teredo:ipv6,6579
eth:ethertype:ip:udp:coap:data,3862
eth:ethertype:ip:udp:mgcp,3692
eth:ethertype:ip:udp:rmcp:asf,3493
eth:ethertype:ip:udp:quake3:data,1917
eth:ethertype:ip:udp:asterix,1859
eth:ethertype:ip:udp:gtpprime,1779
eth:ethertype:ip:udp:raknet:raknet,1716
eth:ethertype:ip:udp:wtls,1591
eth:ethertype:ip:udp:teredo:ipv6:icmpv6,1570
eth:ethertype:ip:udp:wg,1562
eth:ethertype:ip:udp:rtps,1466
eth:ethertype:ip:udp:llc:data,1460
eth:ethertype:ip:udp:cipio,1449
eth:ethertype:ip:udp:wtp,1384
eth:ethertype:ip:udp:radius:eap,1063
eth:ethertype:ip:udp:dis,971
eth:ethertype:ip:udp:ath,896
eth:ethertype:ip:udp:wisun.eapol_relay:eapol,877
eth:ethertype:ip:udp:manolito,777
eth:ethertype:ip:udp:llmnr,771
eth:ethertype:ip:udp:asap,706
eth:ethertype:ip:udp:wsp,705
eth:ethertype:ip:udp:iapp,649
eth:ethertype:ip:udp:ipvs,644
eth:ethertype:ip:udp:kink,632
eth:ethertype:ip:udp:amt,627
eth:ethertype:ip:udp:h225,606
eth:ethertype:ip:udp:ssdp:data,594
eth:ethertype:ip:udp:hcrt,588
eth:ethertype:ip:udp:knet,576
eth:ethertype:ip:udp:db-lsp-disc,560
eth:ethertype:ip:udp:wlccp,558
eth:ethertype:ip:udp:pktc.mtafqdn,557
eth:ethertype:ip:udp:adp,548
eth:ethertype:ip:udp:dof,542
eth:ethertype:ip:udp:sabp:sabp,526
eth:ethertype:ip:udp:hiqnet,518
eth:ethertype:ip:udp:ax4000,505
eth:ethertype:ip:udp:corosync_totemnet:data,498
eth:ethertype:ip:udp:bat.gw:data,495
eth:ethertype:ip:udp:cnip,477
eth:ethertype:ip:udp:ayiya,468
eth:ethertype:ip:udp:mpls-echo,442
eth:ethertype:ip:udp:gprs-ns:bssgp,442
eth:ethertype:ip:udp:h501,434
eth:ethertype:ip:udp:iax2:data,432
eth:ethertype:ip:udp:mih,430
eth:ethertype:ip:udp:mikey,425
eth:ethertype:ip:udp:ts2,424
eth:ethertype:ip:udp:iax2,412
eth:ethertype:ip:udp:sctp,411
eth:ethertype:ip:udp:rsvp,408
eth:ethertype:ip:udp:vuze-dht,408
eth:ethertype:ip:udp:scop:data,403
eth:ethertype:ip:udp:pn_rt:pn_ptcp,400
eth:ethertype:ip:udp:bat:data,388
eth:ethertype:ip:udp:wisun.eapol_relay:eapol:data,383
eth:ethertype:ip:udp:enrp,380
eth:ethertype:ip:udp:pktc,378
eth:ethertype:ip:udp:icp,375
eth:ethertype:ip:udp:h248,372
eth:ethertype:ip:udp:opensafety:data,369
eth:ethertype:ip:udp:quake2:data,359
eth:ethertype:ip:udp:dmp,357
eth:ethertype:ip:udp:doip,348
eth:ethertype:ip:udp:infiniband:data,345
eth:ethertype:ip:udp:opensafety_udp:data,324
eth:ethertype:ip:udp:c1222,320
eth:ethertype:ip:udp:uaudp,317
eth:ethertype:ip:udp:stun:data,316
eth:ethertype:ip:udp:raknet:raknet:raknet,312
eth:ethertype:ip:udp:nxp_802154_sniffer:wpan,309
eth:ethertype:ip:udp:pfcp,308
eth:ethertype:ip:udp:mint,300
eth:ethertype:ip:udp:tipc,297
eth:ethertype:ip:udp:vxlan:eth:llc:data,294
eth:ethertype:ip:udp:msproxy,279
eth:ethertype:ip:udp:a21,275
eth:ethertype:ip:udp:sap,271
eth:ethertype:ip:udp:gre:data,268
eth:ethertype:ip:udp:lisp-data,265
eth:ethertype:ip:udp:quakeworld:data,261
eth:ethertype:ip:udp:kdp,255
eth:ethertype:ip:udp:elasticsearch,241
eth:ethertype:ip:udp:sbus,233
eth:ethertype:ip:udp:sap:sdp,230
eth:ethertype:ip:udp:nano,229
eth:ethertype:ip:udp:mpls:data,229
eth:ethertype:ip:udp:teredo:data,229
eth:ethertype:ip:udp:tzsp,227
eth:ethertype:ip:udp:mipv6,223
eth:ethertype:ip:udp:rsip,222
eth:ethertype:ip:udp:tplink-smarthome:json:data-text-lines,219
eth:ethertype:ip:udp:tacacs,215
eth:ethertype:ip:udp:bjnp,213
eth:ethertype:ip:udp:gprs-ns,211
eth:ethertype:ip:udp:pn_rt:pn_io,206
eth:ethertype:ip:udp:egd:data,203
eth:ethertype:ip:udp:ecmp,192
eth:ethertype:ip:udp:eth:ethertype:data,191
eth:ethertype:ip:udp:nxp_802154_sniffer,187
eth:ethertype:ip:udp:lisp:data,185
eth:ethertype:ip:udp:bfd_echo,183
eth:ethertype:ip:udp:capwap.data,183
eth:ethertype:ip:udp:lwapp:wlan,172
eth:ethertype:ip:udp:infiniband,146
eth:ethertype:ip:udp:idn,122
eth:ethertype:ip:udp:megaco:data,122
eth:ethertype:ip:udp:sabp,115
eth:ethertype:ip:udp:ulp,107
eth:ethertype:ip:udp:dpnet,101
eth:ethertype:ip:udp:ieee1722:data,95
eth:ethertype:ip:udp:quake:data,94
eth:ethertype:ip:udp:rx,92
eth:ethertype:ip:udp:nbdgm:smb:data,87
eth:ethertype:ip:udp:vrt,86
eth:ethertype:ip:udp:mpls:pwethheuristic:pwethcw:eth:ethertype:data,84
eth:ethertype:ip:udp:udt,82
eth:ethertype:ip:udp:ecatf:data,80
eth:ethertype:ip:udp:mpls:ip:data,75
eth:ethertype:ip:udp:dvb_ipdc:data,74
eth:ethertype:ip:udp:dcc,73
eth:ethertype:ip:udp:bat.vis:data,73
eth:ethertype:ip:udp:collectd,72
eth:ethertype:ip:udp:lwapp:wlan:data,70
eth:ethertype:ip:udp:ajns,69
eth:ethertype:ip:udp:rdt,65
eth:ethertype:ip:udp:raknet,64
eth:ethertype:ip:udp:gre,63
eth:ethertype:ip:udp:tetra,61
eth:ethertype:ip:udp:vxlan:eth:ethertype:data,60
eth:ethertype:ip:udp:gsmtap,59
eth:ethertype:ip:udp:rpc:portmap,56
eth:ethertype:ip:udp:goose:cotp,54
eth:ethertype:ip:udp:geneve,53
eth:ethertype:ip:udp:gsmtap:data,53
eth:ethertype:ip:udp:lisp-data:ip:data,53
eth:ethertype:ip:udp:thrift,52
eth:ethertype:ip:udp:mpls:ip,48
eth:ethertype:ip:udp:lisp,46
eth:ethertype:ip:udp:wtp:wsp,40
eth:ethertype:ip:udp:geneve:data,37
eth:ethertype:ip:udp:mpls:ipv6:data,37
eth:ethertype:ip:udp:lisp-data:ipv6:data,34
eth:ethertype:ip:udp:lisp-data:ip,29
eth:ethertype:ip:udp:data:vssmonitoring,28
eth:ethertype:ip:udp:egd,28
eth:ethertype:ip:udp:wisun.eapol_relay,28
eth:ethertype:ip:udp:mpls:ipv6:ipv6.hopopts,27
eth:ethertype:ip:udp:vxlan:eth,26
eth:ethertype:ip:udp:dvb_ipdc:alc:data,25
eth:ethertype:ip:udp:sabp:sabp:sabp,25
eth:ethertype:ip:udp:aodv,24
eth:ethertype:ip:udp:eth,23
eth:ethertype:ip:udp:ardp,21
eth:ethertype:ip:udp:sip:sdp,20
eth:ethertype:ip:udp:cnip:data,19
eth:ethertype:ip:udp:enttec,17
eth:ethertype:ip:udp:ripng,17
eth:ethertype:ip:udp:l2tp:data,17
eth:ethertype:ip:udp:capwap.data:dtls,15
eth:ethertype:ip:udp:who,15
eth:ethertype:ip:udp:capwap.data:eth:ethertype:data,15
eth:ethertype:ip:udp:pn_rt,14
eth:ethertype:ip:udp:ltp,14
eth:ethertype:ip:udp:dcp-etsi:dcp-pft,14
eth:ethertype:ip:udp:pathport,14
eth:ethertype:ip:udp:rtpproxy,14
eth:ethertype:ip:udp:slimp3,13
eth:ethertype:ip:udp:lisp-data:ipv6,13
eth:ethertype:ip:udp:dcp-etsi:dcp-af,13
eth:ethertype:ip:udp:capwap:dtls,13
eth:ethertype:ip:udp:lwapp,12
eth:ethertype:ip:udp:mpls,12
eth:ethertype:ip:udp:quake2,12
eth:ethertype:ip:udp:dlep,11
eth:ethertype:ip:udp:ecatf:ioraw,11
eth:ethertype:ip:udp:lwres,10
eth:ethertype:ip:udp:rsp,10
eth:ethertype:ip:udp:dhcpv6,10
eth:ethertype:ip:udp:data:f5ethtrailer,10
eth:ethertype:ip:udp:cups,10
eth:ethertype:ip:udp:acdr,9
eth:ethertype:ip:udp:tzsp:data,9
eth:ethertype:ip:udp:msmms,9
eth:ethertype:ip:udp:xyplex,9
eth:ethertype:ip:udp:ipx,9
eth:ethertype:ip:udp:kpasswd,8
eth:ethertype:ip:udp:rdpudp:tls,8
eth:ethertype:ip:udp:ieee1722:iec61883,7
eth:ethertype:ip:udp:ecatf:tc_nv,7
eth:ethertype:ip:udp:sigcomp,7
eth:ethertype:ip:udp:nxp_802154_sniffer:wpan:data,7
eth:ethertype:ip:udp:dlsw,7
eth:ethertype:ip:udp:sip:sigcomp,6
eth:ethertype:ip:udp:mpls:ipv6,6
eth:ethertype:ip:udp:find,6
eth:ethertype:ip:udp:lbtrm,6
eth:ethertype:ip:udp:uftp:uftp4,6
eth:ethertype:ip:udp:uftp:uftp5,6
eth:ethertype:ip:udp:nbdgm,6
eth:ethertype:ip:udp:tapa,5
eth:ethertype:ip:udp:tsp,5
eth:ethertype:ip:udp:mip,5
eth:ethertype:ip:udp:llc,5
eth:ethertype:ip:udp:ncp,5
eth:ethertype:ip:udp:scop,5
eth:ethertype:ip:udp:bat.gw,5
eth:ethertype:ip:udp:lmp,5
eth:ethertype:ip:udp:auto_rp,4
eth:ethertype:ip:udp:mndp,4
eth:ethertype:ip:udp:mpls:pwach:data,4
eth:ethertype:ip:udp:armagetronad,4
eth:ethertype:ip:udp:quake,4
eth:ethertype:ip:udp:mint:eth:ethertype:data,4
eth:ethertype:ip:udp:bat.vis,4
eth:ethertype:ip:udp:amt:ip,4
eth:ethertype:ip:udp:rx:afs,4
eth:ethertype:ip:udp:wimaxasncp,3
eth:ethertype:ip:udp:epl,3
eth:ethertype:ip:udp:packetbb,3
eth:ethertype:ip:udp:quakeworld,3
eth:ethertype:ip:udp:ipx:data,3
eth:ethertype:ip:udp:mpls:pwethheuristic:pwethnocw:eth:ethertype:data,3
eth:ethertype:ip:udp:actrace,3
eth:ethertype:ip:udp:lisp-data:ipv6:ipcomp:data,3
eth:ethertype:ip:udp:lisp-data:ipv6:swipe,3
eth:ethertype:ip:udp:ecatf,3
eth:ethertype:ip:udp:ltp:data,3
eth:ethertype:ip:udp:capwap.data:data,3
eth:ethertype:ip:udp:wccp,2
eth:ethertype:ip:udp:mpls:ipv6:vrrp,2
eth:ethertype:ip:udp:goose:cotp:goose,2
eth:ethertype:ip:udp:ieee1722,2
eth:ethertype:ip:udp:ayiya:dsr:ipv6.hopopts:ipv6.hopopts,2
eth:ethertype:ip:udp:lisp-data:ipv6:ospf,2
eth:ethertype:ip:udp:lisp-data:ipv6:pim,2
eth:ethertype:ip:udp:lisp-data:ipv6:vrrp,2
eth:ethertype:ip:udp:llc:stp,2
eth:ethertype:ip:udp:mpls:ipv6:osi:data,2
eth:ethertype:ip:udp:mpls:ipv6:ipcomp:data,2
eth:ethertype:ip:udp:teredo,2
eth:ethertype:ip:udp:eth:llc:data,2
eth:ethertype:ip:udp:ddtp,2
eth:ethertype:ip:udp:llc:osi:data,2
eth:ethertype:ip:udp:papi,2
eth:ethertype:ip:udp:lisp-data:ipv6:esp,2
eth:ethertype:ip:udp:olsr,2
eth:ethertype:ip:udp:mpls:pwethheuristic:pwethcw:eth:llc:data,2
eth:ethertype:ip:udp:capwap.data:eth:llc:data,1
eth:ethertype:ip:udp:opensafety_udp,1
eth:ethertype:ip:udp:nsh,1
eth:ethertype:ip:udp:acdr:ip:data,1
eth:ethertype:ip:udp:rsp:asf:data,1
eth:ethertype:ip:udp:ssyncp,1
eth:ethertype:ip:udp:hip,1
eth:ethertype:ip:udp:rmcp:ipmi_session,1
eth:ethertype:ip:udp:mpls:ipv6:lwl4,1
eth:ethertype:ip:udp:mpls:ipv6:gre:data,1
eth:ethertype:ip:udp:mpls:ipv6:swipe,1
eth:ethertype:ip:udp:mpls:ipv6:ah,1
eth:ethertype:ip:udp:mpls:ipv6:l2tp:data,1
eth:ethertype:ip:udp:goose:cotp:data,1
eth:ethertype:ip:udp:vxlan,1
eth:ethertype:ip:udp:wol,1
eth:ethertype:ip:udp:jmirror:ipv6,1
eth:ethertype:ip:udp:lisp-data:ipv6:etherip:eth:llc,1
eth:ethertype:ip:udp:lisp-data:ipv6:osi:data,1
eth:ethertype:ip:udp:lisp-data:ipv6:lwl4,1
eth:ethertype:ip:udp:lisp-data:ipv6:l2tp:data,1
eth:ethertype:ip:udp:lisp-data:ipv6:gre:data,1
eth:ethertype:ip:udp:lisp-data:ipv6:vines_frp:vines_ip:data,1
eth:ethertype:ip:udp:ldp,1
eth:ethertype:ip:udp:mpls:ipv6:pgm,1
eth:ethertype:ip:udp:mpls:ipv6:ospf,1
eth:ethertype:ip:udp:mpls:ipv6:dsr:ax4000,1
eth:ethertype:ip:udp:rsp:data,1
eth:ethertype:ip:udp:sflow,1
eth:ethertype:ip:udp:edonkey,1
eth:ethertype:ip:udp:ptp,1
eth:ethertype:ip:udp:teredo:ipv6:data,1
eth:ethertype:ip:udp:lisp-data:ipv6:ipv6.routing,1
eth:ethertype:ip:udp:ip,1
eth:ethertype:ip:udp:llc:bacnet:bacapp,1
eth:ethertype:ip:udp:ieee1722:ieee17221,1
eth:ethertype:ip:udp:bat.gw:ip,1
eth:ethertype:ip:udp:eth:llc,1
eth:ethertype:ip:udp:mpls:ipv6:pim,1
eth:ethertype:ip:udp:mpls:ipv6:esp,1
eth:ethertype:ip:udp:mpls:ipv6:eigrp,1
eth:ethertype:ip:udp:mpls:ipv6:gre,1
eth:ethertype:ip:udp:db-lsp-disc:json:data-text-lines,1
eth:ethertype:ip:udp:adwin,1
eth:ethertype:ip:udp:nbdgm:smb:smb_netlogon,1
eth:ethertype:ip:udp:cnip:lon,1
eth:ethertype:ip:udp:tzsp:tr,1
eth:ethertype:ip:udp:ecatf:ams,1
eth:ethertype:ip:udp:megaco,1
eth:ethertype:ip:udp:l2tp:ppp:data,1
eth:ethertype:ip:udp:dvb_ipdc:alc:rmt-lct,1
eth:ethertype:ip:udp:ecatf:ecat_mailbox,1
