eth:ethertype:ip:udp:stun,8996025
eth:ethertype:ip:udp:data,8542803
eth:ethertype:ip:udp:syslog,5255856
eth:ethertype:ip:udp:dns,4068006
eth:ethertype:ip:udp:ntp,2129474
eth:ethertype:ip:udp:snmp,1870776
eth:ethertype:ip:udp:sip,1066803
eth:ethertype:ip:data,775291
eth:ethertype:ip:udp:nbns,742985
eth:ethertype:ip:udp:mndp,265485
eth:ethertype:ip:udp:coap,249666
eth:ethertype:ip:udp:cldap,179217
eth:ethertype:ip:udp:cflow,158507
eth:ethertype:ip:udp:ssdp,120724
eth:ethertype:ip:udp:sip:xml,102139
eth:ethertype:ip:udp:rpc,86036
eth:ethertype:ip:udp:dhcp,84818
eth:ethertype:ip:udp:mdns,84521
eth:ethertype:ip:udp,73766
eth:ethertype:ip:udp:dtls,68339
eth:ethertype:ip:udp:openvpn,64807
eth:ethertype:ip:udp:memcache,63393
eth:ethertype:ip:udp:isakmp,60567
eth:ethertype:ip:udp:sip:data-text-lines,52878
eth:ethertype:ip:udp:portcontrol,49989
eth:ethertype:ip:udp:srvloc,46953
eth:ethertype:ip:udp:capwap,43388
eth:ethertype:ip:udp:quake3,41205
eth:ethertype:ip:udp:gtp,37093
eth:ethertype:ip:udp:l2tp,35726
eth:ethertype:ip:udp:bvlc:bacnet:bacapp,35481
eth:ethertype:ip:udp:chargen,27079
eth:ethertype:ip:udp:rmcp:ipmi_session:data,26305
eth:ethertype:ip:udp:udpencap:esp,23743
eth:ethertype:ip:udp:quic:tls,22701
eth:ethertype:ip:udp:rip,21346
eth:ethertype:ip:udp:kerberos,20031
eth:ethertype:ip:udp:xdmcp,19827
eth:ethertype:ip:udp:gquic,18710
eth:ethertype:ip:udp:lwapp:data,17408
eth:ethertype:ip:udp:dof,16593
eth:ethertype:ip:udp:rdpudp,16530
eth:ethertype:ip:udp:radius,15620
eth:ethertype:ip:udp:hart_ip,15506
eth:ethertype:ip:udp:classicstun,15442
eth:ethertype:ip:udp:quic,14573
eth:ethertype:ip:udp:enip,13569
eth:ethertype:ip:udp:gtp:gtpv2,12366
eth:ethertype:ip:udp:omron,12221
eth:ethertype:ip:udp:echo,12100
eth:ethertype:ip:udp:rpc:data,10501
eth:ethertype:ip:udp:tftp,10493
eth:ethertype:ip:udp:daytime,10461
eth:ethertype:ip:udp:time,10385
eth:ethertype:ip:udp:nbdgm:smb:browser,10268
eth:ethertype:ip:udp:ecatf:ecat,10207
eth:ethertype:ip:udp:caneth:data:data,10022
eth:ethertype:ip:udp:bfd,9419
eth:ethertype:ip:udp:rtcp,8546
eth:ethertype:ip:udp:steam_ihs_discovery,8166
eth:ethertype:ip:udp:udpencap:isakmp,7232
eth:ethertype:ip:udp:kip,6380
eth:ethertype:ip:udp:coap:data,4132
eth:ethertype:ip:udp:iax2,3834
eth:ethertype:ip:udp:mgcp,3823
eth:ethertype:ip:udp:rx,3625
eth:ethertype:ip:udp:rmcp:asf,3508
eth:ethertype:ip:udp:teredo:ipv6,2766
eth:ethertype:ip:udp:wisun.eapol_relay:eapol:data,2282
eth:ethertype:ip:udp:llc:data,2274
eth:ethertype:ip:udp:wtp,1501
eth:ethertype:ip:udp:ts2,1407
eth:ethertype:ip:udp:cipio,1276
eth:ethertype:ip:udp:dis,1273
eth:ethertype:ip:udp:raknet:raknet,1175
eth:ethertype:ip:udp:quake3:data,1158
eth:ethertype:ip:udp:rtps,1147
eth:ethertype:ip:udp:wsp,1108
eth:ethertype:ip:udp:gtpprime,1096
eth:ethertype:ip:udp:nxp_802154_sniffer:wpan,1038
eth:ethertype:ip:udp:radius:eap,996
eth:ethertype:ip:udp:wtls,881
eth:ethertype:ip:udp:mint,787
eth:ethertype:ip:udp:tzsp,753
eth:ethertype:ip:udp:corosync_totemnet:data,714
eth:ethertype:ip:udp:llmnr,709
eth:ethertype:ip:udp:asterix,679
eth:ethertype:ip:udp:ssdp:data,628
eth:ethertype:ip:udp:bat:data,602
eth:ethertype:ip:udp:enttec,573
eth:ethertype:ip:udp:nano,542
eth:ethertype:ip:udp:scop:data,517
eth:ethertype:ip:udp:lwapp:wlan,494
eth:ethertype:ip:udp:msproxy,493
eth:ethertype:ip:udp:hcrt,478
eth:ethertype:ip:udp:enrp,478
eth:ethertype:ip:udp:kdp,462
eth:ethertype:ip:udp:mih,447
eth:ethertype:ip:udp:uaudp,446
eth:ethertype:ip:udp:pn_rt:pn_ptcp,406
eth:ethertype:ip:udp:vuze-dht,406
eth:ethertype:ip:udp:pktc.mtafqdn,405
eth:ethertype:ip:udp:knet,386
eth:ethertype:ip:udp:elasticsearch,379
eth:ethertype:ip:udp:ajns,377
eth:ethertype:ip:udp:raknet,376
eth:ethertype:ip:udp:cnip,372
eth:ethertype:ip:udp:db-lsp-disc,370
eth:ethertype:ip:udp:teredo:data,358
eth:ethertype:ip:udp:bfd_echo,349
eth:ethertype:ip:udp:sbus,349
eth:ethertype:ip:udp:vrt,339
eth:ethertype:ip:udp:mpls:data,327
eth:ethertype:ip:udp:sabp:sabp,321
eth:ethertype:ip:udp:ax4000,316
eth:ethertype:ip:udp:collectd,313
eth:ethertype:ip:udp:ath,312
eth:ethertype:ip:udp:ecmp,309
eth:ethertype:ip:udp:a21,296
eth:ethertype:ip:udp:mikey,290
eth:ethertype:ip:udp:c1222,289
eth:ethertype:ip:udp:dmp,284
eth:ethertype:ip:udp:iax2:data,274
eth:ethertype:ip:udp:h225,273
eth:ethertype:ip:udp:dpnet,273
eth:ethertype:ip:udp:iapp,259
eth:ethertype:ip:udp:sctp,254
eth:ethertype:ip:udp:ieee1722:data,251
eth:ethertype:ip:udp:manolito,249
eth:ethertype:ip:udp:bat.gw:data,237
eth:ethertype:ip:udp:egd:data,232
eth:ethertype:ip:udp:bjnp,226
eth:ethertype:ip:udp:ulp,222
eth:ethertype:ip:udp:ipvs,222
eth:ethertype:ip:udp:opensafety_udp:data,215
eth:ethertype:ip:udp:quakeworld:data,204
eth:ethertype:ip:udp:coap:cbor,202
eth:ethertype:ip:udp:tacacs,200
eth:ethertype:ip:udp:rsip,196
eth:ethertype:ip:udp:ardp,193
eth:ethertype:ip:udp:vxlan:eth:llc:data,188
eth:ethertype:ip:udp:hiqnet,184
eth:ethertype:ip:udp:opensafety:data,182
eth:ethertype:ip:udp:icp,179
eth:ethertype:ip:udp:tplink-smarthome:json:data-text-lines,176
eth:ethertype:ip:udp:adp,175
eth:ethertype:ip:udp:quake2,161
eth:ethertype:ip:udp:capwap.data,156
eth:ethertype:ip:udp:sap,154
eth:ethertype:ip:udp:kink,150
eth:ethertype:ip:udp:teredo:ipv6:icmpv6,144
eth:ethertype:ip:udp:gprs-ns,141
eth:ethertype:ip:udp:ayiya,125
eth:ethertype:ip:udp:pfcp,116
eth:ethertype:ip:udp:pktc,116
eth:ethertype:ip:udp:tetra,115
eth:ethertype:ip:udp:idn,112
eth:ethertype:ip:udp:geneve,109
eth:ethertype:ip:udp:ecatf:data,108
eth:ethertype:ip:udp:wg,107
eth:ethertype:ip:udp:mipv6,97
eth:ethertype:ip:udp:rpc:portmap,96
eth:ethertype:ip:udp:rdt,89
eth:ethertype:ip:udp:h248,88
eth:ethertype:ip:udp:pn_rt:pn_io,84
eth:ethertype:ip:udp:wlccp,84
eth:ethertype:ip:udp:rsvp,84
eth:ethertype:ip:udp:gsmtap,83
eth:ethertype:ip:udp:capwap.data:eth:ethertype:data,83
eth:ethertype:ip:udp:gsmtap:data,81
eth:ethertype:ip:udp:stun:data,81
eth:ethertype:ip:udp:mpls:pwethheuristic:pwethcw:eth:ethertype:data,80
eth:ethertype:ip:udp:mpls:ip:data,80
eth:ethertype:ip:udp:amt,77
eth:ethertype:ip:udp:h501,77
eth:ethertype:ip:udp:asap,75
eth:ethertype:ip:udp:lwapp:wlan:data,74
eth:ethertype:ip:udp:tipc,73
eth:ethertype:ip:udp:sap:sdp,69
eth:ethertype:ip:udp:doip,68
eth:ethertype:ip:udp:lisp:data,68
eth:ethertype:ip:udp:bat.vis:data,67
eth:ethertype:ip:udp:lisp-data,65
eth:ethertype:ip:udp:geneve:data,65
eth:ethertype:ip:udp:slimp3,65
eth:ethertype:ip:udp:gre:data,64
eth:ethertype:ip:udp:lisp,61
eth:ethertype:ip:udp:mpls:ipv6:data,61
eth:ethertype:ip:udp:mpls:ip,56
eth:ethertype:ip:udp:megaco:data,55
eth:ethertype:ip:udp:sabp,55
eth:ethertype:ip:udp:gre,54
eth:ethertype:ip:udp:quake:data,52
eth:ethertype:ip:udp:dvb_ipdc:data,48
eth:ethertype:ip:udp:llc,45
eth:ethertype:ip:udp:raknet:raknet:raknet,43
eth:ethertype:ip:udp:vxlan:eth:ethertype:data,38
eth:ethertype:ip:udp:goose:cotp,38
eth:ethertype:ip:udp:infiniband,37
eth:ethertype:ip:udp:quake2:data,34
eth:ethertype:ip:udp:wtp:wsp,34
eth:ethertype:ip:udp:egd,34
eth:ethertype:ip:udp:cnip:data,33
eth:ethertype:ip:udp:nxp_802154_sniffer,33
eth:ethertype:ip:udp:mpls:ipv6:ipv6.hopopts,32
eth:ethertype:ip:udp:capwap:dtls,32
eth:ethertype:ip:udp:dcc,31
eth:ethertype:ip:udp:capwap.data:dtls,31
eth:ethertype:ip:udp:ltp,28
eth:ethertype:ip:udp:data:vssmonitoring,27
eth:ethertype:ip:udp:thrift,26
eth:ethertype:ip:udp:jmirror:ipv6:data,24
eth:ethertype:ip:udp:eth:ethertype:data,23
eth:ethertype:ip:udp:pn_rt,21
eth:ethertype:ip:udp:dhcpv6,19
eth:ethertype:ip:udp:infiniband:data,19
eth:ethertype:ip:udp:vxlan:eth,16
eth:ethertype:ip:udp:pathport,16
eth:ethertype:ip:udp:wisun.eapol_relay,15
eth:ethertype:ip:udp:eth,14
eth:ethertype:ip:udp:mpls,14
eth:ethertype:ip:udp:sigcomp,14
eth:ethertype:ip:udp:who,13
eth:ethertype:ip:udp:dcp-etsi:dcp-af,13
eth:ethertype:ip:udp:dvb_ipdc:alc:data,13
eth:ethertype:ip:udp:wisun.eapol_relay:eapol,12
eth:ethertype:ip:udp:kpasswd,12
eth:ethertype:ip:udp:xyplex,12
eth:ethertype:ip:udp:cpfi,12
eth:ethertype:ip:udp:auto_rp,11
eth:ethertype:ip:udp:ecatf:ioraw,11
eth:ethertype:ip:udp:mip,11
eth:ethertype:ip:udp:nbdgm,11
eth:ethertype:ip:udp:sabp:sabp:sabp,11
eth:ethertype:ip:udp:uftp:uftp5,11
eth:ethertype:ip:udp:ripng,10
eth:ethertype:ip:udp:tsp,10
eth:ethertype:ip:udp:tzsp:data,10
eth:ethertype:ip:udp:find,10
eth:ethertype:ip:udp:data:f5ethtrailer,9
eth:ethertype:ip:udp:mpls:ipv6,9
eth:ethertype:ip:udp:msmms,9
eth:ethertype:ip:udp:capwap:data,9
eth:ethertype:ip:udp:ptp,8
eth:ethertype:ip:udp:lwapp,8
eth:ethertype:ip:udp:rtpproxy,8
eth:ethertype:ip:udp:l2tp:data,8
eth:ethertype:ip:udp:scop,7
eth:ethertype:ip:udp:lwres,7
eth:ethertype:ip:udp:ecatf:tc_nv,7
eth:ethertype:ip:udp:mpls:pwethheuristic:pwethcw:eth,7
eth:ethertype:ip:udp:rsp,7
eth:ethertype:ip:udp:mpls:pwethheuristic:pwethnocw:eth:ethertype:data,6
eth:ethertype:ip:udp:dcp-etsi:dcp-pft,6
eth:ethertype:ip:udp:dlep,6
eth:ethertype:ip:udp:quake,6
eth:ethertype:ip:udp:uftp:uftp4,6
eth:ethertype:ip:udp:gprs-ns:bssgp,6
eth:ethertype:ip:udp:lbtrm,5
eth:ethertype:ip:udp:llc:osi:data,5
eth:ethertype:ip:udp:ieee1722:iec61883,5
eth:ethertype:ip:udp:packetbb,5
eth:ethertype:ip:udp:ncp,5
eth:ethertype:ip:udp:mpls:pwach,5
eth:ethertype:ip:udp:rdpudp:data,5
eth:ethertype:ip:udp:teredo,4
eth:ethertype:ip:udp:udpencap,4
eth:ethertype:ip:udp:ipx:data,4
eth:ethertype:ip:udp:mdns:vssmonitoring,4
eth:ethertype:ip:udp:cups,4
eth:ethertype:ip:udp:vxlan,4
eth:ethertype:ip:udp:edonkey,4
eth:ethertype:ip:udp:quakeworld,4
eth:ethertype:ip:udp:wccp,4
eth:ethertype:ip:udp:mpls:pwach:data,3
eth:ethertype:ip:udp:rdpudp:tls,3
eth:ethertype:ip:udp:scop:wpan,3
eth:ethertype:ip:udp:tapa,3
eth:ethertype:ip:udp:lisp-data:ipv6,3
eth:ethertype:ip:udp:ecatf,3
eth:ethertype:ip:udp:mpls:ipv6:lwl4,3
eth:ethertype:ip:udp:dvb_ipdc:alc:rmt-lct,3
eth:ethertype:ip:udp:sip:sigcomp,3
eth:ethertype:ip:udp:krb4,3
eth:ethertype:ip:udp:olsr,2
eth:ethertype:ip:udp:rx:afs,2
eth:ethertype:ip:udp:rdpudp:dtls,2
eth:ethertype:ip:udp:lmp,2
eth:ethertype:ip:udp:actrace,2
eth:ethertype:ip:udp:mpls-echo,2
eth:ethertype:ip:udp:icq,2
eth:ethertype:ip:udp:lisp-data:ipv6:data,2
eth:ethertype:ip:udp:acdr,2
eth:ethertype:ip:udp:jmirror:ipv6:ipv6.routing,2
eth:ethertype:ip:udp:jmirror:ip:data,2
eth:ethertype:ip:udp:mpls:ipv6:pim,2
eth:ethertype:ip:udp:tpcp,2
eth:ethertype:ip:udp:nxp_802154_sniffer:wpan:data,2
eth:ethertype:ip:udp:epl,2
eth:ethertype:ip:udp:mpls:ipv6:dsr,2
eth:ethertype:ip:udp:mpls:ipv6:esp,2
eth:ethertype:ip:udp:mpls:ipv6:l2tp:data,2
eth:ethertype:ip:udp:ltp:data,2
eth:ethertype:ip:udp:tipc:data,2
eth:ethertype:ip:udp:gsmtap:sndcp:data,1
eth:ethertype:ip:udp:llc:sna:data,1
eth:ethertype:ip:udp:gsmtap:gsm_sim,1
eth:ethertype:ip:udp:ntp:vssmonitoring,1
eth:ethertype:ip:udp:gsmtap:gsm_a.dtap,1
eth:ethertype:ip:udp:mpls:ipv6:osi:data,1
eth:ethertype:ip:udp:mint:eth:ethertype:data,1
eth:ethertype:ip:udp:amt:ip,1
eth:ethertype:ip:udp:wimaxasncp,1
eth:ethertype:ip:udp:h225:data,1
eth:ethertype:ip:udp:papi,1
eth:ethertype:ip:udp:dtls:x509sat:x509sat:x509sat:x509sat,1
eth:ethertype:ip:udp:jmirror:ipv6:lwl4,1
eth:ethertype:ip:udp:jmirror:ipv6:etherip:eth:ethertype:data,1
eth:ethertype:ip:udp:jmirror:ipv6:gre,1
eth:ethertype:ip:udp:jmirror:ipv6:nhrp,1
eth:ethertype:ip:udp:jmirror:ipv6:osi:data,1
eth:ethertype:ip:udp:jmirror:ipv6:ipcomp:data,1
eth:ethertype:ip:udp:jmirror:ipv6:l2tp:data,1
eth:ethertype:ip:udp:jmirror:ipv6:swipe:data,1
eth:ethertype:ip:udp:mpls:ipv6:ipcomp:data,1
eth:ethertype:ip:udp:ecatf:ecat_mailbox,1
eth:ethertype:ip:udp:mpls:ipv6:ah,1
eth:ethertype:ip:udp:mpls:ipv6:gre:data,1
eth:ethertype:ip:udp:mactelnet:data,1
eth:ethertype:ip:udp:mpls:ipv6:ospf,1
eth:ethertype:ip:udp:mpls:ipv6:eigrp,1
eth:ethertype:ip:udp:mpls:ipv6:vines_frp:vines_ip:data,1
eth:ethertype:ip:udp:mpls:ipv6:etherip:eth:llc:data,1
eth:ethertype:ip:udp:mpls:ipv6:ip,1
eth:ethertype:ip:udp:ieee1722,1
eth:ethertype:ip:udp:mpls:ipv6:vrrp,1
eth:ethertype:ip:udp:mpls:pwethheuristic:pwethcw:eth:llc:data,1
eth:ethertype:ip:udp:bat.gw,1
eth:ethertype:ip:udp:cnip:lon,1
eth:ethertype:ip:udp:eth:llc:data,1
eth:ethertype:ip:udp:snmp:data,1
eth:ethertype:ip:udp:l2tp:ppp:data,1
eth:ethertype:ip:udp:goose:cotp:goose,1
eth:ethertype:ip:udp:nbdgm:smb:smb_netlogon,1
eth:ethertype:ip:udp:mbudp:modbus,1
eth:ethertype:ip:udp:lisp-data:ip,1
eth:ethertype:ip:udp:armagetronad,1
eth:ethertype:ip:udp:capwap.data:eth,1
eth:ethertype:ip:udp:ecatf:ams,1
eth:ethertype:ip:udp:vssmonitoring,1
