eth:ethertype:ip:udp:stun,14280108
eth:ethertype:ip:udp:data,10775860
eth:ethertype:ip:udp:dns,4321169
eth:ethertype:ip:udp:syslog,4282161
eth:ethertype:ip:udp:ntp,2030548
eth:ethertype:ip:udp:snmp,1707524
eth:ethertype:ip:data,1588701
eth:ethertype:ip:udp:nbns,693955
eth:ethertype:ip:udp:sip,445229
eth:ethertype:ip:udp:coap,193052
eth:ethertype:ip:udp:ssdp,174726
eth:ethertype:ip:udp:cflow,139827
eth:ethertype:ip:udp:cldap,119049
eth:ethertype:ip:udp:openvpn,114467
eth:ethertype:ip:udp:sip:xml,97106
eth:ethertype:ip:udp:rpc,87880
eth:ethertype:ip:udp:isakmp,84043
eth:ethertype:ip:udp:mdns,83354
eth:ethertype:ip:udp:memcache,63449
eth:ethertype:ip:udp:dtls,61510
eth:ethertype:ip:udp:classicstun,54921
eth:ethertype:ip:udp:dhcp,53361
eth:ethertype:ip:udp:portcontrol,52691
eth:ethertype:ip:udp:bvlc:bacnet:bacapp,51099
eth:ethertype:ip:udp:sip:data-text-lines,50170
eth:ethertype:ip:udp:srvloc,46688
eth:ethertype:ip:udp:capwap,42895
eth:ethertype:ip:udp,42751
eth:ethertype:ip:udp:gtp,40740
eth:ethertype:ip:udp:xdmcp,27069
eth:ethertype:ip:udp:l2tp,26461
eth:ethertype:ip:udp:rdpudp,25938
eth:ethertype:ip:udp:radius,25678
eth:ethertype:ip:udp:udpencap:esp,25471
eth:ethertype:ip:udp:rmcp:ipmi_session:data,25171
eth:ethertype:ip:udp:tftp,23492
eth:ethertype:ip:udp:quic:tls,23445
eth:ethertype:ip:udp:chargen,20977
eth:ethertype:ip:udp:quake3,20597
eth:ethertype:ip:udp:gquic,20007
eth:ethertype:ip:udp:kerberos,18624
eth:ethertype:ip:udp:rip,17455
eth:ethertype:ip:udp:udpencap:isakmp,16652
eth:ethertype:ip:udp:lwapp:data,16501
eth:ethertype:ip:udp:gtp:gtpv2,13816
eth:ethertype:ip:udp:echo,13764
eth:ethertype:ip:udp:omron,13283
eth:ethertype:ip:udp:enip,12528
eth:ethertype:ip:udp:nbdgm:smb:browser,10565
eth:ethertype:ip:udp:daytime,10347
eth:ethertype:ip:udp:time,10337
eth:ethertype:ip:udp:ecatf:ecat,10231
eth:ethertype:ip:udp:bfd,9396
eth:ethertype:ip:udp:steam_ihs_discovery,9144
eth:ethertype:ip:udp:rtcp,7426
eth:ethertype:ip:udp:kip,6864
eth:ethertype:ip:udp:mgcp,5467
eth:ethertype:ip:udp:hart_ip,5279
eth:ethertype:ip:udp:teredo:ipv6,5032
eth:ethertype:ip:udp:coap:data,3640
eth:ethertype:ip:udp:llmnr,3398
eth:ethertype:ip:udp:rmcp:asf,3249
eth:ethertype:ip:udp:wsp,1993
eth:ethertype:ip:udp:wisun.eapol_relay:eapol:data,1856
eth:ethertype:ip:udp:quake3:data,1714
eth:ethertype:ip:udp:tplink-smarthome:json:data-text-lines,1683
eth:ethertype:ip:udp:rtps,1537
eth:ethertype:ip:udp:teredo:ipv6:icmpv6,1484
eth:ethertype:ip:udp:cipio,1440
eth:ethertype:ip:udp:dis,1355
eth:ethertype:ip:udp:raknet:raknet,1268
eth:ethertype:ip:udp:nxp_802154_sniffer:wpan,1152
eth:ethertype:ip:udp:gtpprime,1119
eth:ethertype:ip:udp:wlccp,1071
eth:ethertype:ip:udp:corosync_totemnet:data,1052
eth:ethertype:ip:udp:radius:eap,1030
eth:ethertype:ip:udp:iax2,1027
eth:ethertype:ip:udp:quic,982
eth:ethertype:ip:udp:wtls,932
eth:ethertype:ip:udp:manolito,901
eth:ethertype:ip:udp:llc:data,892
eth:ethertype:ip:udp:ajns,886
eth:ethertype:ip:udp:kink,880
eth:ethertype:ip:udp:adp,872
eth:ethertype:ip:udp:asterix,833
eth:ethertype:ip:udp:tzsp,818
eth:ethertype:ip:udp:vuze-dht,775
eth:ethertype:ip:udp:gre:data,774
eth:ethertype:ip:udp:elasticsearch,711
eth:ethertype:ip:udp:raknet,701
eth:ethertype:ip:udp:scop:data,692
eth:ethertype:ip:udp:geneve:data,669
eth:ethertype:ip:udp:iapp,667
eth:ethertype:ip:udp:opensafety:data,649
eth:ethertype:ip:udp:tipc,645
eth:ethertype:ip:udp:ssdp:data,642
eth:ethertype:ip:udp:cnip,620
eth:ethertype:ip:udp:mipv6,565
eth:ethertype:ip:udp:teredo:data,558
eth:ethertype:ip:udp:ayiya,549
eth:ethertype:ip:udp:quakeworld:data,546
eth:ethertype:ip:udp:knet,541
eth:ethertype:ip:udp:sap:sdp,534
eth:ethertype:ip:udp:capwap.data:eth:ethertype:data,525
eth:ethertype:ip:udp:vrt,516
eth:ethertype:ip:udp:ipvs,515
eth:ethertype:ip:udp:mint,503
eth:ethertype:ip:udp:h225,502
eth:ethertype:ip:udp:idn,490
eth:ethertype:ip:udp:mikey,470
eth:ethertype:ip:udp:dof,469
eth:ethertype:ip:udp:dmp,450
eth:ethertype:ip:udp:pktc.mtafqdn,438
eth:ethertype:ip:udp:egd:data,437
eth:ethertype:ip:udp:bfd_echo,433
eth:ethertype:ip:udp:pktc,426
eth:ethertype:ip:udp:raknet:raknet:raknet,424
eth:ethertype:ip:udp:quake:data,416
eth:ethertype:ip:udp:rx,413
eth:ethertype:ip:udp:enttec,410
eth:ethertype:ip:udp:rsvp,405
eth:ethertype:ip:udp:msproxy,398
eth:ethertype:ip:udp:icp,394
eth:ethertype:ip:udp:collectd,389
eth:ethertype:ip:udp:sctp,388
eth:ethertype:ip:udp:ecatf:data,387
eth:ethertype:ip:udp:a21,385
eth:ethertype:ip:udp:capwap.data,385
eth:ethertype:ip:udp:quake2:data,381
eth:ethertype:ip:udp:opensafety_udp:data,376
eth:ethertype:ip:udp:tetra,361
eth:ethertype:ip:udp:wtp,353
eth:ethertype:ip:udp:infiniband:data,352
eth:ethertype:ip:udp:db-lsp-disc,351
eth:ethertype:ip:udp:pn_rt:pn_ptcp,345
eth:ethertype:ip:udp:eth:ethertype:data,342
eth:ethertype:ip:udp:gprs-ns:bssgp,340
eth:ethertype:ip:udp:h501,336
eth:ethertype:ip:udp:pfcp,328
eth:ethertype:ip:udp:hiqnet,327
eth:ethertype:ip:udp:uaudp,322
eth:ethertype:ip:udp:amt,317
eth:ethertype:ip:udp:ieee1722:data,315
eth:ethertype:ip:udp:ardp,312
eth:ethertype:ip:udp:tacacs,307
eth:ethertype:ip:udp:bat:data,303
eth:ethertype:ip:udp:ecmp,297
eth:ethertype:ip:udp:enrp,291
eth:ethertype:ip:udp:bat.gw:data,280
eth:ethertype:ip:udp:h248,278
eth:ethertype:ip:udp:ax4000,271
eth:ethertype:ip:udp:mih,266
eth:ethertype:ip:udp:kdp,265
eth:ethertype:ip:udp:bjnp,262
eth:ethertype:ip:udp:sap,253
eth:ethertype:ip:udp:iax2:data,252
eth:ethertype:ip:udp:ts2,248
eth:ethertype:ip:udp:gsmtap:data,244
eth:ethertype:ip:udp:sbus,231
eth:ethertype:ip:udp:c1222,224
eth:ethertype:ip:udp:gsmtap,217
eth:ethertype:ip:udp:gprs-ns,216
eth:ethertype:ip:udp:lwapp:wlan,211
eth:ethertype:ip:udp:nano,210
eth:ethertype:ip:udp:rsip,209
eth:ethertype:ip:udp:udpencap,201
eth:ethertype:ip:udp:dvb_ipdc:data,200
eth:ethertype:ip:udp:wg,188
eth:ethertype:ip:udp:dpnet,183
eth:ethertype:ip:udp:doip,175
eth:ethertype:ip:udp:lisp-data,175
eth:ethertype:ip:udp:quake2,165
eth:ethertype:ip:udp:sabp:sabp,155
eth:ethertype:ip:udp:mpls:data,117
eth:ethertype:ip:udp:mpls-echo,117
eth:ethertype:ip:udp:ath,110
eth:ethertype:ip:udp:infiniband,105
eth:ethertype:ip:udp:hcrt,104
eth:ethertype:ip:udp:nbdgm:smb:data,92
eth:ethertype:ip:udp:lisp,92
eth:ethertype:ip:udp:megaco:data,85
eth:ethertype:ip:udp:stun:data,82
eth:ethertype:ip:udp:sabp,81
eth:ethertype:ip:udp:rdt,81
eth:ethertype:ip:udp:bat.vis:data,80
eth:ethertype:ip:udp:asap,80
eth:ethertype:ip:udp:acdr,75
eth:ethertype:ip:udp:lwapp:wlan:data,73
eth:ethertype:ip:udp:ulp,71
eth:ethertype:ip:udp:geneve,71
eth:ethertype:ip:udp:gre,69
eth:ethertype:ip:udp:pn_rt:pn_io,68
eth:ethertype:ip:udp:capwap:dtls,63
eth:ethertype:ip:udp:lisp:data,58
eth:ethertype:ip:udp:slimp3,55
eth:ethertype:ip:udp:dcc,55
eth:ethertype:ip:udp:vxlan:eth:llc:data,52
eth:ethertype:ip:udp:ddtp,44
eth:ethertype:ip:udp:thrift,40
eth:ethertype:ip:udp:goose:cotp,36
eth:ethertype:ip:udp:cnip:data,36
eth:ethertype:ip:udp:lisp-data:ipv6:data,35
eth:ethertype:ip:udp:vxlan:eth:ethertype:data,34
eth:ethertype:ip:udp:ieee1722:iec61883,34
eth:ethertype:ip:udp:ltp,32
eth:ethertype:ip:udp:vxlan:eth,30
eth:ethertype:ip:udp:capwap.data:dtls,30
eth:ethertype:ip:udp:nxp_802154_sniffer,27
eth:ethertype:ip:udp:wtp:wsp,25
eth:ethertype:ip:udp:rdpudp:dtls,23
eth:ethertype:ip:udp:l2tp:data,22
eth:ethertype:ip:udp:egd,21
eth:ethertype:ip:udp:lmp,21
eth:ethertype:ip:udp:lisp-data:ip:data,21
eth:ethertype:ip:udp:mpls:ipv6:data,20
eth:ethertype:ip:udp:wol,20
eth:ethertype:ip:udp:mpls:ip,19
eth:ethertype:ip:udp:udt,18
eth:ethertype:ip:udp:dvb_ipdc:alc:data,18
eth:ethertype:ip:udp:wisun.eapol_relay,16
eth:ethertype:ip:udp:dhcpv6,15
eth:ethertype:ip:udp:rx:afs,13
eth:ethertype:ip:udp:mpls:pwethheuristic:pwethcw:eth:ethertype:data,13
eth:ethertype:ip:udp:mpls:ip:data,13
eth:ethertype:ip:udp:find,12
eth:ethertype:ip:udp:ecatf:ioraw,12
eth:ethertype:ip:udp:packetbb,12
eth:ethertype:ip:udp:lwapp,11
eth:ethertype:ip:udp:scop,11
eth:ethertype:ip:udp:llc,11
eth:ethertype:ip:udp:ecatf:tc_nv,11
eth:ethertype:ip:udp:lisp-data:ip,11
eth:ethertype:ip:udp:scop:wpan,11
eth:ethertype:ip:udp:tzsp:data,10
eth:ethertype:ip:udp:wisun.eapol_relay:eapol,10
eth:ethertype:ip:udp:nbdgm,10
eth:ethertype:ip:udp:dcp-etsi:dcp-pft,10
eth:ethertype:ip:udp:sigcomp,10
eth:ethertype:ip:udp:sip:sdp,10
eth:ethertype:ip:udp:ecatf:ecat_mailbox,9
eth:ethertype:ip:udp:bat.gw,9
eth:ethertype:ip:udp:lwres,9
eth:ethertype:ip:udp:db-lsp-disc:json,9
eth:ethertype:ip:udp:auto_rp,8
eth:ethertype:ip:udp:dlep,8
eth:ethertype:ip:udp:dcp-etsi:dcp-af,7
eth:ethertype:ip:udp:rtpproxy,7
eth:ethertype:ip:udp:pn_rt,7
eth:ethertype:ip:udp:rsp,6
eth:ethertype:ip:udp:ripng,6
eth:ethertype:ip:udp:ecatf,6
eth:ethertype:ip:udp:dlsw,6
eth:ethertype:ip:udp:quakeworld,6
eth:ethertype:ip:udp:jmirror:ipv6:data,6
eth:ethertype:ip:udp:who,5
eth:ethertype:ip:udp:mpls:pwethheuristic:pwethnocw:eth:ethertype:data,5
eth:ethertype:ip:udp:mndp,5
eth:ethertype:ip:udp:kpasswd,5
eth:ethertype:ip:udp:eth:llc:data,5
eth:ethertype:ip:udp:data:vssmonitoring,5
eth:ethertype:ip:udp:ncp,5
eth:ethertype:ip:udp:xyplex,5
eth:ethertype:ip:udp:rdpudp:tls,5
eth:ethertype:ip:udp:cups,5
eth:ethertype:ip:udp:lbtrm,5
eth:ethertype:ip:udp:sabp:sabp:sabp,5
eth:ethertype:ip:udp:nxp_802154_sniffer:wpan:data,4
eth:ethertype:ip:udp:cpfi,4
eth:ethertype:ip:udp:tsp,4
eth:ethertype:ip:udp:ecatf:ams,4
eth:ethertype:ip:udp:eth,4
eth:ethertype:ip:udp:ltp:data,4
eth:ethertype:ip:udp:dvb_ipdc:alc:rmt-lct,4
eth:ethertype:ip:udp:teredo:ipv6:data,4
eth:ethertype:ip:udp:wimaxasncp,4
eth:ethertype:ip:udp:sip:sigcomp,4
eth:ethertype:ip:udp:mip,4
eth:ethertype:ip:udp:tapa,4
eth:ethertype:ip:udp:ipx,4
eth:ethertype:ip:udp:epl,3
eth:ethertype:ip:udp:olsr,3
eth:ethertype:ip:udp:wccp,3
eth:ethertype:ip:udp:capwap.data:data,3
eth:ethertype:ip:udp:mpls,3
eth:ethertype:ip:udp:armagetronad,3
eth:ethertype:ip:udp:mpls:pwethheuristic:pwethcw:eth,3
eth:ethertype:ip:udp:mpls:ipv6:ipv6.hopopts,3
eth:ethertype:ip:udp:pathport,3
eth:ethertype:ip:udp:tipc:data,2
eth:ethertype:ip:udp:jmirror:ipv6,2
eth:ethertype:ip:udp:a11,2
eth:ethertype:ip:udp:vxlan,2
eth:ethertype:ip:udp:mint:eth:ethertype:data,2
eth:ethertype:ip:udp:ipx:data,2
eth:ethertype:ip:udp:h225:data,2
eth:ethertype:ip:udp:quake,2
eth:ethertype:ip:udp:nbdgm:smb:smb_netlogon,2
eth:ethertype:ip:udp:icq,2
eth:ethertype:ip:udp:lisp-data:ipv6:ospf,2
eth:ethertype:ip:udp:lisp-data:ipv6:etherip:eth:llc,2
eth:ethertype:ip:udp:gsmtap:sndcp,2
eth:ethertype:ip:udp:msmms,2
eth:ethertype:ip:udp:nsh:data,2
eth:ethertype:ip:udp:amt:ip,2
eth:ethertype:ip:udp:edonkey,2
eth:ethertype:ip:udp:llc:sna:data,1
eth:ethertype:ip:udp:dtls:x509sat:x509sat:x509sat:x509sat,1
eth:ethertype:ip:udp:llc:osi:data,1
eth:ethertype:ip:udp:ayiya:dsr:ipv6.hopopts:ipv6.hopopts,1
eth:ethertype:ip:udp:mpls:ipv6:pim,1
eth:ethertype:ip:udp:teredo:ipv6:sctp,1
eth:ethertype:ip:udp:hip,1
eth:ethertype:ip:udp:oicq,1
eth:ethertype:ip:udp:lisp-data:ipv6:mipv6,1
eth:ethertype:ip:udp:capwap.data:eth:llc:data,1
eth:ethertype:ip:udp:capwap.data:eth:ethertype:c15.ch,1
eth:ethertype:ip:udp:bat.vis,1
eth:ethertype:ip:udp:megaco:h248,1
eth:ethertype:ip:udp:ieee1722:maap,1
eth:ethertype:ip:udp:ip,1
eth:ethertype:ip:udp:ptp,1
eth:ethertype:ip:udp:ieee1722,1
eth:ethertype:ip:udp:adwin,1
eth:ethertype:ip:udp:jmirror:ip:data,1
eth:ethertype:ip:udp:lisp-data:ipv6:nhrp,1
eth:ethertype:ip:udp:lisp-data:ipv6:pim,1
eth:ethertype:ip:udp:eth:ethertype:mdshdr:fc,1
eth:ethertype:ip:udp:eth:ethertype:stp,1
eth:ethertype:ip:udp:llc:stp,1
eth:ethertype:ip:udp:tpcp,1
eth:ethertype:ip:udp:mpls:ipv6:ospf,1
eth:ethertype:ip:udp:mpls:ipv6:l2tp:data,1
eth:ethertype:ip:udp:mpls:ipv6:ipcomp:data,1
eth:ethertype:ip:udp:tzsp:eth:ethertype:data,1
eth:ethertype:ip:udp:megaco,1
eth:ethertype:ip:udp:aodv,1
eth:ethertype:ip:udp:lisp-data:ipv6:ah,1
eth:ethertype:ip:udp:mpls:ipv6,1
eth:ethertype:ip:udp:sflow,1
eth:ethertype:ip:udp:actrace,1
