eth:ethertype:ip:udp:data,7117074
eth:ethertype:ip:udp:stun,6527642
eth:ethertype:ip:udp:dns,3832250
eth:ethertype:ip:udp:syslog,2236122
eth:ethertype:ip:udp:ntp,2125697
eth:ethertype:ip:udp:snmp,2097491
eth:ethertype:ip:udp:nbns,756006
eth:ethertype:ip:data,647929
eth:ethertype:ip:udp:sip,293832
eth:ethertype:ip:udp:coap,235643
eth:ethertype:ip:udp:cflow,143725
eth:ethertype:ip:udp:mdns,125073
eth:ethertype:ip:udp:ssdp,112301
eth:ethertype:ip:udp,110307
eth:ethertype:ip:udp:sip:xml,101705
eth:ethertype:ip:udp:cldap,98059
eth:ethertype:ip:udp:memcache,79073
eth:ethertype:ip:udp:rpc,76330
eth:ethertype:ip:udp:openvpn,74674
eth:ethertype:ip:udp:dtls,64815
eth:ethertype:ip:udp:sip:data-text-lines,52695
eth:ethertype:ip:udp:isakmp,45827
eth:ethertype:ip:udp:gtp,45511
eth:ethertype:ip:udp:capwap,43955
eth:ethertype:ip:udp:portcontrol,43815
eth:ethertype:ip:udp:dhcp,41886
eth:ethertype:ip:udp:bvlc:bacnet:bacapp,40041
eth:ethertype:ip:udp:l2tp,38984
eth:ethertype:ip:udp:bjnp,36541
eth:ethertype:ip:udp:srvloc,35572
eth:ethertype:ip:udp:udpencap:esp,33262
eth:ethertype:ip:udp:tftp,31795
eth:ethertype:ip:udp:rmcp:ipmi_session:data,25222
eth:ethertype:ip:udp:xdmcp,23814
eth:ethertype:ip:udp:radius,23141
eth:ethertype:ip:udp:kerberos,22950
eth:ethertype:ip:udp:chargen,22950
eth:ethertype:ip:udp:rdpudp,21799
eth:ethertype:ip:udp:bfd,21559
eth:ethertype:ip:udp:hart_ip,21212
eth:ethertype:ip:udp:gquic,20416
eth:ethertype:ip:udp:lwapp:data,17216
eth:ethertype:ip:udp:quic:tls,16897
eth:ethertype:ip:udp:rip,16786
eth:ethertype:ip:udp:classicstun,15087
eth:ethertype:ip:udp:echo,14947
eth:ethertype:ip:udp:enip,14067
eth:ethertype:ip:udp:omron,13082
eth:ethertype:ip:udp:nbdgm:smb:browser,11854
eth:ethertype:ip:udp:steam_ihs_discovery,11777
eth:ethertype:ip:udp:gtp:gtpv2,11491
eth:ethertype:ip:udp:time,10790
eth:ethertype:ip:udp:rpc:data,10524
eth:ethertype:ip:udp:daytime,10505
eth:ethertype:ip:udp:quake3,10344
eth:ethertype:ip:udp:udpencap:isakmp,10254
eth:ethertype:ip:udp:ecatf:ecat,10230
eth:ethertype:ip:udp:kip,6844
eth:ethertype:ip:udp:quic,6594
eth:ethertype:ip:udp:rtcp,6421
eth:ethertype:ip:udp:mgcp,5932
eth:ethertype:ip:udp:coap:data,3847
eth:ethertype:ip:udp:rmcp:asf,3420
eth:ethertype:ip:udp:mint,2858
eth:ethertype:ip:udp:iax2,2423
eth:ethertype:ip:udp:cipio,2257
eth:ethertype:ip:udp:tetra,2243
eth:ethertype:ip:udp:raknet:raknet,2196
eth:ethertype:ip:udp:teredo:ipv6,2117
eth:ethertype:ip:udp:mndp,2026
eth:ethertype:ip:udp:gtpprime,1964
eth:ethertype:ip:udp:rtps,1774
eth:ethertype:ip:udp:dis,1301
eth:ethertype:ip:udp:asterix,1189
eth:ethertype:ip:udp:wtp,1118
eth:ethertype:ip:udp:quake3:data,901
eth:ethertype:ip:udp:ssdp:data,739
eth:ethertype:ip:udp:dof,722
eth:ethertype:ip:udp:corosync_totemnet:data,719
eth:ethertype:ip:udp:llc:data,699
eth:ethertype:ip:udp:wsp,682
eth:ethertype:ip:udp:tzsp,678
eth:ethertype:ip:udp:wtls,656
eth:ethertype:ip:udp:ath,632
eth:ethertype:ip:udp:llmnr,608
eth:ethertype:ip:udp:pn_rt:pn_ptcp,597
eth:ethertype:ip:udp:raknet:raknet:raknet,574
eth:ethertype:ip:udp:nano,545
eth:ethertype:ip:udp:amt,486
eth:ethertype:ip:udp:radius:eap,482
eth:ethertype:ip:udp:mikey,472
eth:ethertype:ip:udp:scop:data,471
eth:ethertype:ip:udp:manolito,435
eth:ethertype:ip:udp:knet,427
eth:ethertype:ip:udp:ax4000,412
eth:ethertype:ip:udp:uaudp,395
eth:ethertype:ip:udp:gprs-ns:bssgp,383
eth:ethertype:ip:udp:eth:ethertype:data,378
eth:ethertype:ip:udp:h501,376
eth:ethertype:ip:udp:lwapp:wlan,370
eth:ethertype:ip:udp:teredo:data,369
eth:ethertype:ip:udp:sctp,367
eth:ethertype:ip:udp:ecatf:data,366
eth:ethertype:ip:udp:iapp,359
eth:ethertype:ip:udp:ulp,358
eth:ethertype:ip:udp:a21,351
eth:ethertype:ip:udp:opensafety_udp:data,350
eth:ethertype:ip:udp:rdt,332
eth:ethertype:ip:udp:elasticsearch,331
eth:ethertype:ip:udp:ieee1722:data,329
eth:ethertype:ip:udp:sabp:sabp,310
eth:ethertype:ip:udp:raknet,309
eth:ethertype:ip:udp:infiniband:data,305
eth:ethertype:ip:udp:cnip,304
eth:ethertype:ip:udp:hcrt,298
eth:ethertype:ip:udp:tplink-smarthome:json:data-text-lines,284
eth:ethertype:ip:udp:ts2,268
eth:ethertype:ip:udp:pktc,248
eth:ethertype:ip:udp:bat.vis:data,248
eth:ethertype:ip:udp:wlccp,239
eth:ethertype:ip:udp:enrp,235
eth:ethertype:ip:udp:ajns,233
eth:ethertype:ip:udp:vuze-dht,232
eth:ethertype:ip:udp:tacacs,231
eth:ethertype:ip:udp:db-lsp-disc,222
eth:ethertype:ip:udp:lisp-data,221
eth:ethertype:ip:udp:gsmtap:data,214
eth:ethertype:ip:udp:quakeworld:data,213
eth:ethertype:ip:udp:mipv6,213
eth:ethertype:ip:udp:collectd,211
eth:ethertype:ip:udp:vrt,210
eth:ethertype:ip:udp:bat.gw:data,207
eth:ethertype:ip:udp:kink,206
eth:ethertype:ip:udp:bfd_echo,206
eth:ethertype:ip:udp:tipc,200
eth:ethertype:ip:udp:adp,197
eth:ethertype:ip:udp:quake:data,196
eth:ethertype:ip:udp:pktc.mtafqdn,195
eth:ethertype:ip:udp:egd:data,194
eth:ethertype:ip:udp:rsvp,192
eth:ethertype:ip:udp:geneve:data,170
eth:ethertype:ip:udp:infiniband,165
eth:ethertype:ip:udp:pn_rt:pn_io,156
eth:ethertype:ip:udp:dvb_ipdc:data,153
eth:ethertype:ip:udp:h225,153
eth:ethertype:ip:udp:llc,151
eth:ethertype:ip:udp:c1222,150
eth:ethertype:ip:udp:sap,133
eth:ethertype:ip:udp:bat:data,127
eth:ethertype:ip:udp:gprs-ns,120
eth:ethertype:ip:udp:ecmp,117
eth:ethertype:ip:udp:iax2:data,113
eth:ethertype:ip:udp:doip,110
eth:ethertype:ip:udp:quake2:data,105
eth:ethertype:ip:udp:h248,97
eth:ethertype:ip:udp:msproxy,95
eth:ethertype:ip:udp:nbdgm:smb:data,95
eth:ethertype:ip:udp:sap:sdp,94
eth:ethertype:ip:udp:capwap.data,93
eth:ethertype:ip:udp:wg,92
eth:ethertype:ip:udp:hiqnet,88
eth:ethertype:ip:udp:pfcp,87
eth:ethertype:ip:udp:mih,83
eth:ethertype:ip:udp:ipvs,79
eth:ethertype:ip:udp:megaco:data,76
eth:ethertype:ip:udp:idn,75
eth:ethertype:ip:udp:dmp,72
eth:ethertype:ip:udp:icp,71
eth:ethertype:ip:udp:gre:data,71
eth:ethertype:ip:udp:ayiya,70
eth:ethertype:ip:udp:rsip,70
eth:ethertype:ip:udp:wtp:wsp,70
eth:ethertype:ip:udp:opensafety:data,65
eth:ethertype:ip:udp:kdp,63
eth:ethertype:ip:udp:dpnet,62
eth:ethertype:ip:udp:wisun.eapol_relay:eapol:data,58
eth:ethertype:ip:udp:asap,54
eth:ethertype:ip:udp:udt,54
eth:ethertype:ip:udp:sabp,53
eth:ethertype:ip:udp:vxlan:eth:ethertype:data,49
eth:ethertype:ip:udp:nxp_802154_sniffer,49
eth:ethertype:ip:udp:goose:cotp,49
eth:ethertype:ip:udp:lisp-data:ipv6:data,48
eth:ethertype:ip:udp:lisp-data:ip:data,47
eth:ethertype:ip:udp:dcc,46
eth:ethertype:ip:udp:capwap:dtls,45
eth:ethertype:ip:udp:geneve,42
eth:ethertype:ip:udp:lwapp:wlan:data,42
eth:ethertype:ip:udp:lisp,40
eth:ethertype:ip:udp:gre,37
eth:ethertype:ip:udp:rx,37
eth:ethertype:ip:udp:lisp:data,29
eth:ethertype:ip:udp:nxp_802154_sniffer:wpan,27
eth:ethertype:ip:udp:capwap.data:dtls,26
eth:ethertype:ip:udp:ardp,25
eth:ethertype:ip:udp:gsmtap,25
eth:ethertype:ip:udp:mpls:data,23
eth:ethertype:ip:udp:dcp-etsi:dcp-af,23
eth:ethertype:ip:udp:lisp-data:ip,23
eth:ethertype:ip:udp:jmirror:ipv6:data,23
eth:ethertype:ip:udp:quake2,22
eth:ethertype:ip:udp:thrift,22
eth:ethertype:ip:udp:egd,19
eth:ethertype:ip:udp:dhcpv6,18
eth:ethertype:ip:udp:dcp-etsi:dcp-pft,18
eth:ethertype:ip:udp:cnip:data,17
eth:ethertype:ip:udp:who,17
eth:ethertype:ip:udp:nbdgm,16
eth:ethertype:ip:udp:xyplex,15
eth:ethertype:ip:udp:wisun.eapol_relay:eapol,14
eth:ethertype:ip:udp:eth,14
eth:ethertype:ip:udp:ltp,13
eth:ethertype:ip:udp:tzsp:data,13
eth:ethertype:ip:udp:ecatf:ioraw,13
eth:ethertype:ip:udp:lmp,13
eth:ethertype:ip:udp:vxlan:eth,13
eth:ethertype:ip:udp:rpc:portmap,13
eth:ethertype:ip:udp:mip,12
eth:ethertype:ip:udp:wisun.eapol_relay,12
eth:ethertype:ip:udp:kpasswd,12
eth:ethertype:ip:udp:pn_rt,12
eth:ethertype:ip:udp:mpls,12
eth:ethertype:ip:udp:mpls:pwach:data,12
eth:ethertype:ip:udp:l2tp:data,12
eth:ethertype:ip:udp:auto_rp,11
eth:ethertype:ip:udp:eth:llc:data,11
eth:ethertype:ip:udp:sip:data-text-lines:xml,11
eth:ethertype:ip:udp:ripng,10
eth:ethertype:ip:udp:msmms,10
eth:ethertype:ip:udp:mpls:ipv6:data,10
eth:ethertype:ip:udp:sigcomp,10
eth:ethertype:ip:udp:quic:tls:tls:tls:tls:tls:tls:tls,10
eth:ethertype:ip:udp:stun:data,10
eth:ethertype:ip:udp:rdpudp:dtls,10
eth:ethertype:ip:udp:pathport,9
eth:ethertype:ip:udp:sabp:sabp:sabp,9
eth:ethertype:ip:udp:udpencap,8
eth:ethertype:ip:udp:cups,8
eth:ethertype:ip:udp:find,8
eth:ethertype:ip:udp:quakeworld,8
eth:ethertype:ip:udp:rx:afs,8
eth:ethertype:ip:udp:lwres,8
eth:ethertype:ip:udp:enttec,7
eth:ethertype:ip:udp:rtpproxy,7
eth:ethertype:ip:udp:amt:ip,7
eth:ethertype:ip:udp:dlep,7
eth:ethertype:ip:udp:ncp,7
eth:ethertype:ip:udp:quic:tls:tls:tls:tls:tls:tls,7
eth:ethertype:ip:udp:dlsw,7
eth:ethertype:ip:udp:packetbb,7
eth:ethertype:ip:udp:cpfi,6
eth:ethertype:ip:udp:data:vssmonitoring,6
eth:ethertype:ip:udp:lisp-data:ipv6,6
eth:ethertype:ip:udp:quic:tls:tls:tls:tls,6
eth:ethertype:ip:udp:quic:tls:tls,6
eth:ethertype:ip:udp:capwap.data:eth:ethertype:data,6
eth:ethertype:ip:udp:quake,6
eth:ethertype:ip:udp:nxp_802154_sniffer:wpan:data,6
eth:ethertype:ip:udp:ecatf:tc_nv,6
eth:ethertype:ip:udp:rsp,6
eth:ethertype:ip:udp:ieee1722:iec61883,5
eth:ethertype:ip:udp:lbtrm,5
eth:ethertype:ip:udp:ipx,5
eth:ethertype:ip:udp:slimp3,5
eth:ethertype:ip:udp:acdr,5
eth:ethertype:ip:udp:ieee1722:ieee17221,5
eth:ethertype:ip:udp:capwap.data:data,5
eth:ethertype:ip:udp:tsp,5
eth:ethertype:ip:udp:mpls:ipv6,5
eth:ethertype:ip:udp:quic:tls:tls:tls:tls:tls,4
eth:ethertype:ip:udp:quic:tls:tls:tls:tls:tls:tls:tls:tls:tls:tls:tls,4
eth:ethertype:ip:udp:quic:tls:tls:tls:tls:tls:tls:tls:tls:tls,4
eth:ethertype:ip:udp:scop,4
eth:ethertype:ip:udp:mint:eth:ethertype:data,4
eth:ethertype:ip:udp:sip:sigcomp,4
eth:ethertype:ip:udp:bat.gw,4
eth:ethertype:ip:udp:capwap:data,4
eth:ethertype:ip:udp:dvb_ipdc:alc:data,4
eth:ethertype:ip:udp:acdr:data,3
eth:ethertype:ip:udp:actrace,3
eth:ethertype:ip:udp:lwapp,3
eth:ethertype:ip:udp:epl,3
eth:ethertype:ip:udp:rsp:data,3
eth:ethertype:ip:udp:tpcp,3
eth:ethertype:ip:udp:vxlan:eth:llc:data,3
eth:ethertype:ip:udp:vxlan,3
eth:ethertype:ip:udp:goose:cotp:goose,3
eth:ethertype:ip:udp:jmirror:ip:data,3
eth:ethertype:ip:udp:megaco,3
eth:ethertype:ip:udp:wol,3
eth:ethertype:ip:udp:mbudp:modbus,3
eth:ethertype:ip:udp:eth:llc,2
eth:ethertype:ip:udp:teredo:ipv6:data,2
eth:ethertype:ip:udp:opensafety_udp,2
eth:ethertype:ip:udp:quic:tls:tls:tls:tls:tls:tls:tls:tls:tls:tls,2
eth:ethertype:ip:udp:quic:tls:tls:tls,2
eth:ethertype:ip:udp:mpls:ip,2
eth:ethertype:ip:udp:dvb_ipdc:alc:rmt-lct,2
eth:ethertype:ip:udp:wimaxasncp,2
eth:ethertype:ip:udp:rdpudp:tls,2
eth:ethertype:ip:udp:ecatf,2
eth:ethertype:ip:udp:ipx:data,2
eth:ethertype:ip:udp:icq,2
eth:ethertype:ip:udp:papi,2
eth:ethertype:ip:udp:lisp-data:ipv6:ipv6.routing,2
eth:ethertype:ip:udp:lisp-data:ipv6:etherip:eth:llc,2
eth:ethertype:ip:udp:lisp-data:ipv6:ospf,2
eth:ethertype:ip:udp:cnip:lon,2
eth:ethertype:ip:udp:lisp-data:ipv6:eigrp,2
eth:ethertype:ip:udp:jmirror:ipv6:ipcomp:data,2
eth:ethertype:ip:udp:jmirror:ipv6:swipe,2
eth:ethertype:ip:udp:jmirror:ipv6:dsr,2
eth:ethertype:ip:udp:tapa,2
eth:ethertype:ip:udp:llc:sna:data,2
eth:ethertype:ip:udp:a11,2
eth:ethertype:ip:udp:h225:data,2
eth:ethertype:ip:udp:ltp:data,1
eth:ethertype:ip:udp:scop:wpan,1
eth:ethertype:ip:udp:megaco:h248,1
eth:ethertype:ip:udp:mactelnet:data,1
eth:ethertype:ip:udp:acdr:ip:data,1
eth:ethertype:ip:udp:ayiya:dsr:ipv6.hopopts:ipv6.hopopts,1
eth:ethertype:ip:udp:goose:cotp:data,1
eth:ethertype:ip:udp:ptp,1
eth:ethertype:ip:udp:ecatf:ecat_mailbox,1
eth:ethertype:ip:udp:ddtp,1
eth:ethertype:ip:udp:aodv,1
eth:ethertype:ip:udp:ieee1722:aaf,1
eth:ethertype:ip:udp:memcache:vssmonitoring,1
eth:ethertype:ip:udp:gsmtap:gsm_sim,1
eth:ethertype:ip:udp:wccp,1
eth:ethertype:ip:udp:lisp-data:ipv6:gre:data,1
eth:ethertype:ip:udp:lisp-data:ipv6:lwl4,1
eth:ethertype:ip:udp:lisp-data:ipv6:esp,1
eth:ethertype:ip:udp:edonkey,1
eth:ethertype:ip:udp:oicq,1
eth:ethertype:ip:udp:bat.vis,1
eth:ethertype:ip:udp:lisp-data:ipv6:vines_frp:vines_ip:data,1
eth:ethertype:ip:udp:lisp-data:ipv6:ipcomp:data,1
eth:ethertype:ip:udp:lisp-data:ipv6:swipe,1
eth:ethertype:ip:udp:lisp-data:ipv6:l2tp:data,1
eth:ethertype:ip:udp:jmirror:ipv6:pim,1
eth:ethertype:ip:udp:jmirror:ipv6:ospf,1
eth:ethertype:ip:udp:jmirror:ipv6:vines_frp:vines_ip:data,1
eth:ethertype:ip:udp:jmirror:ipv6:gre,1
eth:ethertype:ip:udp:jmirror:ipv6:l2tp:data,1
eth:ethertype:ip:udp:jmirror:ipv6:esp,1
eth:ethertype:ip:udp:ecatf:ams,1
eth:ethertype:ip:udp:bat.gw:ip,1
eth:ethertype:ip:udp:armagetronad,1
eth:ethertype:ip:udp:jmirror:ipv6,1
eth:ethertype:ip:udp:quic:tls:tls:tls:tls:tls:tls:tls:tls,1
eth:ethertype:ip:udp:mpls:pwethheuristic:pwethnocw:eth:ethertype:data,1
eth:ethertype:ip:udp:olsr,1
eth:ethertype:ip:udp:llc:osi:data,1
eth:ethertype:ip:udp:rmcp,1
eth:ethertype:ip:udp:teredo,1
