eth:ethertype:ip:udp:data,14808865
eth:ethertype:ip:udp:stun,6405734
eth:ethertype:ip:udp:syslog,4150841
eth:ethertype:ip:udp:dns,4102663
eth:ethertype:ip:udp:snmp,2007915
eth:ethertype:ip:udp:ntp,1969271
eth:ethertype:ip:data,1024410
eth:ethertype:ip:udp:sip,786274
eth:ethertype:ip:udp:nbns,531476
eth:ethertype:ip:udp:cldap,177375
eth:ethertype:ip:udp:cflow,172636
eth:ethertype:ip:udp:mdns,96888
eth:ethertype:ip:udp:sip:xml,95929
eth:ethertype:ip:udp,88558
eth:ethertype:ip:udp:ssdp,82387
eth:ethertype:ip:udp:coap,81874
eth:ethertype:ip:udp:rpc,80589
eth:ethertype:ip:udp:isakmp,67042
eth:ethertype:ip:udp:dtls,64760
eth:ethertype:ip:udp:openvpn,62989
eth:ethertype:ip:udp:memcache,56762
eth:ethertype:ip:udp:sip:data-text-lines,49338
eth:ethertype:ip:udp:bvlc:bacnet:bacapp,47662
eth:ethertype:ip:udp:portcontrol,45463
eth:ethertype:ip:udp:srvloc,42413
eth:ethertype:ip:udp:capwap,38323
eth:ethertype:ip:udp:gtp,38071
eth:ethertype:ip:udp:l2tp,34558
eth:ethertype:ip:udp:dhcp,33825
eth:ethertype:ip:udp:xdmcp,28355
eth:ethertype:ip:udp:quic:tls,27350
eth:ethertype:ip:udp:kerberos,26897
eth:ethertype:ip:udp:chargen,25313
eth:ethertype:ip:udp:udpencap:esp,24935
eth:ethertype:ip:udp:rmcp:ipmi_session:data,24076
eth:ethertype:ip:udp:radius,21872
eth:ethertype:ip:udp:rdpudp,21480
eth:ethertype:ip:udp:quic,20980
eth:ethertype:ip:udp:gquic,19559
eth:ethertype:ip:udp:rip,16687
eth:ethertype:ip:udp:lwapp:data,16249
eth:ethertype:ip:udp:gtp:gtpv2,15474
eth:ethertype:ip:udp:echo,13311
eth:ethertype:ip:udp:tftp,13095
eth:ethertype:ip:udp:enip,12897
eth:ethertype:ip:udp:omron,12760
eth:ethertype:ip:udp:classicstun,11167
eth:ethertype:ip:udp:dis,10722
eth:ethertype:ip:udp:nbdgm:smb:browser,10599
eth:ethertype:ip:udp:ecatf:ecat,10401
eth:ethertype:ip:udp:time,10284
eth:ethertype:ip:udp:quake3,10235
eth:ethertype:ip:udp:daytime,9969
eth:ethertype:ip:udp:rtcp,9621
eth:ethertype:ip:udp:steam_ihs_discovery,9223
eth:ethertype:ip:udp:bfd,8715
eth:ethertype:ip:udp:teredo:ipv6,8675
eth:ethertype:ip:udp:udpencap:isakmp,6362
eth:ethertype:ip:udp:kip,5830
eth:ethertype:ip:udp:mgcp,4848
eth:ethertype:ip:udp:hart_ip,4548
eth:ethertype:ip:udp:wlccp,3903
eth:ethertype:ip:udp:iax2,3396
eth:ethertype:ip:udp:coap:data,3366
eth:ethertype:ip:udp:rmcp:asf,3236
eth:ethertype:ip:udp:llmnr,2974
eth:ethertype:ip:udp:ecatf:data,2370
eth:ethertype:ip:udp:teredo:ipv6:icmpv6,1635
eth:ethertype:ip:udp:raknet:raknet,1632
eth:ethertype:ip:udp:cipio,1176
eth:ethertype:ip:udp:rtps,1160
eth:ethertype:ip:udp:gtpprime,1106
eth:ethertype:ip:udp:quake3:data,881
eth:ethertype:ip:udp:wisun.eapol_relay:eapol:data,871
eth:ethertype:ip:udp:llc:data,710
eth:ethertype:ip:udp:ssdp:data,668
eth:ethertype:ip:udp:mint,642
eth:ethertype:ip:udp:nxp_802154_sniffer:wpan,548
eth:ethertype:ip:udp:dof,523
eth:ethertype:ip:udp:kink,482
eth:ethertype:ip:udp:scop:data,448
eth:ethertype:ip:udp:quake:data,438
eth:ethertype:ip:udp:c1222,403
eth:ethertype:ip:udp:adp,392
eth:ethertype:ip:udp:collectd,381
eth:ethertype:ip:udp:ajns,375
eth:ethertype:ip:udp:sbus,365
eth:ethertype:ip:udp:wtls,319
eth:ethertype:ip:udp:radius:eap,318
eth:ethertype:ip:udp:rsvp,315
eth:ethertype:ip:udp:pn_rt:pn_ptcp,307
eth:ethertype:ip:udp:iax2:data,297
eth:ethertype:ip:udp:h225,282
eth:ethertype:ip:udp:tzsp,280
eth:ethertype:ip:udp:wg,277
eth:ethertype:ip:udp:h248,267
eth:ethertype:ip:udp:nano,267
eth:ethertype:ip:udp:goose:cotp,258
eth:ethertype:ip:udp:pktc.mtafqdn,256
eth:ethertype:ip:udp:papi,254
eth:ethertype:ip:udp:vuze-dht,235
eth:ethertype:ip:udp:ax4000,232
eth:ethertype:ip:udp:tetra,231
eth:ethertype:ip:udp:ath,229
eth:ethertype:ip:udp:enrp,223
eth:ethertype:ip:udp:doip,213
eth:ethertype:ip:udp:raknet,211
eth:ethertype:ip:udp:bat:data,210
eth:ethertype:ip:udp:amt,210
eth:ethertype:ip:udp:h501,195
eth:ethertype:ip:udp:iapp,190
eth:ethertype:ip:udp:ecatf:ioraw,185
eth:ethertype:ip:udp:lwapp:wlan,176
eth:ethertype:ip:udp:ecatf:tc_nv,171
eth:ethertype:ip:udp:ecatf:ecat_mailbox,169
eth:ethertype:ip:udp:raknet:raknet:raknet,168
eth:ethertype:ip:udp:elasticsearch,167
eth:ethertype:ip:udp:gre,165
eth:ethertype:ip:udp:udpencap:data,164
eth:ethertype:ip:udp:asap,152
eth:ethertype:ip:udp:uaudp,137
eth:ethertype:ip:udp:corosync_totemnet:data,136
eth:ethertype:ip:udp:gre:data,134
eth:ethertype:ip:udp:infiniband:data,132
eth:ethertype:ip:udp:wsp,130
eth:ethertype:ip:udp:msproxy,127
eth:ethertype:ip:udp:sabp:sabp,127
eth:ethertype:ip:udp:mih,119
eth:ethertype:ip:udp:bfd_echo,117
eth:ethertype:ip:udp:ts2,117
eth:ethertype:ip:udp:ieee1722:data,114
eth:ethertype:ip:udp:gprs-ns,112
eth:ethertype:ip:udp:ipvs,108
eth:ethertype:ip:udp:a21,106
eth:ethertype:ip:udp:cnip,103
eth:ethertype:ip:udp:db-lsp-disc,101
eth:ethertype:ip:udp:lisp-data,100
eth:ethertype:ip:udp:bjnp,99
eth:ethertype:ip:udp:thrift,92
eth:ethertype:ip:udp:pfcp,90
eth:ethertype:ip:udp:vrt,88
eth:ethertype:ip:udp:hiqnet,85
eth:ethertype:ip:udp:knet,82
eth:ethertype:ip:udp:kdp,81
eth:ethertype:ip:udp:pktc,81
eth:ethertype:ip:udp:rdt,79
eth:ethertype:ip:udp:hcrt,79
eth:ethertype:ip:udp:asterix,78
eth:ethertype:ip:udp:tplink-smarthome:json:data-text-lines,78
eth:ethertype:ip:udp:manolito,74
eth:ethertype:ip:udp:lisp:data,72
eth:ethertype:ip:udp:ardp,71
eth:ethertype:ip:udp:sabp,71
eth:ethertype:ip:udp:ecmp,70
eth:ethertype:ip:udp:megaco:data,68
eth:ethertype:ip:udp:ulp,67
eth:ethertype:ip:udp:eth:ethertype:data,67
eth:ethertype:ip:udp:sctp,67
eth:ethertype:ip:udp:rsip,65
eth:ethertype:ip:udp:bat.gw:data,62
eth:ethertype:ip:udp:ayiya,61
eth:ethertype:ip:udp:pn_rt:pn_io,60
eth:ethertype:ip:udp:wtp,57
eth:ethertype:ip:udp:tacacs,56
eth:ethertype:ip:udp:capwap.data,54
eth:ethertype:ip:udp:rx,52
eth:ethertype:ip:udp:bat.vis:data,50
eth:ethertype:ip:udp:sap,50
eth:ethertype:ip:udp:stun:data,50
eth:ethertype:ip:udp:opensafety_udp:data,48
eth:ethertype:ip:udp:icp,48
eth:ethertype:ip:udp:mipv6,45
eth:ethertype:ip:udp:mikey,45
eth:ethertype:ip:udp:quakeworld:data,45
eth:ethertype:ip:udp:egd:data,43
eth:ethertype:ip:udp:dmp,43
eth:ethertype:ip:udp:geneve,41
eth:ethertype:ip:udp:dcp-etsi:dcp-af,40
eth:ethertype:ip:udp:dpnet,39
eth:ethertype:ip:udp:idn,38
eth:ethertype:ip:udp:quake2:data,38
eth:ethertype:ip:udp:dvb_ipdc:data,36
eth:ethertype:ip:udp:nxp_802154_sniffer,35
eth:ethertype:ip:udp:lwapp:wlan:data,35
eth:ethertype:ip:udp:dcp-etsi:dcp-pft,35
eth:ethertype:ip:udp:teredo:data,34
eth:ethertype:ip:udp:vxlan:eth,33
eth:ethertype:ip:udp:vxlan:eth:ethertype:data,32
eth:ethertype:ip:udp:pathport,31
eth:ethertype:ip:udp:gsmtap:data,29
eth:ethertype:ip:udp:infiniband,28
eth:ethertype:ip:udp:dcc,27
eth:ethertype:ip:udp:mpls-echo,24
eth:ethertype:ip:udp:tipc,24
eth:ethertype:ip:udp:egd,22
eth:ethertype:ip:udp:data:vssmonitoring,22
eth:ethertype:ip:udp:gsmtap,22
eth:ethertype:ip:udp:geneve:data,21
eth:ethertype:ip:udp:capwap:dtls,20
eth:ethertype:ip:udp:cnip:data,18
eth:ethertype:ip:udp:tzsp:data,18
eth:ethertype:ip:udp:nxp_802154_sniffer:wpan:data,18
eth:ethertype:ip:udp:quake2,17
eth:ethertype:ip:udp:mpls:data,17
eth:ethertype:ip:udp:opensafety:data,17
eth:ethertype:ip:udp:rx:afs,17
eth:ethertype:ip:udp:lisp-data:ipv6:data,16
eth:ethertype:ip:udp:llc,16
eth:ethertype:ip:udp:eth,16
eth:ethertype:ip:udp:capwap.data:dtls,15
eth:ethertype:ip:udp:pn_rt,15
eth:ethertype:ip:udp:wtp:wsp,15
eth:ethertype:ip:udp:wisun.eapol_relay,15
eth:ethertype:ip:udp:lisp,14
eth:ethertype:ip:udp:lisp-data:ip:data,13
eth:ethertype:ip:udp:lmp,11
eth:ethertype:ip:udp:who,11
eth:ethertype:ip:udp:mpls,10
eth:ethertype:ip:udp:dhcpv6,9
eth:ethertype:ip:udp:tsp,9
eth:ethertype:ip:udp:slimp3,9
eth:ethertype:ip:udp:lwres,8
eth:ethertype:ip:udp:kpasswd,8
eth:ethertype:ip:udp:ltp,8
eth:ethertype:ip:udp:scop,7
eth:ethertype:ip:udp:lisp-data:ip,7
eth:ethertype:ip:udp:quake,7
eth:ethertype:ip:udp:amt:ip,7
eth:ethertype:ip:udp:rsp,7
eth:ethertype:ip:udp:dlep,7
eth:ethertype:ip:udp:mpls:ipv6:data,7
eth:ethertype:ip:udp:megaco,7
eth:ethertype:ip:udp:ncp,7
eth:ethertype:ip:udp:lbtrm,7
eth:ethertype:ip:udp:sip:sigcomp,7
eth:ethertype:ip:udp:data:f5ethtrailer,7
eth:ethertype:ip:udp:ieee1722:iec61883,6
eth:ethertype:ip:udp:cups,6
eth:ethertype:ip:udp:find,6
eth:ethertype:ip:udp:acdr,6
eth:ethertype:ip:udp:lwapp,6
eth:ethertype:ip:udp:cigi,6
eth:ethertype:ip:udp:goose:cotp:goose,6
eth:ethertype:ip:udp:mpls:pwethheuristic:pwethcw:eth:ethertype:data,6
eth:ethertype:ip:udp:xyplex,6
eth:ethertype:ip:udp:dvb_ipdc:alc:data,6
eth:ethertype:ip:udp:mip,5
eth:ethertype:ip:udp:dvb_ipdc:alc:rmt-lct,5
eth:ethertype:ip:udp:rtpproxy,5
eth:ethertype:ip:udp:cnip:lon,4
eth:ethertype:ip:udp:mpls:ipv6,4
eth:ethertype:ip:udp:scop:wpan:data,4
eth:ethertype:ip:udp:ieee1722,4
eth:ethertype:ip:udp:armagetronad,4
eth:ethertype:ip:udp:ripng,4
eth:ethertype:ip:udp:lisp-data:ipv6,4
eth:ethertype:ip:udp:tapa,4
eth:ethertype:ip:udp:ipx,4
eth:ethertype:ip:udp:l2tp:data,4
eth:ethertype:ip:udp:ecatf,3
eth:ethertype:ip:udp:ipx:data,3
eth:ethertype:ip:udp:epl:data,3
eth:ethertype:ip:udp:dlsw,3
eth:ethertype:ip:udp:nbdgm,3
eth:ethertype:ip:udp:jmirror:ipv6:data,3
eth:ethertype:ip:udp:packetbb,3
eth:ethertype:ip:udp:msmms,3
eth:ethertype:ip:udp:uftp:uftp5,3
eth:ethertype:ip:udp:quakeworld,3
eth:ethertype:ip:udp:llc:sna:data,3
eth:ethertype:ip:udp:olsr,3
eth:ethertype:ip:udp:auto_rp,3
eth:ethertype:ip:udp:actrace,3
eth:ethertype:ip:udp:sigcomp,3
eth:ethertype:ip:udp:cpfi,2
eth:ethertype:ip:udp:lisp-data:ipv6:ah,2
eth:ethertype:ip:udp:bat.gw,2
eth:ethertype:ip:udp:uftp:uftp4,2
eth:ethertype:ip:udp:ddtp,2
eth:ethertype:ip:udp:mpls:pwethheuristic:pwethnocw:eth:ethertype:data,2
eth:ethertype:ip:udp:llc:osi:data,2
eth:ethertype:ip:udp:a11,2
eth:ethertype:ip:udp:wccp,2
eth:ethertype:ip:udp:snmp:snmp,2
eth:ethertype:ip:udp:capwap.data:data,2
eth:ethertype:ip:udp:tzsp:eth:ethertype:data,2
eth:ethertype:ip:udp:udpencap,2
eth:ethertype:ip:udp:ptp,2
eth:ethertype:ip:udp:tpcp,2
eth:ethertype:ip:udp:gprs-ns:bssgp,2
eth:ethertype:ip:udp:mndp,2
eth:ethertype:ip:udp:lisp-data:ipv6:ospf,1
eth:ethertype:ip:udp:lisp-data:ipv6:vines_frp:vines_ip:data,1
eth:ethertype:ip:udp:lisp-data:ipv6:esp,1
eth:ethertype:ip:udp:lisp-data:ipv6:lwl4,1
eth:ethertype:ip:udp:lisp-data:ipv6:gre,1
eth:ethertype:ip:udp:lisp-data:ipv6:dsr,1
eth:ethertype:ip:udp:ayiya:dsr:ipv6.hopopts:ipv6.hopopts,1
eth:ethertype:ip:udp:capwap.data:eth:ethertype:data,1
eth:ethertype:ip:udp:vxlan,1
eth:ethertype:ip:udp:lisp:ip,1
eth:ethertype:ip:udp:sabp:sabp:sabp,1
eth:ethertype:ip:udp:bat.vis,1
eth:ethertype:ip:udp:mint:eth:ethertype:data,1
eth:ethertype:ip:udp:ieee1722:aaf,1
eth:ethertype:ip:udp:bat.gw:ip,1
eth:ethertype:ip:udp:acdr:data,1
eth:ethertype:ip:udp:rdpudp:tls,1
eth:ethertype:ip:udp:coap:data-text-lines,1
eth:ethertype:ip:udp:mdns:vssmonitoring,1
eth:ethertype:ip:udp:wol,1
eth:ethertype:ip:udp:eth:llc:data,1
eth:ethertype:ip:udp:amt:ip:ipv6:data,1
eth:ethertype:ip:udp:mpls:ip,1
eth:ethertype:ip:udp:dtls:x509sat:x509sat:x509sat:x509sat,1
eth:ethertype:ip:udp:rsp:data,1
eth:ethertype:ip:udp:teredo,1
eth:ethertype:ip:udp:wisun.eapol_relay:eapol,1
eth:ethertype:ip:udp:caneth:data:data,1
eth:ethertype:ip:udp:opensafety_udp,1
eth:ethertype:ip:udp:ntp:vssmonitoring,1
eth:ethertype:ip:udp:hip,1
