eth:ethertype:ip:udp:data,12304227
eth:ethertype:ip:udp:stun,5156118
eth:ethertype:ip:udp:syslog,4409225
eth:ethertype:ip:udp:dns,3674434
eth:ethertype:ip:udp:snmp,2061624
eth:ethertype:ip:udp:ntp,1836274
eth:ethertype:ip:data,1084979
eth:ethertype:ip:udp:sip,544494
eth:ethertype:ip:udp:nbns,406743
eth:ethertype:ip:udp:cflow,149886
eth:ethertype:ip:udp:mdns,100978
eth:ethertype:ip:udp:sip:xml,95324
eth:ethertype:ip:udp:memcache,73376
eth:ethertype:ip:udp:coap,69315
eth:ethertype:ip:udp:rpc,60076
eth:ethertype:ip:udp:ssdp,59860
eth:ethertype:ip:udp,58223
eth:ethertype:ip:udp:isakmp,55471
eth:ethertype:ip:udp:openvpn,55144
eth:ethertype:ip:udp:cldap,54325
eth:ethertype:ip:udp:gtp,52932
eth:ethertype:ip:udp:dtls,49517
eth:ethertype:ip:udp:sip:data-text-lines,49410
eth:ethertype:ip:udp:capwap,44091
eth:ethertype:ip:udp:l2tp,39586
eth:ethertype:ip:udp:portcontrol,39496
eth:ethertype:ip:udp:srvloc,38530
eth:ethertype:ip:udp:bvlc:bacnet:bacapp,32566
eth:ethertype:ip:udp:dhcp,27632
eth:ethertype:ip:udp:quake3,26084
eth:ethertype:ip:udp:rdpudp,25487
eth:ethertype:ip:udp:quic:tls,24814
eth:ethertype:ip:udp:chargen,22651
eth:ethertype:ip:udp:udpencap:esp,22540
eth:ethertype:ip:udp:rmcp:ipmi_session:data,20458
eth:ethertype:ip:udp:xdmcp,19653
eth:ethertype:ip:udp:gquic,19026
eth:ethertype:ip:udp:kerberos,18383
eth:ethertype:ip:udp:lwapp:data,16146
eth:ethertype:ip:udp:bfd,15847
eth:ethertype:ip:udp:radius,15333
eth:ethertype:ip:udp:rip,14726
eth:ethertype:ip:udp:enip,13228
eth:ethertype:ip:udp:classicstun,13007
eth:ethertype:ip:udp:gtp:gtpv2,11407
eth:ethertype:ip:udp:omron,11298
eth:ethertype:ip:udp:daytime,10773
eth:ethertype:ip:udp:tftp,10310
eth:ethertype:ip:udp:echo,10247
eth:ethertype:ip:udp:ecatf:ecat,10221
eth:ethertype:ip:udp:opensafety_udp:data,9165
eth:ethertype:ip:udp:rtcp,7973
eth:ethertype:ip:udp:steam_ihs_discovery,7517
eth:ethertype:ip:udp:wlccp,7423
eth:ethertype:ip:udp:time,6919
eth:ethertype:ip:udp:udpencap:isakmp,6439
eth:ethertype:ip:udp:kip,5429
eth:ethertype:ip:udp:hart_ip,4567
eth:ethertype:ip:udp:quic,4484
eth:ethertype:ip:udp:iax2,4443
eth:ethertype:ip:udp:mgcp,3825
eth:ethertype:ip:udp:nbdgm:smb:browser,3534
eth:ethertype:ip:udp:coap:data,3388
eth:ethertype:ip:udp:llc,3262
eth:ethertype:ip:udp:rmcp:asf,3221
eth:ethertype:ip:udp:teredo:ipv6,2768
eth:ethertype:ip:udp:hiqnet,2013
eth:ethertype:ip:udp:teredo:ipv6:icmpv6,1554
eth:ethertype:ip:udp:gtpprime,1410
eth:ethertype:ip:udp:raknet:raknet,1379
eth:ethertype:ip:udp:wtp,1319
eth:ethertype:ip:udp:cipio,1107
eth:ethertype:ip:udp:rtps,1070
eth:ethertype:ip:udp:dis,1065
eth:ethertype:ip:udp:wsp,819
eth:ethertype:ip:udp:ssdp:data,771
eth:ethertype:ip:udp:llc:data,721
eth:ethertype:ip:udp:quake:data,598
eth:ethertype:ip:udp:quake3:data,476
eth:ethertype:ip:udp:wisun.eapol_relay:eapol:data,463
eth:ethertype:ip:udp:manolito,443
eth:ethertype:ip:udp:asterix,428
eth:ethertype:ip:udp:llmnr,423
eth:ethertype:ip:udp:wg,399
eth:ethertype:ip:udp:corosync_totemnet:data,360
eth:ethertype:ip:udp:pn_rt:pn_ptcp,351
eth:ethertype:ip:udp:papi,321
eth:ethertype:ip:udp:dof,319
eth:ethertype:ip:udp:radius:eap,318
eth:ethertype:ip:udp:mih,309
eth:ethertype:ip:udp:wtls,290
eth:ethertype:ip:udp:ecmp,241
eth:ethertype:ip:udp:sctp,209
eth:ethertype:ip:udp:kink,204
eth:ethertype:ip:udp:adp,194
eth:ethertype:ip:udp:tetra,191
eth:ethertype:ip:udp:vrt,184
eth:ethertype:ip:udp:ieee1722:data,180
eth:ethertype:ip:udp:hcrt,177
eth:ethertype:ip:udp:gsmtap,176
eth:ethertype:ip:udp:idn,176
eth:ethertype:ip:udp:sbus,169
eth:ethertype:ip:udp:scop:data,167
eth:ethertype:ip:udp:knet,163
eth:ethertype:ip:udp:raknet,158
eth:ethertype:ip:udp:c1222,155
eth:ethertype:ip:udp:lwapp:wlan:data,138
eth:ethertype:ip:udp:msproxy,137
eth:ethertype:ip:udp:mint,129
eth:ethertype:ip:udp:elasticsearch,123
eth:ethertype:ip:udp:tacacs,122
eth:ethertype:ip:udp:quakeworld:data,122
eth:ethertype:ip:udp:sap,117
eth:ethertype:ip:udp:uaudp,105
eth:ethertype:ip:udp:bjnp,103
eth:ethertype:ip:udp:ipvs,100
eth:ethertype:ip:udp:raknet:raknet:raknet,100
eth:ethertype:ip:udp:h248,91
eth:ethertype:ip:udp:gprs-ns,91
eth:ethertype:ip:udp:sap:sdp,89
eth:ethertype:ip:udp:ayiya,85
eth:ethertype:ip:udp:doip,82
eth:ethertype:ip:udp:teredo:data,81
eth:ethertype:ip:udp:db-lsp-disc,79
eth:ethertype:ip:udp:cnip,78
eth:ethertype:ip:udp:vuze-dht,77
eth:ethertype:ip:udp:iax2:data,74
eth:ethertype:ip:udp:egd:data,73
eth:ethertype:ip:udp:nxp_802154_sniffer:wpan,73
eth:ethertype:ip:udp:udt,72
eth:ethertype:ip:udp:h225,70
eth:ethertype:ip:udp:nano,68
eth:ethertype:ip:udp:a21,67
eth:ethertype:ip:udp:ardp,67
eth:ethertype:ip:udp:pktc.mtafqdn,66
eth:ethertype:ip:udp:bfd_echo,66
eth:ethertype:ip:udp:stun:data,66
eth:ethertype:ip:udp:kdp,65
eth:ethertype:ip:udp:tplink-smarthome:json:data-text-lines,63
eth:ethertype:ip:udp:ax4000,60
eth:ethertype:ip:udp:ajns,59
eth:ethertype:ip:udp:amt,58
eth:ethertype:ip:udp:pn_rt:pn_io,57
eth:ethertype:ip:udp:mipv6,57
eth:ethertype:ip:udp:dvb_ipdc:data,53
eth:ethertype:ip:udp:ulp,51
eth:ethertype:ip:udp:pktc,50
eth:ethertype:ip:udp:iapp,49
eth:ethertype:ip:udp:mikey,49
eth:ethertype:ip:udp:dpnet,48
eth:ethertype:ip:udp:bat.vis:data,47
eth:ethertype:ip:udp:ts2,47
eth:ethertype:ip:udp:infiniband,46
eth:ethertype:ip:udp:mpls:data,46
eth:ethertype:ip:udp:bat:data,45
eth:ethertype:ip:udp:ath,44
eth:ethertype:ip:udp:h501,44
eth:ethertype:ip:udp:collectd,43
eth:ethertype:ip:udp:rdt,43
eth:ethertype:ip:udp:bat.gw:data,43
eth:ethertype:ip:udp:lisp-data,43
eth:ethertype:ip:udp:tzsp,42
eth:ethertype:ip:udp:icp,41
eth:ethertype:ip:udp:gre:data,41
eth:ethertype:ip:udp:enrp,41
eth:ethertype:ip:udp:cnip:data,41
eth:ethertype:ip:udp:sip:sdp,41
eth:ethertype:ip:udp:tipc,39
eth:ethertype:ip:udp:rsvp,39
eth:ethertype:ip:udp:dcc,39
eth:ethertype:ip:udp:sabp,37
eth:ethertype:ip:udp:megaco:data,37
eth:ethertype:ip:udp:geneve,37
eth:ethertype:ip:udp:vxlan:eth:ethertype:data,35
eth:ethertype:ip:udp:opensafety:data,33
eth:ethertype:ip:udp:capwap.data,33
eth:ethertype:ip:udp:asap,32
eth:ethertype:ip:udp:thrift,30
eth:ethertype:ip:udp:eth:ethertype:data,28
eth:ethertype:ip:udp:gsmtap:data,28
eth:ethertype:ip:udp:rsip,28
eth:ethertype:ip:udp:bvlc,28
eth:ethertype:ip:udp:geneve:data,26
eth:ethertype:ip:udp:nxp_802154_sniffer,25
eth:ethertype:ip:udp:pfcp,23
eth:ethertype:ip:udp:quake2:data,21
eth:ethertype:ip:udp:lisp:data,20
eth:ethertype:ip:udp:sabp:sabp,19
eth:ethertype:ip:udp:dmp,18
eth:ethertype:ip:udp:egd,16
eth:ethertype:ip:udp:dvb_ipdc:alc:data,16
eth:ethertype:ip:udp:quake2,15
eth:ethertype:ip:udp:lisp,15
eth:ethertype:ip:udp:dhcpv6,15
eth:ethertype:ip:udp:ltp,15
eth:ethertype:ip:udp:mpls:pwethheuristic:pwethcw:eth:ethertype:data,14
eth:ethertype:ip:udp:mpls:ipv6:data,14
eth:ethertype:ip:udp:ecatf:data,14
eth:ethertype:ip:udp:gre,13
eth:ethertype:ip:udp:ripng,12
eth:ethertype:ip:udp:lwapp:wlan,12
eth:ethertype:ip:udp:eth,11
eth:ethertype:ip:udp:wisun.eapol_relay,10
eth:ethertype:ip:udp:vxlan:eth,10
eth:ethertype:ip:udp:capwap:dtls,10
eth:ethertype:ip:udp:slimp3,9
eth:ethertype:ip:udp:nbdgm,9
eth:ethertype:ip:udp:rx,9
eth:ethertype:ip:udp:pn_rt,9
eth:ethertype:ip:udp:ieee1722:iec61883,9
eth:ethertype:ip:udp:ncp,9
eth:ethertype:ip:udp:dlep,8
eth:ethertype:ip:udp:wtp:wsp,8
eth:ethertype:ip:udp:nxp_802154_sniffer:wpan:data,7
eth:ethertype:ip:udp:xyplex,7
eth:ethertype:ip:udp:goose:cotp,7
eth:ethertype:ip:udp:tsp,7
eth:ethertype:ip:udp:ecatf:tc_nv,7
eth:ethertype:ip:udp:ecatf:ioraw,7
eth:ethertype:ip:udp:data:vssmonitoring,7
eth:ethertype:ip:udp:ecatf,6
eth:ethertype:ip:udp:who,6
eth:ethertype:ip:udp:auto_rp,6
eth:ethertype:ip:udp:lwres,6
eth:ethertype:ip:udp:lmp,6
eth:ethertype:ip:udp:amt:ip,6
eth:ethertype:ip:udp:scop,6
eth:ethertype:ip:udp:gprs-ns:bssgp,6
eth:ethertype:ip:udp:mactelnet,6
eth:ethertype:ip:udp:sip:sigcomp,5
eth:ethertype:ip:udp:acdr,5
eth:ethertype:ip:udp:lwapp,5
eth:ethertype:ip:udp:cups,5
eth:ethertype:ip:udp:capwap.data:dtls,5
eth:ethertype:ip:udp:packetbb,5
eth:ethertype:ip:udp:mpls,5
eth:ethertype:ip:udp:mpls:ip:data,5
eth:ethertype:ip:udp:rsp,5
eth:ethertype:ip:udp:dvb_ipdc:alc:rmt-lct,5
eth:ethertype:ip:udp:ptp,4
eth:ethertype:ip:udp:tapa,4
eth:ethertype:ip:udp:infiniband:data,4
eth:ethertype:ip:udp:rtpproxy,4
eth:ethertype:ip:udp:msmms,4
eth:ethertype:ip:udp:pathport,4
eth:ethertype:ip:udp:armagetronad,4
eth:ethertype:ip:udp:mpls:pwethheuristic:pwethcw:eth:llc:data,4
eth:ethertype:ip:udp:mpls:ip,4
eth:ethertype:ip:udp:l2tp:data,4
eth:ethertype:ip:udp:ieee1722,3
eth:ethertype:ip:udp:lbtrm,3
eth:ethertype:ip:udp:rdpudp:tls,3
eth:ethertype:ip:udp:dcp-etsi:dcp-pft,3
eth:ethertype:ip:udp:mndp,3
eth:ethertype:ip:udp:lisp-data:ip,3
eth:ethertype:ip:udp:dlsw,3
eth:ethertype:ip:udp:mpls:ipv6:ipv6.hopopts,3
eth:ethertype:ip:udp:dcerpc,3
eth:ethertype:ip:udp:capwap.data:eth:ethertype:data,3
eth:ethertype:ip:udp:mpls:ipv6,3
eth:ethertype:ip:udp:mint:eth:ethertype:data,3
eth:ethertype:ip:udp:mip,3
eth:ethertype:ip:udp:a11,2
eth:ethertype:ip:udp:vxlan,2
eth:ethertype:ip:udp:quake,2
eth:ethertype:ip:udp:quakeworld,2
eth:ethertype:ip:udp:llc:sna:data,2
eth:ethertype:ip:udp:dcp-etsi:dcp-af,2
eth:ethertype:ip:udp:cnip:lon,2
eth:ethertype:ip:udp:bat.gw,2
eth:ethertype:ip:udp:aodv,2
eth:ethertype:ip:udp:wisun.eapol_relay:eapol,2
eth:ethertype:ip:udp:jmirror:ipv6,2
eth:ethertype:ip:udp:olsr,2
eth:ethertype:ip:udp:kpasswd,2
eth:ethertype:ip:udp:ieee1722:cvf:data,2
eth:ethertype:ip:udp:epl,2
eth:ethertype:ip:udp:epl:data,2
eth:ethertype:ip:udp:tzsp:eth:ethertype:data,2
eth:ethertype:ip:udp:edonkey,2
eth:ethertype:ip:udp:dtls:x509sat:x509sat:x509sat:x509sat,2
eth:ethertype:ip:udp:wimaxasncp,2
eth:ethertype:ip:udp:jmirror:ipv6:ipv6.hopopts:data,2
eth:ethertype:ip:udp:jmirror:ipv6:ipv6.hopopts,2
eth:ethertype:ip:udp:mpls:pwethheuristic:pwethcw:eth,2
eth:ethertype:ip:udp:ipx:data,2
eth:ethertype:ip:udp:find,2
eth:ethertype:ip:udp:teredo,1
eth:ethertype:ip:udp:tplink-smarthome:json,1
eth:ethertype:ip:udp:ddtp,1
eth:ethertype:ip:udp:ayiya:dsr:ipv6.hopopts:ipv6.hopopts,1
eth:ethertype:ip:udp:scop:wpan,1
eth:ethertype:ip:udp:lisp-data:ipv6,1
eth:ethertype:ip:udp:oicq,1
eth:ethertype:ip:udp:udpencap:data,1
eth:ethertype:ip:udp:jmirror:ipv6:data,1
eth:ethertype:ip:udp:mpls:ipv6:pim,1
eth:ethertype:ip:udp:mpls:ipv6:ipcomp:data,1
eth:ethertype:ip:udp:mpls:ipv6:gre:data,1
eth:ethertype:ip:udp:mdns:vssmonitoring,1
eth:ethertype:ip:udp:ltp:data,1
eth:ethertype:ip:udp:mpls:pwach:data,1
eth:ethertype:ip:udp:icq,1
eth:ethertype:ip:udp:quic:tls:tls:tls:tls:tls:tls:tls,1
eth:ethertype:ip:udp:quic:tls:tls:tls:tls:tls:tls,1
eth:ethertype:ip:udp:cpfi,1
eth:ethertype:ip:udp:sctp:data,1
eth:ethertype:ip:udp:capwap.data:data,1
eth:ethertype:ip:udp:acdr:data,1
eth:ethertype:ip:udp:eth:ethertype:stp,1
eth:ethertype:ip:udp:sigcomp,1
eth:ethertype:ip:udp:ipx,1
eth:ethertype:ip:udp:llc:x25,1
eth:ethertype:ip:udp:tpcp,1
eth:ethertype:ip:udp:acdr:ip:data,1
eth:ethertype:ip:udp:l2tp:ppp:data,1
eth:ethertype:ip:udp:bat.vis,1
eth:ethertype:ip:udp:ecatf:ecat_mailbox,1
