eth:ethertype:ip:udp:stun,12221111
eth:ethertype:ip:udp:data,7869828
eth:ethertype:ip:udp:dns,3725279
eth:ethertype:ip:udp:syslog,2993755
eth:ethertype:ip:udp:ntp,2179052
eth:ethertype:ip:udp:snmp,2043142
eth:ethertype:ip:data,841808
eth:ethertype:ip:udp:sip,737097
eth:ethertype:ip:udp:nbns,588540
eth:ethertype:ip:udp:coap,214079
eth:ethertype:ip:udp:cflow,159347
eth:ethertype:ip:udp:cldap,157472
eth:ethertype:ip:udp:sip:xml,101974
eth:ethertype:ip:udp:enip,95332
eth:ethertype:ip:udp:mdns,92023
eth:ethertype:ip:udp:dhcp,80714
eth:ethertype:ip:udp:rpc,78393
eth:ethertype:ip:udp:isakmp,76619
eth:ethertype:ip:udp:openvpn,74307
eth:ethertype:ip:udp:dtls,61501
eth:ethertype:ip:udp,55136
eth:ethertype:ip:udp:portcontrol,54707
eth:ethertype:ip:udp:gtp,53503
eth:ethertype:ip:udp:ssdp,53102
eth:ethertype:ip:udp:sip:data-text-lines,51445
eth:ethertype:ip:udp:memcache,45248
eth:ethertype:ip:udp:capwap,42343
eth:ethertype:ip:udp:bvlc:bacnet:bacapp,41629
eth:ethertype:ip:udp:dpnet,40388
eth:ethertype:ip:udp:srvloc,38672
eth:ethertype:ip:udp:l2tp,36504
eth:ethertype:ip:udp:udpencap:esp,28551
eth:ethertype:ip:udp:quic:tls,28335
eth:ethertype:ip:udp:rip,24875
eth:ethertype:ip:udp:xdmcp,22230
eth:ethertype:ip:udp:gquic,20493
eth:ethertype:ip:udp:kerberos,19540
eth:ethertype:ip:udp:classicstun,18228
eth:ethertype:ip:udp:lwapp:data,17245
eth:ethertype:ip:udp:scop:data,17069
eth:ethertype:ip:udp:radius,16401
eth:ethertype:ip:udp:chargen,16400
eth:ethertype:ip:udp:hart_ip,16389
eth:ethertype:ip:udp:rdpudp,15659
eth:ethertype:ip:udp:rmcp:ipmi_session:data,14465
eth:ethertype:ip:udp:echo,13693
eth:ethertype:ip:udp:omron,13493
eth:ethertype:ip:udp:tftp,13306
eth:ethertype:ip:udp:daytime,12257
eth:ethertype:ip:udp:gtp:gtpv2,11518
eth:ethertype:ip:udp:rtcp,10696
eth:ethertype:ip:udp:time,10413
eth:ethertype:ip:udp:ecatf:ecat,10058
eth:ethertype:ip:udp:bfd,9925
eth:ethertype:ip:udp:steam_ihs_discovery,9493
eth:ethertype:ip:udp:mgcp,8651
eth:ethertype:ip:udp:nbdgm:smb:browser,8022
eth:ethertype:ip:udp:teredo:ipv6,7122
eth:ethertype:ip:udp:kip,6914
eth:ethertype:ip:udp:udpencap:isakmp,6519
eth:ethertype:ip:udp:iax2,5243
eth:ethertype:ip:udp:coap:data,3818
eth:ethertype:ip:udp:caneth:data:data,3654
eth:ethertype:ip:udp:rmcp:asf,3523
eth:ethertype:ip:udp:quic,3295
eth:ethertype:ip:udp:llmnr,2810
eth:ethertype:ip:udp:wsp,2458
eth:ethertype:ip:udp:raknet:raknet,2421
eth:ethertype:ip:udp:ax4000,2382
eth:ethertype:ip:udp:wisun.eapol_relay:eapol:data,2348
eth:ethertype:ip:udp:llc:data,1769
eth:ethertype:ip:udp:gtpprime,1692
eth:ethertype:ip:udp:wtls,1559
eth:ethertype:ip:udp:cipio,1474
eth:ethertype:ip:udp:dis,1424
eth:ethertype:ip:udp:radius:eap,1291
eth:ethertype:ip:udp:quake:data,1271
eth:ethertype:ip:udp:rtps,1136
eth:ethertype:ip:udp:knet,1007
eth:ethertype:ip:udp:quake3:data,1001
eth:ethertype:ip:udp:gprs-ns:bssgp,974
eth:ethertype:ip:udp:dof,855
eth:ethertype:ip:udp:asterix,804
eth:ethertype:ip:udp:wtp,790
eth:ethertype:ip:udp:corosync_totemnet:data,784
eth:ethertype:ip:udp:ssdp:data,780
eth:ethertype:ip:udp:manolito,753
eth:ethertype:ip:udp:ath,742
eth:ethertype:ip:udp:doip,664
eth:ethertype:ip:udp:uaudp,635
eth:ethertype:ip:udp:adp,611
eth:ethertype:ip:udp:nxp_802154_sniffer:wpan,599
eth:ethertype:ip:udp:icp,563
eth:ethertype:ip:udp:pfcp,557
eth:ethertype:ip:udp:quake2:data,544
eth:ethertype:ip:udp:rsip,513
eth:ethertype:ip:udp:infiniband:data,498
eth:ethertype:ip:udp:mih,493
eth:ethertype:ip:udp:kdp,485
eth:ethertype:ip:udp:stun:data,472
eth:ethertype:ip:udp:ajns,464
eth:ethertype:ip:udp:pn_rt:pn_ptcp,458
eth:ethertype:ip:udp:bfd_echo,455
eth:ethertype:ip:udp:ecatf:data,448
eth:ethertype:ip:udp:vxlan:eth:llc:data,440
eth:ethertype:ip:udp:ts2,428
eth:ethertype:ip:udp:c1222,426
eth:ethertype:ip:udp:rdt,419
eth:ethertype:ip:udp:eth:ethertype:data,419
eth:ethertype:ip:udp:bjnp,414
eth:ethertype:ip:udp:amt,414
eth:ethertype:ip:udp:msproxy,406
eth:ethertype:ip:udp:ayiya,405
eth:ethertype:ip:udp:raknet,405
eth:ethertype:ip:udp:pktc,397
eth:ethertype:ip:udp:mipv6,388
eth:ethertype:ip:udp:ulp,388
eth:ethertype:ip:udp:sbus,387
eth:ethertype:ip:udp:iapp,384
eth:ethertype:ip:udp:elasticsearch,382
eth:ethertype:ip:udp:tacacs,381
eth:ethertype:ip:udp:opensafety:data,373
eth:ethertype:ip:udp:kink,367
eth:ethertype:ip:udp:iax2:data,364
eth:ethertype:ip:udp:raknet:raknet:raknet,361
eth:ethertype:ip:udp:mint,355
eth:ethertype:ip:udp:dvb_ipdc:data,354
eth:ethertype:ip:udp:collectd,352
eth:ethertype:ip:udp:gsmtap:data,348
eth:ethertype:ip:udp:ipvs,347
eth:ethertype:ip:udp:hiqnet,341
eth:ethertype:ip:udp:cnip,337
eth:ethertype:ip:udp:h225,337
eth:ethertype:ip:udp:gre:data,336
eth:ethertype:ip:udp:dmp,335
eth:ethertype:ip:udp:geneve:data,332
eth:ethertype:ip:udp:wg,319
eth:ethertype:ip:udp:mpls-echo,298
eth:ethertype:ip:udp:capwap.data,281
eth:ethertype:ip:udp:ecmp,266
eth:ethertype:ip:udp:h501,257
eth:ethertype:ip:udp:mpls:data,248
eth:ethertype:ip:udp:vrt,244
eth:ethertype:ip:udp:h248,243
eth:ethertype:ip:udp:nano,242
eth:ethertype:ip:udp:bat.vis:data,235
eth:ethertype:ip:udp:hcrt,234
eth:ethertype:ip:udp:vuze-dht,231
eth:ethertype:ip:udp:lwapp:wlan,228
eth:ethertype:ip:udp:db-lsp-disc,215
eth:ethertype:ip:udp:ieee1722:data,215
eth:ethertype:ip:udp:tipc,215
eth:ethertype:ip:udp:bat:data,211
eth:ethertype:ip:udp:tzsp,206
eth:ethertype:ip:udp:pktc.mtafqdn,198
eth:ethertype:ip:udp:asap,195
eth:ethertype:ip:udp:sctp,194
eth:ethertype:ip:udp:egd:data,189
eth:ethertype:ip:udp:idn,189
eth:ethertype:ip:udp:rx,186
eth:ethertype:ip:udp:opensafety_udp:data,181
eth:ethertype:ip:udp:lisp:data,177
eth:ethertype:ip:udp:tetra,172
eth:ethertype:ip:udp:tsp,166
eth:ethertype:ip:udp:bat.gw:data,162
eth:ethertype:ip:udp:ardp,159
eth:ethertype:ip:udp:wlccp,153
eth:ethertype:ip:udp:gprs-ns,141
eth:ethertype:ip:udp:megaco:data,129
eth:ethertype:ip:udp:ecatf:ioraw,124
eth:ethertype:ip:udp:mikey,120
eth:ethertype:ip:udp:sabp:sabp,119
eth:ethertype:ip:udp:capwap.data:eth:ethertype:data,96
eth:ethertype:ip:udp:teredo:data,92
eth:ethertype:ip:udp:enttec,88
eth:ethertype:ip:udp:a21,75
eth:ethertype:ip:udp:papi,74
eth:ethertype:ip:udp:sap,74
eth:ethertype:ip:udp:geneve,72
eth:ethertype:ip:udp:dhcpv6,69
eth:ethertype:ip:udp:gre,67
eth:ethertype:ip:udp:enrp,65
eth:ethertype:ip:udp:quakeworld:data,63
eth:ethertype:ip:udp:rsvp,63
eth:ethertype:ip:udp:vxlan:eth:ethertype:data,59
eth:ethertype:ip:udp:tplink-smarthome:json:data-text-lines,57
eth:ethertype:ip:udp:nxp_802154_sniffer,57
eth:ethertype:ip:udp:mpls:ip:data,55
eth:ethertype:ip:udp:mpls:pwethheuristic:pwethcw:eth:ethertype:data,50
eth:ethertype:ip:udp:dcc,48
eth:ethertype:ip:udp:pn_rt:pn_io,46
eth:ethertype:ip:udp:lisp-data,46
eth:ethertype:ip:udp:sabp,46
eth:ethertype:ip:udp:wtp:wsp,46
eth:ethertype:ip:udp:ltp,45
eth:ethertype:ip:udp:capwap.data:dtls,45
eth:ethertype:ip:udp:acdr,44
eth:ethertype:ip:udp:infiniband,43
eth:ethertype:ip:udp:mpls:ipv6:data,43
eth:ethertype:ip:udp:nbdgm,42
eth:ethertype:ip:udp:cnip:data,42
eth:ethertype:ip:udp:kpasswd,37
eth:ethertype:ip:udp:gsmtap,37
eth:ethertype:ip:udp:lmp,36
eth:ethertype:ip:udp:ripng,36
eth:ethertype:ip:udp:quake3,35
eth:ethertype:ip:udp:rsp,35
eth:ethertype:ip:udp:dlep,32
eth:ethertype:ip:udp:wisun.eapol_relay:eapol,32
eth:ethertype:ip:udp:quake2,32
eth:ethertype:ip:udp:wisun.eapol_relay,30
eth:ethertype:ip:udp:who,29
eth:ethertype:ip:udp:mip,28
eth:ethertype:ip:udp:packetbb,27
eth:ethertype:ip:udp:xyplex,25
eth:ethertype:ip:udp:find,25
eth:ethertype:ip:udp:quake,24
eth:ethertype:ip:udp:srt,23
eth:ethertype:ip:udp:lwres,23
eth:ethertype:ip:udp:auto_rp,23
eth:ethertype:ip:udp:ncp,23
eth:ethertype:ip:udp:data:vssmonitoring,23
eth:ethertype:ip:udp:ipx:data,22
eth:ethertype:ip:udp:tapa,22
eth:ethertype:ip:udp:lisp,21
eth:ethertype:ip:udp:mpls:ipv6:ipv6.hopopts,21
eth:ethertype:ip:udp:goose:cotp,20
eth:ethertype:ip:udp:lwapp:wlan:data,20
eth:ethertype:ip:udp:egd,19
eth:ethertype:ip:udp:nxp_802154_sniffer:wpan:data,17
eth:ethertype:ip:udp:thrift,17
eth:ethertype:ip:udp:mpls,15
eth:ethertype:ip:udp:vxlan:eth,14
eth:ethertype:ip:udp:cups,14
eth:ethertype:ip:udp:mpls:ip,14
eth:ethertype:ip:udp:dlsw,13
eth:ethertype:ip:udp:tzsp:data,12
eth:ethertype:ip:udp:llc,11
eth:ethertype:ip:udp:capwap:dtls,11
eth:ethertype:ip:udp:sip:data-text-lines:xml,11
eth:ethertype:ip:udp:eth,9
eth:ethertype:ip:udp:sigcomp,8
eth:ethertype:ip:udp:scop,8
eth:ethertype:ip:udp:sabp:sabp:sabp,8
eth:ethertype:ip:udp:lbtrm,7
eth:ethertype:ip:udp:pn_rt,7
eth:ethertype:ip:udp:dvb_ipdc:alc:data,7
eth:ethertype:ip:udp:ecatf:tc_nv,6
eth:ethertype:ip:udp:ipx,6
eth:ethertype:ip:udp:slimp3,6
eth:ethertype:ip:udp:data:f5ethtrailer,6
eth:ethertype:ip:udp:bat.gw,6
eth:ethertype:ip:udp:mndp,6
eth:ethertype:ip:udp:quakeworld,6
eth:ethertype:ip:udp:sip:sigcomp,5
eth:ethertype:ip:udp:pathport,5
eth:ethertype:ip:udp:tpcp,5
eth:ethertype:ip:udp:rdpudp:data,5
eth:ethertype:ip:udp:ieee1722:crf,5
eth:ethertype:ip:udp:lisp-data:ipv6,5
eth:ethertype:ip:udp:mint:eth,4
eth:ethertype:ip:udp:ecatf,4
eth:ethertype:ip:udp:ieee1722:iec61883,4
eth:ethertype:ip:udp:amt:ip,4
eth:ethertype:ip:udp:ieee1722,4
eth:ethertype:ip:udp:rdpudp:tls,4
eth:ethertype:ip:udp:lwapp,4
eth:ethertype:ip:udp:epl:data,4
eth:ethertype:ip:udp:aodv,3
eth:ethertype:ip:udp:gre:wlan,3
eth:ethertype:ip:udp:dvb_ipdc:alc:rmt-lct,3
eth:ethertype:ip:udp:ptp,3
eth:ethertype:ip:udp:rtpproxy,3
eth:ethertype:ip:udp:cpfi,3
eth:ethertype:ip:udp:lisp-data:ipv6:data,3
eth:ethertype:ip:udp:mpls:pwethheuristic:pwethnocw:eth:ethertype:data,3
eth:ethertype:ip:udp:olsr,3
eth:ethertype:ip:udp:mpls:pwethheuristic:pwethcw:eth,3
eth:ethertype:ip:udp:dcp-etsi:dcp-af,3
eth:ethertype:ip:udp:ltp:data,3
eth:ethertype:ip:udp:mint:eth:ethertype:data,3
eth:ethertype:ip:udp:dcp-etsi:dcp-pft,3
eth:ethertype:ip:udp:h225:data,2
eth:ethertype:ip:udp:vxlan,2
eth:ethertype:ip:udp:ecatf:ecat_mailbox,2
eth:ethertype:ip:udp:a11,2
eth:ethertype:ip:udp:llc:sna:data,2
eth:ethertype:ip:udp:ddtp,2
eth:ethertype:ip:udp:teredo,2
eth:ethertype:ip:udp:rdpudp:dtls,2
eth:ethertype:ip:udp:jmirror:ipv6:data,2
eth:ethertype:ip:udp:wimaxasncp,2
eth:ethertype:ip:udp:megaco,2
eth:ethertype:ip:udp:l2tp:ppp:data,2
eth:ethertype:ip:udp:mpls:ipv6:ah,2
eth:ethertype:ip:udp:mpls:ipv6:nhrp,2
eth:ethertype:ip:udp:epl,2
eth:ethertype:ip:udp:armagetronad,2
eth:ethertype:ip:udp:teredo:ipv6:data,2
eth:ethertype:ip:udp:mpls:ipv6,2
eth:ethertype:ip:udp:rx:afs,1
eth:ethertype:ip:udp:mdns:vssmonitoring,1
eth:ethertype:ip:udp:wccp,1
eth:ethertype:ip:udp:bat.vis,1
eth:ethertype:ip:udp:ssyncp,1
eth:ethertype:ip:udp:eth:llc:data,1
eth:ethertype:ip:udp:opensafety_udp,1
eth:ethertype:ip:udp:lisp-data:ipv6:tcp,1
eth:ethertype:ip:udp:lisp-data:ipv6:mipv6,1
eth:ethertype:ip:udp:mpls:ipv6:ospf,1
eth:ethertype:ip:udp:mpls:ipv6:dsr:igrp,1
eth:ethertype:ip:udp:mpls:ipv6:pim,1
eth:ethertype:ip:udp:acdr:data,1
eth:ethertype:ip:udp:adwin,1
eth:ethertype:ip:udp:icq,1
eth:ethertype:ip:udp:lisp-data:ip,1
eth:ethertype:ip:udp:hip,1
eth:ethertype:ip:udp:ayiya:ipv6.hopopts,1
eth:ethertype:ip:udp:cnip:lon,1
eth:ethertype:ip:udp:llc:osi:data,1
eth:ethertype:ip:udp:rsp:data,1
eth:ethertype:ip:udp:udpencap,1
eth:ethertype:ip:udp:mpls:pwach:data,1
eth:ethertype:ip:udp:mbudp:modbus,1
eth:ethertype:ip:udp:ieee1722:ieee17221,1
eth:ethertype:ip:udp:cigi,1
eth:ethertype:ip:udp:ayiya:dsr:ipv6.hopopts:ipv6.hopopts,1
eth:ethertype:ip:udp:actrace,1
eth:ethertype:ip:udp:oicq,1
eth:ethertype:ip:udp:ip,1
eth:ethertype:ip:udp:msmms,1
eth:ethertype:ip:udp:dvb_ipdc:alc:rmt-lct:data,1
eth:ethertype:ip:udp:jmirror:ipv6,1
