eth:ethertype:ip:udp:data,8176277
eth:ethertype:ip:udp:syslog,4766757
eth:ethertype:ip:udp:dns,3841930
eth:ethertype:ip:udp:snmp,2477107
eth:ethertype:ip:udp:stun,2094619
eth:ethertype:ip:udp:ntp,2078899
eth:ethertype:ip:data,1126840
eth:ethertype:ip:udp:nbns,664585
eth:ethertype:ip:udp:sip,410395
eth:ethertype:ip:udp:cflow,135380
eth:ethertype:ip:udp:coap,126003
eth:ethertype:ip:udp:cldap,89800
eth:ethertype:ip:udp:mdns,84774
eth:ethertype:ip:udp:sip:xml,84709
eth:ethertype:ip:udp:rpc,83192
eth:ethertype:ip:udp:dtls,72923
eth:ethertype:ip:udp:ssdp,69540
eth:ethertype:ip:udp:openvpn,62930
eth:ethertype:ip:udp:isakmp,59994
eth:ethertype:ip:udp:memcache,53677
eth:ethertype:ip:udp:sip:data-text-lines,51912
eth:ethertype:ip:udp:l2tp,50739
eth:ethertype:ip:udp,49842
eth:ethertype:ip:udp:gtp,43965
eth:ethertype:ip:udp:capwap,43109
eth:ethertype:ip:udp:portcontrol,41517
eth:ethertype:ip:udp:chargen,41271
eth:ethertype:ip:udp:bvlc:bacnet:bacapp,35518
eth:ethertype:ip:udp:dhcp,34619
eth:ethertype:ip:udp:srvloc,33721
eth:ethertype:ip:udp:quic:tls,28249
eth:ethertype:ip:udp:rmcp:ipmi_session:data,25055
eth:ethertype:ip:udp:rip,24688
eth:ethertype:ip:udp:udpencap:esp,22615
eth:ethertype:ip:udp:xdmcp,22409
eth:ethertype:ip:udp:gquic,20077
eth:ethertype:ip:udp:kerberos,19040
eth:ethertype:ip:udp:rdpudp,16600
eth:ethertype:ip:udp:pfcp,16450
eth:ethertype:ip:udp:radius,16437
eth:ethertype:ip:udp:lwapp:data,15296
eth:ethertype:ip:udp:hart_ip,14778
eth:ethertype:ip:udp:echo,14130
eth:ethertype:ip:udp:tftp,13663
eth:ethertype:ip:udp:enip,13588
eth:ethertype:ip:udp:omron,13456
eth:ethertype:ip:udp:classicstun,13376
eth:ethertype:ip:udp:nbdgm:smb:browser,13207
eth:ethertype:ip:udp:gtp:gtpv2,11597
eth:ethertype:ip:udp:daytime,10582
eth:ethertype:ip:udp:quake3,10330
eth:ethertype:ip:udp:time,10285
eth:ethertype:ip:udp:ecatf:ecat,10003
eth:ethertype:ip:udp:steam_ihs_discovery,9928
eth:ethertype:ip:udp:bfd,8879
eth:ethertype:ip:udp:rtcp,7777
eth:ethertype:ip:udp:udpencap:isakmp,6731
eth:ethertype:ip:udp:kip,6153
eth:ethertype:ip:udp:mgcp,5483
eth:ethertype:ip:udp:teredo:ipv6,4303
eth:ethertype:ip:udp:quic,3810
eth:ethertype:ip:udp:coap:data,3607
eth:ethertype:ip:udp:rmcp:asf,3336
eth:ethertype:ip:udp:iax2,2402
eth:ethertype:ip:udp:mndp,1855
eth:ethertype:ip:udp:rtps,1576
eth:ethertype:ip:udp:gtpprime,1536
eth:ethertype:ip:udp:cipio,1517
eth:ethertype:ip:udp:llc:data,1464
eth:ethertype:ip:udp:dis,1455
eth:ethertype:ip:udp:raknet:raknet,1406
eth:ethertype:ip:udp:wtp,1118
eth:ethertype:ip:udp:wisun.eapol_relay:eapol:data,1069
eth:ethertype:ip:udp:quake3:data,889
eth:ethertype:ip:udp:ssdp:data,606
eth:ethertype:ip:udp:pktc.mtafqdn,560
eth:ethertype:ip:udp:wtls,509
eth:ethertype:ip:udp:corosync_totemnet:data,486
eth:ethertype:ip:udp:teredo:ipv6:icmpv6,447
eth:ethertype:ip:udp:raknet:raknet:raknet,417
eth:ethertype:ip:udp:elasticsearch,407
eth:ethertype:ip:udp:icp,393
eth:ethertype:ip:udp:mint,373
eth:ethertype:ip:udp:radius:eap,363
eth:ethertype:ip:udp:dof,356
eth:ethertype:ip:udp:db-lsp-disc,348
eth:ethertype:ip:udp:tacacs,327
eth:ethertype:ip:udp:ayiya,322
eth:ethertype:ip:udp:iax2:data,300
eth:ethertype:ip:udp:asterix,288
eth:ethertype:ip:udp:stun:data,287
eth:ethertype:ip:udp:nano,277
eth:ethertype:ip:udp:pktc,259
eth:ethertype:ip:udp:gsmtap:data,245
eth:ethertype:ip:udp:quakeworld:data,243
eth:ethertype:ip:udp:idn,239
eth:ethertype:ip:udp:collectd,236
eth:ethertype:ip:udp:h248,235
eth:ethertype:ip:udp:scop:data,225
eth:ethertype:ip:udp:capwap.data,225
eth:ethertype:ip:udp:ulp,222
eth:ethertype:ip:udp:adp,220
eth:ethertype:ip:udp:amt,219
eth:ethertype:ip:udp:infiniband,213
eth:ethertype:ip:udp:uaudp,206
eth:ethertype:ip:udp:msproxy,203
eth:ethertype:ip:udp:pn_rt:pn_io,202
eth:ethertype:ip:udp:llmnr,188
eth:ethertype:ip:udp:mikey,187
eth:ethertype:ip:udp:sbus,182
eth:ethertype:ip:udp:bjnp,182
eth:ethertype:ip:udp:ecatf:data,182
eth:ethertype:ip:udp:gprs-ns,175
eth:ethertype:ip:udp:ieee1722:data,172
eth:ethertype:ip:udp:wsp,170
eth:ethertype:ip:udp:gre:data,159
eth:ethertype:ip:udp:sap,157
eth:ethertype:ip:udp:bfd_echo,156
eth:ethertype:ip:udp:h501,151
eth:ethertype:ip:udp:tpcp,151
eth:ethertype:ip:udp:knet,146
eth:ethertype:ip:udp:ath,144
eth:ethertype:ip:udp:bat:data,142
eth:ethertype:ip:udp:c1222,135
eth:ethertype:ip:udp:h225,129
eth:ethertype:ip:udp:pn_rt:pn_ptcp,128
eth:ethertype:ip:udp:ecmp,125
eth:ethertype:ip:udp:dpnet,124
eth:ethertype:ip:udp:cnip,124
eth:ethertype:ip:udp:raknet,121
eth:ethertype:ip:udp:mipv6,120
eth:ethertype:ip:udp:sctp,119
eth:ethertype:ip:udp:hiqnet,116
eth:ethertype:ip:udp:ipvs,114
eth:ethertype:ip:udp:ts2,111
eth:ethertype:ip:udp:vxlan:eth:ethertype:data,111
eth:ethertype:ip:udp:manolito,109
eth:ethertype:ip:udp:kink,105
eth:ethertype:ip:udp:tzsp,102
eth:ethertype:ip:udp:kdp,98
eth:ethertype:ip:udp:bat.vis:data,95
eth:ethertype:ip:udp:nbdgm:smb:data,95
eth:ethertype:ip:udp:dcc,92
eth:ethertype:ip:udp:doip,91
eth:ethertype:ip:udp:iapp,91
eth:ethertype:ip:udp:opensafety:data,90
eth:ethertype:ip:udp:tetra,89
eth:ethertype:ip:udp:teredo:data,88
eth:ethertype:ip:udp:tipc,86
eth:ethertype:ip:udp:rdt,85
eth:ethertype:ip:udp:bat.gw:data,83
eth:ethertype:ip:udp:a21,82
eth:ethertype:ip:udp:sabp,82
eth:ethertype:ip:udp:enrp,81
eth:ethertype:ip:udp:ajns,81
eth:ethertype:ip:udp:geneve:data,81
eth:ethertype:ip:udp:ax4000,79
eth:ethertype:ip:udp:tplink-smarthome:json:data-text-lines,79
eth:ethertype:ip:udp:hcrt,78
eth:ethertype:ip:udp:quake:data,75
eth:ethertype:ip:udp:cnip:data,74
eth:ethertype:ip:udp:udt,72
eth:ethertype:ip:udp:egd:data,70
eth:ethertype:ip:udp:lisp-data,67
eth:ethertype:ip:udp:asap,67
eth:ethertype:ip:udp:vuze-dht,65
eth:ethertype:ip:udp:lwapp:wlan,63
eth:ethertype:ip:udp:dvb_ipdc:data,61
eth:ethertype:ip:udp:rsvp,61
eth:ethertype:ip:udp:vxlan:eth:llc:data,61
eth:ethertype:ip:udp:rsip,59
eth:ethertype:ip:udp:megaco:data,59
eth:ethertype:ip:udp:eth:ethertype:data,58
eth:ethertype:ip:udp:opensafety_udp:data,57
eth:ethertype:ip:udp:enttec,57
eth:ethertype:ip:udp:sap:sdp,56
eth:ethertype:ip:udp:wg,55
eth:ethertype:ip:udp:geneve,54
eth:ethertype:ip:udp:mih,53
eth:ethertype:ip:udp:vrt,52
eth:ethertype:ip:udp:goose:cotp,49
eth:ethertype:ip:udp:lwapp:wlan:data,48
eth:ethertype:ip:udp:quake2:data,48
eth:ethertype:ip:udp:lisp,44
eth:ethertype:ip:udp:gre,43
eth:ethertype:ip:udp:wlccp,43
eth:ethertype:ip:udp:lisp:data,41
eth:ethertype:ip:udp:thrift,39
eth:ethertype:ip:udp:mpls,39
eth:ethertype:ip:udp:capwap.data:dtls,38
eth:ethertype:ip:udp:nxp_802154_sniffer,36
eth:ethertype:ip:udp:capwap:dtls,35
eth:ethertype:ip:udp:gsmtap,31
eth:ethertype:ip:udp:quake2,30
eth:ethertype:ip:udp:nxp_802154_sniffer:wpan,29
eth:ethertype:ip:udp:snmp:snmp,28
eth:ethertype:ip:udp:dlsw,27
eth:ethertype:ip:udp:dhcpv6,26
eth:ethertype:ip:udp:ecatf:ecat_mailbox,25
eth:ethertype:ip:udp:ripng,23
eth:ethertype:ip:udp:ltp,23
eth:ethertype:ip:udp:rtpproxy,21
eth:ethertype:ip:udp:llc,21
eth:ethertype:ip:udp:dmp,21
eth:ethertype:ip:udp:xyplex,21
eth:ethertype:ip:udp:wol,21
eth:ethertype:ip:udp:ardp,20
eth:ethertype:ip:udp:mpls-echo,19
eth:ethertype:ip:udp:mpls:data,18
eth:ethertype:ip:udp:wisun.eapol_relay,18
eth:ethertype:ip:udp:wtp:wsp,18
eth:ethertype:ip:udp:sabp:sabp,17
eth:ethertype:ip:udp:lwres,16
eth:ethertype:ip:udp:infiniband:data,16
eth:ethertype:ip:udp:eth,16
eth:ethertype:ip:udp:find,16
eth:ethertype:ip:udp:kpasswd,15
eth:ethertype:ip:udp:auto_rp,15
eth:ethertype:ip:udp:lmp,15
eth:ethertype:ip:udp:dcp-etsi:dcp-af,15
eth:ethertype:ip:udp:acdr,14
eth:ethertype:ip:udp:vxlan:eth,14
eth:ethertype:ip:udp:ecatf:ioraw,14
eth:ethertype:ip:udp:egd,14
eth:ethertype:ip:udp:rx,13
eth:ethertype:ip:udp:lbtrm,13
eth:ethertype:ip:udp:scop,13
eth:ethertype:ip:udp:dcp-etsi:dcp-pft,13
eth:ethertype:ip:udp:mip,12
eth:ethertype:ip:udp:dlep,12
eth:ethertype:ip:udp:dvb_ipdc:alc:data,12
eth:ethertype:ip:udp:rsp,11
eth:ethertype:ip:udp:data:vssmonitoring,11
eth:ethertype:ip:udp:sip:data-text-lines:xml,11
eth:ethertype:ip:udp:lisp-data:ip:data,11
eth:ethertype:ip:udp:msmms,10
eth:ethertype:ip:udp:nbdgm,10
eth:ethertype:ip:udp:gprs-ns:bssgp,10
eth:ethertype:ip:udp:pathport,10
eth:ethertype:ip:udp:pn_rt,10
eth:ethertype:ip:udp:tzsp:data,9
eth:ethertype:ip:udp:cups,9
eth:ethertype:ip:udp:mpls:ipv6:data,9
eth:ethertype:ip:udp:slimp3,9
eth:ethertype:ip:udp:quic:tls:tls:tls:tls:tls:tls:tls,9
eth:ethertype:ip:udp:tsp,8
eth:ethertype:ip:udp:lwapp,8
eth:ethertype:ip:udp:who,8
eth:ethertype:ip:udp:amt:ip,8
eth:ethertype:ip:udp:sigcomp,8
eth:ethertype:ip:udp:mpls:ipv6,8
eth:ethertype:ip:udp:ncp,8
eth:ethertype:ip:udp:wisun.eapol_relay:eapol,8
eth:ethertype:ip:udp:ipx,7
eth:ethertype:ip:udp:nxp_802154_sniffer:wpan:data,7
eth:ethertype:ip:udp:lisp-data:ipv6,7
eth:ethertype:ip:udp:ieee1722:iec61883,7
eth:ethertype:ip:udp:mpls:ip,7
eth:ethertype:ip:udp:quic:tls:tls,7
eth:ethertype:ip:udp:rx:afs,7
eth:ethertype:ip:udp:capwap.data:eth:ethertype:data,6
eth:ethertype:ip:udp:ipx:data,6
eth:ethertype:ip:udp:cpfi,6
eth:ethertype:ip:udp:quic:tls:tls:tls:tls:tls:tls:tls:tls,6
eth:ethertype:ip:udp:ecatf:tc_nv,6
eth:ethertype:ip:udp:l2tp:data,6
eth:ethertype:ip:udp:quake,5
eth:ethertype:ip:udp:ieee1722,5
eth:ethertype:ip:udp:dvb_ipdc:alc:rmt-lct,5
eth:ethertype:ip:udp:ptp,5
eth:ethertype:ip:udp:packetbb,5
eth:ethertype:ip:udp:quic:tls:tls:tls,5
eth:ethertype:ip:udp:quic:tls:tls:tls:tls,5
eth:ethertype:ip:udp:icq,5
eth:ethertype:ip:udp:tapa,4
eth:ethertype:ip:udp:goose:cotp:goose,4
eth:ethertype:ip:udp:quakeworld,4
eth:ethertype:ip:udp:mint:eth:ethertype:data,4
eth:ethertype:ip:udp:olsr,4
eth:ethertype:ip:udp:llc:osi:data,4
eth:ethertype:ip:udp:bat.gw,4
eth:ethertype:ip:udp:mpls:pwethheuristic:pwethcw:eth,4
eth:ethertype:ip:udp:quic:tls:tls:tls:tls:tls:tls:tls:tls:tls,4
eth:ethertype:ip:udp:quic:tls:tls:tls:tls:tls:tls:tls:tls:tls:tls,4
eth:ethertype:ip:udp:quic:tls:tls:tls:tls:tls,4
eth:ethertype:ip:udp:quic:tls:tls:tls:tls:tls:tls,4
eth:ethertype:ip:udp:jmirror:ipv6,4
eth:ethertype:ip:udp:rpc:nfs,4
eth:ethertype:ip:udp:capwap.data:data,3
eth:ethertype:ip:udp:armagetronad,3
eth:ethertype:ip:udp:caneth:data:data,3
eth:ethertype:ip:udp:sip:sigcomp,3
eth:ethertype:ip:udp:llc:sna:data,3
eth:ethertype:ip:udp:l2tp:ppp:data,3
eth:ethertype:ip:udp:gtp:ip:tcp,3
eth:ethertype:ip:udp:oicq,2
eth:ethertype:ip:udp:acdr:data,2
eth:ethertype:ip:udp:teredo,2
eth:ethertype:ip:udp:hip,2
eth:ethertype:ip:udp:sflow,2
eth:ethertype:ip:udp:bat.gw:ip,2
eth:ethertype:ip:udp:opensafety_udp,2
eth:ethertype:ip:udp:ecatf,2
eth:ethertype:ip:udp:vxlan,2
eth:ethertype:ip:udp:adwin,2
eth:ethertype:ip:udp:wccp,2
eth:ethertype:ip:udp:ltp:data,2
eth:ethertype:ip:udp:mpls:pwethheuristic:pwethnocw:eth:ethertype:data,2
eth:ethertype:ip:udp:ddtp,2
eth:ethertype:ip:udp:actrace,2
eth:ethertype:ip:udp:cnip:lon,2
eth:ethertype:ip:udp:megaco,2
eth:ethertype:ip:udp:bat.vis,2
eth:ethertype:ip:udp:lisp-data:ipv6:data,2
eth:ethertype:ip:udp:rdpudp:data,2
eth:ethertype:ip:udp:gtp:ip:tcp:tls,2
eth:ethertype:ip:udp:aodv,1
eth:ethertype:ip:udp:ieee1722:aaf,1
eth:ethertype:ip:udp:ieee1722:tscf:acf,1
eth:ethertype:ip:udp:ieee1722:ieee17221,1
eth:ethertype:ip:udp:acdr:ip:data,1
eth:ethertype:ip:udp:dvb_ipdc:alc:rmt-lct:data,1
eth:ethertype:ip:udp:teredo:ipv6:data,1
eth:ethertype:ip:udp:cigi,1
eth:ethertype:ip:udp:mpls:pwethheuristic:pwethcw:eth:llc:data,1
eth:ethertype:ip:udp:udpencap,1
eth:ethertype:ip:udp:quic:tls:tls:tls:tls:tls:tls:tls:tls:tls:tls:tls,1
eth:ethertype:ip:udp:ayiya:dsr:ipv6.hopopts:ipv6.hopopts,1
eth:ethertype:ip:udp:papi,1
eth:ethertype:ip:udp:llc:ip,1
eth:ethertype:ip:udp:a11,1
eth:ethertype:ip:udp:epl,1
eth:ethertype:ip:udp:bundle:bundle,1
eth:ethertype:ip:udp:rsp:asf:data,1
eth:ethertype:ip:udp:mbudp:modbus,1
eth:ethertype:ip:udp:gsmtap:gsm_sim,1
eth:ethertype:ip:udp:mpls:pwethheuristic:pwethcw:eth:ethertype:data,1
eth:ethertype:ip:udp:rsp:data,1
eth:ethertype:ip:udp:edonkey,1
eth:ethertype:ip:udp:eth:llc,1
eth:ethertype:ip:udp:scop:wpan,1
eth:ethertype:ip:udp:mdns:vssmonitoring,1
eth:ethertype:ip:udp:eth:llc:data,1
eth:ethertype:ip:udp:nbdgm:smb:smb_netlogon,1
eth:ethertype:ip:udp:lisp-data:ip,1
eth:ethertype:ip:udp:amt:ip:ipv6:data,1
eth:ethertype:ip:udp:lbtru,1
eth:ethertype:ip:udp:mp2t,1
eth:ethertype:ip:udp:jmirror:ipv6:data,1
