eth:ethertype:ip:udp:data,11012964
eth:ethertype:ip:udp:stun,6728733
eth:ethertype:ip:udp:syslog,5055157
eth:ethertype:ip:udp:dns,4181448
eth:ethertype:ip:udp:snmp,3203512
eth:ethertype:ip:udp:ntp,2152942
eth:ethertype:ip:data,1607078
eth:ethertype:ip:udp:nbns,606798
eth:ethertype:ip:udp:sip,600920
eth:ethertype:ip:udp:coap,173686
eth:ethertype:ip:udp:ssdp,154877
eth:ethertype:ip:udp:cflow,149241
eth:ethertype:ip:udp:cldap,131191
eth:ethertype:ip:udp:openvpn,108733
eth:ethertype:ip:udp:sip:xml,101965
eth:ethertype:ip:udp:mdns,100411
eth:ethertype:ip:udp:isakmp,87213
eth:ethertype:ip:udp:dhcp,85542
eth:ethertype:ip:udp:memcache,68291
eth:ethertype:ip:udp:rpc,62212
eth:ethertype:ip:udp:dtls,61365
eth:ethertype:ip:udp:gtp,54242
eth:ethertype:ip:udp:classicstun,53353
eth:ethertype:ip:udp:sip:data-text-lines,52792
eth:ethertype:ip:udp:portcontrol,45585
eth:ethertype:ip:udp:capwap,44811
eth:ethertype:ip:udp:bvlc:bacnet:bacapp,41602
eth:ethertype:ip:udp:udpencap:esp,40366
eth:ethertype:ip:udp,38458
eth:ethertype:ip:udp:srvloc,37502
eth:ethertype:ip:udp:l2tp,26316
eth:ethertype:ip:udp:quic:tls,25107
eth:ethertype:ip:udp:xdmcp,21663
eth:ethertype:ip:udp:gquic,20466
eth:ethertype:ip:udp:kerberos,19758
eth:ethertype:ip:udp:lwapp:data,17258
eth:ethertype:ip:udp:radius,17125
eth:ethertype:ip:udp:chargen,16987
eth:ethertype:ip:udp:rdpudp,15308
eth:ethertype:ip:udp:rmcp:ipmi_session:data,13857
eth:ethertype:ip:udp:enip,13581
eth:ethertype:ip:udp:omron,13447
eth:ethertype:ip:udp:echo,13157
eth:ethertype:ip:udp:rip,13022
eth:ethertype:ip:udp:nbdgm:smb:browser,12995
eth:ethertype:ip:udp:quic,12672
eth:ethertype:ip:udp:tftp,12596
eth:ethertype:ip:udp:gtp:gtpv2,11586
eth:ethertype:ip:udp:knet,10836
eth:ethertype:ip:udp:daytime,10423
eth:ethertype:ip:udp:time,10417
eth:ethertype:ip:udp:ecatf:ecat,10054
eth:ethertype:ip:udp:bfd,9962
eth:ethertype:ip:udp:steam_ihs_discovery,9108
eth:ethertype:ip:udp:udpencap:isakmp,6893
eth:ethertype:ip:udp:rtcp,6468
eth:ethertype:ip:udp:kip,6272
eth:ethertype:ip:udp:wsp,6117
eth:ethertype:ip:udp:hart_ip,5055
eth:ethertype:ip:udp:mgcp,4810
eth:ethertype:ip:udp:teredo:ipv6,4319
eth:ethertype:ip:udp:coap:data,3522
eth:ethertype:ip:udp:llmnr,3499
eth:ethertype:ip:udp:rmcp:asf,3392
eth:ethertype:ip:udp:teredo:ipv6:icmpv6,3101
eth:ethertype:ip:udp:caneth:data:data,2208
eth:ethertype:ip:udp:quake3:data,2084
eth:ethertype:ip:udp:wisun.eapol_relay:eapol:data,1946
eth:ethertype:ip:udp:rtps,1449
eth:ethertype:ip:udp:dis,1314
eth:ethertype:ip:udp:gtpprime,1306
eth:ethertype:ip:udp:cipio,1257
eth:ethertype:ip:udp:raknet:raknet,1211
eth:ethertype:ip:udp:llc:data,1170
eth:ethertype:ip:udp:radius:eap,1084
eth:ethertype:ip:udp:hcrt,986
eth:ethertype:ip:udp:opensafety_udp:data,843
eth:ethertype:ip:udp:vrt,754
eth:ethertype:ip:udp:iapp,742
eth:ethertype:ip:udp:corosync_totemnet:data,709
eth:ethertype:ip:udp:wg,680
eth:ethertype:ip:udp:ieee1722:data,678
eth:ethertype:ip:udp:mikey,673
eth:ethertype:ip:udp:vuze-dht,659
eth:ethertype:ip:udp:ssdp:data,646
eth:ethertype:ip:udp:asterix,637
eth:ethertype:ip:udp:ath,607
eth:ethertype:ip:udp:ardp,602
eth:ethertype:ip:udp:h225,557
eth:ethertype:ip:udp:hiqnet,538
eth:ethertype:ip:udp:nxp_802154_sniffer:wpan,524
eth:ethertype:ip:udp:wlccp,516
eth:ethertype:ip:udp:ecatf:data,476
eth:ethertype:ip:udp:enrp,471
eth:ethertype:ip:udp:pktc,468
eth:ethertype:ip:udp:mint,455
eth:ethertype:ip:udp:c1222,454
eth:ethertype:ip:udp:icp,426
eth:ethertype:ip:udp:ipvs,418
eth:ethertype:ip:udp:iax2,415
eth:ethertype:ip:udp:scop:data,409
eth:ethertype:ip:udp:db-lsp-disc,406
eth:ethertype:ip:udp:tzsp,392
eth:ethertype:ip:udp:enttec,391
eth:ethertype:ip:udp:uaudp,384
eth:ethertype:ip:udp:bat:data,373
eth:ethertype:ip:udp:sbus,362
eth:ethertype:ip:udp:mpls:data,350
eth:ethertype:ip:udp:pfcp,348
eth:ethertype:ip:udp:lwapp:wlan,340
eth:ethertype:ip:udp:rsip,339
eth:ethertype:ip:udp:cnip,338
eth:ethertype:ip:udp:a21,335
eth:ethertype:ip:udp:opensafety:data,327
eth:ethertype:ip:udp:wtls,321
eth:ethertype:ip:udp:asap,320
eth:ethertype:ip:udp:ajns,310
eth:ethertype:ip:udp:sabp:sabp,309
eth:ethertype:ip:udp:manolito,308
eth:ethertype:ip:udp:gprs-ns:bssgp,305
eth:ethertype:ip:udp:dof,297
eth:ethertype:ip:udp:rsvp,295
eth:ethertype:ip:udp:tipc,275
eth:ethertype:ip:udp:elasticsearch,271
eth:ethertype:ip:udp:quake3,270
eth:ethertype:ip:udp:adp,264
eth:ethertype:ip:udp:pktc.mtafqdn,264
eth:ethertype:ip:udp:kink,250
eth:ethertype:ip:udp:capwap.data,246
eth:ethertype:ip:udp:kdp,246
eth:ethertype:ip:udp:tetra,239
eth:ethertype:ip:udp:quake:data,231
eth:ethertype:ip:udp:rx,226
eth:ethertype:ip:udp:h248,224
eth:ethertype:ip:udp:mipv6,222
eth:ethertype:ip:udp:tacacs,221
eth:ethertype:ip:udp:gprs-ns,218
eth:ethertype:ip:udp:egd:data,209
eth:ethertype:ip:udp:tplink-smarthome:json:data-text-lines,207
eth:ethertype:ip:udp:teredo:data,203
eth:ethertype:ip:udp:bjnp,196
eth:ethertype:ip:udp:gsmtap:data,177
eth:ethertype:ip:udp:iax2:data,156
eth:ethertype:ip:udp:ulp,151
eth:ethertype:ip:udp:doip,151
eth:ethertype:ip:udp:pn_rt:pn_io,150
eth:ethertype:ip:udp:mpls-echo,145
eth:ethertype:ip:udp:ecmp,144
eth:ethertype:ip:udp:infiniband,142
eth:ethertype:ip:udp:bfd_echo,140
eth:ethertype:ip:udp:megaco:data,139
eth:ethertype:ip:udp:bat.vis:data,136
eth:ethertype:ip:udp:quakeworld:data,135
eth:ethertype:ip:udp:pn_rt:pn_ptcp,135
eth:ethertype:ip:udp:sap,131
eth:ethertype:ip:udp:wtp,129
eth:ethertype:ip:udp:raknet:raknet:raknet,125
eth:ethertype:ip:udp:ayiya,123
eth:ethertype:ip:udp:mih,120
eth:ethertype:ip:udp:capwap.data:eth:ethertype:data,113
eth:ethertype:ip:udp:msproxy,109
eth:ethertype:ip:udp:h501,109
eth:ethertype:ip:udp:geneve:data,106
eth:ethertype:ip:udp:amt,106
eth:ethertype:ip:udp:mpls:ip:data,105
eth:ethertype:ip:udp:mpls:pwethheuristic:pwethcw:eth:ethertype:data,105
eth:ethertype:ip:udp:nxp_802154_sniffer,101
eth:ethertype:ip:udp:nbdgm:smb:data,94
eth:ethertype:ip:udp:ax4000,93
eth:ethertype:ip:udp:raknet,93
eth:ethertype:ip:udp:idn,93
eth:ethertype:ip:udp:stun:data,92
eth:ethertype:ip:udp:sctp,91
eth:ethertype:ip:udp:lwapp:wlan:data,82
eth:ethertype:ip:udp:lisp-data,81
eth:ethertype:ip:udp:dvb_ipdc:data,81
eth:ethertype:ip:udp:rdt,79
eth:ethertype:ip:udp:ts2,74
eth:ethertype:ip:udp:collectd,72
eth:ethertype:ip:udp:sap:sdp,72
eth:ethertype:ip:udp:tipc:data,71
eth:ethertype:ip:udp:nano,70
eth:ethertype:ip:udp:bat.gw:data,66
eth:ethertype:ip:udp:dpnet,64
eth:ethertype:ip:udp:mpls:ipv6:data,64
eth:ethertype:ip:udp:geneve,64
eth:ethertype:ip:udp:gre,61
eth:ethertype:ip:udp:capwap.data:dtls,61
eth:ethertype:ip:udp:eth:ethertype:data,57
eth:ethertype:ip:udp:lisp:data,53
eth:ethertype:ip:udp:gsmtap,52
eth:ethertype:ip:udp:sabp,47
eth:ethertype:ip:udp:mpls:ipv6:ipv6.hopopts,45
eth:ethertype:ip:udp:quake2:data,43
eth:ethertype:ip:udp:vxlan:eth:ethertype:data,41
eth:ethertype:ip:udp:mpls,41
eth:ethertype:ip:udp:mpls:ip,40
eth:ethertype:ip:udp:lisp,37
eth:ethertype:ip:udp:dcc,36
eth:ethertype:ip:udp:ecatf:tc_nv,36
eth:ethertype:ip:udp:lisp-data:ip,35
eth:ethertype:ip:udp:wtp:wsp,35
eth:ethertype:ip:udp:thrift,35
eth:ethertype:ip:udp:slimp3,33
eth:ethertype:ip:udp:wisun.eapol_relay:eapol,33
eth:ethertype:ip:udp:infiniband:data,32
eth:ethertype:ip:udp:data:vssmonitoring,32
eth:ethertype:ip:udp:goose:cotp,31
eth:ethertype:ip:udp:jmirror:ipv6:data,29
eth:ethertype:ip:udp:egd,27
eth:ethertype:ip:udp:cnip:data,26
eth:ethertype:ip:udp:dmp,24
eth:ethertype:ip:udp:wol,24
eth:ethertype:ip:udp:rpc:portmap,24
eth:ethertype:ip:udp:capwap:dtls,21
eth:ethertype:ip:udp:l2tp:data,20
eth:ethertype:ip:udp:sip:sdp,20
eth:ethertype:ip:udp:gre:data,19
eth:ethertype:ip:udp:dhcpv6,18
eth:ethertype:ip:udp:wisun.eapol_relay,18
eth:ethertype:ip:udp:dvb_ipdc:alc:data,18
eth:ethertype:ip:udp:vxlan:eth,17
eth:ethertype:ip:udp:nbdgm,16
eth:ethertype:ip:udp:xyplex,15
eth:ethertype:ip:udp:sabp:sabp:sabp,15
eth:ethertype:ip:udp:eth,14
eth:ethertype:ip:udp:ripng,13
eth:ethertype:ip:udp:quake2,12
eth:ethertype:ip:udp:mpls:ipv6,12
eth:ethertype:ip:udp:rsp,11
eth:ethertype:ip:udp:ltp,11
eth:ethertype:ip:udp:nxp_802154_sniffer:wpan:data,11
eth:ethertype:ip:udp:udt,11
eth:ethertype:ip:udp:find,10
eth:ethertype:ip:udp:llc,10
eth:ethertype:ip:udp:dlsw,9
eth:ethertype:ip:udp:ieee1722:iec61883,9
eth:ethertype:ip:udp:lmp,9
eth:ethertype:ip:udp:pn_rt,9
eth:ethertype:ip:udp:kpasswd,9
eth:ethertype:ip:udp:tsp,8
eth:ethertype:ip:udp:who,8
eth:ethertype:ip:udp:mndp,8
eth:ethertype:ip:udp:scop:wpan,8
eth:ethertype:ip:udp:rx:afs,8
eth:ethertype:ip:udp:sip:sigcomp,7
eth:ethertype:ip:udp:ncp,7
eth:ethertype:ip:udp:quakeworld,7
eth:ethertype:ip:udp:rdpudp:tls,7
eth:ethertype:ip:udp:mip,7
eth:ethertype:ip:udp:ddtp,7
eth:ethertype:ip:udp:amt:ip,7
eth:ethertype:ip:udp:quake,6
eth:ethertype:ip:udp:sigcomp,6
eth:ethertype:ip:udp:tapa,6
eth:ethertype:ip:udp:dcp-etsi:dcp-pft,6
eth:ethertype:ip:udp:data:f5ethtrailer,6
eth:ethertype:ip:udp:scop,6
eth:ethertype:ip:udp:dlep,6
eth:ethertype:ip:udp:ecatf:ioraw,5
eth:ethertype:ip:udp:tzsp:data,5
eth:ethertype:ip:udp:ipx:data,5
eth:ethertype:ip:udp:lwres,5
eth:ethertype:ip:udp:h225:data,5
eth:ethertype:ip:udp:mpls:pwach,5
eth:ethertype:ip:udp:jmirror:ipv6:ipv6.routing,4
eth:ethertype:ip:udp:epl,4
eth:ethertype:ip:udp:mint:eth:ethertype:data,4
eth:ethertype:ip:udp:cups,4
eth:ethertype:ip:udp:rtpproxy,4
eth:ethertype:ip:udp:armagetronad,4
eth:ethertype:ip:udp:mpls:ipv6:ipcomp:data,4
eth:ethertype:ip:udp:auto_rp,4
eth:ethertype:ip:udp:jmirror:ip:data,4
eth:ethertype:ip:udp:packetbb,4
eth:ethertype:ip:udp:mpls:pwach:data,4
eth:ethertype:ip:udp:capwap:data,4
eth:ethertype:ip:udp:lisp-data:ipv6,4
eth:ethertype:ip:udp:tplink-smarthome:json,4
eth:ethertype:ip:udp:ipx,3
eth:ethertype:ip:udp:dcp-etsi:dcp-af,3
eth:ethertype:ip:udp:pathport,3
eth:ethertype:ip:udp:olsr,3
eth:ethertype:ip:udp:llc:osi:data,3
eth:ethertype:ip:udp:mpls:ipv6:vines_frp:vines_ip:data,3
eth:ethertype:ip:udp:mpls:ipv6:vrrp,3
eth:ethertype:ip:udp:a11,3
eth:ethertype:ip:udp:msmms,3
eth:ethertype:ip:udp:tzsp:eth:ethertype:data,3
eth:ethertype:ip:udp:lbtrm,3
eth:ethertype:ip:udp:lwapp,3
eth:ethertype:ip:udp:bat.gw,3
eth:ethertype:ip:udp:wccp,2
eth:ethertype:ip:udp:acdr,2
eth:ethertype:ip:udp:adwin,2
eth:ethertype:ip:udp:ptp,2
eth:ethertype:ip:udp:dvb_ipdc:alc:rmt-lct,2
eth:ethertype:ip:udp:mpls:pwethheuristic:pwethcw:eth,2
eth:ethertype:ip:udp:uftp:uftp5,2
eth:ethertype:ip:udp:megaco,2
eth:ethertype:ip:udp:mpls:ipv6:lwl4,2
eth:ethertype:ip:udp:mpls:ipv6:osi:data,2
eth:ethertype:ip:udp:mpls:ipv6:ah,2
eth:ethertype:ip:udp:mpls:ipv6:pim,2
eth:ethertype:ip:udp:l2tp:ppp:data,2
eth:ethertype:ip:udp:bat.vis,2
eth:ethertype:ip:udp:jmirror:ipv6:vines_frp:vines_ip:data,2
eth:ethertype:ip:udp:jmirror:ipv6:lwl4,2
eth:ethertype:ip:udp:jmirror:ipv6:etherip:eth:llc,2
eth:ethertype:ip:udp:ltp:data,2
eth:ethertype:ip:udp:rmcp:ipmi_session,2
eth:ethertype:ip:udp:cpfi,2
eth:ethertype:ip:udp:db-lsp-disc:json,2
eth:ethertype:ip:udp:llc:sna:data,2
eth:ethertype:ip:udp:mpls:ipv6:pgm,2
eth:ethertype:ip:udp:mpls:ipv6:etherip:eth:ethertype:data,2
eth:ethertype:ip:udp:ecatf,2
eth:ethertype:ip:udp:ip,2
eth:ethertype:ip:udp:tpcp,2
eth:ethertype:ip:udp:wimaxasncp,1
eth:ethertype:ip:udp:vxlan:eth:llc:data,1
eth:ethertype:ip:udp:uaudp:ua:ua3g,1
eth:ethertype:ip:udp:lisp-data:ip:data,1
eth:ethertype:ip:udp:ayiya:mipv6,1
eth:ethertype:ip:udp:mpls:ipv6:l2tp:data,1
eth:ethertype:ip:udp:mpls:ipv6:nhrp,1
eth:ethertype:ip:udp:mpls:ipv6:osi:ip,1
eth:ethertype:ip:udp:mpls:ipv6:gre,1
eth:ethertype:ip:udp:mpls:ipv6:ipv6.routing,1
eth:ethertype:ip:udp:mpls:pwethheuristic:pwethnocw:eth:ethertype:data,1
eth:ethertype:ip:udp:jmirror:ipv6:esp,1
eth:ethertype:ip:udp:jmirror:ipv6:swipe,1
eth:ethertype:ip:udp:jmirror:ipv6:vrrp,1
eth:ethertype:ip:udp:jmirror:ipv6:l2tp:data,1
eth:ethertype:ip:udp:hip,1
eth:ethertype:ip:udp:cigi,1
eth:ethertype:ip:udp:dcerpc,1
eth:ethertype:ip:udp:actrace,1
eth:ethertype:ip:udp:teredo:ipv6:data,1
eth:ethertype:ip:udp:mdns:vssmonitoring,1
eth:ethertype:ip:udp:eth:llc:data,1
eth:ethertype:ip:udp:cnip:lon,1
eth:ethertype:ip:udp:ecatf:ecat_mailbox,1
eth:ethertype:ip:udp:aodv,1
eth:ethertype:ip:udp:papi,1
eth:ethertype:ip:udp:rdpudp:dtls,1
eth:ethertype:ip:udp:mpls:pwethheuristic:data,1
eth:ethertype:ip:udp:jmirror:ipv6:dsr,1
eth:ethertype:ip:udp:jmirror:ipv6:osi:data,1
eth:ethertype:ip:udp:capwap.data:data,1
eth:ethertype:ip:udp:ieee1722,1
eth:ethertype:ip:udp:stun:tftp,1
eth:ethertype:ip:udp:dvb_ipdc:alc:rmt-lct:data,1
eth:ethertype:ip:udp:ssyncp,1
eth:ethertype:ip:udp:tzsp:tr,1
eth:ethertype:ip:udp:icq,1
