eth:ethertype:ip:udp:data,14604787
eth:ethertype:ip:udp:stun,10619835
eth:ethertype:ip:udp:dns,4390342
eth:ethertype:ip:udp:syslog,4147693
eth:ethertype:ip:udp:ntp,2363209
eth:ethertype:ip:udp:snmp,1885508
eth:ethertype:ip:data,1697379
eth:ethertype:ip:udp:nbns,884558
eth:ethertype:ip:udp:sip,302807
eth:ethertype:ip:udp:coap,196718
eth:ethertype:ip:udp:cflow,143473
eth:ethertype:ip:udp:cldap,143029
eth:ethertype:ip:udp:ssdp,139940
eth:ethertype:ip:udp:openvpn,117478
eth:ethertype:ip:udp:sip:xml,100743
eth:ethertype:ip:udp:mdns,97762
eth:ethertype:ip:udp:rpc,73215
eth:ethertype:ip:udp:isakmp,73083
eth:ethertype:ip:udp:memcache,71980
eth:ethertype:ip:udp:dtls,62149
eth:ethertype:ip:udp:sip:data-text-lines,52817
eth:ethertype:ip:udp:dhcp,49615
eth:ethertype:ip:udp,46409
eth:ethertype:ip:udp:capwap,44512
eth:ethertype:ip:udp:portcontrol,44317
eth:ethertype:ip:udp:gtp,42019
eth:ethertype:ip:udp:srvloc,37395
eth:ethertype:ip:udp:l2tp,37220
eth:ethertype:ip:udp:bvlc:bacnet:bacapp,36680
eth:ethertype:ip:udp:chargen,35262
eth:ethertype:ip:udp:rmcp:ipmi_session:data,33909
eth:ethertype:ip:udp:rip,23939
eth:ethertype:ip:udp:udpencap:esp,22948
eth:ethertype:ip:udp:xdmcp,22523
eth:ethertype:ip:udp:quic:tls,21082
eth:ethertype:ip:udp:gquic,20367
eth:ethertype:ip:udp:kerberos,19718
eth:ethertype:ip:udp:rdpudp,18289
eth:ethertype:ip:udp:radius,17136
eth:ethertype:ip:udp:lwapp:data,16712
eth:ethertype:ip:udp:hart_ip,15136
eth:ethertype:ip:udp:classicstun,15024
eth:ethertype:ip:udp:enip,13834
eth:ethertype:ip:udp:omron,13762
eth:ethertype:ip:udp:echo,13706
eth:ethertype:ip:udp:tftp,13632
eth:ethertype:ip:udp:gtp:gtpv2,11645
eth:ethertype:ip:udp:nbdgm:smb:browser,10686
eth:ethertype:ip:udp:rpc:data,10513
eth:ethertype:ip:udp:time,10345
eth:ethertype:ip:udp:daytime,10317
eth:ethertype:ip:udp:ecatf:ecat,10047
eth:ethertype:ip:udp:bfd,9919
eth:ethertype:ip:udp:steam_ihs_discovery,9584
eth:ethertype:ip:udp:rtcp,7731
eth:ethertype:ip:udp:iax2,7715
eth:ethertype:ip:udp:kip,7121
eth:ethertype:ip:udp:udpencap:isakmp,6604
eth:ethertype:ip:udp:mgcp,5479
eth:ethertype:ip:udp:coap:data,3609
eth:ethertype:ip:udp:rmcp:asf,3421
eth:ethertype:ip:udp:quic,2769
eth:ethertype:ip:udp:teredo:ipv6,2373
eth:ethertype:ip:udp:llc:data,2180
eth:ethertype:ip:udp:coap:cbor,1980
eth:ethertype:ip:udp:wisun.eapol_relay:eapol:data,1754
eth:ethertype:ip:udp:wsp,1753
eth:ethertype:ip:udp:pktc.mtafqdn,1727
eth:ethertype:ip:udp:cipio,1712
eth:ethertype:ip:udp:quake3:data,1705
eth:ethertype:ip:udp:wg,1664
eth:ethertype:ip:udp:radius:eap,1468
eth:ethertype:ip:udp:wtls,1384
eth:ethertype:ip:udp:gtpprime,1374
eth:ethertype:ip:udp:asterix,1327
eth:ethertype:ip:udp:raknet:raknet,1182
eth:ethertype:ip:udp:corosync_totemnet:data,1181
eth:ethertype:ip:udp:dis,1114
eth:ethertype:ip:udp:rtps,1025
eth:ethertype:ip:udp:wlccp,965
eth:ethertype:ip:udp:elasticsearch,941
eth:ethertype:ip:udp:teredo:ipv6:icmpv6,814
eth:ethertype:ip:udp:scop:data,803
eth:ethertype:ip:udp:kink,740
eth:ethertype:ip:udp:manolito,739
eth:ethertype:ip:udp:rsip,712
eth:ethertype:ip:udp:ssdp:data,710
eth:ethertype:ip:udp:doip,659
eth:ethertype:ip:udp:mint,646
eth:ethertype:ip:udp:dof,644
eth:ethertype:ip:udp:ax4000,629
eth:ethertype:ip:udp:nxp_802154_sniffer:wpan,617
eth:ethertype:ip:udp:vxlan:eth:llc:data,613
eth:ethertype:ip:udp:mikey,606
eth:ethertype:ip:udp:kdp,604
eth:ethertype:ip:udp:rsvp,553
eth:ethertype:ip:udp:pfcp,542
eth:ethertype:ip:udp:h501,526
eth:ethertype:ip:udp:hcrt,511
eth:ethertype:ip:udp:ath,510
eth:ethertype:ip:udp:ieee1722:data,503
eth:ethertype:ip:udp:bat.gw:data,499
eth:ethertype:ip:udp:gprs-ns:bssgp,481
eth:ethertype:ip:udp:iax2:data,477
eth:ethertype:ip:udp:iapp,470
eth:ethertype:ip:udp:h225,450
eth:ethertype:ip:udp:asap,421
eth:ethertype:ip:udp:uaudp,421
eth:ethertype:ip:udp:gre:data,415
eth:ethertype:ip:udp:ulp,405
eth:ethertype:ip:udp:wtp,404
eth:ethertype:ip:udp:enrp,404
eth:ethertype:ip:udp:a21,396
eth:ethertype:ip:udp:teredo:data,393
eth:ethertype:ip:udp:rx,390
eth:ethertype:ip:udp:idn,385
eth:ethertype:ip:udp:collectd,374
eth:ethertype:ip:udp:enttec,373
eth:ethertype:ip:udp:egd:data,367
eth:ethertype:ip:udp:cnip,366
eth:ethertype:ip:udp:gprs-ns,357
eth:ethertype:ip:udp:bat.vis:data,350
eth:ethertype:ip:udp:h248,341
eth:ethertype:ip:udp:nano,338
eth:ethertype:ip:udp:mih,338
eth:ethertype:ip:udp:lisp-data,332
eth:ethertype:ip:udp:c1222,331
eth:ethertype:ip:udp:infiniband:data,317
eth:ethertype:ip:udp:pn_rt:pn_ptcp,310
eth:ethertype:ip:udp:llmnr,309
eth:ethertype:ip:udp:sctp,303
eth:ethertype:ip:udp:dcerpc,297
eth:ethertype:ip:udp:mipv6,278
eth:ethertype:ip:udp:icp,276
eth:ethertype:ip:udp:tzsp,267
eth:ethertype:ip:udp:ecatf:data,265
eth:ethertype:ip:udp:dpnet,259
eth:ethertype:ip:udp:ayiya,256
eth:ethertype:ip:udp:raknet:raknet:raknet,255
eth:ethertype:ip:udp:megaco:data,251
eth:ethertype:ip:udp:opensafety_udp:data,250
eth:ethertype:ip:udp:quake:data,246
eth:ethertype:ip:udp:knet,244
eth:ethertype:ip:udp:adp,240
eth:ethertype:ip:udp:lwapp:wlan,239
eth:ethertype:ip:udp:amt,230
eth:ethertype:ip:udp:raknet,229
eth:ethertype:ip:udp:sap,225
eth:ethertype:ip:udp:geneve:data,218
eth:ethertype:ip:udp:bjnp,195
eth:ethertype:ip:udp:pktc,194
eth:ethertype:ip:udp:gsmtap:data,184
eth:ethertype:ip:udp:db-lsp-disc,183
eth:ethertype:ip:udp:ardp,178
eth:ethertype:ip:udp:dmp,175
eth:ethertype:ip:udp:ts2,146
eth:ethertype:ip:udp:vuze-dht,141
eth:ethertype:ip:udp:tplink-smarthome:json:data-text-lines,136
eth:ethertype:ip:udp:vrt,130
eth:ethertype:ip:udp:bfd_echo,127
eth:ethertype:ip:udp:lwapp:wlan:data,126
eth:ethertype:ip:udp:tipc,126
eth:ethertype:ip:udp:tacacs,111
eth:ethertype:ip:udp:tetra,108
eth:ethertype:ip:udp:hiqnet,105
eth:ethertype:ip:udp:msproxy,105
eth:ethertype:ip:udp:nbdgm:smb:data,96
eth:ethertype:ip:udp:sap:sdp,94
eth:ethertype:ip:udp:rdt,92
eth:ethertype:ip:udp:pn_rt:pn_io,88
eth:ethertype:ip:udp:dvb_ipdc:data,87
eth:ethertype:ip:udp:lisp-data:ipv6:data,86
eth:ethertype:ip:udp:bat:data,85
eth:ethertype:ip:udp:quakeworld:data,85
eth:ethertype:ip:udp:ecmp,83
eth:ethertype:ip:udp:lisp-data:ip:data,82
eth:ethertype:ip:udp:goose:cotp,79
eth:ethertype:ip:udp:opensafety:data,69
eth:ethertype:ip:udp:ipvs,68
eth:ethertype:ip:udp:ajns,67
eth:ethertype:ip:udp:stun:data,66
eth:ethertype:ip:udp:gre,64
eth:ethertype:ip:udp:dcc,62
eth:ethertype:ip:udp:geneve,60
eth:ethertype:ip:udp:lisp,59
eth:ethertype:ip:udp:nxp_802154_sniffer,59
eth:ethertype:ip:udp:sabp:sabp,57
eth:ethertype:ip:udp:eth:ethertype:data,53
eth:ethertype:ip:udp:infiniband,53
eth:ethertype:ip:udp:quake2:data,52
eth:ethertype:ip:udp:capwap.data:dtls,45
eth:ethertype:ip:udp:quake3,44
eth:ethertype:ip:udp:gsmtap,40
eth:ethertype:ip:udp:capwap:dtls,40
eth:ethertype:ip:udp:dcp-etsi:dcp-pft,40
eth:ethertype:ip:udp:mpls:data,40
eth:ethertype:ip:udp:eth,40
eth:ethertype:ip:udp:lisp-data:ip,39
eth:ethertype:ip:udp:sabp,36
eth:ethertype:ip:udp:vxlan:eth:ethertype:data,36
eth:ethertype:ip:udp:capwap.data,36
eth:ethertype:ip:udp:wisun.eapol_relay,33
eth:ethertype:ip:udp:lisp:data,32
eth:ethertype:ip:udp:ecatf:ioraw,31
eth:ethertype:ip:udp:egd,27
eth:ethertype:ip:udp:thrift,27
eth:ethertype:ip:udp:sbus,26
eth:ethertype:ip:udp:wisun.eapol_relay:eapol,26
eth:ethertype:ip:udp:dhcpv6,24
eth:ethertype:ip:udp:cnip:data,24
eth:ethertype:ip:udp:wtp:wsp,22
eth:ethertype:ip:udp:wol,20
eth:ethertype:ip:udp:pathport,19
eth:ethertype:ip:udp:quake2,17
eth:ethertype:ip:udp:ltp,16
eth:ethertype:ip:udp:rx:afs,16
eth:ethertype:ip:udp:rtpproxy,14
eth:ethertype:ip:udp:sigcomp,13
eth:ethertype:ip:udp:pn_rt,13
eth:ethertype:ip:udp:mpls:ipv6:data,12
eth:ethertype:ip:udp:kpasswd,12
eth:ethertype:ip:udp:llc,11
eth:ethertype:ip:udp:ieee1722:iec61883,11
eth:ethertype:ip:udp:vxlan:eth,11
eth:ethertype:ip:udp:mndp,11
eth:ethertype:ip:udp:udt,11
eth:ethertype:ip:udp:dvb_ipdc:alc:data,11
eth:ethertype:ip:udp:dplay,11
eth:ethertype:ip:udp:mip,10
eth:ethertype:ip:udp:ripng,10
eth:ethertype:ip:udp:acdr,9
eth:ethertype:ip:udp:dlep,9
eth:ethertype:ip:udp:slimp3,9
eth:ethertype:ip:udp:ncp,9
eth:ethertype:ip:udp:sip:sdp,9
eth:ethertype:ip:udp:tsp,8
eth:ethertype:ip:udp:lmp,8
eth:ethertype:ip:udp:amt:ip,7
eth:ethertype:ip:udp:rsp,7
eth:ethertype:ip:udp:xyplex,7
eth:ethertype:ip:udp:who,7
eth:ethertype:ip:udp:quake,7
eth:ethertype:ip:udp:ipx,7
eth:ethertype:ip:udp:lwres,7
eth:ethertype:ip:udp:scop,7
eth:ethertype:ip:udp:bat.gw,6
eth:ethertype:ip:udp:mpls,6
eth:ethertype:ip:udp:nbdgm,6
eth:ethertype:ip:udp:dlsw,6
eth:ethertype:ip:udp:icq,6
eth:ethertype:ip:udp:l2tp:data,6
eth:ethertype:ip:udp:rdpudp:dtls,6
eth:ethertype:ip:udp:ieee1722:ieee17221,6
eth:ethertype:ip:udp:msmms,5
eth:ethertype:ip:udp:sip:sigcomp,5
eth:ethertype:ip:udp:data:vssmonitoring,5
eth:ethertype:ip:udp:nxp_802154_sniffer:wpan:data,5
eth:ethertype:ip:udp:l2tp:ppp:data,5
eth:ethertype:ip:udp:megaco,5
eth:ethertype:ip:udp:mpls:ip,5
eth:ethertype:ip:udp:capwap.data:data,5
eth:ethertype:ip:udp:lwapp,5
eth:ethertype:ip:udp:tzsp:data,5
eth:ethertype:ip:udp:find,5
eth:ethertype:ip:udp:mpls:ipv6,4
eth:ethertype:ip:udp:auto_rp,4
eth:ethertype:ip:udp:eth:llc:data,4
eth:ethertype:ip:udp:actrace,4
eth:ethertype:ip:udp:armagetronad,4
eth:ethertype:ip:udp:ecatf:ecat_mailbox,4
eth:ethertype:ip:udp:mpls:pwethheuristic:pwethcw:eth:ethertype:data,4
eth:ethertype:ip:udp:tpcp,4
eth:ethertype:ip:udp:lisp-data:ipv6:vrrp,4
eth:ethertype:ip:udp:llc:sna:data,4
eth:ethertype:ip:udp:rpc:nfs,4
eth:ethertype:ip:udp:quakeworld,3
eth:ethertype:ip:udp:lbtrm,3
eth:ethertype:ip:udp:goose:cotp:data,3
eth:ethertype:ip:udp:olsr,3
eth:ethertype:ip:udp:cups,3
eth:ethertype:ip:udp:adwin,3
eth:ethertype:ip:udp:lisp-data:ipv6:etherip:eth:ethertype:data,3
eth:ethertype:ip:udp:lisp-data:ipv6:ah,3
eth:ethertype:ip:udp:lisp-data:ipv6:vines_frp:vines_ip:data,3
eth:ethertype:ip:udp:lisp-data:ipv6:lwl4,3
eth:ethertype:ip:udp:lisp-data:ipv6,3
eth:ethertype:ip:udp:ieee1722:crf,3
eth:ethertype:ip:udp:gre:wlan,3
eth:ethertype:ip:udp:ieee1722,2
eth:ethertype:ip:udp:mpls:pwethheuristic:pwethnocw:eth:ethertype:data,2
eth:ethertype:ip:udp:wccp,2
eth:ethertype:ip:udp:teredo,2
eth:ethertype:ip:udp:mint:eth:ethertype:data,2
eth:ethertype:ip:udp:ecatf:tc_nv,2
eth:ethertype:ip:udp:dcp-etsi:dcp-af,2
eth:ethertype:ip:udp:scop:wpan,2
eth:ethertype:ip:udp:capwap.data:eth:ethertype:data,2
eth:ethertype:ip:udp:lwapp:wlan:llc:data,2
eth:ethertype:ip:udp:acdr:data,2
eth:ethertype:ip:udp:jmirror:ipv6:data,2
eth:ethertype:ip:udp:ptp,2
eth:ethertype:ip:udp:oicq,2
eth:ethertype:ip:udp:llc:ip,2
eth:ethertype:ip:udp:lisp-data:ipv6:nhrp,2
eth:ethertype:ip:udp:lisp-data:ipv6:esp,2
eth:ethertype:ip:udp:lisp-data:ipv6:ospf,2
eth:ethertype:ip:udp:lisp-data:ipv6:ipv6.routing,2
eth:ethertype:ip:udp:lisp-data:ipv6:dsr,2
eth:ethertype:ip:udp:eth:llc,2
eth:ethertype:ip:udp:nbdgm:smb:smb_netlogon,2
eth:ethertype:ip:udp:jmirror:ipv6,2
eth:ethertype:ip:udp:llc:ipx,1
eth:ethertype:ip:udp:papi,1
eth:ethertype:ip:udp:teredo:ipv6:dsr,1
eth:ethertype:ip:udp:udpencap,1
eth:ethertype:ip:udp:capwap:data,1
eth:ethertype:ip:udp:ipx:data,1
eth:ethertype:ip:udp:goose:cotp:goose,1
eth:ethertype:ip:udp:cpfi,1
eth:ethertype:ip:udp:bat.vis,1
eth:ethertype:ip:udp:snmp:data,1
eth:ethertype:ip:udp:h225:data,1
eth:ethertype:ip:udp:vxlan,1
eth:ethertype:ip:udp:mpls:pwach:data,1
eth:ethertype:ip:udp:dvb_ipdc:alc:rmt-lct,1
eth:ethertype:ip:udp:mdns:vssmonitoring,1
eth:ethertype:ip:udp:edonkey,1
eth:ethertype:ip:udp:opensafety_udp,1
eth:ethertype:ip:udp:mpls:pwethheuristic:pwethcw:eth,1
eth:ethertype:ip:udp:sflow,1
eth:ethertype:ip:udp:lisp-data:ipv6:l2tp:data,1
eth:ethertype:ip:udp:tapa,1
eth:ethertype:ip:udp:lisp-data:ipv6:eigrp,1
eth:ethertype:ip:udp:lisp-data:ipv6:gre,1
eth:ethertype:ip:udp:lisp-data:ipv6:pim,1
eth:ethertype:ip:udp:lisp-data:ipv6:ipcomp:data,1
eth:ethertype:ip:udp:wimaxasncp,1
eth:ethertype:ip:udp:mbudp:modbus,1
eth:ethertype:ip:udp:rdpudp:tls,1
eth:ethertype:ip:udp:hip,1
eth:ethertype:ip:udp:dvb_ipdc:alc:rmt-lct:data,1
eth:ethertype:ip:udp:aodv,1
eth:ethertype:ip:udp:ayiya:dsr:ipv6.hopopts:ipv6.hopopts,1
eth:ethertype:ip:udp:a11,1
eth:ethertype:ip:udp:ecatf:ams,1
eth:ethertype:ip:udp:cnip:lon,1
eth:ethertype:ip:udp:ecatf,1
eth:ethertype:ip:udp:bat.gw:ip,1
