eth:ethertype:ip:udp:stun,23010241
eth:ethertype:ip:udp:data,11160109
eth:ethertype:ip:udp:dns,3843082
eth:ethertype:ip:udp:syslog,2522064
eth:ethertype:ip:udp:ntp,2104461
eth:ethertype:ip:udp:snmp,2009719
eth:ethertype:ip:data,1635307
eth:ethertype:ip:udp:sip,567655
eth:ethertype:ip:udp:nbns,543420
eth:ethertype:ip:udp:cldap,210759
eth:ethertype:ip:udp:cflow,198496
eth:ethertype:ip:udp:coap,121581
eth:ethertype:ip:udp:mdns,103685
eth:ethertype:ip:udp:sip:xml,102088
eth:ethertype:ip:udp:ssdp,97055
eth:ethertype:ip:udp:rpc,84477
eth:ethertype:ip:udp:isakmp,76353
eth:ethertype:ip:udp:openvpn,72785
eth:ethertype:ip:udp,72715
eth:ethertype:ip:udp:memcache,60004
eth:ethertype:ip:udp:gtp,59624
eth:ethertype:ip:udp:dtls,57726
eth:ethertype:ip:udp:sip:data-text-lines,52880
eth:ethertype:ip:udp:portcontrol,46556
eth:ethertype:ip:udp:capwap,42318
eth:ethertype:ip:udp:l2tp,42253
eth:ethertype:ip:udp:srvloc,38811
eth:ethertype:ip:udp:bvlc:bacnet:bacapp,36439
eth:ethertype:ip:udp:quic:tls,35650
eth:ethertype:ip:udp:dhcp,32908
eth:ethertype:ip:udp:xdmcp,31978
eth:ethertype:ip:udp:rip,28328
eth:ethertype:ip:udp:chargen,27419
eth:ethertype:ip:udp:udpencap:esp,26227
eth:ethertype:ip:udp:bfd,25939
eth:ethertype:ip:udp:rmcp:ipmi_session:data,24077
eth:ethertype:ip:udp:gquic,20412
eth:ethertype:ip:udp:kerberos,18435
eth:ethertype:ip:udp:lwapp:data,17303
eth:ethertype:ip:udp:rdpudp,17005
eth:ethertype:ip:udp:radius,16616
eth:ethertype:ip:udp:classicstun,16423
eth:ethertype:ip:udp:gtp:gtpv2,13960
eth:ethertype:ip:udp:tftp,13747
eth:ethertype:ip:udp:echo,13525
eth:ethertype:ip:udp:omron,13430
eth:ethertype:ip:udp:enip,12685
eth:ethertype:ip:udp:daytime,11255
eth:ethertype:ip:udp:time,10313
eth:ethertype:ip:udp:ecatf:ecat,10195
eth:ethertype:ip:udp:steam_ihs_discovery,9630
eth:ethertype:ip:udp:kip,7317
eth:ethertype:ip:udp:hart_ip,7055
eth:ethertype:ip:udp:rtcp,6843
eth:ethertype:ip:udp:nbdgm:smb:browser,6649
eth:ethertype:ip:udp:udpencap:isakmp,6233
eth:ethertype:ip:udp:quic,6154
eth:ethertype:ip:udp:mgcp,5956
eth:ethertype:ip:udp:caneth:data:data,5285
eth:ethertype:ip:udp:raknet:raknet,4696
eth:ethertype:ip:udp:teredo:ipv6,4548
eth:ethertype:ip:udp:coap:data,3617
eth:ethertype:ip:udp:rmcp:asf,3531
eth:ethertype:ip:udp:quake3:data,3115
eth:ethertype:ip:udp:llmnr,2642
eth:ethertype:ip:udp:iax2,2596
eth:ethertype:ip:udp:wisun.eapol_relay:eapol:data,2421
eth:ethertype:ip:udp:dis,1893
eth:ethertype:ip:udp:nano,1879
eth:ethertype:ip:udp:gtpprime,1874
eth:ethertype:ip:udp:hcrt,1684
eth:ethertype:ip:udp:cnip,1680
eth:ethertype:ip:udp:kink,1679
eth:ethertype:ip:udp:cipio,1615
eth:ethertype:ip:udp:mint,1570
eth:ethertype:ip:udp:wtls,1488
eth:ethertype:ip:udp:rtps,1473
eth:ethertype:ip:udp:llc:data,1459
eth:ethertype:ip:udp:ayiya,1324
eth:ethertype:ip:udp:elasticsearch,1298
eth:ethertype:ip:udp:lwapp:wlan,1296
eth:ethertype:ip:udp:ath,1271
eth:ethertype:ip:udp:opensafety_udp:data,1213
eth:ethertype:ip:udp:dof,1204
eth:ethertype:ip:udp:ts2,1194
eth:ethertype:ip:udp:asterix,1179
eth:ethertype:ip:udp:pn_rt:pn_ptcp,1116
eth:ethertype:ip:udp:wsp,1055
eth:ethertype:ip:udp:ax4000,1054
eth:ethertype:ip:udp:mikey,1022
eth:ethertype:ip:udp:ieee1722:data,1012
eth:ethertype:ip:udp:doip,987
eth:ethertype:ip:udp:tplink-smarthome:json:data-text-lines,964
eth:ethertype:ip:udp:amt,959
eth:ethertype:ip:udp:corosync_totemnet:data,918
eth:ethertype:ip:udp:gsmtap:data,911
eth:ethertype:ip:udp:opensafety:data,895
eth:ethertype:ip:udp:tzsp,879
eth:ethertype:ip:udp:rsip,879
eth:ethertype:ip:udp:dpnet,848
eth:ethertype:ip:udp:wlccp,831
eth:ethertype:ip:udp:adp,817
eth:ethertype:ip:udp:idn,803
eth:ethertype:ip:udp:vxlan:eth:ethertype:data,782
eth:ethertype:ip:udp:bat:data,766
eth:ethertype:ip:udp:ecatf:data,763
eth:ethertype:ip:udp:ssdp:data,754
eth:ethertype:ip:udp:h225,746
eth:ethertype:ip:udp:tetra,740
eth:ethertype:ip:udp:db-lsp-disc,734
eth:ethertype:ip:udp:mpls-echo,725
eth:ethertype:ip:udp:manolito,724
eth:ethertype:ip:udp:rdt,721
eth:ethertype:ip:udp:hiqnet,714
eth:ethertype:ip:udp:sap,696
eth:ethertype:ip:udp:a21,678
eth:ethertype:ip:udp:nxp_802154_sniffer:wpan,674
eth:ethertype:ip:udp:dmp,660
eth:ethertype:ip:udp:scop:data,656
eth:ethertype:ip:udp:h248,654
eth:ethertype:ip:udp:h501,648
eth:ethertype:ip:udp:mih,631
eth:ethertype:ip:udp:ajns,625
eth:ethertype:ip:udp:ardp,613
eth:ethertype:ip:udp:dvb_ipdc:data,605
eth:ethertype:ip:udp:collectd,601
eth:ethertype:ip:udp:bfd_echo,593
eth:ethertype:ip:udp:lisp:data,586
eth:ethertype:ip:udp:uaudp,580
eth:ethertype:ip:udp:asap,544
eth:ethertype:ip:udp:c1222,540
eth:ethertype:ip:udp:bat.vis:data,536
eth:ethertype:ip:udp:vrt,530
eth:ethertype:ip:udp:wtp,521
eth:ethertype:ip:udp:knet,514
eth:ethertype:ip:udp:bat.gw:data,512
eth:ethertype:ip:udp:ipvs,487
eth:ethertype:ip:udp:sctp,479
eth:ethertype:ip:udp:geneve:data,473
eth:ethertype:ip:udp:papi,468
eth:ethertype:ip:udp:mipv6,443
eth:ethertype:ip:udp:ulp,430
eth:ethertype:ip:udp:rsvp,424
eth:ethertype:ip:udp:vuze-dht,419
eth:ethertype:ip:udp:ecmp,410
eth:ethertype:ip:udp:sbus,409
eth:ethertype:ip:udp:rx,403
eth:ethertype:ip:udp:capwap.data,371
eth:ethertype:ip:udp:gprs-ns:bssgp,366
eth:ethertype:ip:udp:pfcp,359
eth:ethertype:ip:udp:pktc.mtafqdn,357
eth:ethertype:ip:udp:quakeworld:data,351
eth:ethertype:ip:udp:radius:eap,350
eth:ethertype:ip:udp:gre:data,344
eth:ethertype:ip:udp:msproxy,342
eth:ethertype:ip:udp:mpls:data,311
eth:ethertype:ip:udp:kdp,303
eth:ethertype:ip:udp:pktc,303
eth:ethertype:ip:udp:teredo:data,302
eth:ethertype:ip:udp:egd:data,300
eth:ethertype:ip:udp:quake:data,295
eth:ethertype:ip:udp:iax2:data,291
eth:ethertype:ip:udp:lisp-data,283
eth:ethertype:ip:udp:sabp:sabp,273
eth:ethertype:ip:udp:eth:ethertype:data,253
eth:ethertype:ip:udp:gprs-ns,227
eth:ethertype:ip:udp:raknet,227
eth:ethertype:ip:udp:icp,211
eth:ethertype:ip:udp:bjnp,198
eth:ethertype:ip:udp:enrp,186
eth:ethertype:ip:udp:iapp,182
eth:ethertype:ip:udp:sap:sdp,160
eth:ethertype:ip:udp:vxlan:eth:llc:data,155
eth:ethertype:ip:udp:cups,150
eth:ethertype:ip:udp:infiniband:data,146
eth:ethertype:ip:udp:pn_rt:pn_io,122
eth:ethertype:ip:udp:thrift,116
eth:ethertype:ip:udp:tipc,111
eth:ethertype:ip:udp:quake2:data,98
eth:ethertype:ip:udp:tacacs,89
eth:ethertype:ip:udp:raknet:raknet:raknet,85
eth:ethertype:ip:udp:lwapp:wlan:data,83
eth:ethertype:ip:udp:gre,82
eth:ethertype:ip:udp:dcc,80
eth:ethertype:ip:udp:mpls:ip:data,80
eth:ethertype:ip:udp:mpls:pwethheuristic:pwethcw:eth:ethertype:data,77
eth:ethertype:ip:udp:cnip:data,75
eth:ethertype:ip:udp:infiniband,74
eth:ethertype:ip:udp:sabp,70
eth:ethertype:ip:udp:mpls:ipv6:data,68
eth:ethertype:ip:udp:geneve,66
eth:ethertype:ip:udp:megaco:data,66
eth:ethertype:ip:udp:lisp-data:ipv6:data,60
eth:ethertype:ip:udp:cigi,60
eth:ethertype:ip:udp:capwap.data:dtls,54
eth:ethertype:ip:udp:amt:ip,53
eth:ethertype:ip:udp:lisp,50
eth:ethertype:ip:udp:egd,47
eth:ethertype:ip:udp:lisp-data:ip:data,45
eth:ethertype:ip:udp:nxp_802154_sniffer,42
eth:ethertype:ip:udp:slimp3,39
eth:ethertype:ip:udp:lisp-data:ip,35
eth:ethertype:ip:udp:mpls:ip,33
eth:ethertype:ip:udp:stun:data,33
eth:ethertype:ip:udp:capwap:dtls,32
eth:ethertype:ip:udp:jmirror:ipv6:data,31
eth:ethertype:ip:udp:gsmtap,30
eth:ethertype:ip:udp:wg,29
eth:ethertype:ip:udp:data:vssmonitoring,29
eth:ethertype:ip:udp:wisun.eapol_relay:eapol,29
eth:ethertype:ip:udp:mpls:ipv6:ipv6.hopopts,29
eth:ethertype:ip:udp:quake3,26
eth:ethertype:ip:udp:eth,26
eth:ethertype:ip:udp:vxlan:eth,25
eth:ethertype:ip:udp:wtp:wsp,23
eth:ethertype:ip:udp:rtpproxy,21
eth:ethertype:ip:udp:pn_rt,20
eth:ethertype:ip:udp:capwap.data:eth:ethertype:data,20
eth:ethertype:ip:udp:ltp,20
eth:ethertype:ip:udp:ripng,20
eth:ethertype:ip:udp:llc,19
eth:ethertype:ip:udp:goose:cotp,18
eth:ethertype:ip:udp:ecatf:ioraw,18
eth:ethertype:ip:udp:dvb_ipdc:alc:data,18
eth:ethertype:ip:udp:l2tp:data,17
eth:ethertype:ip:udp:mpls:pwethheuristic:pwethnocw:eth:llc:data,17
eth:ethertype:ip:udp:wisun.eapol_relay,16
eth:ethertype:ip:udp:nbdgm,16
eth:ethertype:ip:udp:quake2,13
eth:ethertype:ip:udp:tzsp:data,13
eth:ethertype:ip:udp:sigcomp,12
eth:ethertype:ip:udp:lwres,11
eth:ethertype:ip:udp:ncp,11
eth:ethertype:ip:udp:llc:osi:data,10
eth:ethertype:ip:udp:dhcpv6,10
eth:ethertype:ip:udp:lbtrm,9
eth:ethertype:ip:udp:rsp,9
eth:ethertype:ip:udp:kpasswd,9
eth:ethertype:ip:udp:mpls,8
eth:ethertype:ip:udp:scop,8
eth:ethertype:ip:udp:ieee1722:iec61883,8
eth:ethertype:ip:udp:sabp:sabp:sabp,8
eth:ethertype:ip:udp:data:f5ethtrailer,7
eth:ethertype:ip:udp:lmp,7
eth:ethertype:ip:udp:mip,7
eth:ethertype:ip:udp:tsp,7
eth:ethertype:ip:udp:who,7
eth:ethertype:ip:udp:ipx,7
eth:ethertype:ip:udp:dcp-etsi:dcp-pft,7
eth:ethertype:ip:udp:tapa,6
eth:ethertype:ip:udp:dcp-etsi:dcp-af,6
eth:ethertype:ip:udp:mndp,6
eth:ethertype:ip:udp:ieee1722,6
eth:ethertype:ip:udp:msmms,6
eth:ethertype:ip:udp:packetbb,5
eth:ethertype:ip:udp:xyplex,5
eth:ethertype:ip:udp:nxp_802154_sniffer:wpan:data,5
eth:ethertype:ip:udp:ieee1722:maap,5
eth:ethertype:ip:udp:actrace,5
eth:ethertype:ip:udp:dlsw,5
eth:ethertype:ip:udp:quake,4
eth:ethertype:ip:udp:ipx:data,4
eth:ethertype:ip:udp:lwapp,4
eth:ethertype:ip:udp:dlep,4
eth:ethertype:ip:udp:pathport,4
eth:ethertype:ip:udp:mpls:pwethheuristic:pwethcw:eth,4
eth:ethertype:ip:udp:bat.gw,4
eth:ethertype:ip:udp:adwin,3
eth:ethertype:ip:udp:tpcp,3
eth:ethertype:ip:udp:eth:llc:data,3
eth:ethertype:ip:udp:rdpudp:tls,3
eth:ethertype:ip:udp:acdr,3
eth:ethertype:ip:udp:amt:ip:ipv6:data,3
eth:ethertype:ip:udp:goose:cotp:goose,3
eth:ethertype:ip:udp:jmirror:ipv6:pim,3
eth:ethertype:ip:udp:teredo,3
eth:ethertype:ip:udp:lisp-data:ipv6:vrrp,3
eth:ethertype:ip:udp:find,3
eth:ethertype:ip:udp:lisp-data:ipv6:vines_frp:vines_ip:data,3
eth:ethertype:ip:udp:ecatf:tc_nv,3
eth:ethertype:ip:udp:auto_rp,3
eth:ethertype:ip:udp:sip:sigcomp,2
eth:ethertype:ip:udp:cpfi,2
eth:ethertype:ip:udp:acdr:data,2
eth:ethertype:ip:udp:olsr,2
eth:ethertype:ip:udp:jmirror:ipv6:etherip:eth:llc,2
eth:ethertype:ip:udp:jmirror:ipv6:ipv6.routing,2
eth:ethertype:ip:udp:mpls:ipv6:gre:data,2
eth:ethertype:ip:udp:mpls:ipv6:vrrp,2
eth:ethertype:ip:udp:mpls:ipv6:pgm,2
eth:ethertype:ip:udp:mpls:ipv6:swipe,2
eth:ethertype:ip:udp:lisp-data:ipv6:eigrp,2
eth:ethertype:ip:udp:lisp-data:ipv6:ipcomp:data,2
eth:ethertype:ip:udp:mpls:ipv6:pim,2
eth:ethertype:ip:udp:lisp-data:ipv6,2
eth:ethertype:ip:udp:wol,2
eth:ethertype:ip:udp:bat.vis,2
eth:ethertype:ip:udp:epl,2
eth:ethertype:ip:udp:vxlan:eth:data,2
eth:ethertype:ip:udp:lisp-data:ipv6:gre,2
eth:ethertype:ip:udp:lisp-data:ipv6:lwl4,2
eth:ethertype:ip:udp:lisp-data:ipv6:l2tp:data,2
eth:ethertype:ip:udp:rmcp:data,2
eth:ethertype:ip:udp:armagetronad,2
eth:ethertype:ip:udp:ltp:data,2
eth:ethertype:ip:udp:quakeworld,2
eth:ethertype:ip:udp:mpls:pwethheuristic:pwethnocw:eth:ethertype:data,2
eth:ethertype:ip:udp:hip,2
eth:ethertype:ip:udp:mpls:ipv6,2
eth:ethertype:ip:udp:amt:ip:data,1
eth:ethertype:ip:udp:amt:ip:ipv6:sctp,1
eth:ethertype:ip:udp:dvb_ipdc:alc:rmt-lct,1
eth:ethertype:ip:udp:bundle:bundle,1
eth:ethertype:ip:udp:mdns:vssmonitoring,1
eth:ethertype:ip:udp:udpencap,1
eth:ethertype:ip:udp:jmirror:ipv6:esp,1
eth:ethertype:ip:udp:jmirror:ipv6:eigrp,1
eth:ethertype:ip:udp:jmirror:ipv6:nhrp,1
eth:ethertype:ip:udp:jmirror:ipv6:lwl4,1
eth:ethertype:ip:udp:jmirror:ipv6:swipe,1
eth:ethertype:ip:udp:jmirror:ipv6:ospf,1
eth:ethertype:ip:udp:jmirror:ipv6:l2tp:data,1
eth:ethertype:ip:udp:eth:llc,1
eth:ethertype:ip:udp:vssmonitoring,1
eth:ethertype:ip:udp:lisp-data:ipv6:etherip:eth:ethertype:data,1
eth:ethertype:ip:udp:mpls:ipv6:nhrp,1
eth:ethertype:ip:udp:mpls:ipv6:dsr,1
eth:ethertype:ip:udp:mpls:ipv6:l2tp:data,1
eth:ethertype:ip:udp:mpls:ipv6:ah,1
eth:ethertype:ip:udp:mpls:ipv6:etherip:eth:llc:data,1
eth:ethertype:ip:udp:mpls:ipv6:ipv6.routing,1
eth:ethertype:ip:udp:mint:eth:ethertype:data,1
eth:ethertype:ip:udp:vxlan,1
eth:ethertype:ip:udp:tzsp:eth:ethertype:data,1
eth:ethertype:ip:udp:db-lsp-disc:json:data-text-lines,1
eth:ethertype:ip:udp:nbdgm:smb:smb_netlogon,1
eth:ethertype:ip:udp:capwap.data:data,1
eth:ethertype:ip:udp:mpls:ipv6:eigrp,1
eth:ethertype:ip:udp:mbudp:modbus,1
eth:ethertype:ip:udp:sflow,1
eth:ethertype:ip:udp:wimaxasncp,1
eth:ethertype:ip:udp:scop:wpan,1
eth:ethertype:ip:udp:jmirror:ipv6:osi:data,1
eth:ethertype:ip:udp:tipc:data,1
eth:ethertype:ip:udp:vxlan:eth:ethertype:lwl4,1
eth:ethertype:ip:udp:lisp-data:ipv6:esp,1
eth:ethertype:ip:udp:lisp-data:ipv6:ospf,1
eth:ethertype:ip:udp:scop:wpan:data,1
eth:ethertype:ip:udp:cnip:lon,1
eth:ethertype:ip:udp:ecatf,1
eth:ethertype:ip:udp:a11,1
eth:ethertype:ip:udp:mpls:ipv6:swipe:data,1
eth:ethertype:ip:udp:mpls:ipv6:vines_frp:vines_ip:data,1
eth:ethertype:ip:udp:lisp-data:ipv6:dsr:data,1
eth:ethertype:ip:udp:lisp-data:ipv6:ipv6.routing,1
eth:ethertype:ip:udp:lisp-data:ipv6:nhrp,1
eth:ethertype:ip:udp:lisp-data:ipv6:pim,1
eth:ethertype:ip:udp:lisp-data:ipv6:osi:data,1
eth:ethertype:ip:udp:lwapp:wlan:llc:data,1
eth:ethertype:ip:udp:capwap.data:eth,1
eth:ethertype:ip:udp:megaco,1
eth:ethertype:ip:udp:jmirror:ipv6,1
eth:ethertype:ip:udp:ddtp,1
eth:ethertype:ip:udp:ieee1722:aaf,1
eth:ethertype:ip:udp:ptp,1
eth:ethertype:ip:udp:aodv,1
eth:ethertype:ip:udp:eth:ethertype:ip,1
eth:ethertype:ip:udp:rx:afs,1
eth:ethertype:ip:udp:ecatf:ecat_mailbox,1
eth:ethertype:ip:udp:edonkey,1
eth:ethertype:ip:udp:llc:sna:data,1
