eth:ethertype:ip:udp:stun,8369713
eth:ethertype:ip:udp:data,8027864
eth:ethertype:ip:udp:syslog,4126421
eth:ethertype:ip:udp:dns,4098253
eth:ethertype:ip:udp:snmp,2315411
eth:ethertype:ip:udp:ntp,2108090
eth:ethertype:ip:udp:nbns,655146
eth:ethertype:ip:data,439900
eth:ethertype:ip:udp:sip,323173
eth:ethertype:ip:udp:coap,242382
eth:ethertype:ip:udp:cflow,154702
eth:ethertype:ip:udp:ssdp,145027
eth:ethertype:ip:udp:cldap,136125
eth:ethertype:ip:udp,106098
eth:ethertype:ip:udp:sip:xml,102149
eth:ethertype:ip:udp:mdns,100795
eth:ethertype:ip:udp:rpc,93903
eth:ethertype:ip:udp:memcache,88977
eth:ethertype:ip:udp:isakmp,80474
eth:ethertype:ip:udp:chargen,75548
eth:ethertype:ip:udp:dtls,65963
eth:ethertype:ip:udp:openvpn,60264
eth:ethertype:ip:udp:portcontrol,56519
eth:ethertype:ip:udp:bvlc:bacnet:bacapp,55796
eth:ethertype:ip:udp:sip:data-text-lines,52928
eth:ethertype:ip:udp:rip,46608
eth:ethertype:ip:udp:udpencap:esp,45168
eth:ethertype:ip:udp:gtp,44827
eth:ethertype:ip:udp:capwap,44123
eth:ethertype:ip:udp:l2tp,42967
eth:ethertype:ip:udp:dhcp,38833
eth:ethertype:ip:udp:quic:tls,37402
eth:ethertype:ip:udp:srvloc,35195
eth:ethertype:ip:udp:rdpudp,30581
eth:ethertype:ip:udp:quake3,27038
eth:ethertype:ip:udp:radius,26593
eth:ethertype:ip:udp:xdmcp,25912
eth:ethertype:ip:udp:tftp,23641
eth:ethertype:ip:udp:classicstun,23330
eth:ethertype:ip:udp:kerberos,23329
eth:ethertype:ip:udp:steam_ihs_discovery,21072
eth:ethertype:ip:udp:gquic,20503
eth:ethertype:ip:udp:lwapp:data,17298
eth:ethertype:ip:udp:rmcp:ipmi_session:data,14764
eth:ethertype:ip:udp:echo,14349
eth:ethertype:ip:udp:nbdgm:smb:browser,13536
eth:ethertype:ip:udp:omron,13399
eth:ethertype:ip:udp:enip,12612
eth:ethertype:ip:udp:bfd,11576
eth:ethertype:ip:udp:gtp:gtpv2,11440
eth:ethertype:ip:udp:daytime,10913
eth:ethertype:ip:udp:time,10814
eth:ethertype:ip:udp:udpencap:isakmp,10263
eth:ethertype:ip:udp:ecatf:ecat,10226
eth:ethertype:ip:udp:hart_ip,10061
eth:ethertype:ip:udp:rpc:data,7680
eth:ethertype:ip:udp:rtcp,7402
eth:ethertype:ip:udp:kip,7374
eth:ethertype:ip:udp:mgcp,5789
eth:ethertype:ip:udp:quic,5260
eth:ethertype:ip:udp:coap:data,3730
eth:ethertype:ip:udp:iax2,3673
eth:ethertype:ip:udp:rmcp:asf,3412
eth:ethertype:ip:udp:quake3:data,3390
eth:ethertype:ip:udp:mint,2900
eth:ethertype:ip:udp:llmnr,2653
eth:ethertype:ip:udp:teredo:ipv6,2632
eth:ethertype:ip:udp:coap:cbor,2294
eth:ethertype:ip:udp:wsp,2288
eth:ethertype:ip:udp:wisun.eapol_relay:eapol:data,2138
eth:ethertype:ip:udp:mndp,2039
eth:ethertype:ip:udp:gtpprime,2032
eth:ethertype:ip:udp:raknet:raknet,2005
eth:ethertype:ip:udp:cipio,1980
eth:ethertype:ip:udp:dis,1627
eth:ethertype:ip:udp:rtps,1518
eth:ethertype:ip:udp:mikey,1398
eth:ethertype:ip:udp:llc:data,1239
eth:ethertype:ip:udp:tetra,1234
eth:ethertype:ip:udp:cpfi,1136
eth:ethertype:ip:udp:nxp_802154_sniffer:wpan,1087
eth:ethertype:ip:udp:pktc.mtafqdn,985
eth:ethertype:ip:udp:c1222,982
eth:ethertype:ip:udp:asterix,869
eth:ethertype:ip:udp:ieee1722:data,842
eth:ethertype:ip:udp:ath,791
eth:ethertype:ip:udp:ssdp:data,734
eth:ethertype:ip:udp:radius:eap,717
eth:ethertype:ip:udp:wtls,706
eth:ethertype:ip:udp:uaudp,703
eth:ethertype:ip:udp:corosync_totemnet:data,673
eth:ethertype:ip:udp:wlccp,663
eth:ethertype:ip:udp:cnip,646
eth:ethertype:ip:udp:scop:data,625
eth:ethertype:ip:udp:h248,624
eth:ethertype:ip:udp:infiniband:data,621
eth:ethertype:ip:udp:eth:ethertype:data,603
eth:ethertype:ip:udp:raknet,595
eth:ethertype:ip:udp:sabp:sabp,592
eth:ethertype:ip:udp:h225,591
eth:ethertype:ip:udp:hcrt,565
eth:ethertype:ip:udp:ipvs,560
eth:ethertype:ip:udp:gprs-ns:bssgp,529
eth:ethertype:ip:udp:bat.gw:data,520
eth:ethertype:ip:udp:lwapp:wlan,511
eth:ethertype:ip:udp:rsvp,505
eth:ethertype:ip:udp:dof,495
eth:ethertype:ip:udp:bat:data,491
eth:ethertype:ip:udp:egd:data,472
eth:ethertype:ip:udp:vrt,462
eth:ethertype:ip:udp:idn,444
eth:ethertype:ip:udp:elasticsearch,425
eth:ethertype:ip:udp:iax2:data,413
eth:ethertype:ip:udp:enrp,412
eth:ethertype:ip:udp:ts2,392
eth:ethertype:ip:udp:teredo:data,380
eth:ethertype:ip:udp:hiqnet,375
eth:ethertype:ip:udp:tplink-smarthome:json:data-text-lines,370
eth:ethertype:ip:udp:asap,366
eth:ethertype:ip:udp:opensafety_udp:data,361
eth:ethertype:ip:udp:bfd_echo,354
eth:ethertype:ip:udp:ax4000,348
eth:ethertype:ip:udp:wtp,347
eth:ethertype:ip:udp:quakeworld:data,346
eth:ethertype:ip:udp:tzsp,342
eth:ethertype:ip:udp:kink,337
eth:ethertype:ip:udp:ecmp,322
eth:ethertype:ip:udp:capwap.data,303
eth:ethertype:ip:udp:quake2:data,298
eth:ethertype:ip:udp:ajns,282
eth:ethertype:ip:udp:dvb_ipdc:data,276
eth:ethertype:ip:udp:sctp,272
eth:ethertype:ip:udp:dpnet,258
eth:ethertype:ip:udp:mipv6,256
eth:ethertype:ip:udp:pktc,252
eth:ethertype:ip:udp:amt,252
eth:ethertype:ip:udp:manolito,251
eth:ethertype:ip:udp:kdp,249
eth:ethertype:ip:udp:adp,249
eth:ethertype:ip:udp:doip,247
eth:ethertype:ip:udp:db-lsp-disc,247
eth:ethertype:ip:udp:mpls-echo,246
eth:ethertype:ip:udp:pfcp,245
eth:ethertype:ip:udp:sap,235
eth:ethertype:ip:udp:bat.vis:data,226
eth:ethertype:ip:udp:nano,225
eth:ethertype:ip:udp:vuze-dht,220
eth:ethertype:ip:udp:wg,219
eth:ethertype:ip:udp:mih,218
eth:ethertype:ip:udp:ltp,217
eth:ethertype:ip:udp:sbus,210
eth:ethertype:ip:udp:rsip,208
eth:ethertype:ip:udp:collectd,196
eth:ethertype:ip:udp:gre:data,191
eth:ethertype:ip:udp:raknet:raknet:raknet,190
eth:ethertype:ip:udp:icp,190
eth:ethertype:ip:udp:h501,189
eth:ethertype:ip:udp:capwap.data:eth:ethertype:data,183
eth:ethertype:ip:udp:enttec,182
eth:ethertype:ip:udp:llc,179
eth:ethertype:ip:udp:ardp,174
eth:ethertype:ip:udp:dmp,171
eth:ethertype:ip:udp:gprs-ns,170
eth:ethertype:ip:udp:ulp,170
eth:ethertype:ip:udp:tacacs,165
eth:ethertype:ip:udp:sap:sdp,159
eth:ethertype:ip:udp:rdt,157
eth:ethertype:ip:udp:actrace,157
eth:ethertype:ip:udp:megaco:data,156
eth:ethertype:ip:udp:bjnp,152
eth:ethertype:ip:udp:vxlan:eth:llc:data,149
eth:ethertype:ip:udp:msproxy,148
eth:ethertype:ip:udp:pn_rt:pn_ptcp,132
eth:ethertype:ip:udp:goose:cotp,127
eth:ethertype:ip:udp:opensafety:data,125
eth:ethertype:ip:udp:gsmtap:data,122
eth:ethertype:ip:udp:stun:data,116
eth:ethertype:ip:udp:iapp,105
eth:ethertype:ip:udp:knet,105
eth:ethertype:ip:udp:nbdgm:smb:data,97
eth:ethertype:ip:udp:lisp:data,93
eth:ethertype:ip:udp:mpls:data,87
eth:ethertype:ip:udp:geneve,86
eth:ethertype:ip:udp:a21,74
eth:ethertype:ip:udp:ayiya,68
eth:ethertype:ip:udp:tipc,67
eth:ethertype:ip:udp:pn_rt:pn_io,61
eth:ethertype:ip:udp:mpls:ip,61
eth:ethertype:ip:udp:quake:data,52
eth:ethertype:ip:udp:gsmtap,50
eth:ethertype:ip:udp:gre,47
eth:ethertype:ip:udp:lwapp:wlan:data,45
eth:ethertype:ip:udp:geneve:data,43
eth:ethertype:ip:udp:nxp_802154_sniffer,43
eth:ethertype:ip:udp:ecatf:data,41
eth:ethertype:ip:udp:lisp-data,41
eth:ethertype:ip:udp:cnip:data,39
eth:ethertype:ip:udp:dcc,39
eth:ethertype:ip:udp:infiniband,39
eth:ethertype:ip:udp:wtp:wsp,32
eth:ethertype:ip:udp:lisp,31
eth:ethertype:ip:udp:capwap:dtls,31
eth:ethertype:ip:udp:sabp,29
eth:ethertype:ip:udp:vxlan:eth:ethertype:data,29
eth:ethertype:ip:udp:thrift,29
eth:ethertype:ip:udp:sabp:sabp:sabp,29
eth:ethertype:ip:udp:eth,23
eth:ethertype:ip:udp:capwap.data:dtls,22
eth:ethertype:ip:udp:rx,22
eth:ethertype:ip:udp:kpasswd,21
eth:ethertype:ip:udp:wol,21
eth:ethertype:ip:udp:egd,20
eth:ethertype:ip:udp:dhcpv6,19
eth:ethertype:ip:udp:auto_rp,18
eth:ethertype:ip:udp:pn_rt,18
eth:ethertype:ip:udp:xyplex,17
eth:ethertype:ip:udp:mpls:pwach:data,16
eth:ethertype:ip:udp:nbdgm,14
eth:ethertype:ip:udp:rpc:portmap,13
eth:ethertype:ip:udp:scop,12
eth:ethertype:ip:udp:rtpproxy,12
eth:ethertype:ip:udp:mip,12
eth:ethertype:ip:udp:dvb_ipdc:alc:data,12
eth:ethertype:ip:udp:packetbb,11
eth:ethertype:ip:udp:who,11
eth:ethertype:ip:udp:sip:sdp,11
eth:ethertype:ip:udp:wisun.eapol_relay,11
eth:ethertype:ip:udp:rsp,10
eth:ethertype:ip:udp:lmp,10
eth:ethertype:ip:udp:vxlan:eth,10
eth:ethertype:ip:udp:ecatf:tc_nv,10
eth:ethertype:ip:udp:ripng,10
eth:ethertype:ip:udp:cups,9
eth:ethertype:ip:udp:dlep,9
eth:ethertype:ip:udp:mpls:ipv6:data,9
eth:ethertype:ip:udp:dcp-etsi:dcp-af,9
eth:ethertype:ip:udp:acdr,9
eth:ethertype:ip:udp:find,8
eth:ethertype:ip:udp:tsp,8
eth:ethertype:ip:udp:mpls,8
eth:ethertype:ip:udp:ecatf:ioraw,8
eth:ethertype:ip:udp:nxp_802154_sniffer:wpan:data,8
eth:ethertype:ip:udp:tzsp:data,7
eth:ethertype:ip:udp:dcp-etsi:dcp-pft,7
eth:ethertype:ip:udp:lbtrm,7
eth:ethertype:ip:udp:lwapp,7
eth:ethertype:ip:udp:pathport,7
eth:ethertype:ip:udp:jmirror:ipv6,7
eth:ethertype:ip:udp:ncp,7
eth:ethertype:ip:udp:gtp:ip:tcp,7
eth:ethertype:ip:udp:quic:tls:tls:tls,7
eth:ethertype:ip:udp:ipx:data,6
eth:ethertype:ip:udp:ieee1722,6
eth:ethertype:ip:udp:teredo,6
eth:ethertype:ip:udp:ieee1722:iec61883,6
eth:ethertype:ip:udp:lwres,6
eth:ethertype:ip:udp:quake2,6
eth:ethertype:ip:udp:ecatf,6
eth:ethertype:ip:udp:quake,6
eth:ethertype:ip:udp:wisun.eapol_relay:eapol,6
eth:ethertype:ip:udp:quic:tls:tls:tls:tls:tls:tls,6
eth:ethertype:ip:udp:quic:tls:tls:tls:tls:tls,6
eth:ethertype:ip:udp:data:vssmonitoring,5
eth:ethertype:ip:udp:ltp:data,5
eth:ethertype:ip:udp:msmms,5
eth:ethertype:ip:udp:dlsw,5
eth:ethertype:ip:udp:sip:sigcomp,5
eth:ethertype:ip:udp:armagetronad,5
eth:ethertype:ip:udp:nsh,5
eth:ethertype:ip:udp:quic:tls:tls:tls:tls:tls:tls:tls,5
eth:ethertype:ip:udp:quic:tls:tls,5
eth:ethertype:ip:udp:ipx,4
eth:ethertype:ip:udp:bat.gw,4
eth:ethertype:ip:udp:slimp3,4
eth:ethertype:ip:udp:dvb_ipdc:alc:rmt-lct,4
eth:ethertype:ip:udp:l2tp:data,4
eth:ethertype:ip:udp:quic:tls:tls:tls:tls:tls:tls:tls:tls,4
eth:ethertype:ip:udp:sigcomp,3
eth:ethertype:ip:udp:llc:sna:data,3
eth:ethertype:ip:udp:ptp,3
eth:ethertype:ip:udp:amt:ip,3
eth:ethertype:ip:udp:ecatf:ecat_mailbox,3
eth:ethertype:ip:udp:megaco,3
eth:ethertype:ip:udp:tpcp,3
eth:ethertype:ip:udp:tapa,3
eth:ethertype:ip:udp:wsp:media,3
eth:ethertype:ip:udp:epl,3
eth:ethertype:ip:udp:mpls:pwethheuristic:pwethnocw:eth:ethertype:data,3
eth:ethertype:ip:udp:ddtp,3
eth:ethertype:ip:udp:gsmtap:gsm_a.dtap,3
eth:ethertype:ip:udp:nbdgm:smb:smb_netlogon,3
eth:ethertype:ip:udp:mpls:ipv6,3
eth:ethertype:ip:udp:quic:tls:tls:tls:tls,3
eth:ethertype:ip:udp:vxlan:eth:llc:osi:data,3
eth:ethertype:ip:udp:quic:tls:tls:tls:tls:tls:tls:tls:tls:tls:tls:tls,3
eth:ethertype:ip:udp:opensafety_udp,2
eth:ethertype:ip:udp:dvb_ipdc:alc:rmt-lct:data,2
eth:ethertype:ip:udp:capwap.data:data,2
eth:ethertype:ip:udp:a11,2
eth:ethertype:ip:udp:bat.vis,2
eth:ethertype:ip:udp:vxlan,2
eth:ethertype:ip:udp:quakeworld,2
eth:ethertype:ip:udp:wimaxasncp,2
eth:ethertype:ip:udp:olsr,2
eth:ethertype:ip:udp:lisp-data:ip:data,2
eth:ethertype:ip:udp:ayiya:dsr:ipv6.hopopts:ipv6.hopopts,2
eth:ethertype:ip:udp:quic:tls:tls:tls:tls:tls:tls:tls:tls:tls,2
eth:ethertype:ip:udp:mpls:pwethheuristic:pwethcw:eth:llc:data,2
eth:ethertype:ip:udp:lisp:ipv6:data,1
eth:ethertype:ip:udp:vssmonitoring,1
eth:ethertype:ip:udp:stun:tftp,1
eth:ethertype:ip:udp:mpls:pwethheuristic:pwethcw:eth:ethertype:data,1
eth:ethertype:ip:udp:teredo:ipv6:data,1
eth:ethertype:ip:udp:opensafety,1
eth:ethertype:ip:udp:mint:eth,1
eth:ethertype:ip:udp:edonkey,1
eth:ethertype:ip:udp:rx:afs,1
eth:ethertype:ip:udp:mactelnet:data,1
eth:ethertype:ip:udp:dtls:x509sat:x509sat:x509sat:x509sat,1
eth:ethertype:ip:udp:lwapp:wlan:llc:data,1
eth:ethertype:ip:udp:mpls:pwethheuristic:pwethcw:eth,1
eth:ethertype:ip:udp:rdpudp:tls,1
eth:ethertype:ip:udp:acdr:ip:data,1
eth:ethertype:ip:udp:oicq,1
eth:ethertype:ip:udp:tzsp:eth:ethertype:data,1
eth:ethertype:ip:udp:ieee1722:crf,1
eth:ethertype:ip:udp:tzsp:tr,1
eth:ethertype:ip:udp:lbtru,1
eth:ethertype:ip:udp:amt:ip:ipv6:data,1
eth:ethertype:ip:udp:ldp,1
eth:ethertype:ip:udp:gtp:ip:udp:dns,1
eth:ethertype:ip:udp:gtp:ip:tcp:tls,1
eth:ethertype:ip:udp:rdpudp:data,1
eth:ethertype:ip:udp:quic:tls:tls:tls:tls:tls:tls:tls:tls:tls:tls,1
eth:ethertype:ip:udp:l2tp:ppp:comp_data,1
eth:ethertype:ip:udp:udpencap,1
eth:ethertype:ip:udp:llc:osi:data,1
eth:ethertype:ip:udp:rdpudp:dtls,1
eth:ethertype:ip:udp:icq,1
eth:ethertype:ip:udp:mint:eth:ethertype:data,1
eth:ethertype:ip:udp:lisp-data:ipv6,1
eth:ethertype:ip:udp:mdns:vssmonitoring,1
eth:ethertype:ip:udp:memcache:vssmonitoring,1
