eth:ethertype:ip:udp:stun,15806778
eth:ethertype:ip:udp:data,10159239
eth:ethertype:ip:udp:syslog,4943196
eth:ethertype:ip:udp:dns,3989256
eth:ethertype:ip:udp:ntp,2060903
eth:ethertype:ip:udp:snmp,1812625
eth:ethertype:ip:data,1640257
eth:ethertype:ip:udp:sip,1082338
eth:ethertype:ip:udp:nbns,640945
eth:ethertype:ip:udp:coap,187573
eth:ethertype:ip:udp:ssdp,156703
eth:ethertype:ip:udp:cflow,148693
eth:ethertype:ip:udp:mdns,102365
eth:ethertype:ip:udp:sip:xml,101904
eth:ethertype:ip:udp,101103
eth:ethertype:ip:udp:isakmp,96783
eth:ethertype:ip:udp:cldap,87417
eth:ethertype:ip:udp:openvpn,87301
eth:ethertype:ip:udp:rpc,61976
eth:ethertype:ip:udp:memcache,60846
eth:ethertype:ip:udp:dtls,58606
eth:ethertype:ip:udp:sip:data-text-lines,52703
eth:ethertype:ip:udp:portcontrol,51226
eth:ethertype:ip:udp:capwap,44272
eth:ethertype:ip:udp:l2tp,42743
eth:ethertype:ip:udp:chargen,42740
eth:ethertype:ip:udp:gtp,41060
eth:ethertype:ip:udp:srvloc,37604
eth:ethertype:ip:udp:bvlc:bacnet:bacapp,37026
eth:ethertype:ip:udp:rip,33668
eth:ethertype:ip:udp:quic:tls,31416
eth:ethertype:ip:udp:kerberos,30120
eth:ethertype:ip:udp:udpencap:esp,25183
eth:ethertype:ip:udp:rmcp:ipmi_session:data,24321
eth:ethertype:ip:udp:xdmcp,22551
eth:ethertype:ip:udp:gquic,20967
eth:ethertype:ip:udp:quake3,20671
eth:ethertype:ip:udp:radius,17942
eth:ethertype:ip:udp:lwapp:data,17148
eth:ethertype:ip:udp:dhcp,16726
eth:ethertype:ip:udp:hart_ip,16629
eth:ethertype:ip:udp:rdpudp,16046
eth:ethertype:ip:udp:classicstun,14663
eth:ethertype:ip:udp:gtp:gtpv2,14304
eth:ethertype:ip:udp:echo,13866
eth:ethertype:ip:udp:tftp,13582
eth:ethertype:ip:udp:omron,13421
eth:ethertype:ip:udp:enip,12547
eth:ethertype:ip:udp:dis,11894
eth:ethertype:ip:udp:nbdgm:smb:browser,10920
eth:ethertype:ip:udp:rpc:data,10532
eth:ethertype:ip:udp:time,10281
eth:ethertype:ip:udp:daytime,10234
eth:ethertype:ip:udp:ecatf:ecat,10058
eth:ethertype:ip:udp:mgcp,9931
eth:ethertype:ip:udp:bfd,9751
eth:ethertype:ip:udp:steam_ihs_discovery,9324
eth:ethertype:ip:udp:llc:data,8389
eth:ethertype:ip:udp:udpencap:isakmp,6762
eth:ethertype:ip:udp:kip,6715
eth:ethertype:ip:udp:rtcp,6530
eth:ethertype:ip:udp:iax2,4888
eth:ethertype:ip:udp:teredo:ipv6,4791
eth:ethertype:ip:udp:coap:data,3945
eth:ethertype:ip:udp:rmcp:asf,3497
eth:ethertype:ip:udp:rtp,3023
eth:ethertype:ip:udp:quic,2829
eth:ethertype:ip:udp:scop:data,1826
eth:ethertype:ip:udp:quake3:data,1762
eth:ethertype:ip:udp:dof,1647
eth:ethertype:ip:udp:nxp_802154_sniffer:wpan,1607
eth:ethertype:ip:udp:gtpprime,1521
eth:ethertype:ip:udp:raknet:raknet,1461
eth:ethertype:ip:udp:corosync_totemnet:data,1448
eth:ethertype:ip:udp:wtls,1445
eth:ethertype:ip:udp:hcrt,1410
eth:ethertype:ip:udp:cipio,1372
eth:ethertype:ip:udp:asterix,1268
eth:ethertype:ip:udp:mint,1245
eth:ethertype:ip:udp:uaudp,1240
eth:ethertype:ip:udp:wtp,1041
eth:ethertype:ip:udp:lwapp:wlan,1033
eth:ethertype:ip:udp:mipv6,1028
eth:ethertype:ip:udp:knet,1016
eth:ethertype:ip:udp:tzsp,990
eth:ethertype:ip:udp:elasticsearch,988
eth:ethertype:ip:udp:rtps,939
eth:ethertype:ip:udp:bat:data,933
eth:ethertype:ip:udp:asap,932
eth:ethertype:ip:udp:kink,928
eth:ethertype:ip:udp:vuze-dht,825
eth:ethertype:ip:udp:h225,823
eth:ethertype:ip:udp:h248,817
eth:ethertype:ip:udp:ipvs,801
eth:ethertype:ip:udp:hiqnet,788
eth:ethertype:ip:udp:h501,782
eth:ethertype:ip:udp:gprs-ns:bssgp,728
eth:ethertype:ip:udp:pktc.mtafqdn,722
eth:ethertype:ip:udp:db-lsp-disc,708
eth:ethertype:ip:udp:manolito,704
eth:ethertype:ip:udp:pn_rt:pn_ptcp,699
eth:ethertype:ip:udp:amt,690
eth:ethertype:ip:udp:ssdp:data,689
eth:ethertype:ip:udp:iapp,680
eth:ethertype:ip:udp:sbus,671
eth:ethertype:ip:udp:mih,632
eth:ethertype:ip:udp:ajns,630
eth:ethertype:ip:udp:ecatf:data,598
eth:ethertype:ip:udp:wisun.eapol_relay:eapol:data,576
eth:ethertype:ip:udp:gre:data,572
eth:ethertype:ip:udp:iax2:data,567
eth:ethertype:ip:udp:llmnr,564
eth:ethertype:ip:udp:ax4000,548
eth:ethertype:ip:udp:opensafety_udp:data,548
eth:ethertype:ip:udp:tipc,543
eth:ethertype:ip:udp:radius:eap,537
eth:ethertype:ip:udp:enrp,534
eth:ethertype:ip:udp:icp,529
eth:ethertype:ip:udp:tplink-smarthome:json:data-text-lines,529
eth:ethertype:ip:udp:bat.vis:data,528
eth:ethertype:ip:udp:adp,514
eth:ethertype:ip:udp:wsp,502
eth:ethertype:ip:udp:c1222,494
eth:ethertype:ip:udp:ath,477
eth:ethertype:ip:udp:dvb_ipdc:data,477
eth:ethertype:ip:udp:rdt,475
eth:ethertype:ip:udp:rsvp,472
eth:ethertype:ip:udp:lisp-data,470
eth:ethertype:ip:udp:wlccp,467
eth:ethertype:ip:udp:idn,456
eth:ethertype:ip:udp:ulp,425
eth:ethertype:ip:udp:dpnet,424
eth:ethertype:ip:udp:sap,416
eth:ethertype:ip:udp:pfcp,408
eth:ethertype:ip:udp:mikey,408
eth:ethertype:ip:udp:ardp,398
eth:ethertype:ip:udp:teredo:ipv6:icmpv6,393
eth:ethertype:ip:udp:egd:data,371
eth:ethertype:ip:udp:teredo:data,352
eth:ethertype:ip:udp:collectd,346
eth:ethertype:ip:udp:quake:data,342
eth:ethertype:ip:udp:kdp,340
eth:ethertype:ip:udp:ayiya,330
eth:ethertype:ip:udp:sabp:sabp,325
eth:ethertype:ip:udp:nano,320
eth:ethertype:ip:udp:cnip,320
eth:ethertype:ip:udp:wg,317
eth:ethertype:ip:udp:lisp:data,315
eth:ethertype:ip:udp:raknet:raknet:raknet,302
eth:ethertype:ip:udp:sap:sdp,298
eth:ethertype:ip:udp:ecmp,294
eth:ethertype:ip:udp:rsip,293
eth:ethertype:ip:udp:mpls:data,290
eth:ethertype:ip:udp:gprs-ns,283
eth:ethertype:ip:udp:ts2,281
eth:ethertype:ip:udp:ieee1722:data,270
eth:ethertype:ip:udp:quake2:data,269
eth:ethertype:ip:udp:msproxy,261
eth:ethertype:ip:udp:vxlan:eth:llc:data,254
eth:ethertype:ip:udp:raknet,249
eth:ethertype:ip:udp:sctp,241
eth:ethertype:ip:udp:geneve:data,235
eth:ethertype:ip:udp:bfd_echo,234
eth:ethertype:ip:udp:tetra,231
eth:ethertype:ip:udp:pktc,223
eth:ethertype:ip:udp:vrt,222
eth:ethertype:ip:udp:bjnp,218
eth:ethertype:ip:udp:bat.gw:data,213
eth:ethertype:ip:udp:capwap.data,181
eth:ethertype:ip:udp:gsmtap:data,181
eth:ethertype:ip:udp:infiniband:data,178
eth:ethertype:ip:udp:capwap.data:eth:ethertype:data,162
eth:ethertype:ip:udp:eth:ethertype:data,151
eth:ethertype:ip:udp:ldp,139
eth:ethertype:ip:udp:lisp-data:ip:data,138
eth:ethertype:ip:udp:enttec,132
eth:ethertype:ip:udp:lisp-data:ipv6:data,125
eth:ethertype:ip:udp:doip,114
eth:ethertype:ip:udp:megaco:data,113
eth:ethertype:ip:udp:gsmtap,113
eth:ethertype:ip:udp:infiniband,98
eth:ethertype:ip:udp:a21,95
eth:ethertype:ip:udp:nbdgm:smb:data,95
eth:ethertype:ip:udp:sabp,95
eth:ethertype:ip:udp:opensafety:data,93
eth:ethertype:ip:udp:lwapp:wlan:data,92
eth:ethertype:ip:udp:dmp,89
eth:ethertype:ip:udp:mpls:ip:data,88
eth:ethertype:ip:udp:stun:data,87
eth:ethertype:ip:udp:tacacs,73
eth:ethertype:ip:udp:capwap.data:dtls,68
eth:ethertype:ip:udp:dcc,67
eth:ethertype:ip:udp:jmirror:ipv6:data,64
eth:ethertype:ip:udp:mpls:pwethheuristic:pwethcw:eth:ethertype:data,61
eth:ethertype:ip:udp:quakeworld:data,60
eth:ethertype:ip:udp:rx,55
eth:ethertype:ip:udp:sip:data-text-lines:xml,55
eth:ethertype:ip:udp:lisp-data:ip,53
eth:ethertype:ip:udp:vxlan:eth:ethertype:data,50
eth:ethertype:ip:udp:geneve,49
eth:ethertype:ip:udp:pn_rt:pn_io,46
eth:ethertype:ip:udp:mpls:ipv6:data,45
eth:ethertype:ip:udp:gre,43
eth:ethertype:ip:udp:capwap:dtls,42
eth:ethertype:ip:udp:wtp:wsp,41
eth:ethertype:ip:udp:cnip:data,40
eth:ethertype:ip:udp:nxp_802154_sniffer,32
eth:ethertype:ip:udp:goose:cotp,32
eth:ethertype:ip:udp:mpls:ipv6:ipv6.hopopts,32
eth:ethertype:ip:udp:mpls:ip,28
eth:ethertype:ip:udp:thrift,27
eth:ethertype:ip:udp:wisun.eapol_relay:eapol,26
eth:ethertype:ip:udp:vxlan:eth,26
eth:ethertype:ip:udp:dvb_ipdc:alc:data,25
eth:ethertype:ip:udp:egd,24
eth:ethertype:ip:udp:pn_rt,21
eth:ethertype:ip:udp:wisun.eapol_relay,20
eth:ethertype:ip:udp:lisp,19
eth:ethertype:ip:udp:who,18
eth:ethertype:ip:udp:dhcpv6,17
eth:ethertype:ip:udp:nxp_802154_sniffer:wpan:data,16
eth:ethertype:ip:udp:sigcomp,16
eth:ethertype:ip:udp:tsp,15
eth:ethertype:ip:udp:llc,15
eth:ethertype:ip:udp:ncp,14
eth:ethertype:ip:udp:eth:llc:data,14
eth:ethertype:ip:udp:rx:afs,14
eth:ethertype:ip:udp:lwres,12
eth:ethertype:ip:udp:data:vssmonitoring,12
eth:ethertype:ip:udp:rtpproxy,12
eth:ethertype:ip:udp:eth,12
eth:ethertype:ip:udp:ripng,11
eth:ethertype:ip:udp:ecatf:ioraw,11
eth:ethertype:ip:udp:dcp-etsi:dcp-af,11
eth:ethertype:ip:udp:mndp,10
eth:ethertype:ip:udp:nbdgm,10
eth:ethertype:ip:udp:xyplex,10
eth:ethertype:ip:udp:lisp-data:ipv6,10
eth:ethertype:ip:udp:quakeworld,9
eth:ethertype:ip:udp:quake2,9
eth:ethertype:ip:udp:dlep,9
eth:ethertype:ip:udp:acdr,9
eth:ethertype:ip:udp:capwap:data,9
eth:ethertype:ip:udp:snmp:snmp,9
eth:ethertype:ip:udp:tzsp:data,8
eth:ethertype:ip:udp:auto_rp,8
eth:ethertype:ip:udp:sip:sigcomp,8
eth:ethertype:ip:udp:slimp3,8
eth:ethertype:ip:udp:scop,8
eth:ethertype:ip:udp:lmp,8
eth:ethertype:ip:udp:l2tp:data,8
eth:ethertype:ip:udp:kpasswd,7
eth:ethertype:ip:udp:dlsw,7
eth:ethertype:ip:udp:dcp-etsi:dcp-pft,7
eth:ethertype:ip:udp:armagetronad,7
eth:ethertype:ip:udp:packetbb,7
eth:ethertype:ip:udp:mpls,6
eth:ethertype:ip:udp:mip,6
eth:ethertype:ip:udp:ecatf:tc_nv,6
eth:ethertype:ip:udp:rsp,6
eth:ethertype:ip:udp:h225:data,6
eth:ethertype:ip:udp:mpls:pwach:data,6
eth:ethertype:ip:udp:mpls:pwethheuristic:pwethnocw:eth:ethertype:data,6
eth:ethertype:ip:udp:msmms,6
eth:ethertype:ip:udp:amt:ip,6
eth:ethertype:ip:udp:lwapp,6
eth:ethertype:ip:udp:ieee1722:iec61883,5
eth:ethertype:ip:udp:find,5
eth:ethertype:ip:udp:rdpudp:data,5
eth:ethertype:ip:udp:llc:ipx,5
eth:ethertype:ip:udp:lisp-data:ipv6:lwl4,5
eth:ethertype:ip:udp:ipx:data,4
eth:ethertype:ip:udp:lbtrm,4
eth:ethertype:ip:udp:jmirror:ip:data,4
eth:ethertype:ip:udp:cups,4
eth:ethertype:ip:udp:a11,4
eth:ethertype:ip:udp:ipx,4
eth:ethertype:ip:udp:lisp-data:ipv6:nhrp,4
eth:ethertype:ip:udp:jmirror:ipv6:ipcomp:data,4
eth:ethertype:ip:udp:tapa,4
eth:ethertype:ip:udp:ltp,4
eth:ethertype:ip:udp:tpcp,3
eth:ethertype:ip:udp:cnip:lon,3
eth:ethertype:ip:udp:quake,3
eth:ethertype:ip:udp:ptp,3
eth:ethertype:ip:udp:ieee1722,3
eth:ethertype:ip:udp:ltp:data,3
eth:ethertype:ip:udp:capwap.data:data,3
eth:ethertype:ip:udp:sabp:sabp:sabp,3
eth:ethertype:ip:udp:pathport,3
eth:ethertype:ip:udp:jmirror:ipv6:gre:data,3
eth:ethertype:ip:udp:jmirror:ipv6:ospf,3
eth:ethertype:ip:udp:jmirror:ipv6:lwl4,3
eth:ethertype:ip:udp:cpfi,3
eth:ethertype:ip:udp:mpls:ipv6,3
eth:ethertype:ip:udp:mpls:ipv6:ospf,3
eth:ethertype:ip:udp:lisp-data:ipv6:ah,3
eth:ethertype:ip:udp:lisp-data:ipv6:osi:data,3
eth:ethertype:ip:udp:lisp-data:ipv6:gre:data,3
eth:ethertype:ip:udp:lisp-data:ipv6:vines_frp:vines_ip:data,3
eth:ethertype:ip:udp:gre:wlan,3
eth:ethertype:ip:udp:actrace,2
eth:ethertype:ip:udp:mdns:vssmonitoring,2
eth:ethertype:ip:udp:edonkey,2
eth:ethertype:ip:udp:mpls:ipv6:eigrp,2
eth:ethertype:ip:udp:aodv,2
eth:ethertype:ip:udp:jmirror:ipv6:pim,2
eth:ethertype:ip:udp:jmirror:ipv6:nhrp,2
eth:ethertype:ip:udp:jmirror:ipv6:ipv6.routing,2
eth:ethertype:ip:udp:megaco:h248,2
eth:ethertype:ip:udp:sip:sdp,2
eth:ethertype:ip:udp:opensafety_udp,2
eth:ethertype:ip:udp:mpls:ipv6:lwl4,2
eth:ethertype:ip:udp:mpls:ipv6:l2tp:data,2
eth:ethertype:ip:udp:lisp-data:ipv6:ospf,2
eth:ethertype:ip:udp:dtls:x509sat:x509sat:x509sat:x509sat,2
eth:ethertype:ip:udp:jmirror:ipv6:vrrp,2
eth:ethertype:ip:udp:epl,2
eth:ethertype:ip:udp:lisp-data:ipv6:vrrp,2
eth:ethertype:ip:udp:lisp-data:ipv6:ipv6.routing,2
eth:ethertype:ip:udp:dvb_ipdc:alc:rmt-lct,2
eth:ethertype:ip:udp:mpls:pwethheuristic:pwethcw:eth,2
eth:ethertype:ip:udp:bat.vis,1
eth:ethertype:ip:udp:ayiya:dsr:ipv6.hopopts:ipv6.hopopts,1
eth:ethertype:ip:udp:oicq,1
eth:ethertype:ip:udp:llc:sna:data,1
eth:ethertype:ip:udp:capwap.data:eth,1
eth:ethertype:ip:udp:mpls:ipv6:ah,1
eth:ethertype:ip:udp:mpls:ipv6:gre:data,1
eth:ethertype:ip:udp:goose:cotp:goose,1
eth:ethertype:ip:udp:jmirror:ipv6:etherip:eth:ethertype:data,1
eth:ethertype:ip:udp:jmirror:ipv6:osi:data,1
eth:ethertype:ip:udp:sflow,1
eth:ethertype:ip:udp:wccp,1
eth:ethertype:ip:udp:olsr,1
eth:ethertype:ip:udp:capwap.data:eth:llc:data,1
eth:ethertype:ip:udp:ecatf:ecat_mailbox,1
eth:ethertype:ip:udp:lisp-data:ipv6:esp,1
eth:ethertype:ip:udp:lisp-data:ipv6:dsr:ospf,1
eth:ethertype:ip:udp:lisp-data:ipv6:etherip:eth:ethertype:data,1
eth:ethertype:ip:udp:lisp-data:ipv6:eigrp,1
eth:ethertype:ip:udp:lisp-data:ipv6:ipcomp:data,1
eth:ethertype:ip:udp:amt:ip:ipv6:data,1
eth:ethertype:ip:udp:ip,1
eth:ethertype:ip:udp:teredo:ipv6:data,1
eth:ethertype:ip:udp:jmirror:ipv6:dsr,1
eth:ethertype:ip:udp:jmirror:ipv6:gre,1
eth:ethertype:ip:udp:jmirror:ipv6:l2tp:data,1
eth:ethertype:ip:udp:jmirror:ipv6:ah,1
eth:ethertype:ip:udp:rmcp:ipmi_session,1
eth:ethertype:ip:udp:mpls:ipv6:nhrp,1
eth:ethertype:ip:udp:lisp-data:ipv6:dsr:data,1
eth:ethertype:ip:udp:lisp-data:ipv6:ipcomp:data:data,1
eth:ethertype:ip:udp:adwin,1
eth:ethertype:ip:udp:mpls:ipv6:etherip:eth:llc:data,1
eth:ethertype:ip:udp:jmirror:ipv6:ah:data,1
eth:ethertype:ip:udp:ecatf,1
eth:ethertype:ip:udp:eth:llc,1
eth:ethertype:ip:udp:nbdgm:smb:smb_netlogon,1
eth:ethertype:ip:udp:lisp-data:ipv6:swipe:data,1
eth:ethertype:ip:udp:mint:eth:ethertype:data,1
eth:ethertype:ip:udp:llc:osi:data,1
eth:ethertype:ip:udp:bat.gw,1
eth:ethertype:ip:udp:ieee1722:cvf:data,1
eth:ethertype:ip:udp:ssyncp,1
eth:ethertype:ip:udp:rdpudp:dtls,1
eth:ethertype:ip:udp:scop:wpan,1
eth:ethertype:ip:udp:wimaxasncp,1
eth:ethertype:ip:udp:tzsp:eth:ethertype:data,1
eth:ethertype:ip:udp:lisp-data:ipv6:l2tp:data,1
eth:ethertype:ip:udp:acdr:data,1
