eth:ethertype:ip:udp:stun,13869749
eth:ethertype:ip:udp:data,8782913
eth:ethertype:ip:udp:syslog,5082741
eth:ethertype:ip:udp:dns,4297365
eth:ethertype:ip:udp:snmp,2455035
eth:ethertype:ip:udp:ntp,2069773
eth:ethertype:ip:data,1218405
eth:ethertype:ip:udp:nbns,734919
eth:ethertype:ip:udp:sip,493067
eth:ethertype:ip:udp:coap,195080
eth:ethertype:ip:udp:cldap,154645
eth:ethertype:ip:udp:cflow,153368
eth:ethertype:ip:udp:ssdp,103811
eth:ethertype:ip:udp:sip:xml,101970
eth:ethertype:ip:udp:mdns,96021
eth:ethertype:ip:udp:dtls,79579
eth:ethertype:ip:udp:rpc,74024
eth:ethertype:ip:udp:dhcp,65279
eth:ethertype:ip:udp:isakmp,59399
eth:ethertype:ip:udp:openvpn,59037
eth:ethertype:ip:udp,57913
eth:ethertype:ip:udp:portcontrol,57002
eth:ethertype:ip:udp:gtp,53403
eth:ethertype:ip:udp:sip:data-text-lines,52731
eth:ethertype:ip:udp:memcache,47920
eth:ethertype:ip:udp:l2tp,47327
eth:ethertype:ip:udp:srvloc,44178
eth:ethertype:ip:udp:rip,43821
eth:ethertype:ip:udp:capwap,42923
eth:ethertype:ip:udp:bvlc:bacnet:bacapp,42172
eth:ethertype:ip:udp:rmcp:ipmi_session:data,33515
eth:ethertype:ip:udp:xdmcp,29906
eth:ethertype:ip:udp:udpencap:esp,27506
eth:ethertype:ip:udp:quic:tls,26630
eth:ethertype:ip:udp:chargen,26053
eth:ethertype:ip:udp:tftp,24437
eth:ethertype:ip:udp:gquic,20369
eth:ethertype:ip:udp:kerberos,19976
eth:ethertype:ip:udp:gtp:gtpv2,18977
eth:ethertype:ip:udp:lwapp:data,17242
eth:ethertype:ip:udp:rdpudp,17172
eth:ethertype:ip:udp:rtcp,17168
eth:ethertype:ip:udp:udpencap:isakmp,17021
eth:ethertype:ip:udp:radius,16917
eth:ethertype:ip:udp:hart_ip,15728
eth:ethertype:ip:udp:omron,14047
eth:ethertype:ip:udp:enip,13527
eth:ethertype:ip:udp:echo,12834
eth:ethertype:ip:udp:classicstun,12596
eth:ethertype:ip:udp:nbdgm:smb:browser,12014
eth:ethertype:ip:udp:daytime,10434
eth:ethertype:ip:udp:bfd,10304
eth:ethertype:ip:udp:ecatf:ecat,10214
eth:ethertype:ip:udp:time,10174
eth:ethertype:ip:udp:steam_ihs_discovery,9748
eth:ethertype:ip:udp:quic,9538
eth:ethertype:ip:udp:kip,7210
eth:ethertype:ip:udp:mgcp,5882
eth:ethertype:ip:udp:iax2,4767
eth:ethertype:ip:udp:llmnr,4576
eth:ethertype:ip:udp:coap:data,4336
eth:ethertype:ip:udp:rmcp:asf,3382
eth:ethertype:ip:udp:teredo:ipv6,3229
eth:ethertype:ip:udp:wisun.eapol_relay:eapol:data,1826
eth:ethertype:ip:udp:llc:data,1811
eth:ethertype:ip:udp:quake3:data,1715
eth:ethertype:ip:udp:teredo:ipv6:icmpv6,1704
eth:ethertype:ip:udp:cipio,1641
eth:ethertype:ip:udp:gtpprime,1497
eth:ethertype:ip:udp:dis,1390
eth:ethertype:ip:udp:raknet:raknet,1281
eth:ethertype:ip:udp:sap,1191
eth:ethertype:ip:udp:corosync_totemnet:data,1183
eth:ethertype:ip:udp:radius:eap,1174
eth:ethertype:ip:udp:ajns,1165
eth:ethertype:ip:udp:rtps,1074
eth:ethertype:ip:udp:sbus,934
eth:ethertype:ip:udp:wsp,931
eth:ethertype:ip:udp:hiqnet,925
eth:ethertype:ip:udp:asap,821
eth:ethertype:ip:udp:h225,778
eth:ethertype:ip:udp:dof,775
eth:ethertype:ip:udp:opensafety_udp:data,771
eth:ethertype:ip:udp:bat.vis:data,722
eth:ethertype:ip:udp:lwapp:wlan,716
eth:ethertype:ip:udp:ssdp:data,687
eth:ethertype:ip:udp:msproxy,679
eth:ethertype:ip:udp:c1222,678
eth:ethertype:ip:udp:dpnet,672
eth:ethertype:ip:udp:uaudp,665
eth:ethertype:ip:udp:cnip,637
eth:ethertype:ip:udp:pn_rt:pn_ptcp,635
eth:ethertype:ip:udp:ts2,624
eth:ethertype:ip:udp:mih,607
eth:ethertype:ip:udp:asterix,603
eth:ethertype:ip:udp:geneve:data,600
eth:ethertype:ip:udp:h248,596
eth:ethertype:ip:udp:ath,596
eth:ethertype:ip:udp:teredo:data,594
eth:ethertype:ip:udp:kdp,590
eth:ethertype:ip:udp:sabp:sabp,582
eth:ethertype:ip:udp:enrp,573
eth:ethertype:ip:udp:bfd_echo,558
eth:ethertype:ip:udp:pktc.mtafqdn,550
eth:ethertype:ip:udp:scop:data,549
eth:ethertype:ip:udp:tzsp,538
eth:ethertype:ip:udp:gprs-ns:bssgp,527
eth:ethertype:ip:udp:a21,515
eth:ethertype:ip:udp:rsip,511
eth:ethertype:ip:udp:icp,497
eth:ethertype:ip:udp:wtls,456
eth:ethertype:ip:udp:iapp,447
eth:ethertype:ip:udp:bat:data,441
eth:ethertype:ip:udp:knet,432
eth:ethertype:ip:udp:vxlan:eth:llc:data,432
eth:ethertype:ip:udp:ardp,429
eth:ethertype:ip:udp:doip,425
eth:ethertype:ip:udp:ecmp,425
eth:ethertype:ip:udp:nano,417
eth:ethertype:ip:udp:rsvp,404
eth:ethertype:ip:udp:mint,397
eth:ethertype:ip:udp:h501,392
eth:ethertype:ip:udp:vuze-dht,388
eth:ethertype:ip:udp:manolito,381
eth:ethertype:ip:udp:hcrt,375
eth:ethertype:ip:udp:pfcp,374
eth:ethertype:ip:udp:mipv6,367
eth:ethertype:ip:udp:opensafety:data,360
eth:ethertype:ip:udp:egd:data,352
eth:ethertype:ip:udp:gre:data,349
eth:ethertype:ip:udp:cnip:data,323
eth:ethertype:ip:udp:nxp_802154_sniffer:wpan,320
eth:ethertype:ip:udp:kink,310
eth:ethertype:ip:udp:ecatf:data,278
eth:ethertype:ip:udp:lisp:data,278
eth:ethertype:ip:udp:elasticsearch,276
eth:ethertype:ip:udp:gsmtap:data,272
eth:ethertype:ip:udp:papi,271
eth:ethertype:ip:udp:bat.gw:data,269
eth:ethertype:ip:udp:eth:ethertype:data,267
eth:ethertype:ip:udp:db-lsp-disc,262
eth:ethertype:ip:udp:ipvs,255
eth:ethertype:ip:udp:quake:data,246
eth:ethertype:ip:udp:bjnp,243
eth:ethertype:ip:udp:capwap.data,240
eth:ethertype:ip:udp:tipc,231
eth:ethertype:ip:udp:mikey,227
eth:ethertype:ip:udp:tetra,221
eth:ethertype:ip:udp:raknet,219
eth:ethertype:ip:udp:quakeworld:data,217
eth:ethertype:ip:udp:rdt,210
eth:ethertype:ip:udp:rx,207
eth:ethertype:ip:udp:vrt,203
eth:ethertype:ip:udp:collectd,202
eth:ethertype:ip:udp:tplink-smarthome:json:data-text-lines,197
eth:ethertype:ip:udp:tacacs,193
eth:ethertype:ip:udp:amt,186
eth:ethertype:ip:udp:sip:sdp,171
eth:ethertype:ip:udp:iax2:data,170
eth:ethertype:ip:udp:quake2:data,168
eth:ethertype:ip:udp:dhcpv6,163
eth:ethertype:ip:udp:mpls-echo,162
eth:ethertype:ip:udp:gprs-ns,162
eth:ethertype:ip:udp:pktc,161
eth:ethertype:ip:udp:ripng,160
eth:ethertype:ip:udp:ayiya,160
eth:ethertype:ip:udp:idn,139
eth:ethertype:ip:udp:adp,135
eth:ethertype:ip:udp:wtp,132
eth:ethertype:ip:udp:sap:sdp,127
eth:ethertype:ip:udp:pn_rt:pn_io,127
eth:ethertype:ip:udp:stun:data,117
eth:ethertype:ip:udp:wg,111
eth:ethertype:ip:udp:lisp-data,111
eth:ethertype:ip:udp:ieee1722:data,109
eth:ethertype:ip:udp:egd,89
eth:ethertype:ip:udp:capwap.data:eth:ethertype:data,86
eth:ethertype:ip:udp:ulp,80
eth:ethertype:ip:udp:ax4000,75
eth:ethertype:ip:udp:geneve,74
eth:ethertype:ip:udp:megaco:data,70
eth:ethertype:ip:udp:rpc:portmap,68
eth:ethertype:ip:udp:sctp,67
eth:ethertype:ip:udp:gre,61
eth:ethertype:ip:udp:vxlan:eth:ethertype:data,61
eth:ethertype:ip:udp:nxp_802154_sniffer:wpan:data,60
eth:ethertype:ip:udp:dvb_ipdc:data,59
eth:ethertype:ip:udp:dmp,56
eth:ethertype:ip:udp:gsmtap,53
eth:ethertype:ip:udp:lisp,48
eth:ethertype:ip:udp:dcc,41
eth:ethertype:ip:udp:raknet:raknet:raknet,40
eth:ethertype:ip:udp:nxp_802154_sniffer,39
eth:ethertype:ip:udp:goose:cotp,39
eth:ethertype:ip:udp:thrift,39
eth:ethertype:ip:udp:enttec,37
eth:ethertype:ip:udp:infiniband,36
eth:ethertype:ip:udp:wlccp,35
eth:ethertype:ip:udp:mpls:data,33
eth:ethertype:ip:udp:ltp,31
eth:ethertype:ip:udp:sabp:sabp:sabp,30
eth:ethertype:ip:udp:sabp,27
eth:ethertype:ip:udp:quake3,26
eth:ethertype:ip:udp:data:vssmonitoring,26
eth:ethertype:ip:udp:capwap.data:dtls,25
eth:ethertype:ip:udp:wisun.eapol_relay,24
eth:ethertype:ip:udp:udt,24
eth:ethertype:ip:udp:lwres,23
eth:ethertype:ip:udp:capwap:dtls,22
eth:ethertype:ip:udp:llc,21
eth:ethertype:ip:udp:wol,20
eth:ethertype:ip:udp:slimp3,19
eth:ethertype:ip:udp:vxlan:eth,19
eth:ethertype:ip:udp:pn_rt,18
eth:ethertype:ip:udp:l2tp:data,18
eth:ethertype:ip:udp:lwapp:wlan:data,17
eth:ethertype:ip:udp:eth,16
eth:ethertype:ip:udp:wtp:wsp,16
eth:ethertype:ip:udp:dcp-etsi:dcp-af,15
eth:ethertype:ip:udp:ncp,13
eth:ethertype:ip:udp:find,13
eth:ethertype:ip:udp:rx:afs,13
eth:ethertype:ip:udp:bvlc,13
eth:ethertype:ip:udp:infiniband:data,11
eth:ethertype:ip:udp:who,11
eth:ethertype:ip:udp:quake2,10
eth:ethertype:ip:udp:scop,10
eth:ethertype:ip:udp:ecatf:tc_nv,10
eth:ethertype:ip:udp:wisun.eapol_relay:eapol,10
eth:ethertype:ip:udp:rtpproxy,9
eth:ethertype:ip:udp:dcp-etsi:dcp-pft,9
eth:ethertype:ip:udp:mpls:ip,9
eth:ethertype:ip:udp:acdr,8
eth:ethertype:ip:udp:nbdgm,8
eth:ethertype:ip:udp:ecatf:ioraw,8
eth:ethertype:ip:udp:auto_rp,8
eth:ethertype:ip:udp:pathport,8
eth:ethertype:ip:udp:mpls:pwach:data,8
eth:ethertype:ip:udp:actrace,7
eth:ethertype:ip:udp:kpasswd,7
eth:ethertype:ip:udp:sigcomp,7
eth:ethertype:ip:udp:dvb_ipdc:alc:data,7
eth:ethertype:ip:udp:sip:sigcomp,6
eth:ethertype:ip:udp:mpls:ip:data,6
eth:ethertype:ip:udp:tzsp:data,6
eth:ethertype:ip:udp:amt:ip,6
eth:ethertype:ip:udp:quakeworld,6
eth:ethertype:ip:udp:mip,6
eth:ethertype:ip:udp:mpls,6
eth:ethertype:ip:udp:ieee1722:iec61883,6
eth:ethertype:ip:udp:rsp,6
eth:ethertype:ip:udp:lmp,6
eth:ethertype:ip:udp:mndp,5
eth:ethertype:ip:udp:bat.gw,5
eth:ethertype:ip:udp:cpfi,5
eth:ethertype:ip:udp:tsp,5
eth:ethertype:ip:udp:tapa,4
eth:ethertype:ip:udp:h225:data,4
eth:ethertype:ip:udp:jmirror:ipv6:data,4
eth:ethertype:ip:udp:lisp-data:ip,4
eth:ethertype:ip:udp:quake,4
eth:ethertype:ip:udp:armagetronad,4
eth:ethertype:ip:udp:llc:osi:data,4
eth:ethertype:ip:udp:ipx,4
eth:ethertype:ip:udp:data:f5ethtrailer,4
eth:ethertype:ip:udp:ecatf,4
eth:ethertype:ip:udp:xyplex,4
eth:ethertype:ip:udp:wccp,3
eth:ethertype:ip:udp:lisp-data:ipv6,3
eth:ethertype:ip:udp:ltp:data,3
eth:ethertype:ip:udp:ecatf:ecat_mailbox,3
eth:ethertype:ip:udp:dlsw,3
eth:ethertype:ip:udp:eth:llc:data,3
eth:ethertype:ip:udp:cnip:lon,3
eth:ethertype:ip:udp:lwapp,3
eth:ethertype:ip:udp:adwin,3
eth:ethertype:ip:udp:icq,3
eth:ethertype:ip:udp:dlep,3
eth:ethertype:ip:udp:bat,3
eth:ethertype:ip:udp:nbdgm:smb:smb_netlogon,3
eth:ethertype:ip:udp:lbtrm,3
eth:ethertype:ip:udp:mint:eth:ethertype:data,3
eth:ethertype:ip:udp:aodv,2
eth:ethertype:ip:udp:ieee1722,2
eth:ethertype:ip:udp:msmms,2
eth:ethertype:ip:udp:ayiya:dsr:ipv6.hopopts:ipv6.hopopts,2
eth:ethertype:ip:udp:tzsp:eth:ethertype:data,2
eth:ethertype:ip:udp:ddtp,2
eth:ethertype:ip:udp:mdns:vssmonitoring,2
eth:ethertype:ip:udp:cups,2
eth:ethertype:ip:udp:llc:sna:data,2
eth:ethertype:ip:udp:a11,2
eth:ethertype:ip:udp:udpencap,2
eth:ethertype:ip:udp:mpls:ipv6,2
eth:ethertype:ip:udp:ipx:data,2
eth:ethertype:ip:udp:dvb_ipdc:alc:rmt-lct,2
eth:ethertype:ip:udp:rdpudp:tls,2
eth:ethertype:ip:udp:teredo,1
eth:ethertype:ip:udp:eth:ethertype:stp,1
eth:ethertype:ip:udp:db-lsp-disc:json:data-text-lines,1
eth:ethertype:ip:udp:tpcp,1
eth:ethertype:ip:udp:tipc:data,1
eth:ethertype:ip:udp:rmcp:ipmi_session,1
eth:ethertype:ip:udp:acdr:data,1
eth:ethertype:ip:udp:hip,1
eth:ethertype:ip:udp:snmp:data,1
eth:ethertype:ip:udp:mpls:pwethheuristic:pwethnocw:eth:ethertype:data,1
eth:ethertype:ip:udp:tplink-smarthome:json,1
eth:ethertype:ip:udp:mp2t,1
eth:ethertype:ip:udp:vxlan,1
eth:ethertype:ip:udp:mpls:ipv6:data,1
eth:ethertype:ip:udp:goose:cotp:goose,1
eth:ethertype:ip:udp:scop:wpan,1
eth:ethertype:ip:udp:mpls:pwethheuristic:pwethcw:eth,1
eth:ethertype:ip:udp:mpls:pwethheuristic:pwethcw:eth:ethertype:data,1
eth:ethertype:ip:udp:capwap.data:data,1
eth:ethertype:ip:udp:jmirror:ipv6,1
eth:ethertype:ip:udp:mint:eth,1
eth:ethertype:ip:udp:epl,1
eth:ethertype:ip:udp:rsp:asf:data,1
eth:ethertype:ip:udp:packetbb,1
