eth:ethertype:ip:udp:data,8727357
eth:ethertype:ip:udp:stun,7447118
eth:ethertype:ip:udp:syslog,6933990
eth:ethertype:ip:udp:dns,3319856
eth:ethertype:ip:udp:snmp,2411740
eth:ethertype:ip:udp:ntp,1966706
eth:ethertype:ip:data,1766782
eth:ethertype:ip:udp:nbns,489983
eth:ethertype:ip:udp:sip,358302
eth:ethertype:ip:udp:coap,217413
eth:ethertype:ip:udp:cflow,157134
eth:ethertype:ip:udp:sip:xml,102083
eth:ethertype:ip:udp:mdns,101489
eth:ethertype:ip:udp:cldap,88934
eth:ethertype:ip:udp,75525
eth:ethertype:ip:udp:rpc,73067
eth:ethertype:ip:udp:openvpn,64522
eth:ethertype:ip:udp:portcontrol,60990
eth:ethertype:ip:udp:dtls,60844
eth:ethertype:ip:udp:isakmp,60035
eth:ethertype:ip:udp:memcache,59915
eth:ethertype:ip:udp:ssdp,56913
eth:ethertype:ip:udp:sip:data-text-lines,52830
eth:ethertype:ip:udp:capwap,48413
eth:ethertype:ip:udp:srvloc,44215
eth:ethertype:ip:udp:dhcp,41027
eth:ethertype:ip:udp:gtp,40179
eth:ethertype:ip:udp:bvlc:bacnet:bacapp,40002
eth:ethertype:ip:udp:classicstun,35280
eth:ethertype:ip:udp:l2tp,28445
eth:ethertype:ip:udp:udpencap:esp,25721
eth:ethertype:ip:udp:xdmcp,24892
eth:ethertype:ip:udp:radius,23984
eth:ethertype:ip:udp:rmcp:ipmi_session:data,22165
eth:ethertype:ip:udp:quic:tls,22048
eth:ethertype:ip:udp:chargen,20959
eth:ethertype:ip:udp:tftp,20897
eth:ethertype:ip:udp:gquic,20434
eth:ethertype:ip:udp:kerberos,19479
eth:ethertype:ip:udp:lwapp:data,17287
eth:ethertype:ip:udp:rdpudp,16828
eth:ethertype:ip:udp:rip,15815
eth:ethertype:ip:udp:hart_ip,14974
eth:ethertype:ip:udp:enip,13062
eth:ethertype:ip:udp:echo,12613
eth:ethertype:ip:udp:nbdgm:smb:browser,12091
eth:ethertype:ip:udp:omron,11839
eth:ethertype:ip:udp:gtp:gtpv2,11335
eth:ethertype:ip:udp:daytime,11047
eth:ethertype:ip:udp:time,10503
eth:ethertype:ip:udp:quake3,10352
eth:ethertype:ip:udp:ecatf:ecat,10231
eth:ethertype:ip:udp:bfd,9575
eth:ethertype:ip:udp:steam_ihs_discovery,8158
eth:ethertype:ip:udp:manolito,7025
eth:ethertype:ip:udp:udpencap:isakmp,6769
eth:ethertype:ip:udp:kip,6198
eth:ethertype:ip:udp:rtcp,6176
eth:ethertype:ip:udp:quic,5948
eth:ethertype:ip:udp:iax2,4433
eth:ethertype:ip:udp:teredo:ipv6,4370
eth:ethertype:ip:udp:rtps,4056
eth:ethertype:ip:udp:mgcp,3994
eth:ethertype:ip:udp:coap:data,3952
eth:ethertype:ip:udp:rmcp:asf,3805
eth:ethertype:ip:udp:find,3757
eth:ethertype:ip:udp:llmnr,3069
eth:ethertype:ip:udp:raknet:raknet,2986
eth:ethertype:ip:udp:wisun.eapol_relay:eapol:data,2663
eth:ethertype:ip:udp:teredo:ipv6:icmpv6,2448
eth:ethertype:ip:udp:goose:cotp,1779
eth:ethertype:ip:udp:wsp,1582
eth:ethertype:ip:udp:gtpprime,1378
eth:ethertype:ip:udp:quake3:data,1335
eth:ethertype:ip:udp:bjnp,1314
eth:ethertype:ip:udp:llc:data,1226
eth:ethertype:ip:udp:cipio,1144
eth:ethertype:ip:udp:lwapp:wlan:data,1113
eth:ethertype:ip:udp:vuze-dht,1070
eth:ethertype:ip:udp:dis,1020
eth:ethertype:ip:udp:radius:eap,962
eth:ethertype:ip:udp:ssdp:data,743
eth:ethertype:ip:udp:ath,676
eth:ethertype:ip:udp:teredo:data,655
eth:ethertype:ip:udp:corosync_totemnet:data,637
eth:ethertype:ip:udp:icp,603
eth:ethertype:ip:udp:pn_rt:pn_ptcp,585
eth:ethertype:ip:udp:kpasswd,578
eth:ethertype:ip:udp:krb4,563
eth:ethertype:ip:udp:sbus,530
eth:ethertype:ip:udp:collectd,509
eth:ethertype:ip:udp:asterix,507
eth:ethertype:ip:udp:tacacs,484
eth:ethertype:ip:udp:rdt,478
eth:ethertype:ip:udp:db-lsp-disc,463
eth:ethertype:ip:udp:cnip,420
eth:ethertype:ip:udp:rx,410
eth:ethertype:ip:udp:ts2,397
eth:ethertype:ip:udp:rsp,392
eth:ethertype:ip:udp:mikey,387
eth:ethertype:ip:udp:asap,374
eth:ethertype:ip:udp:kink,362
eth:ethertype:ip:udp:h248,356
eth:ethertype:ip:udp:iapp,355
eth:ethertype:ip:udp:bat.gw:data,354
eth:ethertype:ip:udp:ecatf:data,352
eth:ethertype:ip:udp:ulp,350
eth:ethertype:ip:udp:opensafety:data,338
eth:ethertype:ip:udp:ieee1722:data,333
eth:ethertype:ip:udp:adp,333
eth:ethertype:ip:udp:quake2:data,326
eth:ethertype:ip:udp:wtls,320
eth:ethertype:ip:udp:ardp,315
eth:ethertype:ip:udp:bat:data,302
eth:ethertype:ip:udp:cups,296
eth:ethertype:ip:udp:tzsp,294
eth:ethertype:ip:udp:c1222,292
eth:ethertype:ip:udp:mipv6,287
eth:ethertype:ip:udp:raknet:raknet:raknet,277
eth:ethertype:ip:udp:dof,266
eth:ethertype:ip:udp:pktc,259
eth:ethertype:ip:udp:ipvs,255
eth:ethertype:ip:udp:mint,251
eth:ethertype:ip:udp:h501,248
eth:ethertype:ip:udp:hcrt,243
eth:ethertype:ip:udp:ajns,231
eth:ethertype:ip:udp:rpc:portmap,226
eth:ethertype:ip:udp:quake:data,224
eth:ethertype:ip:udp:capwap.data,221
eth:ethertype:ip:udp:wlccp,221
eth:ethertype:ip:udp:egd:data,218
eth:ethertype:ip:udp:tetra,217
eth:ethertype:ip:udp:hiqnet,213
eth:ethertype:ip:udp:vrt,212
eth:ethertype:ip:udp:mih,203
eth:ethertype:ip:udp:gprs-ns:bssgp,191
eth:ethertype:ip:udp:wisun.eapol_relay:eapol,189
eth:ethertype:ip:udp:tipc,185
eth:ethertype:ip:udp:dvb_ipdc:data,180
eth:ethertype:ip:udp:nxp_802154_sniffer,168
eth:ethertype:ip:udp:amt,166
eth:ethertype:ip:udp:sabp:sabp,161
eth:ethertype:ip:udp:eth:ethertype:data,157
eth:ethertype:ip:udp:raknet,156
eth:ethertype:ip:udp:pktc.mtafqdn,155
eth:ethertype:ip:udp:vxlan:eth:llc:data,143
eth:ethertype:ip:udp:lwapp:wlan,140
eth:ethertype:ip:udp:scop:data,137
eth:ethertype:ip:udp:doip,136
eth:ethertype:ip:udp:iax2:data,127
eth:ethertype:ip:udp:ayiya,125
eth:ethertype:ip:udp:wg,124
eth:ethertype:ip:udp:gprs-ns,121
eth:ethertype:ip:udp:h225,114
eth:ethertype:ip:udp:lisp-data,111
eth:ethertype:ip:udp:a21,110
eth:ethertype:ip:udp:quakeworld:data,108
eth:ethertype:ip:udp:uaudp,106
eth:ethertype:ip:udp:pn_rt:pn_io,100
eth:ethertype:ip:udp:enrp,98
eth:ethertype:ip:udp:data:vssmonitoring,92
eth:ethertype:ip:udp:rsip,83
eth:ethertype:ip:udp:msproxy,82
eth:ethertype:ip:udp:nxp_802154_sniffer:wpan,82
eth:ethertype:ip:udp:bfd_echo,72
eth:ethertype:ip:udp:elasticsearch,68
eth:ethertype:ip:udp:pfcp,67
eth:ethertype:ip:udp:kdp,65
eth:ethertype:ip:udp:wtp,61
eth:ethertype:ip:udp:knet,56
eth:ethertype:ip:udp:idn,56
eth:ethertype:ip:udp:who,55
eth:ethertype:ip:udp:ecmp,51
eth:ethertype:ip:udp:opensafety_udp:data,50
eth:ethertype:ip:udp:sctp,50
eth:ethertype:ip:udp:gsmtap:data,48
eth:ethertype:ip:udp:ax4000,45
eth:ethertype:ip:udp:infiniband,45
eth:ethertype:ip:udp:sap,44
eth:ethertype:ip:udp:vxlan:eth:ethertype:data,43
eth:ethertype:ip:udp:stun:data,43
eth:ethertype:ip:udp:rsvp,41
eth:ethertype:ip:udp:sabp,40
eth:ethertype:ip:udp:capwap:dtls,37
eth:ethertype:ip:udp:dpnet,37
eth:ethertype:ip:udp:megaco:data,36
eth:ethertype:ip:udp:bat.vis:data,34
eth:ethertype:ip:udp:sigcomp,34
eth:ethertype:ip:udp:lisp:data,32
eth:ethertype:ip:udp:geneve,31
eth:ethertype:ip:udp:cnip:data,30
eth:ethertype:ip:udp:dcc,27
eth:ethertype:ip:udp:tplink-smarthome:json:data-text-lines,27
eth:ethertype:ip:udp:nano,26
eth:ethertype:ip:udp:thrift,26
eth:ethertype:ip:udp:lisp-data:ip:data,26
eth:ethertype:ip:udp:wol,25
eth:ethertype:ip:udp:lisp,24
eth:ethertype:ip:udp:nxp_802154_sniffer:wpan:data,23
eth:ethertype:ip:udp:dmp,23
eth:ethertype:ip:udp:geneve:data,23
eth:ethertype:ip:udp:mpls:data,22
eth:ethertype:ip:udp:gsmtap,21
eth:ethertype:ip:udp:lisp-data:ipv6:data,21
eth:ethertype:ip:udp:gre:data,20
eth:ethertype:ip:udp:ltp,20
eth:ethertype:ip:udp:sip:sdp,20
eth:ethertype:ip:udp:rtpproxy,17
eth:ethertype:ip:udp:gre,17
eth:ethertype:ip:udp:dhcpv6,17
eth:ethertype:ip:udp:llc,16
eth:ethertype:ip:udp:cigi,16
eth:ethertype:ip:udp:ripng,16
eth:ethertype:ip:udp:quake2,15
eth:ethertype:ip:udp:egd,15
eth:ethertype:ip:udp:ecatf:ioraw,14
eth:ethertype:ip:udp:dlsw,14
eth:ethertype:ip:udp:lmp,14
eth:ethertype:ip:udp:ecatf:tc_nv,13
eth:ethertype:ip:udp:mpls,13
eth:ethertype:ip:udp:auto_rp,12
eth:ethertype:ip:udp:dcerpc,12
eth:ethertype:ip:udp:sabp:sabp:sabp,12
eth:ethertype:ip:udp:tsp,10
eth:ethertype:ip:udp:eth,10
eth:ethertype:ip:udp:mpls:ipv6:data,10
eth:ethertype:ip:udp:lwres,10
eth:ethertype:ip:udp:lisp-data:ip,10
eth:ethertype:ip:udp:tzsp:data,9
eth:ethertype:ip:udp:tapa,9
eth:ethertype:ip:udp:pn_rt,9
eth:ethertype:ip:udp:dvb_ipdc:alc:rmt-lct,8
eth:ethertype:ip:udp:vxlan:eth,8
eth:ethertype:ip:udp:amt:ip,8
eth:ethertype:ip:udp:infiniband:data,8
eth:ethertype:ip:udp:wisun.eapol_relay,8
eth:ethertype:ip:udp:bvlc,8
eth:ethertype:ip:udp:msmms,7
eth:ethertype:ip:udp:dvb_ipdc:alc:data,7
eth:ethertype:ip:udp:mpls:ip,7
eth:ethertype:ip:udp:dlep,7
eth:ethertype:ip:udp:papi,7
eth:ethertype:ip:udp:ecatf:ams,7
eth:ethertype:ip:udp:slimp3,6
eth:ethertype:ip:udp:mndp,6
eth:ethertype:ip:udp:ncp,6
eth:ethertype:ip:udp:ipx,6
eth:ethertype:ip:udp:acdr,6
eth:ethertype:ip:udp:lbtrm,6
eth:ethertype:ip:udp:ieee1722:iec61883,5
eth:ethertype:ip:udp:lisp-data:ipv6,5
eth:ethertype:ip:udp:dcp-etsi:dcp-pft,5
eth:ethertype:ip:udp:mip,5
eth:ethertype:ip:udp:capwap.data:dtls,5
eth:ethertype:ip:udp:mpls:pwethheuristic:pwethcw:eth:ethertype:data,5
eth:ethertype:ip:udp:ipx:data,4
eth:ethertype:ip:udp:lwapp,4
eth:ethertype:ip:udp:dcp-etsi:dcp-af,4
eth:ethertype:ip:udp:xyplex,4
eth:ethertype:ip:udp:scop,4
eth:ethertype:ip:udp:ecatf:ecat_mailbox,4
eth:ethertype:ip:udp:epl,4
eth:ethertype:ip:udp:mdns:vssmonitoring,4
eth:ethertype:ip:udp:ieee1722:aaf,4
eth:ethertype:ip:udp:armagetronad,3
eth:ethertype:ip:udp:mpls:pwethheuristic:pwethnocw:eth:ethertype:data,3
eth:ethertype:ip:udp:ayiya:dsr:ipv6.hopopts:ipv6.hopopts,3
eth:ethertype:ip:udp:sip:sigcomp,3
eth:ethertype:ip:udp:nbdgm,3
eth:ethertype:ip:udp:teredo,3
eth:ethertype:ip:udp:mint:eth:ethertype:data,3
eth:ethertype:ip:udp:capwap.data:data,3
eth:ethertype:ip:udp:bat.vis,2
eth:ethertype:ip:udp:rx:afs,2
eth:ethertype:ip:udp:a11,2
eth:ethertype:ip:udp:ptp,2
eth:ethertype:ip:udp:llc:sna:data,2
eth:ethertype:ip:udp:quake,2
eth:ethertype:ip:udp:mpls:pwethheuristic:pwethcw:eth,2
eth:ethertype:ip:udp:edonkey,2
eth:ethertype:ip:udp:ieee1722,2
eth:ethertype:ip:udp:lwapp:wlan:llc:data,2
eth:ethertype:ip:udp:actrace,2
eth:ethertype:ip:udp:snmp:snmp,2
eth:ethertype:ip:udp:mpls:ip:data,2
eth:ethertype:ip:udp:olsr,2
eth:ethertype:ip:udp:bat.gw,2
eth:ethertype:ip:udp:ddtp,2
eth:ethertype:ip:udp:opensafety,2
eth:ethertype:ip:udp:coap:data:oscore,2
eth:ethertype:ip:udp:rdpudp:dtls,2
eth:ethertype:ip:udp:dtls:x509sat:x509sat:x509sat:x509sat,2
eth:ethertype:ip:udp:wimaxasncp,2
eth:ethertype:ip:udp:ltp:data,2
eth:ethertype:ip:udp:ldp,1
eth:ethertype:ip:udp:capwap.data:eth,1
eth:ethertype:ip:udp:capwap:data,1
eth:ethertype:ip:udp:scop:wpan,1
eth:ethertype:ip:udp:mpls:ipv6,1
eth:ethertype:ip:udp:packetbb,1
eth:ethertype:ip:udp:goose:cotp:goose,1
eth:ethertype:ip:udp:pathport,1
eth:ethertype:ip:udp:l2tp:ppp:data,1
eth:ethertype:ip:udp:lisp-data:ipv6:vines_frp:vines_ip:data,1
eth:ethertype:ip:udp:lisp-data:ipv6:ah,1
eth:ethertype:ip:udp:dvb_ipdc:alc:rmt-lct:data,1
eth:ethertype:ip:udp:gsmtap:gsm_sim,1
eth:ethertype:ip:udp:lisp-data:ipv6:esp,1
eth:ethertype:ip:udp:lisp-data:ipv6:osi:data,1
eth:ethertype:ip:udp:lisp-data:ipv6:vrrp,1
eth:ethertype:ip:udp:lisp-data:ipv6:eigrp,1
eth:ethertype:ip:udp:lisp-data:ipv6:ospf,1
eth:ethertype:ip:udp:lisp-data:ipv6:etherip:eth:ethertype:data,1
eth:ethertype:ip:udp:mpls:ipv6:ipv6.hopopts,1
eth:ethertype:ip:udp:lisp-data:ipv6:lwl4,1
eth:ethertype:ip:udp:lisp-data:ipv6:l2tp:data,1
eth:ethertype:ip:udp:lisp-data:ipv6:swipe,1
eth:ethertype:ip:udp:memcache:vssmonitoring,1
eth:ethertype:ip:udp:tipc:data,1
eth:ethertype:ip:udp:sflow,1
eth:ethertype:ip:udp:adwin,1
eth:ethertype:ip:udp:megaco,1
eth:ethertype:ip:udp:nbdgm:smb:smb_netlogon,1
eth:ethertype:ip:udp:nsh:data,1
eth:ethertype:ip:udp:mp2t,1
eth:ethertype:ip:udp:ecatf,1
eth:ethertype:ip:udp:nsh,1
eth:ethertype:ip:udp:ip,1
eth:ethertype:ip:udp:coap:data-text-lines,1
eth:ethertype:ip:udp:oicq,1
eth:ethertype:ip:udp:mbudp:modbus,1
eth:ethertype:ip:udp:wccp,1
eth:ethertype:ip:udp:vxlan,1
eth:ethertype:ip:udp:tzsp:eth:ethertype:data,1
eth:ethertype:ip:udp:cnip:lon,1
eth:ethertype:ip:udp:quakeworld,1
