eth:ethertype:ip:udp:data,8704097
eth:ethertype:ip:udp:stun,3533962
eth:ethertype:ip:udp:dns,3362752
eth:ethertype:ip:udp:syslog,2560283
eth:ethertype:ip:udp:snmp,2183094
eth:ethertype:ip:udp:ntp,2109182
eth:ethertype:ip:udp:nbns,521137
eth:ethertype:ip:data,477255
eth:ethertype:ip:udp:sip,283361
eth:ethertype:ip:udp:cflow,150485
eth:ethertype:ip:udp:cldap,128477
eth:ethertype:ip:udp:quic,122425
eth:ethertype:ip:udp:rpc,104894
eth:ethertype:ip:udp:ssdp,97017
eth:ethertype:ip:udp:mdns,96959
eth:ethertype:ip:udp:sip:xml,85823
eth:ethertype:ip:udp:coap,81141
eth:ethertype:ip:udp:dtls,78655
eth:ethertype:ip:udp:openvpn,77272
eth:ethertype:ip:udp:memcache,67376
eth:ethertype:ip:udp:isakmp,60467
eth:ethertype:ip:udp:sip:data-text-lines,52706
eth:ethertype:ip:udp,50615
eth:ethertype:ip:udp:capwap,43987
eth:ethertype:ip:udp:gtp,43804
eth:ethertype:ip:udp:srvloc,43451
eth:ethertype:ip:udp:tftp,42899
eth:ethertype:ip:udp:bvlc:bacnet:bacapp,42605
eth:ethertype:ip:udp:portcontrol,41557
eth:ethertype:ip:udp:l2tp,40752
eth:ethertype:ip:udp:dhcp,36803
eth:ethertype:ip:udp:rip,34555
eth:ethertype:ip:udp:chargen,34332
eth:ethertype:ip:udp:rdpudp,26487
eth:ethertype:ip:udp:udpencap:esp,24725
eth:ethertype:ip:udp:gquic,20625
eth:ethertype:ip:udp:xdmcp,20504
eth:ethertype:ip:udp:kerberos,20228
eth:ethertype:ip:udp:quic:tls,17908
eth:ethertype:ip:udp:pfcp,16801
eth:ethertype:ip:udp:lwapp:data,16521
eth:ethertype:ip:udp:rmcp:ipmi_session:data,15123
eth:ethertype:ip:udp:hart_ip,14788
eth:ethertype:ip:udp:echo,14174
eth:ethertype:ip:udp:omron,13205
eth:ethertype:ip:udp:enip,13147
eth:ethertype:ip:udp:radius,13041
eth:ethertype:ip:udp:classicstun,12445
eth:ethertype:ip:udp:nbdgm:smb:browser,12424
eth:ethertype:ip:udp:gtp:gtpv2,11431
eth:ethertype:ip:udp:time,10564
eth:ethertype:ip:udp:daytime,10335
eth:ethertype:ip:udp:steam_ihs_discovery,10211
eth:ethertype:ip:udp:ecatf:ecat,10211
eth:ethertype:ip:udp:bfd,9620
eth:ethertype:ip:udp:rtcp,8264
eth:ethertype:ip:udp:udpencap:isakmp,6985
eth:ethertype:ip:udp:kip,6341
eth:ethertype:ip:udp:teredo:ipv6,5553
eth:ethertype:ip:udp:mgcp,5294
eth:ethertype:ip:udp:raknet:raknet,4267
eth:ethertype:ip:udp:coap:data,3493
eth:ethertype:ip:udp:rmcp:asf,3429
eth:ethertype:ip:udp:llmnr,2662
eth:ethertype:ip:udp:scop:data,2477
eth:ethertype:ip:udp:wisun.eapol_relay:eapol:data,2435
eth:ethertype:ip:udp:mndp,1813
eth:ethertype:ip:udp:iax2,1809
eth:ethertype:ip:udp:wsp,1653
eth:ethertype:ip:udp:cipio,1487
eth:ethertype:ip:udp:gtpprime,1312
eth:ethertype:ip:udp:corosync_totemnet:data,1285
eth:ethertype:ip:udp:rtps,1233
eth:ethertype:ip:udp:quake3:data,1230
eth:ethertype:ip:udp:dis,1133
eth:ethertype:ip:udp:find,953
eth:ethertype:ip:udp:vuze-dht,778
eth:ethertype:ip:udp:hcrt,668
eth:ethertype:ip:udp:ssdp:data,631
eth:ethertype:ip:udp:llc:data,630
eth:ethertype:ip:udp:wtls,599
eth:ethertype:ip:udp:tacacs,544
eth:ethertype:ip:udp:kink,446
eth:ethertype:ip:udp:tplink-smarthome:json:data-text-lines,421
eth:ethertype:ip:udp:mint,371
eth:ethertype:ip:udp:rsip,356
eth:ethertype:ip:udp:rx,337
eth:ethertype:ip:udp:asap,328
eth:ethertype:ip:udp:teredo:data,328
eth:ethertype:ip:udp:h225,304
eth:ethertype:ip:udp:hiqnet,298
eth:ethertype:ip:udp:dvb_ipdc:data,279
eth:ethertype:ip:udp:bfd_echo,278
eth:ethertype:ip:udp:dpnet,275
eth:ethertype:ip:udp:h501,273
eth:ethertype:ip:udp:cnip,271
eth:ethertype:ip:udp:idn,270
eth:ethertype:ip:udp:wisun.eapol_relay:eapol,267
eth:ethertype:ip:udp:iapp,253
eth:ethertype:ip:udp:wg,245
eth:ethertype:ip:udp:bat:data,242
eth:ethertype:ip:udp:bjnp,237
eth:ethertype:ip:udp:wlccp,233
eth:ethertype:ip:udp:raknet,225
eth:ethertype:ip:udp:wtp,223
eth:ethertype:ip:udp:icp,223
eth:ethertype:ip:udp:ecatf:data,217
eth:ethertype:ip:udp:c1222,210
eth:ethertype:ip:udp:elasticsearch,209
eth:ethertype:ip:udp:bat.vis:data,209
eth:ethertype:ip:udp:ayiya,206
eth:ethertype:ip:udp:pn_rt:pn_io,206
eth:ethertype:ip:udp:stun:data,205
eth:ethertype:ip:udp:gprs-ns:bssgp,204
eth:ethertype:ip:udp:opensafety_udp:data,201
eth:ethertype:ip:udp:dof,197
eth:ethertype:ip:udp:bat.gw:data,195
eth:ethertype:ip:udp:opensafety:data,195
eth:ethertype:ip:udp:lisp-data,184
eth:ethertype:ip:udp:quake2:data,184
eth:ethertype:ip:udp:ecmp,183
eth:ethertype:ip:udp:ath,182
eth:ethertype:ip:udp:gprs-ns,173
eth:ethertype:ip:udp:asterix,173
eth:ethertype:ip:udp:vrt,172
eth:ethertype:ip:udp:nxp_802154_sniffer:wpan,168
eth:ethertype:ip:udp:pn_rt:pn_ptcp,167
eth:ethertype:ip:udp:mpls-echo,165
eth:ethertype:ip:udp:raknet:raknet:raknet,159
eth:ethertype:ip:udp:mipv6,159
eth:ethertype:ip:udp:sbus,157
eth:ethertype:ip:udp:iax2:data,153
eth:ethertype:ip:udp:sabp,152
eth:ethertype:ip:udp:doip,147
eth:ethertype:ip:udp:nano,144
eth:ethertype:ip:udp:uaudp,130
eth:ethertype:ip:udp:ipvs,130
eth:ethertype:ip:udp:pktc,122
eth:ethertype:ip:udp:adp,119
eth:ethertype:ip:udp:gre:data,118
eth:ethertype:ip:udp:kdp,116
eth:ethertype:ip:udp:db-lsp-disc,116
eth:ethertype:ip:udp:knet,114
eth:ethertype:ip:udp:manolito,111
eth:ethertype:ip:udp:ax4000,110
eth:ethertype:ip:udp:ajns,107
eth:ethertype:ip:udp:eth:ethertype:data,107
eth:ethertype:ip:udp:tzsp,102
eth:ethertype:ip:udp:capwap.data,102
eth:ethertype:ip:udp:sap,101
eth:ethertype:ip:udp:ieee1722:data,99
eth:ethertype:ip:udp:capwap.data:eth:ethertype:data,98
eth:ethertype:ip:udp:ts2,96
eth:ethertype:ip:udp:nbdgm:smb:data,95
eth:ethertype:ip:udp:ulp,91
eth:ethertype:ip:udp:sctp,90
eth:ethertype:ip:udp:rdt,90
eth:ethertype:ip:udp:a21,88
eth:ethertype:ip:udp:lisp:data,87
eth:ethertype:ip:udp:tetra,85
eth:ethertype:ip:udp:radius:eap,82
eth:ethertype:ip:udp:amt,81
eth:ethertype:ip:udp:gsmtap:data,79
eth:ethertype:ip:udp:mpls:data,79
eth:ethertype:ip:udp:h248,77
eth:ethertype:ip:udp:dcc,77
eth:ethertype:ip:udp:collectd,77
eth:ethertype:ip:udp:tipc,76
eth:ethertype:ip:udp:msproxy,76
eth:ethertype:ip:udp:mikey,70
eth:ethertype:ip:udp:enrp,68
eth:ethertype:ip:udp:goose:cotp,66
eth:ethertype:ip:udp:pktc.mtafqdn,66
eth:ethertype:ip:udp:megaco:data,65
eth:ethertype:ip:udp:quake:data,65
eth:ethertype:ip:udp:rsvp,62
eth:ethertype:ip:udp:mih,59
eth:ethertype:ip:udp:sap:sdp,59
eth:ethertype:ip:udp:gsmtap,58
eth:ethertype:ip:udp:egd:data,55
eth:ethertype:ip:udp:quakeworld:data,52
eth:ethertype:ip:udp:wtp:wsp,50
eth:ethertype:ip:udp:lisp,49
eth:ethertype:ip:udp:geneve:data,44
eth:ethertype:ip:udp:cnip:data,44
eth:ethertype:ip:udp:gre,44
eth:ethertype:ip:udp:lisp-data:ipv6:data,43
eth:ethertype:ip:udp:quake3,42
eth:ethertype:ip:udp:dcp-etsi:dcp-pft,41
eth:ethertype:ip:udp:geneve,39
eth:ethertype:ip:udp:ltp,37
eth:ethertype:ip:udp:dhcpv6,37
eth:ethertype:ip:udp:ardp,35
eth:ethertype:ip:udp:lwapp:wlan:data,34
eth:ethertype:ip:udp:vxlan:eth:ethertype:data,33
eth:ethertype:ip:udp:infiniband,29
eth:ethertype:ip:udp:lisp-data:ip:data,29
eth:ethertype:ip:udp:dcp-etsi:dcp-af,29
eth:ethertype:ip:udp:rx:afs,29
eth:ethertype:ip:udp:dmp,28
eth:ethertype:ip:udp:nxp_802154_sniffer,27
eth:ethertype:ip:udp:thrift,26
eth:ethertype:ip:udp:auto_rp,25
eth:ethertype:ip:udp:lwapp:wlan,25
eth:ethertype:ip:udp:nxp_802154_sniffer:wpan:data,25
eth:ethertype:ip:udp:sabp:sabp,25
eth:ethertype:ip:udp:mpls:ip,24
eth:ethertype:ip:udp:kpasswd,23
eth:ethertype:ip:udp:llc,22
eth:ethertype:ip:udp:egd,21
eth:ethertype:ip:udp:eth,20
eth:ethertype:ip:udp:capwap:dtls,19
eth:ethertype:ip:udp:tzsp:data,18
eth:ethertype:ip:udp:infiniband:data,18
eth:ethertype:ip:udp:ripng,17
eth:ethertype:ip:udp:lwres,17
eth:ethertype:ip:udp:rsp,17
eth:ethertype:ip:udp:xyplex,17
eth:ethertype:ip:udp:mpls,16
eth:ethertype:ip:udp:ncp,16
eth:ethertype:ip:udp:capwap.data:dtls,16
eth:ethertype:ip:udp:lmp,15
eth:ethertype:ip:udp:who,15
eth:ethertype:ip:udp:dlep,15
eth:ethertype:ip:udp:pn_rt,14
eth:ethertype:ip:udp:quake2,14
eth:ethertype:ip:udp:lbtrm,14
eth:ethertype:ip:udp:tsp,13
eth:ethertype:ip:udp:lisp-data:ip,13
eth:ethertype:ip:udp:msmms,12
eth:ethertype:ip:udp:scop,12
eth:ethertype:ip:udp:mip,11
eth:ethertype:ip:udp:data:vssmonitoring,11
eth:ethertype:ip:udp:vxlan:eth,11
eth:ethertype:ip:udp:ipx:data,11
eth:ethertype:ip:udp:ipx,10
eth:ethertype:ip:udp:quakeworld,10
eth:ethertype:ip:udp:acdr,10
eth:ethertype:ip:udp:packetbb,10
eth:ethertype:ip:udp:tapa,9
eth:ethertype:ip:udp:rtpproxy,9
eth:ethertype:ip:udp:amt:ip,9
eth:ethertype:ip:udp:nbdgm,9
eth:ethertype:ip:udp:ecatf:tc_nv,9
eth:ethertype:ip:udp:wisun.eapol_relay,9
eth:ethertype:ip:udp:sigcomp,9
eth:ethertype:ip:udp:dlsw,8
eth:ethertype:ip:udp:mpls:ipv6:data,8
eth:ethertype:ip:udp:ieee1722:iec61883,8
eth:ethertype:ip:udp:dvb_ipdc:alc:data,8
eth:ethertype:ip:udp:tpcp,8
eth:ethertype:ip:udp:l2tp:data,8
eth:ethertype:ip:udp:cups,7
eth:ethertype:ip:udp:bat.gw,7
eth:ethertype:ip:udp:lwapp,7
eth:ethertype:ip:udp:slimp3,7
eth:ethertype:ip:udp:armagetronad,6
eth:ethertype:ip:udp:sip:sigcomp,6
eth:ethertype:ip:udp:epl,6
eth:ethertype:ip:udp:mpls:pwethheuristic:pwethcw:eth:ethertype:data,6
eth:ethertype:ip:udp:capwap.data:data,6
eth:ethertype:ip:udp:ecatf,5
eth:ethertype:ip:udp:gtp:ip:tcp,5
eth:ethertype:ip:udp:ecatf:ecat_mailbox,5
eth:ethertype:ip:udp:teredo,5
eth:ethertype:ip:udp:rdpudp:dtls,5
eth:ethertype:ip:udp:ecatf:ioraw,4
eth:ethertype:ip:udp:actrace,4
eth:ethertype:ip:udp:cpfi,4
eth:ethertype:ip:udp:quake,4
eth:ethertype:ip:udp:pathport,4
eth:ethertype:ip:udp:quic:tls:tls:tls:tls:tls:tls:tls:tls:tls,4
eth:ethertype:ip:udp:mpls:ipv6,4
eth:ethertype:ip:udp:icq,4
eth:ethertype:ip:udp:dvb_ipdc:alc:rmt-lct,4
eth:ethertype:ip:udp:ldp,4
eth:ethertype:ip:udp:ddtp,3
eth:ethertype:ip:udp:mint:eth:ethertype:data,3
eth:ethertype:ip:udp:udpencap,3
eth:ethertype:ip:udp:acdr:data,3
eth:ethertype:ip:udp:mpls:pwethheuristic:pwethnocw:eth:ethertype:data,3
eth:ethertype:ip:udp:ieee1722,3
eth:ethertype:ip:udp:ptp,3
eth:ethertype:ip:udp:tplink-smarthome:json,3
eth:ethertype:ip:udp:teredo:ipv6:icmpv6,3
eth:ethertype:ip:udp:lisp-data:ipv6:nhrp,2
eth:ethertype:ip:udp:lisp-data:ipv6:ospf,2
eth:ethertype:ip:udp:lisp-data:ipv6:gre:data,2
eth:ethertype:ip:udp:teredo:ipv6:data,2
eth:ethertype:ip:udp:quic:tls:tls:tls:tls:tls:tls:tls:tls,2
eth:ethertype:ip:udp:quic:tls:tls,2
eth:ethertype:ip:udp:quic:tls:tls:tls:tls:tls,2
eth:ethertype:ip:udp:llc:sna:data,2
eth:ethertype:ip:udp:goose:cotp:goose,2
eth:ethertype:ip:udp:lisp-data:ipv6:gre,2
eth:ethertype:ip:udp:ltp:data,2
eth:ethertype:ip:udp:jmirror:ipv6,2
eth:ethertype:ip:udp:mpls:pwach:data,2
eth:ethertype:ip:udp:wimaxasncp,2
eth:ethertype:ip:udp:wol,2
eth:ethertype:ip:udp:ecatf:ams,2
eth:ethertype:ip:udp:adwin,2
eth:ethertype:ip:udp:eth:llc:data,2
eth:ethertype:ip:udp:lisp-data:ipv6,2
eth:ethertype:ip:udp:bat.vis,2
eth:ethertype:ip:udp:olsr,2
eth:ethertype:ip:udp:mp2t,2
eth:ethertype:ip:udp:cnip:lon,1
eth:ethertype:ip:udp:lisp-data:ipv6:dsr:data,1
eth:ethertype:ip:udp:quic:tls:tls:tls:tls:tls:tls:tls:tls:tls:tls:tls,1
eth:ethertype:ip:udp:quic:tls:tls:tls:tls:tls:tls:tls,1
eth:ethertype:ip:udp:quic:tls:tls:tls:tls,1
eth:ethertype:ip:udp:mpls:pwethheuristic:pwethcw:eth:llc:data,1
eth:ethertype:ip:udp:quic:tls:tls:tls:tls:tls:tls:tls:tls:tls:tls,1
eth:ethertype:ip:udp:lisp-data:ipv6:osi:data,1
eth:ethertype:ip:udp:lisp-data:ipv6:dsr:eigrp,1
eth:ethertype:ip:udp:lisp-data:ipv6:ipcomp:data,1
eth:ethertype:ip:udp:lisp-data:ipv6:lwl4,1
eth:ethertype:ip:udp:lisp-data:ipv6:vrrp,1
eth:ethertype:ip:udp:sflow,1
eth:ethertype:ip:udp:capwap.data:eth,1
eth:ethertype:ip:udp:a11,1
eth:ethertype:ip:udp:ip,1
eth:ethertype:ip:udp:megaco,1
eth:ethertype:ip:udp:tzsp:eth:ethertype:data,1
eth:ethertype:ip:udp:ntp:vssmonitoring,1
eth:ethertype:ip:udp:snmp:data,1
eth:ethertype:ip:udp:mpls:pwethheuristic:pwethcw:eth,1
eth:ethertype:ip:udp:jmirror:ip:data,1
eth:ethertype:ip:udp:ieee1722:aaf,1
eth:ethertype:ip:udp:wccp,1
eth:ethertype:ip:udp:llc:osi:data,1
eth:ethertype:ip:udp:ayiya:dsr:ipv6.hopopts:ipv6.hopopts,1
eth:ethertype:ip:udp:aodv,1
eth:ethertype:ip:udp:h225:data,1
eth:ethertype:ip:udp:gsmtap:lapdm,1
eth:ethertype:ip:udp:stun:tftp:data,1
eth:ethertype:ip:udp:bat.gw:ip,1
eth:ethertype:ip:udp:stun:tftp,1
