eth:ethertype:ip:udp:data,10598127
eth:ethertype:ip:udp:stun,8651795
eth:ethertype:ip:udp:syslog,5281021
eth:ethertype:ip:udp:dns,3808242
eth:ethertype:ip:udp:ntp,2045019
eth:ethertype:ip:udp:snmp,1991768
eth:ethertype:ip:data,1673143
eth:ethertype:ip:udp:nbns,792533
eth:ethertype:ip:udp:sip,699148
eth:ethertype:ip:udp:ssdp,154343
eth:ethertype:ip:udp:cflow,141861
eth:ethertype:ip:udp:coap,132672
eth:ethertype:ip:udp:sip:xml,102017
eth:ethertype:ip:udp:mdns,97589
eth:ethertype:ip:udp:cldap,90448
eth:ethertype:ip:udp:isakmp,83256
eth:ethertype:ip:udp:rpc,74928
eth:ethertype:ip:udp:memcache,66675
eth:ethertype:ip:udp:openvpn,61112
eth:ethertype:ip:udp:dtls,59962
eth:ethertype:ip:udp:sip:data-text-lines,52752
eth:ethertype:ip:udp,52192
eth:ethertype:ip:udp:srvloc,48289
eth:ethertype:ip:udp:capwap,44488
eth:ethertype:ip:udp:gtp,41125
eth:ethertype:ip:udp:bvlc:bacnet:bacapp,40068
eth:ethertype:ip:udp:portcontrol,38955
eth:ethertype:ip:udp:l2tp,27711
eth:ethertype:ip:udp:classicstun,25263
eth:ethertype:ip:udp:quic:tls,24667
eth:ethertype:ip:udp:udpencap:esp,24384
eth:ethertype:ip:udp:gquic,21007
eth:ethertype:ip:udp:xdmcp,20700
eth:ethertype:ip:udp:kerberos,19311
eth:ethertype:ip:udp:dhcp,18634
eth:ethertype:ip:udp:lwapp:data,16985
eth:ethertype:ip:udp:udpencap:isakmp,16958
eth:ethertype:ip:udp:hart_ip,16359
eth:ethertype:ip:udp:rdpudp,15710
eth:ethertype:ip:udp:chargen,14687
eth:ethertype:ip:udp:radius,14649
eth:ethertype:ip:udp:gtp:gtpv2,14114
eth:ethertype:ip:udp:rmcp:ipmi_session:data,14038
eth:ethertype:ip:udp:echo,13822
eth:ethertype:ip:udp:tftp,13614
eth:ethertype:ip:udp:omron,13602
eth:ethertype:ip:udp:enip,13543
eth:ethertype:ip:udp:rip,12699
eth:ethertype:ip:udp:nbdgm:smb:browser,10644
eth:ethertype:ip:udp:time,10287
eth:ethertype:ip:udp:daytime,10259
eth:ethertype:ip:udp:ecatf:ecat,10216
eth:ethertype:ip:udp:quic,9504
eth:ethertype:ip:udp:steam_ihs_discovery,9447
eth:ethertype:ip:udp:bfd,9432
eth:ethertype:ip:udp:kip,6800
eth:ethertype:ip:udp:rtcp,6723
eth:ethertype:ip:udp:quake3,6442
eth:ethertype:ip:udp:mgcp,6236
eth:ethertype:ip:udp:teredo:ipv6,4350
eth:ethertype:ip:udp:coap:data,4268
eth:ethertype:ip:udp:iax2,4036
eth:ethertype:ip:udp:scop:data,3991
eth:ethertype:ip:udp:rmcp:asf,3420
eth:ethertype:ip:udp:h225,2219
eth:ethertype:ip:udp:wsp,1970
eth:ethertype:ip:udp:teredo:ipv6:icmpv6,1849
eth:ethertype:ip:udp:wtp,1838
eth:ethertype:ip:udp:quake3:data,1726
eth:ethertype:ip:udp:jmirror:ipv6:data,1655
eth:ethertype:ip:udp:rtps,1550
eth:ethertype:ip:udp:wisun.eapol_relay:eapol:data,1457
eth:ethertype:ip:udp:corosync_totemnet:data,1380
eth:ethertype:ip:udp:mipv6,1331
eth:ethertype:ip:udp:llc:data,1290
eth:ethertype:ip:udp:dis,1229
eth:ethertype:ip:udp:wtls,1201
eth:ethertype:ip:udp:gtpprime,1185
eth:ethertype:ip:udp:cipio,1129
eth:ethertype:ip:udp:raknet:raknet,998
eth:ethertype:ip:udp:dof,959
eth:ethertype:ip:udp:udpencap,907
eth:ethertype:ip:udp:cnip,901
eth:ethertype:ip:udp:adp,847
eth:ethertype:ip:udp:sbus,800
eth:ethertype:ip:udp:radius:eap,795
eth:ethertype:ip:udp:geneve:data,782
eth:ethertype:ip:udp:wlccp,719
eth:ethertype:ip:udp:elasticsearch,693
eth:ethertype:ip:udp:mikey,669
eth:ethertype:ip:udp:llmnr,668
eth:ethertype:ip:udp:ssdp:data,665
eth:ethertype:ip:udp:nxp_802154_sniffer:wpan,663
eth:ethertype:ip:udp:manolito,655
eth:ethertype:ip:udp:lisp:data,654
eth:ethertype:ip:udp:c1222,644
eth:ethertype:ip:udp:asterix,633
eth:ethertype:ip:udp:kink,623
eth:ethertype:ip:udp:ulp,615
eth:ethertype:ip:udp:mint,598
eth:ethertype:ip:udp:bat:data,576
eth:ethertype:ip:udp:tetra,567
eth:ethertype:ip:udp:pn_rt:pn_ptcp,518
eth:ethertype:ip:udp:hcrt,508
eth:ethertype:ip:udp:quake2:data,481
eth:ethertype:ip:udp:knet,475
eth:ethertype:ip:udp:quake:data,435
eth:ethertype:ip:udp:ieee1722:data,434
eth:ethertype:ip:udp:ax4000,412
eth:ethertype:ip:udp:bfd_echo,402
eth:ethertype:ip:udp:nano,401
eth:ethertype:ip:udp:ts2,400
eth:ethertype:ip:udp:iapp,388
eth:ethertype:ip:udp:ath,379
eth:ethertype:ip:udp:doip,371
eth:ethertype:ip:udp:vrt,370
eth:ethertype:ip:udp:dvb_ipdc:data,358
eth:ethertype:ip:udp:pktc.mtafqdn,354
eth:ethertype:ip:udp:rsvp,331
eth:ethertype:ip:udp:ardp,322
eth:ethertype:ip:udp:sabp:sabp,320
eth:ethertype:ip:udp:uaudp,320
eth:ethertype:ip:udp:idn,317
eth:ethertype:ip:udp:wg,317
eth:ethertype:ip:udp:icp,308
eth:ethertype:ip:udp:pktc,306
eth:ethertype:ip:udp:pfcp,300
eth:ethertype:ip:udp:rsip,288
eth:ethertype:ip:udp:opensafety_udp:data,280
eth:ethertype:ip:udp:ecmp,276
eth:ethertype:ip:udp:tzsp,275
eth:ethertype:ip:udp:mpls-echo,273
eth:ethertype:ip:udp:lwapp:wlan,258
eth:ethertype:ip:udp:gre:data,257
eth:ethertype:ip:udp:db-lsp-disc,255
eth:ethertype:ip:udp:sctp,246
eth:ethertype:ip:udp:amt,242
eth:ethertype:ip:udp:hiqnet,239
eth:ethertype:ip:udp:ayiya,234
eth:ethertype:ip:udp:bat.gw:data,233
eth:ethertype:ip:udp:bjnp,232
eth:ethertype:ip:udp:asap,229
eth:ethertype:ip:udp:a21,228
eth:ethertype:ip:udp:ajns,228
eth:ethertype:ip:udp:raknet,227
eth:ethertype:ip:udp:msproxy,227
eth:ethertype:ip:udp:tplink-smarthome:json:data-text-lines,224
eth:ethertype:ip:udp:ecatf:data,214
eth:ethertype:ip:udp:egd:data,212
eth:ethertype:ip:udp:lisp-data,207
eth:ethertype:ip:udp:mpls:data,203
eth:ethertype:ip:udp:eth:ethertype:data,201
eth:ethertype:ip:udp:gprs-ns,189
eth:ethertype:ip:udp:h248,184
eth:ethertype:ip:udp:sap,183
eth:ethertype:ip:udp:gprs-ns:bssgp,151
eth:ethertype:ip:udp:dmp,148
eth:ethertype:ip:udp:jmirror:ip:data,148
eth:ethertype:ip:udp:geneve,143
eth:ethertype:ip:udp:iax2:data,139
eth:ethertype:ip:udp:dpnet,120
eth:ethertype:ip:udp:tacacs,116
eth:ethertype:ip:udp:ipvs,115
eth:ethertype:ip:udp:teredo:data,114
eth:ethertype:ip:udp:vuze-dht,113
eth:ethertype:ip:udp:tipc,109
eth:ethertype:ip:udp:h501,102
eth:ethertype:ip:udp:bat.vis:data,101
eth:ethertype:ip:udp:nbdgm:smb:data,96
eth:ethertype:ip:udp:collectd,94
eth:ethertype:ip:udp:infiniband:data,94
eth:ethertype:ip:udp:opensafety:data,94
eth:ethertype:ip:udp:rx,94
eth:ethertype:ip:udp:rdt,93
eth:ethertype:ip:udp:gsmtap,93
eth:ethertype:ip:udp:lwapp:wlan:data,92
eth:ethertype:ip:udp:megaco:data,84
eth:ethertype:ip:udp:quakeworld:data,78
eth:ethertype:ip:udp:vxlan:eth:ethertype:data,75
eth:ethertype:ip:udp:gre,75
eth:ethertype:ip:udp:kdp,74
eth:ethertype:ip:udp:sap:sdp,74
eth:ethertype:ip:udp:enrp,73
eth:ethertype:ip:udp:mih,68
eth:ethertype:ip:udp:dcc,66
eth:ethertype:ip:udp:infiniband,65
eth:ethertype:ip:udp:tzsp:data,63
eth:ethertype:ip:udp:capwap.data,58
eth:ethertype:ip:udp:gsmtap:data,57
eth:ethertype:ip:udp:sabp,55
eth:ethertype:ip:udp:lisp,55
eth:ethertype:ip:udp:pn_rt:pn_io,51
eth:ethertype:ip:udp:raknet:raknet:raknet,48
eth:ethertype:ip:udp:jmirror:ipv6:vrrp,45
eth:ethertype:ip:udp:sip:sdp,44
eth:ethertype:ip:udp:capwap.data:dtls,42
eth:ethertype:ip:udp:capwap:dtls,40
eth:ethertype:ip:udp:mpls:ipv6:data,39
eth:ethertype:ip:udp:mpls:ip:data,39
eth:ethertype:ip:udp:jmirror:ipv6:vines_frp:vines_ip:data,39
eth:ethertype:ip:udp:cnip:data,37
eth:ethertype:ip:udp:stun:data,37
eth:ethertype:ip:udp:jmirror:ipv6:ah,36
eth:ethertype:ip:udp:wtp:wsp,35
eth:ethertype:ip:udp:nxp_802154_sniffer,35
eth:ethertype:ip:udp:jmirror:ipv6:lwl4,35
eth:ethertype:ip:udp:jmirror:ipv6:eigrp,35
eth:ethertype:ip:udp:thrift,34
eth:ethertype:ip:udp:mpls:pwethheuristic:pwethcw:eth:ethertype:data,34
eth:ethertype:ip:udp:jmirror:ipv6:osi:data,34
eth:ethertype:ip:udp:jmirror:ipv6:l2tp:data,34
eth:ethertype:ip:udp:jmirror:ipv6:ipv6.routing,34
eth:ethertype:ip:udp:l2tp:data,33
eth:ethertype:ip:udp:jmirror:ipv6:ospf,32
eth:ethertype:ip:udp:jmirror:ipv6:pim,31
eth:ethertype:ip:udp:jmirror:ipv6,31
eth:ethertype:ip:udp:ltp,30
eth:ethertype:ip:udp:jmirror:ipv6:etherip:eth:ethertype:data,30
eth:ethertype:ip:udp:jmirror:ipv6:nhrp,29
eth:ethertype:ip:udp:egd,28
eth:ethertype:ip:udp:jmirror:ipv6:ipcomp:data,28
eth:ethertype:ip:udp:ieee1722:iec61883,27
eth:ethertype:ip:udp:jmirror:ipv6:swipe,27
eth:ethertype:ip:udp:nxp_802154_sniffer:wpan:data,25
eth:ethertype:ip:udp:jmirror:ipv6:esp,25
eth:ethertype:ip:udp:udt,24
eth:ethertype:ip:udp:goose:cotp,23
eth:ethertype:ip:udp:lisp-data:ip:data,23
eth:ethertype:ip:udp:wisun.eapol_relay,22
eth:ethertype:ip:udp:mpls:ipv6:ipv6.hopopts,21
eth:ethertype:ip:udp:jmirror:ipv6:dsr,20
eth:ethertype:ip:udp:lisp-data:ipv6:data,19
eth:ethertype:ip:udp:dhcpv6,18
eth:ethertype:ip:udp:jmirror:ipv6:gre,18
eth:ethertype:ip:udp:mpls:ip,17
eth:ethertype:ip:udp:dcp-etsi:dcp-af,17
eth:ethertype:ip:udp:dvb_ipdc:alc:data,17
eth:ethertype:ip:udp:sigcomp,15
eth:ethertype:ip:udp:jmirror:ipv6:dsr:data,15
eth:ethertype:ip:udp:lisp-data:ip,13
eth:ethertype:ip:udp:nbdgm,13
eth:ethertype:ip:udp:eth,12
eth:ethertype:ip:udp:pn_rt,12
eth:ethertype:ip:udp:sabp:sabp:sabp,11
eth:ethertype:ip:udp:llc,11
eth:ethertype:ip:udp:msmms,11
eth:ethertype:ip:udp:dlep,11
eth:ethertype:ip:udp:mpls,11
eth:ethertype:ip:udp:jmirror:ipv6:gre:data,11
eth:ethertype:ip:udp:vxlan:eth,10
eth:ethertype:ip:udp:wisun.eapol_relay:eapol,9
eth:ethertype:ip:udp:lwres,9
eth:ethertype:ip:udp:llc:osi:data,9
eth:ethertype:ip:udp:dcp-etsi:dcp-pft,9
eth:ethertype:ip:udp:sip:sigcomp,8
eth:ethertype:ip:udp:quake2,8
eth:ethertype:ip:udp:ecatf:ioraw,8
eth:ethertype:ip:udp:xyplex,8
eth:ethertype:ip:udp:scop,8
eth:ethertype:ip:udp:rsp,8
eth:ethertype:ip:udp:pathport,8
eth:ethertype:ip:udp:capwap.data:eth:ethertype:data,8
eth:ethertype:ip:udp:lmp,8
eth:ethertype:ip:udp:quake,8
eth:ethertype:ip:udp:rtpproxy,8
eth:ethertype:ip:udp:data:vssmonitoring,7
eth:ethertype:ip:udp:tsp,7
eth:ethertype:ip:udp:find,7
eth:ethertype:ip:udp:ncp,6
eth:ethertype:ip:udp:auto_rp,6
eth:ethertype:ip:udp:mndp,6
eth:ethertype:ip:udp:llc:ipx,6
eth:ethertype:ip:udp:cups,5
eth:ethertype:ip:udp:kpasswd,5
eth:ethertype:ip:udp:quakeworld,5
eth:ethertype:ip:udp:lwapp,5
eth:ethertype:ip:udp:acdr,5
eth:ethertype:ip:udp:ripng,5
eth:ethertype:ip:udp:jmirror:ipv6:swipe:data,5
eth:ethertype:ip:udp:rdpudp:data,5
eth:ethertype:ip:udp:dvb_ipdc:alc:rmt-lct,4
eth:ethertype:ip:udp:mip,4
eth:ethertype:ip:udp:actrace,4
eth:ethertype:ip:udp:lbtrm,4
eth:ethertype:ip:udp:ieee1722:cvf:data,4
eth:ethertype:ip:udp:mpls:pwach:data,4
eth:ethertype:ip:udp:tpcp,4
eth:ethertype:ip:udp:dlsw,4
eth:ethertype:ip:udp:ecatf:tc_nv,4
eth:ethertype:ip:udp:bat.gw,3
eth:ethertype:ip:udp:lisp-data:ipv6,3
eth:ethertype:ip:udp:ieee1722,3
eth:ethertype:ip:udp:papi,3
eth:ethertype:ip:udp:bat.vis,3
eth:ethertype:ip:udp:mpls:ipv6:ospf,3
eth:ethertype:ip:udp:who,3
eth:ethertype:ip:udp:eth:llc:data,3
eth:ethertype:ip:udp:dtls:x509sat:x509sat:x509sat:x509sat,3
eth:ethertype:ip:udp:ipx:data,3
eth:ethertype:ip:udp:llc:sna:data,3
eth:ethertype:ip:udp:ipx,3
eth:ethertype:ip:udp:adwin,3
eth:ethertype:ip:udp:opensafety_udp,3
eth:ethertype:ip:udp:armagetronad,3
eth:ethertype:ip:udp:enttec,3
eth:ethertype:ip:udp:lisp-data:ipv6:ah,2
eth:ethertype:ip:udp:lisp-data:ipv6:dsr,2
eth:ethertype:ip:udp:h225:data,2
eth:ethertype:ip:udp:rx:afs,2
eth:ethertype:ip:udp:amt:ip,2
eth:ethertype:ip:udp:ecatf,2
eth:ethertype:ip:udp:tapa,2
eth:ethertype:ip:udp:a11,2
eth:ethertype:ip:udp:jmirror:ipv6:ospf:data,2
eth:ethertype:ip:udp:jmirror:ipv6:pgm,2
eth:ethertype:ip:udp:mdns:vssmonitoring,2
eth:ethertype:ip:udp:ltp:data,2
eth:ethertype:ip:udp:amt:ip:data,2
eth:ethertype:ip:udp:ptp,2
eth:ethertype:ip:udp:mint:eth:ethertype:data,2
eth:ethertype:ip:udp:lisp-data:ipv6:pim,1
eth:ethertype:ip:udp:lisp-data:ipv6:l2tp:data,1
eth:ethertype:ip:udp:lisp-data:ipv6:ipv6.routing,1
eth:ethertype:ip:udp:lisp-data:ipv6:etherip:eth:llc,1
eth:ethertype:ip:udp:snmp:data,1
eth:ethertype:ip:udp:eth:ethertype:stp,1
eth:ethertype:ip:udp:mpls:ipv6:osi:data,1
eth:ethertype:ip:udp:mpls:ipv6:ipv6.routing,1
eth:ethertype:ip:udp:mpls:ipv6:gre:data,1
eth:ethertype:ip:udp:sflow,1
eth:ethertype:ip:udp:megaco:h248,1
eth:ethertype:ip:udp:olsr,1
eth:ethertype:ip:udp:edonkey,1
eth:ethertype:ip:udp:megaco,1
eth:ethertype:ip:udp:hip,1
eth:ethertype:ip:udp:aodv,1
eth:ethertype:ip:udp:rdpudp:dtls,1
eth:ethertype:ip:udp:goose:cotp:goose,1
eth:ethertype:ip:udp:rdpudp:tls,1
eth:ethertype:ip:udp:vxlan:eth:llc:data,1
eth:ethertype:ip:udp:jmirror:ipv6:ipv6.routing:data,1
eth:ethertype:ip:udp:jmirror:ipv6:pgm:data,1
eth:ethertype:ip:udp:jmirror:ipv6:ipcomp:data:data,1
eth:ethertype:ip:udp:jmirror:ipv6:swipe:ipv6,1
eth:ethertype:ip:udp:mpls:pwethheuristic:pwethnocw:eth:ethertype:data,1
eth:ethertype:ip:udp:opensafety,1
eth:ethertype:ip:udp:tplink-smarthome:json,1
eth:ethertype:ip:udp:cigi,1
eth:ethertype:ip:udp:mpls:ipv6:lwl4,1
eth:ethertype:ip:udp:mpls:ipv6:eigrp,1
eth:ethertype:ip:udp:mpls:ipv6:gre,1
eth:ethertype:ip:udp:rsp:data,1
eth:ethertype:ip:udp:tzsp:eth:ethertype:data,1
eth:ethertype:ip:udp:vxlan,1
eth:ethertype:ip:udp:slimp3,1
eth:ethertype:ip:udp:epl,1
eth:ethertype:ip:udp:bat.gw:ip,1
eth:ethertype:ip:udp:cpfi,1
eth:ethertype:ip:udp:capwap:data,1
eth:ethertype:ip:udp:mbudp:modbus,1
eth:ethertype:ip:udp:wccp,1
eth:ethertype:ip:udp:ddtp,1
eth:ethertype:ip:udp:packetbb,1
eth:ethertype:ip:udp:rmcp:ipmi_session,1
eth:ethertype:ip:udp:nbdgm:smb:smb_netlogon,1
eth:ethertype:ip:udp:icq,1
eth:ethertype:ip:udp:ecatf:ams,1
eth:ethertype:ip:udp:ipv6:data,1
eth:ethertype:ip:udp:teredo:ipv6:data,1
