eth:ethertype:ip:udp:data,9425132
eth:ethertype:ip:udp:syslog,4326209
eth:ethertype:ip:udp:stun,3876406
eth:ethertype:ip:udp:dns,3761678
eth:ethertype:ip:udp:snmp,2297142
eth:ethertype:ip:udp:ntp,2126531
eth:ethertype:ip:udp:nbns,657981
eth:ethertype:ip:data,534280
eth:ethertype:ip:udp:sip,385546
eth:ethertype:ip:udp:cldap,154272
eth:ethertype:ip:udp:cflow,146726
eth:ethertype:ip:udp:rpc,115054
eth:ethertype:ip:udp:mdns,109830
eth:ethertype:ip:udp:sip:xml,99736
eth:ethertype:ip:udp:coap,95707
eth:ethertype:ip:udp:ssdp,81770
eth:ethertype:ip:udp:isakmp,74838
eth:ethertype:ip:udp:dtls,70934
eth:ethertype:ip:udp:portcontrol,66765
eth:ethertype:ip:udp:memcache,57831
eth:ethertype:ip:udp:openvpn,57194
eth:ethertype:ip:udp,56767
eth:ethertype:ip:udp:sip:data-text-lines,52857
eth:ethertype:ip:udp:bvlc:bacnet:bacapp,51235
eth:ethertype:ip:udp:srvloc,45568
eth:ethertype:ip:udp:capwap,44029
eth:ethertype:ip:udp:gtp,43143
eth:ethertype:ip:udp:quake3,41128
eth:ethertype:ip:udp:dhcp,37909
eth:ethertype:ip:udp:quic:tls,34905
eth:ethertype:ip:udp:rmcp:ipmi_session:data,34888
eth:ethertype:ip:udp:chargen,31139
eth:ethertype:ip:udp:l2tp,27877
eth:ethertype:ip:udp:xdmcp,27834
eth:ethertype:ip:udp:udpencap:esp,27694
eth:ethertype:ip:udp:radius,26228
eth:ethertype:ip:udp:tftp,23282
eth:ethertype:ip:udp:bfd,20774
eth:ethertype:ip:udp:gquic,20546
eth:ethertype:ip:udp:kerberos,19507
eth:ethertype:ip:udp:rip,19257
eth:ethertype:ip:udp:lwapp:data,17183
eth:ethertype:ip:udp:rtcp,16738
eth:ethertype:ip:udp:classicstun,16051
eth:ethertype:ip:udp:echo,15428
eth:ethertype:ip:udp:nbdgm:smb:browser,14954
eth:ethertype:ip:udp:rdpudp,14800
eth:ethertype:ip:udp:enip,13274
eth:ethertype:ip:udp:omron,12862
eth:ethertype:ip:udp:steam_ihs_discovery,12844
eth:ethertype:ip:udp:daytime,12097
eth:ethertype:ip:udp:gtp:gtpv2,11534
eth:ethertype:ip:udp:rpc:data,10504
eth:ethertype:ip:udp:time,10481
eth:ethertype:ip:udp:ecatf:ecat,10220
eth:ethertype:ip:udp:find,8539
eth:ethertype:ip:udp:kip,7848
eth:ethertype:ip:udp:udpencap:isakmp,6837
eth:ethertype:ip:udp:mgcp,5214
eth:ethertype:ip:udp:hart_ip,4637
eth:ethertype:ip:udp:teredo:ipv6,4358
eth:ethertype:ip:udp:iax2,4095
eth:ethertype:ip:udp:quic,3779
eth:ethertype:ip:udp:raknet:raknet,3671
eth:ethertype:ip:udp:coap:data,3559
eth:ethertype:ip:udp:rmcp:asf,3484
eth:ethertype:ip:udp:llmnr,2711
eth:ethertype:ip:udp:pfcp,2355
eth:ethertype:ip:udp:quake3:data,2080
eth:ethertype:ip:udp:mndp,1979
eth:ethertype:ip:udp:tacacs,1875
eth:ethertype:ip:udp:cipio,1543
eth:ethertype:ip:udp:gtpprime,1331
eth:ethertype:ip:udp:rtps,1298
eth:ethertype:ip:udp:h225,1102
eth:ethertype:ip:udp:dis,1070
eth:ethertype:ip:udp:rx,1058
eth:ethertype:ip:udp:h501,1018
eth:ethertype:ip:udp:llc:data,964
eth:ethertype:ip:udp:asterix,752
eth:ethertype:ip:udp:ssdp:data,700
eth:ethertype:ip:udp:dof,683
eth:ethertype:ip:udp:wtls,599
eth:ethertype:ip:udp:rdt,581
eth:ethertype:ip:udp:ecmp,559
eth:ethertype:ip:udp:mikey,553
eth:ethertype:ip:udp:elasticsearch,484
eth:ethertype:ip:udp:teredo:ipv6:icmpv6,450
eth:ethertype:ip:udp:gre:data,449
eth:ethertype:ip:udp:wsp,449
eth:ethertype:ip:udp:h248,417
eth:ethertype:ip:udp:enrp,408
eth:ethertype:ip:udp:scop:data,405
eth:ethertype:ip:udp:kink,378
eth:ethertype:ip:udp:pktc.mtafqdn,371
eth:ethertype:ip:udp:wisun.eapol_relay:eapol:data,366
eth:ethertype:ip:udp:uaudp,347
eth:ethertype:ip:udp:corosync_totemnet:data,317
eth:ethertype:ip:udp:idn,309
eth:ethertype:ip:udp:ajns,300
eth:ethertype:ip:udp:vuze-dht,298
eth:ethertype:ip:udp:ts2,291
eth:ethertype:ip:udp:bjnp,291
eth:ethertype:ip:udp:iax2:data,285
eth:ethertype:ip:udp:tzsp,280
eth:ethertype:ip:udp:mint,278
eth:ethertype:ip:udp:raknet,275
eth:ethertype:ip:udp:bat:data,273
eth:ethertype:ip:udp:cnip,265
eth:ethertype:ip:udp:raknet:raknet:raknet,256
eth:ethertype:ip:udp:gprs-ns,250
eth:ethertype:ip:udp:gsmtap:data,243
eth:ethertype:ip:udp:wg,242
eth:ethertype:ip:udp:sap,235
eth:ethertype:ip:udp:rsip,226
eth:ethertype:ip:udp:sctp,225
eth:ethertype:ip:udp:pktc,224
eth:ethertype:ip:udp:udpencap,215
eth:ethertype:ip:udp:capwap.data,205
eth:ethertype:ip:udp:mipv6,204
eth:ethertype:ip:udp:egd:data,203
eth:ethertype:ip:udp:dpnet,197
eth:ethertype:ip:udp:db-lsp-disc,196
eth:ethertype:ip:udp:tipc,195
eth:ethertype:ip:udp:asap,193
eth:ethertype:ip:udp:c1222,189
eth:ethertype:ip:udp:lwapp:wlan,178
eth:ethertype:ip:udp:ieee1722:data,171
eth:ethertype:ip:udp:mih,168
eth:ethertype:ip:udp:megaco:data,166
eth:ethertype:ip:udp:goose:cotp,165
eth:ethertype:ip:udp:gprs-ns:bssgp,165
eth:ethertype:ip:udp:dvb_ipdc:data,156
eth:ethertype:ip:udp:ptp,155
eth:ethertype:ip:udp:infiniband:data,155
eth:ethertype:ip:udp:sap:sdp,145
eth:ethertype:ip:udp:bat.vis:data,144
eth:ethertype:ip:udp:ipvs,141
eth:ethertype:ip:udp:pn_rt:pn_io,140
eth:ethertype:ip:udp:dmp,139
eth:ethertype:ip:udp:wlccp,134
eth:ethertype:ip:udp:adp,127
eth:ethertype:ip:udp:stun:data,126
eth:ethertype:ip:udp:rsvp,124
eth:ethertype:ip:udp:lisp-data:ip,120
eth:ethertype:ip:udp:nano,114
eth:ethertype:ip:udp:ulp,112
eth:ethertype:ip:udp:ax4000,111
eth:ethertype:ip:udp:bfd_echo,110
eth:ethertype:ip:udp:a21,108
eth:ethertype:ip:udp:radius:eap,102
eth:ethertype:ip:udp:quakeworld:data,99
eth:ethertype:ip:udp:opensafety:data,97
eth:ethertype:ip:udp:nbdgm:smb:data,95
eth:ethertype:ip:udp:quake:data,95
eth:ethertype:ip:udp:iapp,95
eth:ethertype:ip:udp:collectd,92
eth:ethertype:ip:udp:wtp,91
eth:ethertype:ip:udp:hcrt,86
eth:ethertype:ip:udp:tetra,86
eth:ethertype:ip:udp:ath,86
eth:ethertype:ip:udp:amt,86
eth:ethertype:ip:udp:kdp,85
eth:ethertype:ip:udp:icp,85
eth:ethertype:ip:udp:msproxy,83
eth:ethertype:ip:udp:manolito,83
eth:ethertype:ip:udp:tplink-smarthome:json:data-text-lines,82
eth:ethertype:ip:udp:vrt,82
eth:ethertype:ip:udp:hiqnet,77
eth:ethertype:ip:udp:opensafety_udp:data,76
eth:ethertype:ip:udp:ltp,76
eth:ethertype:ip:udp:doip,73
eth:ethertype:ip:udp:knet,73
eth:ethertype:ip:udp:teredo:data,72
eth:ethertype:ip:udp:gsmtap,71
eth:ethertype:ip:udp:dcc,70
eth:ethertype:ip:udp:tipc:data,70
eth:ethertype:ip:udp:ayiya,65
eth:ethertype:ip:udp:sbus,62
eth:ethertype:ip:udp:dcerpc,61
eth:ethertype:ip:udp:lisp-data,58
eth:ethertype:ip:udp:bat.gw:data,55
eth:ethertype:ip:udp:eth:ethertype:data,49
eth:ethertype:ip:udp:sabp,49
eth:ethertype:ip:udp:mpls:data,48
eth:ethertype:ip:udp:thrift,45
eth:ethertype:ip:udp:infiniband,43
eth:ethertype:ip:udp:quake2:data,43
eth:ethertype:ip:udp:gre,43
eth:ethertype:ip:udp:capwap:dtls,43
eth:ethertype:ip:udp:geneve,42
eth:ethertype:ip:udp:sabp:sabp,41
eth:ethertype:ip:udp:ecatf:data,36
eth:ethertype:ip:udp:nxp_802154_sniffer,36
eth:ethertype:ip:udp:capwap.data:dtls,35
eth:ethertype:ip:udp:lisp:data,34
eth:ethertype:ip:udp:lwapp:wlan:data,33
eth:ethertype:ip:udp:sip:data-text-lines:xml,32
eth:ethertype:ip:udp:nxp_802154_sniffer:wpan,30
eth:ethertype:ip:udp:lisp,29
eth:ethertype:ip:udp:geneve:data,28
eth:ethertype:ip:udp:cnip:data,28
eth:ethertype:ip:udp:ardp,28
eth:ethertype:ip:udp:vxlan:eth:ethertype:data,27
eth:ethertype:ip:udp:snmp:snmp,25
eth:ethertype:ip:udp:wisun.eapol_relay:eapol,24
eth:ethertype:ip:udp:ecatf:ioraw,22
eth:ethertype:ip:udp:egd,21
eth:ethertype:ip:udp:nxp_802154_sniffer:wpan:data,20
eth:ethertype:ip:udp:pathport,20
eth:ethertype:ip:udp:dhcpv6,19
eth:ethertype:ip:udp:xyplex,19
eth:ethertype:ip:udp:kpasswd,18
eth:ethertype:ip:udp:wtp:wsp,16
eth:ethertype:ip:udp:dcp-etsi:dcp-pft,16
eth:ethertype:ip:udp:dvb_ipdc:alc:data,16
eth:ethertype:ip:udp:l2tp:data,16
eth:ethertype:ip:udp:sigcomp,15
eth:ethertype:ip:udp:vxlan:eth,15
eth:ethertype:ip:udp:dcp-etsi:dcp-af,15
eth:ethertype:ip:udp:mpls:pwethheuristic:pwethcw:eth:ethertype:data,14
eth:ethertype:ip:udp:eth,13
eth:ethertype:ip:udp:quake2,13
eth:ethertype:ip:udp:pn_rt,12
eth:ethertype:ip:udp:llc,12
eth:ethertype:ip:udp:lmp,12
eth:ethertype:ip:udp:auto_rp,12
eth:ethertype:ip:udp:rsp,11
eth:ethertype:ip:udp:mip,11
eth:ethertype:ip:udp:msmms,11
eth:ethertype:ip:udp:lwapp,11
eth:ethertype:ip:udp:rx:afs,11
eth:ethertype:ip:udp:acdr,10
eth:ethertype:ip:udp:ipx:data,10
eth:ethertype:ip:udp:slimp3,10
eth:ethertype:ip:udp:ecatf:tc_nv,10
eth:ethertype:ip:udp:nbdgm,9
eth:ethertype:ip:udp:amt:ip,9
eth:ethertype:ip:udp:tzsp:data,9
eth:ethertype:ip:udp:tsp,9
eth:ethertype:ip:udp:ncp,9
eth:ethertype:ip:udp:packetbb,9
eth:ethertype:ip:udp:who,9
eth:ethertype:ip:udp:mint:eth:ethertype:data,8
eth:ethertype:ip:udp:capwap.data:data,8
eth:ethertype:ip:udp:dlsw,8
eth:ethertype:ip:udp:rtpproxy,8
eth:ethertype:ip:udp:ipx,8
eth:ethertype:ip:udp:mpls:ip:data,8
eth:ethertype:ip:udp:pn_rt:pn_ptcp,7
eth:ethertype:ip:udp:ripng,7
eth:ethertype:ip:udp:ieee1722:iec61883,7
eth:ethertype:ip:udp:wisun.eapol_relay,7
eth:ethertype:ip:udp:mpls:ipv6,7
eth:ethertype:ip:udp:mpls:ipv6:data,7
eth:ethertype:ip:udp:scop,7
eth:ethertype:ip:udp:dvb_ipdc:alc:rmt-lct,7
eth:ethertype:ip:udp:cups,7
eth:ethertype:ip:udp:sip:sigcomp,7
eth:ethertype:ip:udp:dlep,6
eth:ethertype:ip:udp:lwres,6
eth:ethertype:ip:udp:quakeworld,6
eth:ethertype:ip:udp:ieee1722:ieee17221,6
eth:ethertype:ip:udp:data:vssmonitoring,6
eth:ethertype:ip:udp:armagetronad,6
eth:ethertype:ip:udp:cpfi,5
eth:ethertype:ip:udp:quake,5
eth:ethertype:ip:udp:mpls:ipv6:ipv6.hopopts,5
eth:ethertype:ip:udp:mpls:ip,5
eth:ethertype:ip:udp:h225:data,5
eth:ethertype:ip:udp:nbdgm:smb:smb_netlogon,5
eth:ethertype:ip:udp:rdpudp:dtls,4
eth:ethertype:ip:udp:llc:ip,4
eth:ethertype:ip:udp:mpls:pwethheuristic:pwethnocw:eth:ethertype:data,4
eth:ethertype:ip:udp:olsr,3
eth:ethertype:ip:udp:jmirror:ipv6:data,3
eth:ethertype:ip:udp:caneth:data:data,3
eth:ethertype:ip:udp:a11,3
eth:ethertype:ip:udp:aodv,3
eth:ethertype:ip:udp:lbtrm,3
eth:ethertype:ip:udp:mpls,3
eth:ethertype:ip:udp:adwin,3
eth:ethertype:ip:udp:tapa,3
eth:ethertype:ip:udp:tpcp,3
eth:ethertype:ip:udp:rpc:portmap,3
eth:ethertype:ip:udp:raknet:raknet:f5ethtrailer,2
eth:ethertype:ip:udp:lisp-data:ipv6,2
eth:ethertype:ip:udp:hip,2
eth:ethertype:ip:udp:mpls:pwethheuristic:pwethcw:eth,2
eth:ethertype:ip:udp:capwap:data,2
eth:ethertype:ip:udp:ieee1722,2
eth:ethertype:ip:udp:ecatf:ecat_mailbox,2
eth:ethertype:ip:udp:ddtp,2
eth:ethertype:ip:udp:tplink-smarthome:json,2
eth:ethertype:ip:udp:edonkey,2
eth:ethertype:ip:udp:ecatf,2
eth:ethertype:ip:udp:eth:llc:data,2
eth:ethertype:ip:udp:ayiya:dsr:ipv6.hopopts:ipv6.hopopts,2
eth:ethertype:ip:udp:llc:sna:data,2
eth:ethertype:ip:udp:vssmonitoring,2
eth:ethertype:ip:udp:tzsp:eth:ethertype:data,2
eth:ethertype:ip:udp:ecatf:ams,2
eth:ethertype:ip:udp:epl,2
eth:ethertype:ip:udp:mdns:vssmonitoring,1
eth:ethertype:ip:udp:papi,1
eth:ethertype:ip:udp:opensafety,1
eth:ethertype:ip:udp:mpls:ipv6:lwl4,1
eth:ethertype:ip:udp:mpls:ipv6:etherip:eth:llc:data,1
eth:ethertype:ip:udp:oicq,1
eth:ethertype:ip:udp:capwap.data:eth:llc:data,1
eth:ethertype:ip:udp:acdr:ip,1
eth:ethertype:ip:udp:lisp-data:ipv6:data,1
eth:ethertype:ip:udp:bat.gw,1
eth:ethertype:ip:udp:stun:tftp,1
eth:ethertype:ip:udp:opensafety_udp,1
eth:ethertype:ip:udp:rdpudp:tls,1
eth:ethertype:ip:udp:teredo:ipv6:data,1
eth:ethertype:ip:udp:sflow,1
eth:ethertype:ip:udp:jmirror:ipv6:dsr:udp:data,1
eth:ethertype:ip:udp:gsmtap:gsm_sim,1
eth:ethertype:ip:udp:bat.gw:ip,1
eth:ethertype:ip:udp:wccp,1
eth:ethertype:ip:udp:rmcp:ipmi_session,1
eth:ethertype:ip:udp:acdr:data,1
eth:ethertype:ip:udp:goose:cotp:goose,1
eth:ethertype:ip:udp:bat.vis,1
eth:ethertype:ip:udp:mpls:pwach:data,1
eth:ethertype:ip:udp:wimaxasncp,1
eth:ethertype:ip:udp:teredo,1
eth:ethertype:ip:udp:scop:wpan,1
eth:ethertype:ip:udp:actrace,1
eth:ethertype:ip:udp:llc:osi:data,1
eth:ethertype:ip:udp:capwap.data:eth:ethertype:data,1
