eth:ethertype:ip:udp:stun,13813782
eth:ethertype:ip:udp:data,9718027
eth:ethertype:ip:udp:dns,3414298
eth:ethertype:ip:udp:syslog,2520369
eth:ethertype:ip:udp:ntp,2015821
eth:ethertype:ip:data,1597508
eth:ethertype:ip:udp:snmp,1438517
eth:ethertype:ip:udp:nbns,740614
eth:ethertype:ip:udp:sip,256304
eth:ethertype:ip:udp:cflow,163693
eth:ethertype:ip:udp:coap,123050
eth:ethertype:ip:udp:ssdp,112617
eth:ethertype:ip:udp:mdns,104399
eth:ethertype:ip:udp:sip:xml,101852
eth:ethertype:ip:udp,85020
eth:ethertype:ip:udp:rpc,80066
eth:ethertype:ip:udp:isakmp,79283
eth:ethertype:ip:udp:openvpn,62010
eth:ethertype:ip:udp:dtls,57037
eth:ethertype:ip:udp:cldap,56223
eth:ethertype:ip:udp:memcache,55239
eth:ethertype:ip:udp:sip:data-text-lines,52711
eth:ethertype:ip:udp:capwap,44447
eth:ethertype:ip:udp:l2tp,43922
eth:ethertype:ip:udp:gtp,42795
eth:ethertype:ip:udp:portcontrol,41897
eth:ethertype:ip:udp:bvlc:bacnet:bacapp,35577
eth:ethertype:ip:udp:srvloc,35520
eth:ethertype:ip:udp:udpencap:esp,26941
eth:ethertype:ip:udp:c1222,24490
eth:ethertype:ip:udp:ltp,24017
eth:ethertype:ip:udp:quic:tls,21380
eth:ethertype:ip:udp:gquic,21017
eth:ethertype:ip:udp:xdmcp,20900
eth:ethertype:ip:udp:rip,19900
eth:ethertype:ip:udp:classicstun,19509
eth:ethertype:ip:udp:kerberos,19292
eth:ethertype:ip:udp:raknet:raknet,17746
eth:ethertype:ip:udp:rdpudp,17581
eth:ethertype:ip:udp:lwapp:data,16948
eth:ethertype:ip:udp:dhcp,16734
eth:ethertype:ip:udp:nbdgm:smb:browser,15937
eth:ethertype:ip:udp:radius,15066
eth:ethertype:ip:udp:chargen,14864
eth:ethertype:ip:udp:rmcp:ipmi_session:data,14391
eth:ethertype:ip:udp:echo,13963
eth:ethertype:ip:udp:omron,13896
eth:ethertype:ip:udp:tftp,13820
eth:ethertype:ip:udp:enip,13172
eth:ethertype:ip:udp:gtp:gtpv2,11797
eth:ethertype:ip:udp:daytime,10271
eth:ethertype:ip:udp:time,10248
eth:ethertype:ip:udp:bfd,10233
eth:ethertype:ip:udp:ecatf:ecat,10225
eth:ethertype:ip:udp:steam_ihs_discovery,9406
eth:ethertype:ip:udp:scop:data,7096
eth:ethertype:ip:udp:udpencap:isakmp,6808
eth:ethertype:ip:udp:kip,6206
eth:ethertype:ip:udp:mgcp,6200
eth:ethertype:ip:udp:hart_ip,6013
eth:ethertype:ip:udp:raknet:raknet:raknet,5930
eth:ethertype:ip:udp:teredo:ipv6,5916
eth:ethertype:ip:udp:coap:data,4647
eth:ethertype:ip:udp:rtcp,4267
eth:ethertype:ip:udp:quic,3934
eth:ethertype:ip:udp:rmcp:asf,3534
eth:ethertype:ip:udp:iax2,3207
eth:ethertype:ip:udp:wisun.eapol_relay:eapol:data,2892
eth:ethertype:ip:udp:llmnr,2688
eth:ethertype:ip:udp:wsp,2074
eth:ethertype:ip:udp:cipio,2015
eth:ethertype:ip:udp:quake3:data,1713
eth:ethertype:ip:udp:wtls,1700
eth:ethertype:ip:udp:kink,1627
eth:ethertype:ip:udp:corosync_totemnet:data,1428
eth:ethertype:ip:udp:dis,1405
eth:ethertype:ip:udp:llc:data,1362
eth:ethertype:ip:udp:gtpprime,1226
eth:ethertype:ip:udp:pn_rt:pn_ptcp,1195
eth:ethertype:ip:udp:mipv6,1064
eth:ethertype:ip:udp:h225,1047
eth:ethertype:ip:udp:dof,992
eth:ethertype:ip:udp:cnip,959
eth:ethertype:ip:udp:nxp_802154_sniffer:wpan,945
eth:ethertype:ip:udp:rtps,936
eth:ethertype:ip:udp:bat:data,912
eth:ethertype:ip:udp:amt,864
eth:ethertype:ip:udp:radius:eap,847
eth:ethertype:ip:udp:h248,822
eth:ethertype:ip:udp:manolito,809
eth:ethertype:ip:udp:mint,788
eth:ethertype:ip:udp:elasticsearch,785
eth:ethertype:ip:udp:rsvp,740
eth:ethertype:ip:udp:ssdp:data,738
eth:ethertype:ip:udp:ts2,730
eth:ethertype:ip:udp:lwapp:wlan,716
eth:ethertype:ip:udp:sbus,703
eth:ethertype:ip:udp:gprs-ns:bssgp,688
eth:ethertype:ip:udp:knet,687
eth:ethertype:ip:udp:asap,664
eth:ethertype:ip:udp:quake:data,650
eth:ethertype:ip:udp:hiqnet,644
eth:ethertype:ip:udp:geneve:data,640
eth:ethertype:ip:udp:pfcp,624
eth:ethertype:ip:udp:db-lsp-disc,619
eth:ethertype:ip:udp:tzsp,602
eth:ethertype:ip:udp:ecmp,599
eth:ethertype:ip:udp:tplink-smarthome:json:data-text-lines,576
eth:ethertype:ip:udp:asterix,563
eth:ethertype:ip:udp:wlccp,558
eth:ethertype:ip:udp:ieee1722:data,555
eth:ethertype:ip:udp:ajns,541
eth:ethertype:ip:udp:msproxy,538
eth:ethertype:ip:udp:vuze-dht,537
eth:ethertype:ip:udp:vrt,528
eth:ethertype:ip:udp:eth:ethertype:data,492
eth:ethertype:ip:udp:idn,452
eth:ethertype:ip:udp:ipvs,449
eth:ethertype:ip:udp:ath,444
eth:ethertype:ip:udp:mikey,435
eth:ethertype:ip:udp:kdp,422
eth:ethertype:ip:udp:bat.vis:data,420
eth:ethertype:ip:udp:ulp,414
eth:ethertype:ip:udp:ecatf:data,409
eth:ethertype:ip:udp:bfd_echo,405
eth:ethertype:ip:udp:bat.gw:data,401
eth:ethertype:ip:udp:teredo:data,401
eth:ethertype:ip:udp:tacacs,400
eth:ethertype:ip:udp:tipc,379
eth:ethertype:ip:udp:mpls:data,372
eth:ethertype:ip:udp:gsmtap:data,366
eth:ethertype:ip:udp:nano,366
eth:ethertype:ip:udp:tetra,359
eth:ethertype:ip:udp:wg,346
eth:ethertype:ip:udp:a21,342
eth:ethertype:ip:udp:rdt,334
eth:ethertype:ip:udp:sap,330
eth:ethertype:ip:udp:rsip,326
eth:ethertype:ip:udp:h501,324
eth:ethertype:ip:udp:iax2:data,312
eth:ethertype:ip:udp:pktc,312
eth:ethertype:ip:udp:icp,308
eth:ethertype:ip:udp:mpls-echo,308
eth:ethertype:ip:udp:ayiya,305
eth:ethertype:ip:udp:uaudp,288
eth:ethertype:ip:udp:dpnet,277
eth:ethertype:ip:udp:sabp:sabp,277
eth:ethertype:ip:udp:opensafety:data,272
eth:ethertype:ip:udp:capwap.data:eth:ethertype:data,272
eth:ethertype:ip:udp:bjnp,262
eth:ethertype:ip:udp:ax4000,257
eth:ethertype:ip:udp:opensafety_udp:data,244
eth:ethertype:ip:udp:sap:sdp,236
eth:ethertype:ip:udp:pktc.mtafqdn,235
eth:ethertype:ip:udp:doip,235
eth:ethertype:ip:udp:quake2:data,232
eth:ethertype:ip:udp:capwap.data,231
eth:ethertype:ip:udp:enrp,209
eth:ethertype:ip:udp:quakeworld:data,208
eth:ethertype:ip:udp:gprs-ns,206
eth:ethertype:ip:udp:adp,195
eth:ethertype:ip:udp:lisp-data,194
eth:ethertype:ip:udp:nxp_802154_sniffer,187
eth:ethertype:ip:udp:lisp:data,175
eth:ethertype:ip:udp:wtp,165
eth:ethertype:ip:udp:ardp,164
eth:ethertype:ip:udp:megaco:data,164
eth:ethertype:ip:udp:dhcpv6,155
eth:ethertype:ip:udp:stun:data,148
eth:ethertype:ip:udp:dvb_ipdc:data,134
eth:ethertype:ip:udp:sctp,132
eth:ethertype:ip:udp:mih,130
eth:ethertype:ip:udp:iapp,127
eth:ethertype:ip:udp:lisp,118
eth:ethertype:ip:udp:cups,115
eth:ethertype:ip:udp:egd:data,112
eth:ethertype:ip:udp:nbdgm:smb:data,96
eth:ethertype:ip:udp:rx,96
eth:ethertype:ip:udp:raknet,90
eth:ethertype:ip:udp:collectd,72
eth:ethertype:ip:udp:sabp,68
eth:ethertype:ip:udp:capwap:dtls,68
eth:ethertype:ip:udp:dcc,68
eth:ethertype:ip:udp:infiniband,67
eth:ethertype:ip:udp:hcrt,63
eth:ethertype:ip:udp:geneve,60
eth:ethertype:ip:udp:pn_rt:pn_io,56
eth:ethertype:ip:udp:gre,56
eth:ethertype:ip:udp:vxlan:eth:ethertype:data,54
eth:ethertype:ip:udp:capwap.data:dtls,54
eth:ethertype:ip:udp:lisp-data:ipv6:data,51
eth:ethertype:ip:udp:udpencap,51
eth:ethertype:ip:udp:lwapp:wlan:data,49
eth:ethertype:ip:udp:lisp-data:ip:data,49
eth:ethertype:ip:udp:nxp_802154_sniffer:wpan:data,41
eth:ethertype:ip:udp:gre:data,39
eth:ethertype:ip:udp:mpls:pwach:data,37
eth:ethertype:ip:udp:gsmtap,35
eth:ethertype:ip:udp:mpls:pwethheuristic:pwethcw:eth:ethertype:data,34
eth:ethertype:ip:udp:ripng,32
eth:ethertype:ip:udp:cnip:data,31
eth:ethertype:ip:udp:rtpproxy,31
eth:ethertype:ip:udp:quake3,31
eth:ethertype:ip:udp:mpls:ipv6,29
eth:ethertype:ip:udp:vxlan:eth,27
eth:ethertype:ip:udp:infiniband:data,27
eth:ethertype:ip:udp:egd,26
eth:ethertype:ip:udp:slimp3,24
eth:ethertype:ip:udp:wtp:wsp,24
eth:ethertype:ip:udp:mpls:ip,23
eth:ethertype:ip:udp:thrift,21
eth:ethertype:ip:udp:l2tp:data,21
eth:ethertype:ip:udp:dmp,20
eth:ethertype:ip:udp:sabp:sabp:sabp,18
eth:ethertype:ip:udp:mndp,17
eth:ethertype:ip:udp:lisp-data:ip,17
eth:ethertype:ip:udp:wisun.eapol_relay,16
eth:ethertype:ip:udp:llc,16
eth:ethertype:ip:udp:eth,16
eth:ethertype:ip:udp:quake2,15
eth:ethertype:ip:udp:ecatf:tc_nv,13
eth:ethertype:ip:udp:goose:cotp,12
eth:ethertype:ip:udp:mip,12
eth:ethertype:ip:udp:auto_rp,11
eth:ethertype:ip:udp:rsp,11
eth:ethertype:ip:udp:dvb_ipdc:alc:data,11
eth:ethertype:ip:udp:ecatf:ioraw,10
eth:ethertype:ip:udp:lmp,10
eth:ethertype:ip:udp:mpls:ipv6:data,10
eth:ethertype:ip:udp:lwres,10
eth:ethertype:ip:udp:xyplex,10
eth:ethertype:ip:udp:data:vssmonitoring,9
eth:ethertype:ip:udp:lbtrm,9
eth:ethertype:ip:udp:tsp,9
eth:ethertype:ip:udp:nbdgm,8
eth:ethertype:ip:udp:scop,8
eth:ethertype:ip:udp:rx:afs,8
eth:ethertype:ip:udp:find,7
eth:ethertype:ip:udp:dcp-etsi:dcp-pft,7
eth:ethertype:ip:udp:dlep,7
eth:ethertype:ip:udp:pn_rt,7
eth:ethertype:ip:udp:msmms,7
eth:ethertype:ip:udp:mpls,7
eth:ethertype:ip:udp:jmirror:ipv6:data,7
eth:ethertype:ip:udp:kpasswd,6
eth:ethertype:ip:udp:sigcomp,6
eth:ethertype:ip:udp:mpls:pwethheuristic:pwethnocw:eth:ethertype:data,6
eth:ethertype:ip:udp:papi:data,6
eth:ethertype:ip:udp:acdr,5
eth:ethertype:ip:udp:wisun.eapol_relay:eapol,5
eth:ethertype:ip:udp:ieee1722,5
eth:ethertype:ip:udp:mint:eth:ethertype:data,5
eth:ethertype:ip:udp:quake,5
eth:ethertype:ip:udp:opensafety_udp,5
eth:ethertype:ip:udp:who,5
eth:ethertype:ip:udp:amt:ip,5
eth:ethertype:ip:udp:jmirror:ipv6,5
eth:ethertype:ip:udp:pathport,5
eth:ethertype:ip:udp:ncp,5
eth:ethertype:ip:udp:tpcp,4
eth:ethertype:ip:udp:packetbb,4
eth:ethertype:ip:udp:lwapp,4
eth:ethertype:ip:udp:sip:sigcomp,4
eth:ethertype:ip:udp:tzsp:data,4
eth:ethertype:ip:udp:ipx,4
eth:ethertype:ip:udp:ieee1722:iec61883,4
eth:ethertype:ip:udp:mpls:ip:data,3
eth:ethertype:ip:udp:ecatf,3
eth:ethertype:ip:udp:jmirror:ipv6:ipv6.dstopts,3
eth:ethertype:ip:udp:ddtp,3
eth:ethertype:ip:udp:epl,3
eth:ethertype:ip:udp:bat.gw,3
eth:ethertype:ip:udp:ipx:data,3
eth:ethertype:ip:udp:megaco,3
eth:ethertype:ip:udp:gre:wlan,3
eth:ethertype:ip:udp:eth:llc:data,3
eth:ethertype:ip:udp:tapa,3
eth:ethertype:ip:udp:llc:osi:data,2
eth:ethertype:ip:udp:tzsp:eth:ethertype:data,2
eth:ethertype:ip:udp:armagetronad,2
eth:ethertype:ip:udp:dlsw,2
eth:ethertype:ip:udp:cpfi,2
eth:ethertype:ip:udp:wimaxasncp,2
eth:ethertype:ip:udp:ltp:data,2
eth:ethertype:ip:udp:vxlan:eth:llc:data,2
eth:ethertype:ip:udp:ptp,2
eth:ethertype:ip:udp:mpls:pwethheuristic:pwethcw:eth,2
eth:ethertype:ip:udp:jmirror:ipv6:ipcomp:data,2
eth:ethertype:ip:udp:jmirror:ipv6:l2tp:data,2
eth:ethertype:ip:udp:bat.vis,2
eth:ethertype:ip:udp:quakeworld,2
eth:ethertype:ip:udp:lisp-data:ipv6:swipe,2
eth:ethertype:ip:udp:lisp-data:ipv6:nhrp,2
eth:ethertype:ip:udp:lisp-data:ipv6:osi:data,2
eth:ethertype:ip:udp:ieee1722:aaf,1
eth:ethertype:ip:udp:teredo,1
eth:ethertype:ip:udp:dcp-etsi:dcp-af,1
eth:ethertype:ip:udp:llc:sna:data,1
eth:ethertype:ip:udp:rdpudp:tls,1
eth:ethertype:ip:udp:llc:ipx,1
eth:ethertype:ip:udp:amt:ip:ipv6:data,1
eth:ethertype:ip:udp:vxlan,1
eth:ethertype:ip:udp:h501:rdp,1
eth:ethertype:ip:udp:bat.gw:ip,1
eth:ethertype:ip:udp:ssyncp,1
eth:ethertype:ip:udp:udpencap:data,1
eth:ethertype:ip:udp:adwin,1
eth:ethertype:ip:udp:megaco:h248,1
eth:ethertype:ip:udp:icq,1
eth:ethertype:ip:udp:teredo:ipv6:data,1
eth:ethertype:ip:udp:jmirror:ip:data,1
eth:ethertype:ip:udp:jmirror:ipv6:ospf,1
eth:ethertype:ip:udp:dvb_ipdc:alc:rmt-lct,1
eth:ethertype:ip:udp:capwap:data,1
eth:ethertype:ip:udp:a11,1
eth:ethertype:ip:udp:sflow,1
eth:ethertype:ip:udp:lisp-data:ipv6:ah,1
eth:ethertype:ip:udp:lisp-data:ipv6:ospf,1
eth:ethertype:ip:udp:lisp-data:ipv6,1
eth:ethertype:ip:udp:lisp-data:ipv6:l2tp:data,1
eth:ethertype:ip:udp:lisp-data:ipv6:gre,1
eth:ethertype:ip:udp:lisp-data:ipv6:lwl4,1
eth:ethertype:ip:udp:lisp-data:ipv6:dsr:data,1
eth:ethertype:ip:udp:lisp-data:ipv6:etherip:eth:llc,1
eth:ethertype:ip:udp:ldp,1
eth:ethertype:ip:udp:eth:llc,1
eth:ethertype:ip:udp:capwap.data:data,1
eth:ethertype:ip:udp:llc:stp,1
eth:ethertype:ip:udp:db-lsp-disc:json:data-text-lines,1
eth:ethertype:ip:udp:cnip:lon,1
eth:ethertype:ip:udp:ip,1
