eth:ethertype:ip:udp:stun,26952433
eth:ethertype:ip:udp:data,10264022
eth:ethertype:ip:udp:syslog,4489107
eth:ethertype:ip:udp:dns,4153647
eth:ethertype:ip:udp:snmp,2434299
eth:ethertype:ip:udp:ntp,2066240
eth:ethertype:ip:data,1660970
eth:ethertype:ip:udp:sip,636405
eth:ethertype:ip:udp:nbns,585505
eth:ethertype:ip:udp:cldap,216856
eth:ethertype:ip:udp:cflow,160664
eth:ethertype:ip:udp:coap,138276
eth:ethertype:ip:udp:sip:xml,101982
eth:ethertype:ip:udp:mdns,94325
eth:ethertype:ip:udp:quic,90819
eth:ethertype:ip:udp:memcache,73537
eth:ethertype:ip:udp:ssdp,65963
eth:ethertype:ip:udp:dtls,62419
eth:ethertype:ip:udp:openvpn,57564
eth:ethertype:ip:udp:rpc,56116
eth:ethertype:ip:udp:sip:data-text-lines,52787
eth:ethertype:ip:udp,52481
eth:ethertype:ip:udp:chargen,45975
eth:ethertype:ip:udp:capwap,45296
eth:ethertype:ip:udp:gtp,43746
eth:ethertype:ip:udp:bvlc:bacnet:bacapp,42770
eth:ethertype:ip:udp:isakmp,42408
eth:ethertype:ip:udp:dhcp,39645
eth:ethertype:ip:udp:portcontrol,39079
eth:ethertype:ip:udp:quic:tls,34178
eth:ethertype:ip:udp:tftp,34025
eth:ethertype:ip:udp:srvloc,33479
eth:ethertype:ip:udp:quake3,30936
eth:ethertype:ip:udp:rdpudp,26060
eth:ethertype:ip:udp:rmcp:ipmi_session:data,25328
eth:ethertype:ip:udp:l2tp,22482
eth:ethertype:ip:udp:udpencap:esp,21842
eth:ethertype:ip:udp:gquic,20939
eth:ethertype:ip:udp:rip,20930
eth:ethertype:ip:udp:bfd,20440
eth:ethertype:ip:udp:xdmcp,18294
eth:ethertype:ip:udp:lwapp:data,17246
eth:ethertype:ip:udp:hart_ip,16857
eth:ethertype:ip:udp:kerberos,16052
eth:ethertype:ip:udp:enip,15156
eth:ethertype:ip:udp:classicstun,14325
eth:ethertype:ip:udp:echo,13556
eth:ethertype:ip:udp:omron,13272
eth:ethertype:ip:udp:nbdgm:smb:browser,12452
eth:ethertype:ip:udp:gtp:gtpv2,12387
eth:ethertype:ip:udp:radius,12242
eth:ethertype:ip:udp:dpnet,10885
eth:ethertype:ip:udp:time,10618
eth:ethertype:ip:udp:daytime,10596
eth:ethertype:ip:udp:ecatf:ecat,10175
eth:ethertype:ip:udp:steam_ihs_discovery,9682
eth:ethertype:ip:udp:rtcp,8887
eth:ethertype:ip:udp:ieee1722:data,8006
eth:ethertype:ip:udp:quake3:data,6019
eth:ethertype:ip:udp:kip,4738
eth:ethertype:ip:udp:iax2,4599
eth:ethertype:ip:udp:teredo:ipv6:icmpv6,3937
eth:ethertype:ip:udp:asap,3909
eth:ethertype:ip:udp:llc:data,3668
eth:ethertype:ip:udp:udpencap:isakmp,3619
eth:ethertype:ip:udp:wlccp,3299
eth:ethertype:ip:udp:mgcp,2841
eth:ethertype:ip:udp:wsp,2419
eth:ethertype:ip:udp:wtls,2361
eth:ethertype:ip:udp:ath,2243
eth:ethertype:ip:udp:pn_rt:pn_ptcp,2053
eth:ethertype:ip:udp:elasticsearch,1966
eth:ethertype:ip:udp:wtp,1881
eth:ethertype:ip:udp:asterix,1760
eth:ethertype:ip:udp:dof,1756
eth:ethertype:ip:udp:teredo:ipv6,1752
eth:ethertype:ip:udp:wisun.eapol_relay:eapol:data,1735
eth:ethertype:ip:udp:cipio,1676
eth:ethertype:ip:udp:raknet:raknet,1672
eth:ethertype:ip:udp:gtpprime,1554
eth:ethertype:ip:udp:dis,1509
eth:ethertype:ip:udp:tzsp,1357
eth:ethertype:ip:udp:rdt,1330
eth:ethertype:ip:udp:h225,1327
eth:ethertype:ip:udp:llmnr,1254
eth:ethertype:ip:udp:nxp_802154_sniffer:wpan,1244
eth:ethertype:ip:udp:cnip,1232
eth:ethertype:ip:udp:dvb_ipdc:data,1179
eth:ethertype:ip:udp:manolito,1173
eth:ethertype:ip:udp:db-lsp-disc,1160
eth:ethertype:ip:udp:adp,1145
eth:ethertype:ip:udp:gprs-ns:bssgp,1122
eth:ethertype:ip:udp:idn,1117
eth:ethertype:ip:udp:opensafety_udp:data,1098
eth:ethertype:ip:udp:rtps,1080
eth:ethertype:ip:udp:pfcp,1046
eth:ethertype:ip:udp:sabp:sabp,1019
eth:ethertype:ip:udp:lwapp:wlan,999
eth:ethertype:ip:udp:teredo:data,984
eth:ethertype:ip:udp:bat.gw:data,980
eth:ethertype:ip:udp:enrp,977
eth:ethertype:ip:udp:h501,957
eth:ethertype:ip:udp:tplink-smarthome:json:data-text-lines,881
eth:ethertype:ip:udp:mint,862
eth:ethertype:ip:udp:icp,856
eth:ethertype:ip:udp:scop:data,848
eth:ethertype:ip:udp:iapp,848
eth:ethertype:ip:udp:pktc,846
eth:ethertype:ip:udp:iax2:data,837
eth:ethertype:ip:udp:ecmp,836
eth:ethertype:ip:udp:hcrt,835
eth:ethertype:ip:udp:mipv6,821
eth:ethertype:ip:udp:ajns,809
eth:ethertype:ip:udp:mikey,777
eth:ethertype:ip:udp:knet,749
eth:ethertype:ip:udp:kink,747
eth:ethertype:ip:udp:corosync_totemnet:data,734
eth:ethertype:ip:udp:uaudp,720
eth:ethertype:ip:udp:ssdp:data,714
eth:ethertype:ip:udp:opensafety:data,714
eth:ethertype:ip:udp:nano,707
eth:ethertype:ip:udp:gsmtap:data,703
eth:ethertype:ip:udp:collectd,695
eth:ethertype:ip:udp:rsvp,667
eth:ethertype:ip:udp:sctp,666
eth:ethertype:ip:udp:ax4000,663
eth:ethertype:ip:udp:eth:ethertype:data,661
eth:ethertype:ip:udp:hiqnet,648
eth:ethertype:ip:udp:vuze-dht,643
eth:ethertype:ip:udp:quakeworld:data,636
eth:ethertype:ip:udp:pktc.mtafqdn,635
eth:ethertype:ip:udp:amt,630
eth:ethertype:ip:udp:vxlan:eth:llc:data,615
eth:ethertype:ip:udp:lisp:data,596
eth:ethertype:ip:udp:c1222,595
eth:ethertype:ip:udp:bat:data,593
eth:ethertype:ip:udp:capwap.data,592
eth:ethertype:ip:udp:kdp,575
eth:ethertype:ip:udp:radius:eap,560
eth:ethertype:ip:udp:ayiya,556
eth:ethertype:ip:udp:gre:data,553
eth:ethertype:ip:udp:bfd_echo,542
eth:ethertype:ip:udp:bat.vis:data,541
eth:ethertype:ip:udp:ardp,540
eth:ethertype:ip:udp:sbus,531
eth:ethertype:ip:udp:tetra,528
eth:ethertype:ip:udp:ulp,523
eth:ethertype:ip:udp:mpls-echo,515
eth:ethertype:ip:udp:quake2:data,506
eth:ethertype:ip:udp:mih,492
eth:ethertype:ip:udp:dmp,490
eth:ethertype:ip:udp:lisp-data,467
eth:ethertype:ip:udp:raknet,462
eth:ethertype:ip:udp:ecatf:data,460
eth:ethertype:ip:udp:doip,437
eth:ethertype:ip:udp:wg,422
eth:ethertype:ip:udp:msproxy,408
eth:ethertype:ip:udp:rsip,407
eth:ethertype:ip:udp:infiniband:data,405
eth:ethertype:ip:udp:tipc,395
eth:ethertype:ip:udp:wol,309
eth:ethertype:ip:udp:coap:data,300
eth:ethertype:ip:udp:h248,299
eth:ethertype:ip:udp:ipvs,299
eth:ethertype:ip:udp:tacacs,269
eth:ethertype:ip:udp:papi,252
eth:ethertype:ip:udp:sap,247
eth:ethertype:ip:udp:a21,228
eth:ethertype:ip:udp:egd:data,228
eth:ethertype:ip:udp:ts2,227
eth:ethertype:ip:udp:rx,208
eth:ethertype:ip:udp:vrt,195
eth:ethertype:ip:udp:capwap.data:eth:ethertype:data,191
eth:ethertype:ip:udp:gprs-ns,175
eth:ethertype:ip:udp:quake2,168
eth:ethertype:ip:udp:bjnp,164
eth:ethertype:ip:udp:mpls,154
eth:ethertype:ip:udp:sap:sdp,142
eth:ethertype:ip:udp:lisp-data:ipv6:data,137
eth:ethertype:ip:udp:lisp-data:ip:data,127
eth:ethertype:ip:udp:mpls:data,109
eth:ethertype:ip:udp:slimp3,94
eth:ethertype:ip:udp:stun:data,92
eth:ethertype:ip:udp:geneve,91
eth:ethertype:ip:udp:jmirror:ipv6:data,81
eth:ethertype:ip:udp:pn_rt:pn_io,78
eth:ethertype:ip:udp:lwapp:wlan:data,75
eth:ethertype:ip:udp:quake:data,74
eth:ethertype:ip:udp:ecatf:ioraw,72
eth:ethertype:ip:udp:infiniband,69
eth:ethertype:ip:udp:sabp,68
eth:ethertype:ip:udp:megaco:data,64
eth:ethertype:ip:udp:vxlan:eth:ethertype:data,61
eth:ethertype:ip:udp:lisp-data:ip,60
eth:ethertype:ip:udp:thrift,56
eth:ethertype:ip:udp:goose:cotp,53
eth:ethertype:ip:udp:gre,49
eth:ethertype:ip:udp:wisun.eapol_relay:eapol,44
eth:ethertype:ip:udp:nxp_802154_sniffer,42
eth:ethertype:ip:udp:dcc,42
eth:ethertype:ip:udp:sabp:sabp:sabp,36
eth:ethertype:ip:udp:data:vssmonitoring,35
eth:ethertype:ip:udp:gsmtap,31
eth:ethertype:ip:udp:lisp,31
eth:ethertype:ip:udp:vxlan:eth,28
eth:ethertype:ip:udp:rmcp:asf,26
eth:ethertype:ip:udp:cnip:data,24
eth:ethertype:ip:udp:geneve:data,21
eth:ethertype:ip:udp:ltp,20
eth:ethertype:ip:udp:dcp-etsi:dcp-af,20
eth:ethertype:ip:udp:wtp:wsp,19
eth:ethertype:ip:udp:dcp-etsi:dcp-pft,18
eth:ethertype:ip:udp:dhcpv6,17
eth:ethertype:ip:udp:wisun.eapol_relay,17
eth:ethertype:ip:udp:llc,15
eth:ethertype:ip:udp:l2tp:data,15
eth:ethertype:ip:udp:dlep,14
eth:ethertype:ip:udp:eth,14
eth:ethertype:ip:udp:cigi,14
eth:ethertype:ip:udp:capwap.data:dtls,13
eth:ethertype:ip:udp:mpls:pwethheuristic:pwethcw:eth:ethertype:data,13
eth:ethertype:ip:udp:tzsp:data,12
eth:ethertype:ip:udp:dvb_ipdc:alc:data,12
eth:ethertype:ip:udp:pn_rt,12
eth:ethertype:ip:udp:ecatf:tc_nv,12
eth:ethertype:ip:udp:lmp,11
eth:ethertype:ip:udp:capwap:dtls,11
eth:ethertype:ip:udp:sip:data-text-lines:xml,11
eth:ethertype:ip:udp:capwap.data:data,11
eth:ethertype:ip:udp:raknet:raknet:raknet,10
eth:ethertype:ip:udp:jmirror:ipv6,10
eth:ethertype:ip:udp:egd,9
eth:ethertype:ip:udp:tsp,9
eth:ethertype:ip:udp:acdr,9
eth:ethertype:ip:udp:rtpproxy,9
eth:ethertype:ip:udp:jmirror:ip:data,9
eth:ethertype:ip:udp:bvlc,9
eth:ethertype:ip:udp:mpls:ipv6,8
eth:ethertype:ip:udp:who,8
eth:ethertype:ip:udp:nbdgm,8
eth:ethertype:ip:udp:wassp,8
eth:ethertype:ip:udp:ripng,7
eth:ethertype:ip:udp:find,7
eth:ethertype:ip:udp:rsp,7
eth:ethertype:ip:udp:auto_rp,7
eth:ethertype:ip:udp:xyplex,7
eth:ethertype:ip:udp:pathport,7
eth:ethertype:ip:udp:lwres,6
eth:ethertype:ip:udp:mpls:ipv6:data,6
eth:ethertype:ip:udp:ddtp,6
eth:ethertype:ip:udp:kpasswd,6
eth:ethertype:ip:udp:jmirror:ipv6:vines_frp:vines_ip:data,6
eth:ethertype:ip:udp:tapa,6
eth:ethertype:ip:udp:mpls:ip:data,6
eth:ethertype:ip:udp:scop,5
eth:ethertype:ip:udp:amt:ip,5
eth:ethertype:ip:udp:cups,5
eth:ethertype:ip:udp:ieee1722:iec61883,5
eth:ethertype:ip:udp:lwapp,5
eth:ethertype:ip:udp:nxp_802154_sniffer:wpan:data,5
eth:ethertype:ip:udp:lisp-data:ipv6:ipcomp:data,5
eth:ethertype:ip:udp:lisp-data:ipv6:vines_frp:vines_ip:data,5
eth:ethertype:ip:udp:lbtrm,5
eth:ethertype:ip:udp:jmirror:ipv6:ah,5
eth:ethertype:ip:udp:jmirror:ipv6:lwl4,5
eth:ethertype:ip:udp:mpls:ip,5
eth:ethertype:ip:udp:rdpudp:data,5
eth:ethertype:ip:udp:lisp-data:ipv6:ah,5
eth:ethertype:ip:udp:ncp,5
eth:ethertype:ip:udp:quake,5
eth:ethertype:ip:udp:megaco,4
eth:ethertype:ip:udp:ecatf:ams,4
eth:ethertype:ip:udp:a11,4
eth:ethertype:ip:udp:sip:sigcomp,4
eth:ethertype:ip:udp:tpcp,4
eth:ethertype:ip:udp:mpls:pwach:data,4
eth:ethertype:ip:udp:msmms,4
eth:ethertype:ip:udp:lisp-data:ipv6:etherip:eth:ethertype:data,4
eth:ethertype:ip:udp:lisp-data:ipv6:ospf,4
eth:ethertype:ip:udp:lisp-data:ipv6:swipe,4
eth:ethertype:ip:udp:rx:afs,4
eth:ethertype:ip:udp:jmirror:ipv6:vrrp,4
eth:ethertype:ip:udp:jmirror:ipv6:osi:data,4
eth:ethertype:ip:udp:mndp,4
eth:ethertype:ip:udp:mpls:ipv6:ipv6.hopopts,4
eth:ethertype:ip:udp:quakeworld,3
eth:ethertype:ip:udp:ipx,3
eth:ethertype:ip:udp:packetbb,3
eth:ethertype:ip:udp:cpfi,3
eth:ethertype:ip:udp:h225:data,3
eth:ethertype:ip:udp:gre:wlan,3
eth:ethertype:ip:udp:jmirror:ipv6:etherip:eth:llc,3
eth:ethertype:ip:udp:jmirror:ipv6:l2tp:data,3
eth:ethertype:ip:udp:jmirror:ipv6:dsr,3
eth:ethertype:ip:udp:jmirror:ipv6:eigrp,3
eth:ethertype:ip:udp:jmirror:ipv6:nhrp,3
eth:ethertype:ip:udp:lisp-data:ipv6:nhrp,3
eth:ethertype:ip:udp:lisp-data:ipv6:lwl4,3
eth:ethertype:ip:udp:ecatf:ecat_mailbox,3
eth:ethertype:ip:udp:mbudp:modbus,2
eth:ethertype:ip:udp:mip,2
eth:ethertype:ip:udp:olsr,2
eth:ethertype:ip:udp:lisp-data:ipv6:l2tp:data,2
eth:ethertype:ip:udp:lisp-data:ipv6:ipv6.routing,2
eth:ethertype:ip:udp:tplink-smarthome:json,2
eth:ethertype:ip:udp:mpls:pwethheuristic:pwethnocw:eth:ethertype:data,2
eth:ethertype:ip:udp:jmirror:ipv6:swipe,2
eth:ethertype:ip:udp:jmirror:ipv6:ospf,2
eth:ethertype:ip:udp:jmirror:ipv6:dsr:data,2
eth:ethertype:ip:udp:jmirror:ipv6:pim,2
eth:ethertype:ip:udp:ieee1722,2
eth:ethertype:ip:udp:rsp:asf:data,2
eth:ethertype:ip:udp:bat.gw,2
eth:ethertype:ip:udp:ayiya:dsr:ipv6.hopopts:ipv6.hopopts,2
eth:ethertype:ip:udp:lisp-data:ipv6:vrrp,2
eth:ethertype:ip:udp:lisp-data:ipv6:pim,2
eth:ethertype:ip:udp:lisp-data:ipv6,2
eth:ethertype:ip:udp:scop:wpan:data,2
eth:ethertype:ip:udp:lisp-data:ipv6:osi:data,2
eth:ethertype:ip:udp:jmirror:ipv6:swipe:data,2
eth:ethertype:ip:udp:wccp,2
eth:ethertype:ip:udp:edonkey,2
eth:ethertype:ip:udp:llc:sna:data,2
eth:ethertype:ip:udp:teredo,2
eth:ethertype:ip:udp:goose:cotp:goose,1
eth:ethertype:ip:udp:ltp:data,1
eth:ethertype:ip:udp:l2tp:ppp:data,1
eth:ethertype:ip:udp:lisp-data:ipv6:esp,1
eth:ethertype:ip:udp:mdns:vssmonitoring,1
eth:ethertype:ip:udp:acdr:data,1
eth:ethertype:ip:udp:jmirror:ipv6:gre,1
eth:ethertype:ip:udp:eth:llc:data,1
eth:ethertype:ip:udp:llc:osi:data,1
eth:ethertype:ip:udp:uftp:uftp5,1
eth:ethertype:ip:udp:hip,1
eth:ethertype:ip:udp:ecatf,1
eth:ethertype:ip:udp:sflow,1
eth:ethertype:ip:udp:bat.gw:ip,1
eth:ethertype:ip:udp:lisp-data:ipv6:dsr:dsr,1
eth:ethertype:ip:udp:capwap.data:eth,1
eth:ethertype:ip:udp:rdpudp:tls,1
eth:ethertype:ip:udp:icq,1
eth:ethertype:ip:udp:lisp-data:ipv6:dsr:data,1
eth:ethertype:ip:udp:jmirror:ipv6:ipcomp:data,1
eth:ethertype:ip:udp:jmirror:ipv6:ipv6.routing,1
eth:ethertype:ip:udp:mpls:ipv6:nhrp,1
eth:ethertype:ip:udp:mpls:ipv6:pgm,1
eth:ethertype:ip:udp:eth:ethertype:arp,1
eth:ethertype:ip:udp:ipx:data,1
eth:ethertype:ip:udp:lisp-data:ipv6:swipe:data,1
eth:ethertype:ip:udp:rmcp:ipmi_session,1
eth:ethertype:ip:udp:vssmonitoring,1
eth:ethertype:ip:udp:gvcp,1
eth:ethertype:ip:udp:oicq,1
eth:ethertype:ip:udp:armagetronad,1
eth:ethertype:ip:udp:tzsp:eth:ethertype:data,1
eth:ethertype:ip:udp:ptp,1
eth:ethertype:ip:udp:actrace,1
eth:ethertype:ip:udp:dtls:x509sat:x509sat:x509sat:x509sat,1
eth:ethertype:ip:udp:teredo:ipv6:data,1
eth:ethertype:ip:udp:cnip:lon,1
