eth:ethertype:ip:udp:stun,11544866
eth:ethertype:ip:udp:data,9081722
eth:ethertype:ip:udp:dns,3660386
eth:ethertype:ip:udp:syslog,2167638
eth:ethertype:ip:udp:ntp,1840559
eth:ethertype:ip:udp:snmp,1246501
eth:ethertype:ip:data,922158
eth:ethertype:ip:udp:nbns,899125
eth:ethertype:ip:udp:sip,216791
eth:ethertype:ip:udp:coap,186684
eth:ethertype:ip:udp:cflow,136818
eth:ethertype:ip:udp:ssdp,128641
eth:ethertype:ip:udp:cldap,107759
eth:ethertype:ip:udp:openvpn,97534
eth:ethertype:ip:udp:sip:xml,88298
eth:ethertype:ip:udp:rpc,87802
eth:ethertype:ip:udp:mdns,77354
eth:ethertype:ip:udp,66772
eth:ethertype:ip:udp:memcache,60275
eth:ethertype:ip:udp:isakmp,56478
eth:ethertype:ip:udp:dtls,51037
eth:ethertype:ip:udp:dhcp,47630
eth:ethertype:ip:udp:classicstun,46581
eth:ethertype:ip:udp:sip:data-text-lines,46058
eth:ethertype:ip:udp:capwap,39223
eth:ethertype:ip:udp:portcontrol,37518
eth:ethertype:ip:udp:gtp,35128
eth:ethertype:ip:udp:srvloc,33150
eth:ethertype:ip:udp:bvlc:bacnet:bacapp,31638
eth:ethertype:ip:udp:rip,27493
eth:ethertype:ip:udp:xdmcp,26151
eth:ethertype:ip:udp:l2tp,24388
eth:ethertype:ip:udp:udpencap:esp,21845
eth:ethertype:ip:udp:tftp,19582
eth:ethertype:ip:udp:gquic,17477
eth:ethertype:ip:udp:quic:tls,17243
eth:ethertype:ip:udp:kerberos,16746
eth:ethertype:ip:udp:lwapp:data,15623
eth:ethertype:ip:udp:hart_ip,14305
eth:ethertype:ip:udp:rdpudp,13870
eth:ethertype:ip:udp:chargen,12500
eth:ethertype:ip:udp:radius,12492
eth:ethertype:ip:udp:rmcp:ipmi_session:data,12277
eth:ethertype:ip:udp:enip,12215
eth:ethertype:ip:udp:gtp:gtpv2,12081
eth:ethertype:ip:udp:echo,12051
eth:ethertype:ip:udp:omron,11697
eth:ethertype:ip:udp:quake3,9161
eth:ethertype:ip:udp:time,9126
eth:ethertype:ip:udp:nbdgm:smb:browser,8585
eth:ethertype:ip:udp:daytime,8562
eth:ethertype:ip:udp:ecatf:ecat,8463
eth:ethertype:ip:udp:steam_ihs_discovery,8396
eth:ethertype:ip:udp:bfd,8192
eth:ethertype:ip:udp:udpencap:isakmp,5957
eth:ethertype:ip:udp:kip,5808
eth:ethertype:ip:udp:mgcp,5003
eth:ethertype:ip:udp:rtcp,4622
eth:ethertype:ip:udp:teredo:ipv6,4323
eth:ethertype:ip:udp:coap:data,3123
eth:ethertype:ip:udp:rmcp:asf,2994
eth:ethertype:ip:udp:llmnr,2687
eth:ethertype:ip:udp:iax2,2037
eth:ethertype:ip:udp:llc:data,1726
eth:ethertype:ip:udp:wsp,1643
eth:ethertype:ip:udp:quake3:data,1618
eth:ethertype:ip:udp:rtps,1587
eth:ethertype:ip:udp:cipio,1465
eth:ethertype:ip:udp:wisun.eapol_relay:eapol:data,1335
eth:ethertype:ip:udp:dis,1311
eth:ethertype:ip:udp:gtpprime,1296
eth:ethertype:ip:udp:raknet:raknet,1184
eth:ethertype:ip:udp:quake2:data,1176
eth:ethertype:ip:udp:elasticsearch,1130
eth:ethertype:ip:udp:wtls,1054
eth:ethertype:ip:udp:quic,1017
eth:ethertype:ip:udp:radius:eap,966
eth:ethertype:ip:udp:vuze-dht,934
eth:ethertype:ip:udp:cnip,700
eth:ethertype:ip:udp:asterix,677
eth:ethertype:ip:udp:corosync_totemnet:data,674
eth:ethertype:ip:udp:amt,646
eth:ethertype:ip:udp:tzsp,621
eth:ethertype:ip:udp:wtp,589
eth:ethertype:ip:udp:msproxy,584
eth:ethertype:ip:udp:asap,577
eth:ethertype:ip:udp:mikey,575
eth:ethertype:ip:udp:ssdp:data,565
eth:ethertype:ip:udp:dof,541
eth:ethertype:ip:udp:ath,539
eth:ethertype:ip:udp:manolito,539
eth:ethertype:ip:udp:iax2:data,535
eth:ethertype:ip:udp:nxp_802154_sniffer:wpan,530
eth:ethertype:ip:udp:rsvp,503
eth:ethertype:ip:udp:uaudp,493
eth:ethertype:ip:udp:mipv6,487
eth:ethertype:ip:udp:kink,486
eth:ethertype:ip:udp:hcrt,484
eth:ethertype:ip:udp:h248,477
eth:ethertype:ip:udp:vrt,446
eth:ethertype:ip:udp:h501,419
eth:ethertype:ip:udp:bfd_echo,416
eth:ethertype:ip:udp:raknet,412
eth:ethertype:ip:udp:hiqnet,400
eth:ethertype:ip:udp:scop:data,386
eth:ethertype:ip:udp:lwapp:wlan,378
eth:ethertype:ip:udp:ts2,377
eth:ethertype:ip:udp:collectd,368
eth:ethertype:ip:udp:bat.gw:data,362
eth:ethertype:ip:udp:geneve,357
eth:ethertype:ip:udp:gre,356
eth:ethertype:ip:udp:ulp,350
eth:ethertype:ip:udp:adp,345
eth:ethertype:ip:udp:teredo:data,344
eth:ethertype:ip:udp:pktc,338
eth:ethertype:ip:udp:mih,336
eth:ethertype:ip:udp:db-lsp-disc,336
eth:ethertype:ip:udp:nano,329
eth:ethertype:ip:udp:tacacs,324
eth:ethertype:ip:udp:mint,314
eth:ethertype:ip:udp:ecmp,311
eth:ethertype:ip:udp:sctp,311
eth:ethertype:ip:udp:sabp:sabp,309
eth:ethertype:ip:udp:lwapp:wlan:data,304
eth:ethertype:ip:udp:tplink-smarthome:json:data-text-lines,297
eth:ethertype:ip:udp:knet,296
eth:ethertype:ip:udp:ajns,295
eth:ethertype:ip:udp:egd:data,294
eth:ethertype:ip:udp:bat.vis:data,294
eth:ethertype:ip:udp:ipvs,286
eth:ethertype:ip:udp:geneve:data,278
eth:ethertype:ip:udp:dmp,276
eth:ethertype:ip:udp:gre:data,275
eth:ethertype:ip:udp:ardp,269
eth:ethertype:ip:udp:gprs-ns:bssgp,268
eth:ethertype:ip:udp:pktc.mtafqdn,265
eth:ethertype:ip:udp:wg,256
eth:ethertype:ip:udp:idn,254
eth:ethertype:ip:udp:c1222,228
eth:ethertype:ip:udp:dvb_ipdc:data,226
eth:ethertype:ip:udp:enrp,219
eth:ethertype:ip:udp:ax4000,203
eth:ethertype:ip:udp:bat:data,200
eth:ethertype:ip:udp:ecatf:data,199
eth:ethertype:ip:udp:tetra,199
eth:ethertype:ip:udp:ayiya,196
eth:ethertype:ip:udp:icp,194
eth:ethertype:ip:udp:a21,182
eth:ethertype:ip:udp:kdp,176
eth:ethertype:ip:udp:opensafety:data,176
eth:ethertype:ip:udp:wlccp,174
eth:ethertype:ip:udp:rsip,174
eth:ethertype:ip:udp:h225,172
eth:ethertype:ip:udp:vxlan:eth:llc:data,172
eth:ethertype:ip:udp:quakeworld:data,171
eth:ethertype:ip:udp:bjnp,165
eth:ethertype:ip:udp:pfcp,154
eth:ethertype:ip:udp:quake:data,153
eth:ethertype:ip:udp:sap,151
eth:ethertype:ip:udp:enttec,151
eth:ethertype:ip:udp:capwap.data:eth:ethertype:data,142
eth:ethertype:ip:udp:gsmtap:data,140
eth:ethertype:ip:udp:opensafety_udp:data,139
eth:ethertype:ip:udp:lisp:data,138
eth:ethertype:ip:udp:iapp,132
eth:ethertype:ip:udp:infiniband:data,132
eth:ethertype:ip:udp:mpls-echo,130
eth:ethertype:ip:udp:pn_rt:pn_ptcp,129
eth:ethertype:ip:udp:gprs-ns,122
eth:ethertype:ip:udp:capwap.data,118
eth:ethertype:ip:udp:ncp,118
eth:ethertype:ip:udp:ieee1722:data,116
eth:ethertype:ip:udp:lisp-data,116
eth:ethertype:ip:udp:megaco:data,116
eth:ethertype:ip:udp:tipc,116
eth:ethertype:ip:udp:sbus,102
eth:ethertype:ip:udp:dpnet,99
eth:ethertype:ip:udp:sap:sdp,88
eth:ethertype:ip:udp:doip,87
eth:ethertype:ip:udp:mpls:data,82
eth:ethertype:ip:udp:nbdgm:smb:data,79
eth:ethertype:ip:udp:vxlan:eth:ethertype:data,76
eth:ethertype:ip:udp:dcc,71
eth:ethertype:ip:udp:jmirror:ipv6:data,68
eth:ethertype:ip:udp:raknet:raknet:raknet,58
eth:ethertype:ip:udp:rdt,52
eth:ethertype:ip:udp:capwap.data:dtls,47
eth:ethertype:ip:udp:quake2,44
eth:ethertype:ip:udp:lisp,42
eth:ethertype:ip:udp:eth:ethertype:data,41
eth:ethertype:ip:udp:rx,39
eth:ethertype:ip:udp:wtp:wsp,35
eth:ethertype:ip:udp:gsmtap,32
eth:ethertype:ip:udp:infiniband,32
eth:ethertype:ip:udp:capwap:dtls,28
eth:ethertype:ip:udp:pn_rt:pn_io,27
eth:ethertype:ip:udp:ltp,24
eth:ethertype:ip:udp:thrift,24
eth:ethertype:ip:udp:vxlan:eth,22
eth:ethertype:ip:udp:cnip:data,22
eth:ethertype:ip:udp:sabp,21
eth:ethertype:ip:udp:wol,21
eth:ethertype:ip:udp:mpls:pwethheuristic:pwethcw:eth:ethertype:data,20
eth:ethertype:ip:udp:lisp-data:ipv6:data,20
eth:ethertype:ip:udp:egd,19
eth:ethertype:ip:udp:nxp_802154_sniffer,18
eth:ethertype:ip:udp:lisp-data:ip:data,18
eth:ethertype:ip:udp:mpls:ip:data,18
eth:ethertype:ip:udp:stun:data,18
eth:ethertype:ip:udp:llc,16
eth:ethertype:ip:udp:goose:cotp,16
eth:ethertype:ip:udp:dhcpv6,11
eth:ethertype:ip:udp:slimp3,11
eth:ethertype:ip:udp:mpls:ip,11
eth:ethertype:ip:udp:mndp,10
eth:ethertype:ip:udp:mpls:ipv6:data,10
eth:ethertype:ip:udp:wisun.eapol_relay,10
eth:ethertype:ip:udp:dlep,10
eth:ethertype:ip:udp:kpasswd,10
eth:ethertype:ip:udp:xyplex,10
eth:ethertype:ip:udp:llc:3comxns:data,10
eth:ethertype:ip:udp:scop,9
eth:ethertype:ip:udp:dcp-etsi:dcp-pft,9
eth:ethertype:ip:udp:jmirror:ip:data,9
eth:ethertype:ip:udp:tsp,8
eth:ethertype:ip:udp:lmp,8
eth:ethertype:ip:udp:mpls:ipv6,8
eth:ethertype:ip:udp:sabp:sabp:sabp,8
eth:ethertype:ip:udp:nxp_802154_sniffer:wpan:data,7
eth:ethertype:ip:udp:mpls,7
eth:ethertype:ip:udp:amt:ip,7
eth:ethertype:ip:udp:mip,7
eth:ethertype:ip:udp:ecatf:tc_nv,6
eth:ethertype:ip:udp:eth:llc:data,6
eth:ethertype:ip:udp:tipc:data,6
eth:ethertype:ip:udp:eth,6
eth:ethertype:ip:udp:rtpproxy,6
eth:ethertype:ip:udp:lisp-data:ip,6
eth:ethertype:ip:udp:find,6
eth:ethertype:ip:udp:vxlan:eth:llc:hpext:data,6
eth:ethertype:ip:udp:auto_rp,5
eth:ethertype:ip:udp:lwres,5
eth:ethertype:ip:udp:teredo,5
eth:ethertype:ip:udp:udpencap,5
eth:ethertype:ip:udp:l2tp:data,5
eth:ethertype:ip:udp:tzsp:data,5
eth:ethertype:ip:udp:ipx,5
eth:ethertype:ip:udp:ecatf:ioraw,5
eth:ethertype:ip:udp:rsp,5
eth:ethertype:ip:udp:cigi,5
eth:ethertype:ip:udp:ieee1722:iec61883,5
eth:ethertype:ip:udp:dlsw,5
eth:ethertype:ip:udp:acdr,4
eth:ethertype:ip:udp:sigcomp,4
eth:ethertype:ip:udp:who,4
eth:ethertype:ip:udp:dvb_ipdc:alc:rmt-lct,4
eth:ethertype:ip:udp:ripng,4
eth:ethertype:ip:udp:wisun.eapol_relay:eapol,4
eth:ethertype:ip:udp:teredo:ipv6:data,4
eth:ethertype:ip:udp:epl,4
eth:ethertype:ip:udp:capwap:data,4
eth:ethertype:ip:udp:mpls:ipv6:ipv6.hopopts,4
eth:ethertype:ip:udp:data:vssmonitoring,4
eth:ethertype:ip:udp:nbdgm,4
eth:ethertype:ip:udp:dcp-etsi:dcp-af,4
eth:ethertype:ip:udp:jmirror:ipv6:vrrp,4
eth:ethertype:ip:udp:quake,3
eth:ethertype:ip:udp:pn_rt,3
eth:ethertype:ip:udp:ipx:data,3
eth:ethertype:ip:udp:tpcp,3
eth:ethertype:ip:udp:cups,3
eth:ethertype:ip:udp:vxlan,3
eth:ethertype:ip:udp:rdpudp:tls,3
eth:ethertype:ip:udp:dvb_ipdc:alc:data,3
eth:ethertype:ip:udp:llc:sna:data,3
eth:ethertype:ip:udp:goose:cotp:data,3
eth:ethertype:ip:udp:ptp,2
eth:ethertype:ip:udp:ieee1722,2
eth:ethertype:ip:udp:sflow,2
eth:ethertype:ip:udp:ecatf:ecat_mailbox,2
eth:ethertype:ip:udp:capwap.data:data,2
eth:ethertype:ip:udp:rx:afs,2
eth:ethertype:ip:udp:ddtp,2
eth:ethertype:ip:udp:db-lsp-disc:json:data-text-lines,2
eth:ethertype:ip:udp:mpls:ipv6:dsr,2
eth:ethertype:ip:udp:oicq,2
eth:ethertype:ip:udp:pathport,2
eth:ethertype:ip:udp:megaco,2
eth:ethertype:ip:udp:capwap.data:eth,2
eth:ethertype:ip:udp:lisp-data:ipv6:eigrp,2
eth:ethertype:ip:udp:lisp-data:ipv6:nhrp,2
eth:ethertype:ip:udp:a11,2
eth:ethertype:ip:udp:mpls:pwethheuristic:pwethnocw:eth:ethertype:data,2
eth:ethertype:ip:udp:olsr,2
eth:ethertype:ip:udp:tapa,2
eth:ethertype:ip:udp:mpls:pwethheuristic:pwethcw:eth,2
eth:ethertype:ip:udp:quakeworld,2
eth:ethertype:ip:udp:packetbb,2
eth:ethertype:ip:udp:jmirror:ipv6:pim,2
eth:ethertype:ip:udp:jmirror:ipv6:ah,2
eth:ethertype:ip:udp:jmirror:ipv6:etherip:eth:llc,2
eth:ethertype:ip:udp:jmirror:ipv6:eigrp,2
eth:ethertype:ip:udp:sip:sigcomp,2
eth:ethertype:ip:udp:lwapp,2
eth:ethertype:ip:udp:ayiya:dsr:ipv6.hopopts:ipv6.hopopts,2
eth:ethertype:ip:udp:opensafety_udp,2
eth:ethertype:ip:udp:ecatf,1
eth:ethertype:ip:udp:wassp,1
eth:ethertype:ip:udp:jmirror:ipv6,1
eth:ethertype:ip:udp:mpls:ipv6:gre,1
eth:ethertype:ip:udp:mpls:ipv6:nhrp,1
eth:ethertype:ip:udp:mpls:ipv6:pgm,1
eth:ethertype:ip:udp:mpls:ipv6:l2tp:data,1
eth:ethertype:ip:udp:ieee1722:aaf,1
eth:ethertype:ip:udp:wccp,1
eth:ethertype:ip:udp:db-lsp-disc:json,1
eth:ethertype:ip:udp:adwin,1
eth:ethertype:ip:udp:snmp:data,1
eth:ethertype:ip:udp:bat.gw:ip,1
eth:ethertype:ip:udp:dvb_ipdc:alc:rmt-lct:data,1
eth:ethertype:ip:udp:llc:ipx:data,1
eth:ethertype:ip:udp:lisp-data:ipv6:lwl4,1
eth:ethertype:ip:udp:lisp-data:ipv6:ah,1
eth:ethertype:ip:udp:h225:data,1
eth:ethertype:ip:udp:msmms,1
eth:ethertype:ip:udp:jmirror:ipv6:esp,1
eth:ethertype:ip:udp:jmirror:ipv6:swipe,1
eth:ethertype:ip:udp:jmirror:ipv6:vines_frp:vines_ip:data,1
eth:ethertype:ip:udp:llc:ip,1
eth:ethertype:ip:udp:bat.gw,1
eth:ethertype:ip:udp:armagetronad,1
eth:ethertype:ip:udp:papi,1
eth:ethertype:ip:udp:gsmtap:gsm_sim,1
eth:ethertype:ip:udp:ltp:data,1
eth:ethertype:ip:udp:edonkey,1
eth:ethertype:ip:udp:tzsp:eth:ethertype:data,1
