eth:ethertype:ip:udp:data,9868733
eth:ethertype:ip:udp:syslog,4326346
eth:ethertype:ip:udp:dns,3354321
eth:ethertype:ip:udp:stun,2648626
eth:ethertype:ip:udp:snmp,2184151
eth:ethertype:ip:udp:ntp,2135375
eth:ethertype:ip:data,1990559
eth:ethertype:ip:udp:nbns,572487
eth:ethertype:ip:udp:sip,232963
eth:ethertype:ip:udp:coap,213527
eth:ethertype:ip:udp:cflow,159929
eth:ethertype:ip:udp:mdns,110475
eth:ethertype:ip:udp:rpc,107957
eth:ethertype:ip:udp:sip:xml,101180
eth:ethertype:ip:udp:cldap,97784
eth:ethertype:ip:udp:ssdp,74798
eth:ethertype:ip:udp:openvpn,60571
eth:ethertype:ip:udp:dtls,57629
eth:ethertype:ip:udp:isakmp,52891
eth:ethertype:ip:udp:sip:data-text-lines,52786
eth:ethertype:ip:udp:memcache,49800
eth:ethertype:ip:udp:capwap,46555
eth:ethertype:ip:udp:gtp,45125
eth:ethertype:ip:udp,44344
eth:ethertype:ip:udp:portcontrol,40895
eth:ethertype:ip:udp:bvlc:bacnet:bacapp,38361
eth:ethertype:ip:udp:l2tp,36719
eth:ethertype:ip:udp:srvloc,35299
eth:ethertype:ip:udp:dhcp,31230
eth:ethertype:ip:udp:quic:tls,27414
eth:ethertype:ip:udp:udpencap:esp,26435
eth:ethertype:ip:udp:tftp,22085
eth:ethertype:ip:udp:kerberos,21119
eth:ethertype:ip:udp:xdmcp,21031
eth:ethertype:ip:udp:gquic,20456
eth:ethertype:ip:udp:lwapp:data,17220
eth:ethertype:ip:udp:hart_ip,15452
eth:ethertype:ip:udp:chargen,15299
eth:ethertype:ip:udp:rdpudp,15085
eth:ethertype:ip:udp:rmcp:ipmi_session:data,15079
eth:ethertype:ip:udp:echo,14742
eth:ethertype:ip:udp:nbdgm:smb:browser,13767
eth:ethertype:ip:udp:classicstun,13439
eth:ethertype:ip:udp:radius,13362
eth:ethertype:ip:udp:rip,12876
eth:ethertype:ip:udp:omron,12829
eth:ethertype:ip:udp:enip,12805
eth:ethertype:ip:udp:time,12402
eth:ethertype:ip:udp:daytime,11623
eth:ethertype:ip:udp:gtp:gtpv2,11450
eth:ethertype:ip:udp:quake3:data,10565
eth:ethertype:ip:udp:ecatf:ecat,10178
eth:ethertype:ip:udp:bfd,9757
eth:ethertype:ip:udp:steam_ihs_discovery,9329
eth:ethertype:ip:udp:kip,7321
eth:ethertype:ip:udp:udpencap:isakmp,6880
eth:ethertype:ip:udp:quic,5948
eth:ethertype:ip:udp:rtcp,5175
eth:ethertype:ip:udp:mgcp,4958
eth:ethertype:ip:udp:teredo:ipv6,4530
eth:ethertype:ip:udp:raknet:raknet,4092
eth:ethertype:ip:udp:coap:data,3895
eth:ethertype:ip:udp:rmcp:asf,3481
eth:ethertype:ip:udp:quake:data,3290
eth:ethertype:ip:udp:h225,2742
eth:ethertype:ip:udp:llmnr,2609
eth:ethertype:ip:udp:iax2,2530
eth:ethertype:ip:udp:mndp,1845
eth:ethertype:ip:udp:rx,1813
eth:ethertype:ip:udp:raknet:raknet:raknet,1516
eth:ethertype:ip:udp:rtps,1402
eth:ethertype:ip:udp:gtpprime,1283
eth:ethertype:ip:udp:cipio,1203
eth:ethertype:ip:udp:dis,1095
eth:ethertype:ip:udp:pn_rt:pn_ptcp,1060
eth:ethertype:ip:udp:radius:eap,1026
eth:ethertype:ip:udp:wisun.eapol_relay:eapol:data,1023
eth:ethertype:ip:udp:corosync_totemnet:data,789
eth:ethertype:ip:udp:bjnp,782
eth:ethertype:ip:udp:epl:data,781
eth:ethertype:ip:udp:ssdp:data,679
eth:ethertype:ip:udp:wtls,497
eth:ethertype:ip:udp:pktc.mtafqdn,453
eth:ethertype:ip:udp:sbus,448
eth:ethertype:ip:udp:ts2,425
eth:ethertype:ip:udp:bfd_echo,399
eth:ethertype:ip:udp:llc:data,397
eth:ethertype:ip:udp:bat:data,351
eth:ethertype:ip:udp:adp,340
eth:ethertype:ip:udp:asap,317
eth:ethertype:ip:udp:hiqnet,261
eth:ethertype:ip:udp:rdt,260
eth:ethertype:ip:udp:knet,250
eth:ethertype:ip:udp:mint,247
eth:ethertype:ip:udp:a21,247
eth:ethertype:ip:udp:iax2:data,244
eth:ethertype:ip:udp:tacacs,231
eth:ethertype:ip:udp:tzsp,230
eth:ethertype:ip:udp:elasticsearch,227
eth:ethertype:ip:udp:ath,226
eth:ethertype:ip:udp:msproxy,225
eth:ethertype:ip:udp:hcrt,224
eth:ethertype:ip:udp:scop:data,217
eth:ethertype:ip:udp:quake2:data,215
eth:ethertype:ip:udp:mikey,203
eth:ethertype:ip:udp:quakeworld:data,200
eth:ethertype:ip:udp:rsip,198
eth:ethertype:ip:udp:raknet,195
eth:ethertype:ip:udp:ax4000,193
eth:ethertype:ip:udp:dof,189
eth:ethertype:ip:udp:gprs-ns,188
eth:ethertype:ip:udp:pn_rt:pn_io,185
eth:ethertype:ip:udp:nxp_802154_sniffer,185
eth:ethertype:ip:udp:papi,173
eth:ethertype:ip:udp:c1222,164
eth:ethertype:ip:udp:sabp:sabp,158
eth:ethertype:ip:udp:uaudp,154
eth:ethertype:ip:udp:wsp,153
eth:ethertype:ip:udp:kdp,152
eth:ethertype:ip:udp:doip,142
eth:ethertype:ip:udp:gprs-ns:bssgp,141
eth:ethertype:ip:udp:kink,133
eth:ethertype:ip:udp:rpc:data,129
eth:ethertype:ip:udp:collectd,122
eth:ethertype:ip:udp:ayiya,121
eth:ethertype:ip:udp:iapp,114
eth:ethertype:ip:udp:cnip,113
eth:ethertype:ip:udp:lisp-data,109
eth:ethertype:ip:udp:asterix,108
eth:ethertype:ip:udp:dmp,107
eth:ethertype:ip:udp:gre:data,106
eth:ethertype:ip:udp:db-lsp-disc,105
eth:ethertype:ip:udp:bat.vis:data,105
eth:ethertype:ip:udp:ecmp,105
eth:ethertype:ip:udp:lwapp:wlan,97
eth:ethertype:ip:udp:mipv6,90
eth:ethertype:ip:udp:sap,90
eth:ethertype:ip:udp:icp,89
eth:ethertype:ip:udp:wlccp,86
eth:ethertype:ip:udp:epl,86
eth:ethertype:ip:udp:amt,85
eth:ethertype:ip:udp:megaco:data,84
eth:ethertype:ip:udp:lisp,84
eth:ethertype:ip:udp:bat.gw:data,83
eth:ethertype:ip:udp:ajns,80
eth:ethertype:ip:udp:nano,77
eth:ethertype:ip:udp:cnip:data,72
eth:ethertype:ip:udp:h248,72
eth:ethertype:ip:udp:tplink-smarthome:json:data-text-lines,71
eth:ethertype:ip:udp:ulp,70
eth:ethertype:ip:udp:h501,69
eth:ethertype:ip:udp:egd,69
eth:ethertype:ip:udp:enrp,69
eth:ethertype:ip:udp:pfcp,68
eth:ethertype:ip:udp:manolito,67
eth:ethertype:ip:udp:sctp,66
eth:ethertype:ip:udp:ecatf:data,66
eth:ethertype:ip:udp:mih,66
eth:ethertype:ip:udp:pktc,65
eth:ethertype:ip:udp:ieee1722:data,64
eth:ethertype:ip:udp:vuze-dht,64
eth:ethertype:ip:udp:ipvs,64
eth:ethertype:ip:udp:gsmtap:data,63
eth:ethertype:ip:udp:teredo:data,62
eth:ethertype:ip:udp:rsvp,62
eth:ethertype:ip:udp:dpnet,61
eth:ethertype:ip:udp:vrt,60
eth:ethertype:ip:udp:tetra,57
eth:ethertype:ip:udp:lwapp:wlan:data,57
eth:ethertype:ip:udp:wtp,55
eth:ethertype:ip:udp:sabp,54
eth:ethertype:ip:udp:wg,53
eth:ethertype:ip:udp:geneve,53
eth:ethertype:ip:udp:egd:data,52
eth:ethertype:ip:udp:idn,50
eth:ethertype:ip:udp:eth:ethertype:data,47
eth:ethertype:ip:udp:vxlan:eth:ethertype:data,45
eth:ethertype:ip:udp:infiniband,44
eth:ethertype:ip:udp:tipc,44
eth:ethertype:ip:udp:opensafety_udp:data,38
eth:ethertype:ip:udp:data:vssmonitoring,38
eth:ethertype:ip:udp:dvb_ipdc:data,37
eth:ethertype:ip:udp:gsmtap,37
eth:ethertype:ip:udp:opensafety:data,34
eth:ethertype:ip:udp:geneve:data,32
eth:ethertype:ip:udp:dcc,31
eth:ethertype:ip:udp:wol,30
eth:ethertype:ip:udp:infiniband:data,27
eth:ethertype:ip:udp:ltp,27
eth:ethertype:ip:udp:goose:cotp,27
eth:ethertype:ip:udp:wisun.eapol_relay:eapol,27
eth:ethertype:ip:udp:lisp:data,26
eth:ethertype:ip:udp:quake3,26
eth:ethertype:ip:udp:gre,26
eth:ethertype:ip:udp:capwap:dtls,25
eth:ethertype:ip:udp:sap:sdp,25
eth:ethertype:ip:udp:eth,20
eth:ethertype:ip:udp:mpls:data,20
eth:ethertype:ip:udp:capwap.data,20
eth:ethertype:ip:udp:lisp-data:ipv6:data,20
eth:ethertype:ip:udp:l2tp:data,20
eth:ethertype:ip:udp:thrift,18
eth:ethertype:ip:udp:ardp,17
eth:ethertype:ip:udp:lisp-data:ip:data,17
eth:ethertype:ip:udp:wisun.eapol_relay,16
eth:ethertype:ip:udp:dlsw,16
eth:ethertype:ip:udp:llc,15
eth:ethertype:ip:udp:stun:data,15
eth:ethertype:ip:udp:nbdgm,14
eth:ethertype:ip:udp:find,14
eth:ethertype:ip:udp:wtp:wsp,14
eth:ethertype:ip:udp:nxp_802154_sniffer:wpan,13
eth:ethertype:ip:udp:pn_rt,13
eth:ethertype:ip:udp:vxlan:eth,13
eth:ethertype:ip:udp:dvb_ipdc:alc:data,13
eth:ethertype:ip:udp:ipx:data,12
eth:ethertype:ip:udp:rtpproxy,12
eth:ethertype:ip:udp:slimp3,12
eth:ethertype:ip:udp:mip,12
eth:ethertype:ip:udp:scop,11
eth:ethertype:ip:udp:ieee1722:iec61883,11
eth:ethertype:ip:udp:mpls,11
eth:ethertype:ip:udp:capwap.data:dtls,11
eth:ethertype:ip:udp:kpasswd,10
eth:ethertype:ip:udp:msmms,10
eth:ethertype:ip:udp:lbtrm,10
eth:ethertype:ip:udp:ecatf:tc_nv,10
eth:ethertype:ip:udp:lmp,10
eth:ethertype:ip:udp:ncp,9
eth:ethertype:ip:udp:ripng,9
eth:ethertype:ip:udp:amt:ip,9
eth:ethertype:ip:udp:auto_rp,9
eth:ethertype:ip:udp:xyplex,9
eth:ethertype:ip:udp:packetbb,9
eth:ethertype:ip:udp:ecatf:ioraw,9
eth:ethertype:ip:udp:sigcomp,8
eth:ethertype:ip:udp:tsp,8
eth:ethertype:ip:udp:dhcpv6,8
eth:ethertype:ip:udp:acdr,8
eth:ethertype:ip:udp:lwres,8
eth:ethertype:ip:udp:sabp:sabp:sabp,8
eth:ethertype:ip:udp:eth:llc:data,7
eth:ethertype:ip:udp:dlep,7
eth:ethertype:ip:udp:lwapp,7
eth:ethertype:ip:udp:quake2,6
eth:ethertype:ip:udp:armagetronad,6
eth:ethertype:ip:udp:rsp,6
eth:ethertype:ip:udp:rx:afs,6
eth:ethertype:ip:udp:mpls:ipv6:data,6
eth:ethertype:ip:udp:actrace,5
eth:ethertype:ip:udp:teredo,5
eth:ethertype:ip:udp:rdpudp:dtls,5
eth:ethertype:ip:udp:who,5
eth:ethertype:ip:udp:enttec,5
eth:ethertype:ip:udp:nxp_802154_sniffer:wpan:data,5
eth:ethertype:ip:udp:tapa,4
eth:ethertype:ip:udp:caneth:data:data,4
eth:ethertype:ip:udp:llc:sna:data,4
eth:ethertype:ip:udp:sip:sigcomp,4
eth:ethertype:ip:udp:quake,4
eth:ethertype:ip:udp:jmirror:ipv6:vines_frp:vines_ip,4
eth:ethertype:ip:udp:quakeworld,3
eth:ethertype:ip:udp:sflow,3
eth:ethertype:ip:udp:mpls:ip,3
eth:ethertype:ip:udp:data:f5ethtrailer,3
eth:ethertype:ip:udp:ecatf,3
eth:ethertype:ip:udp:tzsp:data,3
eth:ethertype:ip:udp:tplink-smarthome:json,3
eth:ethertype:ip:udp:mint:eth:ethertype:data,3
eth:ethertype:ip:udp:ieee1722,2
eth:ethertype:ip:udp:ecatf:ecat_mailbox,2
eth:ethertype:ip:udp:rdpudp:tls,2
eth:ethertype:ip:udp:llc:osi:data,2
eth:ethertype:ip:udp:teredo:ipv6:data,2
eth:ethertype:ip:udp:ptp,2
eth:ethertype:ip:udp:mpls:ip:data,2
eth:ethertype:ip:udp:mpls:pwethheuristic:pwethnocw:eth:ethertype:data,2
eth:ethertype:ip:udp:udpencap,2
eth:ethertype:ip:udp:dcp-etsi:dcp-af,2
eth:ethertype:ip:udp:capwap.data:data,2
eth:ethertype:ip:udp:edonkey,2
eth:ethertype:ip:udp:cnip:lon,2
eth:ethertype:ip:udp:dcp-etsi:dcp-pft,2
eth:ethertype:ip:udp:ipx,2
eth:ethertype:ip:udp:rmcp:ipmi_session,2
eth:ethertype:ip:udp:capwap.data:eth:ethertype:data,2
eth:ethertype:ip:udp:lisp-data:ipv6:ah,2
eth:ethertype:ip:udp:lisp-data:ip,2
eth:ethertype:ip:udp:a11,2
eth:ethertype:ip:udp:mpls:pwethheuristic:pwethcw:eth:ethertype:data,2
eth:ethertype:ip:udp:tipc:data,2
eth:ethertype:ip:udp:ltp:data,1
eth:ethertype:ip:udp:bat.vis,1
eth:ethertype:ip:udp:mpls:ipv6,1
eth:ethertype:ip:udp:jmirror:ipv6,1
eth:ethertype:ip:udp:memcache:vssmonitoring,1
eth:ethertype:ip:udp:bat.gw:ip,1
eth:ethertype:ip:udp:opensafety_udp,1
eth:ethertype:ip:udp:cpfi,1
eth:ethertype:ip:udp:lisp-data:ipv6,1
eth:ethertype:ip:udp:megaco,1
eth:ethertype:ip:udp:oicq,1
eth:ethertype:ip:udp:goose:cotp:goose,1
eth:ethertype:ip:udp:llc:stp,1
eth:ethertype:ip:udp:wccp,1
eth:ethertype:ip:udp:acdr:data,1
eth:ethertype:ip:udp:cups,1
eth:ethertype:ip:udp:adwin,1
eth:ethertype:ip:udp:wimaxasncp,1
eth:ethertype:ip:udp:ayiya:dsr:ipv6.hopopts:ipv6.hopopts,1
eth:ethertype:ip:udp:megaco:h248,1
eth:ethertype:ip:udp:mpls:pwethheuristic:pwethcw:eth,1
eth:ethertype:ip:udp:tpcp,1
eth:ethertype:ip:udp:geneve:macc,1
eth:ethertype:ip:udp:lisp-data:ipv6:esp,1
eth:ethertype:ip:udp:lisp-data:ipv6:nhrp,1
eth:ethertype:ip:udp:capwap.data:eth,1
eth:ethertype:ip:udp:tzsp:eth:ethertype:data,1
eth:ethertype:ip:udp:lisp-data:ipv6:swipe,1
eth:ethertype:ip:udp:lisp-data:ipv6:lwl4,1
eth:ethertype:ip:udp:bundle,1
eth:ethertype:ip:udp:eth:llc,1
eth:ethertype:ip:udp:h225:data,1
