eth:ethertype:ip:udp:data,10702247
eth:ethertype:ip:udp:stun,8402747
eth:ethertype:ip:udp:syslog,5542187
eth:ethertype:ip:udp:dns,3925263
eth:ethertype:ip:udp:ntp,2085563
eth:ethertype:ip:udp:snmp,1894370
eth:ethertype:ip:data,1599670
eth:ethertype:ip:udp:nbns,742155
eth:ethertype:ip:udp:sip,410205
eth:ethertype:ip:udp:cflow,152938
eth:ethertype:ip:udp:ssdp,142427
eth:ethertype:ip:udp:coap,128934
eth:ethertype:ip:udp:mdns,119788
eth:ethertype:ip:udp:cldap,104351
eth:ethertype:ip:udp:sip:xml,101942
eth:ethertype:ip:udp:rpc,95522
eth:ethertype:ip:udp:memcache,89695
eth:ethertype:ip:udp,80915
eth:ethertype:ip:udp:isakmp,79670
eth:ethertype:ip:udp:openvpn,68752
eth:ethertype:ip:udp:portcontrol,62014
eth:ethertype:ip:udp:dtls,58678
eth:ethertype:ip:udp:bvlc:bacnet:bacapp,53468
eth:ethertype:ip:udp:sip:data-text-lines,52663
eth:ethertype:ip:udp:gtp,47562
eth:ethertype:ip:udp:capwap,44227
eth:ethertype:ip:udp:srvloc,38728
eth:ethertype:ip:udp:chargen,33373
eth:ethertype:ip:udp:rip,31276
eth:ethertype:ip:udp:bfd,29862
eth:ethertype:ip:udp:l2tp,28384
eth:ethertype:ip:udp:radius,27880
eth:ethertype:ip:udp:xdmcp,27576
eth:ethertype:ip:udp:rdpudp,25593
eth:ethertype:ip:udp:rmcp:ipmi_session:data,24297
eth:ethertype:ip:udp:udpencap:esp,24027
eth:ethertype:ip:udp:tftp,23626
eth:ethertype:ip:udp:quic:tls,22170
eth:ethertype:ip:udp:gquic,21082
eth:ethertype:ip:udp:kerberos,19299
eth:ethertype:ip:udp:dhcp,17150
eth:ethertype:ip:udp:lwapp:data,16519
eth:ethertype:ip:udp:classicstun,15608
eth:ethertype:ip:udp:gtp:gtpv2,14324
eth:ethertype:ip:udp:quake3,14118
eth:ethertype:ip:udp:echo,13834
eth:ethertype:ip:udp:omron,13605
eth:ethertype:ip:udp:enip,13429
eth:ethertype:ip:udp:nbdgm:smb:browser,11562
eth:ethertype:ip:udp:time,10261
eth:ethertype:ip:udp:daytime,10250
eth:ethertype:ip:udp:ecatf:ecat,10217
eth:ethertype:ip:udp:steam_ihs_discovery,9446
eth:ethertype:ip:udp:udpencap:isakmp,8758
eth:ethertype:ip:udp:mgcp,7541
eth:ethertype:ip:udp:kip,6440
eth:ethertype:ip:udp:hart_ip,5983
eth:ethertype:ip:udp:rtcp,5610
eth:ethertype:ip:udp:quic,5405
eth:ethertype:ip:udp:iax2,4820
eth:ethertype:ip:udp:teredo:ipv6,4240
eth:ethertype:ip:udp:coap:data,3950
eth:ethertype:ip:udp:scop:data,3878
eth:ethertype:ip:udp:rmcp:asf,3535
eth:ethertype:ip:udp:llc:data,2135
eth:ethertype:ip:udp:quake3:data,1741
eth:ethertype:ip:udp:corosync_totemnet:data,1438
eth:ethertype:ip:udp:cipio,1396
eth:ethertype:ip:udp:gtpprime,1350
eth:ethertype:ip:udp:rtps,1204
eth:ethertype:ip:udp:quake:data,1091
eth:ethertype:ip:udp:wsp,1049
eth:ethertype:ip:udp:raknet:raknet,1036
eth:ethertype:ip:udp:dis,1031
eth:ethertype:ip:udp:mipv6,1024
eth:ethertype:ip:udp:wtls,952
eth:ethertype:ip:udp:lisp:data,921
eth:ethertype:ip:udp:mint,817
eth:ethertype:ip:udp:asterix,789
eth:ethertype:ip:udp:sbus,743
eth:ethertype:ip:udp:h225,700
eth:ethertype:ip:udp:msproxy,693
eth:ethertype:ip:udp:radius:eap,691
eth:ethertype:ip:udp:pn_rt:pn_ptcp,660
eth:ethertype:ip:udp:hcrt,623
eth:ethertype:ip:udp:dpnet,619
eth:ethertype:ip:udp:nxp_802154_sniffer:wpan,619
eth:ethertype:ip:udp:ulp,605
eth:ethertype:ip:udp:ssdp:data,591
eth:ethertype:ip:udp:mih,530
eth:ethertype:ip:udp:tzsp,521
eth:ethertype:ip:udp:tzsp:data,517
eth:ethertype:ip:udp:dof,497
eth:ethertype:ip:udp:geneve:data,486
eth:ethertype:ip:udp:ath,483
eth:ethertype:ip:udp:geneve,481
eth:ethertype:ip:udp:wisun.eapol_relay:eapol:data,476
eth:ethertype:ip:udp:opensafety:data,473
eth:ethertype:ip:udp:bat:data,472
eth:ethertype:ip:udp:wtp,466
eth:ethertype:ip:udp:manolito,463
eth:ethertype:ip:udp:cnip,458
eth:ethertype:ip:udp:a21,449
eth:ethertype:ip:udp:kink,435
eth:ethertype:ip:udp:eth:ethertype:data,424
eth:ethertype:ip:udp:mikey,419
eth:ethertype:ip:udp:dvb_ipdc:data,408
eth:ethertype:ip:udp:elasticsearch,405
eth:ethertype:ip:udp:uaudp,403
eth:ethertype:ip:udp:asap,396
eth:ethertype:ip:udp:bat.gw:data,392
eth:ethertype:ip:udp:ieee1722:data,390
eth:ethertype:ip:udp:gre:data,389
eth:ethertype:ip:udp:ecmp,388
eth:ethertype:ip:udp:dmp,388
eth:ethertype:ip:udp:ts2,386
eth:ethertype:ip:udp:enrp,377
eth:ethertype:ip:udp:lwapp:wlan,369
eth:ethertype:ip:udp:quake2:data,368
eth:ethertype:ip:udp:nano,358
eth:ethertype:ip:udp:ajns,348
eth:ethertype:ip:udp:hiqnet,347
eth:ethertype:ip:udp:pfcp,346
eth:ethertype:ip:udp:iax2:data,344
eth:ethertype:ip:udp:amt,340
eth:ethertype:ip:udp:raknet:raknet:raknet,338
eth:ethertype:ip:udp:lisp-data,331
eth:ethertype:ip:udp:h501,315
eth:ethertype:ip:udp:doip,294
eth:ethertype:ip:udp:opensafety_udp:data,287
eth:ethertype:ip:udp:c1222,284
eth:ethertype:ip:udp:teredo:ipv6:icmpv6,281
eth:ethertype:ip:udp:iapp,267
eth:ethertype:ip:udp:pktc,266
eth:ethertype:ip:udp:pktc.mtafqdn,263
eth:ethertype:ip:udp:capwap.data:dtls,260
eth:ethertype:ip:udp:vuze-dht,252
eth:ethertype:ip:udp:egd:data,251
eth:ethertype:ip:udp:ayiya,243
eth:ethertype:ip:udp:mpls:data,243
eth:ethertype:ip:udp:ipvs,241
eth:ethertype:ip:udp:bat.vis:data,241
eth:ethertype:ip:udp:gprs-ns,237
eth:ethertype:ip:udp:wlccp,231
eth:ethertype:ip:udp:db-lsp-disc,230
eth:ethertype:ip:udp:raknet,227
eth:ethertype:ip:udp:collectd,226
eth:ethertype:ip:udp:tipc,225
eth:ethertype:ip:udp:sctp,214
eth:ethertype:ip:udp:bjnp,206
eth:ethertype:ip:udp:teredo:data,202
eth:ethertype:ip:udp:nxp_802154_sniffer,196
eth:ethertype:ip:udp:llmnr,194
eth:ethertype:ip:udp:sabp:sabp,187
eth:ethertype:ip:udp:capwap.data,185
eth:ethertype:ip:udp:rsip,185
eth:ethertype:ip:udp:ardp,182
eth:ethertype:ip:udp:ecatf:data,180
eth:ethertype:ip:udp:sap,179
eth:ethertype:ip:udp:vrt,167
eth:ethertype:ip:udp:who,160
eth:ethertype:ip:udp:gprs-ns:bssgp,156
eth:ethertype:ip:udp:rsvp,142
eth:ethertype:ip:udp:megaco:data,136
eth:ethertype:ip:udp:tetra,129
eth:ethertype:ip:udp:ecatf:tc_nv,128
eth:ethertype:ip:udp:tplink-smarthome:json:data-text-lines,126
eth:ethertype:ip:udp:pn_rt:pn_io,121
eth:ethertype:ip:udp:h248,121
eth:ethertype:ip:udp:adp,121
eth:ethertype:ip:udp:wg,114
eth:ethertype:ip:udp:rdt,102
eth:ethertype:ip:udp:sabp,102
eth:ethertype:ip:udp:idn,102
eth:ethertype:ip:udp:nbdgm:smb:data,96
eth:ethertype:ip:udp:kdp,92
eth:ethertype:ip:udp:lisp-data:ip:data,87
eth:ethertype:ip:udp:lisp-data:ipv6:data,84
eth:ethertype:ip:udp:icp,83
eth:ethertype:ip:udp:bfd_echo,81
eth:ethertype:ip:udp:ax4000,81
eth:ethertype:ip:udp:enttec,79
eth:ethertype:ip:udp:mpls:pwethheuristic:pwethcw:eth:ethertype:data,67
eth:ethertype:ip:udp:gsmtap:data,67
eth:ethertype:ip:udp:mpls:ipv6:data,65
eth:ethertype:ip:udp:quakeworld:data,63
eth:ethertype:ip:udp:knet,62
eth:ethertype:ip:udp:stun:data,62
eth:ethertype:ip:udp:dcc,60
eth:ethertype:ip:udp:vxlan:eth:ethertype:data,58
eth:ethertype:ip:udp:capwap:dtls,58
eth:ethertype:ip:udp:mpls:ip:data,55
eth:ethertype:ip:udp:lwapp:wlan:data,54
eth:ethertype:ip:udp:vxlan:eth:llc:data,52
eth:ethertype:ip:udp:capwap.data:data,51
eth:ethertype:ip:udp:jmirror:ipv6:data,50
eth:ethertype:ip:udp:infiniband,49
eth:ethertype:ip:udp:lisp-data:ip,46
eth:ethertype:ip:udp:infiniband:data,44
eth:ethertype:ip:udp:wtp:wsp,44
eth:ethertype:ip:udp:mpls:ipv6:ipv6.hopopts,42
eth:ethertype:ip:udp:egd,41
eth:ethertype:ip:udp:lisp,35
eth:ethertype:ip:udp:gre,34
eth:ethertype:ip:udp:goose:cotp,30
eth:ethertype:ip:udp:gsmtap,30
eth:ethertype:ip:udp:sip:sdp,30
eth:ethertype:ip:udp:eth,29
eth:ethertype:ip:udp:thrift,29
eth:ethertype:ip:udp:tacacs,28
eth:ethertype:ip:udp:lwres,28
eth:ethertype:ip:udp:cnip:data,27
eth:ethertype:ip:udp:wol,27
eth:ethertype:ip:udp:mpls:ip,26
eth:ethertype:ip:udp:sip:data-text-lines:xml,22
eth:ethertype:ip:udp:ltp,20
eth:ethertype:ip:udp:dvb_ipdc:alc:data,19
eth:ethertype:ip:udp:capwap.data:eth:ethertype:data,18
eth:ethertype:ip:udp:l2tp:data,18
eth:ethertype:ip:udp:quake2,16
eth:ethertype:ip:udp:rdpudp:tls,15
eth:ethertype:ip:udp:nxp_802154_sniffer:wpan:data,14
eth:ethertype:ip:udp:data:vssmonitoring,14
eth:ethertype:ip:udp:pn_rt,14
eth:ethertype:ip:udp:vxlan:eth,14
eth:ethertype:ip:udp:rdpudp:dtls,13
eth:ethertype:ip:udp:rx:afs,13
eth:ethertype:ip:udp:rx,13
eth:ethertype:ip:udp:dcp-etsi:dcp-af,12
eth:ethertype:ip:udp:wisun.eapol_relay,11
eth:ethertype:ip:udp:auto_rp,11
eth:ethertype:ip:udp:scop,11
eth:ethertype:ip:udp:sabp:sabp:sabp,10
eth:ethertype:ip:udp:llc,10
eth:ethertype:ip:udp:sap:sdp,10
eth:ethertype:ip:udp:nbdgm,9
eth:ethertype:ip:udp:dhcpv6,9
eth:ethertype:ip:udp:lwapp,9
eth:ethertype:ip:udp:mpls:pwethheuristic:pwethnocw:eth:ethertype:data,9
eth:ethertype:ip:udp:dcp-etsi:dcp-pft,9
eth:ethertype:ip:udp:slimp3,9
eth:ethertype:ip:udp:ecatf:ioraw,9
eth:ethertype:ip:udp:mpls,9
eth:ethertype:ip:udp:find,8
eth:ethertype:ip:udp:dlep,7
eth:ethertype:ip:udp:cups,7
eth:ethertype:ip:udp:rtpproxy,7
eth:ethertype:ip:udp:armagetronad,7
eth:ethertype:ip:udp:tapa,7
eth:ethertype:ip:udp:ecatf,7
eth:ethertype:ip:udp:ncp,7
eth:ethertype:ip:udp:ieee1722:iec61883,7
eth:ethertype:ip:udp:bat.vis,7
eth:ethertype:ip:udp:kpasswd,6
eth:ethertype:ip:udp:wisun.eapol_relay:eapol,6
eth:ethertype:ip:udp:rsp,6
eth:ethertype:ip:udp:sigcomp,6
eth:ethertype:ip:udp:ipx,6
eth:ethertype:ip:udp:amt:ip,6
eth:ethertype:ip:udp:lisp-data:ipv6,6
eth:ethertype:ip:udp:jmirror:ip:data,6
eth:ethertype:ip:udp:ripng,6
eth:ethertype:ip:udp:mndp,5
eth:ethertype:ip:udp:sip:sigcomp,5
eth:ethertype:ip:udp:xyplex,5
eth:ethertype:ip:udp:lisp-data:ipv6:vrrp,5
eth:ethertype:ip:udp:lisp-data:ipv6:etherip:eth:llc,5
eth:ethertype:ip:udp:msmms,5
eth:ethertype:ip:udp:quake,5
eth:ethertype:ip:udp:dvb_ipdc:alc:rmt-lct,4
eth:ethertype:ip:udp:ltp:data,4
eth:ethertype:ip:udp:mip,4
eth:ethertype:ip:udp:lbtrm,4
eth:ethertype:ip:udp:ddtp,4
eth:ethertype:ip:udp:llc:sna:data,4
eth:ethertype:ip:udp:actrace,4
eth:ethertype:ip:udp:jmirror:ipv6:dsr:data,4
eth:ethertype:ip:udp:acdr,4
eth:ethertype:ip:udp:quakeworld,3
eth:ethertype:ip:udp:ieee1722,3
eth:ethertype:ip:udp:packetbb,3
eth:ethertype:ip:udp:mpls:pwethheuristic:pwethcw:eth:llc:data,3
eth:ethertype:ip:udp:icq,3
eth:ethertype:ip:udp:lmp,3
eth:ethertype:ip:udp:lisp-data:ipv6:dsr,3
eth:ethertype:ip:udp:lisp-data:ipv6:osi:data,3
eth:ethertype:ip:udp:lisp-data:ipv6:ipcomp:data,3
eth:ethertype:ip:udp:lisp-data:ipv6:vines_frp:vines_ip:data,3
eth:ethertype:ip:udp:lisp-data:ipv6:ospf,3
eth:ethertype:ip:udp:mint:eth:ethertype:data,3
eth:ethertype:ip:udp:l2tp:ppp:data,3
eth:ethertype:ip:udp:jmirror:ipv6:l2tp:data,3
eth:ethertype:ip:udp:jmirror:ipv6:esp,3
eth:ethertype:ip:udp:mpls:ipv6,2
eth:ethertype:ip:udp:olsr,2
eth:ethertype:ip:udp:capwap:data,2
eth:ethertype:ip:udp:ieee1722:aaf,2
eth:ethertype:ip:udp:teredo,2
eth:ethertype:ip:udp:tsp,2
eth:ethertype:ip:udp:mpls:ipv6:pgm,2
eth:ethertype:ip:udp:acdr:data,2
eth:ethertype:ip:udp:mpls-echo,2
eth:ethertype:ip:udp:dtls:x509sat:x509sat:x509sat:x509sat,2
eth:ethertype:ip:udp:lisp-data:ipv6:lwl4,2
eth:ethertype:ip:udp:lisp-data:ipv6:esp,2
eth:ethertype:ip:udp:tpcp,2
eth:ethertype:ip:udp:jmirror:ipv6,2
eth:ethertype:ip:udp:jmirror:ipv6:eigrp,2
eth:ethertype:ip:udp:jmirror:ipv6:etherip:eth:llc,2
eth:ethertype:ip:udp:wccp,2
eth:ethertype:ip:udp:ipx:data,2
eth:ethertype:ip:udp:opensafety_udp,2
eth:ethertype:ip:udp:teredo:ipv6:data,2
eth:ethertype:ip:udp:edonkey,2
eth:ethertype:ip:udp:uftp:uftp5,2
eth:ethertype:ip:udp:lisp-data:ipv6:eigrp,2
eth:ethertype:ip:udp:jmirror:ipv6:ipcomp:data,2
eth:ethertype:ip:udp:eth:llc:data,2
eth:ethertype:ip:udp:sflow,1
eth:ethertype:ip:udp:megaco:h248,1
eth:ethertype:ip:udp:mpls:pwethheuristic:pwethcw:eth,1
eth:ethertype:ip:udp:mpls:ipv6:vines_frp:vines_ip:data,1
eth:ethertype:ip:udp:mpls:ipv6:gre,1
eth:ethertype:ip:udp:cpfi,1
eth:ethertype:ip:udp:goose:cotp:goose,1
eth:ethertype:ip:udp:lisp-data:ipv6:ipv6.routing,1
eth:ethertype:ip:udp:lisp-data:ipv6:gre,1
eth:ethertype:ip:udp:lisp-data:ipv6:pim,1
eth:ethertype:ip:udp:lisp-data:ipv6:swipe:data,1
eth:ethertype:ip:udp:ptp,1
eth:ethertype:ip:udp:e100:eth,1
eth:ethertype:ip:udp:epl,1
eth:ethertype:ip:udp:adwin,1
eth:ethertype:ip:udp:rdpudp:data,1
eth:ethertype:ip:udp:capwap.data:eth:llc:data,1
eth:ethertype:ip:udp:megaco,1
eth:ethertype:ip:udp:mpls:ipv6:lwl4,1
eth:ethertype:ip:udp:mpls:ipv6:l2tp:data,1
eth:ethertype:ip:udp:papi,1
eth:ethertype:ip:udp:jmirror:ipv6:vrrp,1
eth:ethertype:ip:udp:jmirror:ipv6:ospf,1
eth:ethertype:ip:udp:mpls:ipv6:ah,1
eth:ethertype:ip:udp:mpls:ipv6:nhrp,1
eth:ethertype:ip:udp:mpls:ipv6:etherip:eth:ethertype:data,1
eth:ethertype:ip:udp:lisp-data:ipv6:nhrp,1
eth:ethertype:ip:udp:lisp-data:ipv6:ah,1
eth:ethertype:ip:udp:mpls:pwach:data,1
eth:ethertype:ip:udp:nbdgm:smb:smb_netlogon,1
eth:ethertype:ip:udp:tplink-smarthome:json,1
eth:ethertype:ip:udp:ayiya:swipe,1
eth:ethertype:ip:udp:mdns:vssmonitoring,1
eth:ethertype:ip:udp:ldp,1
eth:ethertype:ip:udp:teredo:ipv6:igrp,1
eth:ethertype:ip:udp:snmp:data,1
eth:ethertype:ip:udp:cnip:lon,1
eth:ethertype:ip:udp:lisp-data:ipv6:dsr:data,1
eth:ethertype:ip:udp:lisp-data:ipv6:gre:data,1
eth:ethertype:ip:udp:lisp-data:ipv6:l2tp:data,1
eth:ethertype:ip:udp:lisp-data:ipv6:swipe,1
eth:ethertype:ip:udp:llc:ip,1
eth:ethertype:ip:udp:a11,1
eth:ethertype:ip:udp:uftp:uftp4,1
eth:ethertype:ip:udp:jmirror:ipv6:lwl4,1
eth:ethertype:ip:udp:jmirror:ipv6:gre:data,1
eth:ethertype:ip:udp:wimaxasncp,1
eth:ethertype:ip:udp:pathport,1
eth:ethertype:ip:udp:vxlan,1
eth:ethertype:ip:udp:llc:osi:data,1
eth:ethertype:ip:udp:ayiya:dsr:ipv6.hopopts:ipv6.hopopts,1
eth:ethertype:ip:udp:ieee1722:cvf:data,1
eth:ethertype:ip:udp:caneth:data:data,1
eth:ethertype:ip:udp:ip,1
