eth:ethertype:ip:udp:stun,12070715
eth:ethertype:ip:udp:data,9248070
eth:ethertype:ip:udp:dns,3565309
eth:ethertype:ip:udp:syslog,2769080
eth:ethertype:ip:udp:ntp,2195712
eth:ethertype:ip:udp:snmp,1425533
eth:ethertype:ip:data,1158072
eth:ethertype:ip:udp:nbns,524256
eth:ethertype:ip:udp:sip,356115
eth:ethertype:ip:udp:coap,183500
eth:ethertype:ip:udp:cflow,182178
eth:ethertype:ip:udp:ssdp,135747
eth:ethertype:ip:udp:cldap,133001
eth:ethertype:ip:udp:openvpn,115291
eth:ethertype:ip:udp:sip:xml,102145
eth:ethertype:ip:udp:mdns,79745
eth:ethertype:ip:udp:dhcp,79381
eth:ethertype:ip:udp:memcache,65754
eth:ethertype:ip:udp:rpc,64182
eth:ethertype:ip:udp:portcontrol,61430
eth:ethertype:ip:udp:isakmp,57840
eth:ethertype:ip:udp:dtls,55428
eth:ethertype:ip:udp:sip:data-text-lines,52873
eth:ethertype:ip:udp,45127
eth:ethertype:ip:udp:capwap,43416
eth:ethertype:ip:udp:bvlc:bacnet:bacapp,40330
eth:ethertype:ip:udp:srvloc,37215
eth:ethertype:ip:udp:gtp,37153
eth:ethertype:ip:udp:l2tp,36593
eth:ethertype:ip:udp:rdpudp,26492
eth:ethertype:ip:udp:chargen,25948
eth:ethertype:ip:udp:udpencap:esp,25818
eth:ethertype:ip:udp:rmcp:ipmi_session:data,22811
eth:ethertype:ip:udp:quake3,20790
eth:ethertype:ip:udp:gquic,20546
eth:ethertype:ip:udp:xdmcp,19872
eth:ethertype:ip:udp:kerberos,19703
eth:ethertype:ip:udp:quic:tls,19103
eth:ethertype:ip:udp:lwapp:data,17285
eth:ethertype:ip:udp:radius,15720
eth:ethertype:ip:udp:gtp:gtpv2,13931
eth:ethertype:ip:udp:classicstun,13670
eth:ethertype:ip:udp:enip,12826
eth:ethertype:ip:udp:omron,12299
eth:ethertype:ip:udp:rip,12049
eth:ethertype:ip:udp:echo,12027
eth:ethertype:ip:udp:tftp,10596
eth:ethertype:ip:udp:rpc:data,10503
eth:ethertype:ip:udp:daytime,10479
eth:ethertype:ip:udp:time,10420
eth:ethertype:ip:udp:bfd,10330
eth:ethertype:ip:udp:ecatf:ecat,10218
eth:ethertype:ip:udp:caneth:data:data,10210
eth:ethertype:ip:udp:quic,8294
eth:ethertype:ip:udp:steam_ihs_discovery,7987
eth:ethertype:ip:udp:nbdgm:smb:browser,7397
eth:ethertype:ip:udp:udpencap:isakmp,6887
eth:ethertype:ip:udp:kip,6476
eth:ethertype:ip:udp:rtcp,6251
eth:ethertype:ip:udp:hart_ip,5178
eth:ethertype:ip:udp:teredo:ipv6,4377
eth:ethertype:ip:udp:mgcp,3901
eth:ethertype:ip:udp:coap:data,3766
eth:ethertype:ip:udp:rmcp:asf,3435
eth:ethertype:ip:udp:llmnr,2682
eth:ethertype:ip:udp:stun:data,2110
eth:ethertype:ip:udp:asterix,1598
eth:ethertype:ip:udp:gtpprime,1523
eth:ethertype:ip:udp:llc:data,1460
eth:ethertype:ip:udp:rtps,1443
eth:ethertype:ip:udp:quake3:data,1406
eth:ethertype:ip:udp:dis,1263
eth:ethertype:ip:udp:raknet:raknet,1175
eth:ethertype:ip:udp:wisun.eapol_relay:eapol:data,1154
eth:ethertype:ip:udp:radius:eap,1152
eth:ethertype:ip:udp:cipio,1084
eth:ethertype:ip:udp:wtls,926
eth:ethertype:ip:udp:mint,910
eth:ethertype:ip:udp:dof,700
eth:ethertype:ip:udp:iapp,694
eth:ethertype:ip:udp:uaudp,677
eth:ethertype:ip:udp:rsvp,650
eth:ethertype:ip:udp:gprs-ns,631
eth:ethertype:ip:udp:ssdp:data,602
eth:ethertype:ip:udp:kink,597
eth:ethertype:ip:udp:hiqnet,587
eth:ethertype:ip:udp:mikey,583
eth:ethertype:ip:udp:nano,573
eth:ethertype:ip:udp:icp,568
eth:ethertype:ip:udp:bat:data,568
eth:ethertype:ip:udp:pktc,548
eth:ethertype:ip:udp:bfd_echo,547
eth:ethertype:ip:udp:ulp,547
eth:ethertype:ip:udp:quakeworld:data,546
eth:ethertype:ip:udp:corosync_totemnet:data,535
eth:ethertype:ip:udp:pktc.mtafqdn,507
eth:ethertype:ip:udp:ecatf:data,501
eth:ethertype:ip:udp:pn_rt:pn_ptcp,486
eth:ethertype:ip:udp:rx,482
eth:ethertype:ip:udp:wsp,479
eth:ethertype:ip:udp:dpnet,461
eth:ethertype:ip:udp:cnip,451
eth:ethertype:ip:udp:doip,440
eth:ethertype:ip:udp:wlccp,414
eth:ethertype:ip:udp:bat.gw:data,404
eth:ethertype:ip:udp:sctp,403
eth:ethertype:ip:udp:elasticsearch,392
eth:ethertype:ip:udp:tzsp,387
eth:ethertype:ip:udp:iax2,386
eth:ethertype:ip:udp:opensafety_udp:data,383
eth:ethertype:ip:udp:knet,383
eth:ethertype:ip:udp:enttec,379
eth:ethertype:ip:udp:c1222,372
eth:ethertype:ip:udp:ath,372
eth:ethertype:ip:udp:h501,371
eth:ethertype:ip:udp:dmp,340
eth:ethertype:ip:udp:scop:data,338
eth:ethertype:ip:udp:ax4000,325
eth:ethertype:ip:udp:asap,320
eth:ethertype:ip:udp:a21,317
eth:ethertype:ip:udp:ardp,301
eth:ethertype:ip:udp:ipvs,300
eth:ethertype:ip:udp:sabp:sabp,300
eth:ethertype:ip:udp:mih,299
eth:ethertype:ip:udp:h225,298
eth:ethertype:ip:udp:vrt,294
eth:ethertype:ip:udp:gprs-ns:bssgp,294
eth:ethertype:ip:udp:wg,293
eth:ethertype:ip:udp:infiniband:data,288
eth:ethertype:ip:udp:mipv6,281
eth:ethertype:ip:udp:msproxy,278
eth:ethertype:ip:udp:hcrt,271
eth:ethertype:ip:udp:mndp,270
eth:ethertype:ip:udp:enrp,253
eth:ethertype:ip:udp:ajns,250
eth:ethertype:ip:udp:idn,249
eth:ethertype:ip:udp:adp,248
eth:ethertype:ip:udp:ts2,238
eth:ethertype:ip:udp:dvb_ipdc:data,231
eth:ethertype:ip:udp:vuze-dht,226
eth:ethertype:ip:udp:manolito,226
eth:ethertype:ip:udp:teredo:data,222
eth:ethertype:ip:udp:lisp:data,218
eth:ethertype:ip:udp:opensafety:data,218
eth:ethertype:ip:udp:bat.vis:data,217
eth:ethertype:ip:udp:capwap.data,217
eth:ethertype:ip:udp:tplink-smarthome:json:data-text-lines,215
eth:ethertype:ip:udp:egd:data,214
eth:ethertype:ip:udp:quake:data,208
eth:ethertype:ip:udp:tacacs,190
eth:ethertype:ip:udp:geneve:data,190
eth:ethertype:ip:udp:wtp,189
eth:ethertype:ip:udp:tetra,177
eth:ethertype:ip:udp:gre:data,172
eth:ethertype:ip:udp:gsmtap:data,168
eth:ethertype:ip:udp:pfcp,152
eth:ethertype:ip:udp:lwapp:wlan,134
eth:ethertype:ip:udp:iax2:data,128
eth:ethertype:ip:udp:sbus,124
eth:ethertype:ip:udp:vxlan:eth:llc:data,122
eth:ethertype:ip:udp:pn_rt:pn_io,120
eth:ethertype:ip:udp:ecmp,120
eth:ethertype:ip:udp:mpls:data,112
eth:ethertype:ip:udp:infiniband,112
eth:ethertype:ip:udp:bjnp,111
eth:ethertype:ip:udp:eth:ethertype:data,108
eth:ethertype:ip:udp:collectd,105
eth:ethertype:ip:udp:db-lsp-disc,99
eth:ethertype:ip:udp:capwap.data:eth:ethertype:data,99
eth:ethertype:ip:udp:ieee1722:data,95
eth:ethertype:ip:udp:amt,93
eth:ethertype:ip:udp:vxlan:eth:ethertype:data,90
eth:ethertype:ip:udp:sabp,89
eth:ethertype:ip:udp:rsip,84
eth:ethertype:ip:udp:kdp,82
eth:ethertype:ip:udp:sap,82
eth:ethertype:ip:udp:gre,71
eth:ethertype:ip:udp:tipc,70
eth:ethertype:ip:udp:lisp-data,69
eth:ethertype:ip:udp:ayiya,61
eth:ethertype:ip:udp:megaco:data,61
eth:ethertype:ip:udp:rdt,60
eth:ethertype:ip:udp:raknet:raknet:raknet,59
eth:ethertype:ip:udp:quake2:data,55
eth:ethertype:ip:udp:raknet,53
eth:ethertype:ip:udp:dcc,53
eth:ethertype:ip:udp:h248,43
eth:ethertype:ip:udp:lwapp:wlan:data,43
eth:ethertype:ip:udp:geneve,37
eth:ethertype:ip:udp:jmirror:ipv6:data,37
eth:ethertype:ip:udp:capwap.data:dtls,33
eth:ethertype:ip:udp:lisp,32
eth:ethertype:ip:udp:mpls:pwethheuristic:pwethcw:eth:ethertype:data,29
eth:ethertype:ip:udp:nxp_802154_sniffer:wpan,27
eth:ethertype:ip:udp:llc,25
eth:ethertype:ip:udp:wtp:wsp,25
eth:ethertype:ip:udp:nxp_802154_sniffer,24
eth:ethertype:ip:udp:data:vssmonitoring,23
eth:ethertype:ip:udp:slimp3,22
eth:ethertype:ip:udp:wisun.eapol_relay,22
eth:ethertype:ip:udp:sip:data-text-lines:xml,22
eth:ethertype:ip:udp:cnip:data,19
eth:ethertype:ip:udp:gsmtap,17
eth:ethertype:ip:udp:egd,17
eth:ethertype:ip:udp:goose:cotp,17
eth:ethertype:ip:udp:capwap:dtls,17
eth:ethertype:ip:udp:dhcpv6,17
eth:ethertype:ip:udp:mpls:ip:data,17
eth:ethertype:ip:udp:lwres,15
eth:ethertype:ip:udp:thrift,15
eth:ethertype:ip:udp:lmp,15
eth:ethertype:ip:udp:mpls:ipv6:data,15
eth:ethertype:ip:udp:sabp:sabp:sabp,15
eth:ethertype:ip:udp:quake2,14
eth:ethertype:ip:udp:vxlan:eth,14
eth:ethertype:ip:udp:ltp,14
eth:ethertype:ip:udp:ecatf:tc_nv,13
eth:ethertype:ip:udp:ripng,13
eth:ethertype:ip:udp:xyplex,11
eth:ethertype:ip:udp:ecatf:ioraw,11
eth:ethertype:ip:udp:pn_rt,11
eth:ethertype:ip:udp:sigcomp,10
eth:ethertype:ip:udp:sip:sigcomp,10
eth:ethertype:ip:udp:packetbb,9
eth:ethertype:ip:udp:l2tp:data,9
eth:ethertype:ip:udp:rsp,9
eth:ethertype:ip:udp:mpls:pwach:data,9
eth:ethertype:ip:udp:mpls:ipv6:ipv6.hopopts,9
eth:ethertype:ip:udp:tapa,8
eth:ethertype:ip:udp:who,8
eth:ethertype:ip:udp:lbtrm,8
eth:ethertype:ip:udp:mip,8
eth:ethertype:ip:udp:data:f5ethtrailer,8
eth:ethertype:ip:udp:rdpudp:dtls,8
eth:ethertype:ip:udp:rx:afs,8
eth:ethertype:ip:udp:ipx,7
eth:ethertype:ip:udp:scop,7
eth:ethertype:ip:udp:nbdgm,7
eth:ethertype:ip:udp:mpls:ip,7
eth:ethertype:ip:udp:auto_rp,7
eth:ethertype:ip:udp:lisp-data:ipv6,7
eth:ethertype:ip:udp:ieee1722:iec61883,7
eth:ethertype:ip:udp:mpls,7
eth:ethertype:ip:udp:dcp-etsi:dcp-af,6
eth:ethertype:ip:udp:find,6
eth:ethertype:ip:udp:dvb_ipdc:alc:data,6
eth:ethertype:ip:udp:acdr,6
eth:ethertype:ip:udp:dcp-etsi:dcp-pft,6
eth:ethertype:ip:udp:eth,6
eth:ethertype:ip:udp:tzsp:data,6
eth:ethertype:ip:udp:pathport,6
eth:ethertype:ip:udp:ncp,5
eth:ethertype:ip:udp:nxp_802154_sniffer:wpan:data,5
eth:ethertype:ip:udp:dlep,5
eth:ethertype:ip:udp:rtpproxy,5
eth:ethertype:ip:udp:ip,5
eth:ethertype:ip:udp:quakeworld,5
eth:ethertype:ip:udp:mint:eth:ethertype:data,4
eth:ethertype:ip:udp:ipx:data,4
eth:ethertype:ip:udp:ieee1722,4
eth:ethertype:ip:udp:amt:ip,4
eth:ethertype:ip:udp:ptp,4
eth:ethertype:ip:udp:tpcp,4
eth:ethertype:ip:udp:wisun.eapol_relay:eapol,4
eth:ethertype:ip:udp:ecatf:ams,4
eth:ethertype:ip:udp:teredo,4
eth:ethertype:ip:udp:dvb_ipdc:alc:rmt-lct,4
eth:ethertype:ip:udp:kpasswd,4
eth:ethertype:ip:udp:cups,4
eth:ethertype:ip:udp:msmms,3
eth:ethertype:ip:udp:opensafety_udp,3
eth:ethertype:ip:udp:olsr,3
eth:ethertype:ip:udp:ecatf:ecat_mailbox,3
eth:ethertype:ip:udp:cpfi,3
eth:ethertype:ip:udp:lwapp,3
eth:ethertype:ip:udp:megaco,3
eth:ethertype:ip:udp:jmirror:ipv6:vrrp,3
eth:ethertype:ip:udp:tsp,3
eth:ethertype:ip:udp:mpls:pwethheuristic:pwethnocw:eth:ethertype:data,3
eth:ethertype:ip:udp:bat.vis,2
eth:ethertype:ip:udp:cnip:lon,2
eth:ethertype:ip:udp:armagetronad,2
eth:ethertype:ip:udp:dlsw,2
eth:ethertype:ip:udp:tipc:data,2
eth:ethertype:ip:udp:ddtp,2
eth:ethertype:ip:udp:sap:sdp,2
eth:ethertype:ip:udp:epl,2
eth:ethertype:ip:udp:lisp-data:ip,2
eth:ethertype:ip:udp:a11,2
eth:ethertype:ip:udp:llc:sna:data,2
eth:ethertype:ip:udp:mpls:ipv6:etherip:eth:llc:data,2
eth:ethertype:ip:udp:llc:x25:data,1
eth:ethertype:ip:udp:ecatf,1
eth:ethertype:ip:udp:mpls:ipv6,1
eth:ethertype:ip:udp:edonkey,1
eth:ethertype:ip:udp:teredo:ipv6:icmpv6,1
eth:ethertype:ip:udp:wsp:media,1
eth:ethertype:ip:udp:mpls:pwethheuristic:pwethcw:eth,1
eth:ethertype:ip:udp:vxlan,1
eth:ethertype:ip:udp:acdr:data,1
eth:ethertype:ip:udp:lisp-data:ipv6:etherip:eth:llc,1
eth:ethertype:ip:udp:lisp-data:ipv6:esp,1
eth:ethertype:ip:udp:lisp-data:ip:data,1
eth:ethertype:ip:udp:oicq,1
eth:ethertype:ip:udp:ieee1722:cvf:data,1
eth:ethertype:ip:udp:l2tp:ppp:data,1
eth:ethertype:ip:udp:jmirror:ipv6:etherip:eth:llc,1
eth:ethertype:ip:udp:jmirror:ipv6:dsr,1
eth:ethertype:ip:udp:jmirror:ipv6:lwl4,1
eth:ethertype:ip:udp:jmirror:ipv6,1
eth:ethertype:ip:udp:jmirror:ipv6:osi:data,1
eth:ethertype:ip:udp:jmirror:ipv6:nhrp,1
eth:ethertype:ip:udp:jmirror:ip:data,1
eth:ethertype:ip:udp:jmirror:ipv6:swipe:data,1
eth:ethertype:ip:udp:jmirror:ipv6:ipv6.routing:data,1
eth:ethertype:ip:udp:jmirror:ipv6:ospf,1
eth:ethertype:ip:udp:ayiya:dsr:ipv6.hopopts:ipv6.hopopts,1
eth:ethertype:ip:udp:teredo:ipv6:data,1
eth:ethertype:ip:udp:mpls:ipv6:esp,1
eth:ethertype:ip:udp:mpls:ipv6:swipe,1
eth:ethertype:ip:udp:mpls:ipv6:nhrp,1
eth:ethertype:ip:udp:mpls:ipv6:gre:data,1
eth:ethertype:ip:udp:capwap.data:eth,1
eth:ethertype:ip:udp:scop:wpan,1
eth:ethertype:ip:udp:gsmtap:rrc,1
eth:ethertype:ip:udp:ltp:data,1
