eth:ethertype:ip:udp:stun,14233682
eth:ethertype:ip:udp:data,8672714
eth:ethertype:ip:udp:syslog,5015205
eth:ethertype:ip:udp:dns,4145108
eth:ethertype:ip:udp:snmp,2371422
eth:ethertype:ip:udp:ntp,2050627
eth:ethertype:ip:data,1217324
eth:ethertype:ip:udp:nbns,628762
eth:ethertype:ip:udp:sip,501046
eth:ethertype:ip:udp:coap,179811
eth:ethertype:ip:udp:cflow,159066
eth:ethertype:ip:udp:cldap,135703
eth:ethertype:ip:udp:rpc,135149
eth:ethertype:ip:udp:mdns,104039
eth:ethertype:ip:udp:isakmp,103917
eth:ethertype:ip:udp:sip:xml,101941
eth:ethertype:ip:udp:ssdp,89764
eth:ethertype:ip:udp:portcontrol,78182
eth:ethertype:ip:udp:memcache,76356
eth:ethertype:ip:udp:dtls,71614
eth:ethertype:ip:udp:openvpn,68917
eth:ethertype:ip:udp,56592
eth:ethertype:ip:udp:sip:data-text-lines,52696
eth:ethertype:ip:udp:capwap,43158
eth:ethertype:ip:udp:dhcp,43097
eth:ethertype:ip:udp:chargen,40803
eth:ethertype:ip:udp:rip,37125
eth:ethertype:ip:udp:gtp,36291
eth:ethertype:ip:udp:srvloc,35855
eth:ethertype:ip:udp:l2tp,35265
eth:ethertype:ip:udp:bvlc:bacnet:bacapp,34604
eth:ethertype:ip:udp:rmcp:ipmi_session:data,27364
eth:ethertype:ip:udp:rdpudp,27056
eth:ethertype:ip:udp:tftp,25486
eth:ethertype:ip:udp:quic:tls,25215
eth:ethertype:ip:udp:xdmcp,24817
eth:ethertype:ip:udp:radius,23792
eth:ethertype:ip:udp:udpencap:esp,21031
eth:ethertype:ip:udp:daytime,20893
eth:ethertype:ip:udp:gquic,20455
eth:ethertype:ip:udp:kerberos,17404
eth:ethertype:ip:udp:lwapp:data,17226
eth:ethertype:ip:udp:hart_ip,16026
eth:ethertype:ip:udp:rtcp,14729
eth:ethertype:ip:udp:classicstun,14423
eth:ethertype:ip:udp:echo,14043
eth:ethertype:ip:udp:omron,13752
eth:ethertype:ip:udp:enip,12856
eth:ethertype:ip:udp:nbdgm:smb:browser,11448
eth:ethertype:ip:udp:gtp:gtpv2,11292
eth:ethertype:ip:udp:bfd,11263
eth:ethertype:ip:udp:time,10358
eth:ethertype:ip:udp:quake3,10322
eth:ethertype:ip:udp:coap:cbor,10223
eth:ethertype:ip:udp:ecatf:ecat,10001
eth:ethertype:ip:udp:steam_ihs_discovery,9825
eth:ethertype:ip:udp:quic,9484
eth:ethertype:ip:udp:udpencap:isakmp,8748
eth:ethertype:ip:udp:quake3:data,5433
eth:ethertype:ip:udp:iax2,4535
eth:ethertype:ip:udp:raknet:raknet,4307
eth:ethertype:ip:udp:kip,4181
eth:ethertype:ip:udp:mgcp,3367
eth:ethertype:ip:udp:teredo:ipv6,2937
eth:ethertype:ip:udp:wisun.eapol_relay:eapol:data,2815
eth:ethertype:ip:udp:wsp,2280
eth:ethertype:ip:udp:cipio,1866
eth:ethertype:ip:udp:rmcp:asf,1647
eth:ethertype:ip:udp:coap:data,1616
eth:ethertype:ip:udp:wtls,1469
eth:ethertype:ip:udp:gtpprime,1361
eth:ethertype:ip:udp:bjnp,1338
eth:ethertype:ip:udp:vuze-dht,1227
eth:ethertype:ip:udp:uaudp,1113
eth:ethertype:ip:udp:rtps,1068
eth:ethertype:ip:udp:dis,1064
eth:ethertype:ip:udp:icp,1059
eth:ethertype:ip:udp:asterix,1015
eth:ethertype:ip:udp:teredo:ipv6:icmpv6,947
eth:ethertype:ip:udp:mint,902
eth:ethertype:ip:udp:cnip,885
eth:ethertype:ip:udp:pn_rt:pn_ptcp,877
eth:ethertype:ip:udp:llc:data,870
eth:ethertype:ip:udp:ath,868
eth:ethertype:ip:udp:wtp,843
eth:ethertype:ip:udp:ssdp:data,840
eth:ethertype:ip:udp:gprs-ns:bssgp,837
eth:ethertype:ip:udp:manolito,818
eth:ethertype:ip:udp:vrt,795
eth:ethertype:ip:udp:kink,775
eth:ethertype:ip:udp:h225,740
eth:ethertype:ip:udp:nxp_802154_sniffer:wpan,731
eth:ethertype:ip:udp:kpasswd,710
eth:ethertype:ip:udp:scop:data,707
eth:ethertype:ip:udp:krb4,698
eth:ethertype:ip:udp:ts2,697
eth:ethertype:ip:udp:lwapp:wlan,697
eth:ethertype:ip:udp:amt,662
eth:ethertype:ip:udp:capwap.data,640
eth:ethertype:ip:udp:stun:data,623
eth:ethertype:ip:udp:ecmp,614
eth:ethertype:ip:udp:bfd_echo,606
eth:ethertype:ip:udp:knet,589
eth:ethertype:ip:udp:rx,587
eth:ethertype:ip:udp:ayiya,571
eth:ethertype:ip:udp:infiniband,569
eth:ethertype:ip:udp:ecatf:data,549
eth:ethertype:ip:udp:elasticsearch,547
eth:ethertype:ip:udp:h248,540
eth:ethertype:ip:udp:bat:data,536
eth:ethertype:ip:udp:sbus,532
eth:ethertype:ip:udp:bat.gw:data,517
eth:ethertype:ip:udp:h501,514
eth:ethertype:ip:udp:iax2:data,498
eth:ethertype:ip:udp:pktc.mtafqdn,497
eth:ethertype:ip:udp:tzsp,493
eth:ethertype:ip:udp:corosync_totemnet:data,492
eth:ethertype:ip:udp:iapp,464
eth:ethertype:ip:udp:llmnr,462
eth:ethertype:ip:udp:lisp:data,461
eth:ethertype:ip:udp:c1222,429
eth:ethertype:ip:udp:ipvs,426
eth:ethertype:ip:udp:wisun.eapol_relay:eapol,423
eth:ethertype:ip:udp:rsp,417
eth:ethertype:ip:udp:ulp,400
eth:ethertype:ip:udp:kdp,390
eth:ethertype:ip:udp:dpnet,385
eth:ethertype:ip:udp:hiqnet,381
eth:ethertype:ip:udp:hcrt,379
eth:ethertype:ip:udp:tipc,379
eth:ethertype:ip:udp:rsip,367
eth:ethertype:ip:udp:rsvp,363
eth:ethertype:ip:udp:gsmtap:data,356
eth:ethertype:ip:udp:dmp,356
eth:ethertype:ip:udp:tplink-smarthome:json:data-text-lines,355
eth:ethertype:ip:udp:radius:eap,355
eth:ethertype:ip:udp:raknet,353
eth:ethertype:ip:udp:dof,309
eth:ethertype:ip:udp:gprs-ns,306
eth:ethertype:ip:udp:egd:data,301
eth:ethertype:ip:udp:nano,296
eth:ethertype:ip:udp:dvb_ipdc:data,288
eth:ethertype:ip:udp:sctp,270
eth:ethertype:ip:udp:rdt,265
eth:ethertype:ip:udp:pfcp,257
eth:ethertype:ip:udp:ax4000,249
eth:ethertype:ip:udp:sap,248
eth:ethertype:ip:udp:opensafety:data,243
eth:ethertype:ip:udp:db-lsp-disc,243
eth:ethertype:ip:udp:enrp,236
eth:ethertype:ip:udp:mpls:data,233
eth:ethertype:ip:udp:opensafety_udp:data,229
eth:ethertype:ip:udp:mikey,222
eth:ethertype:ip:udp:rpc:portmap,222
eth:ethertype:ip:udp:mipv6,220
eth:ethertype:ip:udp:a21,217
eth:ethertype:ip:udp:asap,215
eth:ethertype:ip:udp:teredo:data,212
eth:ethertype:ip:udp:idn,211
eth:ethertype:ip:udp:tetra,208
eth:ethertype:ip:udp:lisp-data,205
eth:ethertype:ip:udp:gre:data,190
eth:ethertype:ip:udp:sabp:sabp,189
eth:ethertype:ip:udp:sap:sdp,186
eth:ethertype:ip:udp:mih,184
eth:ethertype:ip:udp:ajns,183
eth:ethertype:ip:udp:geneve:data,177
eth:ethertype:ip:udp:ieee1722:data,174
eth:ethertype:ip:udp:tacacs,173
eth:ethertype:ip:udp:infiniband:data,169
eth:ethertype:ip:udp:cups,162
eth:ethertype:ip:udp:lmp,160
eth:ethertype:ip:udp:vxlan:eth:llc:data,157
eth:ethertype:ip:udp:mpls-echo,152
eth:ethertype:ip:udp:msproxy,137
eth:ethertype:ip:udp:ardp,133
eth:ethertype:ip:udp:collectd,132
eth:ethertype:ip:udp:eth:ethertype:data,126
eth:ethertype:ip:udp:bat.vis:data,119
eth:ethertype:ip:udp:wg,111
eth:ethertype:ip:udp:megaco:data,103
eth:ethertype:ip:udp:capwap.data:eth:ethertype:data,97
eth:ethertype:ip:udp:adp,94
eth:ethertype:ip:udp:gre,79
eth:ethertype:ip:udp:enttec,79
eth:ethertype:ip:udp:doip,74
eth:ethertype:ip:udp:capwap.data:dtls,73
eth:ethertype:ip:udp:pktc,73
eth:ethertype:ip:udp:quakeworld:data,71
eth:ethertype:ip:udp:pn_rt:pn_io,67
eth:ethertype:ip:udp:wlccp,67
eth:ethertype:ip:udp:gsmtap,65
eth:ethertype:ip:udp:papi,63
eth:ethertype:ip:udp:geneve,61
eth:ethertype:ip:udp:goose:cotp,59
eth:ethertype:ip:udp:mpls:ip:data,55
eth:ethertype:ip:udp:lisp-data:ipv6:data,55
eth:ethertype:ip:udp:sip:sdp,50
eth:ethertype:ip:udp:egd,49
eth:ethertype:ip:udp:quake:data,48
eth:ethertype:ip:udp:mpls:ipv6:data,48
eth:ethertype:ip:udp:dcc,45
eth:ethertype:ip:udp:lwapp:wlan:data,44
eth:ethertype:ip:udp:vxlan:eth:ethertype:data,44
eth:ethertype:ip:udp:lisp-data:ip:data,44
eth:ethertype:ip:udp:capwap:dtls,43
eth:ethertype:ip:udp:nxp_802154_sniffer,40
eth:ethertype:ip:udp:mpls:pwethheuristic:pwethcw:eth:ethertype:data,40
eth:ethertype:ip:udp:cnip:data,38
eth:ethertype:ip:udp:quake2:data,35
eth:ethertype:ip:udp:nxp_802154_sniffer:wpan:data,35
eth:ethertype:ip:udp:wtp:wsp,35
eth:ethertype:ip:udp:sabp,32
eth:ethertype:ip:udp:sigcomp,30
eth:ethertype:ip:udp:lisp,28
eth:ethertype:ip:udp:mpls:ip,28
eth:ethertype:ip:udp:thrift,27
eth:ethertype:ip:udp:mpls:ipv6:ipv6.hopopts,27
eth:ethertype:ip:udp:wisun.eapol_relay,26
eth:ethertype:ip:udp:capwap.data:data,26
eth:ethertype:ip:udp:eth,21
eth:ethertype:ip:udp:jmirror:ipv6:data,21
eth:ethertype:ip:udp:pn_rt,20
eth:ethertype:ip:udp:lisp-data:ip,20
eth:ethertype:ip:udp:vxlan:eth,17
eth:ethertype:ip:udp:llc,17
eth:ethertype:ip:udp:l2tp:data,15
eth:ethertype:ip:udp:ltp,14
eth:ethertype:ip:udp:find,12
eth:ethertype:ip:udp:ecatf:ioraw,12
eth:ethertype:ip:udp:dlep,12
eth:ethertype:ip:udp:dvb_ipdc:alc:data,12
eth:ethertype:ip:udp:dhcpv6,11
eth:ethertype:ip:udp:rtpproxy,11
eth:ethertype:ip:udp:eth:llc:data,11
eth:ethertype:ip:udp:xyplex,11
eth:ethertype:ip:udp:lwapp,10
eth:ethertype:ip:udp:tsp,10
eth:ethertype:ip:udp:quake,10
eth:ethertype:ip:udp:slimp3,10
eth:ethertype:ip:udp:mip,10
eth:ethertype:ip:udp:scop:wpan,10
eth:ethertype:ip:udp:rx:afs,10
eth:ethertype:ip:udp:msmms,9
eth:ethertype:ip:udp:tzsp:data,9
eth:ethertype:ip:udp:quake2,9
eth:ethertype:ip:udp:who,9
eth:ethertype:ip:udp:ecatf:tc_nv,9
eth:ethertype:ip:udp:auto_rp,9
eth:ethertype:ip:udp:nbdgm,9
eth:ethertype:ip:udp:lbtrm,8
eth:ethertype:ip:udp:lwres,7
eth:ethertype:ip:udp:ieee1722:iec61883,7
eth:ethertype:ip:udp:scop,6
eth:ethertype:ip:udp:rdpudp:data,6
eth:ethertype:ip:udp:gvcp,6
eth:ethertype:ip:udp:mpls:pwach:data,6
eth:ethertype:ip:udp:data:vssmonitoring,5
eth:ethertype:ip:udp:dcp-etsi:dcp-pft,5
eth:ethertype:ip:udp:ripng,5
eth:ethertype:ip:udp:vxlan,5
eth:ethertype:ip:udp:olsr,5
eth:ethertype:ip:udp:packetbb,5
eth:ethertype:ip:udp:ieee1722,5
eth:ethertype:ip:udp:dcp-etsi:dcp-af,5
eth:ethertype:ip:udp:rdpudp:dtls,5
eth:ethertype:ip:udp:acdr,4
eth:ethertype:ip:udp:mndp,4
eth:ethertype:ip:udp:ltp:data,4
eth:ethertype:ip:udp:sabp:sabp:sabp,4
eth:ethertype:ip:udp:llc:osi:data,4
eth:ethertype:ip:udp:amt:ip,4
eth:ethertype:ip:udp:mpls,4
eth:ethertype:ip:udp:ecatf,3
eth:ethertype:ip:udp:cnip:lon,3
eth:ethertype:ip:udp:ptp,3
eth:ethertype:ip:udp:mpls:ipv6,3
eth:ethertype:ip:udp:tapa,3
eth:ethertype:ip:udp:teredo:ipv6:data,3
eth:ethertype:ip:udp:dlsw,3
eth:ethertype:ip:udp:lisp-data:ipv6:ospf,3
eth:ethertype:ip:udp:llc:ipx:data,3
eth:ethertype:ip:udp:quakeworld,3
eth:ethertype:ip:udp:armagetronad,3
eth:ethertype:ip:udp:wol,3
eth:ethertype:ip:udp:a11,3
eth:ethertype:ip:udp:llc:sna:data,3
eth:ethertype:ip:udp:dvb_ipdc:alc:rmt-lct,3
eth:ethertype:ip:udp:ipx,2
eth:ethertype:ip:udp:edonkey,2
eth:ethertype:ip:udp:ncp,2
eth:ethertype:ip:udp:bat.vis,2
eth:ethertype:ip:udp:mpls:ipv6:osi:data,2
eth:ethertype:ip:udp:lisp-data:ipv6:osi:data,2
eth:ethertype:ip:udp:lisp-data:ipv6:nhrp,2
eth:ethertype:ip:udp:lisp-data:ipv6:eigrp,2
eth:ethertype:ip:udp:lisp-data:ipv6:swipe,2
eth:ethertype:ip:udp:jmirror:ipv6:ipv6.routing,2
eth:ethertype:ip:udp:jmirror:ip:data,2
eth:ethertype:ip:udp:jmirror:ipv6,2
eth:ethertype:ip:udp:wccp,2
eth:ethertype:ip:udp:ddtp,2
eth:ethertype:ip:udp:snmp:snmp,2
eth:ethertype:ip:udp:bat.gw,2
eth:ethertype:ip:udp:l2tp:ppp:data,2
eth:ethertype:ip:udp:teredo,2
eth:ethertype:ip:udp:capwap.data:wlan:data,1
eth:ethertype:ip:udp:ip,1
eth:ethertype:ip:udp:cigi,1
eth:ethertype:ip:udp:adwin,1
eth:ethertype:ip:udp:mpls:ipv6:ospf,1
eth:ethertype:ip:udp:lisp-data:ipv6:dsr,1
eth:ethertype:ip:udp:lisp-data:ipv6:pim,1
eth:ethertype:ip:udp:lisp-data:ipv6:ah,1
eth:ethertype:ip:udp:mpls:ipv6:vines_frp:vines_ip:data,1
eth:ethertype:ip:udp:mpls:ipv6:pgm,1
eth:ethertype:ip:udp:mpls:ipv6:ipv6.routing,1
eth:ethertype:ip:udp:lisp-data:ipv6:lwl4,1
eth:ethertype:ip:udp:lisp-data:ipv6:gre,1
eth:ethertype:ip:udp:lisp-data:ipv6:vines_frp:vines_ip:data,1
eth:ethertype:ip:udp:lisp-data:ipv6:vrrp,1
eth:ethertype:ip:udp:jmirror:ipv6:l2tp:data,1
eth:ethertype:ip:udp:jmirror:ipv6:esp,1
eth:ethertype:ip:udp:jmirror:ipv6:gre,1
eth:ethertype:ip:udp:jmirror:ipv6:vines_frp:vines_ip:data,1
eth:ethertype:ip:udp:jmirror:ipv6:pim,1
eth:ethertype:ip:udp:jmirror:ipv6:ospf,1
eth:ethertype:ip:udp:jmirror:ipv6:ah,1
eth:ethertype:ip:udp:jmirror:ipv6:swipe,1
eth:ethertype:ip:udp:jmirror:ipv6:ipcomp:data,1
eth:ethertype:ip:udp:acdr:ip:data,1
eth:ethertype:ip:udp:megaco,1
eth:ethertype:ip:udp:ecatf:ecat_mailbox,1
eth:ethertype:ip:udp:goose:cotp:goose,1
eth:ethertype:ip:udp:mpls:pwethheuristic:pwethcw:eth,1
eth:ethertype:ip:udp:aodv,1
eth:ethertype:ip:udp:lisp-data:ipv6:ax25,1
eth:ethertype:ip:udp:mpls:ipv6:ipcomp:data,1
eth:ethertype:ip:udp:acdr:data,1
eth:ethertype:ip:udp:tzsp:eth:ethertype:data,1
eth:ethertype:ip:udp:ieee1722:cvf:data,1
eth:ethertype:ip:udp:ieee1722:ieee17221,1
eth:ethertype:ip:udp:sflow,1
eth:ethertype:ip:udp:udpencap,1
eth:ethertype:ip:udp:mpls:pwethheuristic:pwethcw:eth:llc:data,1
eth:ethertype:ip:udp:h225:data,1
eth:ethertype:ip:udp:mpls:pwethheuristic:pwethnocw:eth:ethertype:data,1
eth:ethertype:ip:udp:tpcp,1
eth:ethertype:ip:udp:udpencap:data,1
eth:ethertype:ip:udp:sip:sigcomp,1
eth:ethertype:ip:udp:goose:cotp:data,1
