eth:ethertype:ip:udp:stun,10145821
eth:ethertype:ip:udp:data,7528140
eth:ethertype:ip:udp:dns,3968182
eth:ethertype:ip:udp:syslog,2605336
eth:ethertype:ip:udp:ntp,2169668
eth:ethertype:ip:udp:snmp,1984987
eth:ethertype:ip:data,824254
eth:ethertype:ip:udp:nbns,638973
eth:ethertype:ip:udp:sip,391454
eth:ethertype:ip:udp:cldap,236623
eth:ethertype:ip:udp:cflow,208251
eth:ethertype:ip:udp:sip:xml,102376
eth:ethertype:ip:udp:coap,98392
eth:ethertype:ip:udp:ssdp,96665
eth:ethertype:ip:udp:rpc,94901
eth:ethertype:ip:udp:mdns,90168
eth:ethertype:ip:udp:openvpn,71856
eth:ethertype:ip:udp:dtls,63220
eth:ethertype:ip:udp,59655
eth:ethertype:ip:udp:sip:data-text-lines,53020
eth:ethertype:ip:udp:portcontrol,52806
eth:ethertype:ip:udp:memcache,51112
eth:ethertype:ip:udp:isakmp,50451
eth:ethertype:ip:udp:bvlc:bacnet:bacapp,46691
eth:ethertype:ip:udp:l2tp,46294
eth:ethertype:ip:udp:capwap,45080
eth:ethertype:ip:udp:gtp,41696
eth:ethertype:ip:udp:dhcp,40226
eth:ethertype:ip:udp:srvloc,34117
eth:ethertype:ip:udp:udpencap:esp,32120
eth:ethertype:ip:udp:chargen,28630
eth:ethertype:ip:udp:rmcp:ipmi_session:data,25054
eth:ethertype:ip:udp:xdmcp,21608
eth:ethertype:ip:udp:quic:tls,20857
eth:ethertype:ip:udp:gquic,20524
eth:ethertype:ip:udp:kerberos,19414
eth:ethertype:ip:udp:lwapp:data,17378
eth:ethertype:ip:udp:rdpudp,17106
eth:ethertype:ip:udp:radius,16445
eth:ethertype:ip:udp:quic,14148
eth:ethertype:ip:udp:tftp,13786
eth:ethertype:ip:udp:echo,13766
eth:ethertype:ip:udp:omron,13496
eth:ethertype:ip:udp:rip,13127
eth:ethertype:ip:udp:classicstun,13067
eth:ethertype:ip:udp:enip,12650
eth:ethertype:ip:udp:rtcp,11646
eth:ethertype:ip:udp:gtp:gtpv2,11462
eth:ethertype:ip:udp:daytime,10294
eth:ethertype:ip:udp:quake3,10288
eth:ethertype:ip:udp:time,10266
eth:ethertype:ip:udp:ecatf:ecat,10070
eth:ethertype:ip:udp:bfd,9990
eth:ethertype:ip:udp:steam_ihs_discovery,9808
eth:ethertype:ip:udp:kip,6893
eth:ethertype:ip:udp:nbdgm:smb:browser,6870
eth:ethertype:ip:udp:udpencap:isakmp,6848
eth:ethertype:ip:udp:mgcp,5862
eth:ethertype:ip:udp:hart_ip,5455
eth:ethertype:ip:udp:coap:data,4145
eth:ethertype:ip:udp:rmcp:asf,3446
eth:ethertype:ip:udp:teredo:ipv6,2885
eth:ethertype:ip:udp:iax2,2561
eth:ethertype:ip:udp:llmnr,2509
eth:ethertype:ip:udp:wsp,2156
eth:ethertype:ip:udp:wisun.eapol_relay:eapol:data,1963
eth:ethertype:ip:udp:dcerpc,1868
eth:ethertype:ip:udp:rtps,1324
eth:ethertype:ip:udp:dis,1294
eth:ethertype:ip:udp:cipio,1258
eth:ethertype:ip:udp:gtpprime,1217
eth:ethertype:ip:udp:raknet:raknet,1056
eth:ethertype:ip:udp:quake3:data,966
eth:ethertype:ip:udp:llc:data,911
eth:ethertype:ip:udp:wg,909
eth:ethertype:ip:udp:tacacs,864
eth:ethertype:ip:udp:wtls,793
eth:ethertype:ip:udp:scop:data,751
eth:ethertype:ip:udp:mint,706
eth:ethertype:ip:udp:elasticsearch,695
eth:ethertype:ip:udp:nxp_802154_sniffer:wpan,692
eth:ethertype:ip:udp:h225,682
eth:ethertype:ip:udp:vuze-dht,672
eth:ethertype:ip:udp:ssdp:data,648
eth:ethertype:ip:udp:pn_rt:pn_ptcp,634
eth:ethertype:ip:udp:msproxy,601
eth:ethertype:ip:udp:corosync_totemnet:data,587
eth:ethertype:ip:udp:dof,555
eth:ethertype:ip:udp:mipv6,553
eth:ethertype:ip:udp:sabp:sabp,528
eth:ethertype:ip:udp:asterix,523
eth:ethertype:ip:udp:dmp,489
eth:ethertype:ip:udp:kink,478
eth:ethertype:ip:udp:egd:data,460
eth:ethertype:ip:udp:manolito,446
eth:ethertype:ip:udp:radius:eap,441
eth:ethertype:ip:udp:teredo:data,439
eth:ethertype:ip:udp:gprs-ns:bssgp,432
eth:ethertype:ip:udp:pktc,405
eth:ethertype:ip:udp:ts2,385
eth:ethertype:ip:udp:iax2:data,384
eth:ethertype:ip:udp:asap,380
eth:ethertype:ip:udp:bat:data,366
eth:ethertype:ip:udp:bat.vis:data,354
eth:ethertype:ip:udp:sbus,352
eth:ethertype:ip:udp:cnip,346
eth:ethertype:ip:udp:mpls:data,344
eth:ethertype:ip:udp:eth:ethertype:data,342
eth:ethertype:ip:udp:geneve:data,341
eth:ethertype:ip:udp:quakeworld:data,336
eth:ethertype:ip:udp:quake2:data,330
eth:ethertype:ip:udp:wlccp,328
eth:ethertype:ip:udp:papi,321
eth:ethertype:ip:udp:h501,311
eth:ethertype:ip:udp:doip,298
eth:ethertype:ip:udp:ecatf:data,290
eth:ethertype:ip:udp:ajns,268
eth:ethertype:ip:udp:ath,268
eth:ethertype:ip:udp:iapp,263
eth:ethertype:ip:udp:hiqnet,258
eth:ethertype:ip:udp:db-lsp-disc,247
eth:ethertype:ip:udp:ulp,242
eth:ethertype:ip:udp:ieee1722:data,236
eth:ethertype:ip:udp:opensafety_udp:data,235
eth:ethertype:ip:udp:idn,225
eth:ethertype:ip:udp:pktc.mtafqdn,224
eth:ethertype:ip:udp:wtp,219
eth:ethertype:ip:udp:quake:data,215
eth:ethertype:ip:udp:dpnet,213
eth:ethertype:ip:udp:ipvs,212
eth:ethertype:ip:udp:opensafety:data,212
eth:ethertype:ip:udp:c1222,211
eth:ethertype:ip:udp:hcrt,209
eth:ethertype:ip:udp:mih,208
eth:ethertype:ip:udp:icp,205
eth:ethertype:ip:udp:bfd_echo,202
eth:ethertype:ip:udp:lisp:data,193
eth:ethertype:ip:udp:vrt,185
eth:ethertype:ip:udp:knet,183
eth:ethertype:ip:udp:uaudp,182
eth:ethertype:ip:udp:ax4000,181
eth:ethertype:ip:udp:rsvp,178
eth:ethertype:ip:udp:tplink-smarthome:json:data-text-lines,177
eth:ethertype:ip:udp:gsmtap:data,174
eth:ethertype:ip:udp:capwap.data,174
eth:ethertype:ip:udp:vxlan:eth:llc:data,148
eth:ethertype:ip:udp:dvb_ipdc:data,145
eth:ethertype:ip:udp:pfcp,143
eth:ethertype:ip:udp:raknet,141
eth:ethertype:ip:udp:teredo:ipv6:icmpv6,136
eth:ethertype:ip:udp:rdt,135
eth:ethertype:ip:udp:rsip,132
eth:ethertype:ip:udp:ayiya,122
eth:ethertype:ip:udp:kdp,118
eth:ethertype:ip:udp:nano,109
eth:ethertype:ip:udp:mpls-echo,109
eth:ethertype:ip:udp:dcc,107
eth:ethertype:ip:udp:gprs-ns,101
eth:ethertype:ip:udp:bjnp,101
eth:ethertype:ip:udp:amt,99
eth:ethertype:ip:udp:ecmp,96
eth:ethertype:ip:udp:sctp,95
eth:ethertype:ip:udp:gre:data,95
eth:ethertype:ip:udp:mikey,93
eth:ethertype:ip:udp:mactelnet,91
eth:ethertype:ip:udp:h248,83
eth:ethertype:ip:udp:enrp,76
eth:ethertype:ip:udp:adp,74
eth:ethertype:ip:udp:a21,73
eth:ethertype:ip:udp:mpls:ip:data,72
eth:ethertype:ip:udp:megaco:data,68
eth:ethertype:ip:udp:mpls:pwethheuristic:pwethcw:eth:ethertype:data,68
eth:ethertype:ip:udp:gre,65
eth:ethertype:ip:udp:bat.gw:data,57
eth:ethertype:ip:udp:pn_rt:pn_io,56
eth:ethertype:ip:udp:tipc,56
eth:ethertype:ip:udp:tzsp,55
eth:ethertype:ip:udp:collectd,54
eth:ethertype:ip:udp:tetra,51
eth:ethertype:ip:udp:lisp-data,46
eth:ethertype:ip:udp:capwap.data:dtls,46
eth:ethertype:ip:udp:geneve,44
eth:ethertype:ip:udp:stun:data,44
eth:ethertype:ip:udp:mpls:ipv6:data,44
eth:ethertype:ip:udp:sap,43
eth:ethertype:ip:udp:wisun.eapol_relay:eapol,43
eth:ethertype:ip:udp:ardp,40
eth:ethertype:ip:udp:gsmtap,39
eth:ethertype:ip:udp:mpls:ipv6:ipv6.hopopts,38
eth:ethertype:ip:udp:data:vssmonitoring,36
eth:ethertype:ip:udp:lwapp:wlan:data,36
eth:ethertype:ip:udp:sip:data-text-lines:xml,33
eth:ethertype:ip:udp:infiniband,32
eth:ethertype:ip:udp:nxp_802154_sniffer,32
eth:ethertype:ip:udp:jmirror:ipv6:data,32
eth:ethertype:ip:udp:cnip:data,31
eth:ethertype:ip:udp:mpls:ip,29
eth:ethertype:ip:udp:sabp,28
eth:ethertype:ip:udp:lwapp:wlan,26
eth:ethertype:ip:udp:sabp:sabp:sabp,26
eth:ethertype:ip:udp:rx:afs,26
eth:ethertype:ip:udp:goose:cotp,25
eth:ethertype:ip:udp:ecatf:ioraw,23
eth:ethertype:ip:udp:vxlan:eth:ethertype:data,22
eth:ethertype:ip:udp:mactelnet:data,22
eth:ethertype:ip:udp:ltp,21
eth:ethertype:ip:udp:dcp-etsi:dcp-af,19
eth:ethertype:ip:udp:infiniband:data,18
eth:ethertype:ip:udp:lisp,16
eth:ethertype:ip:udp:egd,16
eth:ethertype:ip:udp:nbdgm,16
eth:ethertype:ip:udp:dhcpv6,14
eth:ethertype:ip:udp:wtp:wsp,14
eth:ethertype:ip:udp:thrift,14
eth:ethertype:ip:udp:dlep,14
eth:ethertype:ip:udp:mpls:ipv6,12
eth:ethertype:ip:udp:llc,12
eth:ethertype:ip:udp:tsp,12
eth:ethertype:ip:udp:data:f5ethtrailer,11
eth:ethertype:ip:udp:vxlan:eth,11
eth:ethertype:ip:udp:rx,11
eth:ethertype:ip:udp:raknet:raknet:raknet,11
eth:ethertype:ip:udp:who,10
eth:ethertype:ip:udp:auto_rp,10
eth:ethertype:ip:udp:ecatf:tc_nv,10
eth:ethertype:ip:udp:quake2,10
eth:ethertype:ip:udp:l2tp:data,10
eth:ethertype:ip:udp:ripng,10
eth:ethertype:ip:udp:pn_rt,9
eth:ethertype:ip:udp:rsp,9
eth:ethertype:ip:udp:acdr,8
eth:ethertype:ip:udp:lmp,8
eth:ethertype:ip:udp:capwap.data:eth:ethertype:data,8
eth:ethertype:ip:udp:mpls,8
eth:ethertype:ip:udp:mip,7
eth:ethertype:ip:udp:ncp,7
eth:ethertype:ip:udp:lwapp,7
eth:ethertype:ip:udp:packetbb,7
eth:ethertype:ip:udp:quake,7
eth:ethertype:ip:udp:ieee1722:iec61883,7
eth:ethertype:ip:udp:xyplex,7
eth:ethertype:ip:udp:rtpproxy,7
eth:ethertype:ip:udp:eth,6
eth:ethertype:ip:udp:quakeworld,6
eth:ethertype:ip:udp:tapa,6
eth:ethertype:ip:udp:find,6
eth:ethertype:ip:udp:cups,6
eth:ethertype:ip:udp:scop,6
eth:ethertype:ip:udp:slimp3,6
eth:ethertype:ip:udp:capwap:dtls,6
eth:ethertype:ip:udp:nxp_802154_sniffer:wpan:data,5
eth:ethertype:ip:udp:amt:ip,5
eth:ethertype:ip:udp:msmms,5
eth:ethertype:ip:udp:eth:llc:data,5
eth:ethertype:ip:udp:sigcomp,5
eth:ethertype:ip:udp:mpls:pwach:data,5
eth:ethertype:ip:udp:lwres,4
eth:ethertype:ip:udp:lbtrm,4
eth:ethertype:ip:udp:dvb_ipdc:alc:data,4
eth:ethertype:ip:udp:cigi,4
eth:ethertype:ip:udp:lisp-data:ip,4
eth:ethertype:ip:udp:jmirror:ip:data,4
eth:ethertype:ip:udp:dcp-etsi:dcp-pft,3
eth:ethertype:ip:udp:wisun.eapol_relay,3
eth:ethertype:ip:udp:tzsp:data,3
eth:ethertype:ip:udp:ecatf:ecat_mailbox,3
eth:ethertype:ip:udp:epl,3
eth:ethertype:ip:udp:actrace,3
eth:ethertype:ip:udp:ipx,3
eth:ethertype:ip:udp:mndp,3
eth:ethertype:ip:udp:mpls:pwethheuristic:pwethcw:eth,3
eth:ethertype:ip:udp:tpcp,3
eth:ethertype:ip:udp:armagetronad,3
eth:ethertype:ip:udp:ecatf,3
eth:ethertype:ip:udp:dlsw,3
eth:ethertype:ip:udp:ipx:data,2
eth:ethertype:ip:udp:goose:cotp:goose,2
eth:ethertype:ip:udp:megaco,2
eth:ethertype:ip:udp:ecatf:ams,2
eth:ethertype:ip:udp:ddtp,2
eth:ethertype:ip:udp:mint:eth:ethertype:data,2
eth:ethertype:ip:udp:ltp:data,2
eth:ethertype:ip:udp:vssmonitoring,2
eth:ethertype:ip:udp:lisp-data:ipv6,2
eth:ethertype:ip:udp:cpfi,2
eth:ethertype:ip:udp:edonkey,2
eth:ethertype:ip:udp:sip:sigcomp,2
eth:ethertype:ip:udp:wol,2
eth:ethertype:ip:udp:adwin,2
eth:ethertype:ip:udp:hip,2
eth:ethertype:ip:udp:kpasswd,2
eth:ethertype:ip:udp:rdpudp:tls,2
eth:ethertype:ip:udp:capwap.data:data,2
eth:ethertype:ip:udp:ptp,2
eth:ethertype:ip:udp:llc:3comxns:data,2
eth:ethertype:ip:udp:lisp-data:ip:data,2
eth:ethertype:ip:udp:mpls:ipv6:gre,2
eth:ethertype:ip:udp:bat.gw,2
eth:ethertype:ip:udp:dplay,2
eth:ethertype:ip:udp:mpls:ipv6:l2tp:data,2
eth:ethertype:ip:udp:jmirror:ipv6:lwl4,2
eth:ethertype:ip:udp:jmirror:ipv6:gre,2
eth:ethertype:ip:udp:jmirror:ipv6:osi:data,2
eth:ethertype:ip:udp:jmirror:ipv6:ipv6.routing,2
eth:ethertype:ip:udp:wccp,1
eth:ethertype:ip:udp:gsmtap:gsm_sim,1
eth:ethertype:ip:udp:ieee1722,1
eth:ethertype:ip:udp:acdr:data,1
eth:ethertype:ip:udp:l2tp:ppp:data,1
eth:ethertype:ip:udp:lisp-data:ipv6:data,1
eth:ethertype:ip:udp:opensafety_udp,1
eth:ethertype:ip:udp:ayiya:dsr:ipv6.hopopts:ipv6.hopopts,1
eth:ethertype:ip:udp:mpls:pwethheuristic:pwethnocw:eth:ethertype:data,1
eth:ethertype:ip:udp:rmcp,1
eth:ethertype:ip:udp:dvb_ipdc:alc:rmt-lct,1
eth:ethertype:ip:udp:tplink-smarthome:json,1
eth:ethertype:ip:udp:mdns:vssmonitoring,1
eth:ethertype:ip:udp:amt:ip:ipv6:data,1
eth:ethertype:ip:udp:epl:data,1
eth:ethertype:ip:udp:nbdgm:smb:smb_netlogon,1
eth:ethertype:ip:udp:capwap:data,1
eth:ethertype:ip:udp:cnip:lon,1
eth:ethertype:ip:udp:db-lsp-disc:json:data-text-lines,1
eth:ethertype:ip:udp:udpencap,1
eth:ethertype:ip:udp:vxlan,1
eth:ethertype:ip:udp:wimaxasncp,1
eth:ethertype:ip:udp:sflow,1
eth:ethertype:ip:udp:mpls:ipv6:swipe,1
eth:ethertype:ip:udp:mpls:ipv6:nhrp,1
eth:ethertype:ip:udp:mpls:ipv6:esp,1
eth:ethertype:ip:udp:a11,1
eth:ethertype:ip:udp:mpls:ipv6:lwl4,1
eth:ethertype:ip:udp:mpls:ipv6:dsr:rsvp,1
eth:ethertype:ip:udp:mpls:ipv6:pgm,1
eth:ethertype:ip:udp:mpls:ipv6:ah,1
eth:ethertype:ip:udp:mpls:ipv6:osi:data,1
eth:ethertype:ip:udp:sap:sdp,1
eth:ethertype:ip:udp:jmirror:ipv6:pim,1
eth:ethertype:ip:udp:jmirror:ipv6:vines_frp:vines_ip:data,1
eth:ethertype:ip:udp:jmirror:ipv6:l2tp:data,1
eth:ethertype:ip:udp:jmirror:ipv6:etherip:eth:ethertype:data,1
eth:ethertype:ip:udp:jmirror:ipv6,1
eth:ethertype:ip:udp:ldp,1
eth:ethertype:ip:udp:rdpudp:dtls,1
eth:ethertype:ip:udp:bat.gw:ip,1
eth:ethertype:ip:udp:llc:sna:data,1
eth:ethertype:ip:udp:openvpn:tls,1
eth:ethertype:ip:udp:ayiya:swipe,1
