eth:ethertype:ip:udp:data,6608401
eth:ethertype:ip:udp:stun,5528114
eth:ethertype:ip:udp:dns,3978770
eth:ethertype:ip:udp:syslog,2285040
eth:ethertype:ip:udp:ntp,2049468
eth:ethertype:ip:udp:snmp,1925822
eth:ethertype:ip:data,1232764
eth:ethertype:ip:udp:sip,547565
eth:ethertype:ip:udp:nbns,446470
eth:ethertype:ip:udp:cldap,211148
eth:ethertype:ip:udp:coap,192400
eth:ethertype:ip:udp:cflow,158864
eth:ethertype:ip:udp:sip:xml,102031
eth:ethertype:ip:udp,96136
eth:ethertype:ip:udp:mdns,93149
eth:ethertype:ip:udp:memcache,77699
eth:ethertype:ip:udp:isakmp,71583
eth:ethertype:ip:udp:ssdp,70485
eth:ethertype:ip:udp:rpc,56662
eth:ethertype:ip:udp:sip:data-text-lines,52772
eth:ethertype:ip:udp:openvpn,50963
eth:ethertype:ip:udp:capwap,47184
eth:ethertype:ip:udp:dtls,44776
eth:ethertype:ip:udp:dhcp,42219
eth:ethertype:ip:udp:gtp,41932
eth:ethertype:ip:udp:portcontrol,36933
eth:ethertype:ip:udp:bvlc:bacnet:bacapp,34141
eth:ethertype:ip:udp:srvloc,33428
eth:ethertype:ip:udp:tftp,30411
eth:ethertype:ip:udp:l2tp,25997
eth:ethertype:ip:udp:udpencap:esp,24060
eth:ethertype:ip:udp:echo,23048
eth:ethertype:ip:udp:quic:tls,22070
eth:ethertype:ip:udp:gquic,20415
eth:ethertype:ip:udp:rip,19792
eth:ethertype:ip:udp:kerberos,19325
eth:ethertype:ip:udp:xdmcp,18409
eth:ethertype:ip:udp:lwapp:data,17179
eth:ethertype:ip:udp:hart_ip,15308
eth:ethertype:ip:udp:rdpudp,15080
eth:ethertype:ip:udp:rtcp,15055
eth:ethertype:ip:udp:chargen,14313
eth:ethertype:ip:udp:rmcp:ipmi_session:data,13099
eth:ethertype:ip:udp:enip,12993
eth:ethertype:ip:udp:classicstun,12663
eth:ethertype:ip:udp:radius,12104
eth:ethertype:ip:udp:omron,11700
eth:ethertype:ip:udp:gtp:gtpv2,11542
eth:ethertype:ip:udp:daytime,10782
eth:ethertype:ip:udp:time,10352
eth:ethertype:ip:udp:ecatf:ecat,10227
eth:ethertype:ip:udp:bfd,9538
eth:ethertype:ip:udp:quake3,8863
eth:ethertype:ip:udp:udpencap:isakmp,8113
eth:ethertype:ip:udp:steam_ihs_discovery,7977
eth:ethertype:ip:udp:nbdgm:smb:browser,7346
eth:ethertype:ip:udp:kip,6128
eth:ethertype:ip:udp:teredo:ipv6,4722
eth:ethertype:ip:udp:mgcp,4226
eth:ethertype:ip:udp:coap:data,3731
eth:ethertype:ip:udp:rmcp:asf,3462
eth:ethertype:ip:udp:quic,3308
eth:ethertype:ip:udp:iax2,1689
eth:ethertype:ip:udp:llmnr,1604
eth:ethertype:ip:udp:raknet:raknet,1545
eth:ethertype:ip:udp:cipio,1158
eth:ethertype:ip:udp:gtpprime,1129
eth:ethertype:ip:udp:radius:eap,1127
eth:ethertype:ip:udp:dis,1079
eth:ethertype:ip:udp:rtps,1076
eth:ethertype:ip:udp:wtp,856
eth:ethertype:ip:udp:ssdp:data,777
eth:ethertype:ip:udp:pn_rt:pn_ptcp,721
eth:ethertype:ip:udp:wisun.eapol_relay:eapol:data,649
eth:ethertype:ip:udp:quake3:data,493
eth:ethertype:ip:udp:llc:data,449
eth:ethertype:ip:udp:asterix,410
eth:ethertype:ip:udp:rsip,377
eth:ethertype:ip:udp:iax2:data,333
eth:ethertype:ip:udp:dpnet,320
eth:ethertype:ip:udp:wg,314
eth:ethertype:ip:udp:corosync_totemnet:data,273
eth:ethertype:ip:udp:wtls,271
eth:ethertype:ip:udp:h248,239
eth:ethertype:ip:udp:mndp,217
eth:ethertype:ip:udp:ipvs,214
eth:ethertype:ip:udp:raknet:raknet:raknet,211
eth:ethertype:ip:udp:ajns,209
eth:ethertype:ip:udp:wsp,206
eth:ethertype:ip:udp:bfd_echo,203
eth:ethertype:ip:udp:knet,202
eth:ethertype:ip:udp:ieee1722:data,194
eth:ethertype:ip:udp:mint,188
eth:ethertype:ip:udp:enrp,183
eth:ethertype:ip:udp:rdt,168
eth:ethertype:ip:udp:vxlan:eth,168
eth:ethertype:ip:udp:mih,166
eth:ethertype:ip:udp:ecatf:data,154
eth:ethertype:ip:udp:teredo:data,146
eth:ethertype:ip:udp:scop:data,135
eth:ethertype:ip:udp:adp,128
eth:ethertype:ip:udp:bjnp,127
eth:ethertype:ip:udp:tacacs,124
eth:ethertype:ip:udp:tipc,122
eth:ethertype:ip:udp:gsmtap:data,116
eth:ethertype:ip:udp:h225,114
eth:ethertype:ip:udp:vrt,114
eth:ethertype:ip:udp:cnip,105
eth:ethertype:ip:udp:bat:data,104
eth:ethertype:ip:udp:elasticsearch,104
eth:ethertype:ip:udp:manolito,99
eth:ethertype:ip:udp:dof,99
eth:ethertype:ip:udp:megaco:data,98
eth:ethertype:ip:udp:dhcpv6,97
eth:ethertype:ip:udp:gprs-ns,96
eth:ethertype:ip:udp:uaudp,95
eth:ethertype:ip:udp:egd:data,91
eth:ethertype:ip:udp:db-lsp-disc,89
eth:ethertype:ip:udp:ayiya,85
eth:ethertype:ip:udp:geneve:data,85
eth:ethertype:ip:udp:infiniband:data,79
eth:ethertype:ip:udp:opensafety_udp:data,76
eth:ethertype:ip:udp:c1222,74
eth:ethertype:ip:udp:icp,74
eth:ethertype:ip:udp:doip,74
eth:ethertype:ip:udp:idn,68
eth:ethertype:ip:udp:pktc,67
eth:ethertype:ip:udp:sap,67
eth:ethertype:ip:udp:ecmp,67
eth:ethertype:ip:udp:ripng,66
eth:ethertype:ip:udp:quakeworld:data,65
eth:ethertype:ip:udp:bat.gw:data,64
eth:ethertype:ip:udp:vuze-dht,63
eth:ethertype:ip:udp:hiqnet,61
eth:ethertype:ip:udp:tplink-smarthome:json:data-text-lines,60
eth:ethertype:ip:udp:kdp,60
eth:ethertype:ip:udp:dmp,59
eth:ethertype:ip:udp:kink,59
eth:ethertype:ip:udp:lwapp:wlan:data,59
eth:ethertype:ip:udp:msproxy,58
eth:ethertype:ip:udp:ulp,57
eth:ethertype:ip:udp:wlccp,57
eth:ethertype:ip:udp:iapp,56
eth:ethertype:ip:udp:quake2:data,54
eth:ethertype:ip:udp:ax4000,53
eth:ethertype:ip:udp:tetra,53
eth:ethertype:ip:udp:find,52
eth:ethertype:ip:udp:rsvp,52
eth:ethertype:ip:udp:sctp,51
eth:ethertype:ip:udp:h501,51
eth:ethertype:ip:udp:pfcp,51
eth:ethertype:ip:udp:mip,50
eth:ethertype:ip:udp:mipv6,50
eth:ethertype:ip:udp:amt,50
eth:ethertype:ip:udp:opensafety:data,50
eth:ethertype:ip:udp:hcrt,49
eth:ethertype:ip:udp:pn_rt:pn_io,48
eth:ethertype:ip:udp:ts2,48
eth:ethertype:ip:udp:ath,48
eth:ethertype:ip:udp:a21,48
eth:ethertype:ip:udp:papi,48
eth:ethertype:ip:udp:dlep,47
eth:ethertype:ip:udp:raknet,47
eth:ethertype:ip:udp:bat.vis:data,47
eth:ethertype:ip:udp:quake:data,47
eth:ethertype:ip:udp:lwres,46
eth:ethertype:ip:udp:ncp,46
eth:ethertype:ip:udp:lmp,46
eth:ethertype:ip:udp:who,46
eth:ethertype:ip:udp:nbdgm,46
eth:ethertype:ip:udp:nxp_802154_sniffer,46
eth:ethertype:ip:udp:lisp-data,44
eth:ethertype:ip:udp:mikey,44
eth:ethertype:ip:udp:collectd,43
eth:ethertype:ip:udp:tzsp,42
eth:ethertype:ip:udp:kpasswd,42
eth:ethertype:ip:udp:auto_rp,42
eth:ethertype:ip:udp:dvb_ipdc:alc:data,42
eth:ethertype:ip:udp:asap,41
eth:ethertype:ip:udp:vxlan:eth:llc:data,41
eth:ethertype:ip:udp:rsp,40
eth:ethertype:ip:udp:pktc.mtafqdn,40
eth:ethertype:ip:udp:infiniband,40
eth:ethertype:ip:udp:lwapp:wlan,40
eth:ethertype:ip:udp:capwap.data,39
eth:ethertype:ip:udp:data:vssmonitoring,39
eth:ethertype:ip:udp:tsp,38
eth:ethertype:ip:udp:gre,38
eth:ethertype:ip:udp:eth:ethertype:data,37
eth:ethertype:ip:udp:dvb_ipdc:data,36
eth:ethertype:ip:udp:sabp,36
eth:ethertype:ip:udp:packetbb,36
eth:ethertype:ip:udp:xyplex,36
eth:ethertype:ip:udp:nano,36
eth:ethertype:ip:udp:ipx:data,35
eth:ethertype:ip:udp:acdr,34
eth:ethertype:ip:udp:nxp_802154_sniffer:wpan:data,34
eth:ethertype:ip:udp:lisp,32
eth:ethertype:ip:udp:dcc,32
eth:ethertype:ip:udp:cnip:data,31
eth:ethertype:ip:udp:geneve,30
eth:ethertype:ip:udp:mpls:data,28
eth:ethertype:ip:udp:vxlan:eth:ethertype:data,26
eth:ethertype:ip:udp:gre:data,25
eth:ethertype:ip:udp:lisp:data,24
eth:ethertype:ip:udp:goose:cotp,23
eth:ethertype:ip:udp:ardp,20
eth:ethertype:ip:udp:cups,20
eth:ethertype:ip:udp:thrift,19
eth:ethertype:ip:udp:quake2,18
eth:ethertype:ip:udp:gsmtap,18
eth:ethertype:ip:udp:egd,18
eth:ethertype:ip:udp:sabp:sabp,18
eth:ethertype:ip:udp:capwap:dtls,17
eth:ethertype:ip:udp:rx,16
eth:ethertype:ip:udp:tzsp:data,15
eth:ethertype:ip:udp:stun:data,14
eth:ethertype:ip:udp:wtp:wsp,13
eth:ethertype:ip:udp:ltp,12
eth:ethertype:ip:udp:mpls,11
eth:ethertype:ip:udp:sip:data-text-lines:xml,11
eth:ethertype:ip:udp:ecatf:tc_nv,10
eth:ethertype:ip:udp:sbus,10
eth:ethertype:ip:udp:dcp-etsi:dcp-pft,9
eth:ethertype:ip:udp:mpls:ipv6:data,9
eth:ethertype:ip:udp:armagetronad,9
eth:ethertype:ip:udp:gprs-ns:bssgp,8
eth:ethertype:ip:udp:wisun.eapol_relay,8
eth:ethertype:ip:udp:ptp,8
eth:ethertype:ip:udp:msmms,8
eth:ethertype:ip:udp:slimp3,8
eth:ethertype:ip:udp:llc,8
eth:ethertype:ip:udp:capwap.data:dtls,8
eth:ethertype:ip:udp:rtpproxy,7
eth:ethertype:ip:udp:ecatf:ioraw,7
eth:ethertype:ip:udp:ecatf:ecat_mailbox,7
eth:ethertype:ip:udp:rdpudp:dtls,7
eth:ethertype:ip:udp:ieee1722:iec61883,6
eth:ethertype:ip:udp:amt:ip,6
eth:ethertype:ip:udp:tapa,6
eth:ethertype:ip:udp:capwap.data:data,6
eth:ethertype:ip:udp:dlsw,6
eth:ethertype:ip:udp:pn_rt,6
eth:ethertype:ip:udp:dvb_ipdc:alc:rmt-lct,6
eth:ethertype:ip:udp:quake,6
eth:ethertype:ip:udp:snmp:snmp,6
eth:ethertype:ip:udp:sigcomp,5
eth:ethertype:ip:udp:nxp_802154_sniffer:wpan,5
eth:ethertype:ip:udp:scop,5
eth:ethertype:ip:udp:rdpudp:data,5
eth:ethertype:ip:udp:dplay,5
eth:ethertype:ip:udp:mpls:ip,4
eth:ethertype:ip:udp:ipx,4
eth:ethertype:ip:udp:cnip:lon,4
eth:ethertype:ip:udp:data:f5ethtrailer,4
eth:ethertype:ip:udp:teredo,4
eth:ethertype:ip:udp:wisun.eapol_relay:eapol,4
eth:ethertype:ip:udp:pathport,4
eth:ethertype:ip:udp:mpls:pwethheuristic:pwethcw:eth:ethertype:data,4
eth:ethertype:ip:udp:l2tp:data,4
eth:ethertype:ip:udp:dcp-etsi:dcp-af,4
eth:ethertype:ip:udp:lbtrm,3
eth:ethertype:ip:udp:eth,3
eth:ethertype:ip:udp:ieee1722,3
eth:ethertype:ip:udp:mpls:pwethheuristic:pwethcw:eth,3
eth:ethertype:ip:udp:sip:sigcomp,3
eth:ethertype:ip:udp:oicq,3
eth:ethertype:ip:udp:rpc:portmap,3
eth:ethertype:ip:udp:ddtp,2
eth:ethertype:ip:udp:actrace,2
eth:ethertype:ip:udp:sflow,2
eth:ethertype:ip:udp:mdns:vssmonitoring,2
eth:ethertype:ip:udp:tzsp:eth:ethertype:data,2
eth:ethertype:ip:udp:eth:llc:data,2
eth:ethertype:ip:udp:sap:sdp,2
eth:ethertype:ip:udp:lisp-data:ipv6:data,2
eth:ethertype:ip:udp:wimaxasncp,2
eth:ethertype:ip:udp:a11,2
eth:ethertype:ip:udp:tpcp,2
eth:ethertype:ip:udp:megaco,2
eth:ethertype:ip:udp:mpls:ipv6,2
eth:ethertype:ip:udp:llc:osi:data,2
eth:ethertype:ip:udp:rx:afs,2
eth:ethertype:ip:udp:cigi,2
eth:ethertype:ip:udp:rmcp,2
eth:ethertype:ip:udp:mpls:ipv6:l2tp:data,1
eth:ethertype:ip:udp:memcache:vssmonitoring,1
eth:ethertype:ip:udp:ssyncp,1
eth:ethertype:ip:udp:llc:stp,1
eth:ethertype:ip:udp:cpfi,1
eth:ethertype:ip:udp:rdpudp:tls,1
eth:ethertype:ip:udp:llc:vines_llc:data,1
eth:ethertype:ip:udp:capwap.data:eth:ethertype:data,1
eth:ethertype:ip:udp:vssmonitoring,1
eth:ethertype:ip:udp:wol,1
eth:ethertype:ip:udp:quic:tls:tls:tls:tls:tls:tls,1
eth:ethertype:ip:udp:quic:tls:tls:tls,1
eth:ethertype:ip:udp:quic:tls:tls:tls:tls:tls:tls:tls:tls:tls:tls,1
eth:ethertype:ip:udp:mpls:pwethheuristic:pwethnocw:eth:ethertype:data,1
eth:ethertype:ip:udp:opensafety_udp,1
eth:ethertype:ip:udp:mint:eth:ethertype:data,1
eth:ethertype:ip:udp:epl,1
eth:ethertype:ip:udp:snmp:data,1
eth:ethertype:ip:udp:udpencap:data,1
eth:ethertype:ip:udp:ieee1722:ieee17221,1
eth:ethertype:ip:udp:lisp-data:ip:data,1
eth:ethertype:ip:udp:bat.gw,1
eth:ethertype:ip:udp:l2tp:ppp:data,1
eth:ethertype:ip:udp:goose:cotp:goose,1
eth:ethertype:ip:udp:capwap:data,1
eth:ethertype:ip:udp:lwapp,1
eth:ethertype:ip:udp:olsr,1
eth:ethertype:ip:udp:gsmtap:gsm_sim,1
eth:ethertype:ip:udp:icq,1
eth:ethertype:ip:udp:llc:bacnet:bacapp,1
eth:ethertype:ip:udp:udpencap,1
