eth:ethertype:ip:udp:data,7413370
eth:ethertype:ip:udp:dns,3494076
eth:ethertype:ip:udp:stun,2831331
eth:ethertype:ip:udp:syslog,2560709
eth:ethertype:ip:udp:ntp,2113025
eth:ethertype:ip:udp:snmp,2052470
eth:ethertype:ip:udp:nbns,449168
eth:ethertype:ip:data,401043
eth:ethertype:ip:udp:sip,300790
eth:ethertype:ip:udp:cldap,175470
eth:ethertype:ip:udp:cflow,153977
eth:ethertype:ip:udp:isakmp,116866
eth:ethertype:ip:udp:sip:xml,86025
eth:ethertype:ip:udp:mdns,85698
eth:ethertype:ip:udp:rpc,81962
eth:ethertype:ip:udp:coap,80133
eth:ethertype:ip:udp:dtls,79596
eth:ethertype:ip:udp:ssdp,67892
eth:ethertype:ip:udp:openvpn,63583
eth:ethertype:ip:udp,63226
eth:ethertype:ip:udp:memcache,57141
eth:ethertype:ip:udp:sip:data-text-lines,52672
eth:ethertype:ip:udp:srvloc,44567
eth:ethertype:ip:udp:gtp,44396
eth:ethertype:ip:udp:capwap,44029
eth:ethertype:ip:udp:portcontrol,38473
eth:ethertype:ip:udp:bvlc:bacnet:bacapp,37550
eth:ethertype:ip:udp:l2tp,33404
eth:ethertype:ip:udp:dhcp,30858
eth:ethertype:ip:udp:udpencap:esp,23902
eth:ethertype:ip:udp:gquic,20373
eth:ethertype:ip:udp:xdmcp,19734
eth:ethertype:ip:udp:rip,19354
eth:ethertype:ip:udp:kerberos,19349
eth:ethertype:ip:udp:quic,18752
eth:ethertype:ip:udp:quic:tls,17775
eth:ethertype:ip:udp:lwapp:data,16980
eth:ethertype:ip:udp:pfcp,16767
eth:ethertype:ip:udp:rdpudp,14882
eth:ethertype:ip:udp:echo,14242
eth:ethertype:ip:udp:tftp,14116
eth:ethertype:ip:udp:chargen,14109
eth:ethertype:ip:udp:rmcp:ipmi_session:data,13161
eth:ethertype:ip:udp:nbdgm:smb:browser,12984
eth:ethertype:ip:udp:omron,12841
eth:ethertype:ip:udp:enip,12608
eth:ethertype:ip:udp:classicstun,11889
eth:ethertype:ip:udp:radius,11570
eth:ethertype:ip:udp:gtp:gtpv2,11161
eth:ethertype:ip:udp:daytime,11103
eth:ethertype:ip:udp:time,10794
eth:ethertype:ip:udp:quake3,10275
eth:ethertype:ip:udp:ecatf:ecat,10225
eth:ethertype:ip:udp:steam_ihs_discovery,9974
eth:ethertype:ip:udp:udpencap:isakmp,9448
eth:ethertype:ip:udp:bfd,8991
eth:ethertype:ip:udp:kip,5599
eth:ethertype:ip:udp:mgcp,5200
eth:ethertype:ip:udp:rtcp,4770
eth:ethertype:ip:udp:teredo:ipv6,4723
eth:ethertype:ip:udp:hart_ip,4699
eth:ethertype:ip:udp:coap:data,3517
eth:ethertype:ip:udp:rmcp:asf,3411
eth:ethertype:ip:udp:raknet:raknet,2886
eth:ethertype:ip:udp:wsp,1991
eth:ethertype:ip:udp:mndp,1914
eth:ethertype:ip:udp:llmnr,1587
eth:ethertype:ip:udp:cipio,1361
eth:ethertype:ip:udp:wtp,1353
eth:ethertype:ip:udp:gtpprime,1313
eth:ethertype:ip:udp:rtps,1268
eth:ethertype:ip:udp:dis,1133
eth:ethertype:ip:udp:idn,1112
eth:ethertype:ip:udp:iax2,1079
eth:ethertype:ip:udp:llc:data,795
eth:ethertype:ip:udp:quake3:data,696
eth:ethertype:ip:udp:wg,650
eth:ethertype:ip:udp:ssdp:data,565
eth:ethertype:ip:udp:db-lsp-disc,545
eth:ethertype:ip:udp:adp,492
eth:ethertype:ip:udp:wisun.eapol_relay:eapol:data,489
eth:ethertype:ip:udp:tacacs,475
eth:ethertype:ip:udp:scop:data,445
eth:ethertype:ip:udp:hcrt,411
eth:ethertype:ip:udp:lwapp:wlan,409
eth:ethertype:ip:udp:dof,391
eth:ethertype:ip:udp:kink,385
eth:ethertype:ip:udp:h225,383
eth:ethertype:ip:udp:elasticsearch,376
eth:ethertype:ip:udp:ulp,346
eth:ethertype:ip:udp:bfd_echo,323
eth:ethertype:ip:udp:c1222,312
eth:ethertype:ip:udp:corosync_totemnet:data,306
eth:ethertype:ip:udp:wtls,293
eth:ethertype:ip:udp:radius:eap,275
eth:ethertype:ip:udp:mint,273
eth:ethertype:ip:udp:ts2,271
eth:ethertype:ip:udp:rx,271
eth:ethertype:ip:udp:raknet,269
eth:ethertype:ip:udp:sabp:sabp,257
eth:ethertype:ip:udp:bat:data,244
eth:ethertype:ip:udp:tipc,230
eth:ethertype:ip:udp:opensafety:data,220
eth:ethertype:ip:udp:icp,218
eth:ethertype:ip:udp:manolito,209
eth:ethertype:ip:udp:knet,206
eth:ethertype:ip:udp:ajns,205
eth:ethertype:ip:udp:asterix,204
eth:ethertype:ip:udp:ath,204
eth:ethertype:ip:udp:quake2:data,195
eth:ethertype:ip:udp:cnip,193
eth:ethertype:ip:udp:tplink-smarthome:json:data-text-lines,193
eth:ethertype:ip:udp:sctp,193
eth:ethertype:ip:udp:vuze-dht,186
eth:ethertype:ip:udp:uaudp,180
eth:ethertype:ip:udp:rsvp,178
eth:ethertype:ip:udp:rdt,173
eth:ethertype:ip:udp:wlccp,170
eth:ethertype:ip:udp:gprs-ns,168
eth:ethertype:ip:udp:eth:ethertype:data,161
eth:ethertype:ip:udp:kdp,154
eth:ethertype:ip:udp:lisp-data,151
eth:ethertype:ip:udp:bjnp,150
eth:ethertype:ip:udp:iax2:data,138
eth:ethertype:ip:udp:ax4000,138
eth:ethertype:ip:udp:sbus,131
eth:ethertype:ip:udp:gprs-ns:bssgp,123
eth:ethertype:ip:udp:geneve,120
eth:ethertype:ip:udp:mikey,117
eth:ethertype:ip:udp:h248,116
eth:ethertype:ip:udp:tzsp,111
eth:ethertype:ip:udp:infiniband,109
eth:ethertype:ip:udp:pktc,104
eth:ethertype:ip:udp:ecatf:data,103
eth:ethertype:ip:udp:ipvs,102
eth:ethertype:ip:udp:tetra,100
eth:ethertype:ip:udp:mih,99
eth:ethertype:ip:udp:ieee1722:data,99
eth:ethertype:ip:udp:nbdgm:smb:data,97
eth:ethertype:ip:udp:opensafety_udp:data,94
eth:ethertype:ip:udp:h501,93
eth:ethertype:ip:udp:ecmp,91
eth:ethertype:ip:udp:ripng,89
eth:ethertype:ip:udp:a21,89
eth:ethertype:ip:udp:dpnet,89
eth:ethertype:ip:udp:quake:data,88
eth:ethertype:ip:udp:sap,88
eth:ethertype:ip:udp:asap,86
eth:ethertype:ip:udp:raknet:raknet:raknet,80
eth:ethertype:ip:udp:iapp,79
eth:ethertype:ip:udp:ayiya,75
eth:ethertype:ip:udp:rsip,73
eth:ethertype:ip:udp:bat.gw:data,72
eth:ethertype:ip:udp:egd:data,72
eth:ethertype:ip:udp:pktc.mtafqdn,71
eth:ethertype:ip:udp:megaco:data,69
eth:ethertype:ip:udp:amt,69
eth:ethertype:ip:udp:nano,68
eth:ethertype:ip:udp:enrp,68
eth:ethertype:ip:udp:msproxy,67
eth:ethertype:ip:udp:vrt,66
eth:ethertype:ip:udp:vxlan:eth:ethertype:data,66
eth:ethertype:ip:udp:ltp,66
eth:ethertype:ip:udp:collectd,65
eth:ethertype:ip:udp:bat.vis:data,65
eth:ethertype:ip:udp:teredo:data,64
eth:ethertype:ip:udp:quakeworld:data,63
eth:ethertype:ip:udp:mipv6,61
eth:ethertype:ip:udp:dvb_ipdc:data,59
eth:ethertype:ip:udp:gsmtap,58
eth:ethertype:ip:udp:doip,55
eth:ethertype:ip:udp:hiqnet,55
eth:ethertype:ip:udp:dcc,54
eth:ethertype:ip:udp:pn_rt:pn_io,52
eth:ethertype:ip:udp:gsmtap:data,50
eth:ethertype:ip:udp:thrift,49
eth:ethertype:ip:udp:mpls:data,46
eth:ethertype:ip:udp:lwapp:wlan:data,45
eth:ethertype:ip:udp:lisp:data,44
eth:ethertype:ip:udp:sap:sdp,44
eth:ethertype:ip:udp:gre:data,43
eth:ethertype:ip:udp:cnip:data,42
eth:ethertype:ip:udp:sabp,40
eth:ethertype:ip:udp:gre,39
eth:ethertype:ip:udp:geneve:data,34
eth:ethertype:ip:udp:dhcpv6,33
eth:ethertype:ip:udp:wtp:wsp,30
eth:ethertype:ip:udp:lisp,29
eth:ethertype:ip:udp:dmp,27
eth:ethertype:ip:udp:llc,25
eth:ethertype:ip:udp:capwap.data,25
eth:ethertype:ip:udp:kpasswd,25
eth:ethertype:ip:udp:wisun.eapol_relay,24
eth:ethertype:ip:udp:nxp_802154_sniffer,23
eth:ethertype:ip:udp:slimp3,23
eth:ethertype:ip:udp:egd,23
eth:ethertype:ip:udp:nxp_802154_sniffer:wpan,22
eth:ethertype:ip:udp:auto_rp,21
eth:ethertype:ip:udp:vxlan:eth,21
eth:ethertype:ip:udp:lisp-data:ip,20
eth:ethertype:ip:udp:capwap:dtls,20
eth:ethertype:ip:udp:xyplex,18
eth:ethertype:ip:udp:ardp,18
eth:ethertype:ip:udp:nbdgm,18
eth:ethertype:ip:udp:ncp,17
eth:ethertype:ip:udp:goose:cotp,16
eth:ethertype:ip:udp:rsp,15
eth:ethertype:ip:udp:quake2,15
eth:ethertype:ip:udp:who,15
eth:ethertype:ip:udp:wisun.eapol_relay:eapol,15
eth:ethertype:ip:udp:mpls-echo,15
eth:ethertype:ip:udp:tsp,14
eth:ethertype:ip:udp:lmp,14
eth:ethertype:ip:udp:lwres,14
eth:ethertype:ip:udp:sigcomp,14
eth:ethertype:ip:udp:mip,14
eth:ethertype:ip:udp:pn_rt,14
eth:ethertype:ip:udp:ipx,14
eth:ethertype:ip:udp:scop,13
eth:ethertype:ip:udp:dlep,13
eth:ethertype:ip:udp:lisp-data:ipv6,12
eth:ethertype:ip:udp:find,12
eth:ethertype:ip:udp:ipx:data,12
eth:ethertype:ip:udp:mpls:ipv6:data,12
eth:ethertype:ip:udp:acdr,12
eth:ethertype:ip:udp:l2tp:data,12
eth:ethertype:ip:udp:dvb_ipdc:alc:data,12
eth:ethertype:ip:udp:quakeworld,11
eth:ethertype:ip:udp:stun:data,11
eth:ethertype:ip:udp:infiniband:data,11
eth:ethertype:ip:udp:msmms,10
eth:ethertype:ip:udp:ecatf:tc_nv,10
eth:ethertype:ip:udp:pn_rt:pn_ptcp,9
eth:ethertype:ip:udp:mpls:ipv6,9
eth:ethertype:ip:udp:nxp_802154_sniffer:wpan:data,9
eth:ethertype:ip:udp:amt:ip,9
eth:ethertype:ip:udp:lbtrm,9
eth:ethertype:ip:udp:cups,9
eth:ethertype:ip:udp:packetbb,9
eth:ethertype:ip:udp:dcp-etsi:dcp-af,8
eth:ethertype:ip:udp:tpcp,8
eth:ethertype:ip:udp:ieee1722:iec61883,8
eth:ethertype:ip:udp:mpls:ip,7
eth:ethertype:ip:udp:rtpproxy,7
eth:ethertype:ip:udp:pathport,7
eth:ethertype:ip:udp:mpls,7
eth:ethertype:ip:udp:lisp-data:ipv6:data,6
eth:ethertype:ip:udp:data:vssmonitoring,6
eth:ethertype:ip:udp:quake,6
eth:ethertype:ip:udp:llc:sna:data,6
eth:ethertype:ip:udp:mpls:pwethheuristic:pwethcw:eth:ethertype:data,6
eth:ethertype:ip:udp:wol,6
eth:ethertype:ip:udp:capwap.data:eth:ethertype:data,5
eth:ethertype:ip:udp:eth,5
eth:ethertype:ip:udp:sabp:sabp:sabp,5
eth:ethertype:ip:udp:dvb_ipdc:alc:rmt-lct,5
eth:ethertype:ip:udp:udpencap,5
eth:ethertype:ip:udp:sip:sigcomp,5
eth:ethertype:ip:udp:armagetronad,5
eth:ethertype:ip:udp:ptp,5
eth:ethertype:ip:udp:teredo,5
eth:ethertype:ip:udp:vxlan,5
eth:ethertype:ip:udp:bat.vis,5
eth:ethertype:ip:udp:ecatf:ioraw,5
eth:ethertype:ip:udp:dlsw,5
eth:ethertype:ip:udp:tzsp:data,5
eth:ethertype:ip:udp:rdpudp:tls,4
eth:ethertype:ip:udp:ddtp,3
eth:ethertype:ip:udp:aodv,3
eth:ethertype:ip:udp:mint:eth:ethertype:data,3
eth:ethertype:ip:udp:lwapp,3
eth:ethertype:ip:udp:tapa,3
eth:ethertype:ip:udp:bat.gw,3
eth:ethertype:ip:udp:cpfi,3
eth:ethertype:ip:udp:mpls:pwethheuristic:pwethcw:eth:llc:data,3
eth:ethertype:ip:udp:llc:osi:data,3
eth:ethertype:ip:udp:lisp-data:ip:data,2
eth:ethertype:ip:udp:hip,2
eth:ethertype:ip:udp:icq,2
eth:ethertype:ip:udp:eth:llc:data,2
eth:ethertype:ip:udp:ieee1722,2
eth:ethertype:ip:udp:capwap.data:dtls,2
eth:ethertype:ip:udp:edonkey,2
eth:ethertype:ip:udp:capwap.data:eth:llc,2
eth:ethertype:ip:udp:acdr:data,2
eth:ethertype:ip:udp:dcp-etsi:dcp-pft,2
eth:ethertype:ip:udp:memcache:vssmonitoring,2
eth:ethertype:ip:udp:wimaxasncp,2
eth:ethertype:ip:udp:ecatf,2
eth:ethertype:ip:udp:opensafety_udp,2
eth:ethertype:ip:udp:actrace,2
eth:ethertype:ip:udp:tzsp:eth:ethertype:data,2
eth:ethertype:ip:udp:lisp-data:ipv6:udplite:data,1
eth:ethertype:ip:udp:capwap.data:eth:llc:data,1
eth:ethertype:ip:udp:llc:vines_llc:data,1
eth:ethertype:ip:udp:rdpudp:data,1
eth:ethertype:ip:udp:olsr,1
eth:ethertype:ip:udp:l2tp:ppp:data,1
eth:ethertype:ip:udp:rx:afs,1
eth:ethertype:ip:udp:mdns:vssmonitoring,1
eth:ethertype:ip:udp:epl,1
eth:ethertype:ip:udp:mpls:pwethheuristic:data,1
eth:ethertype:ip:udp:h225:data,1
eth:ethertype:ip:udp:wccp,1
eth:ethertype:ip:udp:adwin,1
eth:ethertype:ip:udp:megaco:h248,1
eth:ethertype:ip:udp:oicq,1
eth:ethertype:ip:udp:ltp:data,1
eth:ethertype:ip:udp:teredo:ipv6:data,1
eth:ethertype:ip:udp:sflow,1
eth:ethertype:ip:udp:jmirror:ipv6:data,1
eth:ethertype:ip:udp:cnip:lon,1
eth:ethertype:ip:udp:vxlan:eth:llc:data,1
eth:ethertype:ip:udp:ayiya:dsr:ipv6.hopopts:ipv6.hopopts,1
eth:ethertype:ip:udp:mbudp:modbus,1
eth:ethertype:ip:udp:papi,1
