eth:ethertype:ip:udp:stun,12809925
eth:ethertype:ip:udp:data,11961206
eth:ethertype:ip:udp:dns,4176359
eth:ethertype:ip:udp:syslog,2633987
eth:ethertype:ip:udp:ntp,2111527
eth:ethertype:ip:udp:snmp,1518865
eth:ethertype:ip:data,1285976
eth:ethertype:ip:udp:nbns,772119
eth:ethertype:ip:udp:sip,455180
eth:ethertype:ip:udp:ssdp,182459
eth:ethertype:ip:udp:coap,177244
eth:ethertype:ip:udp:cflow,153208
eth:ethertype:ip:udp:cldap,141227
eth:ethertype:ip:udp:openvpn,124145
eth:ethertype:ip:udp:sip:xml,102269
eth:ethertype:ip:udp:rpc,99275
eth:ethertype:ip:udp:mdns,87626
eth:ethertype:ip:udp:dhcp,83832
eth:ethertype:ip:udp:isakmp,63065
eth:ethertype:ip:udp:dtls,58453
eth:ethertype:ip:udp,56957
eth:ethertype:ip:udp:memcache,55787
eth:ethertype:ip:udp:sip:data-text-lines,52812
eth:ethertype:ip:udp:capwap,47155
eth:ethertype:ip:udp:portcontrol,43835
eth:ethertype:ip:udp:gtp,40403
eth:ethertype:ip:udp:srvloc,39428
eth:ethertype:ip:udp:bvlc:bacnet:bacapp,36159
eth:ethertype:ip:udp:rip,33021
eth:ethertype:ip:udp:l2tp,31545
eth:ethertype:ip:udp:quic:tls,30937
eth:ethertype:ip:udp:rmcp:ipmi_session:data,26688
eth:ethertype:ip:udp:udpencap:esp,25364
eth:ethertype:ip:udp:chargen,25036
eth:ethertype:ip:udp:tftp,23595
eth:ethertype:ip:udp:xdmcp,21285
eth:ethertype:ip:udp:quake3,20619
eth:ethertype:ip:udp:gquic,20595
eth:ethertype:ip:udp:snmp:data,20591
eth:ethertype:ip:udp:kerberos,19847
eth:ethertype:ip:udp:lwapp:data,17334
eth:ethertype:ip:udp:rdpudp,17079
eth:ethertype:ip:udp:hart_ip,15500
eth:ethertype:ip:udp:radius,14099
eth:ethertype:ip:udp:echo,13791
eth:ethertype:ip:udp:omron,13612
eth:ethertype:ip:udp:classicstun,13559
eth:ethertype:ip:udp:enip,13014
eth:ethertype:ip:udp:gtp:gtpv2,11498
eth:ethertype:ip:udp:rpc:data,10542
eth:ethertype:ip:udp:daytime,10392
eth:ethertype:ip:udp:time,10364
eth:ethertype:ip:udp:find,10243
eth:ethertype:ip:udp:ecatf:ecat,9922
eth:ethertype:ip:udp:nbdgm:smb:browser,9886
eth:ethertype:ip:udp:bfd,9755
eth:ethertype:ip:udp:steam_ihs_discovery,9552
eth:ethertype:ip:udp:raknet:raknet,8872
eth:ethertype:ip:udp:udpencap:isakmp,6852
eth:ethertype:ip:udp:kip,6834
eth:ethertype:ip:udp:quic,6081
eth:ethertype:ip:udp:teredo:ipv6,5860
eth:ethertype:ip:udp:mgcp,5556
eth:ethertype:ip:udp:rtcp,5042
eth:ethertype:ip:udp:coap:data,3777
eth:ethertype:ip:udp:llc:data,3634
eth:ethertype:ip:udp:rmcp:asf,3403
eth:ethertype:ip:udp:iax2,3177
eth:ethertype:ip:udp:llmnr,2692
eth:ethertype:ip:udp:quake3:data,2049
eth:ethertype:ip:udp:wsp,1879
eth:ethertype:ip:udp:asterix,1490
eth:ethertype:ip:udp:dis,1387
eth:ethertype:ip:udp:corosync_totemnet:data,1262
eth:ethertype:ip:udp:manolito,1253
eth:ethertype:ip:udp:ax4000,1193
eth:ethertype:ip:udp:uaudp,1171
eth:ethertype:ip:udp:mint,1130
eth:ethertype:ip:udp:scop:data,1098
eth:ethertype:ip:udp:wtls,1087
eth:ethertype:ip:udp:gtpprime,1023
eth:ethertype:ip:udp:cipio,1010
eth:ethertype:ip:udp:mipv6,1009
eth:ethertype:ip:udp:idn,1007
eth:ethertype:ip:udp:ulp,991
eth:ethertype:ip:udp:wisun.eapol_relay:eapol:data,929
eth:ethertype:ip:udp:rtps,890
eth:ethertype:ip:udp:gsmtap:data,834
eth:ethertype:ip:udp:bat.gw:data,823
eth:ethertype:ip:udp:adp,782
eth:ethertype:ip:udp:dof,780
eth:ethertype:ip:udp:nxp_802154_sniffer:wpan,757
eth:ethertype:ip:udp:radius:eap,745
eth:ethertype:ip:udp:kink,744
eth:ethertype:ip:udp:cnip,721
eth:ethertype:ip:udp:bat.vis:data,713
eth:ethertype:ip:udp:hcrt,704
eth:ethertype:ip:udp:h225,682
eth:ethertype:ip:udp:mih,679
eth:ethertype:ip:udp:ipvs,670
eth:ethertype:ip:udp:dmp,661
eth:ethertype:ip:udp:vrt,656
eth:ethertype:ip:udp:ath,651
eth:ethertype:ip:udp:wlccp,642
eth:ethertype:ip:udp:tzsp,637
eth:ethertype:ip:udp:eth:ethertype:data,612
eth:ethertype:ip:udp:icp,599
eth:ethertype:ip:udp:ssdp:data,588
eth:ethertype:ip:udp:iax2:data,578
eth:ethertype:ip:udp:opensafety:data,576
eth:ethertype:ip:udp:pktc,572
eth:ethertype:ip:udp:lwapp:wlan,569
eth:ethertype:ip:udp:gprs-ns:bssgp,557
eth:ethertype:ip:udp:quake2:data,555
eth:ethertype:ip:udp:bfd_echo,546
eth:ethertype:ip:udp:knet,545
eth:ethertype:ip:udp:wg,540
eth:ethertype:ip:udp:h248,538
eth:ethertype:ip:udp:ajns,529
eth:ethertype:ip:udp:hiqnet,522
eth:ethertype:ip:udp:c1222,517
eth:ethertype:ip:udp:h501,512
eth:ethertype:ip:udp:elasticsearch,512
eth:ethertype:ip:udp:sabp:sabp,490
eth:ethertype:ip:udp:infiniband:data,490
eth:ethertype:ip:udp:vxlan:eth:llc:data,486
eth:ethertype:ip:udp:rsip,477
eth:ethertype:ip:udp:geneve:data,474
eth:ethertype:ip:udp:gre:data,474
eth:ethertype:ip:udp:raknet:raknet:raknet,474
eth:ethertype:ip:udp:ecatf:data,431
eth:ethertype:ip:udp:stun:data,430
eth:ethertype:ip:udp:ieee1722:data,425
eth:ethertype:ip:udp:a21,421
eth:ethertype:ip:udp:sbus,416
eth:ethertype:ip:udp:ayiya,412
eth:ethertype:ip:udp:raknet,412
eth:ethertype:ip:udp:pktc.mtafqdn,406
eth:ethertype:ip:udp:rdt,402
eth:ethertype:ip:udp:tacacs,397
eth:ethertype:ip:udp:vuze-dht,393
eth:ethertype:ip:udp:lisp-data,385
eth:ethertype:ip:udp:teredo:data,361
eth:ethertype:ip:udp:nano,350
eth:ethertype:ip:udp:pfcp,347
eth:ethertype:ip:udp:tetra,330
eth:ethertype:ip:udp:quake:data,327
eth:ethertype:ip:udp:bat:data,325
eth:ethertype:ip:udp:sctp,320
eth:ethertype:ip:udp:dvb_ipdc:data,317
eth:ethertype:ip:udp:pn_rt:pn_ptcp,315
eth:ethertype:ip:udp:mpls-echo,302
eth:ethertype:ip:udp:doip,289
eth:ethertype:ip:udp:gprs-ns,286
eth:ethertype:ip:udp:amt,279
eth:ethertype:ip:udp:enrp,278
eth:ethertype:ip:udp:msproxy,267
eth:ethertype:ip:udp:ecmp,265
eth:ethertype:ip:udp:dpnet,261
eth:ethertype:ip:udp:wtp,252
eth:ethertype:ip:udp:mpls:data,242
eth:ethertype:ip:udp:kdp,239
eth:ethertype:ip:udp:egd:data,231
eth:ethertype:ip:udp:rsvp,222
eth:ethertype:ip:udp:collectd,219
eth:ethertype:ip:udp:bjnp,213
eth:ethertype:ip:udp:tplink-smarthome:json:data-text-lines,211
eth:ethertype:ip:udp:opensafety_udp:data,203
eth:ethertype:ip:udp:nxp_802154_sniffer,196
eth:ethertype:ip:udp:wisun.eapol_relay,191
eth:ethertype:ip:udp:db-lsp-disc,179
eth:ethertype:ip:udp:sap,168
eth:ethertype:ip:udp:bat.vis,166
eth:ethertype:ip:udp:ardp,156
eth:ethertype:ip:udp:asap,141
eth:ethertype:ip:udp:quakeworld:data,134
eth:ethertype:ip:udp:capwap.data,121
eth:ethertype:ip:udp:rx,120
eth:ethertype:ip:udp:megaco:data,116
eth:ethertype:ip:udp:iapp,105
eth:ethertype:ip:udp:lisp-data:ip:data,100
eth:ethertype:ip:udp:capwap.data:eth:ethertype:data,99
eth:ethertype:ip:udp:nbdgm:smb:data,96
eth:ethertype:ip:udp:lisp-data:ipv6:data,85
eth:ethertype:ip:udp:ts2,84
eth:ethertype:ip:udp:quake2,83
eth:ethertype:ip:udp:jmirror:ipv6:data,81
eth:ethertype:ip:udp:tipc,80
eth:ethertype:ip:udp:sap:sdp,73
eth:ethertype:ip:udp:nxp_802154_sniffer:wpan:data,72
eth:ethertype:ip:udp:mikey,63
eth:ethertype:ip:udp:infiniband,63
eth:ethertype:ip:udp:geneve,61
eth:ethertype:ip:udp:gre,59
eth:ethertype:ip:udp:lwapp:wlan:data,58
eth:ethertype:ip:udp:pn_rt:pn_io,57
eth:ethertype:ip:udp:lisp:data,57
eth:ethertype:ip:udp:lisp,56
eth:ethertype:ip:udp:vxlan:eth:ethertype:data,54
eth:ethertype:ip:udp:capwap:dtls,54
eth:ethertype:ip:udp:dcc,52
eth:ethertype:ip:udp:gsmtap,50
eth:ethertype:ip:udp:mpls:pwethheuristic:pwethcw:eth:ethertype:data,50
eth:ethertype:ip:udp:sabp,44
eth:ethertype:ip:udp:thrift,42
eth:ethertype:ip:udp:ltp,40
eth:ethertype:ip:udp:wtp:wsp,39
eth:ethertype:ip:udp:dvb_ipdc:alc:data,36
eth:ethertype:ip:udp:eth,35
eth:ethertype:ip:udp:lisp-data:ip,35
eth:ethertype:ip:udp:cnip:data,34
eth:ethertype:ip:udp:mpls:ip:data,31
eth:ethertype:ip:udp:goose:cotp,29
eth:ethertype:ip:udp:mpls:ipv6:data,23
eth:ethertype:ip:udp:llc:osi:data,22
eth:ethertype:ip:udp:ripng,20
eth:ethertype:ip:udp:wol,20
eth:ethertype:ip:udp:vxlan:eth,19
eth:ethertype:ip:udp:mpls:ipv6:ipv6.hopopts,19
eth:ethertype:ip:udp:sabp:sabp:sabp,19
eth:ethertype:ip:udp:dhcpv6,18
eth:ethertype:ip:udp:capwap.data:dtls,17
eth:ethertype:ip:udp:mpls,17
eth:ethertype:ip:udp:mpls:ip,17
eth:ethertype:ip:udp:pn_rt,16
eth:ethertype:ip:udp:egd,16
eth:ethertype:ip:udp:rtpproxy,15
eth:ethertype:ip:udp:wisun.eapol_relay:eapol,15
eth:ethertype:ip:udp:jmirror:ip:data,15
eth:ethertype:ip:udp:slimp3,14
eth:ethertype:ip:udp:enttec,13
eth:ethertype:ip:udp:dlep,13
eth:ethertype:ip:udp:ecatf:ioraw,12
eth:ethertype:ip:udp:mndp,12
eth:ethertype:ip:udp:rx:afs,12
eth:ethertype:ip:udp:dcp-etsi:dcp-af,11
eth:ethertype:ip:udp:ecatf:tc_nv,11
eth:ethertype:ip:udp:nbdgm,10
eth:ethertype:ip:udp:dlsw,10
eth:ethertype:ip:udp:ieee1722:iec61883,9
eth:ethertype:ip:udp:llc,9
eth:ethertype:ip:udp:auto_rp,9
eth:ethertype:ip:udp:mpls:ipv6,9
eth:ethertype:ip:udp:xyplex,9
eth:ethertype:ip:udp:data:vssmonitoring,9
eth:ethertype:ip:udp:dcp-etsi:dcp-pft,8
eth:ethertype:ip:udp:packetbb,8
eth:ethertype:ip:udp:tsp,7
eth:ethertype:ip:udp:scop,7
eth:ethertype:ip:udp:ncp,7
eth:ethertype:ip:udp:quake,7
eth:ethertype:ip:udp:kpasswd,7
eth:ethertype:ip:udp:rdpudp:dtls,6
eth:ethertype:ip:udp:who,6
eth:ethertype:ip:udp:quakeworld,6
eth:ethertype:ip:udp:rsp,6
eth:ethertype:ip:udp:ecatf:ams,6
eth:ethertype:ip:udp:l2tp:data,6
eth:ethertype:ip:udp:sigcomp,5
eth:ethertype:ip:udp:adwin,5
eth:ethertype:ip:udp:mip,5
eth:ethertype:ip:udp:actrace,5
eth:ethertype:ip:udp:lwapp,5
eth:ethertype:ip:udp:lisp-data:ipv6,5
eth:ethertype:ip:udp:jmirror:ipv6,5
eth:ethertype:ip:udp:jmirror:ipv6:gre:data,5
eth:ethertype:ip:udp:jmirror:ipv6:eigrp,5
eth:ethertype:ip:udp:jmirror:ipv6:nhrp,5
eth:ethertype:ip:udp:tzsp:data,5
eth:ethertype:ip:udp:tplink-smarthome:json,5
eth:ethertype:ip:udp:h225:data,5
eth:ethertype:ip:udp:lwres,4
eth:ethertype:ip:udp:armagetronad,4
eth:ethertype:ip:udp:cups,4
eth:ethertype:ip:udp:tapa,4
eth:ethertype:ip:udp:ieee1722,4
eth:ethertype:ip:udp:lisp-data:ipv6:ah,4
eth:ethertype:ip:udp:msmms,4
eth:ethertype:ip:udp:lmp,4
eth:ethertype:ip:udp:dvb_ipdc:alc:rmt-lct,4
eth:ethertype:ip:udp:jmirror:ipv6:ospf,4
eth:ethertype:ip:udp:acdr,4
eth:ethertype:ip:udp:bundle:bundle,4
eth:ethertype:ip:udp:sip:sigcomp,4
eth:ethertype:ip:udp:ipx,4
eth:ethertype:ip:udp:ptp,4
eth:ethertype:ip:udp:gsmtap:lte_rrc,4
eth:ethertype:ip:udp:teredo:ipv6:icmpv6,4
eth:ethertype:ip:udp:epl,3
eth:ethertype:ip:udp:ltp:data,3
eth:ethertype:ip:udp:a11,3
eth:ethertype:ip:udp:lisp-data:ipv6:osi:data,3
eth:ethertype:ip:udp:ecatf,3
eth:ethertype:ip:udp:lisp-data:ipv6:ipcomp:data,3
eth:ethertype:ip:udp:lisp-data:ipv6:ospf,3
eth:ethertype:ip:udp:opensafety_udp,3
eth:ethertype:ip:udp:lisp-data:ipv6:lwl4,3
eth:ethertype:ip:udp:rdpudp:data,3
eth:ethertype:ip:udp:jmirror:ipv6:osi:clnp:data,3
eth:ethertype:ip:udp:jmirror:ipv6:swipe:data,3
eth:ethertype:ip:udp:lbtrm,3
eth:ethertype:ip:udp:teredo,3
eth:ethertype:ip:udp:gre:wlan,3
eth:ethertype:ip:udp:ipx:data,3
eth:ethertype:ip:udp:tpcp,3
eth:ethertype:ip:udp:mpls:pwethheuristic:pwethcw:eth,3
eth:ethertype:ip:udp:bat.gw,3
eth:ethertype:ip:udp:mpls:pwethheuristic:pwethcw:eth:llc:data,2
eth:ethertype:ip:udp:capwap.data:data,2
eth:ethertype:ip:udp:cigi,2
eth:ethertype:ip:udp:mint:eth:ethertype:data,2
eth:ethertype:ip:udp:lisp-data:ipv6:esp,2
eth:ethertype:ip:udp:lisp-data:ipv6:nhrp,2
eth:ethertype:ip:udp:lisp-data:ipv6:gre:data,2
eth:ethertype:ip:udp:mpls:ipv6:ipcomp:data,2
eth:ethertype:ip:udp:lisp-data:ipv6:ipv6.routing,2
eth:ethertype:ip:udp:jmirror:ipv6:ipv6.routing,2
eth:ethertype:ip:udp:jmirror:ipv6:osi:data,2
eth:ethertype:ip:udp:jmirror:ipv6:vines_frp:vines_ip:data,2
eth:ethertype:ip:udp:jmirror:ipv6:swipe,2
eth:ethertype:ip:udp:ecatf:ecat_mailbox,2
eth:ethertype:ip:udp:jmirror:ipv6:pgm,2
eth:ethertype:ip:udp:jmirror:ipv6:ah:ipv6.hopopts,2
eth:ethertype:ip:udp:cpfi,2
eth:ethertype:ip:udp:tzsp:eth:ethertype:data,2
eth:ethertype:ip:udp:pathport,2
eth:ethertype:ip:udp:ddtp,2
eth:ethertype:ip:udp:mpls:pwach:data,2
eth:ethertype:ip:udp:amt:ip,2
eth:ethertype:ip:udp:sflow,2
eth:ethertype:ip:udp:oicq,2
eth:ethertype:ip:udp:db-lsp-disc:json:data-text-lines,2
eth:ethertype:ip:udp:vxlan,2
eth:ethertype:ip:udp:tipc:data,2
eth:ethertype:ip:udp:lisp:ipv6:data,1
eth:ethertype:ip:udp:bat.gw:ip,1
eth:ethertype:ip:udp:eth:ethertype:lwapp:wlan,1
eth:ethertype:ip:udp:lisp-data:ipv6:mpls:pwethheuristic:pwethcw:eth,1
eth:ethertype:ip:udp:uftp:uftp4,1
eth:ethertype:ip:udp:acdr:data,1
eth:ethertype:ip:udp:scop:wpan,1
eth:ethertype:ip:udp:lisp-data:ipv6:eigrp,1
eth:ethertype:ip:udp:lisp-data:ipv6:pim,1
eth:ethertype:ip:udp:lisp-data:ipv6:etherip:eth:llc,1
eth:ethertype:ip:udp:lisp-data:ipv6:dsr:data,1
eth:ethertype:ip:udp:rdpudp:tls,1
eth:ethertype:ip:udp:lisp-data:ipv6:vrrp,1
eth:ethertype:ip:udp:mpls:pwethheuristic:pwethnocw:eth:ethertype:data,1
eth:ethertype:ip:udp:udpencap,1
eth:ethertype:ip:udp:mpls:ipv6:pim,1
eth:ethertype:ip:udp:mpls:ipv6:swipe,1
eth:ethertype:ip:udp:wccp,1
eth:ethertype:ip:udp:jmirror:ipv6:esp,1
eth:ethertype:ip:udp:jmirror:ipv6:l2tp,1
eth:ethertype:ip:udp:jmirror:ipv6:vines_frp:vines_ip,1
eth:ethertype:ip:udp:olsr,1
eth:ethertype:ip:udp:lisp-data:ipv6:l2tp:data,1
eth:ethertype:ip:udp:cnip:lon,1
eth:ethertype:ip:udp:udpencap:data,1
eth:ethertype:ip:udp:acdr:ip:data,1
eth:ethertype:ip:udp:opensafety,1
eth:ethertype:ip:udp:llc:sna:data,1
eth:ethertype:ip:udp:coap:data:data,1
eth:ethertype:ip:udp:epl:data,1
eth:ethertype:ip:udp:lisp-data:ipv6:etherip:eth:ethertype:data,1
eth:ethertype:ip:udp:lisp-data:ipv6:vines_frp:vines_ip:data,1
eth:ethertype:ip:udp:megaco:h248,1
