eth:ethertype:ip:udp:data,10047090
eth:ethertype:ip:udp:syslog,6237838
eth:ethertype:ip:udp:stun,4934409
eth:ethertype:ip:udp:dns,3586783
eth:ethertype:ip:udp:snmp,2273026
eth:ethertype:ip:udp:ntp,1929179
eth:ethertype:ip:data,1160857
eth:ethertype:ip:udp:nbns,504442
eth:ethertype:ip:udp:sip,321783
eth:ethertype:ip:udp:coap,196633
eth:ethertype:ip:udp:cflow,134479
eth:ethertype:ip:udp:mdns,115262
eth:ethertype:ip:udp:rpc,105656
eth:ethertype:ip:udp:sip:xml,98028
eth:ethertype:ip:udp:ssdp,85009
eth:ethertype:ip:udp:cldap,71383
eth:ethertype:ip:udp:openvpn,70158
eth:ethertype:ip:udp:isakmp,67359
eth:ethertype:ip:udp,67162
eth:ethertype:ip:udp:memcache,65265
eth:ethertype:ip:udp:portcontrol,55530
eth:ethertype:ip:udp:dtls,53640
eth:ethertype:ip:udp:sip:data-text-lines,50734
eth:ethertype:ip:udp:capwap,45374
eth:ethertype:ip:udp:bvlc:bacnet:bacapp,44161
eth:ethertype:ip:udp:l2tp,41374
eth:ethertype:ip:udp:gtp,38276
eth:ethertype:ip:udp:rip,35182
eth:ethertype:ip:udp:srvloc,33263
eth:ethertype:ip:udp:tftp,28994
eth:ethertype:ip:udp:chargen,28734
eth:ethertype:ip:udp:quic:tls,25947
eth:ethertype:ip:udp:dhcp,25422
eth:ethertype:ip:udp:xdmcp,24272
eth:ethertype:ip:udp:udpencap:esp,23231
eth:ethertype:ip:udp:radius,23139
eth:ethertype:ip:udp:opensafety_udp:data,21253
eth:ethertype:ip:udp:gquic,19497
eth:ethertype:ip:udp:kerberos,18892
eth:ethertype:ip:udp:rmcp:ipmi_session:data,18834
eth:ethertype:ip:udp:rpc:data,17339
eth:ethertype:ip:udp:lwapp:data,16579
eth:ethertype:ip:udp:rdpudp,15078
eth:ethertype:ip:udp:enip,14115
eth:ethertype:ip:udp:echo,12097
eth:ethertype:ip:udp:classicstun,11937
eth:ethertype:ip:udp:omron,11623
eth:ethertype:ip:udp:gtp:gtpv2,11377
eth:ethertype:ip:udp:time,10646
eth:ethertype:ip:udp:daytime,10297
eth:ethertype:ip:udp:quic,8472
eth:ethertype:ip:udp:bfd,8457
eth:ethertype:ip:udp:udpencap:isakmp,8087
eth:ethertype:ip:udp:steam_ihs_discovery,7751
eth:ethertype:ip:udp:quake3,7663
eth:ethertype:ip:udp:hart_ip,6510
eth:ethertype:ip:udp:ecatf:ecat,6345
eth:ethertype:ip:udp:epl:data,5909
eth:ethertype:ip:udp:kip,5454
eth:ethertype:ip:udp:nbdgm:smb:browser,5295
eth:ethertype:ip:udp:teredo:ipv6,4860
eth:ethertype:ip:udp:iax2,4395
eth:ethertype:ip:udp:mgcp,4037
eth:ethertype:ip:udp:rtcp,3712
eth:ethertype:ip:udp:coap:data,3497
eth:ethertype:ip:udp:rmcp:asf,3298
eth:ethertype:ip:udp:llc,3073
eth:ethertype:ip:udp:raknet:raknet,1559
eth:ethertype:ip:udp:teredo:ipv6:icmpv6,1458
eth:ethertype:ip:udp:rtps,1167
eth:ethertype:ip:udp:cipio,1159
eth:ethertype:ip:udp:gtpprime,1071
eth:ethertype:ip:udp:dis,1032
eth:ethertype:ip:udp:quake3:data,798
eth:ethertype:ip:udp:ssdp:data,781
eth:ethertype:ip:udp:epl,770
eth:ethertype:ip:udp:asterix,616
eth:ethertype:ip:udp:wisun.eapol_relay:eapol:data,493
eth:ethertype:ip:udp:radius:eap,438
eth:ethertype:ip:udp:llc:data,414
eth:ethertype:ip:udp:wtp,348
eth:ethertype:ip:udp:tacacs,306
eth:ethertype:ip:udp:raknet:raknet:raknet,306
eth:ethertype:ip:udp:wtls,283
eth:ethertype:ip:udp:slimp3,218
eth:ethertype:ip:udp:cnip,212
eth:ethertype:ip:udp:wg,210
eth:ethertype:ip:udp:ulp,206
eth:ethertype:ip:udp:lwapp:wlan,192
eth:ethertype:ip:udp:scop:data,191
eth:ethertype:ip:udp:sbus,181
eth:ethertype:ip:udp:collectd,178
eth:ethertype:ip:udp:uaudp,173
eth:ethertype:ip:udp:llmnr,167
eth:ethertype:ip:udp:kdp,162
eth:ethertype:ip:udp:mint,154
eth:ethertype:ip:udp:pn_rt:pn_ptcp,154
eth:ethertype:ip:udp:raknet,150
eth:ethertype:ip:udp:bjnp,145
eth:ethertype:ip:udp:nano,140
eth:ethertype:ip:udp:gprs-ns,137
eth:ethertype:ip:udp:manolito,130
eth:ethertype:ip:udp:ts2,127
eth:ethertype:ip:udp:pktc.mtafqdn,125
eth:ethertype:ip:udp:bat.vis:data,124
eth:ethertype:ip:udp:rsvp,124
eth:ethertype:ip:udp:iax2:data,121
eth:ethertype:ip:udp:tzsp,119
eth:ethertype:ip:udp:ecmp,118
eth:ethertype:ip:udp:ath,107
eth:ethertype:ip:udp:db-lsp-disc,107
eth:ethertype:ip:udp:knet,106
eth:ethertype:ip:udp:opensafety:data,105
eth:ethertype:ip:udp:wsp,104
eth:ethertype:ip:udp:vuze-dht,104
eth:ethertype:ip:udp:sctp,100
eth:ethertype:ip:udp:bat.gw:data,97
eth:ethertype:ip:udp:ecatf:data,96
eth:ethertype:ip:udp:lisp:data,96
eth:ethertype:ip:udp:sap,95
eth:ethertype:ip:udp:stun:data,95
eth:ethertype:ip:udp:quakeworld:data,95
eth:ethertype:ip:udp:nxp_802154_sniffer:wpan,93
eth:ethertype:ip:udp:adp,91
eth:ethertype:ip:udp:dof,88
eth:ethertype:ip:udp:c1222,88
eth:ethertype:ip:udp:ajns,87
eth:ethertype:ip:udp:amt,86
eth:ethertype:ip:udp:ieee1722:data,86
eth:ethertype:ip:udp:kink,85
eth:ethertype:ip:udp:gsmtap,84
eth:ethertype:ip:udp:gsmtap:data,84
eth:ethertype:ip:udp:elasticsearch,79
eth:ethertype:ip:udp:capwap.data,79
eth:ethertype:ip:udp:ax4000,78
eth:ethertype:ip:udp:doip,77
eth:ethertype:ip:udp:h225,77
eth:ethertype:ip:udp:icp,77
eth:ethertype:ip:udp:tipc,74
eth:ethertype:ip:udp:egd:data,72
eth:ethertype:ip:udp:papi,71
eth:ethertype:ip:udp:corosync_totemnet:data,69
eth:ethertype:ip:udp:iapp,69
eth:ethertype:ip:udp:bat:data,68
eth:ethertype:ip:udp:sap:sdp,68
eth:ethertype:ip:udp:mikey,67
eth:ethertype:ip:udp:h248,65
eth:ethertype:ip:udp:wisun.eapol_relay:eapol,65
eth:ethertype:ip:udp:pfcp,65
eth:ethertype:ip:udp:dmp,65
eth:ethertype:ip:udp:pktc,64
eth:ethertype:ip:udp:gprs-ns:bssgp,59
eth:ethertype:ip:udp:ayiya,57
eth:ethertype:ip:udp:lisp-data,57
eth:ethertype:ip:udp:dvb_ipdc:data,56
eth:ethertype:ip:udp:mih,55
eth:ethertype:ip:udp:tplink-smarthome:json:data-text-lines,55
eth:ethertype:ip:udp:megaco:data,54
eth:ethertype:ip:udp:infiniband:data,53
eth:ethertype:ip:udp:h501,52
eth:ethertype:ip:udp:ipvs,51
eth:ethertype:ip:udp:msproxy,51
eth:ethertype:ip:udp:bfd_echo,50
eth:ethertype:ip:udp:mipv6,50
eth:ethertype:ip:udp:hcrt,50
eth:ethertype:ip:udp:pn_rt:pn_io,49
eth:ethertype:ip:udp:dpnet,48
eth:ethertype:ip:udp:quake:data,45
eth:ethertype:ip:udp:teredo:data,45
eth:ethertype:ip:udp:a21,44
eth:ethertype:ip:udp:eth:ethertype:data,42
eth:ethertype:ip:udp:wlccp,42
eth:ethertype:ip:udp:rsip,41
eth:ethertype:ip:udp:enrp,39
eth:ethertype:ip:udp:sabp,38
eth:ethertype:ip:udp:geneve,37
eth:ethertype:ip:udp:idn,37
eth:ethertype:ip:udp:cnip:data,37
eth:ethertype:ip:udp:mpls:data,36
eth:ethertype:ip:udp:rdt,34
eth:ethertype:ip:udp:hiqnet,33
eth:ethertype:ip:udp:tetra,33
eth:ethertype:ip:udp:sip:data-text-lines:xml,33
eth:ethertype:ip:udp:quake2:data,31
eth:ethertype:ip:udp:asap,29
eth:ethertype:ip:udp:dcc,27
eth:ethertype:ip:udp:goose:cotp,27
eth:ethertype:ip:udp:vrt,27
eth:ethertype:ip:udp:lwapp:wlan:data,26
eth:ethertype:ip:udp:lisp,26
eth:ethertype:ip:udp:geneve:data,24
eth:ethertype:ip:udp:vxlan:eth:ethertype:data,23
eth:ethertype:ip:udp:gre:data,22
eth:ethertype:ip:udp:infiniband,22
eth:ethertype:ip:udp:thrift,21
eth:ethertype:ip:udp:ecatf:ecat_mailbox,21
eth:ethertype:ip:udp:vxlan:eth:llc:data,21
eth:ethertype:ip:udp:ecatf:ams,21
eth:ethertype:ip:udp:ecatf:ioraw,20
eth:ethertype:ip:udp:nxp_802154_sniffer,18
eth:ethertype:ip:udp:ardp,17
eth:ethertype:ip:udp:rx,16
eth:ethertype:ip:udp:ecatf:tc_nv,16
eth:ethertype:ip:udp:mndp,15
eth:ethertype:ip:udp:quake2,15
eth:ethertype:ip:udp:dhcpv6,15
eth:ethertype:ip:udp:dlsw,15
eth:ethertype:ip:udp:gre,13
eth:ethertype:ip:udp:ltp,13
eth:ethertype:ip:udp:bvlc,13
eth:ethertype:ip:udp:scop,12
eth:ethertype:ip:udp:pn_rt,12
eth:ethertype:ip:udp:tzsp:data,12
eth:ethertype:ip:udp:dcp-etsi:dcp-pft,12
eth:ethertype:ip:udp:data:vssmonitoring,11
eth:ethertype:ip:udp:auto_rp,11
eth:ethertype:ip:udp:mpls:pwethheuristic:pwethcw:eth:ethertype:data,11
eth:ethertype:ip:udp:eth,10
eth:ethertype:ip:udp:lisp-data:ip:data,10
eth:ethertype:ip:udp:mpls:ip:data,10
eth:ethertype:ip:udp:sip:sdp,10
eth:ethertype:ip:udp:tsp,9
eth:ethertype:ip:udp:mpls:ipv6:data,9
eth:ethertype:ip:udp:who,8
eth:ethertype:ip:udp:kpasswd,8
eth:ethertype:ip:udp:egd,8
eth:ethertype:ip:udp:dlep,8
eth:ethertype:ip:udp:nbdgm,8
eth:ethertype:ip:udp:dcp-etsi:dcp-af,8
eth:ethertype:ip:udp:capwap:dtls,8
eth:ethertype:ip:udp:msmms,8
eth:ethertype:ip:udp:lmp,7
eth:ethertype:ip:udp:lbtrm,7
eth:ethertype:ip:udp:mip,7
eth:ethertype:ip:udp:lwres,7
eth:ethertype:ip:udp:packetbb,7
eth:ethertype:ip:udp:vxlan:eth,6
eth:ethertype:ip:udp:find,6
eth:ethertype:ip:udp:tpcp,6
eth:ethertype:ip:udp:nxp_802154_sniffer:wpan:data,6
eth:ethertype:ip:udp:ncp,6
eth:ethertype:ip:udp:rsp,6
eth:ethertype:ip:udp:cups,6
eth:ethertype:ip:udp:lisp-data:ip,6
eth:ethertype:ip:udp:jmirror:ipv6:data,6
eth:ethertype:ip:udp:tapa,5
eth:ethertype:ip:udp:ieee1722,5
eth:ethertype:ip:udp:ipx,5
eth:ethertype:ip:udp:ieee1722:iec61883,5
eth:ethertype:ip:udp:mpls:ip,5
eth:ethertype:ip:udp:quakeworld,5
eth:ethertype:ip:udp:xyplex,5
eth:ethertype:ip:udp:rtpproxy,5
eth:ethertype:ip:udp:sip:sigcomp,5
eth:ethertype:ip:udp:rx:afs,5
eth:ethertype:ip:udp:dvb_ipdc:alc:rmt-lct,4
eth:ethertype:ip:udp:amt:ip,4
eth:ethertype:ip:udp:armagetronad,4
eth:ethertype:ip:udp:ipx:data,4
eth:ethertype:ip:udp:ripng,4
eth:ethertype:ip:udp:cpfi,4
eth:ethertype:ip:udp:wtp:wsp,4
eth:ethertype:ip:udp:l2tp:data,4
eth:ethertype:ip:udp:quake,3
eth:ethertype:ip:udp:mint:eth:ethertype:data,3
eth:ethertype:ip:udp:mdns:vssmonitoring,3
eth:ethertype:ip:udp:pathport,3
eth:ethertype:ip:udp:lisp-data:ipv6:data,3
eth:ethertype:ip:udp:sabp:sabp,3
eth:ethertype:ip:udp:mpls,3
eth:ethertype:ip:udp:acdr:data,3
eth:ethertype:ip:udp:llc:sna:data,3
eth:ethertype:ip:udp:lwapp,3
eth:ethertype:ip:udp:capwap.data:dtls,3
eth:ethertype:ip:udp:bat.gw,3
eth:ethertype:ip:udp:wccp,2
eth:ethertype:ip:udp:acdr,2
eth:ethertype:ip:udp:udpencap,2
eth:ethertype:ip:udp:ltp:data,2
eth:ethertype:ip:udp:olsr,2
eth:ethertype:ip:udp:teredo,2
eth:ethertype:ip:udp:oicq,2
eth:ethertype:ip:udp:rdpudp:tls,2
eth:ethertype:ip:udp:aodv,2
eth:ethertype:ip:udp:ecatf,2
eth:ethertype:ip:udp:capwap.data:eth,2
eth:ethertype:ip:udp:eth:llc,2
eth:ethertype:ip:udp:snmp:snmp,2
eth:ethertype:ip:udp:bat.vis,2
eth:ethertype:ip:udp:wisun.eapol_relay,2
eth:ethertype:ip:udp:rdpudp:dtls,2
eth:ethertype:ip:udp:dtls:x509sat:x509sat:x509sat:x509sat,2
eth:ethertype:ip:udp:mpls:ipv6:ipv6.hopopts,2
eth:ethertype:ip:udp:jmirror:ipv6,2
eth:ethertype:ip:udp:scop:wpan,2
eth:ethertype:ip:udp:vxlan,2
eth:ethertype:ip:udp:ptp,2
eth:ethertype:ip:udp:tzsp:eth:ethertype:data,2
eth:ethertype:ip:udp:sflow,2
eth:ethertype:ip:udp:tzsp:tr,1
eth:ethertype:ip:udp:megaco:h248,1
eth:ethertype:ip:udp:mp2t,1
eth:ethertype:ip:udp:a11,1
eth:ethertype:ip:udp:capwap.data:data,1
eth:ethertype:ip:udp:cnip:lon,1
eth:ethertype:ip:udp:llc:osi:data,1
eth:ethertype:ip:udp:megaco,1
eth:ethertype:ip:udp:ayiya:dsr:ipv6.hopopts:ipv6.hopopts,1
eth:ethertype:ip:udp:eth:llc:data,1
eth:ethertype:ip:udp:lisp-data:ipv6:l2tp:data,1
eth:ethertype:ip:udp:jmirror:ipv6:ipcomp:data,1
eth:ethertype:ip:udp:jmirror:ipv6:vines_frp:vines_ip:data,1
eth:ethertype:ip:udp:jmirror:ipv6:ipv6.routing,1
eth:ethertype:ip:udp:jmirror:ipv6:ah,1
eth:ethertype:ip:udp:jmirror:ipv6:lwl4,1
eth:ethertype:ip:udp:mpls:ipv6:pgm,1
eth:ethertype:ip:udp:ddtp,1
eth:ethertype:ip:udp:mpls:pwethheuristic:pwethnocw:eth:ethertype:data,1
eth:ethertype:ip:udp:mpls:ipv6,1
eth:ethertype:ip:udp:capwap.data:eth:ethertype:data,1
eth:ethertype:ip:udp:db-lsp-disc:json:data-text-lines,1
eth:ethertype:ip:udp:hip,1
