eth:ethertype:ip:udp:data,9877958
eth:ethertype:ip:udp:stun,4577366
eth:ethertype:ip:udp:syslog,4546414
eth:ethertype:ip:udp:dns,3813879
eth:ethertype:ip:udp:ntp,2157215
eth:ethertype:ip:udp:snmp,1612641
eth:ethertype:ip:data,1612283
eth:ethertype:ip:udp:nbns,1044332
eth:ethertype:ip:udp:sip,436568
eth:ethertype:ip:udp:ssdp,179531
eth:ethertype:ip:udp:coap,176480
eth:ethertype:ip:udp:cflow,161731
eth:ethertype:ip:udp:cldap,138296
eth:ethertype:ip:udp,122768
eth:ethertype:ip:udp:mdns,102618
eth:ethertype:ip:udp:sip:xml,102296
eth:ethertype:ip:udp:rpc,99874
eth:ethertype:ip:udp:openvpn,86584
eth:ethertype:ip:udp:isakmp,82008
eth:ethertype:ip:udp:portcontrol,74028
eth:ethertype:ip:udp:memcache,68781
eth:ethertype:ip:udp:dtls,65373
eth:ethertype:ip:udp:gtp,59850
eth:ethertype:ip:udp:sip:data-text-lines,52809
eth:ethertype:ip:udp:rip,48693
eth:ethertype:ip:udp:srvloc,48636
eth:ethertype:ip:udp:l2tp,46090
eth:ethertype:ip:udp:capwap,43749
eth:ethertype:ip:udp:chargen,41057
eth:ethertype:ip:udp:bvlc:bacnet:bacapp,36595
eth:ethertype:ip:udp:rmcp:ipmi_session:data,35891
eth:ethertype:ip:udp:quake3,30861
eth:ethertype:ip:udp:rdpudp,29351
eth:ethertype:ip:udp:radius,27302
eth:ethertype:ip:udp:xdmcp,26949
eth:ethertype:ip:udp:udpencap:esp,26269
eth:ethertype:ip:udp:tftp,23913
eth:ethertype:ip:udp:gquic,21037
eth:ethertype:ip:udp:quic:tls,20511
eth:ethertype:ip:udp:kerberos,19941
eth:ethertype:ip:udp:bfd,18918
eth:ethertype:ip:udp:lwapp:data,17303
eth:ethertype:ip:udp:dhcp,16609
eth:ethertype:ip:udp:echo,13673
eth:ethertype:ip:udp:enip,13484
eth:ethertype:ip:udp:omron,13484
eth:ethertype:ip:udp:gtp:gtpv2,11909
eth:ethertype:ip:udp:classicstun,11899
eth:ethertype:ip:udp:time,11812
eth:ethertype:ip:udp:ayiya,10322
eth:ethertype:ip:udp:daytime,10269
eth:ethertype:ip:udp:ecatf:ecat,10208
eth:ethertype:ip:udp:steam_ihs_discovery,10021
eth:ethertype:ip:udp:nbdgm:smb:browser,9661
eth:ethertype:ip:udp:teredo:ipv6,9157
eth:ethertype:ip:udp:udpencap:isakmp,6928
eth:ethertype:ip:udp:mgcp,6548
eth:ethertype:ip:udp:hart_ip,5958
eth:ethertype:ip:udp:kip,5605
eth:ethertype:ip:udp:rtcp,5015
eth:ethertype:ip:udp:iax2,4286
eth:ethertype:ip:udp:coap:data,3957
eth:ethertype:ip:udp:rmcp:asf,3447
eth:ethertype:ip:udp:llmnr,3218
eth:ethertype:ip:udp:quic,2464
eth:ethertype:ip:udp:raknet:raknet,1978
eth:ethertype:ip:udp:quake3:data,1281
eth:ethertype:ip:udp:dis,1235
eth:ethertype:ip:udp:asterix,953
eth:ethertype:ip:udp:raknet:raknet:raknet,940
eth:ethertype:ip:udp:gtpprime,935
eth:ethertype:ip:udp:rtps,916
eth:ethertype:ip:udp:mipv6,916
eth:ethertype:ip:udp:cipio,907
eth:ethertype:ip:udp:hcrt,879
eth:ethertype:ip:udp:teredo:ipv6:icmpv6,806
eth:ethertype:ip:udp:wsp,710
eth:ethertype:ip:udp:pktc.mtafqdn,691
eth:ethertype:ip:udp:dmp,662
eth:ethertype:ip:udp:dof,660
eth:ethertype:ip:udp:wtls,636
eth:ethertype:ip:udp:ssdp:data,633
eth:ethertype:ip:udp:h225,511
eth:ethertype:ip:udp:mint,489
eth:ethertype:ip:udp:llc:data,488
eth:ethertype:ip:udp:kink,487
eth:ethertype:ip:udp:icp,480
eth:ethertype:ip:udp:elasticsearch,467
eth:ethertype:ip:udp:sbus,440
eth:ethertype:ip:udp:lisp:data,412
eth:ethertype:ip:udp:ts2,407
eth:ethertype:ip:udp:ulp,405
eth:ethertype:ip:udp:ipvs,399
eth:ethertype:ip:udp:wisun.eapol_relay:eapol:data,388
eth:ethertype:ip:udp:scop:data,381
eth:ethertype:ip:udp:rsip,375
eth:ethertype:ip:udp:ath,369
eth:ethertype:ip:udp:raknet,345
eth:ethertype:ip:udp:radius:eap,344
eth:ethertype:ip:udp:tplink-smarthome:json:data-text-lines,342
eth:ethertype:ip:udp:cnip,330
eth:ethertype:ip:udp:uaudp,328
eth:ethertype:ip:udp:tzsp,308
eth:ethertype:ip:udp:ajns,295
eth:ethertype:ip:udp:gsmtap:data,292
eth:ethertype:ip:udp:sctp,291
eth:ethertype:ip:udp:nano,289
eth:ethertype:ip:udp:wlccp,280
eth:ethertype:ip:udp:megaco:data,278
eth:ethertype:ip:udp:vuze-dht,276
eth:ethertype:ip:udp:idn,271
eth:ethertype:ip:udp:corosync_totemnet:data,269
eth:ethertype:ip:udp:db-lsp-disc,268
eth:ethertype:ip:udp:bfd_echo,267
eth:ethertype:ip:udp:pn_rt:pn_ptcp,263
eth:ethertype:ip:udp:msproxy,256
eth:ethertype:ip:udp:ecmp,250
eth:ethertype:ip:udp:rdt,248
eth:ethertype:ip:udp:pktc,246
eth:ethertype:ip:udp:tipc,243
eth:ethertype:ip:udp:manolito,238
eth:ethertype:ip:udp:collectd,234
eth:ethertype:ip:udp:pfcp,232
eth:ethertype:ip:udp:a21,226
eth:ethertype:ip:udp:asap,211
eth:ethertype:ip:udp:knet,210
eth:ethertype:ip:udp:enrp,207
eth:ethertype:ip:udp:mikey,203
eth:ethertype:ip:udp:iapp,200
eth:ethertype:ip:udp:lwapp:wlan,191
eth:ethertype:ip:udp:wg,187
eth:ethertype:ip:udp:rsvp,186
eth:ethertype:ip:udp:wtp,180
eth:ethertype:ip:udp:amt,180
eth:ethertype:ip:udp:eth,178
eth:ethertype:ip:udp:bjnp,168
eth:ethertype:ip:udp:c1222,163
eth:ethertype:ip:udp:quake:data,162
eth:ethertype:ip:udp:adp,162
eth:ethertype:ip:udp:ax4000,161
eth:ethertype:ip:udp:lisp-data,159
eth:ethertype:ip:udp:quake2:data,157
eth:ethertype:ip:udp:mpls-echo,151
eth:ethertype:ip:udp:gprs-ns,150
eth:ethertype:ip:udp:lmp,144
eth:ethertype:ip:udp:kdp,142
eth:ethertype:ip:udp:bat.gw:data,135
eth:ethertype:ip:udp:gprs-ns:bssgp,126
eth:ethertype:ip:udp:mpls:data,124
eth:ethertype:ip:udp:stun:data,123
eth:ethertype:ip:udp:vrt,111
eth:ethertype:ip:udp:bat:data,107
eth:ethertype:ip:udp:teredo:data,103
eth:ethertype:ip:udp:ieee1722:data,99
eth:ethertype:ip:udp:iax2:data,98
eth:ethertype:ip:udp:nbdgm:smb:data,96
eth:ethertype:ip:udp:h248,94
eth:ethertype:ip:udp:bat.vis:data,91
eth:ethertype:ip:udp:capwap.data:eth:ethertype:data,90
eth:ethertype:ip:udp:rx,90
eth:ethertype:ip:udp:h501,87
eth:ethertype:ip:udp:tetra,84
eth:ethertype:ip:udp:capwap.data,84
eth:ethertype:ip:udp:dcc,83
eth:ethertype:ip:udp:ecatf:data,80
eth:ethertype:ip:udp:quakeworld:data,79
eth:ethertype:ip:udp:opensafety_udp:data,76
eth:ethertype:ip:udp:sap,75
eth:ethertype:ip:udp:doip,72
eth:ethertype:ip:udp:egd:data,72
eth:ethertype:ip:udp:eth:ethertype:data,70
eth:ethertype:ip:udp:dvb_ipdc:data,65
eth:ethertype:ip:udp:pn_rt:pn_io,59
eth:ethertype:ip:udp:dpnet,58
eth:ethertype:ip:udp:nxp_802154_sniffer,58
eth:ethertype:ip:udp:sabp:sabp,57
eth:ethertype:ip:udp:sabp,55
eth:ethertype:ip:udp:tacacs,55
eth:ethertype:ip:udp:lisp,53
eth:ethertype:ip:udp:gre:data,53
eth:ethertype:ip:udp:hiqnet,52
eth:ethertype:ip:udp:enttec,52
eth:ethertype:ip:udp:vxlan:eth:llc:data,50
eth:ethertype:ip:udp:nxp_802154_sniffer:wpan,46
eth:ethertype:ip:udp:opensafety:data,43
eth:ethertype:ip:udp:cnip:data,43
eth:ethertype:ip:udp:mpls:pwethheuristic:pwethcw:eth:ethertype:data,41
eth:ethertype:ip:udp:mih,40
eth:ethertype:ip:udp:lwapp:wlan:data,39
eth:ethertype:ip:udp:infiniband,38
eth:ethertype:ip:udp:capwap:dtls,37
eth:ethertype:ip:udp:lwres,36
eth:ethertype:ip:udp:geneve:data,35
eth:ethertype:ip:udp:gsmtap,31
eth:ethertype:ip:udp:vxlan:eth:ethertype:data,30
eth:ethertype:ip:udp:capwap.data:dtls,30
eth:ethertype:ip:udp:mpls:ip:data,28
eth:ethertype:ip:udp:mpls:ipv6:data,26
eth:ethertype:ip:udp:vxlan:eth,25
eth:ethertype:ip:udp:wtp:wsp,22
eth:ethertype:ip:udp:lisp-data:ip:data,21
eth:ethertype:ip:udp:geneve,20
eth:ethertype:ip:udp:ltp,20
eth:ethertype:ip:udp:wol,20
eth:ethertype:ip:udp:gre,19
eth:ethertype:ip:udp:goose:cotp,19
eth:ethertype:ip:udp:wisun.eapol_relay,19
eth:ethertype:ip:udp:lisp-data:ipv6:data,19
eth:ethertype:ip:udp:egd,18
eth:ethertype:ip:udp:ardp,17
eth:ethertype:ip:udp:data:vssmonitoring,17
eth:ethertype:ip:udp:pn_rt,16
eth:ethertype:ip:udp:quake2,15
eth:ethertype:ip:udp:rdpudp:tls,15
eth:ethertype:ip:udp:ecatf:ioraw,14
eth:ethertype:ip:udp:nbdgm,14
eth:ethertype:ip:udp:mpls:ip,14
eth:ethertype:ip:udp:l2tp:ppp:comp_data,14
eth:ethertype:ip:udp:dcp-etsi:dcp-pft,13
eth:ethertype:ip:udp:tsp,13
eth:ethertype:ip:udp:rpc:portmap,13
eth:ethertype:ip:udp:dlsw,12
eth:ethertype:ip:udp:dhcpv6,12
eth:ethertype:ip:udp:infiniband:data,12
eth:ethertype:ip:udp:who,12
eth:ethertype:ip:udp:l2tp:data,12
eth:ethertype:ip:udp:dlep,12
eth:ethertype:ip:udp:mndp,11
eth:ethertype:ip:udp:llc,11
eth:ethertype:ip:udp:find,11
eth:ethertype:ip:udp:sigcomp,11
eth:ethertype:ip:udp:ripng,11
eth:ethertype:ip:udp:ecatf:ams,11
eth:ethertype:ip:udp:nxp_802154_sniffer:wpan:data,11
eth:ethertype:ip:udp:mpls:ipv6:ipv6.hopopts,11
eth:ethertype:ip:udp:sip:data-text-lines:xml,11
eth:ethertype:ip:udp:slimp3,10
eth:ethertype:ip:udp:thrift,10
eth:ethertype:ip:udp:lwapp,10
eth:ethertype:ip:udp:mpls,10
eth:ethertype:ip:udp:mpls:pwach:data,10
eth:ethertype:ip:udp:dcp-etsi:dcp-af,9
eth:ethertype:ip:udp:ieee1722:iec61883,9
eth:ethertype:ip:udp:ncp,9
eth:ethertype:ip:udp:kpasswd,9
eth:ethertype:ip:udp:rdpudp:dtls,9
eth:ethertype:ip:udp:sip:sdp,8
eth:ethertype:ip:udp:tzsp:data,7
eth:ethertype:ip:udp:scop,7
eth:ethertype:ip:udp:armagetronad,7
eth:ethertype:ip:udp:xyplex,7
eth:ethertype:ip:udp:ecatf:tc_nv,7
eth:ethertype:ip:udp:acdr,7
eth:ethertype:ip:udp:pathport,7
eth:ethertype:ip:udp:ipx:data,7
eth:ethertype:ip:udp:rsp,7
eth:ethertype:ip:udp:rx:afs,7
eth:ethertype:ip:udp:rtpproxy,6
eth:ethertype:ip:udp:lisp-data:ip,6
eth:ethertype:ip:udp:quakeworld,5
eth:ethertype:ip:udp:udpencap,5
eth:ethertype:ip:udp:mint:eth:ethertype:data,5
eth:ethertype:ip:udp:amt:ip,5
eth:ethertype:ip:udp:ipx,5
eth:ethertype:ip:udp:rdpudp:data,5
eth:ethertype:ip:udp:wisun.eapol_relay:eapol,4
eth:ethertype:ip:udp:auto_rp,4
eth:ethertype:ip:udp:dvb_ipdc:alc:rmt-lct,4
eth:ethertype:ip:udp:eth:llc:data,4
eth:ethertype:ip:udp:dvb_ipdc:alc:data,4
eth:ethertype:ip:udp:ddtp,4
eth:ethertype:ip:udp:packetbb,4
eth:ethertype:ip:udp:teredo,3
eth:ethertype:ip:udp:msmms,3
eth:ethertype:ip:udp:ltp:data,3
eth:ethertype:ip:udp:ieee1722,3
eth:ethertype:ip:udp:tpcp,3
eth:ethertype:ip:udp:sflow,3
eth:ethertype:ip:udp:mip,3
eth:ethertype:ip:udp:sip:sigcomp,3
eth:ethertype:ip:udp:lisp-data:ipv6,3
eth:ethertype:ip:udp:lbtrm,3
eth:ethertype:ip:udp:cnip:lon,2
eth:ethertype:ip:udp:acdr:data,2
eth:ethertype:ip:udp:ptp,2
eth:ethertype:ip:udp:udpencap:data,2
eth:ethertype:ip:udp:wccp,2
eth:ethertype:ip:udp:llc:sna:data,2
eth:ethertype:ip:udp:jmirror:ipv6,2
eth:ethertype:ip:udp:bat.vis,2
eth:ethertype:ip:udp:mpls:ipv6:lwl4,2
eth:ethertype:ip:udp:mpls:ipv6:vrrp,2
eth:ethertype:ip:udp:tapa,2
eth:ethertype:ip:udp:vxlan,2
eth:ethertype:ip:udp:aodv,2
eth:ethertype:ip:udp:ip,2
eth:ethertype:ip:udp:lisp-data:ipv6:esp,2
eth:ethertype:ip:udp:mpls:ipv6,2
eth:ethertype:ip:udp:ecatf,2
eth:ethertype:ip:udp:dvb_ipdc:alc:rmt-lct:data,2
eth:ethertype:ip:udp:l2tp:ppp:data,2
eth:ethertype:ip:udp:cups,2
eth:ethertype:ip:udp:megaco,2
eth:ethertype:ip:udp:eth:llc,2
eth:ethertype:ip:udp:opensafety_udp,2
eth:ethertype:ip:udp:actrace,1
eth:ethertype:ip:udp:capwap.data:data,1
eth:ethertype:ip:udp:papi,1
eth:ethertype:ip:udp:bat.gw:ip,1
eth:ethertype:ip:udp:tzsp:eth:ethertype:data,1
eth:ethertype:ip:udp:mpls:pwethheuristic:pwethcw:eth,1
eth:ethertype:ip:udp:mpls:ipv6:ipcomp:data,1
eth:ethertype:ip:udp:mpls:ipv6:nhrp,1
eth:ethertype:ip:udp:mpls:ipv6:ah,1
eth:ethertype:ip:udp:mpls:ipv6:ospf,1
eth:ethertype:ip:udp:mpls:ipv6:swipe,1
eth:ethertype:ip:udp:ieee1722:aaf,1
eth:ethertype:ip:udp:oicq,1
eth:ethertype:ip:udp:ayiya:dsr:ipv6.hopopts:ipv6.hopopts,1
eth:ethertype:ip:udp:ecatf:ecat_mailbox,1
eth:ethertype:ip:udp:scop:wpan,1
eth:ethertype:ip:udp:rmcp:data,1
eth:ethertype:ip:udp:lisp-data:ipv6:eigrp,1
eth:ethertype:ip:udp:lisp-data:ipv6:vines_frp:vines_ip:data,1
eth:ethertype:ip:udp:lisp-data:ipv6:l2tp:data,1
eth:ethertype:ip:udp:jmirror:ipv6:data,1
eth:ethertype:ip:udp:sap:sdp,1
eth:ethertype:ip:udp:teredo:ipv6:data,1
eth:ethertype:ip:udp:bat.gw,1
eth:ethertype:ip:udp:mpls:ipv6:gre:data,1
eth:ethertype:ip:udp:quake,1
eth:ethertype:ip:udp:nbdgm:smb:smb_netlogon,1
eth:ethertype:ip:udp:dtls:x509sat:x509sat:x509sat:x509sat,1
eth:ethertype:ip:udp:cpfi,1
