eth:ethertype:ip:udp:data,8363178
eth:ethertype:ip:udp:stun,5660986
eth:ethertype:ip:udp:syslog,4661236
eth:ethertype:ip:udp:dns,4599295
eth:ethertype:ip:udp:snmp,2229061
eth:ethertype:ip:udp:ntp,2109199
eth:ethertype:ip:data,1246440
eth:ethertype:ip:udp:nbns,570147
eth:ethertype:ip:udp:sip,246475
eth:ethertype:ip:udp:cldap,188671
eth:ethertype:ip:udp:cflow,157183
eth:ethertype:ip:udp:coap,136756
eth:ethertype:ip:udp:sip:xml,101524
eth:ethertype:ip:udp:mdns,93136
eth:ethertype:ip:udp:isakmp,83521
eth:ethertype:ip:udp:rpc,69838
eth:ethertype:ip:udp:memcache,68919
eth:ethertype:ip:udp:dtls,55788
eth:ethertype:ip:udp:ssdp,53766
eth:ethertype:ip:udp:sip:data-text-lines,52557
eth:ethertype:ip:udp:openvpn,50471
eth:ethertype:ip:udp,50440
eth:ethertype:ip:udp:srvloc,44863
eth:ethertype:ip:udp:capwap,43578
eth:ethertype:ip:udp:portcontrol,39056
eth:ethertype:ip:udp:gtp,36005
eth:ethertype:ip:udp:dhcp,35614
eth:ethertype:ip:udp:bvlc:bacnet:bacapp,34399
eth:ethertype:ip:udp:quic:tls,30558
eth:ethertype:ip:udp:l2tp,30536
eth:ethertype:ip:udp:udpencap:esp,23072
eth:ethertype:ip:udp:rip,20637
eth:ethertype:ip:udp:gquic,20430
eth:ethertype:ip:udp:xdmcp,20041
eth:ethertype:ip:udp:tftp,19838
eth:ethertype:ip:udp:kerberos,19126
eth:ethertype:ip:udp:time,18502
eth:ethertype:ip:udp:lwapp:data,17181
eth:ethertype:ip:udp:chargen,17122
eth:ethertype:ip:udp:radius,16829
eth:ethertype:ip:udp:rdpudp,16089
eth:ethertype:ip:udp:classicstun,14214
eth:ethertype:ip:udp:gtp:gtpv2,13084
eth:ethertype:ip:udp:rmcp:ipmi_session:data,12975
eth:ethertype:ip:udp:echo,12851
eth:ethertype:ip:udp:nbdgm:smb:browser,12779
eth:ethertype:ip:udp:enip,12666
eth:ethertype:ip:udp:rtcp,11500
eth:ethertype:ip:udp:omron,11457
eth:ethertype:ip:udp:daytime,10307
eth:ethertype:ip:udp:quake3,10258
eth:ethertype:ip:udp:ecatf:ecat,10211
eth:ethertype:ip:udp:bfd,9305
eth:ethertype:ip:udp:quic,8540
eth:ethertype:ip:udp:steam_ihs_discovery,8437
eth:ethertype:ip:udp:udpencap:isakmp,6699
eth:ethertype:ip:udp:kip,5540
eth:ethertype:ip:udp:hart_ip,4716
eth:ethertype:ip:udp:teredo:ipv6,4538
eth:ethertype:ip:udp:mgcp,4364
eth:ethertype:ip:udp:iax2,3790
eth:ethertype:ip:udp:coap:data,3531
eth:ethertype:ip:udp:rmcp:asf,3406
eth:ethertype:ip:udp:rsip,1975
eth:ethertype:ip:udp:goose:cotp,1878
eth:ethertype:ip:udp:teredo:ipv6:icmpv6,1709
eth:ethertype:ip:udp:wtp,1400
eth:ethertype:ip:udp:cipio,1135
eth:ethertype:ip:udp:dis,1108
eth:ethertype:ip:udp:rtps,1099
eth:ethertype:ip:udp:gtpprime,1090
eth:ethertype:ip:udp:quake3:data,1036
eth:ethertype:ip:udp:raknet:raknet,1026
eth:ethertype:ip:udp:wisun.eapol_relay:eapol:data,983
eth:ethertype:ip:udp:wol,973
eth:ethertype:ip:udp:radius:eap,887
eth:ethertype:ip:udp:elasticsearch,832
eth:ethertype:ip:udp:ssdp:data,767
eth:ethertype:ip:udp:ipvs,546
eth:ethertype:ip:udp:adp,513
eth:ethertype:ip:udp:bat.gw:data,513
eth:ethertype:ip:udp:llmnr,475
eth:ethertype:ip:udp:llc:data,420
eth:ethertype:ip:udp:quakeworld:data,415
eth:ethertype:ip:udp:corosync_totemnet:data,393
eth:ethertype:ip:udp:iapp,388
eth:ethertype:ip:udp:wtls,386
eth:ethertype:ip:udp:h501,385
eth:ethertype:ip:udp:ieee1722:data,366
eth:ethertype:ip:udp:stun:data,366
eth:ethertype:ip:udp:sctp,327
eth:ethertype:ip:udp:uaudp,316
eth:ethertype:ip:udp:pn_rt:pn_ptcp,311
eth:ethertype:ip:udp:gprs-ns:bssgp,308
eth:ethertype:ip:udp:scop:data,301
eth:ethertype:ip:udp:cnip,291
eth:ethertype:ip:udp:opensafety:data,278
eth:ethertype:ip:udp:db-lsp-disc,259
eth:ethertype:ip:udp:lwapp:wlan,254
eth:ethertype:ip:udp:ax4000,212
eth:ethertype:ip:udp:quake:data,201
eth:ethertype:ip:udp:tetra,195
eth:ethertype:ip:udp:dof,191
eth:ethertype:ip:udp:hcrt,187
eth:ethertype:ip:udp:bjnp,186
eth:ethertype:ip:udp:ecmp,184
eth:ethertype:ip:udp:nano,182
eth:ethertype:ip:udp:vxlan,179
eth:ethertype:ip:udp:wg,178
eth:ethertype:ip:udp:capwap.data,177
eth:ethertype:ip:udp:dvb_ipdc:data,177
eth:ethertype:ip:udp:idn,174
eth:ethertype:ip:udp:wsp,170
eth:ethertype:ip:udp:asterix,164
eth:ethertype:ip:udp:manolito,161
eth:ethertype:ip:udp:h225,159
eth:ethertype:ip:udp:mint,152
eth:ethertype:ip:udp:mpls-echo,150
eth:ethertype:ip:udp:ieee1722,143
eth:ethertype:ip:udp:icp,142
eth:ethertype:ip:udp:c1222,140
eth:ethertype:ip:udp:lisp:data,140
eth:ethertype:ip:udp:egd:data,136
eth:ethertype:ip:udp:rdt,132
eth:ethertype:ip:udp:vrt,130
eth:ethertype:ip:udp:tzsp,128
eth:ethertype:ip:udp:tacacs,123
eth:ethertype:ip:udp:sap,122
eth:ethertype:ip:udp:raknet,117
eth:ethertype:ip:udp:bat.vis:data,114
eth:ethertype:ip:udp:knet,108
eth:ethertype:ip:udp:gre:data,105
eth:ethertype:ip:udp:capwap:dtls,104
eth:ethertype:ip:udp:doip,103
eth:ethertype:ip:udp:kink,103
eth:ethertype:ip:udp:asap,102
eth:ethertype:ip:udp:ncp,102
eth:ethertype:ip:udp:papi,96
eth:ethertype:ip:udp:ayiya,89
eth:ethertype:ip:udp:msproxy,86
eth:ethertype:ip:udp:gprs-ns,85
eth:ethertype:ip:udp:collectd,83
eth:ethertype:ip:udp:teredo:data,83
eth:ethertype:ip:udp:ajns,83
eth:ethertype:ip:udp:gsmtap:data,82
eth:ethertype:ip:udp:sbus,82
eth:ethertype:ip:udp:iax2:data,80
eth:ethertype:ip:udp:pfcp,76
eth:ethertype:ip:udp:bat:data,70
eth:ethertype:ip:udp:ath,70
eth:ethertype:ip:udp:kdp,69
eth:ethertype:ip:udp:megaco:data,67
eth:ethertype:ip:udp:dcc,66
eth:ethertype:ip:udp:h248,65
eth:ethertype:ip:udp:mipv6,65
eth:ethertype:ip:udp:dpnet,65
eth:ethertype:ip:udp:amt,64
eth:ethertype:ip:udp:bfd_echo,64
eth:ethertype:ip:udp:rsvp,64
eth:ethertype:ip:udp:ts2,63
eth:ethertype:ip:udp:gre,62
eth:ethertype:ip:udp:tipc,61
eth:ethertype:ip:udp:vuze-dht,61
eth:ethertype:ip:udp:lisp-data,60
eth:ethertype:ip:udp:wlccp,60
eth:ethertype:ip:udp:infiniband,60
eth:ethertype:ip:udp:mih,58
eth:ethertype:ip:udp:pktc.mtafqdn,57
eth:ethertype:ip:udp:mikey,54
eth:ethertype:ip:udp:tplink-smarthome:json:data-text-lines,54
eth:ethertype:ip:udp:nxp_802154_sniffer:wpan,53
eth:ethertype:ip:udp:ulp,52
eth:ethertype:ip:udp:pktc,51
eth:ethertype:ip:udp:a21,51
eth:ethertype:ip:udp:enrp,48
eth:ethertype:ip:udp:pn_rt:pn_io,44
eth:ethertype:ip:udp:opensafety_udp:data,43
eth:ethertype:ip:udp:quake2:data,42
eth:ethertype:ip:udp:gsmtap,42
eth:ethertype:ip:udp:data:vssmonitoring,41
eth:ethertype:ip:udp:rx,37
eth:ethertype:ip:udp:eth:ethertype:data,36
eth:ethertype:ip:udp:lwapp:wlan:data,35
eth:ethertype:ip:udp:mojito,35
eth:ethertype:ip:udp:geneve,32
eth:ethertype:ip:udp:vxlan:eth:ethertype:data,32
eth:ethertype:ip:udp:ecatf:data,32
eth:ethertype:ip:udp:sabp,31
eth:ethertype:ip:udp:cnip:data,29
eth:ethertype:ip:udp:pn_rt,27
eth:ethertype:ip:udp:thrift,27
eth:ethertype:ip:udp:hiqnet,26
eth:ethertype:ip:udp:wisun.eapol_relay:eapol,26
eth:ethertype:ip:udp:nxp_802154_sniffer,26
eth:ethertype:ip:udp:nbdgm,24
eth:ethertype:ip:udp:dmp,22
eth:ethertype:ip:udp:mpls:data,22
eth:ethertype:ip:udp:lisp,22
eth:ethertype:ip:udp:eth,22
eth:ethertype:ip:udp:dcp-etsi:dcp-pft,21
eth:ethertype:ip:udp:wisun.eapol_relay,20
eth:ethertype:ip:udp:geneve:data,20
eth:ethertype:ip:udp:dhcpv6,19
eth:ethertype:ip:udp:rpc:portmap,18
eth:ethertype:ip:udp:ltp,17
eth:ethertype:ip:udp:vxlan:eth,15
eth:ethertype:ip:udp:infiniband:data,15
eth:ethertype:ip:udp:egd,14
eth:ethertype:ip:udp:quake2,14
eth:ethertype:ip:udp:ardp,14
eth:ethertype:ip:udp:llc,14
eth:ethertype:ip:udp:pathport,14
eth:ethertype:ip:udp:dvb_ipdc:alc:data,13
eth:ethertype:ip:udp:rx:afs,13
eth:ethertype:ip:udp:tsp,12
eth:ethertype:ip:udp:mndp,12
eth:ethertype:ip:udp:rtpproxy,11
eth:ethertype:ip:udp:ieee1722:iec61883,11
eth:ethertype:ip:udp:mpls:ip,11
eth:ethertype:ip:udp:rsp,10
eth:ethertype:ip:udp:lwres,9
eth:ethertype:ip:udp:who,9
eth:ethertype:ip:udp:rdpudp:tls,9
eth:ethertype:ip:udp:l2tp:data,9
eth:ethertype:ip:udp:dlep,8
eth:ethertype:ip:udp:nxp_802154_sniffer:wpan:data,8
eth:ethertype:ip:udp:mpls:pwethheuristic:pwethcw:eth:ethertype:data,7
eth:ethertype:ip:udp:tzsp:data,7
eth:ethertype:ip:udp:ripng,7
eth:ethertype:ip:udp:msmms,7
eth:ethertype:ip:udp:tipc:data,7
eth:ethertype:ip:udp:mpls,7
eth:ethertype:ip:udp:data:f5ethtrailer,7
eth:ethertype:ip:udp:slimp3,7
eth:ethertype:ip:udp:sigcomp,7
eth:ethertype:ip:udp:cups,7
eth:ethertype:ip:udp:ecatf:tc_nv,7
eth:ethertype:ip:udp:xyplex,7
eth:ethertype:ip:udp:raknet:raknet:raknet,7
eth:ethertype:ip:udp:find,6
eth:ethertype:ip:udp:dcp-etsi:dcp-af,6
eth:ethertype:ip:udp:scop,6
eth:ethertype:ip:udp:goose:cotp:data,6
eth:ethertype:ip:udp:kpasswd,6
eth:ethertype:ip:udp:sip:sigcomp,6
eth:ethertype:ip:udp:acdr,6
eth:ethertype:ip:udp:dlsw,5
eth:ethertype:ip:udp:tapa,5
eth:ethertype:ip:udp:wtp:wsp,5
eth:ethertype:ip:udp:mpls:ipv6:data,5
eth:ethertype:ip:udp:auto_rp,4
eth:ethertype:ip:udp:quake,4
eth:ethertype:ip:udp:lwapp,4
eth:ethertype:ip:udp:lmp,4
eth:ethertype:ip:udp:olsr,4
eth:ethertype:ip:udp:sabp:sabp,4
eth:ethertype:ip:udp:capwap.data:dtls,4
eth:ethertype:ip:udp:ltp:data,3
eth:ethertype:ip:udp:ipx:data,3
eth:ethertype:ip:udp:a11,3
eth:ethertype:ip:udp:ipx,3
eth:ethertype:ip:udp:packetbb,3
eth:ethertype:ip:udp:amt:ip,3
eth:ethertype:ip:udp:opensafety_udp,3
eth:ethertype:ip:udp:dvb_ipdc:alc:rmt-lct,3
eth:ethertype:ip:udp:rdpudp:dtls,3
eth:ethertype:ip:udp:lbtrm,3
eth:ethertype:ip:udp:mint:eth:ethertype:data,3
eth:ethertype:ip:udp:mip,3
eth:ethertype:ip:udp:bat.gw,3
eth:ethertype:ip:udp:gre:wlan,3
eth:ethertype:ip:udp:quakeworld,2
eth:ethertype:ip:udp:cpfi,2
eth:ethertype:ip:udp:jmirror:ipv6,2
eth:ethertype:ip:udp:lisp-data:ipv6,2
eth:ethertype:ip:udp:actrace,2
eth:ethertype:ip:udp:epl,2
eth:ethertype:ip:udp:icq,2
eth:ethertype:ip:udp:ddtp,2
eth:ethertype:ip:udp:rsp:asf:data,2
eth:ethertype:ip:udp:vxlan:eth:llc:data,2
eth:ethertype:ip:udp:tzsp:eth:ethertype:data,2
eth:ethertype:ip:udp:ecatf:ioraw,2
eth:ethertype:ip:udp:armagetronad,2
eth:ethertype:ip:udp:teredo,2
eth:ethertype:ip:udp:wccp,2
eth:ethertype:ip:udp:ecatf,2
eth:ethertype:ip:udp:ptp,2
eth:ethertype:ip:udp:jmirror:ipv6:data,2
eth:ethertype:ip:udp:cigi,1
eth:ethertype:ip:udp:uftp:uftp5,1
eth:ethertype:ip:udp:enttec,1
eth:ethertype:ip:udp:uftp:uftp4,1
eth:ethertype:ip:udp:ecatf:ecat_mailbox,1
eth:ethertype:ip:udp:capwap.data:eth:ethertype:data,1
eth:ethertype:ip:udp:adwin,1
eth:ethertype:ip:udp:db-lsp-disc:json:data-text-lines,1
eth:ethertype:ip:udp:goose:cotp:goose,1
eth:ethertype:ip:udp:rdpudp:data,1
eth:ethertype:ip:udp:llc:vines_llc:data,1
eth:ethertype:ip:udp:bat.gw:ip,1
eth:ethertype:ip:udp:ip,1
eth:ethertype:ip:udp:llc:osi:data,1
eth:ethertype:ip:udp:udpencap,1
eth:ethertype:ip:udp:udpencap:data,1
eth:ethertype:ip:udp:sap:sdp,1
eth:ethertype:ip:udp:eth:llc:data,1
eth:ethertype:ip:udp:tpcp,1
eth:ethertype:ip:udp:llc:sna:data,1
eth:ethertype:ip:udp:dtls:x509sat:x509sat:x509sat:x509sat,1
eth:ethertype:ip:udp:mdns:vssmonitoring,1
eth:ethertype:ip:udp:mbudp:modbus,1
eth:ethertype:ip:udp:mpls:ipv6,1
eth:ethertype:ip:udp:mpls:pwethheuristic:pwethnocw:eth:ethertype:data,1
eth:ethertype:ip:udp:vssmonitoring,1
