eth:ethertype:ip:udp:stun,15750420
eth:ethertype:ip:udp:data,12743289
eth:ethertype:ip:udp:syslog,5231013
eth:ethertype:ip:udp:dns,4520589
eth:ethertype:ip:udp:ntp,2537101
eth:ethertype:ip:udp:snmp,1827159
eth:ethertype:ip:data,1555712
eth:ethertype:ip:udp:nbns,803255
eth:ethertype:ip:udp:sip,572988
eth:ethertype:ip:udp:coap,233967
eth:ethertype:ip:udp:cldap,145673
eth:ethertype:ip:udp:cflow,140589
eth:ethertype:ip:udp:ssdp,127135
eth:ethertype:ip:udp:openvpn,114053
eth:ethertype:ip:udp:sip:xml,101687
eth:ethertype:ip:udp:rpc,92268
eth:ethertype:ip:udp:mdns,82496
eth:ethertype:ip:udp:isakmp,80410
eth:ethertype:ip:udp:dtls,59388
eth:ethertype:ip:udp,59246
eth:ethertype:ip:udp:dhcp,58372
eth:ethertype:ip:udp:sip:data-text-lines,52937
eth:ethertype:ip:udp:portcontrol,52554
eth:ethertype:ip:udp:memcache,51977
eth:ethertype:ip:udp:srvloc,48039
eth:ethertype:ip:udp:capwap,44688
eth:ethertype:ip:udp:gtp,42234
eth:ethertype:ip:udp:bvlc:bacnet:bacapp,36901
eth:ethertype:ip:udp:xdmcp,36650
eth:ethertype:ip:udp:l2tp,31805
eth:ethertype:ip:udp:chargen,30233
eth:ethertype:ip:udp:radius,27643
eth:ethertype:ip:udp:rip,24290
eth:ethertype:ip:udp:udpencap:esp,22844
eth:ethertype:ip:udp:quic:tls,21975
eth:ethertype:ip:udp:gquic,20611
eth:ethertype:ip:udp:kerberos,19026
eth:ethertype:ip:udp:lwapp:data,17220
eth:ethertype:ip:udp:rdpudp,15921
eth:ethertype:ip:udp:rmcp:ipmi_session:data,14836
eth:ethertype:ip:udp:echo,13697
eth:ethertype:ip:udp:classicstun,13477
eth:ethertype:ip:udp:omron,13386
eth:ethertype:ip:udp:tftp,13184
eth:ethertype:ip:udp:nbdgm:smb:browser,12619
eth:ethertype:ip:udp:hart_ip,12550
eth:ethertype:ip:udp:enip,12298
eth:ethertype:ip:udp:gtp:gtpv2,11685
eth:ethertype:ip:udp:teredo:ipv6,10445
eth:ethertype:ip:udp:daytime,10409
eth:ethertype:ip:udp:time,10324
eth:ethertype:ip:udp:quake3,10251
eth:ethertype:ip:udp:ecatf:ecat,10218
eth:ethertype:ip:udp:bfd,9842
eth:ethertype:ip:udp:steam_ihs_discovery,9350
eth:ethertype:ip:udp:udpencap:isakmp,8426
eth:ethertype:ip:udp:coap:cbor,8228
eth:ethertype:ip:udp:rtcp,7543
eth:ethertype:ip:udp:kip,7412
eth:ethertype:ip:udp:iax2,7412
eth:ethertype:ip:udp:quic,6719
eth:ethertype:ip:udp:mgcp,5482
eth:ethertype:ip:udp:coap:data,4017
eth:ethertype:ip:udp:rmcp:asf,3455
eth:ethertype:ip:udp:llc:data,2204
eth:ethertype:ip:udp:quake3:data,2123
eth:ethertype:ip:udp:teredo:ipv6:icmpv6,1827
eth:ethertype:ip:udp:cipio,1575
eth:ethertype:ip:udp:dis,1502
eth:ethertype:ip:udp:wsp,1413
eth:ethertype:ip:udp:lwapp:wlan,1241
eth:ethertype:ip:udp:gtpprime,1210
eth:ethertype:ip:udp:wisun.eapol_relay:eapol:data,1144
eth:ethertype:ip:udp:scop:data,1114
eth:ethertype:ip:udp:raknet:raknet,1086
eth:ethertype:ip:udp:radius:eap,1042
eth:ethertype:ip:udp:manolito,1031
eth:ethertype:ip:udp:asap,979
eth:ethertype:ip:udp:corosync_totemnet:data,977
eth:ethertype:ip:udp:rtps,944
eth:ethertype:ip:udp:tacacs,944
eth:ethertype:ip:udp:elasticsearch,943
eth:ethertype:ip:udp:db-lsp-disc,928
eth:ethertype:ip:udp:dof,913
eth:ethertype:ip:udp:mikey,874
eth:ethertype:ip:udp:h225,866
eth:ethertype:ip:udp:wtp,826
eth:ethertype:ip:udp:dvb_ipdc:data,805
eth:ethertype:ip:udp:wtls,794
eth:ethertype:ip:udp:ajns,758
eth:ethertype:ip:udp:pfcp,754
eth:ethertype:ip:udp:llmnr,752
eth:ethertype:ip:udp:asterix,705
eth:ethertype:ip:udp:dpnet,689
eth:ethertype:ip:udp:mipv6,681
eth:ethertype:ip:udp:cnip,680
eth:ethertype:ip:udp:adp,652
eth:ethertype:ip:udp:doip,647
eth:ethertype:ip:udp:nxp_802154_sniffer:wpan,632
eth:ethertype:ip:udp:idn,631
eth:ethertype:ip:udp:kink,580
eth:ethertype:ip:udp:h248,573
eth:ethertype:ip:udp:uaudp,570
eth:ethertype:ip:udp:amt,567
eth:ethertype:ip:udp:ieee1722:data,565
eth:ethertype:ip:udp:kdp,555
eth:ethertype:ip:udp:bat:data,555
eth:ethertype:ip:udp:ssdp:data,551
eth:ethertype:ip:udp:bat.vis:data,546
eth:ethertype:ip:udp:gprs-ns:bssgp,546
eth:ethertype:ip:udp:tipc,545
eth:ethertype:ip:udp:gsmtap:data,542
eth:ethertype:ip:udp:hcrt,521
eth:ethertype:ip:udp:iapp,520
eth:ethertype:ip:udp:a21,515
eth:ethertype:ip:udp:ayiya,515
eth:ethertype:ip:udp:quake2:data,512
eth:ethertype:ip:udp:quake:data,496
eth:ethertype:ip:udp:lisp:data,479
eth:ethertype:ip:udp:tzsp,472
eth:ethertype:ip:udp:infiniband:data,470
eth:ethertype:ip:udp:stun:data,467
eth:ethertype:ip:udp:pktc,463
eth:ethertype:ip:udp:bat.gw:data,451
eth:ethertype:ip:udp:rsip,446
eth:ethertype:ip:udp:mih,444
eth:ethertype:ip:udp:mint,442
eth:ethertype:ip:udp:tplink-smarthome:json:data-text-lines,442
eth:ethertype:ip:udp:teredo:data,434
eth:ethertype:ip:udp:vrt,431
eth:ethertype:ip:udp:enrp,425
eth:ethertype:ip:udp:ath,422
eth:ethertype:ip:udp:vuze-dht,420
eth:ethertype:ip:udp:wlccp,417
eth:ethertype:ip:udp:icp,413
eth:ethertype:ip:udp:ts2,401
eth:ethertype:ip:udp:geneve:data,398
eth:ethertype:ip:udp:msproxy,397
eth:ethertype:ip:udp:ulp,374
eth:ethertype:ip:udp:gre:data,364
eth:ethertype:ip:udp:pn_rt:pn_ptcp,348
eth:ethertype:ip:udp:opensafety:data,346
eth:ethertype:ip:udp:bjnp,343
eth:ethertype:ip:udp:h501,321
eth:ethertype:ip:udp:ardp,316
eth:ethertype:ip:udp:dmp,312
eth:ethertype:ip:udp:pktc.mtafqdn,297
eth:ethertype:ip:udp:eth:ethertype:data,280
eth:ethertype:ip:udp:ax4000,253
eth:ethertype:ip:udp:ecmp,247
eth:ethertype:ip:udp:ipvs,240
eth:ethertype:ip:udp:egd:data,240
eth:ethertype:ip:udp:rdt,237
eth:ethertype:ip:udp:sctp,235
eth:ethertype:ip:udp:quakeworld:data,225
eth:ethertype:ip:udp:raknet,223
eth:ethertype:ip:udp:tetra,223
eth:ethertype:ip:udp:vxlan:eth:llc:data,223
eth:ethertype:ip:udp:collectd,222
eth:ethertype:ip:udp:c1222,209
eth:ethertype:ip:udp:ecatf:data,200
eth:ethertype:ip:udp:capwap.data,199
eth:ethertype:ip:udp:llc,195
eth:ethertype:ip:udp:wg,194
eth:ethertype:ip:udp:sap,181
eth:ethertype:ip:udp:gprs-ns,181
eth:ethertype:ip:udp:sabp:sabp,171
eth:ethertype:ip:udp:knet,162
eth:ethertype:ip:udp:enttec,162
eth:ethertype:ip:udp:opensafety_udp:data,159
eth:ethertype:ip:udp:iax2:data,158
eth:ethertype:ip:udp:lisp-data,155
eth:ethertype:ip:udp:sip:data-text-lines:xml,154
eth:ethertype:ip:udp:bfd_echo,117
eth:ethertype:ip:udp:mpls:data,112
eth:ethertype:ip:udp:rx,108
eth:ethertype:ip:udp:hiqnet,105
eth:ethertype:ip:udp:geneve,97
eth:ethertype:ip:udp:nbdgm:smb:data,96
eth:ethertype:ip:udp:infiniband,94
eth:ethertype:ip:udp:megaco:data,85
eth:ethertype:ip:udp:lisp,85
eth:ethertype:ip:udp:rsvp,81
eth:ethertype:ip:udp:pn_rt:pn_io,76
eth:ethertype:ip:udp:nano,75
eth:ethertype:ip:udp:sap:sdp,75
eth:ethertype:ip:udp:lwapp:wlan:data,66
eth:ethertype:ip:udp:vxlan:eth:ethertype:data,64
eth:ethertype:ip:udp:gre,59
eth:ethertype:ip:udp:dcc,58
eth:ethertype:ip:udp:raknet:raknet:raknet,55
eth:ethertype:ip:udp:nxp_802154_sniffer,54
eth:ethertype:ip:udp:capwap:dtls,47
eth:ethertype:ip:udp:capwap.data:dtls,43
eth:ethertype:ip:udp:goose:cotp,42
eth:ethertype:ip:udp:thrift,40
eth:ethertype:ip:udp:opensafety,37
eth:ethertype:ip:udp:kpasswd,33
eth:ethertype:ip:udp:cnip:data,32
eth:ethertype:ip:udp:tzsp:data,32
eth:ethertype:ip:udp:sbus,31
eth:ethertype:ip:udp:sabp,31
eth:ethertype:ip:udp:gsmtap,29
eth:ethertype:ip:udp:lisp-data:ip:data,27
eth:ethertype:ip:udp:lisp-data:ipv6:data,25
eth:ethertype:ip:udp:mpls:pwethheuristic:pwethcw:eth:ethertype:data,25
eth:ethertype:ip:udp:vxlan:eth,24
eth:ethertype:ip:udp:wol,24
eth:ethertype:ip:udp:egd,24
eth:ethertype:ip:udp:krb4,24
eth:ethertype:ip:udp:dvb_ipdc:alc:data,23
eth:ethertype:ip:udp:ssdp:xml,22
eth:ethertype:ip:udp:rpc:portmap,22
eth:ethertype:ip:udp:dhcpv6,21
eth:ethertype:ip:udp:mpls:ip:data,21
eth:ethertype:ip:udp:ltp,21
eth:ethertype:ip:udp:mpls:ip,20
eth:ethertype:ip:udp:ecatf:ioraw,20
eth:ethertype:ip:udp:eth,19
eth:ethertype:ip:udp:rsp,19
eth:ethertype:ip:udp:mpls:ipv6:data,19
eth:ethertype:ip:udp:wtp:wsp,18
eth:ethertype:ip:udp:capwap.data:eth:ethertype:data,17
eth:ethertype:ip:udp:auto_rp,16
eth:ethertype:ip:udp:dcp-etsi:dcp-pft,16
eth:ethertype:ip:udp:sigcomp,16
eth:ethertype:ip:udp:find,16
eth:ethertype:ip:udp:lisp-data:ipv6,16
eth:ethertype:ip:udp:dcp-etsi:dcp-af,16
eth:ethertype:ip:udp:lwres,15
eth:ethertype:ip:udp:cups,15
eth:ethertype:ip:udp:data:vssmonitoring,14
eth:ethertype:ip:udp:l2tp:data,14
eth:ethertype:ip:udp:wisun.eapol_relay,13
eth:ethertype:ip:udp:slimp3,12
eth:ethertype:ip:udp:mip,12
eth:ethertype:ip:udp:sip:sigcomp,11
eth:ethertype:ip:udp:pn_rt,11
eth:ethertype:ip:udp:quake2,11
eth:ethertype:ip:udp:sabp:sabp:sabp,11
eth:ethertype:ip:udp:mndp,11
eth:ethertype:ip:udp:lisp-data:ip,11
eth:ethertype:ip:udp:mpls:ipv6:ipv6.hopopts,11
eth:ethertype:ip:udp:scop,10
eth:ethertype:ip:udp:dlsw,10
eth:ethertype:ip:udp:ripng,10
eth:ethertype:ip:udp:nxp_802154_sniffer:wpan:data,10
eth:ethertype:ip:udp:tapa,9
eth:ethertype:ip:udp:dcerpc,9
eth:ethertype:ip:udp:who,8
eth:ethertype:ip:udp:wisun.eapol_relay:eapol,8
eth:ethertype:ip:udp:xyplex,8
eth:ethertype:ip:udp:msmms,8
eth:ethertype:ip:udp:rtpproxy,8
eth:ethertype:ip:udp:nbdgm,8
eth:ethertype:ip:udp:rdpudp:tls,8
eth:ethertype:ip:udp:tsp,7
eth:ethertype:ip:udp:acdr,7
eth:ethertype:ip:udp:ieee1722:iec61883,7
eth:ethertype:ip:udp:ecatf:tc_nv,7
eth:ethertype:ip:udp:lwapp,6
eth:ethertype:ip:udp:quake,6
eth:ethertype:ip:udp:rdpudp:data,6
eth:ethertype:ip:udp:goose:cotp:goose,6
eth:ethertype:ip:udp:cpfi,5
eth:ethertype:ip:udp:dlep,5
eth:ethertype:ip:udp:bat.gw,5
eth:ethertype:ip:udp:oicq,4
eth:ethertype:ip:udp:epl,4
eth:ethertype:ip:udp:mpls,4
eth:ethertype:ip:udp:mpls:ipv6,4
eth:ethertype:ip:udp:ltp:data,4
eth:ethertype:ip:udp:lmp,4
eth:ethertype:ip:udp:megaco,4
eth:ethertype:ip:udp:rx:afs,4
eth:ethertype:ip:udp:ncp,4
eth:ethertype:ip:udp:pathport,4
eth:ethertype:ip:udp:amt:ip,4
eth:ethertype:ip:udp:dvb_ipdc:alc:rmt-lct,4
eth:ethertype:ip:udp:scop:wpan,4
eth:ethertype:ip:udp:ipx,4
eth:ethertype:ip:udp:mint:eth:ethertype:data,4
eth:ethertype:ip:udp:actrace,3
eth:ethertype:ip:udp:olsr,3
eth:ethertype:ip:udp:lbtrm,3
eth:ethertype:ip:udp:vxlan,3
eth:ethertype:ip:udp:llc:ip,3
eth:ethertype:ip:udp:tpcp,3
eth:ethertype:ip:udp:wccp,3
eth:ethertype:ip:udp:ptp,3
eth:ethertype:ip:udp:ieee1722,3
eth:ethertype:ip:udp:capwap:data,3
eth:ethertype:ip:udp:rdpudp:dtls,3
eth:ethertype:ip:udp:edonkey,3
eth:ethertype:ip:udp:udpencap,2
eth:ethertype:ip:udp:jmirror:ipv6:data,2
eth:ethertype:ip:udp:jmirror:ip:data,2
eth:ethertype:ip:udp:llc:osi:data,2
eth:ethertype:ip:udp:packetbb,2
eth:ethertype:ip:udp:mpls:pwethheuristic:pwethcw:eth,2
eth:ethertype:ip:udp:armagetronad,2
eth:ethertype:ip:udp:teredo,2
eth:ethertype:ip:udp:l2tp:ppp:data,2
eth:ethertype:ip:udp:capwap.data:data,2
eth:ethertype:ip:udp:ecatf,2
eth:ethertype:ip:udp:ipx:data,2
eth:ethertype:ip:udp:adwin,2
eth:ethertype:ip:udp:mdns:vssmonitoring,2
eth:ethertype:ip:udp:mpls:ipv6:esp,2
eth:ethertype:ip:udp:lisp-data:ipv6:nhrp,2
eth:ethertype:ip:udp:llc:sna:data,2
eth:ethertype:ip:udp:jmirror:ipv6:esp,1
eth:ethertype:ip:udp:jmirror:ipv6:dsr:data,1
eth:ethertype:ip:udp:jmirror:ipv6:nhrp,1
eth:ethertype:ip:udp:tipc:data,1
eth:ethertype:ip:udp:teredo:ipv6:data,1
eth:ethertype:ip:udp:eth:llc:data,1
eth:ethertype:ip:udp:coap:data-text-lines,1
eth:ethertype:ip:udp:wimaxasncp,1
eth:ethertype:ip:udp:ddtp,1
eth:ethertype:ip:udp:eth:ethertype:mdshdr:fc,1
eth:ethertype:ip:udp:capwap.data:eth,1
eth:ethertype:ip:udp:opensafety_udp,1
eth:ethertype:ip:udp:icq,1
eth:ethertype:ip:udp:mpls:ipv6:eigrp,1
eth:ethertype:ip:udp:mpls:ipv6:ah,1
eth:ethertype:ip:udp:mpls:ipv6:etherip:eth:ethertype:data,1
eth:ethertype:ip:udp:lisp-data:ipv6:vines_frp:vines_ip:data,1
eth:ethertype:ip:udp:lisp-data:ipv6:dsr,1
eth:ethertype:ip:udp:lisp-data:ipv6:l2tp:data,1
eth:ethertype:ip:udp:lisp-data:ipv6:eigrp,1
eth:ethertype:ip:udp:lisp-data:ipv6:ipcomp:data,1
eth:ethertype:ip:udp:ssyncp,1
eth:ethertype:ip:udp:tzsp:eth:ethertype:data,1
eth:ethertype:ip:udp:quakeworld,1
eth:ethertype:ip:udp:mbudp:modbus,1
eth:ethertype:ip:udp:bat.gw:ip,1
eth:ethertype:ip:udp:mpls:pwach:data,1
eth:ethertype:ip:udp:ayiya:dsr:ipv6.hopopts:ipv6.hopopts,1
eth:ethertype:ip:udp:mpls:pwethheuristic:pwethnocw:eth:ethertype:data,1
eth:ethertype:ip:udp:mint:eth,1
eth:ethertype:ip:udp:capwap.data:eth:llc:data,1
eth:ethertype:ip:udp:papi,1
eth:ethertype:ip:udp:snmp:snmp,1
eth:ethertype:ip:udp:acdr:data,1
eth:ethertype:ip:udp:mactelnet:data,1
eth:ethertype:ip:udp:snmp:data,1
