eth:ethertype:ip:udp:stun,9452061
eth:ethertype:ip:udp:data,7825641
eth:ethertype:ip:udp:syslog,4858434
eth:ethertype:ip:udp:dns,4842340
eth:ethertype:ip:udp:snmp,2334644
eth:ethertype:ip:udp:ntp,2025740
eth:ethertype:ip:data,1117691
eth:ethertype:ip:udp:nbns,576448
eth:ethertype:ip:udp:sip,385271
eth:ethertype:ip:udp:cflow,190085
eth:ethertype:ip:udp:isakmp,173274
eth:ethertype:ip:udp:sip:xml,102177
eth:ethertype:ip:udp:rpc,101905
eth:ethertype:ip:udp:cldap,99789
eth:ethertype:ip:udp:mdns,84937
eth:ethertype:ip:udp:coap,69413
eth:ethertype:ip:udp:ssdp,68170
eth:ethertype:ip:udp:portcontrol,62963
eth:ethertype:ip:udp,61742
eth:ethertype:ip:udp:dtls,56375
eth:ethertype:ip:udp:memcache,54107
eth:ethertype:ip:udp:openvpn,53154
eth:ethertype:ip:udp:gtp,52751
eth:ethertype:ip:udp:sip:data-text-lines,52549
eth:ethertype:ip:udp:bvlc:bacnet:bacapp,47568
eth:ethertype:ip:udp:capwap,41710
eth:ethertype:ip:udp:dhcp,41430
eth:ethertype:ip:udp:srvloc,35485
eth:ethertype:ip:udp:chargen,31063
eth:ethertype:ip:udp:quic:tls,30209
eth:ethertype:ip:udp:l2tp,27817
eth:ethertype:ip:udp:rip,25967
eth:ethertype:ip:udp:xdmcp,25904
eth:ethertype:ip:udp:radius,24061
eth:ethertype:ip:udp:quic,24011
eth:ethertype:ip:udp:udpencap:esp,22299
eth:ethertype:ip:udp:gquic,20407
eth:ethertype:ip:udp:kerberos,19561
eth:ethertype:ip:udp:rtcp,17607
eth:ethertype:ip:udp:lwapp:data,17287
eth:ethertype:ip:udp:rdpudp,16131
eth:ethertype:ip:udp:rmcp:ipmi_session:data,14308
eth:ethertype:ip:udp:echo,14111
eth:ethertype:ip:udp:classicstun,13924
eth:ethertype:ip:udp:omron,13556
eth:ethertype:ip:udp:tftp,13265
eth:ethertype:ip:udp:enip,13010
eth:ethertype:ip:udp:gtp:gtpv2,11376
eth:ethertype:ip:udp:nbdgm:smb:browser,10738
eth:ethertype:ip:udp:daytime,10538
eth:ethertype:ip:udp:time,10538
eth:ethertype:ip:udp:ecatf:ecat,10210
eth:ethertype:ip:udp:bfd,9854
eth:ethertype:ip:udp:steam_ihs_discovery,9547
eth:ethertype:ip:udp:udpencap:isakmp,8261
eth:ethertype:ip:udp:kip,6478
eth:ethertype:ip:udp:teredo:ipv6,5959
eth:ethertype:ip:udp:mgcp,5833
eth:ethertype:ip:udp:hart_ip,4887
eth:ethertype:ip:udp:coap:data,3959
eth:ethertype:ip:udp:rmcp:asf,3511
eth:ethertype:ip:udp:sip:sdp,2412
eth:ethertype:ip:udp:teredo:ipv6:icmpv6,1446
eth:ethertype:ip:udp:rtps,1440
eth:ethertype:ip:udp:cipio,1407
eth:ethertype:ip:udp:raknet:raknet,1406
eth:ethertype:ip:udp:dis,1405
eth:ethertype:ip:udp:pn_rt:pn_ptcp,1393
eth:ethertype:ip:udp:quake3:data,1272
eth:ethertype:ip:udp:iax2,1211
eth:ethertype:ip:udp:gtpprime,1192
eth:ethertype:ip:udp:dof,1130
eth:ethertype:ip:udp:llc:data,1059
eth:ethertype:ip:udp:kink,1014
eth:ethertype:ip:udp:wisun.eapol_relay:eapol:data,949
eth:ethertype:ip:udp:wtp,839
eth:ethertype:ip:udp:wsp,766
eth:ethertype:ip:udp:nxp_802154_sniffer:wpan,684
eth:ethertype:ip:udp:ayiya,645
eth:ethertype:ip:udp:ssdp:data,641
eth:ethertype:ip:udp:wtls,626
eth:ethertype:ip:udp:geneve:data,626
eth:ethertype:ip:udp:llmnr,625
eth:ethertype:ip:udp:scop:data,580
eth:ethertype:ip:udp:radius:eap,561
eth:ethertype:ip:udp:gprs-ns:bssgp,550
eth:ethertype:ip:udp:vrt,539
eth:ethertype:ip:udp:egd:data,522
eth:ethertype:ip:udp:mint,500
eth:ethertype:ip:udp:iax2:data,469
eth:ethertype:ip:udp:corosync_totemnet:data,465
eth:ethertype:ip:udp:mikey,458
eth:ethertype:ip:udp:mih,437
eth:ethertype:ip:udp:adp,406
eth:ethertype:ip:udp:lwapp:wlan,394
eth:ethertype:ip:udp:elasticsearch,393
eth:ethertype:ip:udp:papi,382
eth:ethertype:ip:udp:wg,378
eth:ethertype:ip:udp:dvb_ipdc:data,373
eth:ethertype:ip:udp:sbus,370
eth:ethertype:ip:udp:collectd,365
eth:ethertype:ip:udp:ts2,352
eth:ethertype:ip:udp:pktc.mtafqdn,346
eth:ethertype:ip:udp:stun:data,342
eth:ethertype:ip:udp:tplink-smarthome:json:data-text-lines,330
eth:ethertype:ip:udp:h225,324
eth:ethertype:ip:udp:rsvp,314
eth:ethertype:ip:udp:c1222,310
eth:ethertype:ip:udp:h501,288
eth:ethertype:ip:udp:tzsp,283
eth:ethertype:ip:udp:idn,282
eth:ethertype:ip:udp:ulp,282
eth:ethertype:ip:udp:rx,269
eth:ethertype:ip:udp:ecmp,268
eth:ethertype:ip:udp:amt,267
eth:ethertype:ip:udp:bat.vis:data,264
eth:ethertype:ip:udp:hiqnet,249
eth:ethertype:ip:udp:mipv6,244
eth:ethertype:ip:udp:asap,243
eth:ethertype:ip:udp:a21,241
eth:ethertype:ip:udp:vxlan:eth:llc:data,239
eth:ethertype:ip:udp:bat.gw:data,238
eth:ethertype:ip:udp:doip,236
eth:ethertype:ip:udp:hcrt,236
eth:ethertype:ip:udp:cnip,229
eth:ethertype:ip:udp:manolito,226
eth:ethertype:ip:udp:raknet,225
eth:ethertype:ip:udp:ecatf:data,224
eth:ethertype:ip:udp:rdt,217
eth:ethertype:ip:udp:h248,217
eth:ethertype:ip:udp:wlccp,215
eth:ethertype:ip:udp:teredo:data,213
eth:ethertype:ip:udp:ath,212
eth:ethertype:ip:udp:ieee1722:data,209
eth:ethertype:ip:udp:rsip,203
eth:ethertype:ip:udp:asterix,200
eth:ethertype:ip:udp:ardp,198
eth:ethertype:ip:udp:bfd_echo,190
eth:ethertype:ip:udp:uaudp,186
eth:ethertype:ip:udp:lisp:data,186
eth:ethertype:ip:udp:knet,182
eth:ethertype:ip:udp:ipvs,178
eth:ethertype:ip:udp:tacacs,174
eth:ethertype:ip:udp:capwap.data,170
eth:ethertype:ip:udp:bjnp,167
eth:ethertype:ip:udp:db-lsp-disc,167
eth:ethertype:ip:udp:megaco:data,166
eth:ethertype:ip:udp:pfcp,164
eth:ethertype:ip:udp:lisp-data,163
eth:ethertype:ip:udp:lisp-data:ipv6,163
eth:ethertype:ip:udp:pktc,159
eth:ethertype:ip:udp:msproxy,155
eth:ethertype:ip:udp:eth:ethertype:data,150
eth:ethertype:ip:udp:gsmtap:data,134
eth:ethertype:ip:udp:gprs-ns,132
eth:ethertype:ip:udp:opensafety_udp:data,130
eth:ethertype:ip:udp:tipc,125
eth:ethertype:ip:udp:icp,123
eth:ethertype:ip:udp:kdp,118
eth:ethertype:ip:udp:vxlan:eth:ethertype:data,118
eth:ethertype:ip:udp:bat:data,116
eth:ethertype:ip:udp:ajns,116
eth:ethertype:ip:udp:dhcpv6,116
eth:ethertype:ip:udp:quakeworld:data,113
eth:ethertype:ip:udp:infiniband:data,106
eth:ethertype:ip:udp:tetra,103
eth:ethertype:ip:udp:sabp:sabp,102
eth:ethertype:ip:udp:gre:data,98
eth:ethertype:ip:udp:pn_rt:pn_io,94
eth:ethertype:ip:udp:sap,91
eth:ethertype:ip:udp:gre,90
eth:ethertype:ip:udp:enrp,88
eth:ethertype:ip:udp:mpls:data,86
eth:ethertype:ip:udp:nano,78
eth:ethertype:ip:udp:sabp,72
eth:ethertype:ip:udp:dcerpc,71
eth:ethertype:ip:udp:geneve,68
eth:ethertype:ip:udp:dpnet,66
eth:ethertype:ip:udp:opensafety:data,62
eth:ethertype:ip:udp:quake:data,62
eth:ethertype:ip:udp:sctp,56
eth:ethertype:ip:udp:ax4000,55
eth:ethertype:ip:udp:vuze-dht,51
eth:ethertype:ip:udp:goose:cotp,49
eth:ethertype:ip:udp:iapp,47
eth:ethertype:ip:udp:vxlan:eth,44
eth:ethertype:ip:udp:quake3,40
eth:ethertype:ip:udp:rpc:portmap,38
eth:ethertype:ip:udp:wisun.eapol_relay:eapol,37
eth:ethertype:ip:udp:lisp-data:ipv6:data,37
eth:ethertype:ip:udp:capwap.data:dtls,37
eth:ethertype:ip:udp:dmp,36
eth:ethertype:ip:udp:infiniband,35
eth:ethertype:ip:udp:nxp_802154_sniffer,35
eth:ethertype:ip:udp:lwapp:wlan:data,34
eth:ethertype:ip:udp:sip:data-text-lines:xml,33
eth:ethertype:ip:udp:lisp-data:ip:data,30
eth:ethertype:ip:udp:data:vssmonitoring,28
eth:ethertype:ip:udp:dcc,27
eth:ethertype:ip:udp:dvb_ipdc:alc:data,27
eth:ethertype:ip:udp:quake2:data,26
eth:ethertype:ip:udp:thrift,25
eth:ethertype:ip:udp:egd,24
eth:ethertype:ip:udp:wisun.eapol_relay,24
eth:ethertype:ip:udp:gsmtap,23
eth:ethertype:ip:udp:wol,22
eth:ethertype:ip:udp:who,21
eth:ethertype:ip:udp:capwap:dtls,20
eth:ethertype:ip:udp:lisp-data:ip,18
eth:ethertype:ip:udp:mpls:ip,18
eth:ethertype:ip:udp:cigi,16
eth:ethertype:ip:udp:mpls:ipv6:data,16
eth:ethertype:ip:udp:lisp,15
eth:ethertype:ip:udp:quake2,15
eth:ethertype:ip:udp:bvlc,15
eth:ethertype:ip:udp:sigcomp,14
eth:ethertype:ip:udp:scop,13
eth:ethertype:ip:udp:slimp3,13
eth:ethertype:ip:udp:mpls:ip:data,13
eth:ethertype:ip:udp:mpls:pwethheuristic:pwethcw:eth:ethertype:data,13
eth:ethertype:ip:udp:eth,12
eth:ethertype:ip:udp:find,12
eth:ethertype:ip:udp:dlep,12
eth:ethertype:ip:udp:cnip:data,12
eth:ethertype:ip:udp:llc,12
eth:ethertype:ip:udp:ltp,11
eth:ethertype:ip:udp:nxp_802154_sniffer:wpan:data,11
eth:ethertype:ip:udp:rsp,11
eth:ethertype:ip:udp:xyplex,11
eth:ethertype:ip:udp:ncp,11
eth:ethertype:ip:udp:auto_rp,10
eth:ethertype:ip:udp:rtpproxy,10
eth:ethertype:ip:udp:cups,10
eth:ethertype:ip:udp:nbdgm,10
eth:ethertype:ip:udp:dcp-etsi:dcp-pft,10
eth:ethertype:ip:udp:ecatf:tc_nv,10
eth:ethertype:ip:udp:acdr,9
eth:ethertype:ip:udp:mpls,9
eth:ethertype:ip:udp:data:f5ethtrailer,9
eth:ethertype:ip:udp:pn_rt,9
eth:ethertype:ip:udp:tzsp:data,8
eth:ethertype:ip:udp:lwapp,8
eth:ethertype:ip:udp:mndp,8
eth:ethertype:ip:udp:quake,7
eth:ethertype:ip:udp:ieee1722:iec61883,7
eth:ethertype:ip:udp:mip,7
eth:ethertype:ip:udp:lbtrm,7
eth:ethertype:ip:udp:ecatf:ioraw,7
eth:ethertype:ip:udp:tsp,6
eth:ethertype:ip:udp:ipx,6
eth:ethertype:ip:udp:wtp:wsp,6
eth:ethertype:ip:udp:jmirror:ipv6:data,6
eth:ethertype:ip:udp:sip:sigcomp,6
eth:ethertype:ip:udp:msmms,5
eth:ethertype:ip:udp:dcp-etsi:dcp-af,5
eth:ethertype:ip:udp:lmp,5
eth:ethertype:ip:udp:ripng,5
eth:ethertype:ip:udp:capwap.data:eth:ethertype:data,5
eth:ethertype:ip:udp:sap:sdp,5
eth:ethertype:ip:udp:jmirror:ipv6,5
eth:ethertype:ip:udp:mpls:pwethheuristic:data,5
eth:ethertype:ip:udp:tapa,4
eth:ethertype:ip:udp:rdpudp:dtls,4
eth:ethertype:ip:udp:armagetronad,4
eth:ethertype:ip:udp:packetbb,4
eth:ethertype:ip:udp:mint:eth:ethertype:data,4
eth:ethertype:ip:udp:dtls:x509sat:x509sat:x509sat:x509sat,4
eth:ethertype:ip:udp:l2tp:data,4
eth:ethertype:ip:udp:mpls:ipv6:ipv6.hopopts,4
eth:ethertype:ip:udp:teredo,3
eth:ethertype:ip:udp:aodv,3
eth:ethertype:ip:udp:quakeworld,3
eth:ethertype:ip:udp:amt:ip,3
eth:ethertype:ip:udp:sabp:sabp:sabp,3
eth:ethertype:ip:udp:ipx:data,3
eth:ethertype:ip:udp:cpfi,3
eth:ethertype:ip:udp:eth:llc:data,3
eth:ethertype:ip:udp:goose:cotp:data,3
eth:ethertype:ip:udp:quic:tls:tls:tls,3
eth:ethertype:ip:udp:kpasswd,3
eth:ethertype:ip:udp:sflow,3
eth:ethertype:ip:udp:ieee1722,3
eth:ethertype:ip:udp:actrace,3
eth:ethertype:ip:udp:lisp-data:ipv6:ipcomp:data,2
eth:ethertype:ip:udp:lisp-data:ipv6:pim,2
eth:ethertype:ip:udp:dlsw,2
eth:ethertype:ip:udp:lwres,2
eth:ethertype:ip:udp:mpls:pwethheuristic:pwethnocw:eth:ethertype:data,2
eth:ethertype:ip:udp:teredo:ipv6:data,2
eth:ethertype:ip:udp:eth:llc,2
eth:ethertype:ip:udp:rx:afs,2
eth:ethertype:ip:udp:a11,2
eth:ethertype:ip:udp:opensafety_udp,2
eth:ethertype:ip:udp:ecatf:ecat_mailbox,2
eth:ethertype:ip:udp:mpls:pwethheuristic:pwethcw:eth,2
eth:ethertype:ip:udp:bat.gw,2
eth:ethertype:ip:udp:rdpudp:tls,2
eth:ethertype:ip:udp:pathport,2
eth:ethertype:ip:udp:snmp:snmp,2
eth:ethertype:ip:udp:dvb_ipdc:alc:rmt-lct,2
eth:ethertype:ip:udp:mpls:ipv6:osi:data,2
eth:ethertype:ip:udp:ecatf,2
eth:ethertype:ip:udp:capwap:data,2
eth:ethertype:ip:udp:acdr:data,1
eth:ethertype:ip:udp:lisp-data:ipv6:ipv6.routing,1
eth:ethertype:ip:udp:lisp-data:ipv6:nhrp,1
eth:ethertype:ip:udp:lisp-data:ipv6:vines_frp:vines_ip:data,1
eth:ethertype:ip:udp:lisp-data:ipv6:l2tp:data,1
eth:ethertype:ip:udp:lisp-data:ipv6:osi:data,1
eth:ethertype:ip:udp:gsmtap:gsm_sim,1
eth:ethertype:ip:udp:mactelnet,1
eth:ethertype:ip:udp:rsp:data,1
eth:ethertype:ip:udp:bat.gw:ip,1
eth:ethertype:ip:udp:ecatf:ams,1
eth:ethertype:ip:udp:vxlan:eth:ethertype:fip,1
eth:ethertype:ip:udp:jmirror:ipv6:dsr:data,1
eth:ethertype:ip:udp:jmirror:ipv6:ah,1
eth:ethertype:ip:udp:jmirror:ipv6:lwl4,1
eth:ethertype:ip:udp:jmirror:ipv6:vines_frp:vines_ip:data,1
eth:ethertype:ip:udp:jmirror:ip:data,1
eth:ethertype:ip:udp:wccp,1
eth:ethertype:ip:udp:bvlc:data,1
eth:ethertype:ip:udp:acdr:ip,1
eth:ethertype:ip:udp:llc:sna:data,1
eth:ethertype:ip:udp:udpencap,1
eth:ethertype:ip:udp:l2tp:ppp:data,1
eth:ethertype:ip:udp:llc:ipx,1
eth:ethertype:ip:udp:tpcp,1
eth:ethertype:ip:udp:tzsp:eth:ethertype:data,1
eth:ethertype:ip:udp:quic:tls:tls:tls:tls:tls:tls,1
eth:ethertype:ip:udp:quic:tls:tls:tls:tls:tls:tls:tls:tls:tls,1
eth:ethertype:ip:udp:scop:wpan,1
eth:ethertype:ip:udp:hip,1
eth:ethertype:ip:udp:bat.vis,1
eth:ethertype:ip:udp:lisp-data:ipv6:lwl4,1
eth:ethertype:ip:udp:lisp-data:ipv6:vrrp,1
eth:ethertype:ip:udp:mdns:vssmonitoring,1
eth:ethertype:ip:udp:ip,1
eth:ethertype:ip:udp:mpls:ipv6:gre:data,1
eth:ethertype:ip:udp:mpls:ipv6:swipe,1
eth:ethertype:ip:udp:mpls:ipv6:lwl4,1
eth:ethertype:ip:udp:mpls:ipv6:etherip:eth:llc:data,1
eth:ethertype:ip:udp:ff,1
eth:ethertype:ip:udp:memcache:vssmonitoring,1
eth:ethertype:ip:udp:ayiya:ipv6.hopopts,1
eth:ethertype:ip:udp:oicq,1
eth:ethertype:ip:udp:mpls:ipv6,1
eth:ethertype:ip:udp:ltp:data,1
eth:ethertype:ip:udp:db-lsp-disc:json:data-text-lines,1
eth:ethertype:ip:udp:mp2t,1
eth:ethertype:ip:udp:tipc:data,1
eth:ethertype:ip:udp:epl,1
eth:ethertype:ip:udp:quic:tls:tls,1
eth:ethertype:ip:udp:cnip:lon,1
eth:ethertype:ip:udp:ddtp,1
