eth:ethertype:ip:udp:stun,13347943
eth:ethertype:ip:udp:data,10165863
eth:ethertype:ip:udp:dns,3985048
eth:ethertype:ip:udp:syslog,2903471
eth:ethertype:ip:udp:ntp,2219584
eth:ethertype:ip:data,1658825
eth:ethertype:ip:udp:snmp,1461586
eth:ethertype:ip:udp:nbns,647163
eth:ethertype:ip:udp:sip,370873
eth:ethertype:ip:udp:coap,180243
eth:ethertype:ip:udp:cflow,177090
eth:ethertype:ip:udp:ssdp,148616
eth:ethertype:ip:udp:cldap,139551
eth:ethertype:ip:udp:mdns,110244
eth:ethertype:ip:udp:openvpn,107617
eth:ethertype:ip:udp:sip:xml,101940
eth:ethertype:ip:udp:isakmp,89263
eth:ethertype:ip:udp:rpc,84255
eth:ethertype:ip:udp:memcache,60466
eth:ethertype:ip:udp:bvlc:bacnet:bacapp,57334
eth:ethertype:ip:udp:dtls,55784
eth:ethertype:ip:udp:sip:data-text-lines,52621
eth:ethertype:ip:udp:capwap,44251
eth:ethertype:ip:udp,43998
eth:ethertype:ip:udp:portcontrol,42211
eth:ethertype:ip:udp:gtp,40532
eth:ethertype:ip:udp:srvloc,38297
eth:ethertype:ip:udp:l2tp,29312
eth:ethertype:ip:udp:rdpudp,29209
eth:ethertype:ip:udp:udpencap:esp,26808
eth:ethertype:ip:udp:rip,23155
eth:ethertype:ip:udp:quic:tls,21352
eth:ethertype:ip:udp:gquic,21174
eth:ethertype:ip:udp:xdmcp,21128
eth:ethertype:ip:udp:kerberos,19659
eth:ethertype:ip:udp:lwapp:data,17229
eth:ethertype:ip:udp:dhcp,16657
eth:ethertype:ip:udp:hart_ip,16490
eth:ethertype:ip:udp:rmcp:ipmi_session:data,16186
eth:ethertype:ip:udp:chargen,15677
eth:ethertype:ip:udp:radius,14698
eth:ethertype:ip:udp:echo,13908
eth:ethertype:ip:udp:omron,13364
eth:ethertype:ip:udp:tftp,13186
eth:ethertype:ip:udp:bfd,13084
eth:ethertype:ip:udp:gtp:gtpv2,12852
eth:ethertype:ip:udp:enip,12800
eth:ethertype:ip:udp:classicstun,11983
eth:ethertype:ip:udp:rpc:data,10531
eth:ethertype:ip:udp:quake3,10343
eth:ethertype:ip:udp:time,10284
eth:ethertype:ip:udp:daytime,10260
eth:ethertype:ip:udp:ecatf:ecat,10225
eth:ethertype:ip:udp:steam_ihs_discovery,9385
eth:ethertype:ip:udp:nbdgm:smb:browser,9055
eth:ethertype:ip:udp:udpencap:isakmp,6817
eth:ethertype:ip:udp:mgcp,6776
eth:ethertype:ip:udp:kip,6601
eth:ethertype:ip:udp:teredo:ipv6,6335
eth:ethertype:ip:udp:rtcp,4756
eth:ethertype:ip:udp:coap:data,4051
eth:ethertype:ip:udp:llmnr,3459
eth:ethertype:ip:udp:rmcp:asf,3431
eth:ethertype:ip:udp:raknet:raknet,2816
eth:ethertype:ip:udp:iax2,2596
eth:ethertype:ip:udp:llc:data,2586
eth:ethertype:ip:udp:quake3:data,2175
eth:ethertype:ip:udp:raknet:raknet:raknet,1820
eth:ethertype:ip:udp:dis,1465
eth:ethertype:ip:udp:wtls,1292
eth:ethertype:ip:udp:asterix,1186
eth:ethertype:ip:udp:pn_rt:pn_ptcp,1139
eth:ethertype:ip:udp:gtpprime,1134
eth:ethertype:ip:udp:mipv6,1120
eth:ethertype:ip:udp:corosync_totemnet:data,1083
eth:ethertype:ip:udp:cipio,960
eth:ethertype:ip:udp:mint,950
eth:ethertype:ip:udp:rtps,902
eth:ethertype:ip:udp:manolito,885
eth:ethertype:ip:udp:bat:data,773
eth:ethertype:ip:udp:rsip,771
eth:ethertype:ip:udp:quic,770
eth:ethertype:ip:udp:asap,751
eth:ethertype:ip:udp:ajns,738
eth:ethertype:ip:udp:wsp,734
eth:ethertype:ip:udp:wlccp,698
eth:ethertype:ip:udp:mih,688
eth:ethertype:ip:udp:vrt,683
eth:ethertype:ip:udp:wtp,679
eth:ethertype:ip:udp:elasticsearch,672
eth:ethertype:ip:udp:tzsp,653
eth:ethertype:ip:udp:pktc.mtafqdn,651
eth:ethertype:ip:udp:kdp,649
eth:ethertype:ip:udp:kink,649
eth:ethertype:ip:udp:ssdp:data,638
eth:ethertype:ip:udp:hcrt,635
eth:ethertype:ip:udp:uaudp,630
eth:ethertype:ip:udp:wisun.eapol_relay:eapol:data,622
eth:ethertype:ip:udp:a21,616
eth:ethertype:ip:udp:dof,612
eth:ethertype:ip:udp:tplink-smarthome:json:data-text-lines,602
eth:ethertype:ip:udp:h225,602
eth:ethertype:ip:udp:ts2,596
eth:ethertype:ip:udp:hiqnet,595
eth:ethertype:ip:udp:bat.gw:data,590
eth:ethertype:ip:udp:radius:eap,570
eth:ethertype:ip:udp:gprs-ns:bssgp,559
eth:ethertype:ip:udp:tetra,554
eth:ethertype:ip:udp:opensafety:data,552
eth:ethertype:ip:udp:bfd_echo,550
eth:ethertype:ip:udp:sctp,550
eth:ethertype:ip:udp:opensafety_udp:data,545
eth:ethertype:ip:udp:rdt,527
eth:ethertype:ip:udp:ecatf:data,526
eth:ethertype:ip:udp:ax4000,524
eth:ethertype:ip:udp:egd:data,519
eth:ethertype:ip:udp:ardp,506
eth:ethertype:ip:udp:bat.vis:data,495
eth:ethertype:ip:udp:pktc,478
eth:ethertype:ip:udp:scop:data,475
eth:ethertype:ip:udp:dpnet,470
eth:ethertype:ip:udp:tipc,466
eth:ethertype:ip:udp:sabp:sabp,462
eth:ethertype:ip:udp:gre:data,454
eth:ethertype:ip:udp:cnip,450
eth:ethertype:ip:udp:ulp,447
eth:ethertype:ip:udp:udpencap,442
eth:ethertype:ip:udp:mpls-echo,436
eth:ethertype:ip:udp:lisp-data,435
eth:ethertype:ip:udp:iax2:data,429
eth:ethertype:ip:udp:iapp,422
eth:ethertype:ip:udp:c1222,419
eth:ethertype:ip:udp:ltp:data,402
eth:ethertype:ip:udp:knet,390
eth:ethertype:ip:udp:lwapp:wlan,386
eth:ethertype:ip:udp:ipvs,380
eth:ethertype:ip:udp:wg,368
eth:ethertype:ip:udp:nano,356
eth:ethertype:ip:udp:geneve:data,353
eth:ethertype:ip:udp:eth:ethertype:data,352
eth:ethertype:ip:udp:raknet,348
eth:ethertype:ip:udp:nxp_802154_sniffer:wpan,331
eth:ethertype:ip:udp:icp,317
eth:ethertype:ip:udp:db-lsp-disc,313
eth:ethertype:ip:udp:h501,309
eth:ethertype:ip:udp:enrp,303
eth:ethertype:ip:udp:h248,298
eth:ethertype:ip:udp:idn,297
eth:ethertype:ip:udp:msproxy,281
eth:ethertype:ip:udp:amt,269
eth:ethertype:ip:udp:ieee1722:data,259
eth:ethertype:ip:udp:teredo:data,256
eth:ethertype:ip:udp:gsmtap:data,247
eth:ethertype:ip:udp:ath,241
eth:ethertype:ip:udp:collectd,239
eth:ethertype:ip:udp:vuze-dht,239
eth:ethertype:ip:udp:ayiya,232
eth:ethertype:ip:udp:bjnp,222
eth:ethertype:ip:udp:adp,212
eth:ethertype:ip:udp:gprs-ns,207
eth:ethertype:ip:udp:dvb_ipdc:data,200
eth:ethertype:ip:udp:bat.vis,195
eth:ethertype:ip:udp:ecmp,188
eth:ethertype:ip:udp:rsvp,173
eth:ethertype:ip:udp:pfcp,165
eth:ethertype:ip:udp:sbus,161
eth:ethertype:ip:udp:lisp:data,157
eth:ethertype:ip:udp:auto_rp,153
eth:ethertype:ip:udp:infiniband:data,142
eth:ethertype:ip:udp:sap,136
eth:ethertype:ip:udp:capwap.data,134
eth:ethertype:ip:udp:lisp-data:ip:data,116
eth:ethertype:ip:udp:lisp-data:ipv6:data,108
eth:ethertype:ip:udp:megaco:data,107
eth:ethertype:ip:udp:doip,104
eth:ethertype:ip:udp:mikey,99
eth:ethertype:ip:udp:nbdgm:smb:data,96
eth:ethertype:ip:udp:quake2:data,78
eth:ethertype:ip:udp:gre,74
eth:ethertype:ip:udp:quake:data,71
eth:ethertype:ip:udp:pn_rt:pn_io,65
eth:ethertype:ip:udp:sap:sdp,63
eth:ethertype:ip:udp:lisp,60
eth:ethertype:ip:udp:infiniband,58
eth:ethertype:ip:udp:enttec,58
eth:ethertype:ip:udp:dmp,51
eth:ethertype:ip:udp:lwapp:wlan:data,49
eth:ethertype:ip:udp:vxlan:eth:ethertype:data,48
eth:ethertype:ip:udp:gsmtap,47
eth:ethertype:ip:udp:mpls:data,46
eth:ethertype:ip:udp:sabp,46
eth:ethertype:ip:udp:quakeworld:data,44
eth:ethertype:ip:udp:nxp_802154_sniffer,41
eth:ethertype:ip:udp:lisp-data:ip,41
eth:ethertype:ip:udp:geneve,40
eth:ethertype:ip:udp:tacacs,36
eth:ethertype:ip:udp:wtp:wsp,35
eth:ethertype:ip:udp:dcc,34
eth:ethertype:ip:udp:capwap:dtls,33
eth:ethertype:ip:udp:capwap.data:dtls,28
eth:ethertype:ip:udp:dhcpv6,22
eth:ethertype:ip:udp:sabp:sabp:sabp,22
eth:ethertype:ip:udp:cnip:data,21
eth:ethertype:ip:udp:egd,21
eth:ethertype:ip:udp:ncp,21
eth:ethertype:ip:udp:stun:data,20
eth:ethertype:ip:udp:mpls:ipv6:data,19
eth:ethertype:ip:udp:dvb_ipdc:alc:data,19
eth:ethertype:ip:udp:wol,18
eth:ethertype:ip:udp:lisp-data:ipv6,17
eth:ethertype:ip:udp:dlep,16
eth:ethertype:ip:udp:tsp,15
eth:ethertype:ip:udp:eth,15
eth:ethertype:ip:udp:lwres,14
eth:ethertype:ip:udp:mpls:ip,13
eth:ethertype:ip:udp:find,13
eth:ethertype:ip:udp:quake2,13
eth:ethertype:ip:udp:ieee1722:iec61883,12
eth:ethertype:ip:udp:kpasswd,12
eth:ethertype:ip:udp:who,12
eth:ethertype:ip:udp:ltp,12
eth:ethertype:ip:udp:llc,12
eth:ethertype:ip:udp:h225:data,12
eth:ethertype:ip:udp:ecatf:ioraw,11
eth:ethertype:ip:udp:vxlan:eth,11
eth:ethertype:ip:udp:thrift,11
eth:ethertype:ip:udp:sip:sigcomp,11
eth:ethertype:ip:udp:sip:data-text-lines:xml,11
eth:ethertype:ip:udp:goose:cotp,10
eth:ethertype:ip:udp:acdr,10
eth:ethertype:ip:udp:aodv,10
eth:ethertype:ip:udp:msmms,10
eth:ethertype:ip:udp:capwap.data:data,10
eth:ethertype:ip:udp:nbdgm,9
eth:ethertype:ip:udp:armagetronad,9
eth:ethertype:ip:udp:tzsp:data,9
eth:ethertype:ip:udp:ripng,9
eth:ethertype:ip:udp:rx:afs,9
eth:ethertype:ip:udp:mndp,8
eth:ethertype:ip:udp:rx,8
eth:ethertype:ip:udp:wisun.eapol_relay,8
eth:ethertype:ip:udp:xyplex,8
eth:ethertype:ip:udp:cups,8
eth:ethertype:ip:udp:mip,8
eth:ethertype:ip:udp:mpls,8
eth:ethertype:ip:udp:wisun.eapol_relay:eapol,7
eth:ethertype:ip:udp:scop,7
eth:ethertype:ip:udp:pn_rt,7
eth:ethertype:ip:udp:mpls:pwethheuristic:pwethcw:eth:ethertype:data,7
eth:ethertype:ip:udp:lmp,7
eth:ethertype:ip:udp:slimp3,6
eth:ethertype:ip:udp:packetbb,6
eth:ethertype:ip:udp:quakeworld,6
eth:ethertype:ip:udp:rdpudp:data,6
eth:ethertype:ip:udp:nxp_802154_sniffer:wpan:data,6
eth:ethertype:ip:udp:ipx:data,5
eth:ethertype:ip:udp:dlsw,5
eth:ethertype:ip:udp:amt:ip,5
eth:ethertype:ip:udp:bat.gw,5
eth:ethertype:ip:udp:lbtrm,5
eth:ethertype:ip:udp:dcp-etsi:dcp-af,5
eth:ethertype:ip:udp:tapa,5
eth:ethertype:ip:udp:ipx,5
eth:ethertype:ip:udp:lisp-data:ipv6:l2tp:data,5
eth:ethertype:ip:udp:lisp-data:ipv6:nhrp,5
eth:ethertype:ip:udp:teredo:ipv6:icmpv6,5
eth:ethertype:ip:udp:capwap.data:eth:ethertype:data,5
eth:ethertype:ip:udp:data:vssmonitoring,5
eth:ethertype:ip:udp:ecatf:tc_nv,5
eth:ethertype:ip:udp:vxlan:eth:llc:data,4
eth:ethertype:ip:udp:ptp,4
eth:ethertype:ip:udp:quake,4
eth:ethertype:ip:udp:rsp,4
eth:ethertype:ip:udp:lisp-data:ipv6:vrrp,4
eth:ethertype:ip:udp:l2tp:data,4
eth:ethertype:ip:udp:lisp-data:ipv6:eigrp,4
eth:ethertype:ip:udp:dcp-etsi:dcp-pft,4
eth:ethertype:ip:udp:epl,4
eth:ethertype:ip:udp:cpfi,3
eth:ethertype:ip:udp:mint:eth:ethertype:data,3
eth:ethertype:ip:udp:rtpproxy,3
eth:ethertype:ip:udp:teredo,3
eth:ethertype:ip:udp:wccp,3
eth:ethertype:ip:udp:ecatf,3
eth:ethertype:ip:udp:mpls:ipv6,3
eth:ethertype:ip:udp:lisp-data:ipv6:esp,3
eth:ethertype:ip:udp:lisp-data:ipv6:ah,3
eth:ethertype:ip:udp:lisp-data:ipv6:dsr:data,3
eth:ethertype:ip:udp:megaco,3
eth:ethertype:ip:udp:ddtp,2
eth:ethertype:ip:udp:olsr,2
eth:ethertype:ip:udp:lwapp,2
eth:ethertype:ip:udp:opensafety_udp,2
eth:ethertype:ip:udp:lisp-data:ipv6:osi:data,2
eth:ethertype:ip:udp:lisp-data:ipv6:ipcomp:data,2
eth:ethertype:ip:udp:lisp-data:ipv6:swipe,2
eth:ethertype:ip:udp:dvb_ipdc:alc:rmt-lct,2
eth:ethertype:ip:udp:lisp-data:ipv6:ospf,2
eth:ethertype:ip:udp:ecatf:ecat_mailbox,2
eth:ethertype:ip:udp:vxlan,2
eth:ethertype:ip:udp:lisp-data:ipv6:lwl4,2
eth:ethertype:ip:udp:nbdgm:smb:smb_netlogon,2
eth:ethertype:ip:udp:sigcomp,2
eth:ethertype:ip:udp:ip,2
eth:ethertype:ip:udp:ieee1722,2
eth:ethertype:ip:udp:icq,1
eth:ethertype:ip:udp:ayiya:dsr:ipv6.hopopts:ipv6.hopopts,1
eth:ethertype:ip:udp:adwin,1
eth:ethertype:ip:udp:capwap:data,1
eth:ethertype:ip:udp:cnip:lon,1
eth:ethertype:ip:udp:llc:osi:data,1
eth:ethertype:ip:udp:ldp,1
eth:ethertype:ip:udp:sflow,1
eth:ethertype:ip:udp:mbudp:modbus,1
eth:ethertype:ip:udp:teredo:ipv6:data,1
eth:ethertype:ip:udp:lisp-data:ipv6:vines_frp:vines_ip:data,1
eth:ethertype:ip:udp:lisp-data:ipv6:etherip:eth:llc,1
eth:ethertype:ip:udp:rdpudp:dtls,1
eth:ethertype:ip:udp:rmcp,1
eth:ethertype:ip:udp:tpcp,1
eth:ethertype:ip:udp:mdns:vssmonitoring,1
eth:ethertype:ip:udp:tzsp:eth:ethertype:data,1
eth:ethertype:ip:udp:tzsp:tr,1
eth:ethertype:ip:udp:actrace,1
eth:ethertype:ip:udp:llc:sna:data,1
eth:ethertype:ip:udp:edonkey,1
eth:ethertype:ip:udp:uftp:uftp5,1
eth:ethertype:ip:udp:uftp:uftp4,1
eth:ethertype:ip:udp:lisp-data:ipv6:ipv6.routing,1
eth:ethertype:ip:udp:lisp-data:ipv6:gre,1
eth:ethertype:ip:udp:mpls:pwach,1
eth:ethertype:ip:udp:hip,1
eth:ethertype:ip:udp:mpls:pwach:data,1
eth:ethertype:ip:udp:ecatf:ams,1
eth:ethertype:ip:udp:capwap.data:eth,1
eth:ethertype:ip:udp:llc:vines_llc:data,1
eth:ethertype:ip:udp:mpls:pwethheuristic:pwethcw:eth,1
eth:ethertype:ip:udp:eth:llc:data,1
eth:ethertype:ip:udp:mpls:pwethheuristic:pwethnocw:eth:ethertype:data,1
eth:ethertype:ip:udp:pathport,1
eth:ethertype:ip:udp:db-lsp-disc:json:data-text-lines,1
