eth:ethertype:ip:udp:data,11219549
eth:ethertype:ip:udp:stun,10157702
eth:ethertype:ip:udp:dns,4528115
eth:ethertype:ip:udp:syslog,3982830
eth:ethertype:ip:udp:ntp,2464361
eth:ethertype:ip:udp:snmp,2038983
eth:ethertype:ip:data,1652047
eth:ethertype:ip:udp:nbns,768029
eth:ethertype:ip:udp:sip,380121
eth:ethertype:ip:udp:coap,217367
eth:ethertype:ip:udp:ssdp,168843
eth:ethertype:ip:udp:cldap,160593
eth:ethertype:ip:udp:cflow,149160
eth:ethertype:ip:udp:openvpn,137042
eth:ethertype:ip:udp:sip:xml,101890
eth:ethertype:ip:udp:mdns,95141
eth:ethertype:ip:udp:isakmp,88470
eth:ethertype:ip:udp:memcache,70396
eth:ethertype:ip:udp:dtls,67675
eth:ethertype:ip:udp:dhcp,62386
eth:ethertype:ip:udp,56462
eth:ethertype:ip:udp:sip:data-text-lines,52616
eth:ethertype:ip:udp:bvlc:bacnet:bacapp,51865
eth:ethertype:ip:udp:rpc,51010
eth:ethertype:ip:udp:capwap,46620
eth:ethertype:ip:udp:portcontrol,46014
eth:ethertype:ip:udp:l2tp,43211
eth:ethertype:ip:udp:gtp,41106
eth:ethertype:ip:udp:srvloc,37832
eth:ethertype:ip:udp:rdpudp,25897
eth:ethertype:ip:udp:rmcp:ipmi_session:data,24003
eth:ethertype:ip:udp:udpencap:esp,23258
eth:ethertype:ip:udp:quic:tls,22688
eth:ethertype:ip:udp:xdmcp,20657
eth:ethertype:ip:udp:gquic,20407
eth:ethertype:ip:udp:kerberos,19469
eth:ethertype:ip:udp:lwapp:data,17015
eth:ethertype:ip:udp:rip,16057
eth:ethertype:ip:udp:classicstun,15302
eth:ethertype:ip:udp:hart_ip,15087
eth:ethertype:ip:udp:chargen,14443
eth:ethertype:ip:udp:radius,14238
eth:ethertype:ip:udp:echo,13703
eth:ethertype:ip:udp:enip,13635
eth:ethertype:ip:udp:omron,13431
eth:ethertype:ip:udp:tftp,13078
eth:ethertype:ip:udp:nbdgm:smb:browser,12456
eth:ethertype:ip:udp:gtp:gtpv2,11471
eth:ethertype:ip:udp:time,10928
eth:ethertype:ip:udp:daytime,10316
eth:ethertype:ip:udp:quake3,10316
eth:ethertype:ip:udp:ecatf:ecat,10223
eth:ethertype:ip:udp:steam_ihs_discovery,9282
eth:ethertype:ip:udp:bfd,8951
eth:ethertype:ip:udp:teredo:ipv6,8321
eth:ethertype:ip:udp:quic,7663
eth:ethertype:ip:udp:rtcp,7209
eth:ethertype:ip:udp:kip,6805
eth:ethertype:ip:udp:udpencap:isakmp,6680
eth:ethertype:ip:udp:mgcp,5435
eth:ethertype:ip:udp:coap:data,3790
eth:ethertype:ip:udp:iax2,3540
eth:ethertype:ip:udp:rmcp:asf,3478
eth:ethertype:ip:udp:bjnp,2928
eth:ethertype:ip:udp:teredo:ipv6:icmpv6,1880
eth:ethertype:ip:udp:cipio,1626
eth:ethertype:ip:udp:radius:eap,1244
eth:ethertype:ip:udp:wsp,1229
eth:ethertype:ip:udp:llc:data,1220
eth:ethertype:ip:udp:dis,1102
eth:ethertype:ip:udp:wtls,1090
eth:ethertype:ip:udp:raknet:raknet,1079
eth:ethertype:ip:udp:asterix,1068
eth:ethertype:ip:udp:gtpprime,1018
eth:ethertype:ip:udp:wtp,1007
eth:ethertype:ip:udp:corosync_totemnet:data,998
eth:ethertype:ip:udp:bat:data,959
eth:ethertype:ip:udp:rtps,917
eth:ethertype:ip:udp:h501,865
eth:ethertype:ip:udp:quake3:data,807
eth:ethertype:ip:udp:tipc,730
eth:ethertype:ip:udp:scop:data,721
eth:ethertype:ip:udp:knet,714
eth:ethertype:ip:udp:cnip,714
eth:ethertype:ip:udp:ayiya,711
eth:ethertype:ip:udp:kink,702
eth:ethertype:ip:udp:uaudp,662
eth:ethertype:ip:udp:manolito,652
eth:ethertype:ip:udp:rsvp,645
eth:ethertype:ip:udp:ipvs,622
eth:ethertype:ip:udp:gprs-ns:bssgp,596
eth:ethertype:ip:udp:ajns,586
eth:ethertype:ip:udp:ssdp:data,573
eth:ethertype:ip:udp:mipv6,547
eth:ethertype:ip:udp:amt,538
eth:ethertype:ip:udp:llmnr,534
eth:ethertype:ip:udp:tplink-smarthome:json:data-text-lines,523
eth:ethertype:ip:udp:ax4000,522
eth:ethertype:ip:udp:infiniband,516
eth:ethertype:ip:udp:vrt,494
eth:ethertype:ip:udp:ecatf:data,492
eth:ethertype:ip:udp:asap,471
eth:ethertype:ip:udp:c1222,467
eth:ethertype:ip:udp:geneve:data,464
eth:ethertype:ip:udp:wisun.eapol_relay:eapol:data,463
eth:ethertype:ip:udp:hcrt,462
eth:ethertype:ip:udp:icp,460
eth:ethertype:ip:udp:nxp_802154_sniffer:wpan,448
eth:ethertype:ip:udp:bat.vis:data,441
eth:ethertype:ip:udp:elasticsearch,431
eth:ethertype:ip:udp:tzsp,424
eth:ethertype:ip:udp:tetra,417
eth:ethertype:ip:udp:pfcp,416
eth:ethertype:ip:udp:ecmp,407
eth:ethertype:ip:udp:ardp,396
eth:ethertype:ip:udp:pktc.mtafqdn,392
eth:ethertype:ip:udp:opensafety_udp:data,390
eth:ethertype:ip:udp:opensafety:data,389
eth:ethertype:ip:udp:mint,386
eth:ethertype:ip:udp:wlccp,377
eth:ethertype:ip:udp:mih,373
eth:ethertype:ip:udp:stun:data,359
eth:ethertype:ip:udp:kdp,340
eth:ethertype:ip:udp:lisp:data,322
eth:ethertype:ip:udp:hiqnet,313
eth:ethertype:ip:udp:rsip,313
eth:ethertype:ip:udp:dof,312
eth:ethertype:ip:udp:ieee1722:data,309
eth:ethertype:ip:udp:ts2,308
eth:ethertype:ip:udp:iax2:data,302
eth:ethertype:ip:udp:adp,299
eth:ethertype:ip:udp:doip,289
eth:ethertype:ip:udp:lwapp:wlan,286
eth:ethertype:ip:udp:capwap.data,284
eth:ethertype:ip:udp:sctp,283
eth:ethertype:ip:udp:teredo:data,282
eth:ethertype:ip:udp:rx,280
eth:ethertype:ip:udp:sap,275
eth:ethertype:ip:udp:enttec,257
eth:ethertype:ip:udp:vuze-dht,254
eth:ethertype:ip:udp:pn_rt:pn_ptcp,254
eth:ethertype:ip:udp:iapp,253
eth:ethertype:ip:udp:egd:data,251
eth:ethertype:ip:udp:rdt,240
eth:ethertype:ip:udp:raknet:raknet:raknet,240
eth:ethertype:ip:udp:ulp,237
eth:ethertype:ip:udp:dmp,235
eth:ethertype:ip:udp:quakeworld:data,227
eth:ethertype:ip:udp:dvb_ipdc:data,219
eth:ethertype:ip:udp:collectd,215
eth:ethertype:ip:udp:quake2:data,212
eth:ethertype:ip:udp:dpnet,207
eth:ethertype:ip:udp:ath,191
eth:ethertype:ip:udp:llc,167
eth:ethertype:ip:udp:raknet,158
eth:ethertype:ip:udp:gprs-ns,149
eth:ethertype:ip:udp:pktc,144
eth:ethertype:ip:udp:sap:sdp,144
eth:ethertype:ip:udp:h225,140
eth:ethertype:ip:udp:quake:data,140
eth:ethertype:ip:udp:dcc,138
eth:ethertype:ip:udp:mpls-echo,126
eth:ethertype:ip:udp:db-lsp-disc,121
eth:ethertype:ip:udp:tacacs,117
eth:ethertype:ip:udp:gsmtap:data,116
eth:ethertype:ip:udp:pn_rt:pn_io,111
eth:ethertype:ip:udp:enrp,107
eth:ethertype:ip:udp:infiniband:data,103
eth:ethertype:ip:udp:jmirror:ipv6:data,97
eth:ethertype:ip:udp:nbdgm:smb:data,96
eth:ethertype:ip:udp:bat.gw:data,91
eth:ethertype:ip:udp:nano,90
eth:ethertype:ip:udp:bfd_echo,90
eth:ethertype:ip:udp:a21,88
eth:ethertype:ip:udp:mikey,87
eth:ethertype:ip:udp:msproxy,86
eth:ethertype:ip:udp:mpls:data,80
eth:ethertype:ip:udp:sbus,80
eth:ethertype:ip:udp:megaco:data,77
eth:ethertype:ip:udp:lwapp:wlan:data,73
eth:ethertype:ip:udp:geneve,70
eth:ethertype:ip:udp:h248,67
eth:ethertype:ip:udp:sip:data-text-lines:xml,66
eth:ethertype:ip:udp:idn,65
eth:ethertype:ip:udp:cnip:data,63
eth:ethertype:ip:udp:sabp,62
eth:ethertype:ip:udp:gre,62
eth:ethertype:ip:udp:lisp-data,59
eth:ethertype:ip:udp:wg,46
eth:ethertype:ip:udp:lisp,44
eth:ethertype:ip:udp:dvb_ipdc:alc:data,43
eth:ethertype:ip:udp:capwap:dtls,41
eth:ethertype:ip:udp:capwap.data:dtls,41
eth:ethertype:ip:udp:gsmtap,40
eth:ethertype:ip:udp:gre:data,40
eth:ethertype:ip:udp:sabp:sabp,38
eth:ethertype:ip:udp:wisun.eapol_relay,37
eth:ethertype:ip:udp:nxp_802154_sniffer,36
eth:ethertype:ip:udp:wisun.eapol_relay:eapol,36
eth:ethertype:ip:udp:eth:ethertype:data,33
eth:ethertype:ip:udp:ieee1722:aaf,33
eth:ethertype:ip:udp:thrift,32
eth:ethertype:ip:udp:vxlan:eth:ethertype:data,29
eth:ethertype:ip:udp:vxlan:eth,25
eth:ethertype:ip:udp:egd,22
eth:ethertype:ip:udp:wol,20
eth:ethertype:ip:udp:eth,19
eth:ethertype:ip:udp:l2tp:data,19
eth:ethertype:ip:udp:wtp:wsp,18
eth:ethertype:ip:udp:goose:cotp,17
eth:ethertype:ip:udp:mpls:pwethheuristic:pwethcw:eth:ethertype:data,16
eth:ethertype:ip:udp:slimp3,16
eth:ethertype:ip:udp:lwres,15
eth:ethertype:ip:udp:dhcpv6,15
eth:ethertype:ip:udp:pn_rt,15
eth:ethertype:ip:udp:who,14
eth:ethertype:ip:udp:rx:afs,14
eth:ethertype:ip:udp:rtpproxy,14
eth:ethertype:ip:udp:mpls,13
eth:ethertype:ip:udp:mpls:ipv6:data,13
eth:ethertype:ip:udp:ltp,13
eth:ethertype:ip:udp:scop:wpan:data,13
eth:ethertype:ip:udp:lmp,12
eth:ethertype:ip:udp:dlsw,12
eth:ethertype:ip:udp:capwap.data:eth:ethertype:data,12
eth:ethertype:ip:udp:ripng,11
eth:ethertype:ip:udp:lwapp,11
eth:ethertype:ip:udp:cups,11
eth:ethertype:ip:udp:dcp-etsi:dcp-af,11
eth:ethertype:ip:udp:auto_rp,10
eth:ethertype:ip:udp:find,10
eth:ethertype:ip:udp:jmirror:ip:data,10
eth:ethertype:ip:udp:sigcomp,9
eth:ethertype:ip:udp:ecatf:ioraw,9
eth:ethertype:ip:udp:quake2,9
eth:ethertype:ip:udp:dlep,9
eth:ethertype:ip:udp:nxp_802154_sniffer:wpan:data,9
eth:ethertype:ip:udp:pathport,8
eth:ethertype:ip:udp:mpls:ipv6,8
eth:ethertype:ip:udp:ncp,8
eth:ethertype:ip:udp:mndp,8
eth:ethertype:ip:udp:ieee1722:iec61883,8
eth:ethertype:ip:udp:mpls:ip,8
eth:ethertype:ip:udp:scop,7
eth:ethertype:ip:udp:xyplex,7
eth:ethertype:ip:udp:amt:ip,7
eth:ethertype:ip:udp:kpasswd,7
eth:ethertype:ip:udp:mip,7
eth:ethertype:ip:udp:acdr,6
eth:ethertype:ip:udp:dcp-etsi:dcp-pft,6
eth:ethertype:ip:udp:data:vssmonitoring,6
eth:ethertype:ip:udp:tzsp:data,6
eth:ethertype:ip:udp:lisp-data:ip,6
eth:ethertype:ip:udp:ipx,6
eth:ethertype:ip:udp:nbdgm,6
eth:ethertype:ip:udp:sip:sigcomp,6
eth:ethertype:ip:udp:mpls:ip:data,6
eth:ethertype:ip:udp:packetbb,5
eth:ethertype:ip:udp:quakeworld,5
eth:ethertype:ip:udp:quake,5
eth:ethertype:ip:udp:lisp-data:ipv6,5
eth:ethertype:ip:udp:ecatf,5
eth:ethertype:ip:udp:ecatf:tc_nv,5
eth:ethertype:ip:udp:rsp,5
eth:ethertype:ip:udp:mpls:pwach:data,5
eth:ethertype:ip:udp:bat.vis,5
eth:ethertype:ip:udp:gsmtap:gsm_a.dtap,5
eth:ethertype:ip:udp:epl,5
eth:ethertype:ip:udp:cpfi,4
eth:ethertype:ip:udp:tsp,4
eth:ethertype:ip:udp:jmirror:ipv6:gre:data,4
eth:ethertype:ip:udp:ipx:data,4
eth:ethertype:ip:udp:bundle:bundle,4
eth:ethertype:ip:udp:bat.gw,4
eth:ethertype:ip:udp:dvb_ipdc:alc:rmt-lct,4
eth:ethertype:ip:udp:mpls:ipv6:ipv6.hopopts,4
eth:ethertype:ip:udp:epl:data,4
eth:ethertype:ip:udp:tpcp,3
eth:ethertype:ip:udp:jmirror:ipv6:swipe:data,3
eth:ethertype:ip:udp:jmirror:ipv6:vrrp,3
eth:ethertype:ip:udp:jmirror:ipv6:ah,3
eth:ethertype:ip:udp:jmirror:ipv6:etherip:eth:ethertype:data,3
eth:ethertype:ip:udp:jmirror:ipv6:osi:data,3
eth:ethertype:ip:udp:lbtrm,3
eth:ethertype:ip:udp:uftp:uftp4,3
eth:ethertype:ip:udp:teredo:ipv6:data,3
eth:ethertype:ip:udp:uftp:uftp5,3
eth:ethertype:ip:udp:dtls:x509sat:x509sat:x509sat:x509sat,3
eth:ethertype:ip:udp:rdpudp:dtls,3
eth:ethertype:ip:udp:jmirror:ipv6:lwl4,3
eth:ethertype:ip:udp:msmms,3
eth:ethertype:ip:udp:e100:eth,3
eth:ethertype:ip:udp:ddtp,3
eth:ethertype:ip:udp:ltp:data,2
eth:ethertype:ip:udp:a11,2
eth:ethertype:ip:udp:mpls:pwethheuristic:pwethcw:eth,2
eth:ethertype:ip:udp:capwap.data:data,2
eth:ethertype:ip:udp:actrace,2
eth:ethertype:ip:udp:teredo,2
eth:ethertype:ip:udp:tapa,2
eth:ethertype:ip:udp:jmirror:ipv6:nhrp,2
eth:ethertype:ip:udp:wccp,2
eth:ethertype:ip:udp:cnip:lon,2
eth:ethertype:ip:udp:aodv,2
eth:ethertype:ip:udp:rdpudp:data,2
eth:ethertype:ip:udp:oicq,2
eth:ethertype:ip:udp:jmirror:ipv6:etherip:eth:llc,2
eth:ethertype:ip:udp:jmirror:ipv6:pim,2
eth:ethertype:ip:udp:jmirror:ipv6:ospf,2
eth:ethertype:ip:udp:ieee1722,2
eth:ethertype:ip:udp:ip,2
eth:ethertype:ip:udp:udpencap,2
eth:ethertype:ip:udp:wimaxasncp,1
eth:ethertype:ip:udp:adwin,1
eth:ethertype:ip:udp:capwap:data,1
eth:ethertype:ip:udp:olsr,1
eth:ethertype:ip:udp:llc:sna:data,1
eth:ethertype:ip:udp:jmirror:ipv6:ipcomp:data,1
eth:ethertype:ip:udp:lisp-data:ipv6:data,1
eth:ethertype:ip:udp:tzsp:tr,1
eth:ethertype:ip:udp:db-lsp-disc:json,1
eth:ethertype:ip:udp:megaco,1
eth:ethertype:ip:udp:snmp:data,1
eth:ethertype:ip:udp:eth:llc:data,1
eth:ethertype:ip:udp:scop:wpan,1
eth:ethertype:ip:udp:capwap.data:eth:llc,1
eth:ethertype:ip:udp:acdr:data,1
eth:ethertype:ip:udp:goose:cotp:goose,1
eth:ethertype:ip:udp:jmirror:ipv6:esp,1
eth:ethertype:ip:udp:jmirror:ipv6:dsr,1
eth:ethertype:ip:udp:vxlan:eth:llc:data,1
eth:ethertype:ip:udp:jmirror:ipv6:vines_frp:vines_ip:data,1
eth:ethertype:ip:udp:mpls:ipv6:swipe,1
eth:ethertype:ip:udp:nbdgm:smb:smb_netlogon,1
eth:ethertype:ip:udp:papi,1
eth:ethertype:ip:udp:ecatf:ecat_mailbox,1
eth:ethertype:ip:udp:opensafety_udp,1
eth:ethertype:ip:udp:udpencap:data,1
eth:ethertype:ip:udp:ptp,1
eth:ethertype:ip:udp:tzsp:eth:ethertype:data,1
eth:ethertype:ip:udp:mpls:pwethheuristic:pwethnocw:eth:ethertype:data,1
