eth:ethertype:ip:udp:stun,12228971
eth:ethertype:ip:udp:data,8262823
eth:ethertype:ip:udp:syslog,5007429
eth:ethertype:ip:udp:dns,4438391
eth:ethertype:ip:udp:snmp,2771519
eth:ethertype:ip:udp:ntp,2135517
eth:ethertype:ip:data,1144580
eth:ethertype:ip:udp:nbns,637976
eth:ethertype:ip:udp:sip,353669
eth:ethertype:ip:udp:cflow,179659
eth:ethertype:ip:udp:cldap,147186
eth:ethertype:ip:udp:mdns,104955
eth:ethertype:ip:udp:sip:xml,101808
eth:ethertype:ip:udp:coap,83945
eth:ethertype:ip:udp:isakmp,71739
eth:ethertype:ip:udp:ssdp,70404
eth:ethertype:ip:udp:memcache,68012
eth:ethertype:ip:udp:openvpn,62430
eth:ethertype:ip:udp:rpc,59902
eth:ethertype:ip:udp:dtls,55347
eth:ethertype:ip:udp:sip:data-text-lines,52696
eth:ethertype:ip:udp:portcontrol,51733
eth:ethertype:ip:udp,49697
eth:ethertype:ip:udp:bvlc:bacnet:bacapp,46206
eth:ethertype:ip:udp:dhcp,46112
eth:ethertype:ip:udp:capwap,44531
eth:ethertype:ip:udp:gtp,43250
eth:ethertype:ip:udp:srvloc,34269
eth:ethertype:ip:udp:l2tp,28555
eth:ethertype:ip:udp:quic:tls,27443
eth:ethertype:ip:udp:chargen,26406
eth:ethertype:ip:udp:rdpudp,25159
eth:ethertype:ip:udp:rmcp:ipmi_session:data,24727
eth:ethertype:ip:udp:rip,24397
eth:ethertype:ip:udp:udpencap:esp,22750
eth:ethertype:ip:udp:xdmcp,22052
eth:ethertype:ip:udp:gquic,20390
eth:ethertype:ip:udp:kerberos,19214
eth:ethertype:ip:udp:quic,17370
eth:ethertype:ip:udp:lwapp:data,17238
eth:ethertype:ip:udp:radius,16230
eth:ethertype:ip:udp:hart_ip,15500
eth:ethertype:ip:udp:rtcp,14270
eth:ethertype:ip:udp:echo,13809
eth:ethertype:ip:udp:omron,13789
eth:ethertype:ip:udp:tftp,13523
eth:ethertype:ip:udp:classicstun,13328
eth:ethertype:ip:udp:enip,13117
eth:ethertype:ip:udp:gtp:gtpv2,11380
eth:ethertype:ip:udp:nbdgm:smb:browser,10860
eth:ethertype:ip:udp:daytime,10320
eth:ethertype:ip:udp:time,10313
eth:ethertype:ip:udp:ecatf:ecat,10220
eth:ethertype:ip:udp:cnip:lon,10087
eth:ethertype:ip:udp:bfd,10064
eth:ethertype:ip:udp:quake3,9923
eth:ethertype:ip:udp:steam_ihs_discovery,9839
eth:ethertype:ip:udp:udpencap:isakmp,6730
eth:ethertype:ip:udp:kip,6422
eth:ethertype:ip:udp:teredo:ipv6,5794
eth:ethertype:ip:udp:mgcp,5566
eth:ethertype:ip:udp:teredo:ipv6:icmpv6,5487
eth:ethertype:ip:udp:coap:data,3733
eth:ethertype:ip:udp:rmcp:asf,3343
eth:ethertype:ip:udp:goose:cotp,2418
eth:ethertype:ip:udp:wlccp,2097
eth:ethertype:ip:udp:wsp,1837
eth:ethertype:ip:udp:iax2,1660
eth:ethertype:ip:udp:cipio,1540
eth:ethertype:ip:udp:rtps,1422
eth:ethertype:ip:udp:raknet:raknet,1417
eth:ethertype:ip:udp:wtp,1359
eth:ethertype:ip:udp:gtpprime,1227
eth:ethertype:ip:udp:dis,1179
eth:ethertype:ip:udp:llc:data,1150
eth:ethertype:ip:udp:corosync_totemnet:data,1129
eth:ethertype:ip:udp:quake3:data,1107
eth:ethertype:ip:udp:ecatf:data,1103
eth:ethertype:ip:udp:wtls,1085
eth:ethertype:ip:udp:asterix,962
eth:ethertype:ip:udp:kink,894
eth:ethertype:ip:udp:mint,885
eth:ethertype:ip:udp:dof,784
eth:ethertype:ip:udp:ulp,739
eth:ethertype:ip:udp:mih,698
eth:ethertype:ip:udp:doip,658
eth:ethertype:ip:udp:eth:ethertype:data,647
eth:ethertype:ip:udp:ssdp:data,646
eth:ethertype:ip:udp:enrp,600
eth:ethertype:ip:udp:scop:data,598
eth:ethertype:ip:udp:manolito,557
eth:ethertype:ip:udp:pktc.mtafqdn,556
eth:ethertype:ip:udp:db-lsp-disc,554
eth:ethertype:ip:udp:h501,526
eth:ethertype:ip:udp:collectd,517
eth:ethertype:ip:udp:ajns,511
eth:ethertype:ip:udp:llmnr,503
eth:ethertype:ip:udp:hiqnet,495
eth:ethertype:ip:udp:quake2:data,494
eth:ethertype:ip:udp:idn,477
eth:ethertype:ip:udp:adp,471
eth:ethertype:ip:udp:pfcp,465
eth:ethertype:ip:udp:rsvp,464
eth:ethertype:ip:udp:ts2,462
eth:ethertype:ip:udp:pn_rt:pn_ptcp,437
eth:ethertype:ip:udp:teredo:data,433
eth:ethertype:ip:udp:papi,419
eth:ethertype:ip:udp:cnip,398
eth:ethertype:ip:udp:hcrt,396
eth:ethertype:ip:udp:pktc,396
eth:ethertype:ip:udp:egd:data,394
eth:ethertype:ip:udp:gprs-ns:bssgp,383
eth:ethertype:ip:udp:ipvs,379
eth:ethertype:ip:udp:amt,376
eth:ethertype:ip:udp:mikey,373
eth:ethertype:ip:udp:h225,369
eth:ethertype:ip:udp:nxp_802154_sniffer:wpan,358
eth:ethertype:ip:udp:lwapp:wlan,351
eth:ethertype:ip:udp:dpnet,341
eth:ethertype:ip:udp:geneve:data,339
eth:ethertype:ip:udp:rsip,320
eth:ethertype:ip:udp:wg,312
eth:ethertype:ip:udp:infiniband:data,300
eth:ethertype:ip:udp:knet,299
eth:ethertype:ip:udp:bat:data,293
eth:ethertype:ip:udp:iax2:data,280
eth:ethertype:ip:udp:icp,268
eth:ethertype:ip:udp:elasticsearch,267
eth:ethertype:ip:udp:nano,263
eth:ethertype:ip:udp:tacacs,256
eth:ethertype:ip:udp:sbus,246
eth:ethertype:ip:udp:radius:eap,242
eth:ethertype:ip:udp:ieee1722:data,240
eth:ethertype:ip:udp:kdp,239
eth:ethertype:ip:udp:tzsp,227
eth:ethertype:ip:udp:msproxy,223
eth:ethertype:ip:udp:bat.gw:data,223
eth:ethertype:ip:udp:mpls:data,220
eth:ethertype:ip:udp:bfd_echo,214
eth:ethertype:ip:udp:vuze-dht,213
eth:ethertype:ip:udp:ax4000,212
eth:ethertype:ip:udp:wisun.eapol_relay:eapol:data,212
eth:ethertype:ip:udp:ecmp,211
eth:ethertype:ip:udp:opensafety:data,201
eth:ethertype:ip:udp:iapp,193
eth:ethertype:ip:udp:vrt,192
eth:ethertype:ip:udp:rdt,190
eth:ethertype:ip:udp:gprs-ns,184
eth:ethertype:ip:udp:dvb_ipdc:data,184
eth:ethertype:ip:udp:tetra,182
eth:ethertype:ip:udp:ardp,168
eth:ethertype:ip:udp:lwapp:wlan:data,163
eth:ethertype:ip:udp:uaudp,162
eth:ethertype:ip:udp:bat.vis:data,162
eth:ethertype:ip:udp:sabp:sabp,162
eth:ethertype:ip:udp:vxlan:eth:llc:data,153
eth:ethertype:ip:udp:bjnp,149
eth:ethertype:ip:udp:c1222,149
eth:ethertype:ip:udp:gre:data,144
eth:ethertype:ip:udp:gsmtap:data,123
eth:ethertype:ip:udp:tplink-smarthome:json:data-text-lines,122
eth:ethertype:ip:udp:infiniband,120
eth:ethertype:ip:udp:ayiya,116
eth:ethertype:ip:udp:lisp-data,114
eth:ethertype:ip:udp:mipv6,110
eth:ethertype:ip:udp:ath,108
eth:ethertype:ip:udp:a21,104
eth:ethertype:ip:udp:gsmtap,97
eth:ethertype:ip:udp:h248,97
eth:ethertype:ip:udp:rx,96
eth:ethertype:ip:udp:raknet:raknet:raknet,94
eth:ethertype:ip:udp:stun:data,88
eth:ethertype:ip:udp:lisp:data,86
eth:ethertype:ip:udp:sctp,75
eth:ethertype:ip:udp:sap,74
eth:ethertype:ip:udp:quake:data,73
eth:ethertype:ip:udp:megaco:data,70
eth:ethertype:ip:udp:tipc:data,70
eth:ethertype:ip:udp:tipc,67
eth:ethertype:ip:udp:opensafety_udp:data,66
eth:ethertype:ip:udp:quakeworld:data,64
eth:ethertype:ip:udp:asap,61
eth:ethertype:ip:udp:egd,58
eth:ethertype:ip:udp:geneve,57
eth:ethertype:ip:udp:dcc,49
eth:ethertype:ip:udp:raknet,46
eth:ethertype:ip:udp:mpls:ip:data,41
eth:ethertype:ip:udp:nxp_802154_sniffer,38
eth:ethertype:ip:udp:cnip:data,37
eth:ethertype:ip:udp:mpls:ipv6:data,33
eth:ethertype:ip:udp:lisp-data:ip:data,31
eth:ethertype:ip:udp:vxlan:eth:ethertype:data,31
eth:ethertype:ip:udp:sabp,30
eth:ethertype:ip:udp:wtp:wsp,30
eth:ethertype:ip:udp:capwap.data,30
eth:ethertype:ip:udp:mpls:pwethheuristic:pwethcw:eth:ethertype:data,30
eth:ethertype:ip:udp:quake2,29
eth:ethertype:ip:udp:sip:sigcomp,28
eth:ethertype:ip:udp:lisp-data:ipv6:data,28
eth:ethertype:ip:udp:dvb_ipdc:alc:data,26
eth:ethertype:ip:udp:dmp,25
eth:ethertype:ip:udp:jmirror:ipv6:data,25
eth:ethertype:ip:udp:data:vssmonitoring,24
eth:ethertype:ip:udp:pn_rt:pn_io,23
eth:ethertype:ip:udp:sap:sdp,23
eth:ethertype:ip:udp:ltp,22
eth:ethertype:ip:udp:lisp,22
eth:ethertype:ip:udp:thrift,22
eth:ethertype:ip:udp:mpls:ip,21
eth:ethertype:ip:udp:vxlan:eth,21
eth:ethertype:ip:udp:capwap.data:dtls,20
eth:ethertype:ip:udp:eth,20
eth:ethertype:ip:udp:mpls:ipv6:ipv6.hopopts,20
eth:ethertype:ip:udp:wol,19
eth:ethertype:ip:udp:rtpproxy,17
eth:ethertype:ip:udp:ecatf:ioraw,16
eth:ethertype:ip:udp:dcp-etsi:dcp-af,16
eth:ethertype:ip:udp:dhcpv6,15
eth:ethertype:ip:udp:gre,15
eth:ethertype:ip:udp:ripng,14
eth:ethertype:ip:udp:lwres,14
eth:ethertype:ip:udp:llc,14
eth:ethertype:ip:udp:mpls,14
eth:ethertype:ip:udp:cigi,13
eth:ethertype:ip:udp:pn_rt,13
eth:ethertype:ip:udp:tsp,13
eth:ethertype:ip:udp:ecatf:tc_nv,13
eth:ethertype:ip:udp:dcp-etsi:dcp-pft,13
eth:ethertype:ip:udp:wisun.eapol_relay,12
eth:ethertype:ip:udp:capwap:dtls,11
eth:ethertype:ip:udp:sigcomp,11
eth:ethertype:ip:udp:lisp-data:ip,11
eth:ethertype:ip:udp:kpasswd,11
eth:ethertype:ip:udp:pathport,10
eth:ethertype:ip:udp:sabp:sabp:sabp,10
eth:ethertype:ip:udp:nxp_802154_sniffer:wpan:data,9
eth:ethertype:ip:udp:mndp,9
eth:ethertype:ip:udp:xyplex,9
eth:ethertype:ip:udp:data:f5ethtrailer,9
eth:ethertype:ip:udp:msmms,9
eth:ethertype:ip:udp:nbdgm,8
eth:ethertype:ip:udp:acdr,8
eth:ethertype:ip:udp:dlep,8
eth:ethertype:ip:udp:lbtrm,8
eth:ethertype:ip:udp:ncp,7
eth:ethertype:ip:udp:lmp,7
eth:ethertype:ip:udp:tzsp:data,7
eth:ethertype:ip:udp:scop,7
eth:ethertype:ip:udp:cups,7
eth:ethertype:ip:udp:ipx,6
eth:ethertype:ip:udp:packetbb,6
eth:ethertype:ip:udp:quake,6
eth:ethertype:ip:udp:rx:afs,6
eth:ethertype:ip:udp:quakeworld,5
eth:ethertype:ip:udp:rsp,5
eth:ethertype:ip:udp:ecatf:ams,5
eth:ethertype:ip:udp:ecatf:ecat_mailbox,5
eth:ethertype:ip:udp:ieee1722,5
eth:ethertype:ip:udp:ieee1722:iec61883,5
eth:ethertype:ip:udp:slimp3,5
eth:ethertype:ip:udp:megaco,5
eth:ethertype:ip:udp:bvlc,5
eth:ethertype:ip:udp:mip,4
eth:ethertype:ip:udp:auto_rp,4
eth:ethertype:ip:udp:wisun.eapol_relay:eapol,4
eth:ethertype:ip:udp:epl,4
eth:ethertype:ip:udp:mpls:pwethheuristic:pwethnocw:eth:ethertype:data,3
eth:ethertype:ip:udp:ddtp,3
eth:ethertype:ip:udp:bat.gw,3
eth:ethertype:ip:udp:bat.gw:ip,3
eth:ethertype:ip:udp:capwap.data:data,3
eth:ethertype:ip:udp:find,3
eth:ethertype:ip:udp:jmirror:ip:data,3
eth:ethertype:ip:udp:lwapp,3
eth:ethertype:ip:udp:ayiya:dsr:ipv6.hopopts:ipv6.hopopts,3
eth:ethertype:ip:udp:dlsw,3
eth:ethertype:ip:udp:ecatf,3
eth:ethertype:ip:udp:armagetronad,3
eth:ethertype:ip:udp:cpfi,3
eth:ethertype:ip:udp:a11,3
eth:ethertype:ip:udp:lisp-data:ipv6:swipe:data,3
eth:ethertype:ip:udp:llc:osi:data,3
eth:ethertype:ip:udp:dtls:x509sat:x509sat:x509sat:x509sat,3
eth:ethertype:ip:udp:goose:cotp:data,3
eth:ethertype:ip:udp:tplink-smarthome:json,3
eth:ethertype:ip:udp:llc:ipx:data,3
eth:ethertype:ip:udp:aodv,2
eth:ethertype:ip:udp:udpencap,2
eth:ethertype:ip:udp:wccp,2
eth:ethertype:ip:udp:who,2
eth:ethertype:ip:udp:jmirror:ipv6:etherip:eth:llc,2
eth:ethertype:ip:udp:jmirror:ipv6:l2tp:data,2
eth:ethertype:ip:udp:jmirror:ipv6:vrrp,2
eth:ethertype:ip:udp:tapa,2
eth:ethertype:ip:udp:capwap.data:eth:ethertype:data,2
eth:ethertype:ip:udp:mpls:ipv6,2
eth:ethertype:ip:udp:tpcp,2
eth:ethertype:ip:udp:ip,2
eth:ethertype:ip:udp:lisp-data:ipv6:esp,2
eth:ethertype:ip:udp:mpls:ipv6:swipe,2
eth:ethertype:ip:udp:mpls:ipv6:pim,2
eth:ethertype:ip:udp:teredo:ipv6:data,2
eth:ethertype:ip:udp:eth:ethertype:mdshdr:fc,1
eth:ethertype:ip:udp:olsr,1
eth:ethertype:ip:udp:amt:ip,1
eth:ethertype:ip:udp:icq,1
eth:ethertype:ip:udp:stun:tftp,1
eth:ethertype:ip:udp:db-lsp-disc:json:data-text-lines,1
eth:ethertype:ip:udp:llc:sna:data,1
eth:ethertype:ip:udp:jmirror:ipv6:osi:data,1
eth:ethertype:ip:udp:jmirror:ipv6:eigrp,1
eth:ethertype:ip:udp:jmirror:ipv6:nhrp,1
eth:ethertype:ip:udp:jmirror:ipv6,1
eth:ethertype:ip:udp:jmirror:ipv6:ah,1
eth:ethertype:ip:udp:jmirror:ipv6:ipcomp:data,1
eth:ethertype:ip:udp:jmirror:ipv6:ipv6.routing,1
eth:ethertype:ip:udp:mpls:pwethheuristic:pwethcw:eth:llc:data,1
eth:ethertype:ip:udp:ieee1722:tscf:acf,1
eth:ethertype:ip:udp:capwap.data:eth,1
eth:ethertype:ip:udp:opensafety,1
eth:ethertype:ip:udp:dcerpc,1
eth:ethertype:ip:udp:ipx:data,1
eth:ethertype:ip:udp:rdpudp:tls,1
eth:ethertype:ip:udp:adwin,1
eth:ethertype:ip:udp:lisp-data:ipv6:eigrp,1
eth:ethertype:ip:udp:lisp-data:ipv6:ipv6.routing,1
eth:ethertype:ip:udp:lisp-data:ipv6:ipcomp:data,1
eth:ethertype:ip:udp:lisp-data:ipv6:gre:data,1
eth:ethertype:ip:udp:lisp-data:ipv6:pim,1
eth:ethertype:ip:udp:mpls:ipv6:osi:data,1
eth:ethertype:ip:udp:mpls:ipv6:ipv6.routing,1
eth:ethertype:ip:udp:mpls:ipv6:pgm,1
eth:ethertype:ip:udp:mpls:ipv6:ah,1
eth:ethertype:ip:udp:opensafety_udp,1
eth:ethertype:ip:udp:vxlan,1
eth:ethertype:ip:udp:ltp:data,1
eth:ethertype:ip:udp:ptp,1
eth:ethertype:ip:udp:mpls:ipv6:vines_frp:vines_ip:data,1
eth:ethertype:ip:udp:mpls:ipv6:eigrp,1
eth:ethertype:ip:udp:mpls:ipv6:l2tp:data,1
eth:ethertype:ip:udp:mpls:ipv6:lwl4,1
eth:ethertype:ip:udp:capwap:data,1
eth:ethertype:ip:udp:tzsp:eth:ethertype:data,1
eth:ethertype:ip:udp:edonkey,1
eth:ethertype:ip:udp:mdns:vssmonitoring,1
eth:ethertype:ip:udp:teredo,1
eth:ethertype:ip:udp:bat.vis,1
eth:ethertype:ip:udp:eth:llc:data,1
eth:ethertype:ip:udp:dvb_ipdc:alc:rmt-lct,1
eth:ethertype:ip:udp:rmcp:ipmi_session,1
eth:ethertype:ip:udp:acdr:data,1
eth:ethertype:ip:udp:oicq,1
