eth:ethertype:ip:udp:data,8347861
eth:ethertype:ip:udp:syslog,5495537
eth:ethertype:ip:udp:dns,3913225
eth:ethertype:ip:udp:stun,2687464
eth:ethertype:ip:udp:snmp,2549369
eth:ethertype:ip:udp:ntp,2111045
eth:ethertype:ip:data,1208691
eth:ethertype:ip:udp:nbns,819763
eth:ethertype:ip:udp:sip,346608
eth:ethertype:ip:udp:coap,229443
eth:ethertype:ip:udp:cflow,141012
eth:ethertype:ip:udp:ssdp,130480
eth:ethertype:ip:udp:sip:xml,102117
eth:ethertype:ip:udp:mdns,97162
eth:ethertype:ip:udp:rpc,85834
eth:ethertype:ip:udp:dtls,78493
eth:ethertype:ip:udp:memcache,78197
eth:ethertype:ip:udp:cldap,66352
eth:ethertype:ip:udp:isakmp,65288
eth:ethertype:ip:udp,54859
eth:ethertype:ip:udp:sip:data-text-lines,52899
eth:ethertype:ip:udp:gtp,49968
eth:ethertype:ip:udp:capwap,49041
eth:ethertype:ip:udp:openvpn,44131
eth:ethertype:ip:udp:portcontrol,43783
eth:ethertype:ip:udp:bvlc:bacnet:bacapp,43561
eth:ethertype:ip:udp:dhcp,40994
eth:ethertype:ip:udp:l2tp,38162
eth:ethertype:ip:udp:srvloc,35974
eth:ethertype:ip:udp:rip,35535
eth:ethertype:ip:udp:classicstun,30801
eth:ethertype:ip:udp:chargen,30435
eth:ethertype:ip:udp:udpencap:esp,26064
eth:ethertype:ip:udp:quic:tls,25153
eth:ethertype:ip:udp:xdmcp,22889
eth:ethertype:ip:udp:quake3,20617
eth:ethertype:ip:udp:gquic,20440
eth:ethertype:ip:udp:bfd,20326
eth:ethertype:ip:udp:kerberos,19460
eth:ethertype:ip:udp:lwapp:data,17109
eth:ethertype:ip:udp:radius,16802
eth:ethertype:ip:udp:rdpudp,16375
eth:ethertype:ip:udp:rmcp:ipmi_session:data,14548
eth:ethertype:ip:udp:echo,14460
eth:ethertype:ip:udp:tftp,14339
eth:ethertype:ip:udp:omron,13371
eth:ethertype:ip:udp:enip,12866
eth:ethertype:ip:udp:nbdgm:smb:browser,12684
eth:ethertype:ip:udp:gtp:gtpv2,11402
eth:ethertype:ip:udp:time,10952
eth:ethertype:ip:udp:daytime,10734
eth:ethertype:ip:udp:caneth:data:data,10225
eth:ethertype:ip:udp:steam_ihs_discovery,10064
eth:ethertype:ip:udp:ecatf:ecat,10055
eth:ethertype:ip:udp:quic,9207
eth:ethertype:ip:udp:teredo:ipv6,8064
eth:ethertype:ip:udp:udpencap:isakmp,6923
eth:ethertype:ip:udp:kip,6745
eth:ethertype:ip:udp:mgcp,5898
eth:ethertype:ip:udp:rtcp,5723
eth:ethertype:ip:udp:hart_ip,5169
eth:ethertype:ip:udp:raknet:raknet,4742
eth:ethertype:ip:udp:llmnr,3852
eth:ethertype:ip:udp:rmcp:asf,3555
eth:ethertype:ip:udp:coap:data,3534
eth:ethertype:ip:udp:teredo:ipv6:icmpv6,3360
eth:ethertype:ip:udp:dcc,2941
eth:ethertype:ip:udp:iax2,2682
eth:ethertype:ip:udp:wisun.eapol_relay:eapol:data,1865
eth:ethertype:ip:udp:rtps,1736
eth:ethertype:ip:udp:mndp,1717
eth:ethertype:ip:udp:ayiya,1571
eth:ethertype:ip:udp:dis,1550
eth:ethertype:ip:udp:wsp,1458
eth:ethertype:ip:udp:cipio,1251
eth:ethertype:ip:udp:gtpprime,1250
eth:ethertype:ip:udp:mint,1045
eth:ethertype:ip:udp:quake3:data,966
eth:ethertype:ip:udp:ssdp:data,672
eth:ethertype:ip:udp:wtls,627
eth:ethertype:ip:udp:elasticsearch,596
eth:ethertype:ip:udp:llc:data,580
eth:ethertype:ip:udp:radius:eap,521
eth:ethertype:ip:udp:corosync_totemnet:data,476
eth:ethertype:ip:udp:h225,459
eth:ethertype:ip:udp:vuze-dht,450
eth:ethertype:ip:udp:gprs-ns:bssgp,388
eth:ethertype:ip:udp:tacacs,347
eth:ethertype:ip:udp:hiqnet,328
eth:ethertype:ip:udp:stun:data,327
eth:ethertype:ip:udp:wlccp,325
eth:ethertype:ip:udp:nxp_802154_sniffer:wpan,300
eth:ethertype:ip:udp:dpnet,299
eth:ethertype:ip:udp:kink,278
eth:ethertype:ip:udp:rx,277
eth:ethertype:ip:udp:bat.vis:data,276
eth:ethertype:ip:udp:wg,270
eth:ethertype:ip:udp:manolito,258
eth:ethertype:ip:udp:bfd_echo,256
eth:ethertype:ip:udp:lisp-data,255
eth:ethertype:ip:udp:enrp,253
eth:ethertype:ip:udp:knet,250
eth:ethertype:ip:udp:rsvp,239
eth:ethertype:ip:udp:amt,225
eth:ethertype:ip:udp:asterix,221
eth:ethertype:ip:udp:ath,218
eth:ethertype:ip:udp:vxlan:eth:llc:data,215
eth:ethertype:ip:udp:raknet,214
eth:ethertype:ip:udp:bat:data,213
eth:ethertype:ip:udp:asap,212
eth:ethertype:ip:udp:tzsp,205
eth:ethertype:ip:udp:sbus,205
eth:ethertype:ip:udp:scop:data,204
eth:ethertype:ip:udp:idn,203
eth:ethertype:ip:udp:pn_rt:pn_ptcp,202
eth:ethertype:ip:udp:dvb_ipdc:data,201
eth:ethertype:ip:udp:mipv6,201
eth:ethertype:ip:udp:nano,196
eth:ethertype:ip:udp:vrt,194
eth:ethertype:ip:udp:a21,187
eth:ethertype:ip:udp:dof,179
eth:ethertype:ip:udp:cnip,171
eth:ethertype:ip:udp:ardp,168
eth:ethertype:ip:udp:capwap.data:data,163
eth:ethertype:ip:udp:iapp,161
eth:ethertype:ip:udp:scop,160
eth:ethertype:ip:udp:gprs-ns,153
eth:ethertype:ip:udp:adp,147
eth:ethertype:ip:udp:pktc.mtafqdn,147
eth:ethertype:ip:udp:uaudp,145
eth:ethertype:ip:udp:c1222,145
eth:ethertype:ip:udp:bjnp,144
eth:ethertype:ip:udp:sip:data-text-lines:xml,143
eth:ethertype:ip:udp:rdt,132
eth:ethertype:ip:udp:ecatf:data,130
eth:ethertype:ip:udp:iax2:data,129
eth:ethertype:ip:udp:msproxy,125
eth:ethertype:ip:udp:icp,124
eth:ethertype:ip:udp:teredo:data,123
eth:ethertype:ip:udp:raknet:raknet:raknet,117
eth:ethertype:ip:udp:mih,115
eth:ethertype:ip:udp:tipc,113
eth:ethertype:ip:udp:ts2,112
eth:ethertype:ip:udp:h501,109
eth:ethertype:ip:udp:enttec,107
eth:ethertype:ip:udp:collectd,106
eth:ethertype:ip:udp:gre:data,106
eth:ethertype:ip:udp:pktc,105
eth:ethertype:ip:udp:db-lsp-disc,105
eth:ethertype:ip:udp:sctp,97
eth:ethertype:ip:udp:ieee1722:data,93
eth:ethertype:ip:udp:h248,92
eth:ethertype:ip:udp:vxlan:eth,85
eth:ethertype:ip:udp:tetra,82
eth:ethertype:ip:udp:infiniband,79
eth:ethertype:ip:udp:kdp,78
eth:ethertype:ip:udp:sap,77
eth:ethertype:ip:udp:rsip,77
eth:ethertype:ip:udp:dmp,77
eth:ethertype:ip:udp:pfcp,76
eth:ethertype:ip:udp:mikey,76
eth:ethertype:ip:udp:lwapp:wlan,76
eth:ethertype:ip:udp:ipvs,72
eth:ethertype:ip:udp:quake:data,71
eth:ethertype:ip:udp:ecmp,69
eth:ethertype:ip:udp:ax4000,68
eth:ethertype:ip:udp:quakeworld:data,66
eth:ethertype:ip:udp:egd:data,66
eth:ethertype:ip:udp:lwapp:wlan:data,65
eth:ethertype:ip:udp:ajns,64
eth:ethertype:ip:udp:cnip:data,64
eth:ethertype:ip:udp:doip,63
eth:ethertype:ip:udp:megaco:data,61
eth:ethertype:ip:udp:opensafety:data,59
eth:ethertype:ip:udp:geneve,59
eth:ethertype:ip:udp:pn_rt:pn_io,58
eth:ethertype:ip:udp:ulp,58
eth:ethertype:ip:udp:tplink-smarthome:json:data-text-lines,57
eth:ethertype:ip:udp:bat.gw:data,54
eth:ethertype:ip:udp:sabp,53
eth:ethertype:ip:udp:gre,53
eth:ethertype:ip:udp:gsmtap,51
eth:ethertype:ip:udp:lisp-data:ip:data,51
eth:ethertype:ip:udp:opensafety_udp:data,50
eth:ethertype:ip:udp:sip:sdp,50
eth:ethertype:ip:udp:hcrt,49
eth:ethertype:ip:udp:gsmtap:data,48
eth:ethertype:ip:udp:mpls:data,45
eth:ethertype:ip:udp:lisp:data,44
eth:ethertype:ip:udp:egd,42
eth:ethertype:ip:udp:geneve:data,40
eth:ethertype:ip:udp:nxp_802154_sniffer:wpan:data,40
eth:ethertype:ip:udp:lisp-data:ipv6:data,37
eth:ethertype:ip:udp:data:vssmonitoring,37
eth:ethertype:ip:udp:nxp_802154_sniffer,34
eth:ethertype:ip:udp:wtp,33
eth:ethertype:ip:udp:quake2:data,33
eth:ethertype:ip:udp:capwap.data,32
eth:ethertype:ip:udp:sabp:sabp,31
eth:ethertype:ip:udp:eth:ethertype:data,29
eth:ethertype:ip:udp:vxlan:eth:ethertype:data,28
eth:ethertype:ip:udp:lisp,25
eth:ethertype:ip:udp:goose:cotp,25
eth:ethertype:ip:udp:capwap.data:dtls,22
eth:ethertype:ip:udp:lisp-data:ip,22
eth:ethertype:ip:udp:mpls,20
eth:ethertype:ip:udp:capwap:dtls,18
eth:ethertype:ip:udp:thrift,18
eth:ethertype:ip:udp:llc,17
eth:ethertype:ip:udp:rtpproxy,16
eth:ethertype:ip:udp:wisun.eapol_relay,13
eth:ethertype:ip:udp:ltp,13
eth:ethertype:ip:udp:rdpudp:dtls,13
eth:ethertype:ip:udp:wtp:wsp,13
eth:ethertype:ip:udp:kpasswd,12
eth:ethertype:ip:udp:wol,12
eth:ethertype:ip:udp:lmp,12
eth:ethertype:ip:udp:mpls:ipv6:data,12
eth:ethertype:ip:udp:rsp,12
eth:ethertype:ip:udp:ecatf:ioraw,11
eth:ethertype:ip:udp:capwap:data,11
eth:ethertype:ip:udp:cups,11
eth:ethertype:ip:udp:dhcpv6,11
eth:ethertype:ip:udp:pn_rt,10
eth:ethertype:ip:udp:mip,10
eth:ethertype:ip:udp:rdpudp:tls,10
eth:ethertype:ip:udp:pathport,10
eth:ethertype:ip:udp:xyplex,10
eth:ethertype:ip:udp:dvb_ipdc:alc:data,10
eth:ethertype:ip:udp:acdr,9
eth:ethertype:ip:udp:mpls:ip,9
eth:ethertype:ip:udp:tapa,9
eth:ethertype:ip:udp:auto_rp,9
eth:ethertype:ip:udp:lwres,9
eth:ethertype:ip:udp:quake2,8
eth:ethertype:ip:udp:nbdgm,8
eth:ethertype:ip:udp:tzsp:data,7
eth:ethertype:ip:udp:infiniband:data,7
eth:ethertype:ip:udp:sigcomp,7
eth:ethertype:ip:udp:lbtrm,7
eth:ethertype:ip:udp:papi,7
eth:ethertype:ip:udp:ipx,6
eth:ethertype:ip:udp:tsp,6
eth:ethertype:ip:udp:msmms,6
eth:ethertype:ip:udp:dlsw,6
eth:ethertype:ip:udp:sip:sigcomp,6
eth:ethertype:ip:udp:capwap.data:eth:ethertype:data,6
eth:ethertype:ip:udp:slimp3,6
eth:ethertype:ip:udp:mpls:pwach:data,6
eth:ethertype:ip:udp:ripng,5
eth:ethertype:ip:udp:amt:ip,5
eth:ethertype:ip:udp:packetbb,5
eth:ethertype:ip:udp:mpls:pwethheuristic:pwethnocw:eth:ethertype:data,5
eth:ethertype:ip:udp:ltp:data,5
eth:ethertype:ip:udp:ipx:data,5
eth:ethertype:ip:udp:ecatf,5
eth:ethertype:ip:udp:sebek,5
eth:ethertype:ip:udp:rx:afs,5
eth:ethertype:ip:udp:l2tp:data,5
eth:ethertype:ip:udp:ieee1722:iec61883,5
eth:ethertype:ip:udp:find,4
eth:ethertype:ip:udp:lwapp,4
eth:ethertype:ip:udp:ptp,4
eth:ethertype:ip:udp:dcp-etsi:dcp-af,4
eth:ethertype:ip:udp:quakeworld,4
eth:ethertype:ip:udp:ecatf:ecat_mailbox,4
eth:ethertype:ip:udp:who,4
eth:ethertype:ip:udp:mpls:ip:data,4
eth:ethertype:ip:udp:dcp-etsi:dcp-pft,4
eth:ethertype:ip:udp:eth,4
eth:ethertype:ip:udp:ecatf:tc_nv,4
eth:ethertype:ip:udp:mpls:pwethheuristic:pwethcw:eth:ethertype:data,4
eth:ethertype:ip:udp:lisp-data:ipv6,4
eth:ethertype:ip:udp:actrace,3
eth:ethertype:ip:udp:dlep,3
eth:ethertype:ip:udp:mdns:vssmonitoring,3
eth:ethertype:ip:udp:quake,3
eth:ethertype:ip:udp:udpencap,3
eth:ethertype:ip:udp:db-lsp-disc:json,3
eth:ethertype:ip:udp:armagetronad,3
eth:ethertype:ip:udp:ddtp,3
eth:ethertype:ip:udp:mint:eth:ethertype:data,3
eth:ethertype:ip:udp:cigi,3
eth:ethertype:ip:udp:bat.vis,3
eth:ethertype:ip:udp:tplink-smarthome:json,3
eth:ethertype:ip:udp:wisun.eapol_relay:eapol,3
eth:ethertype:ip:udp:olsr,2
eth:ethertype:ip:udp:mpls:ipv6,2
eth:ethertype:ip:udp:bat.gw:ip,2
eth:ethertype:ip:udp:mpls:pwethheuristic:pwethcw:eth,2
eth:ethertype:ip:udp:data:f5ethtrailer,2
eth:ethertype:ip:udp:megaco:h248,2
eth:ethertype:ip:udp:mpls:ipv6:ipv6.hopopts,2
eth:ethertype:ip:udp:lisp-data:ipv6:ipv6.routing,2
eth:ethertype:ip:udp:dtls:x509sat:x509sat:x509sat:x509sat,2
eth:ethertype:ip:udp:lisp-data:ipv6:ipcomp:data,2
eth:ethertype:ip:udp:lisp-data:ipv6:nhrp,2
eth:ethertype:ip:udp:sflow,1
eth:ethertype:ip:udp:llc:3comxns:data,1
eth:ethertype:ip:udp:ntp:vssmonitoring,1
eth:ethertype:ip:udp:adwin,1
eth:ethertype:ip:udp:lwapp:wlan:llc:data,1
eth:ethertype:ip:udp:megaco,1
eth:ethertype:ip:udp:aodv,1
eth:ethertype:ip:udp:ncp,1
eth:ethertype:ip:udp:eth:llc:data,1
eth:ethertype:ip:udp:dvb_ipdc:alc:rmt-lct,1
eth:ethertype:ip:udp:tzsp:eth:ethertype:data,1
eth:ethertype:ip:udp:acdr:ip,1
eth:ethertype:ip:udp:ip,1
eth:ethertype:ip:udp:icq,1
eth:ethertype:ip:udp:scop:wpan,1
eth:ethertype:ip:udp:lisp-data:ipv6:vrrp,1
eth:ethertype:ip:udp:lisp-data:ipv6:l2tp:data,1
eth:ethertype:ip:udp:lisp-data:ipv6:gre:data,1
eth:ethertype:ip:udp:lisp-data:ipv6:osi:data,1
eth:ethertype:ip:udp:lisp-data:ipv6:dsr:data,1
eth:ethertype:ip:udp:lisp-data:ipv6:eigrp,1
eth:ethertype:ip:udp:lisp-data:ipv6:etherip:eth:llc,1
eth:ethertype:ip:udp:snmp:data,1
eth:ethertype:ip:udp:capwap.data:eth:llc:data,1
eth:ethertype:ip:udp:tpcp,1
eth:ethertype:ip:udp:wccp,1
eth:ethertype:ip:udp:llc:osi:data,1
