eth:ethertype:ip:udp:data,8196385
eth:ethertype:ip:udp:stun,6081894
eth:ethertype:ip:udp:syslog,4279381
eth:ethertype:ip:udp:dns,4122769
eth:ethertype:ip:udp:snmp,2124013
eth:ethertype:ip:udp:ntp,2035844
eth:ethertype:ip:data,850456
eth:ethertype:ip:udp:nbns,684306
eth:ethertype:ip:udp:sip,376866
eth:ethertype:ip:udp:cflow,198709
eth:ethertype:ip:udp:cldap,121606
eth:ethertype:ip:udp:sip:xml,102124
eth:ethertype:ip:udp:rpc,91613
eth:ethertype:ip:udp:mdns,85227
eth:ethertype:ip:udp:coap,79819
eth:ethertype:ip:udp:isakmp,68733
eth:ethertype:ip:udp:openvpn,67301
eth:ethertype:ip:udp:dtls,66654
eth:ethertype:ip:udp:ssdp,60893
eth:ethertype:ip:udp:sip:data-text-lines,52772
eth:ethertype:ip:udp:portcontrol,50865
eth:ethertype:ip:udp:dhcp,48565
eth:ethertype:ip:udp:capwap,44320
eth:ethertype:ip:udp:gtp,44102
eth:ethertype:ip:udp:bvlc:bacnet:bacapp,42014
eth:ethertype:ip:udp,41733
eth:ethertype:ip:udp:memcache,40055
eth:ethertype:ip:udp:xdmcp,36600
eth:ethertype:ip:udp:srvloc,35141
eth:ethertype:ip:udp:l2tp,27153
eth:ethertype:ip:udp:quic,26843
eth:ethertype:ip:udp:udpencap:esp,26252
eth:ethertype:ip:udp:radius,24655
eth:ethertype:ip:udp:rmcp:ipmi_session:data,24544
eth:ethertype:ip:udp:quic:tls,24419
eth:ethertype:ip:udp:gquic,20346
eth:ethertype:ip:udp:chargen,20136
eth:ethertype:ip:udp:kerberos,19635
eth:ethertype:ip:udp:rip,19306
eth:ethertype:ip:udp:rdpudp,17564
eth:ethertype:ip:udp:lwapp:data,17317
eth:ethertype:ip:udp:hart_ip,15456
eth:ethertype:ip:udp:classicstun,15204
eth:ethertype:ip:udp:echo,13846
eth:ethertype:ip:udp:omron,13627
eth:ethertype:ip:udp:tftp,13402
eth:ethertype:ip:udp:enip,12542
eth:ethertype:ip:udp:gtp:gtpv2,11577
eth:ethertype:ip:udp:daytime,11519
eth:ethertype:ip:udp:teredo:ipv6:icmpv6,11326
eth:ethertype:ip:udp:corosync_totemnet:data,10362
eth:ethertype:ip:udp:time,10327
eth:ethertype:ip:udp:ecatf:ecat,10215
eth:ethertype:ip:udp:steam_ihs_discovery,9547
eth:ethertype:ip:udp:nbdgm:smb:browser,9160
eth:ethertype:ip:udp:bfd,8976
eth:ethertype:ip:udp:rtcp,8102
eth:ethertype:ip:udp:teredo:ipv6,7026
eth:ethertype:ip:udp:udpencap:isakmp,6569
eth:ethertype:ip:udp:kip,6246
eth:ethertype:ip:udp:mgcp,5760
eth:ethertype:ip:udp:iax2,4632
eth:ethertype:ip:udp:coap:data,4167
eth:ethertype:ip:udp:rmcp:asf,3436
eth:ethertype:ip:udp:llmnr,3145
eth:ethertype:ip:udp:llc:data,2441
eth:ethertype:ip:udp:megaco:data,1383
eth:ethertype:ip:udp:rsip,1335
eth:ethertype:ip:udp:quake3:data,1290
eth:ethertype:ip:udp:cipio,1253
eth:ethertype:ip:udp:rtps,1132
eth:ethertype:ip:udp:gtpprime,1120
eth:ethertype:ip:udp:asterix,1078
eth:ethertype:ip:udp:dis,1066
eth:ethertype:ip:udp:raknet:raknet,1052
eth:ethertype:ip:udp:sctp,656
eth:ethertype:ip:udp:ssdp:data,634
eth:ethertype:ip:udp:sbus,549
eth:ethertype:ip:udp:kink,514
eth:ethertype:ip:udp:nxp_802154_sniffer:wpan,512
eth:ethertype:ip:udp:radius:eap,496
eth:ethertype:ip:udp:tipc,466
eth:ethertype:ip:udp:ieee1722:data,463
eth:ethertype:ip:udp:pn_rt:pn_ptcp,453
eth:ethertype:ip:udp:h248,445
eth:ethertype:ip:udp:elasticsearch,430
eth:ethertype:ip:udp:wisun.eapol_relay:eapol:data,387
eth:ethertype:ip:udp:ax4000,359
eth:ethertype:ip:udp:knet,345
eth:ethertype:ip:udp:iapp,333
eth:ethertype:ip:udp:gprs-ns:bssgp,330
eth:ethertype:ip:udp:hcrt,326
eth:ethertype:ip:udp:h501,315
eth:ethertype:ip:udp:mint,287
eth:ethertype:ip:udp:bjnp,255
eth:ethertype:ip:udp:eth:ethertype:data,253
eth:ethertype:ip:udp:dpnet,249
eth:ethertype:ip:udp:wg,249
eth:ethertype:ip:udp:wtls,242
eth:ethertype:ip:udp:h225,238
eth:ethertype:ip:udp:mih,235
eth:ethertype:ip:udp:bfd_echo,227
eth:ethertype:ip:udp:kdp,225
eth:ethertype:ip:udp:ts2,221
eth:ethertype:ip:udp:uaudp,219
eth:ethertype:ip:udp:scop:data,214
eth:ethertype:ip:udp:dof,213
eth:ethertype:ip:udp:tetra,209
eth:ethertype:ip:udp:pktc.mtafqdn,207
eth:ethertype:ip:udp:wtp,198
eth:ethertype:ip:udp:bat.vis:data,197
eth:ethertype:ip:udp:db-lsp-disc,193
eth:ethertype:ip:udp:rsvp,192
eth:ethertype:ip:udp:vxlan:eth:ethertype:data,192
eth:ethertype:ip:udp:asap,191
eth:ethertype:ip:udp:gprs-ns,185
eth:ethertype:ip:udp:lisp:data,182
eth:ethertype:ip:udp:hiqnet,180
eth:ethertype:ip:udp:ath,172
eth:ethertype:ip:udp:wsp,165
eth:ethertype:ip:udp:ardp,162
eth:ethertype:ip:udp:tzsp,154
eth:ethertype:ip:udp:cnip,153
eth:ethertype:ip:udp:mpls-echo,149
eth:ethertype:ip:udp:ecmp,145
eth:ethertype:ip:udp:goose:cotp,136
eth:ethertype:ip:udp:msproxy,132
eth:ethertype:ip:udp:lisp-data,132
eth:ethertype:ip:udp:tacacs,129
eth:ethertype:ip:udp:pn_rt:pn_io,127
eth:ethertype:ip:udp:c1222,126
eth:ethertype:ip:udp:tplink-smarthome:json:data-text-lines,117
eth:ethertype:ip:udp:mipv6,115
eth:ethertype:ip:udp:vrt,112
eth:ethertype:ip:udp:mpls:data,112
eth:ethertype:ip:udp:egd:data,107
eth:ethertype:ip:udp:iax2:data,104
eth:ethertype:ip:udp:gre:data,104
eth:ethertype:ip:udp:rx,104
eth:ethertype:ip:udp:stun:data,103
eth:ethertype:ip:udp:gsmtap:data,102
eth:ethertype:ip:udp:opensafety_udp:data,101
eth:ethertype:ip:udp:teredo:data,97
eth:ethertype:ip:udp:sip:data-text-lines:xml,97
eth:ethertype:ip:udp:sap,91
eth:ethertype:ip:udp:icp,90
eth:ethertype:ip:udp:nano,90
eth:ethertype:ip:udp:quake:data,88
eth:ethertype:ip:udp:ipvs,86
eth:ethertype:ip:udp:ayiya,86
eth:ethertype:ip:udp:doip,85
eth:ethertype:ip:udp:collectd,84
eth:ethertype:ip:udp:manolito,83
eth:ethertype:ip:udp:vuze-dht,80
eth:ethertype:ip:udp:papi,79
eth:ethertype:ip:udp:bat.gw:data,79
eth:ethertype:ip:udp:enrp,77
eth:ethertype:ip:udp:quakeworld:data,72
eth:ethertype:ip:udp:ecatf:data,71
eth:ethertype:ip:udp:idn,71
eth:ethertype:ip:udp:bat:data,69
eth:ethertype:ip:udp:ajns,69
eth:ethertype:ip:udp:adp,68
eth:ethertype:ip:udp:opensafety:data,67
eth:ethertype:ip:udp:rdt,66
eth:ethertype:ip:udp:raknet,66
eth:ethertype:ip:udp:quake2:data,66
eth:ethertype:ip:udp:mikey,59
eth:ethertype:ip:udp:ulp,55
eth:ethertype:ip:udp:pktc,55
eth:ethertype:ip:udp:dcc,51
eth:ethertype:ip:udp:slimp3,50
eth:ethertype:ip:udp:a21,50
eth:ethertype:ip:udp:pfcp,50
eth:ethertype:ip:udp:dvb_ipdc:data,47
eth:ethertype:ip:udp:geneve,47
eth:ethertype:ip:udp:thrift,46
eth:ethertype:ip:udp:amt,46
eth:ethertype:ip:udp:wlccp,43
eth:ethertype:ip:udp:wol,41
eth:ethertype:ip:udp:gsmtap,38
eth:ethertype:ip:udp:lwapp:wlan:data,37
eth:ethertype:ip:udp:wtp:wsp,36
eth:ethertype:ip:udp:sabp,35
eth:ethertype:ip:udp:quake3,33
eth:ethertype:ip:udp:infiniband,31
eth:ethertype:ip:udp:lisp-data:ipv6:data,31
eth:ethertype:ip:udp:capwap:dtls,30
eth:ethertype:ip:udp:data:vssmonitoring,29
eth:ethertype:ip:udp:sabp:sabp,28
eth:ethertype:ip:udp:lisp,28
eth:ethertype:ip:udp:dcp-etsi:dcp-af,27
eth:ethertype:ip:udp:lwapp:wlan,27
eth:ethertype:ip:udp:dvb_ipdc:alc:data,26
eth:ethertype:ip:udp:cnip:data,26
eth:ethertype:ip:udp:geneve:data,24
eth:ethertype:ip:udp:lisp-data:ip:data,24
eth:ethertype:ip:udp:udt,24
eth:ethertype:ip:udp:infiniband:data,23
eth:ethertype:ip:udp:eth,23
eth:ethertype:ip:udp:dmp,21
eth:ethertype:ip:udp:mpls:ip:data,21
eth:ethertype:ip:udp:capwap.data,20
eth:ethertype:ip:udp:mpls:pwethheuristic:pwethcw:eth:ethertype:data,20
eth:ethertype:ip:udp:quake2,18
eth:ethertype:ip:udp:llc,17
eth:ethertype:ip:udp:mpls:ip,17
eth:ethertype:ip:udp:gre,17
eth:ethertype:ip:udp:sip:sdp,16
eth:ethertype:ip:udp:dhcpv6,15
eth:ethertype:ip:udp:egd,15
eth:ethertype:ip:udp:capwap.data:dtls,15
eth:ethertype:ip:udp:nxp_802154_sniffer,14
eth:ethertype:ip:udp:pathport,14
eth:ethertype:ip:udp:ecatf:ioraw,14
eth:ethertype:ip:udp:mpls:ipv6:data,14
eth:ethertype:ip:udp:vxlan:eth,13
eth:ethertype:ip:udp:wisun.eapol_relay:eapol,12
eth:ethertype:ip:udp:cigi,11
eth:ethertype:ip:udp:rsp,11
eth:ethertype:ip:udp:scop,11
eth:ethertype:ip:udp:who,11
eth:ethertype:ip:udp:capwap.data:eth:ethertype:data,11
eth:ethertype:ip:udp:ltp,10
eth:ethertype:ip:udp:wisun.eapol_relay,10
eth:ethertype:ip:udp:dcp-etsi:dcp-pft,10
eth:ethertype:ip:udp:sigcomp,10
eth:ethertype:ip:udp:ipx,9
eth:ethertype:ip:udp:sip:sigcomp,9
eth:ethertype:ip:udp:ddtp,9
eth:ethertype:ip:udp:lmp,8
eth:ethertype:ip:udp:ecatf:tc_nv,8
eth:ethertype:ip:udp:ipx:data,8
eth:ethertype:ip:udp:lisp-data:ip,8
eth:ethertype:ip:udp:lisp-data:ipv6,8
eth:ethertype:ip:udp:pn_rt,8
eth:ethertype:ip:udp:mpls:pwach:data,8
eth:ethertype:ip:udp:l2tp:data,8
eth:ethertype:ip:udp:quake,7
eth:ethertype:ip:udp:msmms,7
eth:ethertype:ip:udp:mpls,7
eth:ethertype:ip:udp:dlsw,7
eth:ethertype:ip:udp:cups,7
eth:ethertype:ip:udp:xyplex,7
eth:ethertype:ip:udp:nxp_802154_sniffer:wpan:data,6
eth:ethertype:ip:udp:kpasswd,6
eth:ethertype:ip:udp:dlep,6
eth:ethertype:ip:udp:teredo,6
eth:ethertype:ip:udp:mpls:ipv6:ipv6.hopopts,6
eth:ethertype:ip:udp:mip,5
eth:ethertype:ip:udp:ripng,5
eth:ethertype:ip:udp:ncp,5
eth:ethertype:ip:udp:packetbb,5
eth:ethertype:ip:udp:auto_rp,5
eth:ethertype:ip:udp:ieee1722:ntscf:acf,5
eth:ethertype:ip:udp:tpcp,5
eth:ethertype:ip:udp:dvb_ipdc:alc:rmt-lct,5
eth:ethertype:ip:udp:lwapp,5
eth:ethertype:ip:udp:tsp,4
eth:ethertype:ip:udp:armagetronad,4
eth:ethertype:ip:udp:rtpproxy,4
eth:ethertype:ip:udp:rpc:portmap,4
eth:ethertype:ip:udp:lbtrm,4
eth:ethertype:ip:udp:acdr,4
eth:ethertype:ip:udp:ecatf:ecat_mailbox,4
eth:ethertype:ip:udp:data:f5ethtrailer,4
eth:ethertype:ip:udp:aodv,3
eth:ethertype:ip:udp:ieee1722:iec61883,3
eth:ethertype:ip:udp:rx:afs,3
eth:ethertype:ip:udp:lisp-data:ipv6:ah,3
eth:ethertype:ip:udp:mbudp:modbus,3
eth:ethertype:ip:udp:mpls:ipv6,3
eth:ethertype:ip:udp:tzsp:data,3
eth:ethertype:ip:udp:nbdgm,3
eth:ethertype:ip:udp:goose:cotp:data,3
eth:ethertype:ip:udp:find,3
eth:ethertype:ip:udp:oicq,3
eth:ethertype:ip:udp:capwap.data:data,3
eth:ethertype:ip:udp:mndp,3
eth:ethertype:ip:udp:epl,3
eth:ethertype:ip:udp:tapa,3
eth:ethertype:ip:udp:gre:wlan,3
eth:ethertype:ip:udp:lwres,3
eth:ethertype:ip:udp:olsr,2
eth:ethertype:ip:udp:llc:sna:data,2
eth:ethertype:ip:udp:megaco:h248,2
eth:ethertype:ip:udp:cpfi,2
eth:ethertype:ip:udp:ieee1722:cvf:data,2
eth:ethertype:ip:udp:lisp-data:ipv6:nhrp,2
eth:ethertype:ip:udp:sap:sdp,2
eth:ethertype:ip:udp:raknet:raknet:raknet,2
eth:ethertype:ip:udp:jmirror:ipv6:data,2
eth:ethertype:ip:udp:snmp:snmp,2
eth:ethertype:ip:udp:mpls:pwethheuristic:pwethcw:eth,2
eth:ethertype:ip:udp:quakeworld,2
eth:ethertype:ip:udp:mpls:ipv6:eigrp,2
eth:ethertype:ip:udp:amt:ip,2
eth:ethertype:ip:udp:srt,2
eth:ethertype:ip:udp:capwap:data,2
eth:ethertype:ip:udp:vxlan,2
eth:ethertype:ip:udp:cnip:lon,2
eth:ethertype:ip:udp:megaco,1
eth:ethertype:ip:udp:ltp:data,1
eth:ethertype:ip:udp:acdr:ip,1
eth:ethertype:ip:udp:lisp-data:ipv6:vrrp,1
eth:ethertype:ip:udp:lisp-data:ipv6:swipe,1
eth:ethertype:ip:udp:lisp-data:ipv6:ospf,1
eth:ethertype:ip:udp:lisp-data:ipv6:eigrp,1
eth:ethertype:ip:udp:lisp-data:ipv6:l2tp:data,1
eth:ethertype:ip:udp:wccp,1
eth:ethertype:ip:udp:bundle:bundle,1
eth:ethertype:ip:udp:ayiya:dsr:ipv6.hopopts:ipv6.hopopts,1
eth:ethertype:ip:udp:caneth:data:data,1
eth:ethertype:ip:udp:ecatf:ams,1
eth:ethertype:ip:udp:mp2t,1
eth:ethertype:ip:udp:rmcp:ipmi_session,1
eth:ethertype:ip:udp:adwin,1
eth:ethertype:ip:udp:jmirror:ipv6,1
eth:ethertype:ip:udp:actrace,1
eth:ethertype:ip:udp:wimaxasncp,1
eth:ethertype:ip:udp:mpls:ipv6:vrrp,1
eth:ethertype:ip:udp:mpls:ipv6:gre,1
eth:ethertype:ip:udp:mpls:ipv6:dsr:data,1
eth:ethertype:ip:udp:mpls:ipv6:etherip:eth:llc:data,1
eth:ethertype:ip:udp:ieee1722,1
eth:ethertype:ip:udp:opensafety,1
eth:ethertype:ip:udp:mpls:pwethheuristic:pwethcw:eth:llc:data,1
eth:ethertype:ip:udp:mpls:pwethheuristic:pwethnocw:eth:ethertype:data,1
eth:ethertype:ip:udp:bat.vis,1
eth:ethertype:ip:udp:ieee1722:ieee17221,1
eth:ethertype:ip:udp:eth:ethertype:dect,1
eth:ethertype:ip:udp:mint:eth:ethertype:data,1
eth:ethertype:ip:udp:bat.gw,1
eth:ethertype:ip:udp:bat.gw:ip,1
eth:ethertype:ip:udp:eth:llc:data,1
eth:ethertype:ip:udp:rmcp,1
eth:ethertype:ip:udp:tzsp:eth:ethertype:data,1
eth:ethertype:ip:udp:mint:eth,1
eth:ethertype:ip:udp:ptp,1
eth:ethertype:ip:udp:ldp,1
eth:ethertype:ip:udp:capwap.data:eth:llc:data,1
eth:ethertype:ip:udp:hip,1
eth:ethertype:ip:udp:udpencap,1
eth:ethertype:ip:udp:eth:llc,1
