eth:ethertype:ip:udp:stun,14522986
eth:ethertype:ip:udp:data,11505082
eth:ethertype:ip:udp:syslog,5053299
eth:ethertype:ip:udp:dns,4099604
eth:ethertype:ip:udp:ntp,2068201
eth:ethertype:ip:udp:snmp,1919120
eth:ethertype:ip:data,1814957
eth:ethertype:ip:udp:nbns,841593
eth:ethertype:ip:udp:sip,652854
eth:ethertype:ip:udp:coap,168445
eth:ethertype:ip:udp:cflow,150081
eth:ethertype:ip:udp:ssdp,143194
eth:ethertype:ip:udp:sip:xml,102105
eth:ethertype:ip:udp:isakmp,93696
eth:ethertype:ip:udp:mdns,89607
eth:ethertype:ip:udp:cldap,81868
eth:ethertype:ip:udp:rpc,63694
eth:ethertype:ip:udp:dtls,63291
eth:ethertype:ip:udp:dhcp,61704
eth:ethertype:ip:udp:memcache,59812
eth:ethertype:ip:udp:openvpn,57208
eth:ethertype:ip:udp:sip:data-text-lines,52835
eth:ethertype:ip:udp,45499
eth:ethertype:ip:udp:gtp,44073
eth:ethertype:ip:udp:capwap,43835
eth:ethertype:ip:udp:srvloc,41553
eth:ethertype:ip:udp:portcontrol,40549
eth:ethertype:ip:udp:bvlc:bacnet:bacapp,36588
eth:ethertype:ip:udp:xdmcp,29800
eth:ethertype:ip:udp:l2tp,27478
eth:ethertype:ip:udp:chargen,24960
eth:ethertype:ip:udp:udpencap:esp,23838
eth:ethertype:ip:udp:quic:tls,23287
eth:ethertype:ip:udp:rip,22990
eth:ethertype:ip:udp:gquic,20429
eth:ethertype:ip:udp:kerberos,20337
eth:ethertype:ip:udp:lwapp:data,17302
eth:ethertype:ip:udp:rdpudp,16699
eth:ethertype:ip:udp:classicstun,16001
eth:ethertype:ip:udp:radius,15006
eth:ethertype:ip:udp:rmcp:ipmi_session:data,14482
eth:ethertype:ip:udp:echo,13918
eth:ethertype:ip:udp:tftp,13714
eth:ethertype:ip:udp:enip,13383
eth:ethertype:ip:udp:omron,13348
eth:ethertype:ip:udp:quic,12403
eth:ethertype:ip:udp:gtp:gtpv2,12351
eth:ethertype:ip:udp:nbdgm:smb:browser,12223
eth:ethertype:ip:udp:bfd,10487
eth:ethertype:ip:udp:wlccp,10458
eth:ethertype:ip:udp:time,10349
eth:ethertype:ip:udp:daytime,10344
eth:ethertype:ip:udp:ecatf:ecat,10227
eth:ethertype:ip:udp:steam_ihs_discovery,9577
eth:ethertype:ip:udp:rtcp,7785
eth:ethertype:ip:udp:udpencap:isakmp,6783
eth:ethertype:ip:udp:dcerpc,6709
eth:ethertype:ip:udp:kip,6535
eth:ethertype:ip:udp:hart_ip,6299
eth:ethertype:ip:udp:mgcp,5577
eth:ethertype:ip:udp:coap:data,3933
eth:ethertype:ip:udp:rmcp:asf,3540
eth:ethertype:ip:udp:teredo:ipv6,3163
eth:ethertype:ip:udp:teredo:ipv6:icmpv6,2293
eth:ethertype:ip:udp:dis,2048
eth:ethertype:ip:udp:gtpprime,2013
eth:ethertype:ip:udp:tplink-smarthome:json:data-text-lines,1837
eth:ethertype:ip:udp:cipio,1749
eth:ethertype:ip:udp:quake3:data,1671
eth:ethertype:ip:udp:llc:data,1599
eth:ethertype:ip:udp:wtls,1541
eth:ethertype:ip:udp:rtps,1518
eth:ethertype:ip:udp:iax2,1467
eth:ethertype:ip:udp:raknet:raknet,1338
eth:ethertype:ip:udp:wtp,1104
eth:ethertype:ip:udp:elasticsearch,1070
eth:ethertype:ip:udp:pn_rt:pn_ptcp,1004
eth:ethertype:ip:udp:ts2,971
eth:ethertype:ip:udp:gprs-ns,966
eth:ethertype:ip:udp:dof,958
eth:ethertype:ip:udp:h225,953
eth:ethertype:ip:udp:uaudp,930
eth:ethertype:ip:udp:idn,900
eth:ethertype:ip:udp:pfcp,897
eth:ethertype:ip:udp:corosync_totemnet:data,897
eth:ethertype:ip:udp:sbus,895
eth:ethertype:ip:udp:tacacs,891
eth:ethertype:ip:udp:iax2:data,867
eth:ethertype:ip:udp:wsp,853
eth:ethertype:ip:udp:radius:eap,825
eth:ethertype:ip:udp:scop:data,820
eth:ethertype:ip:udp:bat.gw:data,816
eth:ethertype:ip:udp:rsvp,809
eth:ethertype:ip:udp:kink,779
eth:ethertype:ip:udp:mint,774
eth:ethertype:ip:udp:tzsp,733
eth:ethertype:ip:udp:bat.vis:data,721
eth:ethertype:ip:udp:h501,714
eth:ethertype:ip:udp:nxp_802154_sniffer:wpan,711
eth:ethertype:ip:udp:vxlan:eth:llc:data,707
eth:ethertype:ip:udp:lwapp:wlan,692
eth:ethertype:ip:udp:ssdp:data,684
eth:ethertype:ip:udp:llmnr,671
eth:ethertype:ip:udp:gprs-ns:bssgp,667
eth:ethertype:ip:udp:mipv6,664
eth:ethertype:ip:udp:cnip,623
eth:ethertype:ip:udp:ecmp,615
eth:ethertype:ip:udp:pktc,606
eth:ethertype:ip:udp:manolito,592
eth:ethertype:ip:udp:ecatf:data,589
eth:ethertype:ip:udp:hiqnet,563
eth:ethertype:ip:udp:asterix,559
eth:ethertype:ip:udp:ax4000,557
eth:ethertype:ip:udp:ulp,554
eth:ethertype:ip:udp:doip,552
eth:ethertype:ip:udp:tetra,546
eth:ethertype:ip:udp:lisp-data,545
eth:ethertype:ip:udp:msproxy,538
eth:ethertype:ip:udp:teredo:data,534
eth:ethertype:ip:udp:dmp,533
eth:ethertype:ip:udp:db-lsp-disc,529
eth:ethertype:ip:udp:wg,516
eth:ethertype:ip:udp:mih,506
eth:ethertype:ip:udp:quake2:data,496
eth:ethertype:ip:udp:enrp,495
eth:ethertype:ip:udp:icp,489
eth:ethertype:ip:udp:egd:data,487
eth:ethertype:ip:udp:c1222,467
eth:ethertype:ip:udp:nano,444
eth:ethertype:ip:udp:quake:data,427
eth:ethertype:ip:udp:ieee1722:data,421
eth:ethertype:ip:udp:sctp,414
eth:ethertype:ip:udp:pktc.mtafqdn,411
eth:ethertype:ip:udp:opensafety_udp:data,402
eth:ethertype:ip:udp:amt,401
eth:ethertype:ip:udp:vrt,400
eth:ethertype:ip:udp:bat:data,394
eth:ethertype:ip:udp:quakeworld:data,386
eth:ethertype:ip:udp:mikey,360
eth:ethertype:ip:udp:hcrt,357
eth:ethertype:ip:udp:gre:data,343
eth:ethertype:ip:udp:rsip,342
eth:ethertype:ip:udp:enttec,336
eth:ethertype:ip:udp:wisun.eapol_relay:eapol,333
eth:ethertype:ip:udp:lisp:data,324
eth:ethertype:ip:udp:rx,309
eth:ethertype:ip:udp:ath,297
eth:ethertype:ip:udp:ayiya,288
eth:ethertype:ip:udp:mpls:data,288
eth:ethertype:ip:udp:bjnp,280
eth:ethertype:ip:udp:mpls-echo,279
eth:ethertype:ip:udp:wisun.eapol_relay:eapol:data,277
eth:ethertype:ip:udp:raknet,274
eth:ethertype:ip:udp:vuze-dht,271
eth:ethertype:ip:udp:iapp,270
eth:ethertype:ip:udp:knet,264
eth:ethertype:ip:udp:rdt,263
eth:ethertype:ip:udp:collectd,263
eth:ethertype:ip:udp:ajns,262
eth:ethertype:ip:udp:bfd_echo,251
eth:ethertype:ip:udp:sap,234
eth:ethertype:ip:udp:asap,209
eth:ethertype:ip:udp:eth:ethertype:data,209
eth:ethertype:ip:udp:infiniband:data,189
eth:ethertype:ip:udp:h248,179
eth:ethertype:ip:udp:a21,175
eth:ethertype:ip:udp:wccp,156
eth:ethertype:ip:udp:sap:sdp,153
eth:ethertype:ip:udp:lisp-data:ip:data,153
eth:ethertype:ip:udp:kdp,140
eth:ethertype:ip:udp:gre,128
eth:ethertype:ip:udp:lisp-data:ipv6:data,128
eth:ethertype:ip:udp:wtp:wsp,128
eth:ethertype:ip:udp:adp,124
eth:ethertype:ip:udp:ipvs,122
eth:ethertype:ip:udp:lisp,120
eth:ethertype:ip:udp:ardp,119
eth:ethertype:ip:udp:capwap.data,117
eth:ethertype:ip:udp:opensafety:data,109
eth:ethertype:ip:udp:infiniband,105
eth:ethertype:ip:udp:dcc,105
eth:ethertype:ip:udp:gsmtap:data,97
eth:ethertype:ip:udp:megaco:data,96
eth:ethertype:ip:udp:nbdgm:smb:data,95
eth:ethertype:ip:udp:capwap.data:eth:ethertype:data,95
eth:ethertype:ip:udp:tipc,93
eth:ethertype:ip:udp:lisp-data:ip,92
eth:ethertype:ip:udp:dpnet,87
eth:ethertype:ip:udp:stun:data,83
eth:ethertype:ip:udp:sabp,82
eth:ethertype:ip:udp:dvb_ipdc:data,78
eth:ethertype:ip:udp:geneve,73
eth:ethertype:ip:udp:udt,72
eth:ethertype:ip:udp:pn_rt:pn_io,64
eth:ethertype:ip:udp:lwapp:wlan:data,61
eth:ethertype:ip:udp:geneve:data,58
eth:ethertype:ip:udp:vxlan:eth:ethertype:data,56
eth:ethertype:ip:udp:cnip:data,56
eth:ethertype:ip:udp:mpls:pwethheuristic:pwethcw:eth:ethertype:data,55
eth:ethertype:ip:udp:mpls:ip:data,54
eth:ethertype:ip:udp:goose:cotp,52
eth:ethertype:ip:udp:gsmtap,50
eth:ethertype:ip:udp:capwap:dtls,50
eth:ethertype:ip:udp:sabp:sabp,48
eth:ethertype:ip:udp:capwap.data:dtls,44
eth:ethertype:ip:udp:mpls:ipv6:data,42
eth:ethertype:ip:udp:l2tp:data,38
eth:ethertype:ip:udp:raknet:raknet:raknet,38
eth:ethertype:ip:udp:nxp_802154_sniffer,35
eth:ethertype:ip:udp:ltp,35
eth:ethertype:ip:udp:quake3,32
eth:ethertype:ip:udp:thrift,31
eth:ethertype:ip:udp:dvb_ipdc:alc:data,30
eth:ethertype:ip:udp:mpls:ipv6:ipv6.hopopts,28
eth:ethertype:ip:udp:vxlan:eth,25
eth:ethertype:ip:udp:dcp-etsi:dcp-af,25
eth:ethertype:ip:udp:dlsw,22
eth:ethertype:ip:udp:mpls:ip,21
eth:ethertype:ip:udp:dcp-etsi:dcp-pft,20
eth:ethertype:ip:udp:wol,20
eth:ethertype:ip:udp:jmirror:ipv6:data,19
eth:ethertype:ip:udp:l2tp:ppp:comp_data,19
eth:ethertype:ip:udp:wisun.eapol_relay,17
eth:ethertype:ip:udp:ecatf:ioraw,16
eth:ethertype:ip:udp:ecatf:tc_nv,16
eth:ethertype:ip:udp:data:vssmonitoring,14
eth:ethertype:ip:udp:rx:afs,14
eth:ethertype:ip:udp:sip:sigcomp,14
eth:ethertype:ip:udp:dhcpv6,13
eth:ethertype:ip:udp:acdr,12
eth:ethertype:ip:udp:egd,12
eth:ethertype:ip:udp:quake2,12
eth:ethertype:ip:udp:llc,12
eth:ethertype:ip:udp:nxp_802154_sniffer:wpan:data,12
eth:ethertype:ip:udp:who,11
eth:ethertype:ip:udp:kpasswd,11
eth:ethertype:ip:udp:tzsp:data,11
eth:ethertype:ip:udp:nbdgm,10
eth:ethertype:ip:udp:pn_rt,10
eth:ethertype:ip:udp:mpls,10
eth:ethertype:ip:udp:ieee1722:iec61883,10
eth:ethertype:ip:udp:ripng,10
eth:ethertype:ip:udp:rsp,9
eth:ethertype:ip:udp:xyplex,9
eth:ethertype:ip:udp:rtpproxy,9
eth:ethertype:ip:udp:lisp-data:ipv6,9
eth:ethertype:ip:udp:uftp:uftp5,9
eth:ethertype:ip:udp:ecatf:ecat_mailbox,8
eth:ethertype:ip:udp:mndp,8
eth:ethertype:ip:udp:find,8
eth:ethertype:ip:udp:slimp3,8
eth:ethertype:ip:udp:lbtrm,8
eth:ethertype:ip:udp:dlep,8
eth:ethertype:ip:udp:rdpudp:tls,8
eth:ethertype:ip:udp:mpls:ipv6,8
eth:ethertype:ip:udp:quake,7
eth:ethertype:ip:udp:amt:ip,7
eth:ethertype:ip:udp:capwap.data:data,7
eth:ethertype:ip:udp:snmp:snmp,7
eth:ethertype:ip:udp:scop,6
eth:ethertype:ip:udp:eth,6
eth:ethertype:ip:udp:ecatf:ams,6
eth:ethertype:ip:udp:ncp,6
eth:ethertype:ip:udp:ipx,6
eth:ethertype:ip:udp:uftp:uftp4,6
eth:ethertype:ip:udp:sigcomp,5
eth:ethertype:ip:udp:tsp,5
eth:ethertype:ip:udp:bat.gw,5
eth:ethertype:ip:udp:mip,5
eth:ethertype:ip:udp:pathport,5
eth:ethertype:ip:udp:lwres,5
eth:ethertype:ip:udp:msmms,5
eth:ethertype:ip:udp:tapa,4
eth:ethertype:ip:udp:cpfi,4
eth:ethertype:ip:udp:quakeworld,4
eth:ethertype:ip:udp:l2tp:ppp:lcp,4
eth:ethertype:ip:udp:lmp,4
eth:ethertype:ip:udp:rmcp:ipmi_session,4
eth:ethertype:ip:udp:llc:osi:data,4
eth:ethertype:ip:udp:adwin,3
eth:ethertype:ip:udp:packetbb,3
eth:ethertype:ip:udp:a11,3
eth:ethertype:ip:udp:ptp,3
eth:ethertype:ip:udp:auto_rp,3
eth:ethertype:ip:udp:lisp-data:ipv6:l2tp:data,3
eth:ethertype:ip:udp:lisp-data:ipv6:etherip:eth:llc,3
eth:ethertype:ip:udp:ieee1722,3
eth:ethertype:ip:udp:mpls:ipv6:dsr:data,3
eth:ethertype:ip:udp:llc:sna:data,3
eth:ethertype:ip:udp:ltp:data,3
eth:ethertype:ip:udp:lisp-data:ipv6:vrrp,3
eth:ethertype:ip:udp:lisp-data:ipv6:ah,3
eth:ethertype:ip:udp:llc:vines_llc:data,3
eth:ethertype:ip:udp:mpls:pwethheuristic:pwethnocw:eth:ethertype:data,2
eth:ethertype:ip:udp:nbdgm:smb:smb_netlogon,2
eth:ethertype:ip:udp:cups,2
eth:ethertype:ip:udp:megaco,2
eth:ethertype:ip:udp:sflow,2
eth:ethertype:ip:udp:mpls:pwach:data,2
eth:ethertype:ip:udp:icq,2
eth:ethertype:ip:udp:tpcp,2
eth:ethertype:ip:udp:data:f5ethtrailer,2
eth:ethertype:ip:udp:olsr,2
eth:ethertype:ip:udp:mpls:ipv6:lwl4,2
eth:ethertype:ip:udp:mpls:ipv6:ipv6.routing,2
eth:ethertype:ip:udp:mpls:ipv6:etherip:eth:ethertype:data,2
eth:ethertype:ip:udp:epl,2
eth:ethertype:ip:udp:lisp-data:ipv6:nhrp,2
eth:ethertype:ip:udp:lisp-data:ipv6:swipe,2
eth:ethertype:ip:udp:jmirror:ipv6:swipe,2
eth:ethertype:ip:udp:jmirror:ipv6,2
eth:ethertype:ip:udp:jmirror:ipv6:vrrp,2
eth:ethertype:ip:udp:actrace,2
eth:ethertype:ip:udp:lisp-data:ipv6:eigrp,2
eth:ethertype:ip:udp:lisp-data:ipv6:gre:data,2
eth:ethertype:ip:udp:lisp-data:ipv6:pim,2
eth:ethertype:ip:udp:edonkey,2
eth:ethertype:ip:udp:rdpudp:dtls,2
eth:ethertype:ip:udp:teredo,2
eth:ethertype:ip:udp:armagetronad,2
eth:ethertype:ip:udp:lisp-data:ipv6:etherip:eth:ethertype:data,2
eth:ethertype:ip:udp:mpls:ipv6:nhrp,2
eth:ethertype:ip:udp:ieee1722:ieee17221,2
eth:ethertype:ip:udp:lwapp,2
eth:ethertype:ip:udp:l2tp:ppp:data,2
eth:ethertype:ip:udp:snmp:data,2
eth:ethertype:ip:udp:dvb_ipdc:alc:rmt-lct,2
eth:ethertype:ip:udp:bat.gw:ip,1
eth:ethertype:ip:udp:ldp,1
eth:ethertype:ip:udp:bat.vis,1
eth:ethertype:ip:udp:lisp-data:ipv6:osi:data,1
eth:ethertype:ip:udp:lisp-data:ipv6:vines_frp:vines_ip:data,1
eth:ethertype:ip:udp:lisp-data:ipv6:swipe:ipv6,1
eth:ethertype:ip:udp:lisp-data:ipv6:gre,1
eth:ethertype:ip:udp:lisp-data:ipv6:ipcomp:data,1
eth:ethertype:ip:udp:aodv,1
eth:ethertype:ip:udp:ayiya:dsr:ipv6.hopopts:ipv6.hopopts,1
eth:ethertype:ip:udp:mpls:ipv6:vrrp,1
eth:ethertype:ip:udp:mpls:ipv6:vines_frp:vines_ip:data,1
eth:ethertype:ip:udp:mpls:ipv6:l2tp:data,1
eth:ethertype:ip:udp:mpls:ipv6:pim,1
eth:ethertype:ip:udp:lisp-data:ipv6:ipv6.routing,1
eth:ethertype:ip:udp:udpencap,1
eth:ethertype:ip:udp:oicq,1
eth:ethertype:ip:udp:mpls:pwethheuristic:pwethcw:eth,1
eth:ethertype:ip:udp:goose:cotp:goose,1
eth:ethertype:ip:udp:jmirror:ipv6:vines_frp:vines_ip:data,1
eth:ethertype:ip:udp:jmirror:ipv6:ipcomp:data,1
eth:ethertype:ip:udp:jmirror:ipv6:osi:data,1
eth:ethertype:ip:udp:jmirror:ipv6:pim,1
eth:ethertype:ip:udp:jmirror:ipv6:ah,1
eth:ethertype:ip:udp:lwapp:wlan:llc:data,1
eth:ethertype:ip:udp:lbtru,1
eth:ethertype:ip:udp:ieee1722:maap,1
eth:ethertype:ip:udp:eth:llc,1
eth:ethertype:ip:udp:lisp-data:ipv6:esp,1
eth:ethertype:ip:udp:gsmtap:gsm_sim,1
eth:ethertype:ip:udp:jmirror:ip:data,1
eth:ethertype:ip:udp:tipc:data,1
eth:ethertype:ip:udp:eth:llc:data,1
eth:ethertype:ip:udp:stun:tftp,1
eth:ethertype:ip:udp:eth:ethertype:dect,1
eth:ethertype:ip:udp:lisp-data:ipv6:dsr,1
eth:ethertype:ip:udp:lisp-data:ipv6:ospf,1
eth:ethertype:ip:udp:eth:ethertype:lwapp:wlan,1
eth:ethertype:ip:udp:mint:eth:ethertype:data,1
eth:ethertype:ip:udp:lisp-data:ipv6:dsr:data,1
eth:ethertype:ip:udp:mpls:ipv6:ah,1
eth:ethertype:ip:udp:mpls:ipv6:swipe:data,1
eth:ethertype:ip:udp:mpls:ipv6:eigrp,1
eth:ethertype:ip:udp:ipx:data,1
eth:ethertype:ip:udp:cnip:lon,1
eth:ethertype:ip:udp:hip,1
eth:ethertype:ip:udp:mint:eth,1
eth:ethertype:ip:udp:acdr:data,1
eth:ethertype:ip:udp:capwap:data,1
eth:ethertype:ip:udp:teredo:ipv6:data,1
eth:ethertype:ip:udp:ddtp,1
eth:ethertype:ip:udp:db-lsp-disc:json:data-text-lines,1
eth:ethertype:ip:udp:dtls:x509sat:x509sat:x509sat:x509sat,1
eth:ethertype:ip:udp:ecatf,1
eth:ethertype:ip:udp:vssmonitoring,1
eth:ethertype:ip:udp:h225:data,1
eth:ethertype:ip:udp:ieee1722:aaf,1
