eth:ethertype:ip:udp:data,6967169
eth:ethertype:ip:udp:stun,5138356
eth:ethertype:ip:udp:syslog,4999127
eth:ethertype:ip:udp:dns,4609484
eth:ethertype:ip:udp:snmp,2134879
eth:ethertype:ip:udp:ntp,2118016
eth:ethertype:ip:data,1300439
eth:ethertype:ip:udp:sip,533042
eth:ethertype:ip:udp:nbns,497296
eth:ethertype:ip:udp:cldap,214316
eth:ethertype:ip:udp:coap,188222
eth:ethertype:ip:udp:cflow,153214
eth:ethertype:ip:udp:sip:xml,102032
eth:ethertype:ip:udp:memcache,98600
eth:ethertype:ip:udp:mdns,98510
eth:ethertype:ip:udp:rpc,94376
eth:ethertype:ip:udp:ssdp,84136
eth:ethertype:ip:udp:isakmp,81649
eth:ethertype:ip:udp:gtp,62849
eth:ethertype:ip:udp,62215
eth:ethertype:ip:udp:openvpn,59459
eth:ethertype:ip:udp:portcontrol,57890
eth:ethertype:ip:udp:dtls,54387
eth:ethertype:ip:udp:sip:data-text-lines,52808
eth:ethertype:ip:udp:capwap,47157
eth:ethertype:ip:udp:bvlc:bacnet:bacapp,45911
eth:ethertype:ip:udp:chargen,37971
eth:ethertype:ip:udp:dhcp,37590
eth:ethertype:ip:udp:l2tp,35870
eth:ethertype:ip:udp:srvloc,34232
eth:ethertype:ip:udp:rip,26900
eth:ethertype:ip:udp:rdpudp,25186
eth:ethertype:ip:udp:xdmcp,24371
eth:ethertype:ip:udp:quic:tls,24108
eth:ethertype:ip:udp:udpencap:esp,23746
eth:ethertype:ip:udp:rmcp:ipmi_session:data,22943
eth:ethertype:ip:udp:radius,22818
eth:ethertype:ip:udp:tftp,20832
eth:ethertype:ip:udp:quake3,20613
eth:ethertype:ip:udp:gquic,20453
eth:ethertype:ip:udp:kerberos,18975
eth:ethertype:ip:udp:lwapp:data,16974
eth:ethertype:ip:udp:hart_ip,15362
eth:ethertype:ip:udp:echo,14611
eth:ethertype:ip:udp:classicstun,12569
eth:ethertype:ip:udp:enip,12208
eth:ethertype:ip:udp:gtp:gtpv2,11605
eth:ethertype:ip:udp:omron,11486
eth:ethertype:ip:udp:daytime,11057
eth:ethertype:ip:udp:time,10988
eth:ethertype:ip:udp:rtcp,10392
eth:ethertype:ip:udp:ecatf:ecat,10228
eth:ethertype:ip:udp:bfd,9622
eth:ethertype:ip:udp:nbdgm:smb:browser,9405
eth:ethertype:ip:udp:steam_ihs_discovery,8093
eth:ethertype:ip:udp:udpencap:isakmp,7316
eth:ethertype:ip:udp:kip,6221
eth:ethertype:ip:udp:quic,5645
eth:ethertype:ip:udp:mgcp,4671
eth:ethertype:ip:udp:iax2,4572
eth:ethertype:ip:udp:teredo:ipv6,3877
eth:ethertype:ip:udp:coap:data,3593
eth:ethertype:ip:udp:rmcp:asf,3424
eth:ethertype:ip:udp:wsp,1845
eth:ethertype:ip:udp:teredo:ipv6:icmpv6,1755
eth:ethertype:ip:udp:raknet:raknet,1278
eth:ethertype:ip:udp:radius:eap,1267
eth:ethertype:ip:udp:cipio,1175
eth:ethertype:ip:udp:rtps,1156
eth:ethertype:ip:udp:nano,1095
eth:ethertype:ip:udp:gtpprime,1063
eth:ethertype:ip:udp:dis,1054
eth:ethertype:ip:udp:ssdp:data,745
eth:ethertype:ip:udp:pn_rt:pn_ptcp,663
eth:ethertype:ip:udp:llc:data,589
eth:ethertype:ip:udp:wtp,547
eth:ethertype:ip:udp:rx,530
eth:ethertype:ip:udp:dof,526
eth:ethertype:ip:udp:wg,516
eth:ethertype:ip:udp:quake3:data,510
eth:ethertype:ip:udp:h225,440
eth:ethertype:ip:udp:asterix,373
eth:ethertype:ip:udp:wtls,370
eth:ethertype:ip:udp:stun:data,329
eth:ethertype:ip:udp:quake:data,327
eth:ethertype:ip:udp:sbus,298
eth:ethertype:ip:udp:mint,292
eth:ethertype:ip:udp:corosync_totemnet:data,281
eth:ethertype:ip:udp:hcrt,275
eth:ethertype:ip:udp:scop:data,254
eth:ethertype:ip:udp:wisun.eapol_relay:eapol:data,249
eth:ethertype:ip:udp:cnip,233
eth:ethertype:ip:udp:papi,229
eth:ethertype:ip:udp:ax4000,226
eth:ethertype:ip:udp:knet,225
eth:ethertype:ip:udp:db-lsp-disc,219
eth:ethertype:ip:udp:ipvs,218
eth:ethertype:ip:udp:gprs-ns:bssgp,206
eth:ethertype:ip:udp:uaudp,205
eth:ethertype:ip:udp:iax2:data,199
eth:ethertype:ip:udp:opensafety:data,194
eth:ethertype:ip:udp:bat.vis:data,187
eth:ethertype:ip:udp:ulp,186
eth:ethertype:ip:udp:pfcp,181
eth:ethertype:ip:udp:c1222,159
eth:ethertype:ip:udp:capwap.data,159
eth:ethertype:ip:udp:hiqnet,147
eth:ethertype:ip:udp:kink,141
eth:ethertype:ip:udp:tacacs,129
eth:ethertype:ip:udp:llmnr,126
eth:ethertype:ip:udp:quake2:data,124
eth:ethertype:ip:udp:ecmp,122
eth:ethertype:ip:udp:bjnp,112
eth:ethertype:ip:udp:h501,106
eth:ethertype:ip:udp:a21,105
eth:ethertype:ip:udp:tzsp,98
eth:ethertype:ip:udp:enrp,95
eth:ethertype:ip:udp:gprs-ns,90
eth:ethertype:ip:udp:ieee1722:data,87
eth:ethertype:ip:udp:bat:data,87
eth:ethertype:ip:udp:adp,87
eth:ethertype:ip:udp:egd:data,80
eth:ethertype:ip:udp:kdp,79
eth:ethertype:ip:udp:icp,78
eth:ethertype:ip:udp:ajns,77
eth:ethertype:ip:udp:quakeworld:data,74
eth:ethertype:ip:udp:ayiya,74
eth:ethertype:ip:udp:rdt,70
eth:ethertype:ip:udp:msproxy,69
eth:ethertype:ip:udp:teredo:data,64
eth:ethertype:ip:udp:nxp_802154_sniffer,63
eth:ethertype:ip:udp:idn,61
eth:ethertype:ip:udp:lisp-data,61
eth:ethertype:ip:udp:manolito,60
eth:ethertype:ip:udp:pktc.mtafqdn,60
eth:ethertype:ip:udp:mikey,59
eth:ethertype:ip:udp:sctp,59
eth:ethertype:ip:udp:rsvp,58
eth:ethertype:ip:udp:eth:ethertype:data,56
eth:ethertype:ip:udp:amt,56
eth:ethertype:ip:udp:ath,55
eth:ethertype:ip:udp:vrt,55
eth:ethertype:ip:udp:dpnet,55
eth:ethertype:ip:udp:tetra,54
eth:ethertype:ip:udp:pktc,54
eth:ethertype:ip:udp:doip,53
eth:ethertype:ip:udp:megaco:data,53
eth:ethertype:ip:udp:bfd_echo,51
eth:ethertype:ip:udp:vuze-dht,51
eth:ethertype:ip:udp:mipv6,50
eth:ethertype:ip:udp:tipc,50
eth:ethertype:ip:udp:elasticsearch,49
eth:ethertype:ip:udp:collectd,48
eth:ethertype:ip:udp:sabp,45
eth:ethertype:ip:udp:mih,44
eth:ethertype:ip:udp:infiniband,44
eth:ethertype:ip:udp:sap,44
eth:ethertype:ip:udp:rsip,43
eth:ethertype:ip:udp:dvb_ipdc:data,43
eth:ethertype:ip:udp:nxp_802154_sniffer:wpan,43
eth:ethertype:ip:udp:ts2,42
eth:ethertype:ip:udp:gsmtap:data,42
eth:ethertype:ip:udp:iapp,41
eth:ethertype:ip:udp:ecatf:data,40
eth:ethertype:ip:udp:ardp,40
eth:ethertype:ip:udp:h248,39
eth:ethertype:ip:udp:goose:cotp,39
eth:ethertype:ip:udp:asap,39
eth:ethertype:ip:udp:opensafety_udp:data,39
eth:ethertype:ip:udp:lwapp:wlan,39
eth:ethertype:ip:udp:data:vssmonitoring,38
eth:ethertype:ip:udp:bat.gw:data,38
eth:ethertype:ip:udp:dcc,37
eth:ethertype:ip:udp:gsmtap,37
eth:ethertype:ip:udp:lisp:data,36
eth:ethertype:ip:udp:raknet,36
eth:ethertype:ip:udp:tplink-smarthome:json:data-text-lines,33
eth:ethertype:ip:udp:geneve,33
eth:ethertype:ip:udp:pn_rt:pn_io,32
eth:ethertype:ip:udp:gre:data,32
eth:ethertype:ip:udp:cnip:data,31
eth:ethertype:ip:udp:raknet:raknet:raknet,31
eth:ethertype:ip:udp:wlccp,30
eth:ethertype:ip:udp:vxlan:eth:ethertype:data,28
eth:ethertype:ip:udp:wisun.eapol_relay:eapol,26
eth:ethertype:ip:udp:geneve:data,24
eth:ethertype:ip:udp:udt,24
eth:ethertype:ip:udp:ltp,23
eth:ethertype:ip:udp:lisp,21
eth:ethertype:ip:udp:sabp:sabp,21
eth:ethertype:ip:udp:ripng,20
eth:ethertype:ip:udp:mpls:data,20
eth:ethertype:ip:udp:lwapp:wlan:data,20
eth:ethertype:ip:udp:gre,19
eth:ethertype:ip:udp:llc,18
eth:ethertype:ip:udp:egd,17
eth:ethertype:ip:udp:pn_rt,16
eth:ethertype:ip:udp:wisun.eapol_relay,15
eth:ethertype:ip:udp:capwap.data:dtls,15
eth:ethertype:ip:udp:quake2,15
eth:ethertype:ip:udp:tsp,14
eth:ethertype:ip:udp:dhcpv6,13
eth:ethertype:ip:udp:auto_rp,13
eth:ethertype:ip:udp:capwap:dtls,13
eth:ethertype:ip:udp:thrift,12
eth:ethertype:ip:udp:dlep,12
eth:ethertype:ip:udp:mpls:ipv6:data,11
eth:ethertype:ip:udp:scop,11
eth:ethertype:ip:udp:mip,11
eth:ethertype:ip:udp:sip:data-text-lines:xml,11
eth:ethertype:ip:udp:lwres,11
eth:ethertype:ip:udp:nbdgm,11
eth:ethertype:ip:udp:wol,11
eth:ethertype:ip:udp:msmms,10
eth:ethertype:ip:udp:eth,10
eth:ethertype:ip:udp:vxlan:eth,10
eth:ethertype:ip:udp:sip:sdp,10
eth:ethertype:ip:udp:ecatf:tc_nv,9
eth:ethertype:ip:udp:packetbb,9
eth:ethertype:ip:udp:dcp-etsi:dcp-af,9
eth:ethertype:ip:udp:mpls,8
eth:ethertype:ip:udp:kpasswd,8
eth:ethertype:ip:udp:find,8
eth:ethertype:ip:udp:nxp_802154_sniffer:wpan:data,8
eth:ethertype:ip:udp:xyplex,8
eth:ethertype:ip:udp:slimp3,8
eth:ethertype:ip:udp:dvb_ipdc:alc:data,8
eth:ethertype:ip:udp:quake,7
eth:ethertype:ip:udp:lmp,7
eth:ethertype:ip:udp:dlsw,7
eth:ethertype:ip:udp:who,7
eth:ethertype:ip:udp:lbtrm,7
eth:ethertype:ip:udp:quakeworld,6
eth:ethertype:ip:udp:mpls:ipv6,6
eth:ethertype:ip:udp:cups,6
eth:ethertype:ip:udp:pathport,6
eth:ethertype:ip:udp:ncp,6
eth:ethertype:ip:udp:rsp,6
eth:ethertype:ip:udp:rtpproxy,6
eth:ethertype:ip:udp:mndp,6
eth:ethertype:ip:udp:dcp-etsi:dcp-pft,5
eth:ethertype:ip:udp:ecatf:ioraw,5
eth:ethertype:ip:udp:ssdp:data-text-lines,4
eth:ethertype:ip:udp:a11,4
eth:ethertype:ip:udp:acdr,4
eth:ethertype:ip:udp:dmp,4
eth:ethertype:ip:udp:olsr,4
eth:ethertype:ip:udp:wtp:wsp,4
eth:ethertype:ip:udp:llc:osi:data,4
eth:ethertype:ip:udp:sigcomp,4
eth:ethertype:ip:udp:armagetronad,4
eth:ethertype:ip:udp:tzsp:data,4
eth:ethertype:ip:udp:rdpudp:tls,4
eth:ethertype:ip:udp:bundle:bundle,4
eth:ethertype:ip:udp:icq,3
eth:ethertype:ip:udp:ipx,3
eth:ethertype:ip:udp:lwapp,3
eth:ethertype:ip:udp:ddtp,3
eth:ethertype:ip:udp:cpfi,3
eth:ethertype:ip:udp:amt:ip,3
eth:ethertype:ip:udp:tpcp,3
eth:ethertype:ip:udp:mint:eth:ethertype:data,3
eth:ethertype:ip:udp:llc:sna:data,3
eth:ethertype:ip:udp:cigi,3
eth:ethertype:ip:udp:mpls:ip,3
eth:ethertype:ip:udp:tplink-smarthome:json,3
eth:ethertype:ip:udp:bvlc,3
eth:ethertype:ip:udp:dvb_ipdc:alc:rmt-lct,3
eth:ethertype:ip:udp:mp2t,2
eth:ethertype:ip:udp:teredo,2
eth:ethertype:ip:udp:aodv,2
eth:ethertype:ip:udp:ayiya:dsr:ipv6.hopopts:ipv6.hopopts,2
eth:ethertype:ip:udp:epl,2
eth:ethertype:ip:udp:actrace,2
eth:ethertype:ip:udp:mpls:pwethheuristic:pwethcw:eth:ethertype:data,2
eth:ethertype:ip:udp:infiniband:data,2
eth:ethertype:ip:udp:mpls:pwethheuristic:pwethcw:eth,2
eth:ethertype:ip:udp:snmp:snmp,2
eth:ethertype:ip:udp:ip,2
eth:ethertype:ip:udp:ieee1722:aaf,2
eth:ethertype:ip:udp:mpls:pwethheuristic:pwethnocw:eth:ethertype:data,2
eth:ethertype:ip:udp:udpencap,2
eth:ethertype:ip:udp:megaco:h248,2
eth:ethertype:ip:udp:adwin,2
eth:ethertype:ip:udp:tipc:data,2
eth:ethertype:ip:udp:wimaxasncp,2
eth:ethertype:ip:udp:bat.gw,2
eth:ethertype:ip:udp:ltp:data,2
eth:ethertype:ip:udp:ieee1722:iec61883,2
eth:ethertype:ip:udp:ecatf:ecat_mailbox,1
eth:ethertype:ip:udp:eth:ethertype:dect,1
eth:ethertype:ip:udp:lisp-data:ipv6:data,1
eth:ethertype:ip:udp:cnip:lon,1
eth:ethertype:ip:udp:ieee1722:cvf:data,1
eth:ethertype:ip:udp:sflow,1
eth:ethertype:ip:udp:jmirror:ipv6,1
eth:ethertype:ip:udp:capwap:data,1
eth:ethertype:ip:udp:vxlan:eth:llc:data,1
eth:ethertype:ip:udp:h225:data,1
eth:ethertype:ip:udp:db-lsp-disc:json:data-text-lines,1
eth:ethertype:ip:udp:wassp,1
eth:ethertype:ip:udp:mdns:vssmonitoring,1
eth:ethertype:ip:udp:llc:stp,1
eth:ethertype:ip:udp:rdpudp:dtls,1
eth:ethertype:ip:udp:eth:ethertype:stp,1
eth:ethertype:ip:udp:bat.vis,1
eth:ethertype:ip:udp:capwap.data:eth:ethertype:data,1
eth:ethertype:ip:udp:sip:sigcomp,1
eth:ethertype:ip:udp:edonkey,1
eth:ethertype:ip:udp:tapa,1
eth:ethertype:ip:udp:vxlan,1
eth:ethertype:ip:udp:mint:eth,1
eth:ethertype:ip:udp:acdr:data,1
eth:ethertype:ip:udp:nsh,1
eth:ethertype:ip:udp:mpls:pwach:data,1
eth:ethertype:ip:udp:ssyncp,1
eth:ethertype:ip:udp:wccp,1
eth:ethertype:ip:udp:ipx:data,1
eth:ethertype:ip:udp:ieee1722,1
eth:ethertype:ip:udp:hip,1
eth:ethertype:ip:udp:ecatf,1
