eth:ethertype:ip:udp:stun,19625342
eth:ethertype:ip:udp:data,8975387
eth:ethertype:ip:udp:syslog,4470662
eth:ethertype:ip:udp:dns,3482814
eth:ethertype:ip:udp:snmp,2068267
eth:ethertype:ip:udp:ntp,2063511
eth:ethertype:ip:udp:sip,1588221
eth:ethertype:ip:data,1206962
eth:ethertype:ip:udp:nbns,619712
eth:ethertype:ip:udp:coap,238623
eth:ethertype:ip:udp:cflow,167057
eth:ethertype:ip:udp:cldap,154607
eth:ethertype:ip:udp:mdns,107167
eth:ethertype:ip:udp:sip:xml,101254
eth:ethertype:ip:udp:ssdp,99548
eth:ethertype:ip:udp:openvpn,94607
eth:ethertype:ip:udp:rpc,92857
eth:ethertype:ip:udp:dhcp,80018
eth:ethertype:ip:udp,77620
eth:ethertype:ip:udp:memcache,64764
eth:ethertype:ip:udp:enip,60043
eth:ethertype:ip:udp:dtls,56440
eth:ethertype:ip:udp:isakmp,54685
eth:ethertype:ip:udp:l2tp,52313
eth:ethertype:ip:udp:bvlc:bacnet:bacapp,47566
eth:ethertype:ip:udp:sip:data-text-lines,47386
eth:ethertype:ip:udp:portcontrol,46726
eth:ethertype:ip:udp:rip,44551
eth:ethertype:ip:udp:gtp,43654
eth:ethertype:ip:udp:capwap,42396
eth:ethertype:ip:udp:srvloc,38548
eth:ethertype:ip:udp:rdpudp,27113
eth:ethertype:ip:udp:udpencap:esp,25864
eth:ethertype:ip:udp:quic:tls,23229
eth:ethertype:ip:udp:gquic,20468
eth:ethertype:ip:udp:xdmcp,20172
eth:ethertype:ip:udp:ayiya,20065
eth:ethertype:ip:udp:chargen,19954
eth:ethertype:ip:udp:kerberos,19812
eth:ethertype:ip:udp:lwapp:data,17270
eth:ethertype:ip:udp:rmcp:ipmi_session:data,16912
eth:ethertype:ip:udp:classicstun,16881
eth:ethertype:ip:udp:echo,16066
eth:ethertype:ip:udp:quic,15900
eth:ethertype:ip:udp:tftp,13837
eth:ethertype:ip:udp:omron,13818
eth:ethertype:ip:udp:radius,12840
eth:ethertype:ip:udp:rtcp,11870
eth:ethertype:ip:udp:gtp:gtpv2,11500
eth:ethertype:ip:udp:bfd,10887
eth:ethertype:ip:udp:rpc:data,10523
eth:ethertype:ip:udp:time,10414
eth:ethertype:ip:udp:daytime,10393
eth:ethertype:ip:udp:ecatf:ecat,10330
eth:ethertype:ip:udp:steam_ihs_discovery,9856
eth:ethertype:ip:udp:udpencap:isakmp,8976
eth:ethertype:ip:udp:nbdgm:smb:browser,7413
eth:ethertype:ip:udp:kip,6911
eth:ethertype:ip:udp:mgcp,6837
eth:ethertype:ip:udp:asterix,6735
eth:ethertype:ip:udp:teredo:ipv6,5384
eth:ethertype:ip:udp:hart_ip,5381
eth:ethertype:ip:udp:epl:data,3620
eth:ethertype:ip:udp:coap:data,3617
eth:ethertype:ip:udp:rmcp:asf,3429
eth:ethertype:ip:udp:llc:data,3414
eth:ethertype:ip:udp:quake3,3127
eth:ethertype:ip:udp:elasticsearch,2231
eth:ethertype:ip:udp:wisun.eapol_relay:eapol:data,2182
eth:ethertype:ip:udp:llmnr,2069
eth:ethertype:ip:udp:iax2,2058
eth:ethertype:ip:udp:quake3:data,1976
eth:ethertype:ip:udp:dis,1848
eth:ethertype:ip:udp:nxp_802154_sniffer:wpan,1800
eth:ethertype:ip:udp:wtls,1610
eth:ethertype:ip:udp:dof,1553
eth:ethertype:ip:udp:raknet:raknet,1437
eth:ethertype:ip:udp:gtpprime,1372
eth:ethertype:ip:udp:bat.gw:data,1357
eth:ethertype:ip:udp:cipio,1239
eth:ethertype:ip:udp:h225,1139
eth:ethertype:ip:udp:rtps,1109
eth:ethertype:ip:udp:tzsp,1058
eth:ethertype:ip:udp:pktc,1055
eth:ethertype:ip:udp:kink,1038
eth:ethertype:ip:udp:pn_rt:pn_ptcp,1028
eth:ethertype:ip:udp:bat:data,1017
eth:ethertype:ip:udp:manolito,1006
eth:ethertype:ip:udp:wtp,890
eth:ethertype:ip:udp:ax4000,872
eth:ethertype:ip:udp:rsvp,853
eth:ethertype:ip:udp:ath,844
eth:ethertype:ip:udp:collectd,829
eth:ethertype:ip:udp:rsip,826
eth:ethertype:ip:udp:radius:eap,770
eth:ethertype:ip:udp:mih,738
eth:ethertype:ip:udp:iapp,726
eth:ethertype:ip:udp:corosync_totemnet:data,723
eth:ethertype:ip:udp:opensafety:data,710
eth:ethertype:ip:udp:msproxy,676
eth:ethertype:ip:udp:mipv6,661
eth:ethertype:ip:udp:asap,631
eth:ethertype:ip:udp:epl,614
eth:ethertype:ip:udp:icp,599
eth:ethertype:ip:udp:mint,598
eth:ethertype:ip:udp:dpnet,590
eth:ethertype:ip:udp:ssdp:data,585
eth:ethertype:ip:udp:wsp,580
eth:ethertype:ip:udp:sctp,580
eth:ethertype:ip:udp:rx,579
eth:ethertype:ip:udp:knet,565
eth:ethertype:ip:udp:iax2:data,548
eth:ethertype:ip:udp:hcrt,547
eth:ethertype:ip:udp:rdt,534
eth:ethertype:ip:udp:ardp,523
eth:ethertype:ip:udp:idn,522
eth:ethertype:ip:udp:lisp:data,495
eth:ethertype:ip:udp:adp,494
eth:ethertype:ip:udp:amt,494
eth:ethertype:ip:udp:eth:ethertype:data,493
eth:ethertype:ip:udp:dmp,491
eth:ethertype:ip:udp:ecatf:data,479
eth:ethertype:ip:udp:c1222,476
eth:ethertype:ip:udp:doip,458
eth:ethertype:ip:udp:mikey,450
eth:ethertype:ip:udp:raknet,449
eth:ethertype:ip:udp:kdp,442
eth:ethertype:ip:udp:sbus,442
eth:ethertype:ip:udp:ipvs,441
eth:ethertype:ip:udp:tipc,439
eth:ethertype:ip:udp:geneve:data,434
eth:ethertype:ip:udp:teredo:data,419
eth:ethertype:ip:udp:vxlan:eth:llc:data,417
eth:ethertype:ip:udp:sabp:sabp,402
eth:ethertype:ip:udp:wlccp,401
eth:ethertype:ip:udp:vrt,399
eth:ethertype:ip:udp:papi,394
eth:ethertype:ip:udp:ts2,392
eth:ethertype:ip:udp:bfd_echo,378
eth:ethertype:ip:udp:enrp,376
eth:ethertype:ip:udp:tplink-smarthome:json:data-text-lines,352
eth:ethertype:ip:udp:quakeworld:data,344
eth:ethertype:ip:udp:lwapp:wlan,342
eth:ethertype:ip:udp:scop:data,340
eth:ethertype:ip:udp:cnip,318
eth:ethertype:ip:udp:ieee1722:data,315
eth:ethertype:ip:udp:gsmtap:data,297
eth:ethertype:ip:udp:capwap.data:eth:ethertype:data,289
eth:ethertype:ip:udp:uaudp,273
eth:ethertype:ip:udp:opensafety_udp:data,265
eth:ethertype:ip:udp:ecmp,259
eth:ethertype:ip:udp:h501,254
eth:ethertype:ip:udp:sap,251
eth:ethertype:ip:udp:quake2:data,248
eth:ethertype:ip:udp:mpls:data,244
eth:ethertype:ip:udp:nano,242
eth:ethertype:ip:udp:h248,241
eth:ethertype:ip:udp:capwap.data,237
eth:ethertype:ip:udp:bat.vis:data,233
eth:ethertype:ip:udp:wg,227
eth:ethertype:ip:udp:gprs-ns:bssgp,216
eth:ethertype:ip:udp:dvb_ipdc:data,209
eth:ethertype:ip:udp:ajns,203
eth:ethertype:ip:udp:stun:data,200
eth:ethertype:ip:udp:quake:data,198
eth:ethertype:ip:udp:gprs-ns,195
eth:ethertype:ip:udp:lisp-data,186
eth:ethertype:ip:udp:bjnp,183
eth:ethertype:ip:udp:gre:data,180
eth:ethertype:ip:udp:tacacs,178
eth:ethertype:ip:udp:megaco,160
eth:ethertype:ip:udp:megaco:data,159
eth:ethertype:ip:udp:infiniband:data,159
eth:ethertype:ip:udp:pktc.mtafqdn,155
eth:ethertype:ip:udp:vuze-dht,152
eth:ethertype:ip:udp:raknet:raknet:raknet,151
eth:ethertype:ip:udp:sap:sdp,141
eth:ethertype:ip:udp:db-lsp-disc,128
eth:ethertype:ip:udp:pn_rt:pn_io,126
eth:ethertype:ip:udp:pfcp,101
eth:ethertype:ip:udp:tetra,98
eth:ethertype:ip:udp:a21,97
eth:ethertype:ip:udp:ulp,84
eth:ethertype:ip:udp:infiniband,83
eth:ethertype:ip:udp:geneve,79
eth:ethertype:ip:udp:hiqnet,78
eth:ethertype:ip:udp:vxlan:eth:ethertype:data,77
eth:ethertype:ip:udp:tipc:data,70
eth:ethertype:ip:udp:ecatf:tc_nv,69
eth:ethertype:ip:udp:dcc,68
eth:ethertype:ip:udp:egd:data,66
eth:ethertype:ip:udp:wtp:wsp,64
eth:ethertype:ip:udp:mpls:ip:data,60
eth:ethertype:ip:udp:gre,51
eth:ethertype:ip:udp:lwapp:wlan:data,48
eth:ethertype:ip:udp:mpls:pwethheuristic:pwethcw:eth:ethertype:data,48
eth:ethertype:ip:udp:lisp-data:ip:data,45
eth:ethertype:ip:udp:mpls:ipv6:data,43
eth:ethertype:ip:udp:gsmtap,39
eth:ethertype:ip:udp:lisp-data:ipv6:data,38
eth:ethertype:ip:udp:lisp,37
eth:ethertype:ip:udp:data:vssmonitoring,33
eth:ethertype:ip:udp:nxp_802154_sniffer,32
eth:ethertype:ip:udp:capwap:dtls,32
eth:ethertype:ip:udp:mpls:ipv6:ipv6.hopopts,32
eth:ethertype:ip:udp:enttec,30
eth:ethertype:ip:udp:dvb_ipdc:alc:data,30
eth:ethertype:ip:udp:jmirror:ipv6:data,28
eth:ethertype:ip:udp:thrift,26
eth:ethertype:ip:udp:capwap.data:dtls,22
eth:ethertype:ip:udp:mpls:ip,21
eth:ethertype:ip:udp:egd,20
eth:ethertype:ip:udp:sabp,19
eth:ethertype:ip:udp:sabp:sabp:sabp,19
eth:ethertype:ip:udp:lisp-data:ip,19
eth:ethertype:ip:udp:l2tp:data,18
eth:ethertype:ip:udp:ltp,17
eth:ethertype:ip:udp:goose:cotp,17
eth:ethertype:ip:udp:rx:afs,17
eth:ethertype:ip:udp:pn_rt,16
eth:ethertype:ip:udp:slimp3,16
eth:ethertype:ip:udp:cnip:data,16
eth:ethertype:ip:udp:lwres,15
eth:ethertype:ip:udp:tsp,14
eth:ethertype:ip:udp:eth,14
eth:ethertype:ip:udp:nxp_802154_sniffer:wpan:data,12
eth:ethertype:ip:udp:mip,11
eth:ethertype:ip:udp:msmms,10
eth:ethertype:ip:udp:llc,10
eth:ethertype:ip:udp:dhcpv6,10
eth:ethertype:ip:udp:mpls:pwach:data,10
eth:ethertype:ip:udp:lisp-data:ipv6,10
eth:ethertype:ip:udp:vxlan:eth,10
eth:ethertype:ip:udp:quake2,10
eth:ethertype:ip:udp:mpls:ipv6,10
eth:ethertype:ip:udp:ieee1722:iec61883,9
eth:ethertype:ip:udp:data:f5ethtrailer,9
eth:ethertype:ip:udp:amt:ip,9
eth:ethertype:ip:udp:mndp,9
eth:ethertype:ip:udp:sigcomp,8
eth:ethertype:ip:udp:lmp,8
eth:ethertype:ip:udp:dlep,8
eth:ethertype:ip:udp:dcp-etsi:dcp-pft,8
eth:ethertype:ip:udp:xyplex,8
eth:ethertype:ip:udp:nbdgm,7
eth:ethertype:ip:udp:quake,7
eth:ethertype:ip:udp:tzsp:data,7
eth:ethertype:ip:udp:scop,7
eth:ethertype:ip:udp:rtpproxy,7
eth:ethertype:ip:udp:ncp,6
eth:ethertype:ip:udp:wisun.eapol_relay,6
eth:ethertype:ip:udp:ieee1722,6
eth:ethertype:ip:udp:ecatf:ioraw,6
eth:ethertype:ip:udp:armagetronad,6
eth:ethertype:ip:udp:acdr,6
eth:ethertype:ip:udp:h225:data,6
eth:ethertype:ip:udp:mpls,5
eth:ethertype:ip:udp:auto_rp,5
eth:ethertype:ip:udp:find,5
eth:ethertype:ip:udp:kpasswd,5
eth:ethertype:ip:udp:lbtrm,5
eth:ethertype:ip:udp:gsmtap:gsm_a.dtap,5
eth:ethertype:ip:udp:rdpudp:data,5
eth:ethertype:ip:udp:ieee1722:ieee17221,5
eth:ethertype:ip:udp:ipx:data,5
eth:ethertype:ip:udp:ripng,4
eth:ethertype:ip:udp:dlsw,4
eth:ethertype:ip:udp:who,4
eth:ethertype:ip:udp:rsp,4
eth:ethertype:ip:udp:tapa,4
eth:ethertype:ip:udp:edonkey,4
eth:ethertype:ip:udp:ipx,4
eth:ethertype:ip:udp:eth:llc:data,4
eth:ethertype:ip:udp:lisp-data:ipv6:ospf,4
eth:ethertype:ip:udp:wisun.eapol_relay:eapol,4
eth:ethertype:ip:udp:actrace,3
eth:ethertype:ip:udp:tpcp,3
eth:ethertype:ip:udp:dcerpc,3
eth:ethertype:ip:udp:llc:osi:data,3
eth:ethertype:ip:udp:bat.gw,3
eth:ethertype:ip:udp:bat.vis,3
eth:ethertype:ip:udp:rdpudp:tls,3
eth:ethertype:ip:udp:sip:sigcomp,3
eth:ethertype:ip:udp:packetbb,3
eth:ethertype:ip:udp:jmirror:ip:data,3
eth:ethertype:ip:udp:mpls:ipv6:l2tp:data,3
eth:ethertype:ip:udp:pathport,3
eth:ethertype:ip:udp:quakeworld,2
eth:ethertype:ip:udp:cups,2
eth:ethertype:ip:udp:udpencap,2
eth:ethertype:ip:udp:olsr,2
eth:ethertype:ip:udp:wccp,2
eth:ethertype:ip:udp:mint:eth:ethertype:data,2
eth:ethertype:ip:udp:ayiya:dsr:ipv6.hopopts:ipv6.hopopts,2
eth:ethertype:ip:udp:teredo:ipv6:data,2
eth:ethertype:ip:udp:lisp-data:ipv6:ipv6.routing,2
eth:ethertype:ip:udp:lisp-data:ipv6:esp,2
eth:ethertype:ip:udp:lisp-data:ipv6:lwl4,2
eth:ethertype:ip:udp:jmirror:ipv6:eigrp,2
eth:ethertype:ip:udp:jmirror:ipv6:nhrp,2
eth:ethertype:ip:udp:nbdgm:smb:smb_netlogon,2
eth:ethertype:ip:udp:aodv,2
eth:ethertype:ip:udp:mpls:ipv6:ospf,2
eth:ethertype:ip:udp:lwapp,2
eth:ethertype:ip:udp:jmirror:ipv6,2
eth:ethertype:ip:udp:adwin,2
eth:ethertype:ip:udp:eth:llc,2
eth:ethertype:ip:udp:vxlan,1
eth:ethertype:ip:udp:acdr:ip:data,1
eth:ethertype:ip:udp:bat.gw:ip,1
eth:ethertype:ip:udp:mpls:pwethheuristic:pwethnocw:eth:ethertype:data,1
eth:ethertype:ip:udp:snmp:data,1
eth:ethertype:ip:udp:db-lsp-disc:json:data-text-lines,1
eth:ethertype:ip:udp:sflow,1
eth:ethertype:ip:udp:mpls:pwethheuristic:pwethcw:eth:llc:data,1
eth:ethertype:ip:udp:mpls:ipv6:osi:data,1
eth:ethertype:ip:udp:mpls:ipv6:ipcomp:data,1
eth:ethertype:ip:udp:mpls:ipv6:ah,1
eth:ethertype:ip:udp:scop:wpan,1
eth:ethertype:ip:udp:opensafety_udp,1
eth:ethertype:ip:udp:dvb_ipdc:alc:rmt-lct:data,1
eth:ethertype:ip:udp:lisp-data:ipv6:swipe,1
eth:ethertype:ip:udp:lisp-data:ipv6:dsr,1
eth:ethertype:ip:udp:lisp-data:ipv6:etherip:eth:llc,1
eth:ethertype:ip:udp:jmirror:ipv6:ah,1
eth:ethertype:ip:udp:jmirror:ipv6:ipcomp:data,1
eth:ethertype:ip:udp:jmirror:ipv6:gre:data,1
eth:ethertype:ip:udp:jmirror:ipv6:ospf,1
eth:ethertype:ip:udp:mpls:ipv6:esp,1
eth:ethertype:ip:udp:mpls:ipv6:pim,1
eth:ethertype:ip:udp:mpls:ipv6:nhrp,1
eth:ethertype:ip:udp:mpls:pwethheuristic:data,1
eth:ethertype:ip:udp:wimaxasncp,1
eth:ethertype:ip:udp:eth:ethertype:eth:ethertype:data,1
eth:ethertype:ip:udp:mpls:ipv6:gre,1
eth:ethertype:ip:udp:ip,1
eth:ethertype:ip:udp:lisp-data:ipv6:vines_frp:vines_ip:data,1
eth:ethertype:ip:udp:lisp-data:ipv6:ah,1
eth:ethertype:ip:udp:lisp-data:ipv6:osi:data,1
eth:ethertype:ip:udp:llc:sna:data,1
eth:ethertype:ip:udp:capwap.data:data,1
eth:ethertype:ip:udp:ecatf:ams,1
eth:ethertype:ip:udp:cpfi,1
eth:ethertype:ip:udp:dcp-etsi:dcp-af,1
eth:ethertype:ip:udp:rmcp:ipmi_session,1
eth:ethertype:ip:udp:ddtp,1
eth:ethertype:ip:udp:ptp,1
eth:ethertype:ip:udp:capwap.data:eth,1
eth:ethertype:ip:udp:cnip:lon,1
eth:ethertype:ip:udp:ltp:data,1
eth:ethertype:ip:udp:ecatf,1
