eth:ethertype:ip:udp:stun,12033820
eth:ethertype:ip:udp:data,10672153
eth:ethertype:ip:udp:syslog,4577679
eth:ethertype:ip:udp:dns,4130429
eth:ethertype:ip:udp:ntp,2148277
eth:ethertype:ip:data,1690748
eth:ethertype:ip:udp:snmp,1646660
eth:ethertype:ip:udp:nbns,674502
eth:ethertype:ip:udp:sip,488819
eth:ethertype:ip:udp:coap,233469
eth:ethertype:ip:udp:cldap,209724
eth:ethertype:ip:udp:ssdp,154999
eth:ethertype:ip:udp:cflow,154821
eth:ethertype:ip:udp:openvpn,111054
eth:ethertype:ip:udp:mdns,104947
eth:ethertype:ip:udp:rpc,102482
eth:ethertype:ip:udp:sip:xml,101875
eth:ethertype:ip:udp:dhcp,85079
eth:ethertype:ip:udp,75026
eth:ethertype:ip:udp:dtls,66854
eth:ethertype:ip:udp:portcontrol,58282
eth:ethertype:ip:udp:classicstun,56313
eth:ethertype:ip:udp:memcache,56296
eth:ethertype:ip:udp:isakmp,54091
eth:ethertype:ip:udp:sip:data-text-lines,52781
eth:ethertype:ip:udp:bvlc:bacnet:bacapp,47420
eth:ethertype:ip:udp:l2tp,47206
eth:ethertype:ip:udp:capwap,45074
eth:ethertype:ip:udp:gtp,41914
eth:ethertype:ip:udp:srvloc,40007
eth:ethertype:ip:udp:rip,37762
eth:ethertype:ip:udp:xdmcp,36795
eth:ethertype:ip:udp:rmcp:ipmi_session:data,34391
eth:ethertype:ip:udp:udpencap:esp,26504
eth:ethertype:ip:udp:radius,26051
eth:ethertype:ip:udp:echo,24360
eth:ethertype:ip:udp:quake3,20547
eth:ethertype:ip:udp:gquic,20539
eth:ethertype:ip:udp:chargen,20049
eth:ethertype:ip:udp:bfd,19845
eth:ethertype:ip:udp:kerberos,19091
eth:ethertype:ip:udp:lwapp:data,16613
eth:ethertype:ip:udp:rdpudp,16331
eth:ethertype:ip:udp:quic:tls,15824
eth:ethertype:ip:udp:hart_ip,14481
eth:ethertype:ip:udp:tftp,14040
eth:ethertype:ip:udp:omron,14016
eth:ethertype:ip:udp:enip,13926
eth:ethertype:ip:udp:quic,12374
eth:ethertype:ip:udp:nbdgm:smb:browser,12130
eth:ethertype:ip:udp:gtp:gtpv2,11183
eth:ethertype:ip:udp:rpc:data,10491
eth:ethertype:ip:udp:time,10399
eth:ethertype:ip:udp:daytime,10380
eth:ethertype:ip:udp:ecatf:ecat,10163
eth:ethertype:ip:udp:steam_ihs_discovery,9496
eth:ethertype:ip:udp:udpencap:isakmp,6848
eth:ethertype:ip:udp:kip,6831
eth:ethertype:ip:udp:rtcp,6035
eth:ethertype:ip:udp:mgcp,5800
eth:ethertype:ip:udp:teredo:ipv6,4931
eth:ethertype:ip:udp:asterix,4879
eth:ethertype:ip:udp:coap:data,3811
eth:ethertype:ip:udp:rmcp:asf,3531
eth:ethertype:ip:udp:llmnr,3454
eth:ethertype:ip:udp:teredo:ipv6:icmpv6,3430
eth:ethertype:ip:udp:llc:data,2810
eth:ethertype:ip:udp:wsp,2626
eth:ethertype:ip:udp:quake3:data,2084
eth:ethertype:ip:udp:cipio,1684
eth:ethertype:ip:udp:ax4000,1629
eth:ethertype:ip:udp:gtpprime,1551
eth:ethertype:ip:udp:stun:data,1440
eth:ethertype:ip:udp:rtps,1348
eth:ethertype:ip:udp:ts2,1297
eth:ethertype:ip:udp:wisun.eapol_relay:eapol:data,1219
eth:ethertype:ip:udp:nxp_802154_sniffer:wpan,1165
eth:ethertype:ip:udp:mih,1159
eth:ethertype:ip:udp:mint,1133
eth:ethertype:ip:udp:ath,1127
eth:ethertype:ip:udp:raknet:raknet,1100
eth:ethertype:ip:udp:radius:eap,1046
eth:ethertype:ip:udp:pfcp,966
eth:ethertype:ip:udp:wtls,871
eth:ethertype:ip:udp:tplink-smarthome:json:data-text-lines,782
eth:ethertype:ip:udp:iapp,772
eth:ethertype:ip:udp:enttec,736
eth:ethertype:ip:udp:hiqnet,707
eth:ethertype:ip:udp:hcrt,705
eth:ethertype:ip:udp:teredo:data,689
eth:ethertype:ip:udp:corosync_totemnet:data,683
eth:ethertype:ip:udp:ssdp:data,679
eth:ethertype:ip:udp:lwapp:wlan,653
eth:ethertype:ip:udp:dof,632
eth:ethertype:ip:udp:lisp:data,624
eth:ethertype:ip:udp:rsip,588
eth:ethertype:ip:udp:wg,570
eth:ethertype:ip:udp:db-lsp-disc,558
eth:ethertype:ip:udp:scop:data,532
eth:ethertype:ip:udp:gprs-ns,528
eth:ethertype:ip:udp:kink,524
eth:ethertype:ip:udp:pktc,508
eth:ethertype:ip:udp:sabp:sabp,503
eth:ethertype:ip:udp:wtp,495
eth:ethertype:ip:udp:cnip,484
eth:ethertype:ip:udp:manolito,483
eth:ethertype:ip:udp:bat.gw:data,468
eth:ethertype:ip:udp:mpls:data,467
eth:ethertype:ip:udp:infiniband:data,464
eth:ethertype:ip:udp:uaudp,453
eth:ethertype:ip:udp:rsvp,418
eth:ethertype:ip:udp:vxlan:eth:llc:data,418
eth:ethertype:ip:udp:pn_rt:pn_ptcp,398
eth:ethertype:ip:udp:bat.vis:data,398
eth:ethertype:ip:udp:opensafety_udp:data,395
eth:ethertype:ip:udp:ajns,392
eth:ethertype:ip:udp:h248,376
eth:ethertype:ip:udp:dis,376
eth:ethertype:ip:udp:rdt,373
eth:ethertype:ip:udp:h225,373
eth:ethertype:ip:udp:iax2,370
eth:ethertype:ip:udp:mipv6,364
eth:ethertype:ip:udp:dmp,359
eth:ethertype:ip:udp:adp,355
eth:ethertype:ip:udp:asap,342
eth:ethertype:ip:udp:opensafety:data,340
eth:ethertype:ip:udp:dvb_ipdc:data,330
eth:ethertype:ip:udp:raknet,320
eth:ethertype:ip:udp:kdp,304
eth:ethertype:ip:udp:elasticsearch,302
eth:ethertype:ip:udp:bfd_echo,295
eth:ethertype:ip:udp:wlccp,290
eth:ethertype:ip:udp:bjnp,284
eth:ethertype:ip:udp:mikey,280
eth:ethertype:ip:udp:doip,278
eth:ethertype:ip:udp:tacacs,269
eth:ethertype:ip:udp:quakeworld:data,268
eth:ethertype:ip:udp:idn,266
eth:ethertype:ip:udp:mpls-echo,256
eth:ethertype:ip:udp:vuze-dht,255
eth:ethertype:ip:udp:collectd,252
eth:ethertype:ip:udp:tipc,238
eth:ethertype:ip:udp:h501,237
eth:ethertype:ip:udp:knet,237
eth:ethertype:ip:udp:lisp-data,235
eth:ethertype:ip:udp:quake:data,230
eth:ethertype:ip:udp:gre:data,224
eth:ethertype:ip:udp:ecatf:data,223
eth:ethertype:ip:udp:pn_rt:pn_io,223
eth:ethertype:ip:udp:tzsp,212
eth:ethertype:ip:udp:eth:ethertype:data,210
eth:ethertype:ip:udp:amt,208
eth:ethertype:ip:udp:gsmtap:data,206
eth:ethertype:ip:udp:rx,200
eth:ethertype:ip:udp:quake2,184
eth:ethertype:ip:udp:c1222,173
eth:ethertype:ip:udp:pktc.mtafqdn,171
eth:ethertype:ip:udp:ipvs,168
eth:ethertype:ip:udp:ardp,168
eth:ethertype:ip:udp:ieee1722:data,165
eth:ethertype:ip:udp:geneve:data,164
eth:ethertype:ip:udp:lwres,152
eth:ethertype:ip:udp:capwap.data,152
eth:ethertype:ip:udp:enrp,150
eth:ethertype:ip:udp:sap,149
eth:ethertype:ip:udp:nano,142
eth:ethertype:ip:udp:tetra,130
eth:ethertype:ip:udp:bat:data,123
eth:ethertype:ip:udp:dcc,123
eth:ethertype:ip:udp:iax2:data,120
eth:ethertype:ip:udp:mpls:pwethheuristic:pwethcw:eth:ethertype:data,118
eth:ethertype:ip:udp:ayiya,116
eth:ethertype:ip:udp:ulp,111
eth:ethertype:ip:udp:mpls:ip:data,111
eth:ethertype:ip:udp:icp,106
eth:ethertype:ip:udp:dpnet,105
eth:ethertype:ip:udp:sbus,105
eth:ethertype:ip:udp:a21,97
eth:ethertype:ip:udp:ecmp,96
eth:ethertype:ip:udp:nbdgm:smb:data,95
eth:ethertype:ip:udp:lwapp:wlan:data,94
eth:ethertype:ip:udp:sabp,89
eth:ethertype:ip:udp:capwap.data:eth:ethertype:data,87
eth:ethertype:ip:udp:sctp,85
eth:ethertype:ip:udp:sap:sdp,84
eth:ethertype:ip:udp:mpls:ipv6:data,84
eth:ethertype:ip:udp:vrt,74
eth:ethertype:ip:udp:msproxy,74
eth:ethertype:ip:udp:megaco:data,72
eth:ethertype:ip:udp:raknet:raknet:raknet,69
eth:ethertype:ip:udp:egd:data,64
eth:ethertype:ip:udp:udt,61
eth:ethertype:ip:udp:vxlan:eth,60
eth:ethertype:ip:udp:rpc:portmap,60
eth:ethertype:ip:udp:infiniband,57
eth:ethertype:ip:udp:mpls:ipv6:ipv6.hopopts,56
eth:ethertype:ip:udp:capwap:dtls,53
eth:ethertype:ip:udp:lisp-data:ip:data,53
eth:ethertype:ip:udp:lisp-data:ipv6:data,53
eth:ethertype:ip:udp:find,49
eth:ethertype:ip:udp:quake2:data,47
eth:ethertype:ip:udp:lisp,47
eth:ethertype:ip:udp:mpls:ip,46
eth:ethertype:ip:udp:acdr,39
eth:ethertype:ip:udp:geneve,38
eth:ethertype:ip:udp:data:vssmonitoring,37
eth:ethertype:ip:udp:gre,36
eth:ethertype:ip:udp:gsmtap,35
eth:ethertype:ip:udp:egd,34
eth:ethertype:ip:udp:vxlan:eth:ethertype:data,33
eth:ethertype:ip:udp:wtp:wsp,33
eth:ethertype:ip:udp:sip:data-text-lines:xml,33
eth:ethertype:ip:udp:nxp_802154_sniffer,32
eth:ethertype:ip:udp:thrift,31
eth:ethertype:ip:udp:ltp,29
eth:ethertype:ip:udp:goose:cotp,29
eth:ethertype:ip:udp:cnip:data,26
eth:ethertype:ip:udp:eth,22
eth:ethertype:ip:udp:tzsp:data,21
eth:ethertype:ip:udp:wol,21
eth:ethertype:ip:udp:lisp-data:ip,21
eth:ethertype:ip:udp:rx:afs,21
eth:ethertype:ip:udp:kpasswd,20
eth:ethertype:ip:udp:sabp:sabp:sabp,20
eth:ethertype:ip:udp:pn_rt,18
eth:ethertype:ip:udp:acdr:ip,18
eth:ethertype:ip:udp:capwap.data:dtls,15
eth:ethertype:ip:udp:ecatf:ioraw,14
eth:ethertype:ip:udp:llc,14
eth:ethertype:ip:udp:nbdgm,13
eth:ethertype:ip:udp:dhcpv6,12
eth:ethertype:ip:udp:capwap.data:data,11
eth:ethertype:ip:udp:wisun.eapol_relay:eapol,11
eth:ethertype:ip:udp:ipx,11
eth:ethertype:ip:udp:acdr:data,11
eth:ethertype:ip:udp:sigcomp,10
eth:ethertype:ip:udp:ripng,10
eth:ethertype:ip:udp:msmms,10
eth:ethertype:ip:udp:auto_rp,10
eth:ethertype:ip:udp:rtpproxy,9
eth:ethertype:ip:udp:who,9
eth:ethertype:ip:udp:lmp,9
eth:ethertype:ip:udp:ieee1722:iec61883,9
eth:ethertype:ip:udp:nxp_802154_sniffer:wpan:data,9
eth:ethertype:ip:udp:amt:ip,9
eth:ethertype:ip:udp:dcp-etsi:dcp-pft,9
eth:ethertype:ip:udp:slimp3,9
eth:ethertype:ip:udp:mip,8
eth:ethertype:ip:udp:dlsw,8
eth:ethertype:ip:udp:scop,8
eth:ethertype:ip:udp:tsp,8
eth:ethertype:ip:udp:l2tp:data,8
eth:ethertype:ip:udp:lisp-data:ipv6,7
eth:ethertype:ip:udp:packetbb,7
eth:ethertype:ip:udp:dcp-etsi:dcp-af,7
eth:ethertype:ip:udp:dlep,7
eth:ethertype:ip:udp:sip:sigcomp,7
eth:ethertype:ip:udp:rdpudp:dtls,7
eth:ethertype:ip:udp:jmirror:ipv6:data,7
eth:ethertype:ip:udp:mpls,6
eth:ethertype:ip:udp:mpls:pwach:data,6
eth:ethertype:ip:udp:gprs-ns:bssgp,6
eth:ethertype:ip:udp:rsp,6
eth:ethertype:ip:udp:wisun.eapol_relay,6
eth:ethertype:ip:udp:pathport,6
eth:ethertype:ip:udp:data:f5ethtrailer,6
eth:ethertype:ip:udp:acdr:ip:ipv6:tcp,6
eth:ethertype:ip:udp:cpfi,5
eth:ethertype:ip:udp:ipx:data,5
eth:ethertype:ip:udp:mndp,5
eth:ethertype:ip:udp:ecatf:tc_nv,5
eth:ethertype:ip:udp:quake,4
eth:ethertype:ip:udp:xyplex,4
eth:ethertype:ip:udp:ecatf,4
eth:ethertype:ip:udp:ltp:data,4
eth:ethertype:ip:udp:lisp-data:ipv6:l2tp:data,4
eth:ethertype:ip:udp:quakeworld,3
eth:ethertype:ip:udp:adwin,3
eth:ethertype:ip:udp:olsr,3
eth:ethertype:ip:udp:armagetronad,3
eth:ethertype:ip:udp:lbtrm,3
eth:ethertype:ip:udp:mpls:ipv6:ah,3
eth:ethertype:ip:udp:tpcp,3
eth:ethertype:ip:udp:cups,3
eth:ethertype:ip:udp:eth:llc:data,3
eth:ethertype:ip:udp:ncp,3
eth:ethertype:ip:udp:tapa,3
eth:ethertype:ip:udp:lisp-data:ipv6:osi:data,3
eth:ethertype:ip:udp:lisp-data:ipv6:vrrp,3
eth:ethertype:ip:udp:icq,2
eth:ethertype:ip:udp:a11,2
eth:ethertype:ip:udp:rdpudp:tls,2
eth:ethertype:ip:udp:dvb_ipdc:alc:rmt-lct:data,2
eth:ethertype:ip:udp:mint:eth:ethertype:data,2
eth:ethertype:ip:udp:teredo,2
eth:ethertype:ip:udp:goose:cotp:goose,2
eth:ethertype:ip:udp:tzsp:eth:ethertype:data,2
eth:ethertype:ip:udp:cnip:lon,2
eth:ethertype:ip:udp:snmp:snmp,2
eth:ethertype:ip:udp:mpls:pwethheuristic:pwethnocw:eth:ethertype:data,2
eth:ethertype:ip:udp:mpls:ipv6:eigrp,2
eth:ethertype:ip:udp:llc:sna:data,2
eth:ethertype:ip:udp:mpls:ipv6:l2tp:data,2
eth:ethertype:ip:udp:mpls:ipv6:ipcomp:data,2
eth:ethertype:ip:udp:udpencap,2
eth:ethertype:ip:udp:mpls:ipv6,2
eth:ethertype:ip:udp:ptp,2
eth:ethertype:ip:udp:ecatf:ams,2
eth:ethertype:ip:udp:lisp-data:ipv6:ah,2
eth:ethertype:ip:udp:lisp-data:ipv6:pim,2
eth:ethertype:ip:udp:lisp-data:ipv6:vines_frp:vines_ip:data,2
eth:ethertype:ip:udp:teredo:ipv6:data,2
eth:ethertype:ip:udp:bat.gw,2
eth:ethertype:ip:udp:dvb_ipdc:alc:rmt-lct,2
eth:ethertype:ip:udp:l2tp:ppp:data,1
eth:ethertype:ip:udp:mpls:pwethheuristic:pwethcw:eth:ethertype:ip,1
eth:ethertype:ip:udp:aodv,1
eth:ethertype:ip:udp:mpls:pwethheuristic:pwethcw:eth:llc:data,1
eth:ethertype:ip:udp:mpls:ipv6:pgm,1
eth:ethertype:ip:udp:mpls:ipv6:swipe,1
eth:ethertype:ip:udp:capwap.data:eth:llc:data,1
eth:ethertype:ip:udp:ip,1
eth:ethertype:ip:udp:tipc:data,1
eth:ethertype:ip:udp:lwapp,1
eth:ethertype:ip:udp:ecatf:ecat_mailbox,1
eth:ethertype:ip:udp:eth:ethertype:stp,1
eth:ethertype:ip:udp:ldp,1
eth:ethertype:ip:udp:capwap:data,1
eth:ethertype:ip:udp:epl,1
eth:ethertype:ip:udp:mbudp:modbus,1
eth:ethertype:ip:udp:mpls:ipv6:ipv6.routing,1
eth:ethertype:ip:udp:mpls:ipv6:nhrp,1
eth:ethertype:ip:udp:mpls:ipv6:gre,1
eth:ethertype:ip:udp:vxlan,1
eth:ethertype:ip:udp:tplink-smarthome:json,1
eth:ethertype:ip:udp:eth:llc,1
eth:ethertype:ip:udp:db-lsp-disc:json,1
eth:ethertype:ip:udp:mpls:ipv6:lwl4,1
eth:ethertype:ip:udp:mpls:ipv6:vrrp,1
eth:ethertype:ip:udp:mpls:ipv6:vines_frp:vines_ip:data,1
eth:ethertype:ip:udp:lisp-data:ipv6:dsr:data,1
eth:ethertype:ip:udp:lisp-data:ipv6:ipcomp:data,1
eth:ethertype:ip:udp:sflow,1
eth:ethertype:ip:udp:mpls:pwethheuristic:pwethcw:eth,1
eth:ethertype:ip:udp:hip,1
eth:ethertype:ip:udp:dvb_ipdc:alc:data,1
eth:ethertype:ip:udp:jmirror:ipv6:vrrp,1
eth:ethertype:ip:udp:jmirror:ipv6:ospf,1
eth:ethertype:ip:udp:lisp-data:ipv6:esp,1
eth:ethertype:ip:udp:lisp-data:ipv6:ipv6.routing,1
eth:ethertype:ip:udp:acdr:ethertype:data,1
eth:ethertype:ip:udp:acdr:ip:data,1
eth:ethertype:ip:udp:acdr:xml,1
eth:ethertype:ip:udp:stun:tftp,1
eth:ethertype:ip:udp:papi,1
eth:ethertype:ip:udp:snmp:data,1
eth:ethertype:ip:udp:actrace,1
