eth:ethertype:ip:udp:stun,15370963
eth:ethertype:ip:udp:data,7366364
eth:ethertype:ip:udp:syslog,4548510
eth:ethertype:ip:udp:dns,3589206
eth:ethertype:ip:udp:snmp,2119854
eth:ethertype:ip:udp:ntp,1927544
eth:ethertype:ip:data,974487
eth:ethertype:ip:udp:sip,606339
eth:ethertype:ip:udp:nbns,475634
eth:ethertype:ip:udp:coap,164668
eth:ethertype:ip:udp:cflow,142989
eth:ethertype:ip:udp:cldap,118880
eth:ethertype:ip:udp:sip:xml,92398
eth:ethertype:ip:udp:mdns,82651
eth:ethertype:ip:udp:ssdp,79220
eth:ethertype:ip:udp:isakmp,62915
eth:ethertype:ip:udp:rpc,62893
eth:ethertype:ip:udp:dtls,62315
eth:ethertype:ip:udp,59686
eth:ethertype:ip:udp:openvpn,48550
eth:ethertype:ip:udp:sip:data-text-lines,47816
eth:ethertype:ip:udp:bvlc:bacnet:bacapp,46728
eth:ethertype:ip:udp:portcontrol,46132
eth:ethertype:ip:udp:memcache,42306
eth:ethertype:ip:udp:capwap,36546
eth:ethertype:ip:udp:srvloc,35925
eth:ethertype:ip:udp:dhcp,35819
eth:ethertype:ip:udp:gtp,34185
eth:ethertype:ip:udp:quic:tls,31649
eth:ethertype:ip:udp:rmcp:ipmi_session:data,28718
eth:ethertype:ip:udp:l2tp,24982
eth:ethertype:ip:udp:chargen,23550
eth:ethertype:ip:udp:bfd,20186
eth:ethertype:ip:udp:gquic,18526
eth:ethertype:ip:udp:udpencap:esp,18335
eth:ethertype:ip:udp:xdmcp,18175
eth:ethertype:ip:udp:kerberos,17220
eth:ethertype:ip:udp:radius,16256
eth:ethertype:ip:udp:lwapp:data,15705
eth:ethertype:ip:udp:quake3,14236
eth:ethertype:ip:udp:rtcp,13707
eth:ethertype:ip:udp:rdpudp,13477
eth:ethertype:ip:udp:echo,13475
eth:ethertype:ip:udp:classicstun,12778
eth:ethertype:ip:udp:rip,12226
eth:ethertype:ip:udp:enip,11123
eth:ethertype:ip:udp:quic,10779
eth:ethertype:ip:udp:tftp,10675
eth:ethertype:ip:udp:rpc:data,10476
eth:ethertype:ip:udp:time,10266
eth:ethertype:ip:udp:omron,10203
eth:ethertype:ip:udp:nbdgm:smb:browser,9333
eth:ethertype:ip:udp:steam_ihs_discovery,8844
eth:ethertype:ip:udp:gtp:gtpv2,8070
eth:ethertype:ip:udp:daytime,6995
eth:ethertype:ip:udp:epl:data,6875
eth:ethertype:ip:udp:mgcp,6444
eth:ethertype:ip:udp:udpencap:isakmp,6179
eth:ethertype:ip:udp:ecatf:ecat,6176
eth:ethertype:ip:udp:kip,5900
eth:ethertype:ip:udp:hart_ip,5848
eth:ethertype:ip:udp:iax2,3773
eth:ethertype:ip:udp:coap:data,3589
eth:ethertype:ip:udp:rmcp:asf,3107
eth:ethertype:ip:udp:teredo:ipv6,2876
eth:ethertype:ip:udp:wlccp,2516
eth:ethertype:ip:udp:asterix,2191
eth:ethertype:ip:udp:quake3:data,2181
eth:ethertype:ip:udp:epl,1942
eth:ethertype:ip:udp:llc:data,1835
eth:ethertype:ip:udp:dis,1693
eth:ethertype:ip:udp:teredo:ipv6:icmpv6,1621
eth:ethertype:ip:udp:capwap.data,1445
eth:ethertype:ip:udp:pn_rt:pn_ptcp,1321
eth:ethertype:ip:udp:mih,1187
eth:ethertype:ip:udp:raknet:raknet,1174
eth:ethertype:ip:udp:cipio,1108
eth:ethertype:ip:udp:gtpprime,1003
eth:ethertype:ip:udp:rtps,946
eth:ethertype:ip:udp:dvb_ipdc:data,914
eth:ethertype:ip:udp:corosync_totemnet:data,910
eth:ethertype:ip:udp:wtp,889
eth:ethertype:ip:udp:elasticsearch,879
eth:ethertype:ip:udp:h225,858
eth:ethertype:ip:udp:kink,799
eth:ethertype:ip:udp:gre:data,787
eth:ethertype:ip:udp:dof,778
eth:ethertype:ip:udp:bat.vis:data,763
eth:ethertype:ip:udp:opensafety_udp:data,762
eth:ethertype:ip:udp:nano,760
eth:ethertype:ip:udp:scop:data,721
eth:ethertype:ip:udp:cnip,708
eth:ethertype:ip:udp:hcrt,692
eth:ethertype:ip:udp:ssdp:data,675
eth:ethertype:ip:udp:wtls,634
eth:ethertype:ip:udp:sabp:sabp,633
eth:ethertype:ip:udp:gsmtap:data,629
eth:ethertype:ip:udp:nxp_802154_sniffer:wpan,627
eth:ethertype:ip:udp:gprs-ns:bssgp,615
eth:ethertype:ip:udp:lisp:data,614
eth:ethertype:ip:udp:wsp,604
eth:ethertype:ip:udp:llmnr,600
eth:ethertype:ip:udp:ath,583
eth:ethertype:ip:udp:radius:eap,569
eth:ethertype:ip:udp:doip,564
eth:ethertype:ip:udp:tetra,563
eth:ethertype:ip:udp:mikey,549
eth:ethertype:ip:udp:asap,541
eth:ethertype:ip:udp:bat:data,531
eth:ethertype:ip:udp:bfd_echo,518
eth:ethertype:ip:udp:rsvp,518
eth:ethertype:ip:udp:rdt,518
eth:ethertype:ip:udp:ieee1722:data,513
eth:ethertype:ip:udp:uaudp,499
eth:ethertype:ip:udp:ulp,495
eth:ethertype:ip:udp:ajns,488
eth:ethertype:ip:udp:iax2:data,486
eth:ethertype:ip:udp:bat.gw:data,467
eth:ethertype:ip:udp:knet,464
eth:ethertype:ip:udp:vuze-dht,437
eth:ethertype:ip:udp:wisun.eapol_relay:eapol:data,430
eth:ethertype:ip:udp:adp,419
eth:ethertype:ip:udp:hiqnet,396
eth:ethertype:ip:udp:tzsp,395
eth:ethertype:ip:udp:ts2,386
eth:ethertype:ip:udp:h501,384
eth:ethertype:ip:udp:geneve:data,384
eth:ethertype:ip:udp:idn,377
eth:ethertype:ip:udp:pfcp,370
eth:ethertype:ip:udp:raknet,365
eth:ethertype:ip:udp:rsip,365
eth:ethertype:ip:udp:egd:data,362
eth:ethertype:ip:udp:iapp,361
eth:ethertype:ip:udp:amt,359
eth:ethertype:ip:udp:db-lsp-disc,353
eth:ethertype:ip:udp:sbus,353
eth:ethertype:ip:udp:sap,342
eth:ethertype:ip:udp:ecatf:data,333
eth:ethertype:ip:udp:infiniband:data,332
eth:ethertype:ip:udp:ecmp,330
eth:ethertype:ip:udp:pktc.mtafqdn,324
eth:ethertype:ip:udp:mipv6,313
eth:ethertype:ip:udp:eth:ethertype:data,295
eth:ethertype:ip:udp:teredo:data,294
eth:ethertype:ip:udp:mint,279
eth:ethertype:ip:udp:quakeworld:data,277
eth:ethertype:ip:udp:ardp,277
eth:ethertype:ip:udp:enrp,269
eth:ethertype:ip:udp:h248,261
eth:ethertype:ip:udp:sctp,258
eth:ethertype:ip:udp:vrt,242
eth:ethertype:ip:udp:icp,238
eth:ethertype:ip:udp:msproxy,237
eth:ethertype:ip:udp:stun:data,236
eth:ethertype:ip:udp:papi,223
eth:ethertype:ip:udp:kdp,221
eth:ethertype:ip:udp:tacacs,219
eth:ethertype:ip:udp:opensafety:data,216
eth:ethertype:ip:udp:manolito,214
eth:ethertype:ip:udp:pktc,207
eth:ethertype:ip:udp:sap:sdp,205
eth:ethertype:ip:udp:lwapp:wlan,204
eth:ethertype:ip:udp:ayiya,197
eth:ethertype:ip:udp:bjnp,188
eth:ethertype:ip:udp:capwap.data:eth:ethertype:data,183
eth:ethertype:ip:udp:dpnet,177
eth:ethertype:ip:udp:dmp,169
eth:ethertype:ip:udp:c1222,165
eth:ethertype:ip:udp:mpls:data,163
eth:ethertype:ip:udp:lisp-data,159
eth:ethertype:ip:udp:ax4000,156
eth:ethertype:ip:udp:gprs-ns,149
eth:ethertype:ip:udp:quake2:data,148
eth:ethertype:ip:udp:sabp,125
eth:ethertype:ip:udp:capwap.data:dtls,111
eth:ethertype:ip:udp:mpls-echo,101
eth:ethertype:ip:udp:collectd,94
eth:ethertype:ip:udp:ipvs,94
eth:ethertype:ip:udp:vxlan:eth:llc:data,93
eth:ethertype:ip:udp:tplink-smarthome:json:data-text-lines,88
eth:ethertype:ip:udp:wg,88
eth:ethertype:ip:udp:vxlan:eth:ethertype:data,84
eth:ethertype:ip:udp:megaco:data,79
eth:ethertype:ip:udp:a21,76
eth:ethertype:ip:udp:geneve,71
eth:ethertype:ip:udp:tipc,70
eth:ethertype:ip:udp:quake:data,67
eth:ethertype:ip:udp:infiniband,67
eth:ethertype:ip:udp:sip:data-text-lines:xml,63
eth:ethertype:ip:udp:dcerpc,56
eth:ethertype:ip:udp:pn_rt:pn_io,54
eth:ethertype:ip:udp:capwap.data:data,52
eth:ethertype:ip:udp:lwapp:wlan:data,51
eth:ethertype:ip:udp:gre,48
eth:ethertype:ip:udp:sigcomp,47
eth:ethertype:ip:udp:gsmtap,45
eth:ethertype:ip:udp:nxp_802154_sniffer,44
eth:ethertype:ip:udp:mpls:ip:data,41
eth:ethertype:ip:udp:ltp,40
eth:ethertype:ip:udp:wtp:wsp,35
eth:ethertype:ip:udp:goose:cotp,35
eth:ethertype:ip:udp:sabp:sabp:sabp,33
eth:ethertype:ip:udp:mpls:pwethheuristic:pwethcw:eth:ethertype:data,32
eth:ethertype:ip:udp:lisp-data:ip:data,31
eth:ethertype:ip:udp:dcc,30
eth:ethertype:ip:udp:vxlan:eth,30
eth:ethertype:ip:udp:lisp-data:ipv6:data,30
eth:ethertype:ip:udp:sip:sdp,30
eth:ethertype:ip:udp:eth,29
eth:ethertype:ip:udp:mpls:ipv6:data,27
eth:ethertype:ip:udp:thrift,27
eth:ethertype:ip:udp:lisp,26
eth:ethertype:ip:udp:dcp-etsi:dcp-pft,21
eth:ethertype:ip:udp:mpls:ip,20
eth:ethertype:ip:udp:cnip:data,19
eth:ethertype:ip:udp:rx,18
eth:ethertype:ip:udp:egd,18
eth:ethertype:ip:udp:capwap:dtls,17
eth:ethertype:ip:udp:pathport,17
eth:ethertype:ip:udp:mpls:ipv6:ipv6.hopopts,17
eth:ethertype:ip:udp:l2tp:data,17
eth:ethertype:ip:udp:data:vssmonitoring,15
eth:ethertype:ip:udp:dhcpv6,13
eth:ethertype:ip:udp:nbdgm,12
eth:ethertype:ip:udp:dvb_ipdc:alc:data,12
eth:ethertype:ip:udp:lisp-data:ip,12
eth:ethertype:ip:udp:udt,12
eth:ethertype:ip:udp:mpls,11
eth:ethertype:ip:udp:dcp-etsi:dcp-af,11
eth:ethertype:ip:udp:ecatf:tc_nv,11
eth:ethertype:ip:udp:acdr,11
eth:ethertype:ip:udp:l2tp:ppp:data,11
eth:ethertype:ip:udp:llc,10
eth:ethertype:ip:udp:kpasswd,10
eth:ethertype:ip:udp:find,10
eth:ethertype:ip:udp:lwres,9
eth:ethertype:ip:udp:ieee1722:iec61883,9
eth:ethertype:ip:udp:quakeworld,9
eth:ethertype:ip:udp:ncp,8
eth:ethertype:ip:udp:who,8
eth:ethertype:ip:udp:wisun.eapol_relay,8
eth:ethertype:ip:udp:enttec,8
eth:ethertype:ip:udp:armagetronad,7
eth:ethertype:ip:udp:ripng,7
eth:ethertype:ip:udp:mndp,7
eth:ethertype:ip:udp:lmp,7
eth:ethertype:ip:udp:tzsp:data,7
eth:ethertype:ip:udp:quake2,7
eth:ethertype:ip:udp:nxp_802154_sniffer:wpan:data,7
eth:ethertype:ip:udp:icq,7
eth:ethertype:ip:udp:lwapp,6
eth:ethertype:ip:udp:dlep,6
eth:ethertype:ip:udp:wisun.eapol_relay:eapol,6
eth:ethertype:ip:udp:ipx,6
eth:ethertype:ip:udp:mpls:pwach:data,6
eth:ethertype:ip:udp:data:f5ethtrailer,6
eth:ethertype:ip:udp:eth:llc:data,6
eth:ethertype:ip:udp:lisp-data:ipv6,6
eth:ethertype:ip:udp:scop:wpan,6
eth:ethertype:ip:udp:mbudp:modbus,6
eth:ethertype:ip:udp:scop,5
eth:ethertype:ip:udp:packetbb,5
eth:ethertype:ip:udp:cups,5
eth:ethertype:ip:udp:tapa,5
eth:ethertype:ip:udp:auto_rp,5
eth:ethertype:ip:udp:llc:osi:data,5
eth:ethertype:ip:udp:mip,4
eth:ethertype:ip:udp:rsp,4
eth:ethertype:ip:udp:ecatf,4
eth:ethertype:ip:udp:quake,4
eth:ethertype:ip:udp:dlsw,4
eth:ethertype:ip:udp:amt:ip,4
eth:ethertype:ip:udp:rtpproxy,4
eth:ethertype:ip:udp:pn_rt,4
eth:ethertype:ip:udp:sip:sigcomp,4
eth:ethertype:ip:udp:bat.gw,4
eth:ethertype:ip:udp:rpc:nfs,4
eth:ethertype:ip:udp:dtls:x509sat:x509sat:x509sat:x509sat,3
eth:ethertype:ip:udp:edonkey,3
eth:ethertype:ip:udp:capwap:data,3
eth:ethertype:ip:udp:tsp,3
eth:ethertype:ip:udp:msmms,3
eth:ethertype:ip:udp:wol,3
eth:ethertype:ip:udp:actrace,3
eth:ethertype:ip:udp:hip,3
eth:ethertype:ip:udp:lbtrm,3
eth:ethertype:ip:udp:ecatf:ioraw,3
eth:ethertype:ip:udp:mpls:ipv6,3
eth:ethertype:ip:udp:xyplex,3
eth:ethertype:ip:udp:capwap.data:eth,3
eth:ethertype:ip:udp:mpls:pwethheuristic:pwethcw:eth,3
eth:ethertype:ip:udp:ieee1722:aaf,3
eth:ethertype:ip:udp:cpfi,3
eth:ethertype:ip:udp:aodv,2
eth:ethertype:ip:udp:megaco,2
eth:ethertype:ip:udp:gre:wlan,2
eth:ethertype:ip:udp:dvb_ipdc:alc:rmt-lct,2
eth:ethertype:ip:udp:teredo,2
eth:ethertype:ip:udp:lisp-data:ipv6:ah,2
eth:ethertype:ip:udp:cigi,2
eth:ethertype:ip:udp:slimp3,2
eth:ethertype:ip:udp:raknet:raknet:raknet,2
eth:ethertype:ip:udp:jmirror:ipv6:data,2
eth:ethertype:ip:udp:lisp-data:ipv6:lwl4,2
eth:ethertype:ip:udp:rdpudp:tls,2
eth:ethertype:ip:udp:tzsp:eth:ethertype:data,2
eth:ethertype:ip:udp:wccp,2
eth:ethertype:ip:udp:ieee1722:cvf:data,2
eth:ethertype:ip:udp:tpcp,1
eth:ethertype:ip:udp:jmirror:ipv6:etherip:eth:ethertype:data,1
eth:ethertype:ip:udp:ptp,1
eth:ethertype:ip:udp:a11,1
eth:ethertype:ip:udp:mpls:ipv6:swipe:data,1
eth:ethertype:ip:udp:mpls:ipv6:eigrp,1
eth:ethertype:ip:udp:mpls:ipv6:esp,1
eth:ethertype:ip:udp:mpls:ipv6:pim,1
eth:ethertype:ip:udp:mpls:ipv6:etherip:eth:llc:data,1
eth:ethertype:ip:udp:oicq,1
eth:ethertype:ip:udp:adwin,1
eth:ethertype:ip:udp:stun:rtcp,1
eth:ethertype:ip:udp:ldp,1
eth:ethertype:ip:udp:mactelnet:data,1
eth:ethertype:ip:udp:rx:afs,1
eth:ethertype:ip:udp:lisp-data:ipv6:swipe,1
eth:ethertype:ip:udp:lisp-data:ipv6:osi:data,1
eth:ethertype:ip:udp:lisp-data:ipv6:gre:data,1
eth:ethertype:ip:udp:mint:eth:ethertype:data,1
eth:ethertype:ip:udp:lisp-data:ipv6:dccp,1
eth:ethertype:ip:udp:rmcp,1
eth:ethertype:ip:udp:lisp-data:ipv6:ipcomp:data,1
eth:ethertype:ip:udp:lisp-data:ipv6:l2tp:data,1
eth:ethertype:ip:udp:lisp-data:ipv6:ipv6.routing,1
eth:ethertype:ip:udp:lisp-data:ipv6:dsr,1
eth:ethertype:ip:udp:bat.vis,1
eth:ethertype:ip:udp:mdns:vssmonitoring,1
eth:ethertype:ip:udp:uftp:uftp5,1
eth:ethertype:ip:udp:eth:ethertype:mdshdr:fc,1
eth:ethertype:ip:udp:gsmtap:gsm_sim,1
eth:ethertype:ip:udp:h225:data,1
eth:ethertype:ip:udp:uftp:uftp4,1
eth:ethertype:ip:udp:ltp:data,1
eth:ethertype:ip:udp:ayiya:dsr:ipv6.hopopts:ipv6.hopopts,1
eth:ethertype:ip:udp:ecatf:ecat_mailbox,1
eth:ethertype:ip:udp:ecatf:ams,1
eth:ethertype:ip:udp:opensafety_udp,1
eth:ethertype:ip:udp:rsp:data,1
eth:ethertype:ip:udp:olsr,1
eth:ethertype:ip:udp:llc:sna:data,1
eth:ethertype:ip:udp:acdr:data,1
