eth:ethertype:ip:udp:stun,12580019
eth:ethertype:ip:udp:data,8727344
eth:ethertype:ip:udp:syslog,5443752
eth:ethertype:ip:udp:dns,3966571
eth:ethertype:ip:udp:ntp,2215861
eth:ethertype:ip:udp:snmp,1774950
eth:ethertype:ip:data,1248803
eth:ethertype:ip:udp:nbns,663638
eth:ethertype:ip:udp:sip,502465
eth:ethertype:ip:udp:coap,216239
eth:ethertype:ip:udp:cldap,162595
eth:ethertype:ip:udp:cflow,154901
eth:ethertype:ip:udp:ssdp,119691
eth:ethertype:ip:udp:rpc,118896
eth:ethertype:ip:udp:mdns,116471
eth:ethertype:ip:udp:sip:xml,102114
eth:ethertype:ip:udp:dhcp,84830
eth:ethertype:ip:udp:isakmp,74075
eth:ethertype:ip:udp:portcontrol,72090
eth:ethertype:ip:udp:openvpn,68915
eth:ethertype:ip:udp:dtls,59697
eth:ethertype:ip:udp:memcache,57733
eth:ethertype:ip:udp:sip:data-text-lines,52852
eth:ethertype:ip:udp,51363
eth:ethertype:ip:udp:chargen,49049
eth:ethertype:ip:udp:capwap,42500
eth:ethertype:ip:udp:gtp,39976
eth:ethertype:ip:udp:srvloc,37136
eth:ethertype:ip:udp:rip,36481
eth:ethertype:ip:udp:bvlc:bacnet:bacapp,34413
eth:ethertype:ip:udp:l2tp,27900
eth:ethertype:ip:udp:radius,26010
eth:ethertype:ip:udp:xdmcp,25402
eth:ethertype:ip:udp:quic:tls,24391
eth:ethertype:ip:udp:udpencap:esp,23019
eth:ethertype:ip:udp:gquic,20454
eth:ethertype:ip:udp:kerberos,19453
eth:ethertype:ip:udp:lwapp:data,16603
eth:ethertype:ip:udp:rdpudp,16398
eth:ethertype:ip:udp:classicstun,15340
eth:ethertype:ip:udp:enip,13848
eth:ethertype:ip:udp:rmcp:ipmi_session:data,13645
eth:ethertype:ip:udp:omron,12660
eth:ethertype:ip:udp:echo,12509
eth:ethertype:ip:udp:gtp:gtpv2,11557
eth:ethertype:ip:udp:nbdgm:smb:browser,11251
eth:ethertype:ip:udp:tftp,11148
eth:ethertype:ip:udp:time,10404
eth:ethertype:ip:udp:daytime,10313
eth:ethertype:ip:udp:ecatf:ecat,10210
eth:ethertype:ip:udp:bfd,10181
eth:ethertype:ip:udp:rtcp,9354
eth:ethertype:ip:udp:quic,9140
eth:ethertype:ip:udp:mgcp,8641
eth:ethertype:ip:udp:steam_ihs_discovery,8609
eth:ethertype:ip:udp:udpencap:isakmp,8073
eth:ethertype:ip:udp:kip,7539
eth:ethertype:ip:udp:gprs-ns,6873
eth:ethertype:ip:udp:coap:cbor,6436
eth:ethertype:ip:udp:hart_ip,5196
eth:ethertype:ip:udp:iax2,4215
eth:ethertype:ip:udp:coap:data,3939
eth:ethertype:ip:udp:rmcp:asf,3425
eth:ethertype:ip:udp:teredo:ipv6,2405
eth:ethertype:ip:udp:wsp,2129
eth:ethertype:ip:udp:raknet:raknet,2099
eth:ethertype:ip:udp:llc:data,2024
eth:ethertype:ip:udp:quake3:data,1792
eth:ethertype:ip:udp:h225,1547
eth:ethertype:ip:udp:dis,1348
eth:ethertype:ip:udp:cipio,1177
eth:ethertype:ip:udp:wisun.eapol_relay:eapol:data,1166
eth:ethertype:ip:udp:pktc,1147
eth:ethertype:ip:udp:wtls,1144
eth:ethertype:ip:udp:wtp,1138
eth:ethertype:ip:udp:dof,1130
eth:ethertype:ip:udp:rtps,1125
eth:ethertype:ip:udp:gtpprime,1107
eth:ethertype:ip:udp:asterix,1064
eth:ethertype:ip:udp:radius:eap,1040
eth:ethertype:ip:udp:pn_rt:pn_ptcp,1037
eth:ethertype:ip:udp:gre:data,963
eth:ethertype:ip:udp:bfd_echo,961
eth:ethertype:ip:udp:lwapp:wlan,943
eth:ethertype:ip:udp:tzsp,939
eth:ethertype:ip:udp:ecatf:data,939
eth:ethertype:ip:udp:nxp_802154_sniffer:wpan,766
eth:ethertype:ip:udp:vxlan:eth:llc:data,687
eth:ethertype:ip:udp:asap,682
eth:ethertype:ip:udp:ssdp:data,666
eth:ethertype:ip:udp:stun:data,630
eth:ethertype:ip:udp:ts2,627
eth:ethertype:ip:udp:cnip,607
eth:ethertype:ip:udp:adp,596
eth:ethertype:ip:udp:corosync_totemnet:data,585
eth:ethertype:ip:udp:gsmtap:data,575
eth:ethertype:ip:udp:manolito,565
eth:ethertype:ip:udp:scop:data,549
eth:ethertype:ip:udp:h501,546
eth:ethertype:ip:udp:kink,529
eth:ethertype:ip:udp:mipv6,527
eth:ethertype:ip:udp:ipvs,526
eth:ethertype:ip:udp:ayiya,514
eth:ethertype:ip:udp:ath,498
eth:ethertype:ip:udp:opensafety:data,494
eth:ethertype:ip:udp:tplink-smarthome:json:data-text-lines,492
eth:ethertype:ip:udp:tipc,491
eth:ethertype:ip:udp:mint,485
eth:ethertype:ip:udp:uaudp,478
eth:ethertype:ip:udp:rsip,471
eth:ethertype:ip:udp:tetra,409
eth:ethertype:ip:udp:enrp,407
eth:ethertype:ip:udp:llmnr,391
eth:ethertype:ip:udp:pfcp,390
eth:ethertype:ip:udp:elasticsearch,390
eth:ethertype:ip:udp:sctp,388
eth:ethertype:ip:udp:iapp,386
eth:ethertype:ip:udp:c1222,385
eth:ethertype:ip:udp:mikey,383
eth:ethertype:ip:udp:vrt,373
eth:ethertype:ip:udp:hcrt,369
eth:ethertype:ip:udp:geneve:data,368
eth:ethertype:ip:udp:ax4000,366
eth:ethertype:ip:udp:quakeworld:data,363
eth:ethertype:ip:udp:wlccp,363
eth:ethertype:ip:udp:quake2:data,351
eth:ethertype:ip:udp:msproxy,344
eth:ethertype:ip:udp:wg,314
eth:ethertype:ip:udp:dpnet,294
eth:ethertype:ip:udp:gprs-ns:bssgp,289
eth:ethertype:ip:udp:rx,287
eth:ethertype:ip:udp:teredo:data,286
eth:ethertype:ip:udp:bat.gw:data,286
eth:ethertype:ip:udp:hiqnet,276
eth:ethertype:ip:udp:rsvp,267
eth:ethertype:ip:udp:ajns,266
eth:ethertype:ip:udp:idn,256
eth:ethertype:ip:udp:knet,251
eth:ethertype:ip:udp:icp,248
eth:ethertype:ip:udp:infiniband:data,246
eth:ethertype:ip:udp:amt,240
eth:ethertype:ip:udp:lisp-data,227
eth:ethertype:ip:udp:a21,218
eth:ethertype:ip:udp:mpls:data,218
eth:ethertype:ip:udp:collectd,213
eth:ethertype:ip:udp:ieee1722:data,211
eth:ethertype:ip:udp:h248,206
eth:ethertype:ip:udp:bat:data,205
eth:ethertype:ip:udp:dvb_ipdc:data,204
eth:ethertype:ip:udp:egd:data,200
eth:ethertype:ip:udp:sbus,189
eth:ethertype:ip:udp:opensafety_udp:data,186
eth:ethertype:ip:udp:tacacs,184
eth:ethertype:ip:udp:ardp,178
eth:ethertype:ip:udp:bjnp,177
eth:ethertype:ip:udp:rdt,169
eth:ethertype:ip:udp:enttec,165
eth:ethertype:ip:udp:iax2:data,154
eth:ethertype:ip:udp:ecmp,144
eth:ethertype:ip:udp:vuze-dht,144
eth:ethertype:ip:udp:pktc.mtafqdn,142
eth:ethertype:ip:udp:sap,140
eth:ethertype:ip:udp:quake3,133
eth:ethertype:ip:udp:kdp,116
eth:ethertype:ip:udp:doip,116
eth:ethertype:ip:udp:nano,96
eth:ethertype:ip:udp:quake:data,94
eth:ethertype:ip:udp:db-lsp-disc,92
eth:ethertype:ip:udp:sap:sdp,87
eth:ethertype:ip:udp:papi,86
eth:ethertype:ip:udp:ulp,82
eth:ethertype:ip:udp:rpc:portmap,81
eth:ethertype:ip:udp:bat.vis:data,79
eth:ethertype:ip:udp:geneve,79
eth:ethertype:ip:udp:raknet:raknet:raknet,75
eth:ethertype:ip:udp:dcc,71
eth:ethertype:ip:udp:mih,67
eth:ethertype:ip:udp:infiniband,63
eth:ethertype:ip:udp:sabp:sabp,61
eth:ethertype:ip:udp:thrift,61
eth:ethertype:ip:udp:eth:ethertype:data,56
eth:ethertype:ip:udp:dvb_ipdc:alc:data,56
eth:ethertype:ip:udp:mpls:pwethheuristic:pwethcw:eth:ethertype:data,56
eth:ethertype:ip:udp:megaco:data,55
eth:ethertype:ip:udp:capwap.data,54
eth:ethertype:ip:udp:lisp,54
eth:ethertype:ip:udp:pn_rt:pn_io,53
eth:ethertype:ip:udp:raknet,52
eth:ethertype:ip:udp:lisp-data:ip:data,52
eth:ethertype:ip:udp:lisp-data:ipv6:data,51
eth:ethertype:ip:udp:sabp,43
eth:ethertype:ip:udp:mpls:ip:data,43
eth:ethertype:ip:udp:eth,39
eth:ethertype:ip:udp:lwapp:wlan:data,38
eth:ethertype:ip:udp:wtp:wsp,37
eth:ethertype:ip:udp:lisp:data,36
eth:ethertype:ip:udp:mpls:ipv6:data,35
eth:ethertype:ip:udp:capwap.data:dtls,35
eth:ethertype:ip:udp:gsmtap,34
eth:ethertype:ip:udp:lisp-data:ip,30
eth:ethertype:ip:udp:vxlan:eth:ethertype:data,29
eth:ethertype:ip:udp:nxp_802154_sniffer,28
eth:ethertype:ip:udp:gre,28
eth:ethertype:ip:udp:mpls:ip,27
eth:ethertype:ip:udp:data:vssmonitoring,26
eth:ethertype:ip:udp:vxlan:eth,26
eth:ethertype:ip:udp:dhcpv6,24
eth:ethertype:ip:udp:wisun.eapol_relay,24
eth:ethertype:ip:udp:capwap:dtls,24
eth:ethertype:ip:udp:ddtp,24
eth:ethertype:ip:udp:cnip:data,23
eth:ethertype:ip:udp:ltp,23
eth:ethertype:ip:udp:mpls:ipv6:ipv6.hopopts,23
eth:ethertype:ip:udp:rx:afs,22
eth:ethertype:ip:udp:goose:cotp,20
eth:ethertype:ip:udp:dmp,17
eth:ethertype:ip:udp:egd,14
eth:ethertype:ip:udp:l2tp:data,14
eth:ethertype:ip:udp:kpasswd,13
eth:ethertype:ip:udp:rtpproxy,13
eth:ethertype:ip:udp:dcp-etsi:dcp-af,13
eth:ethertype:ip:udp:llc,12
eth:ethertype:ip:udp:nbdgm,12
eth:ethertype:ip:udp:rsp,12
eth:ethertype:ip:udp:pn_rt,11
eth:ethertype:ip:udp:scop,11
eth:ethertype:ip:udp:capwap:data,10
eth:ethertype:ip:udp:tsp,10
eth:ethertype:ip:udp:nxp_802154_sniffer:wpan:data,10
eth:ethertype:ip:udp:data:f5ethtrailer,9
eth:ethertype:ip:udp:ecatf:tc_nv,9
eth:ethertype:ip:udp:dcerpc,9
eth:ethertype:ip:udp:msmms,9
eth:ethertype:ip:udp:amt:ip,8
eth:ethertype:ip:udp:mndp,8
eth:ethertype:ip:udp:ripng,8
eth:ethertype:ip:udp:find,8
eth:ethertype:ip:udp:pathport,8
eth:ethertype:ip:udp:lmp,8
eth:ethertype:ip:udp:quake2,8
eth:ethertype:ip:udp:lwres,8
eth:ethertype:ip:udp:mpls:ipv6,8
eth:ethertype:ip:udp:bvlc,8
eth:ethertype:ip:udp:auto_rp,7
eth:ethertype:ip:udp:sip:sigcomp,7
eth:ethertype:ip:udp:ipx,7
eth:ethertype:ip:udp:capwap.data:data,7
eth:ethertype:ip:udp:acdr,7
eth:ethertype:ip:udp:slimp3,7
eth:ethertype:ip:udp:icq,6
eth:ethertype:ip:udp:lwapp,6
eth:ethertype:ip:udp:xyplex,6
eth:ethertype:ip:udp:jmirror:ipv6,6
eth:ethertype:ip:udp:cpfi,6
eth:ethertype:ip:udp:dlsw,6
eth:ethertype:ip:udp:wol,6
eth:ethertype:ip:udp:bat.gw,6
eth:ethertype:ip:udp:snmp:snmp,6
eth:ethertype:ip:udp:epl,5
eth:ethertype:ip:udp:ieee1722:iec61883,5
eth:ethertype:ip:udp:dvb_ipdc:alc:rmt-lct,5
eth:ethertype:ip:udp:quake,5
eth:ethertype:ip:udp:dlep,5
eth:ethertype:ip:udp:l2tp:ppp:data,5
eth:ethertype:ip:udp:wisun.eapol_relay:eapol,5
eth:ethertype:ip:udp:tzsp:data,5
eth:ethertype:ip:udp:dcp-etsi:dcp-pft,5
eth:ethertype:ip:udp:tapa,5
eth:ethertype:ip:udp:sigcomp,5
eth:ethertype:ip:udp:packetbb,5
eth:ethertype:ip:udp:ncp,5
eth:ethertype:ip:udp:h225:data,5
eth:ethertype:ip:udp:gsmtap:gsm_a.dtap,5
eth:ethertype:ip:udp:ecatf:ioraw,5
eth:ethertype:ip:udp:ieee1722:ieee17221,5
eth:ethertype:ip:udp:capwap.data:eth:ethertype:data,5
eth:ethertype:ip:udp:olsr,4
eth:ethertype:ip:udp:a11,4
eth:ethertype:ip:udp:rpc:nfs,4
eth:ethertype:ip:udp:who,4
eth:ethertype:ip:udp:mpls,4
eth:ethertype:ip:udp:llc:sna:data,3
eth:ethertype:ip:udp:mpls:ipv6:swipe,3
eth:ethertype:ip:udp:lbtrm,3
eth:ethertype:ip:udp:ipx:data,3
eth:ethertype:ip:udp:cups,3
eth:ethertype:ip:udp:lisp-data:ipv6:l2tp:data,3
eth:ethertype:ip:udp:mpls:ipv6:nhrp,3
eth:ethertype:ip:udp:scop:wpan,3
eth:ethertype:ip:udp:cigi,2
eth:ethertype:ip:udp:aodv,2
eth:ethertype:ip:udp:mpls:pwethheuristic:pwethnocw:eth:ethertype:data,2
eth:ethertype:ip:udp:teredo,2
eth:ethertype:ip:udp:eth:llc,2
eth:ethertype:ip:udp:quakeworld,2
eth:ethertype:ip:udp:acdr:data,2
eth:ethertype:ip:udp:ptp,2
eth:ethertype:ip:udp:rdpudp:dtls,2
eth:ethertype:ip:udp:cnip:lon,2
eth:ethertype:ip:udp:eth:llc:data,2
eth:ethertype:ip:udp:lisp-data:ipv6,2
eth:ethertype:ip:udp:mint:eth:ethertype:data,2
eth:ethertype:ip:udp:armagetronad,2
eth:ethertype:ip:udp:actrace,2
eth:ethertype:ip:udp:tpcp,2
eth:ethertype:ip:udp:edonkey,2
eth:ethertype:ip:udp:mpls:pwach:data,2
eth:ethertype:ip:udp:ecatf,2
eth:ethertype:ip:udp:lisp-data:ipv6:pim,2
eth:ethertype:ip:udp:lisp-data:ipv6:ipv6.routing,2
eth:ethertype:ip:udp:ecatf:ecat_mailbox,2
eth:ethertype:ip:udp:oicq,2
eth:ethertype:ip:udp:hip,2
eth:ethertype:ip:udp:capwap.data:eth,2
eth:ethertype:ip:udp:opensafety_udp,2
eth:ethertype:ip:udp:amt:ip:ipv6:data,1
eth:ethertype:ip:udp:ldp,1
eth:ethertype:ip:udp:goose:cotp:goose,1
eth:ethertype:ip:udp:ieee1722:aaf,1
eth:ethertype:ip:udp:megaco,1
eth:ethertype:ip:udp:eth:ethertype:mdshdr:fc,1
eth:ethertype:ip:udp:mpls:ipv6:vrrp,1
eth:ethertype:ip:udp:mpls:ipv6:l2tp:data,1
eth:ethertype:ip:udp:mpls:ipv6:ospf,1
eth:ethertype:ip:udp:mpls:ipv6:vines_frp:vines_ip:data,1
eth:ethertype:ip:udp:sflow,1
eth:ethertype:ip:udp:gsmtap:gsm_sim,1
eth:ethertype:ip:udp:ecatf:ams,1
eth:ethertype:ip:udp:uaudp:ua:ua3g,1
eth:ethertype:ip:udp:udpencap,1
eth:ethertype:ip:udp:bat.vis,1
eth:ethertype:ip:udp:db-lsp-disc:json:data-text-lines,1
eth:ethertype:ip:udp:lisp-data:ipv6:esp,1
eth:ethertype:ip:udp:lisp-data:ipv6:ospf,1
eth:ethertype:ip:udp:lisp-data:ipv6:lwl4,1
eth:ethertype:ip:udp:lisp-data:ipv6:nhrp,1
eth:ethertype:ip:udp:ayiya:mipv6,1
eth:ethertype:ip:udp:lisp-data:ipv6:swipe,1
eth:ethertype:ip:udp:lisp-data:ipv6:eigrp,1
eth:ethertype:ip:udp:lisp-data:ipv6:etherip:eth:llc,1
eth:ethertype:ip:udp:mpls:ipv6:pim,1
eth:ethertype:ip:udp:mpls:ipv6:dsr:data,1
eth:ethertype:ip:udp:mpls:ipv6:etherip:eth:ethertype:data,1
eth:ethertype:ip:udp:llc:osi:data,1
eth:ethertype:ip:udp:wccp,1
eth:ethertype:ip:udp:vxlan,1
eth:ethertype:ip:udp:mpls:pwethheuristic:pwethcw:eth,1
eth:ethertype:ip:udp:dtls:x509sat:x509sat:x509sat:x509sat,1
eth:ethertype:ip:udp:ieee1722,1
eth:ethertype:ip:udp:memcache:vssmonitoring,1
eth:ethertype:ip:udp:llc:rpl:data:data,1
eth:ethertype:ip:udp:teredo:ipv6:data,1
eth:ethertype:ip:udp:ssyncp,1
eth:ethertype:ip:udp:uftp:uftp5,1
eth:ethertype:ip:udp:tplink-smarthome:json,1
eth:ethertype:ip:udp:rdpudp:data,1
eth:ethertype:ip:udp:wimaxasncp,1
