eth:ethertype:ip:udp:data,12230798
eth:ethertype:ip:udp:stun,9418720
eth:ethertype:ip:udp:dns,4462281
eth:ethertype:ip:udp:syslog,4267719
eth:ethertype:ip:udp:ntp,2177950
eth:ethertype:ip:udp:snmp,1801288
eth:ethertype:ip:data,1494659
eth:ethertype:ip:udp:nbns,816464
eth:ethertype:ip:udp:sip,327366
eth:ethertype:ip:udp:coap,222256
eth:ethertype:ip:udp:ssdp,158953
eth:ethertype:ip:udp:cflow,142511
eth:ethertype:ip:udp:cldap,134575
eth:ethertype:ip:udp:openvpn,131246
eth:ethertype:ip:udp:rpc,112167
eth:ethertype:ip:udp:sip:xml,102011
eth:ethertype:ip:udp:mdns,100248
eth:ethertype:ip:udp:isakmp,90769
eth:ethertype:ip:udp:dhcp,74896
eth:ethertype:ip:udp:dtls,63575
eth:ethertype:ip:udp:portcontrol,55081
eth:ethertype:ip:udp:sip:data-text-lines,52604
eth:ethertype:ip:udp,50720
eth:ethertype:ip:udp:capwap,46931
eth:ethertype:ip:udp:memcache,42578
eth:ethertype:ip:udp:gtp,40350
eth:ethertype:ip:udp:srvloc,38613
eth:ethertype:ip:udp:bvlc:bacnet:bacapp,36100
eth:ethertype:ip:udp:l2tp,36027
eth:ethertype:ip:udp:rip,32063
eth:ethertype:ip:udp:quic:tls,31541
eth:ethertype:ip:udp:xdmcp,27701
eth:ethertype:ip:udp:radius,27069
eth:ethertype:ip:udp:udpencap:esp,26334
eth:ethertype:ip:udp:chargen,20894
eth:ethertype:ip:udp:gquic,20355
eth:ethertype:ip:udp:kerberos,18671
eth:ethertype:ip:udp:classicstun,17479
eth:ethertype:ip:udp:lwapp:data,17264
eth:ethertype:ip:udp:kip,16973
eth:ethertype:ip:udp:rdpudp,15719
eth:ethertype:ip:udp:snmp:data,14779
eth:ethertype:ip:udp:rmcp:ipmi_session:data,14340
eth:ethertype:ip:udp:echo,13783
eth:ethertype:ip:udp:omron,13519
eth:ethertype:ip:udp:enip,13390
eth:ethertype:ip:udp:tftp,13278
eth:ethertype:ip:udp:ltp,13248
eth:ethertype:ip:udp:mgcp,13210
eth:ethertype:ip:udp:nbdgm:smb:browser,12214
eth:ethertype:ip:udp:gtp:gtpv2,11598
eth:ethertype:ip:udp:time,10375
eth:ethertype:ip:udp:daytime,10355
eth:ethertype:ip:udp:quic,10250
eth:ethertype:ip:udp:ecatf:ecat,10229
eth:ethertype:ip:udp:bfd,9348
eth:ethertype:ip:udp:steam_ihs_discovery,9348
eth:ethertype:ip:udp:quake3:data,8420
eth:ethertype:ip:udp:rtcp,8089
eth:ethertype:ip:udp:teredo:ipv6,7509
eth:ethertype:ip:udp:udpencap:isakmp,6863
eth:ethertype:ip:udp:hart_ip,4914
eth:ethertype:ip:udp:iax2,4327
eth:ethertype:ip:udp:coap:data,3685
eth:ethertype:ip:udp:llmnr,3526
eth:ethertype:ip:udp:rmcp:asf,3434
eth:ethertype:ip:udp:llc:data,2784
eth:ethertype:ip:udp:teredo:ipv6:icmpv6,1767
eth:ethertype:ip:udp:wsp,1344
eth:ethertype:ip:udp:gtpprime,1283
eth:ethertype:ip:udp:wtls,1242
eth:ethertype:ip:udp:dis,1140
eth:ethertype:ip:udp:raknet:raknet,1054
eth:ethertype:ip:udp:radius:eap,1048
eth:ethertype:ip:udp:cipio,962
eth:ethertype:ip:udp:scop:data,959
eth:ethertype:ip:udp:lwapp:wlan,949
eth:ethertype:ip:udp:corosync_totemnet:data,938
eth:ethertype:ip:udp:rtps,887
eth:ethertype:ip:udp:h225,865
eth:ethertype:ip:udp:mipv6,853
eth:ethertype:ip:udp:dmp,851
eth:ethertype:ip:udp:h248,788
eth:ethertype:ip:udp:nxp_802154_sniffer:wpan,782
eth:ethertype:ip:udp:dof,728
eth:ethertype:ip:udp:pktc.mtafqdn,686
eth:ethertype:ip:udp:kink,670
eth:ethertype:ip:udp:asterix,665
eth:ethertype:ip:udp:ulp,663
eth:ethertype:ip:udp:adp,655
eth:ethertype:ip:udp:cnip,624
eth:ethertype:ip:udp:pktc,622
eth:ethertype:ip:udp:ssdp:data,618
eth:ethertype:ip:udp:rdt,603
eth:ethertype:ip:udp:ax4000,602
eth:ethertype:ip:udp:tzsp,594
eth:ethertype:ip:udp:eth:ethertype:data,576
eth:ethertype:ip:udp:enrp,573
eth:ethertype:ip:udp:mih,543
eth:ethertype:ip:udp:iapp,537
eth:ethertype:ip:udp:msproxy,517
eth:ethertype:ip:udp:gre:data,500
eth:ethertype:ip:udp:bat:data,457
eth:ethertype:ip:udp:vuze-dht,455
eth:ethertype:ip:udp:uaudp,453
eth:ethertype:ip:udp:ts2,452
eth:ethertype:ip:udp:wisun.eapol_relay:eapol:data,439
eth:ethertype:ip:udp:infiniband:data,436
eth:ethertype:ip:udp:wtp,434
eth:ethertype:ip:udp:c1222,418
eth:ethertype:ip:udp:mint,418
eth:ethertype:ip:udp:manolito,413
eth:ethertype:ip:udp:rsip,407
eth:ethertype:ip:udp:pfcp,380
eth:ethertype:ip:udp:bfd_echo,379
eth:ethertype:ip:udp:teredo:data,362
eth:ethertype:ip:udp:elasticsearch,360
eth:ethertype:ip:udp:icp,358
eth:ethertype:ip:udp:rsvp,352
eth:ethertype:ip:udp:sctp,352
eth:ethertype:ip:udp:raknet,342
eth:ethertype:ip:udp:nano,342
eth:ethertype:ip:udp:wg,340
eth:ethertype:ip:udp:nxp_802154_sniffer,338
eth:ethertype:ip:udp:tetra,336
eth:ethertype:ip:udp:ardp,320
eth:ethertype:ip:udp:bat.gw:data,318
eth:ethertype:ip:udp:mpls-echo,302
eth:ethertype:ip:udp:gprs-ns:bssgp,301
eth:ethertype:ip:udp:pn_rt:pn_ptcp,298
eth:ethertype:ip:udp:asap,287
eth:ethertype:ip:udp:tipc,283
eth:ethertype:ip:udp:geneve:data,277
eth:ethertype:ip:udp:ath,273
eth:ethertype:ip:udp:kdp,269
eth:ethertype:ip:udp:mikey,268
eth:ethertype:ip:udp:bjnp,256
eth:ethertype:ip:udp:gprs-ns,256
eth:ethertype:ip:udp:ayiya,252
eth:ethertype:ip:udp:collectd,252
eth:ethertype:ip:udp:amt,248
eth:ethertype:ip:udp:dpnet,246
eth:ethertype:ip:udp:hiqnet,239
eth:ethertype:ip:udp:ajns,239
eth:ethertype:ip:udp:opensafety:data,236
eth:ethertype:ip:udp:capwap.data,236
eth:ethertype:ip:udp:mpls:data,223
eth:ethertype:ip:udp:sabp:sabp,215
eth:ethertype:ip:udp:sap,208
eth:ethertype:ip:udp:tacacs,206
eth:ethertype:ip:udp:egd:data,205
eth:ethertype:ip:udp:bat.vis:data,204
eth:ethertype:ip:udp:vrt,201
eth:ethertype:ip:udp:wlccp,191
eth:ethertype:ip:udp:idn,191
eth:ethertype:ip:udp:ecmp,188
eth:ethertype:ip:udp:lisp:data,182
eth:ethertype:ip:udp:doip,178
eth:ethertype:ip:udp:iax2:data,177
eth:ethertype:ip:udp:tplink-smarthome:json:data-text-lines,172
eth:ethertype:ip:udp:quake:data,171
eth:ethertype:ip:udp:enttec,170
eth:ethertype:ip:udp:ecatf:data,168
eth:ethertype:ip:udp:opensafety_udp:data,165
eth:ethertype:ip:udp:vxlan:eth:llc:data,156
eth:ethertype:ip:udp:db-lsp-disc,146
eth:ethertype:ip:udp:knet,141
eth:ethertype:ip:udp:hcrt,134
eth:ethertype:ip:udp:ieee1722:data,130
eth:ethertype:ip:udp:sabp,124
eth:ethertype:ip:udp:ipvs,120
eth:ethertype:ip:udp:raknet:raknet:raknet,119
eth:ethertype:ip:udp:a21,111
eth:ethertype:ip:udp:h501,109
eth:ethertype:ip:udp:megaco:data,108
eth:ethertype:ip:udp:lisp-data,108
eth:ethertype:ip:udp:gsmtap:data,102
eth:ethertype:ip:udp:pn_rt:pn_io,100
eth:ethertype:ip:udp:nbdgm:smb:data,96
eth:ethertype:ip:udp:stun:data,89
eth:ethertype:ip:udp:quakeworld:data,88
eth:ethertype:ip:udp:dcc,81
eth:ethertype:ip:udp:lwapp:wlan:data,79
eth:ethertype:ip:udp:gre,71
eth:ethertype:ip:udp:quake2:data,70
eth:ethertype:ip:udp:geneve,67
eth:ethertype:ip:udp:infiniband,63
eth:ethertype:ip:udp:vxlan:eth:ethertype:data,63
eth:ethertype:ip:udp:dvb_ipdc:data,50
eth:ethertype:ip:udp:vxlan:eth,45
eth:ethertype:ip:udp:sap:sdp,43
eth:ethertype:ip:udp:rx,40
eth:ethertype:ip:udp:lisp,40
eth:ethertype:ip:udp:mpls:pwethheuristic:pwethcw:eth:ethertype:data,39
eth:ethertype:ip:udp:dvb_ipdc:alc:data,39
eth:ethertype:ip:udp:thrift,33
eth:ethertype:ip:udp:capwap.data:dtls,29
eth:ethertype:ip:udp:egd,28
eth:ethertype:ip:udp:eth,26
eth:ethertype:ip:udp:cnip:data,26
eth:ethertype:ip:udp:wtp:wsp,26
eth:ethertype:ip:udp:mpls:ipv6:data,26
eth:ethertype:ip:udp:lisp-data:ip:data,26
eth:ethertype:ip:udp:mpls:ip:data,25
eth:ethertype:ip:udp:lisp-data:ipv6:data,25
eth:ethertype:ip:udp:dhcpv6,24
eth:ethertype:ip:udp:tzsp:data,23
eth:ethertype:ip:udp:gsmtap,23
eth:ethertype:ip:udp:goose:cotp,22
eth:ethertype:ip:udp:mndp,21
eth:ethertype:ip:udp:udt,21
eth:ethertype:ip:udp:quake3,20
eth:ethertype:ip:udp:jmirror:ipv6:data,20
eth:ethertype:ip:udp:wol,20
eth:ethertype:ip:udp:llc,19
eth:ethertype:ip:udp:nxp_802154_sniffer:wpan:data,19
eth:ethertype:ip:udp:capwap.data:eth:ethertype:data,18
eth:ethertype:ip:udp:wisun.eapol_relay,17
eth:ethertype:ip:udp:rx:afs,17
eth:ethertype:ip:udp:mpls:ipv6:ipv6.hopopts,16
eth:ethertype:ip:udp:l2tp:data,16
eth:ethertype:ip:udp:pathport,16
eth:ethertype:ip:udp:lmp,15
eth:ethertype:ip:udp:capwap.data:data,15
eth:ethertype:ip:udp:dcp-etsi:dcp-pft,14
eth:ethertype:ip:udp:nbdgm,14
eth:ethertype:ip:udp:mpls:ip,14
eth:ethertype:ip:udp:quake2,13
eth:ethertype:ip:udp:rpc:portmap,13
eth:ethertype:ip:udp:kpasswd,12
eth:ethertype:ip:udp:ecatf:tc_nv,12
eth:ethertype:ip:udp:sip:sigcomp,11
eth:ethertype:ip:udp:tsp,11
eth:ethertype:ip:udp:ecatf:ioraw,11
eth:ethertype:ip:udp:capwap:dtls,11
eth:ethertype:ip:udp:sip:data-text-lines:xml,11
eth:ethertype:ip:udp:mpls:ipv6,11
eth:ethertype:ip:udp:dlep,10
eth:ethertype:ip:udp:ripng,10
eth:ethertype:ip:udp:pn_rt,10
eth:ethertype:ip:udp:ncp,10
eth:ethertype:ip:udp:rtpproxy,10
eth:ethertype:ip:udp:auto_rp,9
eth:ethertype:ip:udp:find,9
eth:ethertype:ip:udp:msmms,9
eth:ethertype:ip:udp:applemidi,9
eth:ethertype:ip:udp:mip,8
eth:ethertype:ip:udp:slimp3,8
eth:ethertype:ip:udp:lwres,8
eth:ethertype:ip:udp:scop,8
eth:ethertype:ip:udp:wisun.eapol_relay:eapol,8
eth:ethertype:ip:udp:ecatf:ecat_mailbox,8
eth:ethertype:ip:udp:who,8
eth:ethertype:ip:udp:ieee1722:iec61883,8
eth:ethertype:ip:udp:sabp:sabp:sabp,8
eth:ethertype:ip:udp:lisp-data:ip,8
eth:ethertype:ip:udp:rsp,7
eth:ethertype:ip:udp:dcp-etsi:dcp-af,7
eth:ethertype:ip:udp:lbtrm,7
eth:ethertype:ip:udp:packetbb,7
eth:ethertype:ip:udp:rdpudp:data,7
eth:ethertype:ip:udp:lisp-data:ipv6,7
eth:ethertype:ip:udp:armagetronad,6
eth:ethertype:ip:udp:a11,6
eth:ethertype:ip:udp:data:vssmonitoring,6
eth:ethertype:ip:udp:sigcomp,6
eth:ethertype:ip:udp:ipx,6
eth:ethertype:ip:udp:dlsw,5
eth:ethertype:ip:udp:acdr,5
eth:ethertype:ip:udp:mpls,5
eth:ethertype:ip:udp:dplay,5
eth:ethertype:ip:udp:dvb_ipdc:alc:rmt-lct,4
eth:ethertype:ip:udp:xyplex,4
eth:ethertype:ip:udp:quakeworld,4
eth:ethertype:ip:udp:tapa,4
eth:ethertype:ip:udp:rdpudp:dtls,4
eth:ethertype:ip:udp:amt:ip,4
eth:ethertype:ip:udp:mint:eth:ethertype:data,4
eth:ethertype:ip:udp:uftp:uftp5,4
eth:ethertype:ip:udp:ayiya:dsr:ipv6.hopopts:ipv6.hopopts,3
eth:ethertype:ip:udp:megaco,3
eth:ethertype:ip:udp:quake,3
eth:ethertype:ip:udp:olsr,3
eth:ethertype:ip:udp:ltp:data,3
eth:ethertype:ip:udp:lwapp,3
eth:ethertype:ip:udp:cnip:lon,3
eth:ethertype:ip:udp:ieee1722,3
eth:ethertype:ip:udp:ecatf,3
eth:ethertype:ip:udp:actrace,3
eth:ethertype:ip:udp:wccp,3
eth:ethertype:ip:udp:nbdgm:smb:smb_netlogon,3
eth:ethertype:ip:udp:uftp:uftp4,3
eth:ethertype:ip:udp:mpls:pwethheuristic:pwethcw:eth,2
eth:ethertype:ip:udp:cpfi,2
eth:ethertype:ip:udp:ieee1722:aaf,2
eth:ethertype:ip:udp:mpls:ipv6:pgm,2
eth:ethertype:ip:udp:mpls:ipv6:eigrp,2
eth:ethertype:ip:udp:bat.gw,2
eth:ethertype:ip:udp:stun:tftp,2
eth:ethertype:ip:udp:ecatf:ams,2
eth:ethertype:ip:udp:ipx:data,2
eth:ethertype:ip:udp:cups,2
eth:ethertype:ip:udp:jmirror:ipv6:esp,2
eth:ethertype:ip:udp:jmirror:ipv6:nhrp,2
eth:ethertype:ip:udp:eth:llc:data,2
eth:ethertype:ip:udp:icq,2
eth:ethertype:ip:udp:tzsp:eth:ethertype:data,2
eth:ethertype:ip:udp:ptp,2
eth:ethertype:ip:udp:lisp-data:ipv6:nhrp,2
eth:ethertype:ip:udp:lisp-data:ipv6:lwl4,2
eth:ethertype:ip:udp:l2tp:ppp:data,1
eth:ethertype:ip:udp:mpls:ipv6:osi:data,1
eth:ethertype:ip:udp:mpls:ipv6:l2tp:data,1
eth:ethertype:ip:udp:vxlan,1
eth:ethertype:ip:udp:mpls:pwethheuristic:data,1
eth:ethertype:ip:udp:jmirror:ipv6:swipe,1
eth:ethertype:ip:udp:jmirror:ipv6:ospf,1
eth:ethertype:ip:udp:jmirror:ipv6:eigrp,1
eth:ethertype:ip:udp:jmirror:ipv6:ah,1
eth:ethertype:ip:udp:jmirror:ipv6:lwl4,1
eth:ethertype:ip:udp:jmirror:ipv6:ipv6.routing,1
eth:ethertype:ip:udp:jmirror:ipv6:vines_frp:vines_ip:data,1
eth:ethertype:ip:udp:jmirror:ip:data,1
eth:ethertype:ip:udp:jmirror:ipv6:dsr:ncs,1
eth:ethertype:ip:udp:jmirror:ipv6:vrrp,1
eth:ethertype:ip:udp:jmirror:ipv6:pim,1
eth:ethertype:ip:udp:capwap.data:eth,1
eth:ethertype:ip:udp:opensafety_udp,1
eth:ethertype:ip:udp:capwap:data,1
eth:ethertype:ip:udp:hip,1
eth:ethertype:ip:udp:mdns:vssmonitoring,1
eth:ethertype:ip:udp:mpls:pwethheuristic:pwethnocw:eth:ethertype:data,1
eth:ethertype:ip:udp:oicq,1
eth:ethertype:ip:udp:mpls:ipv6:ipv6.routing,1
eth:ethertype:ip:udp:mpls:ipv6:vines_frp:vines_ip:data,1
eth:ethertype:ip:udp:mpls:ipv6:dsr:data,1
eth:ethertype:ip:udp:capwap.data:eth:llc:data,1
eth:ethertype:ip:udp:teredo,1
eth:ethertype:ip:udp:edonkey,1
eth:ethertype:ip:udp:acdr:ip:data,1
eth:ethertype:ip:udp:lisp-data:ipv6:eigrp,1
eth:ethertype:ip:udp:lisp-data:ipv6:ipv6.routing,1
eth:ethertype:ip:udp:lisp-data:ipv6:ah,1
eth:ethertype:ip:udp:llc:osi:data,1
eth:ethertype:ip:udp:wimaxasncp,1
eth:ethertype:ip:udp:aodv,1
eth:ethertype:ip:udp:h225:data,1
eth:ethertype:ip:udp:jmirror:ipv6,1
eth:ethertype:ip:udp:tipc:data,1
eth:ethertype:ip:udp:tpcp,1
eth:ethertype:ip:udp:rmcp:ipmi_session,1
eth:ethertype:ip:udp:mpls:pwach:data,1
