eth:ethertype:ip:udp:data,10512300
eth:ethertype:ip:udp:stun,9486750
eth:ethertype:ip:udp:syslog,5388856
eth:ethertype:ip:udp:dns,3838918
eth:ethertype:ip:udp:ntp,1996256
eth:ethertype:ip:udp:snmp,1978040
eth:ethertype:ip:data,1632741
eth:ethertype:ip:udp:nbns,739156
eth:ethertype:ip:udp:sip,343763
eth:ethertype:ip:udp:rpc,296022
eth:ethertype:ip:udp:ssdp,160550
eth:ethertype:ip:udp:cflow,145355
eth:ethertype:ip:udp:coap,112002
eth:ethertype:ip:udp:mdns,105594
eth:ethertype:ip:udp:sip:xml,101958
eth:ethertype:ip:udp:isakmp,82107
eth:ethertype:ip:udp,77564
eth:ethertype:ip:udp:memcache,76296
eth:ethertype:ip:udp:cldap,63343
eth:ethertype:ip:udp:dtls,58772
eth:ethertype:ip:udp:openvpn,58272
eth:ethertype:ip:udp:portcontrol,57529
eth:ethertype:ip:udp:sip:data-text-lines,52708
eth:ethertype:ip:udp:bvlc:bacnet:bacapp,46228
eth:ethertype:ip:udp:capwap,44553
eth:ethertype:ip:udp:gtp,42290
eth:ethertype:ip:udp:srvloc,35632
eth:ethertype:ip:udp:l2tp,35006
eth:ethertype:ip:udp:tftp,33954
eth:ethertype:ip:udp:udpencap:esp,27342
eth:ethertype:ip:udp:chargen,26985
eth:ethertype:ip:udp:rdpudp,26167
eth:ethertype:ip:udp:rip,23727
eth:ethertype:ip:udp:quic:tls,22325
eth:ethertype:ip:udp:xdmcp,21958
eth:ethertype:ip:udp:gquic,21140
eth:ethertype:ip:udp:quake3,20623
eth:ethertype:ip:udp:bfd,19633
eth:ethertype:ip:udp:dhcp,19214
eth:ethertype:ip:udp:kerberos,18405
eth:ethertype:ip:udp:radius,16834
eth:ethertype:ip:udp:lwapp:data,16723
eth:ethertype:ip:udp:rmcp:ipmi_session:data,16672
eth:ethertype:ip:udp:classicstun,14003
eth:ethertype:ip:udp:echo,13699
eth:ethertype:ip:udp:enip,13268
eth:ethertype:ip:udp:omron,12718
eth:ethertype:ip:udp:gtp:gtpv2,12126
eth:ethertype:ip:udp:nbdgm:smb:browser,12061
eth:ethertype:ip:udp:rpc:data,10506
eth:ethertype:ip:udp:daytime,10340
eth:ethertype:ip:udp:time,10290
eth:ethertype:ip:udp:ecatf:ecat,10223
eth:ethertype:ip:udp:steam_ihs_discovery,9377
eth:ethertype:ip:udp:quic,8614
eth:ethertype:ip:udp:kip,7549
eth:ethertype:ip:udp:hart_ip,6489
eth:ethertype:ip:udp:mgcp,6192
eth:ethertype:ip:udp:rtcp,5833
eth:ethertype:ip:udp:teredo:ipv6,4752
eth:ethertype:ip:udp:iax2,4564
eth:ethertype:ip:udp:coap:data,4537
eth:ethertype:ip:udp:cups,4357
eth:ethertype:ip:udp:llmnr,4179
eth:ethertype:ip:udp:scop:data,3782
eth:ethertype:ip:udp:teredo:ipv6:icmpv6,3676
eth:ethertype:ip:udp:rmcp:asf,3420
eth:ethertype:ip:udp:raknet:raknet,2779
eth:ethertype:ip:udp:wisun.eapol_relay:eapol:data,2756
eth:ethertype:ip:udp:cnip,2748
eth:ethertype:ip:udp:udpencap:isakmp,2124
eth:ethertype:ip:udp:quake3:data,2001
eth:ethertype:ip:udp:wsp,1961
eth:ethertype:ip:udp:llc:data,1899
eth:ethertype:ip:udp:corosync_totemnet:data,1493
eth:ethertype:ip:udp:dis,1441
eth:ethertype:ip:udp:cipio,1226
eth:ethertype:ip:udp:gtpprime,1140
eth:ethertype:ip:udp:dof,1008
eth:ethertype:ip:udp:sbus,991
eth:ethertype:ip:udp:rtps,982
eth:ethertype:ip:udp:radius:eap,898
eth:ethertype:ip:udp:tplink-smarthome:json:data-text-lines,857
eth:ethertype:ip:udp:kink,854
eth:ethertype:ip:udp:wg,816
eth:ethertype:ip:udp:elasticsearch,815
eth:ethertype:ip:udp:teredo:data,806
eth:ethertype:ip:udp:mint,795
eth:ethertype:ip:udp:mipv6,749
eth:ethertype:ip:udp:ssdp:data,741
eth:ethertype:ip:udp:bat.gw:data,732
eth:ethertype:ip:udp:nxp_802154_sniffer:wpan,707
eth:ethertype:ip:udp:doip,703
eth:ethertype:ip:udp:vuze-dht,693
eth:ethertype:ip:udp:pn_rt:pn_ptcp,683
eth:ethertype:ip:udp:iapp,612
eth:ethertype:ip:udp:ajns,607
eth:ethertype:ip:udp:manolito,569
eth:ethertype:ip:udp:tzsp,558
eth:ethertype:ip:udp:gprs-ns:bssgp,546
eth:ethertype:ip:udp:asterix,538
eth:ethertype:ip:udp:h225,532
eth:ethertype:ip:udp:gsmtap:data,508
eth:ethertype:ip:udp:wtls,489
eth:ethertype:ip:udp:wlccp,453
eth:ethertype:ip:udp:ardp,444
eth:ethertype:ip:udp:amt,444
eth:ethertype:ip:udp:infiniband:data,441
eth:ethertype:ip:udp:ayiya,427
eth:ethertype:ip:udp:uaudp,417
eth:ethertype:ip:udp:c1222,413
eth:ethertype:ip:udp:lwapp:wlan,405
eth:ethertype:ip:udp:bfd_echo,398
eth:ethertype:ip:udp:hiqnet,393
eth:ethertype:ip:udp:enrp,385
eth:ethertype:ip:udp:opensafety:data,369
eth:ethertype:ip:udp:sctp,369
eth:ethertype:ip:udp:rsip,368
eth:ethertype:ip:udp:sabp:sabp,365
eth:ethertype:ip:udp:dvb_ipdc:data,360
eth:ethertype:ip:udp:tetra,358
eth:ethertype:ip:udp:adp,349
eth:ethertype:ip:udp:geneve:data,343
eth:ethertype:ip:udp:ts2,340
eth:ethertype:ip:udp:ieee1722:data,331
eth:ethertype:ip:udp:lisp:data,329
eth:ethertype:ip:udp:knet,312
eth:ethertype:ip:udp:vrt,300
eth:ethertype:ip:udp:pktc.mtafqdn,298
eth:ethertype:ip:udp:bat:data,292
eth:ethertype:ip:udp:idn,290
eth:ethertype:ip:udp:ulp,288
eth:ethertype:ip:udp:lisp-data,281
eth:ethertype:ip:udp:gre,256
eth:ethertype:ip:udp:rdt,255
eth:ethertype:ip:udp:stun:data,248
eth:ethertype:ip:udp:icp,247
eth:ethertype:ip:udp:hcrt,244
eth:ethertype:ip:udp:mikey,243
eth:ethertype:ip:udp:h248,242
eth:ethertype:ip:udp:dpnet,240
eth:ethertype:ip:udp:egd:data,235
eth:ethertype:ip:udp:dmp,233
eth:ethertype:ip:udp:bjnp,232
eth:ethertype:ip:udp:mih,224
eth:ethertype:ip:udp:asap,219
eth:ethertype:ip:udp:quakeworld:data,213
eth:ethertype:ip:udp:ath,209
eth:ethertype:ip:udp:ecatf:data,208
eth:ethertype:ip:udp:gprs-ns,203
eth:ethertype:ip:udp:ecmp,196
eth:ethertype:ip:udp:iax2:data,193
eth:ethertype:ip:udp:pfcp,189
eth:ethertype:ip:udp:quake2:data,180
eth:ethertype:ip:udp:raknet:raknet:raknet,180
eth:ethertype:ip:udp:geneve,169
eth:ethertype:ip:udp:armagetronad,161
eth:ethertype:ip:udp:a21,157
eth:ethertype:ip:udp:vxlan:eth:llc:data,151
eth:ethertype:ip:udp:infiniband,146
eth:ethertype:ip:udp:ldp,146
eth:ethertype:ip:udp:opensafety_udp:data,144
eth:ethertype:ip:udp:rsvp,140
eth:ethertype:ip:udp:kdp,128
eth:ethertype:ip:udp:h501,122
eth:ethertype:ip:udp:tipc,121
eth:ethertype:ip:udp:collectd,120
eth:ethertype:ip:udp:ax4000,118
eth:ethertype:ip:udp:dcc,117
eth:ethertype:ip:udp:sap,111
eth:ethertype:ip:udp:gre:data,107
eth:ethertype:ip:udp:raknet,104
eth:ethertype:ip:udp:db-lsp-disc,101
eth:ethertype:ip:udp:nbdgm:smb:data,95
eth:ethertype:ip:udp:bat.vis:data,95
eth:ethertype:ip:udp:pktc,89
eth:ethertype:ip:udp:msproxy,89
eth:ethertype:ip:udp:nano,88
eth:ethertype:ip:udp:ipvs,87
eth:ethertype:ip:udp:rx,84
eth:ethertype:ip:udp:megaco:data,83
eth:ethertype:ip:udp:quake:data,79
eth:ethertype:ip:udp:lwapp:wlan:data,75
eth:ethertype:ip:udp:sabp,65
eth:ethertype:ip:udp:wtp,63
eth:ethertype:ip:udp:lisp,62
eth:ethertype:ip:udp:pn_rt:pn_io,60
eth:ethertype:ip:udp:vxlan:eth:ethertype:data,59
eth:ethertype:ip:udp:lisp-data:ip:data,58
eth:ethertype:ip:udp:tacacs,51
eth:ethertype:ip:udp:eth:ethertype:data,51
eth:ethertype:ip:udp:gsmtap,49
eth:ethertype:ip:udp:nxp_802154_sniffer,47
eth:ethertype:ip:udp:jmirror:ipv6:data,45
eth:ethertype:ip:udp:capwap.data,43
eth:ethertype:ip:udp:cnip:data,38
eth:ethertype:ip:udp:lisp-data:ipv6:data,38
eth:ethertype:ip:udp:capwap.data:dtls,37
eth:ethertype:ip:udp:eth,37
eth:ethertype:ip:udp:enttec,35
eth:ethertype:ip:udp:vxlan:eth,34
eth:ethertype:ip:udp:goose:cotp,31
eth:ethertype:ip:udp:thrift,31
eth:ethertype:ip:udp:capwap:dtls,31
eth:ethertype:ip:udp:llc,28
eth:ethertype:ip:udp:mpls:data,26
eth:ethertype:ip:udp:wisun.eapol_relay:eapol,26
eth:ethertype:ip:udp:lisp-data:ip,25
eth:ethertype:ip:udp:l2tp:data,24
eth:ethertype:ip:udp:rtpproxy,22
eth:ethertype:ip:udp:sip:data-text-lines:xml,22
eth:ethertype:ip:udp:ieee1722:iec61883,20
eth:ethertype:ip:udp:wtp:wsp,19
eth:ethertype:ip:udp:wisun.eapol_relay,19
eth:ethertype:ip:udp:egd,17
eth:ethertype:ip:udp:sabp:sabp:sabp,17
eth:ethertype:ip:udp:quake2,16
eth:ethertype:ip:udp:dvb_ipdc:alc:data,16
eth:ethertype:ip:udp:dhcpv6,15
eth:ethertype:ip:udp:mpls:ipv6:data,14
eth:ethertype:ip:udp:pn_rt,14
eth:ethertype:ip:udp:ncp,13
eth:ethertype:ip:udp:kpasswd,13
eth:ethertype:ip:udp:tzsp:data,12
eth:ethertype:ip:udp:dcp-etsi:dcp-pft,11
eth:ethertype:ip:udp:mpls,10
eth:ethertype:ip:udp:ltp,10
eth:ethertype:ip:udp:ripng,10
eth:ethertype:ip:udp:sigcomp,10
eth:ethertype:ip:udp:rdpudp:dtls,10
eth:ethertype:ip:udp:sip:sdp,10
eth:ethertype:ip:udp:dlep,9
eth:ethertype:ip:udp:amt:ip,9
eth:ethertype:ip:udp:mpls:ip,9
eth:ethertype:ip:udp:mpls:ipv6,9
eth:ethertype:ip:udp:packetbb,9
eth:ethertype:ip:udp:xyplex,9
eth:ethertype:ip:udp:nxp_802154_sniffer:wpan:data,9
eth:ethertype:ip:udp:rdpudp:tls,9
eth:ethertype:ip:udp:lmp,8
eth:ethertype:ip:udp:slimp3,8
eth:ethertype:ip:udp:who,8
eth:ethertype:ip:udp:nbdgm,8
eth:ethertype:ip:udp:auto_rp,8
eth:ethertype:ip:udp:udpencap,8
eth:ethertype:ip:udp:pathport,8
eth:ethertype:ip:udp:acdr,7
eth:ethertype:ip:udp:data:vssmonitoring,7
eth:ethertype:ip:udp:msmms,7
eth:ethertype:ip:udp:dvb_ipdc:alc:rmt-lct,7
eth:ethertype:ip:udp:dcp-etsi:dcp-af,7
eth:ethertype:ip:udp:ecatf:ioraw,6
eth:ethertype:ip:udp:capwap.data:eth:ethertype:data,6
eth:ethertype:ip:udp:find,6
eth:ethertype:ip:udp:uftp:uftp4,6
eth:ethertype:ip:udp:tsp,6
eth:ethertype:ip:udp:epl,5
eth:ethertype:ip:udp:mip,5
eth:ethertype:ip:udp:ieee1722,5
eth:ethertype:ip:udp:lisp-data:ipv6:etherip:eth:llc,5
eth:ethertype:ip:udp:lisp-data:ipv6,5
eth:ethertype:ip:udp:lbtrm,5
eth:ethertype:ip:udp:ecatf:tc_nv,5
eth:ethertype:ip:udp:sip:sigcomp,5
eth:ethertype:ip:udp:ipx,5
eth:ethertype:ip:udp:mpls:pwach:data,5
eth:ethertype:ip:udp:mpls:ipv6:etherip:eth,5
eth:ethertype:ip:udp:scop,4
eth:ethertype:ip:udp:lwres,4
eth:ethertype:ip:udp:tapa,4
eth:ethertype:ip:udp:rsp,4
eth:ethertype:ip:udp:jmirror:ip:data,4
eth:ethertype:ip:udp:cnip:lon,4
eth:ethertype:ip:udp:acdr:data,4
eth:ethertype:ip:udp:lwapp,4
eth:ethertype:ip:udp:teredo,4
eth:ethertype:ip:udp:ecatf,4
eth:ethertype:ip:udp:nbdgm:smb:smb_netlogon,4
eth:ethertype:ip:udp:opensafety_udp,3
eth:ethertype:ip:udp:actrace,3
eth:ethertype:ip:udp:mint:eth:ethertype:data,3
eth:ethertype:ip:udp:lisp-data:ipv6:swipe,3
eth:ethertype:ip:udp:megaco,3
eth:ethertype:ip:udp:ipx:data,3
eth:ethertype:ip:udp:ltp:data,3
eth:ethertype:ip:udp:capwap.data:data,3
eth:ethertype:ip:udp:mndp,3
eth:ethertype:ip:udp:cpfi,3
eth:ethertype:ip:udp:bat.gw,3
eth:ethertype:ip:udp:jmirror:ipv6:l2tp:data,3
eth:ethertype:ip:udp:ecatf:ecat_mailbox,3
eth:ethertype:ip:udp:rx:afs,3
eth:ethertype:ip:udp:capwap.data:eth,2
eth:ethertype:ip:udp:eth:llc,2
eth:ethertype:ip:udp:mdns:vssmonitoring,2
eth:ethertype:ip:udp:lisp-data:ipv6:ipv6.routing,2
eth:ethertype:ip:udp:lisp-data:ipv6:lwl4,2
eth:ethertype:ip:udp:openvpn:tls,2
eth:ethertype:ip:udp:jmirror:ipv6,2
eth:ethertype:ip:udp:llc:osi:data,2
eth:ethertype:ip:udp:quakeworld,2
eth:ethertype:ip:udp:ddtp,2
eth:ethertype:ip:udp:ayiya:dsr:ipv6.hopopts:ipv6.hopopts,2
eth:ethertype:ip:udp:sflow,2
eth:ethertype:ip:udp:tipc:data,2
eth:ethertype:ip:udp:mpls:pwethheuristic:pwethcw:eth:ethertype:data,2
eth:ethertype:ip:udp:l2tp:ppp:data,2
eth:ethertype:ip:udp:llc:sna:data,2
eth:ethertype:ip:udp:jmirror:ipv6:eigrp,2
eth:ethertype:ip:udp:hip,2
eth:ethertype:ip:udp:tpcp,2
eth:ethertype:ip:udp:wimaxasncp,2
eth:ethertype:ip:udp:uftp:uftp5,2
eth:ethertype:ip:udp:a11,1
eth:ethertype:ip:udp:rdpudp:data,1
eth:ethertype:ip:udp:opensafety,1
eth:ethertype:ip:udp:lisp-data:ipv6:nhrp,1
eth:ethertype:ip:udp:lisp-data:ipv6:esp,1
eth:ethertype:ip:udp:h225:data,1
eth:ethertype:ip:udp:ecatf:ams,1
eth:ethertype:ip:udp:tzsp:eth:ethertype:data,1
eth:ethertype:ip:udp:lwapp:wlan:llc:data,1
eth:ethertype:ip:udp:jmirror:ipv6:nhrp,1
eth:ethertype:ip:udp:oicq,1
eth:ethertype:ip:udp:tzsp:tr,1
eth:ethertype:ip:udp:llc:ipx,1
eth:ethertype:ip:udp:mpls:ip:data,1
eth:ethertype:ip:udp:mpls:pwethheuristic:pwethcw:eth,1
eth:ethertype:ip:udp:goose:cotp:goose,1
eth:ethertype:ip:udp:jmirror:ipv6:swipe,1
eth:ethertype:ip:udp:jmirror:ipv6:etherip:eth:llc,1
eth:ethertype:ip:udp:jmirror:ipv6:dsr:dccp,1
eth:ethertype:ip:udp:jmirror:ipv6:esp,1
eth:ethertype:ip:udp:jmirror:ipv6:gre:data,1
eth:ethertype:ip:udp:wccp,1
eth:ethertype:ip:udp:lisp-data:ipv6:osi:data,1
eth:ethertype:ip:udp:lisp-data:ipv6:ah,1
eth:ethertype:ip:udp:lisp-data:ipv6:gre,1
eth:ethertype:ip:udp:teredo:ipv6:data,1
eth:ethertype:ip:udp:lisp-data:ipv6:l2tp:data,1
eth:ethertype:ip:udp:mpls:pwethheuristic:pwethnocw:eth:ethertype:data,1
eth:ethertype:ip:udp:quake,1
eth:ethertype:ip:udp:mactelnet:data,1
eth:ethertype:ip:udp:rmcp:ipmi_session,1
eth:ethertype:ip:udp:scop:wpan,1
eth:ethertype:ip:udp:aodv,1
eth:ethertype:ip:udp:mbudp:modbus,1
eth:ethertype:ip:udp:edonkey,1
eth:ethertype:ip:udp:dlsw,1
