eth:ethertype:ip:udp:stun,7098619
eth:ethertype:ip:udp:data,6545945
eth:ethertype:ip:udp:syslog,4706266
eth:ethertype:ip:udp:dns,4419827
eth:ethertype:ip:udp:snmp,2324085
eth:ethertype:ip:udp:ntp,2172006
eth:ethertype:ip:data,1258050
eth:ethertype:ip:udp:nbns,369929
eth:ethertype:ip:udp:sip,366231
eth:ethertype:ip:udp:coap,225620
eth:ethertype:ip:udp:cldap,205546
eth:ethertype:ip:udp:cflow,155568
eth:ethertype:ip:udp:rpc,118040
eth:ethertype:ip:udp:mdns,103060
eth:ethertype:ip:udp:sip:xml,102304
eth:ethertype:ip:udp:openvpn,70565
eth:ethertype:ip:udp:ssdp,68871
eth:ethertype:ip:udp:isakmp,66295
eth:ethertype:ip:udp:memcache,58967
eth:ethertype:ip:udp:dtls,55271
eth:ethertype:ip:udp:sip:data-text-lines,52949
eth:ethertype:ip:udp:portcontrol,50495
eth:ethertype:ip:udp:capwap,47389
eth:ethertype:ip:udp,45788
eth:ethertype:ip:udp:bvlc:bacnet:bacapp,45674
eth:ethertype:ip:udp:chargen,44751
eth:ethertype:ip:udp:srvloc,44454
eth:ethertype:ip:udp:dhcp,43146
eth:ethertype:ip:udp:gtp,42048
eth:ethertype:ip:udp:rmcp:ipmi_session:data,33639
eth:ethertype:ip:udp:rip,32166
eth:ethertype:ip:udp:l2tp,26157
eth:ethertype:ip:udp:quic:tls,25141
eth:ethertype:ip:udp:udpencap:esp,23379
eth:ethertype:ip:udp:xdmcp,21210
eth:ethertype:ip:udp:kerberos,20480
eth:ethertype:ip:udp:gquic,20451
eth:ethertype:ip:udp:echo,19884
eth:ethertype:ip:udp:bfd,19456
eth:ethertype:ip:udp:lwapp:data,17313
eth:ethertype:ip:udp:rdpudp,16549
eth:ethertype:ip:udp:radius,16128
eth:ethertype:ip:udp:enip,13754
eth:ethertype:ip:udp:classicstun,12206
eth:ethertype:ip:udp:quake3,11870
eth:ethertype:ip:udp:omron,11798
eth:ethertype:ip:udp:gtp:gtpv2,11534
eth:ethertype:ip:udp:nbdgm:smb:browser,10791
eth:ethertype:ip:udp:daytime,10610
eth:ethertype:ip:udp:rpc:data,10541
eth:ethertype:ip:udp:time,10416
eth:ethertype:ip:udp:tftp,10359
eth:ethertype:ip:udp:coap:cbor,10229
eth:ethertype:ip:udp:ecatf:ecat,10218
eth:ethertype:ip:udp:steam_ihs_discovery,8324
eth:ethertype:ip:udp:udpencap:isakmp,6868
eth:ethertype:ip:udp:kip,6381
eth:ethertype:ip:udp:quic,6151
eth:ethertype:ip:udp:hart_ip,5094
eth:ethertype:ip:udp:rtcp,4888
eth:ethertype:ip:udp:teredo:ipv6,4139
eth:ethertype:ip:udp:mgcp,3845
eth:ethertype:ip:udp:coap:data,3591
eth:ethertype:ip:udp:iax2,3554
eth:ethertype:ip:udp:rmcp:asf,3518
eth:ethertype:ip:udp:wsp,1505
eth:ethertype:ip:udp:radius:eap,1237
eth:ethertype:ip:udp:gtpprime,1181
eth:ethertype:ip:udp:cipio,1163
eth:ethertype:ip:udp:rtps,1152
eth:ethertype:ip:udp:raknet:raknet,1142
eth:ethertype:ip:udp:dis,1086
eth:ethertype:ip:udp:teredo:ipv6:icmpv6,1071
eth:ethertype:ip:udp:llc:data,987
eth:ethertype:ip:udp:uaudp,953
eth:ethertype:ip:udp:dcerpc,840
eth:ethertype:ip:udp:quake3:data,707
eth:ethertype:ip:udp:ssdp:data,671
eth:ethertype:ip:udp:iapp,571
eth:ethertype:ip:udp:wtp,567
eth:ethertype:ip:udp:scop:data,551
eth:ethertype:ip:udp:nano,535
eth:ethertype:ip:udp:h225,509
eth:ethertype:ip:udp:asterix,505
eth:ethertype:ip:udp:doip,500
eth:ethertype:ip:udp:gsmtap:data,482
eth:ethertype:ip:udp:wtls,380
eth:ethertype:ip:udp:pn_rt:pn_ptcp,377
eth:ethertype:ip:udp:ath,359
eth:ethertype:ip:udp:cnip,354
eth:ethertype:ip:udp:corosync_totemnet:data,336
eth:ethertype:ip:udp:manolito,323
eth:ethertype:ip:udp:sctp,323
eth:ethertype:ip:udp:ulp,304
eth:ethertype:ip:udp:a21,303
eth:ethertype:ip:udp:stun:data,294
eth:ethertype:ip:udp:llmnr,287
eth:ethertype:ip:udp:tacacs,279
eth:ethertype:ip:udp:wg,265
eth:ethertype:ip:udp:dof,243
eth:ethertype:ip:udp:kink,241
eth:ethertype:ip:udp:rsip,234
eth:ethertype:ip:udp:quakeworld:data,234
eth:ethertype:ip:udp:wlccp,234
eth:ethertype:ip:udp:db-lsp-disc,224
eth:ethertype:ip:udp:bfd_echo,223
eth:ethertype:ip:udp:hcrt,222
eth:ethertype:ip:udp:enrp,219
eth:ethertype:ip:udp:icp,216
eth:ethertype:ip:udp:mikey,214
eth:ethertype:ip:udp:mint,213
eth:ethertype:ip:udp:bat:data,208
eth:ethertype:ip:udp:elasticsearch,197
eth:ethertype:ip:udp:rx,191
eth:ethertype:ip:udp:knet,188
eth:ethertype:ip:udp:sap,184
eth:ethertype:ip:udp:ecatf:data,184
eth:ethertype:ip:udp:gre:data,183
eth:ethertype:ip:udp:quake,183
eth:ethertype:ip:udp:rdt,181
eth:ethertype:ip:udp:opensafety:data,177
eth:ethertype:ip:udp:hiqnet,177
eth:ethertype:ip:udp:lwapp:wlan,175
eth:ethertype:ip:udp:nxp_802154_sniffer:wpan:data,165
eth:ethertype:ip:udp:h501,163
eth:ethertype:ip:udp:tplink-smarthome:json:data-text-lines,162
eth:ethertype:ip:udp:collectd,160
eth:ethertype:ip:udp:idn,160
eth:ethertype:ip:udp:infiniband:data,157
eth:ethertype:ip:udp:mpls-echo,152
eth:ethertype:ip:udp:gprs-ns:bssgp,151
eth:ethertype:ip:udp:who,145
eth:ethertype:ip:udp:vxlan:eth:llc:data,143
eth:ethertype:ip:udp:gprs-ns,138
eth:ethertype:ip:udp:tzsp,137
eth:ethertype:ip:udp:tapa,130
eth:ethertype:ip:udp:c1222,121
eth:ethertype:ip:udp:ieee1722:data,105
eth:ethertype:ip:udp:dvb_ipdc:data,103
eth:ethertype:ip:udp:bat.vis:data,103
eth:ethertype:ip:udp:msproxy,101
eth:ethertype:ip:udp:asap,97
eth:ethertype:ip:udp:bjnp,96
eth:ethertype:ip:udp:iax2:data,96
eth:ethertype:ip:udp:raknet,93
eth:ethertype:ip:udp:tetra,93
eth:ethertype:ip:udp:mpls:data,88
eth:ethertype:ip:udp:ecmp,87
eth:ethertype:ip:udp:adp,85
eth:ethertype:ip:udp:vuze-dht,83
eth:ethertype:ip:udp:ipvs,78
eth:ethertype:ip:udp:ayiya,76
eth:ethertype:ip:udp:rx:afs,70
eth:ethertype:ip:udp:teredo:data,68
eth:ethertype:ip:udp:dpnet,67
eth:ethertype:ip:udp:quake:data,67
eth:ethertype:ip:udp:egd:data,65
eth:ethertype:ip:udp:rsvp,65
eth:ethertype:ip:udp:opensafety_udp:data,64
eth:ethertype:ip:udp:bat.gw:data,64
eth:ethertype:ip:udp:pfcp,62
eth:ethertype:ip:udp:megaco:data,61
eth:ethertype:ip:udp:kdp,61
eth:ethertype:ip:udp:ajns,60
eth:ethertype:ip:udp:h248,54
eth:ethertype:ip:udp:mipv6,51
eth:ethertype:ip:udp:nxp_802154_sniffer,51
eth:ethertype:ip:udp:pktc.mtafqdn,48
eth:ethertype:ip:udp:sap:sdp,47
eth:ethertype:ip:udp:udpencap,46
eth:ethertype:ip:udp:cnip:data,45
eth:ethertype:ip:udp:vrt,45
eth:ethertype:ip:udp:ts2,45
eth:ethertype:ip:udp:ax4000,42
eth:ethertype:ip:udp:tipc,41
eth:ethertype:ip:udp:capwap.data,41
eth:ethertype:ip:udp:pktc,40
eth:ethertype:ip:udp:infiniband,40
eth:ethertype:ip:udp:lisp,40
eth:ethertype:ip:udp:lisp-data,39
eth:ethertype:ip:udp:pn_rt:pn_io,38
eth:ethertype:ip:udp:wisun.eapol_relay:eapol:data,37
eth:ethertype:ip:udp:gsmtap,37
eth:ethertype:ip:udp:ardp,37
eth:ethertype:ip:udp:sabp,34
eth:ethertype:ip:udp:geneve,34
eth:ethertype:ip:udp:mih,33
eth:ethertype:ip:udp:dcc,32
eth:ethertype:ip:udp:amt,29
eth:ethertype:ip:udp:vxlan:eth:ethertype:data,29
eth:ethertype:ip:udp:wtp:wsp,28
eth:ethertype:ip:udp:ltp,27
eth:ethertype:ip:udp:lisp:data,27
eth:ethertype:ip:udp:lwapp:wlan:data,26
eth:ethertype:ip:udp:dmp,26
eth:ethertype:ip:udp:sbus,26
eth:ethertype:ip:udp:papi,24
eth:ethertype:ip:udp:udt,24
eth:ethertype:ip:udp:quake2:data,23
eth:ethertype:ip:udp:dhcpv6,22
eth:ethertype:ip:udp:geneve:data,22
eth:ethertype:ip:udp:eth:ethertype:data,21
eth:ethertype:ip:udp:data:vssmonitoring,20
eth:ethertype:ip:udp:sip:sdp,20
eth:ethertype:ip:udp:llc,19
eth:ethertype:ip:udp:gre,19
eth:ethertype:ip:udp:rtpproxy,19
eth:ethertype:ip:udp:sabp:sabp,19
eth:ethertype:ip:udp:egd,18
eth:ethertype:ip:udp:bat.gw:ip,18
eth:ethertype:ip:udp:lwres,16
eth:ethertype:ip:udp:rsp,15
eth:ethertype:ip:udp:ripng,14
eth:ethertype:ip:udp:mndp,14
eth:ethertype:ip:udp:scop,14
eth:ethertype:ip:udp:thrift,14
eth:ethertype:ip:udp:vxlan:eth,13
eth:ethertype:ip:udp:quake2,13
eth:ethertype:ip:udp:raknet:raknet:raknet,13
eth:ethertype:ip:udp:kpasswd,13
eth:ethertype:ip:udp:mpls:pwethheuristic:pwethcw:eth:ethertype:data,13
eth:ethertype:ip:udp:mpls:ipv6:ipv6.hopopts,13
eth:ethertype:ip:udp:mpls:ip:data,13
eth:ethertype:ip:udp:goose:cotp,12
eth:ethertype:ip:udp:find,12
eth:ethertype:ip:udp:pn_rt,11
eth:ethertype:ip:udp:lmp,10
eth:ethertype:ip:udp:ecatf:tc_nv,10
eth:ethertype:ip:udp:dlep,9
eth:ethertype:ip:udp:mpls:ipv6:data,9
eth:ethertype:ip:udp:capwap:dtls,9
eth:ethertype:ip:udp:rpc:nfs,9
eth:ethertype:ip:udp:icq,9
eth:ethertype:ip:udp:l2tp:ppp:data,9
eth:ethertype:ip:udp:nxp_802154_sniffer:wpan,8
eth:ethertype:ip:udp:mpls:ip,8
eth:ethertype:ip:udp:mip,8
eth:ethertype:ip:udp:ncp,8
eth:ethertype:ip:udp:l2tp:data,8
eth:ethertype:ip:udp:wisun.eapol_relay:eapol,7
eth:ethertype:ip:udp:slimp3,7
eth:ethertype:ip:udp:capwap.data:dtls,7
eth:ethertype:ip:udp:cups,6
eth:ethertype:ip:udp:auto_rp,6
eth:ethertype:ip:udp:xyplex,6
eth:ethertype:ip:udp:ecatf:ioraw,6
eth:ethertype:ip:udp:nbdgm,6
eth:ethertype:ip:udp:msmms,6
eth:ethertype:ip:udp:ltp:data,5
eth:ethertype:ip:udp:mpls,5
eth:ethertype:ip:udp:lwapp,5
eth:ethertype:ip:udp:mpls:pwach:data,5
eth:ethertype:ip:udp:eth,5
eth:ethertype:ip:udp:sip:sigcomp,5
eth:ethertype:ip:udp:mpls:pwach,5
eth:ethertype:ip:udp:ieee1722:iec61883,5
eth:ethertype:ip:udp:tsp,5
eth:ethertype:ip:udp:dcp-etsi:dcp-af,5
eth:ethertype:ip:udp:tzsp:data,5
eth:ethertype:ip:udp:bvlc,5
eth:ethertype:ip:udp:olsr,4
eth:ethertype:ip:udp:a11,4
eth:ethertype:ip:udp:ipx:data,4
eth:ethertype:ip:udp:data:f5ethtrailer,4
eth:ethertype:ip:udp:bundle:bundle,4
eth:ethertype:ip:udp:wccp,4
eth:ethertype:ip:udp:tpcp,4
eth:ethertype:ip:udp:lbtrm,4
eth:ethertype:ip:udp:ecatf:ecat_mailbox,4
eth:ethertype:ip:udp:cpfi,4
eth:ethertype:ip:udp:vssmonitoring,4
eth:ethertype:ip:udp:eth:llc:data,3
eth:ethertype:ip:udp:acdr,3
eth:ethertype:ip:udp:mpls:pwethheuristic:pwethnocw:eth:ethertype:data,3
eth:ethertype:ip:udp:teredo:ipv6:data,3
eth:ethertype:ip:udp:ayiya:dsr:ipv6.hopopts:ipv6.hopopts,3
eth:ethertype:ip:udp:sigcomp,3
eth:ethertype:ip:udp:bat.gw,3
eth:ethertype:ip:udp:dvb_ipdc:alc:rmt-lct,3
eth:ethertype:ip:udp:dlsw,3
eth:ethertype:ip:udp:mint:eth:ethertype:data,3
eth:ethertype:ip:udp:sflow,3
eth:ethertype:ip:udp:jmirror:ipv6,2
eth:ethertype:ip:udp:ptp,2
eth:ethertype:ip:udp:amt:ip,2
eth:ethertype:ip:udp:lisp-data:ipv6,2
eth:ethertype:ip:udp:dcp-etsi:dcp-pft,2
eth:ethertype:ip:udp:rdpudp:dtls,2
eth:ethertype:ip:udp:rdpudp:tls,2
eth:ethertype:ip:udp:epl,2
eth:ethertype:ip:udp:aodv,2
eth:ethertype:ip:udp:mpls:ipv6,2
eth:ethertype:ip:udp:bat.vis,2
eth:ethertype:ip:udp:ipx,2
eth:ethertype:ip:udp:acdr:data,2
eth:ethertype:ip:udp:cnip:lon,2
eth:ethertype:ip:udp:wisun.eapol_relay,2
eth:ethertype:ip:udp:mpls:ipv6:ipcomp:data,2
eth:ethertype:ip:udp:uftp:uftp4,2
eth:ethertype:ip:udp:goose:cotp:data,2
eth:ethertype:ip:udp:capwap.data:eth:ethertype:data,1
eth:ethertype:ip:udp:udpencap:data,1
eth:ethertype:ip:udp:actrace,1
eth:ethertype:ip:udp:h225:data,1
eth:ethertype:ip:udp:teredo,1
eth:ethertype:ip:udp:eth:llc,1
eth:ethertype:ip:udp:ecatf,1
eth:ethertype:ip:udp:ieee1722,1
eth:ethertype:ip:udp:packetbb,1
eth:ethertype:ip:udp:wol,1
eth:ethertype:ip:udp:pathport,1
eth:ethertype:ip:udp:snmp:data,1
eth:ethertype:ip:udp:tipc:data,1
eth:ethertype:ip:udp:ldp,1
eth:ethertype:ip:udp:memcache:vssmonitoring,1
eth:ethertype:ip:udp:rmcp:ipmi_session,1
eth:ethertype:ip:udp:mpls:pwethheuristic:pwethcw:eth,1
eth:ethertype:ip:udp:opensafety_udp,1
eth:ethertype:ip:udp:ieee1722:aaf,1
eth:ethertype:ip:udp:mpls:ipv6:nhrp,1
eth:ethertype:ip:udp:mpls:ipv6:swipe,1
eth:ethertype:ip:udp:mpls:ipv6:eigrp,1
eth:ethertype:ip:udp:armagetronad,1
eth:ethertype:ip:udp:megaco,1
eth:ethertype:ip:udp:capwap:data,1
eth:ethertype:ip:udp:ip,1
eth:ethertype:ip:udp:dvb_ipdc:alc:rmt-lct:data,1
eth:ethertype:ip:udp:capwap.data:data,1
eth:ethertype:ip:udp:vxlan,1
eth:ethertype:ip:udp:lisp-data:ipv6:data,1
eth:ethertype:ip:udp:wimaxasncp,1
eth:ethertype:ip:udp:adwin,1
eth:ethertype:ip:udp:oicq,1
