eth:ethertype:ip:udp:stun,11715891
eth:ethertype:ip:udp:data,6492728
eth:ethertype:ip:udp:dns,2770362
eth:ethertype:ip:udp:syslog,1911756
eth:ethertype:ip:udp:ntp,1616415
eth:ethertype:ip:udp:snmp,1594367
eth:ethertype:ip:data,1035292
eth:ethertype:ip:udp:nbns,350232
eth:ethertype:ip:udp:sip,221412
eth:ethertype:ip:udp:cflow,148476
eth:ethertype:ip:udp:coap,93268
eth:ethertype:ip:udp:cldap,90620
eth:ethertype:ip:udp:sip:xml,80196
eth:ethertype:ip:udp:mdns,75714
eth:ethertype:ip:udp:isakmp,62147
eth:ethertype:ip:udp:rpc,60386
eth:ethertype:ip:udp:dtls,59154
eth:ethertype:ip:udp:ssdp,52476
eth:ethertype:ip:udp,47536
eth:ethertype:ip:udp:openvpn,46782
eth:ethertype:ip:udp:sip:data-text-lines,41358
eth:ethertype:ip:udp:memcache,41000
eth:ethertype:ip:udp:portcontrol,39992
eth:ethertype:ip:udp:gtp,37430
eth:ethertype:ip:udp:capwap,33069
eth:ethertype:ip:udp:dhcp,32129
eth:ethertype:ip:udp:bvlc:bacnet:bacapp,29192
eth:ethertype:ip:udp:srvloc,28874
eth:ethertype:ip:udp:rmcp:ipmi_session:data,23174
eth:ethertype:ip:udp:l2tp,20891
eth:ethertype:ip:udp:chargen,20406
eth:ethertype:ip:udp:quic:tls,19707
eth:ethertype:ip:udp:udpencap:esp,18855
eth:ethertype:ip:udp:xdmcp,17978
eth:ethertype:ip:udp:kerberos,16553
eth:ethertype:ip:udp:gquic,16115
eth:ethertype:ip:udp:rdpudp,15216
eth:ethertype:ip:udp:hart_ip,14867
eth:ethertype:ip:udp:echo,14197
eth:ethertype:ip:udp:lwapp:data,13430
eth:ethertype:ip:udp:tftp,13121
eth:ethertype:ip:udp:omron,12705
eth:ethertype:ip:udp:classicstun,11793
eth:ethertype:ip:udp:enip,11635
eth:ethertype:ip:udp:bfd,10978
eth:ethertype:ip:udp:time,10807
eth:ethertype:ip:udp:ecatf:ecat,10212
eth:ethertype:ip:udp:radius,10070
eth:ethertype:ip:udp:gtp:gtpv2,10025
eth:ethertype:ip:udp:rip,8392
eth:ethertype:ip:udp:steam_ihs_discovery,7490
eth:ethertype:ip:udp:daytime,7021
eth:ethertype:ip:udp:nbdgm:smb:browser,6579
eth:ethertype:ip:udp:udpencap:isakmp,6221
eth:ethertype:ip:udp:rtcp,5292
eth:ethertype:ip:udp:kip,5273
eth:ethertype:ip:udp:dis,5136
eth:ethertype:ip:udp:mgcp,4647
eth:ethertype:ip:udp:teredo:ipv6,2947
eth:ethertype:ip:udp:coap:data,2865
eth:ethertype:ip:udp:rmcp:asf,2693
eth:ethertype:ip:udp:raknet:raknet,2680
eth:ethertype:ip:udp:epl:data,2260
eth:ethertype:ip:udp:iax2,2039
eth:ethertype:ip:udp:quic,1876
eth:ethertype:ip:udp:wsp,1605
eth:ethertype:ip:udp:llc:data,1328
eth:ethertype:ip:udp:llmnr,1280
eth:ethertype:ip:udp:cipio,1214
eth:ethertype:ip:udp:quake3:data,1138
eth:ethertype:ip:udp:elasticsearch,1128
eth:ethertype:ip:udp:gtpprime,1081
eth:ethertype:ip:udp:wtp,1016
eth:ethertype:ip:udp:ipvs,925
eth:ethertype:ip:udp:wtls,867
eth:ethertype:ip:udp:rtps,850
eth:ethertype:ip:udp:rdt,837
eth:ethertype:ip:udp:asterix,803
eth:ethertype:ip:udp:ax4000,732
eth:ethertype:ip:udp:corosync_totemnet:data,720
eth:ethertype:ip:udp:amt,674
eth:ethertype:ip:udp:pn_rt:pn_ptcp,674
eth:ethertype:ip:udp:scop:data,662
eth:ethertype:ip:udp:sabp,651
eth:ethertype:ip:udp:tetra,635
eth:ethertype:ip:udp:gre:data,604
eth:ethertype:ip:udp:pktc.mtafqdn,594
eth:ethertype:ip:udp:bjnp,585
eth:ethertype:ip:udp:ssdp:data,552
eth:ethertype:ip:udp:ajns,549
eth:ethertype:ip:udp:kink,532
eth:ethertype:ip:udp:nxp_802154_sniffer:wpan,532
eth:ethertype:ip:udp:dof,526
eth:ethertype:ip:udp:ts2,519
eth:ethertype:ip:udp:ath,510
eth:ethertype:ip:udp:sctp,509
eth:ethertype:ip:udp:ulp,495
eth:ethertype:ip:udp:iapp,482
eth:ethertype:ip:udp:h225,481
eth:ethertype:ip:udp:mih,479
eth:ethertype:ip:udp:mpls:data,470
eth:ethertype:ip:udp:tipc,454
eth:ethertype:ip:udp:rsvp,441
eth:ethertype:ip:udp:manolito,436
eth:ethertype:ip:udp:wisun.eapol_relay:eapol:data,436
eth:ethertype:ip:udp:gprs-ns:bssgp,429
eth:ethertype:ip:udp:ecatf:data,429
eth:ethertype:ip:udp:bfd_echo,420
eth:ethertype:ip:udp:cnip,414
eth:ethertype:ip:udp:iax2:data,413
eth:ethertype:ip:udp:teredo:data,409
eth:ethertype:ip:udp:vuze-dht,407
eth:ethertype:ip:udp:idn,403
eth:ethertype:ip:udp:rsip,398
eth:ethertype:ip:udp:uaudp,398
eth:ethertype:ip:udp:adp,375
eth:ethertype:ip:udp:tplink-smarthome:json:data-text-lines,330
eth:ethertype:ip:udp:mipv6,308
eth:ethertype:ip:udp:lisp:data,308
eth:ethertype:ip:udp:epl,299
eth:ethertype:ip:udp:opensafety:data,298
eth:ethertype:ip:udp:hiqnet,287
eth:ethertype:ip:udp:gprs-ns,284
eth:ethertype:ip:udp:doip,283
eth:ethertype:ip:udp:kdp,281
eth:ethertype:ip:udp:eth:ethertype:data,281
eth:ethertype:ip:udp:hcrt,274
eth:ethertype:ip:udp:mint,274
eth:ethertype:ip:udp:nano,274
eth:ethertype:ip:udp:lisp-data,272
eth:ethertype:ip:udp:enrp,270
eth:ethertype:ip:udp:opensafety_udp:data,270
eth:ethertype:ip:udp:dvb_ipdc:data,269
eth:ethertype:ip:udp:h248,257
eth:ethertype:ip:udp:ieee1722:data,250
eth:ethertype:ip:udp:sap,249
eth:ethertype:ip:udp:vxlan:eth:llc:data,249
eth:ethertype:ip:udp:ecmp,242
eth:ethertype:ip:udp:ayiya,240
eth:ethertype:ip:udp:lwapp:wlan,238
eth:ethertype:ip:udp:sbus,237
eth:ethertype:ip:udp:msproxy,235
eth:ethertype:ip:udp:ardp,234
eth:ethertype:ip:udp:wlccp,227
eth:ethertype:ip:udp:icp,221
eth:ethertype:ip:udp:c1222,220
eth:ethertype:ip:udp:geneve:data,205
eth:ethertype:ip:udp:sabp:sabp,197
eth:ethertype:ip:udp:dpnet,196
eth:ethertype:ip:udp:db-lsp-disc,190
eth:ethertype:ip:udp:mpls-echo,178
eth:ethertype:ip:udp:quakeworld:data,174
eth:ethertype:ip:udp:vrt,171
eth:ethertype:ip:udp:sap:sdp,159
eth:ethertype:ip:udp:quake3,147
eth:ethertype:ip:udp:tzsp,141
eth:ethertype:ip:udp:rx,141
eth:ethertype:ip:udp:a21,140
eth:ethertype:ip:udp:capwap.data,131
eth:ethertype:ip:udp:quake2:data,130
eth:ethertype:ip:udp:bat:data,128
eth:ethertype:ip:udp:mpls:pwethheuristic:pwethcw:eth:ethertype:data,127
eth:ethertype:ip:udp:infiniband:data,111
eth:ethertype:ip:udp:mikey,109
eth:ethertype:ip:udp:mpls:ip:data,109
eth:ethertype:ip:udp:knet,108
eth:ethertype:ip:udp:bat.vis:data,105
eth:ethertype:ip:udp:bat.gw:data,96
eth:ethertype:ip:udp:quake:data,87
eth:ethertype:ip:udp:ecatf:tc_nv,85
eth:ethertype:ip:udp:pfcp,84
eth:ethertype:ip:udp:tacacs,83
eth:ethertype:ip:udp:asap,83
eth:ethertype:ip:udp:gsmtap:data,82
eth:ethertype:ip:udp:mpls:ipv6:data,82
eth:ethertype:ip:udp:megaco:data,81
eth:ethertype:ip:udp:egd:data,76
eth:ethertype:ip:udp:pktc,74
eth:ethertype:ip:udp:raknet,72
eth:ethertype:ip:udp:capwap:dtls,70
eth:ethertype:ip:udp:lisp-data:ip:data,68
eth:ethertype:ip:udp:radius:eap,67
eth:ethertype:ip:udp:lisp-data:ipv6:data,67
eth:ethertype:ip:udp:capwap.data:eth:ethertype:data,67
eth:ethertype:ip:udp:h501,63
eth:ethertype:ip:udp:dcc,55
eth:ethertype:ip:udp:mpls:ipv6:ipv6.hopopts,54
eth:ethertype:ip:udp:pn_rt:pn_io,47
eth:ethertype:ip:udp:wg,46
eth:ethertype:ip:udp:gre,45
eth:ethertype:ip:udp:infiniband,43
eth:ethertype:ip:udp:lwapp:wlan:data,43
eth:ethertype:ip:udp:geneve,41
eth:ethertype:ip:udp:vxlan:eth:ethertype:data,33
eth:ethertype:ip:udp:dmp,33
eth:ethertype:ip:udp:collectd,33
eth:ethertype:ip:udp:gsmtap,32
eth:ethertype:ip:udp:mpls:ip,31
eth:ethertype:ip:udp:lisp-data:ip,31
eth:ethertype:ip:udp:raknet:raknet:raknet,27
eth:ethertype:ip:udp:dvb_ipdc:alc:data,26
eth:ethertype:ip:udp:cnip:data,24
eth:ethertype:ip:udp:egd,24
eth:ethertype:ip:udp:jmirror:ipv6:data,24
eth:ethertype:ip:udp:thrift,22
eth:ethertype:ip:udp:tsp,22
eth:ethertype:ip:udp:sip:data-text-lines:xml,22
eth:ethertype:ip:udp:data:vssmonitoring,20
eth:ethertype:ip:udp:lisp,20
eth:ethertype:ip:udp:nxp_802154_sniffer,19
eth:ethertype:ip:udp:ltp,19
eth:ethertype:ip:udp:wtp:wsp,19
eth:ethertype:ip:udp:dcp-etsi:dcp-pft,18
eth:ethertype:ip:udp:l2tp:data,17
eth:ethertype:ip:udp:papi,17
eth:ethertype:ip:udp:eth,16
eth:ethertype:ip:udp:rtpproxy,14
eth:ethertype:ip:udp:capwap.data:dtls,13
eth:ethertype:ip:udp:llc,12
eth:ethertype:ip:udp:sigcomp,11
eth:ethertype:ip:udp:sabp:sabp:sabp,11
eth:ethertype:ip:udp:dhcpv6,10
eth:ethertype:ip:udp:acdr,10
eth:ethertype:ip:udp:ecatf:ioraw,10
eth:ethertype:ip:udp:ripng,10
eth:ethertype:ip:udp:lisp-data:ipv6,10
eth:ethertype:ip:udp:dlep,9
eth:ethertype:ip:udp:find,9
eth:ethertype:ip:udp:slimp3,9
eth:ethertype:ip:udp:mpls:pwach:data,8
eth:ethertype:ip:udp:dcp-etsi:dcp-af,8
eth:ethertype:ip:udp:wisun.eapol_relay,7
eth:ethertype:ip:udp:mpls,7
eth:ethertype:ip:udp:goose:cotp,7
eth:ethertype:ip:udp:mip,7
eth:ethertype:ip:udp:scop,7
eth:ethertype:ip:udp:vxlan:eth,7
eth:ethertype:ip:udp:mpls:ipv6,7
eth:ethertype:ip:udp:cpfi,6
eth:ethertype:ip:udp:msmms,6
eth:ethertype:ip:udp:quake2,6
eth:ethertype:ip:udp:teredo,5
eth:ethertype:ip:udp:ecatf,5
eth:ethertype:ip:udp:dlsw,5
eth:ethertype:ip:udp:eth:llc:data,5
eth:ethertype:ip:udp:ecatf:ams,5
eth:ethertype:ip:udp:lbtrm,5
eth:ethertype:ip:udp:ncp,5
eth:ethertype:ip:udp:mpls:pwethheuristic:pwethcw:eth,5
eth:ethertype:ip:udp:lwres,5
eth:ethertype:ip:udp:data:f5ethtrailer,4
eth:ethertype:ip:udp:armagetronad,4
eth:ethertype:ip:udp:mpls:ipv6:vrrp,4
eth:ethertype:ip:udp:cups,4
eth:ethertype:ip:udp:lmp,4
eth:ethertype:ip:udp:sip:sigcomp,4
eth:ethertype:ip:udp:xyplex,3
eth:ethertype:ip:udp:goose:cotp:goose,3
eth:ethertype:ip:udp:llc:osi:data,3
eth:ethertype:ip:udp:ecatf:ecat_mailbox,3
eth:ethertype:ip:udp:rx:afs,3
eth:ethertype:ip:udp:mndp,3
eth:ethertype:ip:udp:adwin,3
eth:ethertype:ip:udp:lwapp,3
eth:ethertype:ip:udp:h225:data,3
eth:ethertype:ip:udp:tzsp:data,3
eth:ethertype:ip:udp:dvb_ipdc:alc:rmt-lct,3
eth:ethertype:ip:udp:tpcp,3
eth:ethertype:ip:udp:ptp,3
eth:ethertype:ip:udp:ieee1722:iec61883,3
eth:ethertype:ip:udp:who,3
eth:ethertype:ip:udp:capwap.data:data,3
eth:ethertype:ip:udp:mpls:ipv6:ipcomp:data,3
eth:ethertype:ip:udp:mpls:ipv6:esp,3
eth:ethertype:ip:udp:mpls:ipv6:nhrp,3
eth:ethertype:ip:udp:nbdgm,3
eth:ethertype:ip:udp:lisp-data:ipv6:l2tp:data,3
eth:ethertype:ip:udp:lisp-data:ipv6:etherip:eth:llc,3
eth:ethertype:ip:udp:lisp-data:ipv6:vrrp,3
eth:ethertype:ip:udp:mpls:ipv6:dsr,3
eth:ethertype:ip:udp:lisp-data:ipv6:swipe,3
eth:ethertype:ip:udp:lisp-data:ipv6:ipv6.routing,3
eth:ethertype:ip:udp:rsp,3
eth:ethertype:ip:udp:quake,3
eth:ethertype:ip:udp:amt:ip,3
eth:ethertype:ip:udp:kpasswd,2
eth:ethertype:ip:udp:pathport,2
eth:ethertype:ip:udp:ieee1722,2
eth:ethertype:ip:udp:packetbb,2
eth:ethertype:ip:udp:ayiya:dsr:ipv6.hopopts:ipv6.hopopts,2
eth:ethertype:ip:udp:mpls:ipv6:l2tp:data,2
eth:ethertype:ip:udp:mpls:ipv6:ah,2
eth:ethertype:ip:udp:auto_rp,2
eth:ethertype:ip:udp:mpls:ipv6:pim,2
eth:ethertype:ip:udp:wisun.eapol_relay:eapol,2
eth:ethertype:ip:udp:wol,2
eth:ethertype:ip:udp:llc:sna:data,2
eth:ethertype:ip:udp:lisp-data:ipv6:osi:data,2
eth:ethertype:ip:udp:lisp-data:ipv6:gre:data,2
eth:ethertype:ip:udp:lisp-data:ipv6:ospf,2
eth:ethertype:ip:udp:lisp-data:ipv6:nhrp,2
eth:ethertype:ip:udp:tapa,2
eth:ethertype:ip:udp:wccp,2
eth:ethertype:ip:udp:quakeworld,2
eth:ethertype:ip:udp:udpencap,2
eth:ethertype:ip:udp:ddtp,2
eth:ethertype:ip:udp:tzsp:eth:ethertype:data,1
eth:ethertype:ip:udp:mpls:ipv6:pgm,1
eth:ethertype:ip:udp:mpls:ipv6:vines_frp:vines_ip:data,1
eth:ethertype:ip:udp:megaco:h248,1
eth:ethertype:ip:udp:eth:ethertype:eth:ethertype:data,1
eth:ethertype:ip:udp:mint:eth:ethertype:data,1
eth:ethertype:ip:udp:nxp_802154_sniffer:wpan:data,1
eth:ethertype:ip:udp:rsp:asf:data,1
eth:ethertype:ip:udp:mpls:ipv6:eigrp,1
eth:ethertype:ip:udp:jmirror:ipv6:pim,1
eth:ethertype:ip:udp:jmirror:ipv6:swipe,1
eth:ethertype:ip:udp:jmirror:ipv6:osi:data,1
eth:ethertype:ip:udp:jmirror:ipv6:vrrp,1
eth:ethertype:ip:udp:jmirror:ipv6:l2tp:data,1
eth:ethertype:ip:udp:jmirror:ipv6:nhrp,1
eth:ethertype:ip:udp:jmirror:ipv6:ipcomp:data,1
eth:ethertype:ip:udp:jmirror:ipv6:esp,1
eth:ethertype:ip:udp:pn_rt,1
eth:ethertype:ip:udp:teredo:ipv6:ipcomp:data,1
eth:ethertype:ip:udp:bat.vis,1
eth:ethertype:ip:udp:aodv,1
eth:ethertype:ip:udp:mpls:pwethheuristic:pwethnocw:eth:ethertype:data,1
eth:ethertype:ip:udp:lisp-data:ipv6:pim,1
eth:ethertype:ip:udp:lisp-data:ipv6:eigrp,1
eth:ethertype:ip:udp:lisp-data:ipv6:ipcomp:data,1
eth:ethertype:ip:udp:lisp-data:ipv6:ah,1
eth:ethertype:ip:udp:ipx,1
eth:ethertype:ip:udp:mpls:ipv6:ipv6.routing,1
eth:ethertype:ip:udp:mpls:ipv6:swipe,1
eth:ethertype:ip:udp:lisp-data:ipv6:dsr,1
eth:ethertype:ip:udp:eth:llc,1
eth:ethertype:ip:udp:jmirror:ipv6,1
eth:ethertype:ip:udp:db-lsp-disc:json:data-text-lines,1
eth:ethertype:ip:udp:lisp-data:ipv6:lwl4,1
eth:ethertype:ip:udp:ieee1722:ntscf:acf,1
eth:ethertype:ip:udp:ieee1722:aaf,1
eth:ethertype:ip:udp:lisp-data:ipv6:esp,1
eth:ethertype:ip:udp:vxlan,1
eth:ethertype:ip:udp:uftp:data,1
eth:ethertype:ip:udp:eth:ethertype:stp,1
eth:ethertype:ip:udp:ssyncp,1
eth:ethertype:ip:udp:mpls:ipv6:gre,1
eth:ethertype:ip:udp:ipx:data,1
eth:ethertype:ip:udp:bat.gw,1
eth:ethertype:ip:udp:capwap:data,1
eth:ethertype:ip:udp:scop:wpan,1
eth:ethertype:ip:udp:tplink-smarthome:json,1
eth:ethertype:ip:udp:capwap.data:eth:llc:data,1
eth:ethertype:ip:udp:cigi,1
