eth:ethertype:ip:udp:data,8485501
eth:ethertype:ip:udp:syslog,4866000
eth:ethertype:ip:udp:snmp,4093213
eth:ethertype:ip:udp:dns,3798353
eth:ethertype:ip:udp:ntp,2229272
eth:ethertype:ip:udp:stun,1852795
eth:ethertype:ip:data,1398247
eth:ethertype:ip:udp:nbns,555195
eth:ethertype:ip:udp:sip,325680
eth:ethertype:ip:udp:coap,280439
eth:ethertype:ip:udp:cflow,138797
eth:ethertype:ip:udp:mdns,106219
eth:ethertype:ip:udp:rpc,92494
eth:ethertype:ip:udp:ssdp,90624
eth:ethertype:ip:udp:sip:xml,85961
eth:ethertype:ip:udp:cldap,81251
eth:ethertype:ip:udp:portcontrol,69356
eth:ethertype:ip:udp:gtp,63789
eth:ethertype:ip:udp:memcache,63722
eth:ethertype:ip:udp,63442
eth:ethertype:ip:udp:openvpn,61734
eth:ethertype:ip:udp:dtls,58612
eth:ethertype:ip:udp:isakmp,53339
eth:ethertype:ip:udp:sip:data-text-lines,52649
eth:ethertype:ip:udp:chargen,50533
eth:ethertype:ip:udp:bvlc:bacnet:bacapp,47828
eth:ethertype:ip:udp:capwap,43568
eth:ethertype:ip:udp:srvloc,35276
eth:ethertype:ip:udp:xdmcp,34921
eth:ethertype:ip:udp:rip,28197
eth:ethertype:ip:udp:dhcp,27286
eth:ethertype:ip:udp:l2tp,26913
eth:ethertype:ip:udp:quic:tls,26887
eth:ethertype:ip:udp:rdpudp,26485
eth:ethertype:ip:udp:radius,25686
eth:ethertype:ip:udp:echo,24428
eth:ethertype:ip:udp:rmcp:ipmi_session:data,24216
eth:ethertype:ip:udp:tftp,24045
eth:ethertype:ip:udp:quake3,23725
eth:ethertype:ip:udp:udpencap:esp,22934
eth:ethertype:ip:udp:gquic,20370
eth:ethertype:ip:udp:kerberos,20169
eth:ethertype:ip:udp:bfd,19432
eth:ethertype:ip:udp:gtp:gtpv2,17497
eth:ethertype:ip:udp:lwapp:data,17002
eth:ethertype:ip:udp:pfcp,16777
eth:ethertype:ip:udp:omron,12760
eth:ethertype:ip:udp:nbdgm:smb:browser,12598
eth:ethertype:ip:udp:enip,12589
eth:ethertype:ip:udp:classicstun,12300
eth:ethertype:ip:udp:time,10849
eth:ethertype:ip:udp:llc:data,10571
eth:ethertype:ip:udp:daytime,10471
eth:ethertype:ip:udp:rpc:data,10407
eth:ethertype:ip:udp:ecatf:ecat,9906
eth:ethertype:ip:udp:steam_ihs_discovery,9534
eth:ethertype:ip:udp:udpencap:isakmp,9176
eth:ethertype:ip:udp:rtcp,6375
eth:ethertype:ip:udp:kip,6352
eth:ethertype:ip:udp:teredo:ipv6,5843
eth:ethertype:ip:udp:mgcp,5835
eth:ethertype:ip:udp:quic,5702
eth:ethertype:ip:udp:hart_ip,4972
eth:ethertype:ip:udp:coap:data,3523
eth:ethertype:ip:udp:rmcp:asf,3427
eth:ethertype:ip:udp:raknet:raknet,2991
eth:ethertype:ip:udp:iax2,2491
eth:ethertype:ip:udp:mndp,1817
eth:ethertype:ip:udp:wsp,1617
eth:ethertype:ip:udp:gtpprime,1570
eth:ethertype:ip:udp:cipio,1539
eth:ethertype:ip:udp:rtps,1336
eth:ethertype:ip:udp:dis,1221
eth:ethertype:ip:udp:wtp,818
eth:ethertype:ip:udp:ssdp:data,632
eth:ethertype:ip:udp:nxp_802154_sniffer:wpan,443
eth:ethertype:ip:udp:papi,418
eth:ethertype:ip:udp:adp,412
eth:ethertype:ip:udp:teredo:ipv6:icmpv6,410
eth:ethertype:ip:udp:radius:eap,385
eth:ethertype:ip:udp:mint,382
eth:ethertype:ip:udp:dof,376
eth:ethertype:ip:udp:corosync_totemnet:data,372
eth:ethertype:ip:udp:uaudp,369
eth:ethertype:ip:udp:quake3:data,367
eth:ethertype:ip:udp:doip,365
eth:ethertype:ip:udp:sctp,354
eth:ethertype:ip:udp:sbus,344
eth:ethertype:ip:udp:ipvs,327
eth:ethertype:ip:udp:cnip,311
eth:ethertype:ip:udp:iax2:data,282
eth:ethertype:ip:udp:ax4000,274
eth:ethertype:ip:udp:dvb_ipdc:data,269
eth:ethertype:ip:udp:scop:data,257
eth:ethertype:ip:udp:vrt,256
eth:ethertype:ip:udp:h501,242
eth:ethertype:ip:udp:vuze-dht,234
eth:ethertype:ip:udp:ayiya,230
eth:ethertype:ip:udp:knet,222
eth:ethertype:ip:udp:amt,220
eth:ethertype:ip:udp:iapp,219
eth:ethertype:ip:udp:wtls,215
eth:ethertype:ip:udp:ath,215
eth:ethertype:ip:udp:raknet:raknet:raknet,209
eth:ethertype:ip:udp:bat.vis:data,200
eth:ethertype:ip:udp:raknet,194
eth:ethertype:ip:udp:manolito,193
eth:ethertype:ip:udp:lisp,188
eth:ethertype:ip:udp:enttec,188
eth:ethertype:ip:udp:h225,187
eth:ethertype:ip:udp:h248,186
eth:ethertype:ip:udp:enrp,185
eth:ethertype:ip:udp:bjnp,184
eth:ethertype:ip:udp:bat:data,183
eth:ethertype:ip:udp:gprs-ns,170
eth:ethertype:ip:udp:sap,169
eth:ethertype:ip:udp:ardp,169
eth:ethertype:ip:udp:c1222,165
eth:ethertype:ip:udp:gprs-ns:bssgp,160
eth:ethertype:ip:udp:collectd,159
eth:ethertype:ip:udp:mih,154
eth:ethertype:ip:udp:llmnr,150
eth:ethertype:ip:udp:bat.gw:data,149
eth:ethertype:ip:udp:db-lsp-disc,147
eth:ethertype:ip:udp:gsmtap,143
eth:ethertype:ip:udp:rsip,139
eth:ethertype:ip:udp:ieee1722:data,136
eth:ethertype:ip:udp:lisp-data,136
eth:ethertype:ip:udp:stun:data,134
eth:ethertype:ip:udp:icp,123
eth:ethertype:ip:udp:rdt,121
eth:ethertype:ip:udp:hiqnet,119
eth:ethertype:ip:udp:tetra,118
eth:ethertype:ip:udp:eth:ethertype:data,117
eth:ethertype:ip:udp:mpls:data,117
eth:ethertype:ip:udp:lwres,116
eth:ethertype:ip:udp:asterix,111
eth:ethertype:ip:udp:tplink-smarthome:json:data-text-lines,108
eth:ethertype:ip:udp:rsvp,108
eth:ethertype:ip:udp:idn,106
eth:ethertype:ip:udp:teredo:data,106
eth:ethertype:ip:udp:tzsp,101
eth:ethertype:ip:udp:ts2,100
eth:ethertype:ip:udp:dcc,100
eth:ethertype:ip:udp:megaco:data,93
eth:ethertype:ip:udp:pktc,91
eth:ethertype:ip:udp:bfd_echo,89
eth:ethertype:ip:udp:quake:data,86
eth:ethertype:ip:udp:elasticsearch,85
eth:ethertype:ip:udp:capwap.data,83
eth:ethertype:ip:udp:a21,83
eth:ethertype:ip:udp:asap,83
eth:ethertype:ip:udp:sabp,83
eth:ethertype:ip:udp:egd:data,83
eth:ethertype:ip:udp:nano,81
eth:ethertype:ip:udp:tipc,78
eth:ethertype:ip:udp:quakeworld:data,78
eth:ethertype:ip:udp:dpnet,78
eth:ethertype:ip:udp:gre,76
eth:ethertype:ip:udp:ecmp,76
eth:ethertype:ip:udp:mikey,75
eth:ethertype:ip:udp:msproxy,74
eth:ethertype:ip:udp:wlccp,71
eth:ethertype:ip:udp:pktc.mtafqdn,70
eth:ethertype:ip:udp:wg,69
eth:ethertype:ip:udp:kdp,67
eth:ethertype:ip:udp:opensafety:data,66
eth:ethertype:ip:udp:tacacs,66
eth:ethertype:ip:udp:infiniband,65
eth:ethertype:ip:udp:kink,65
eth:ethertype:ip:udp:nxp_802154_sniffer,63
eth:ethertype:ip:udp:hcrt,62
eth:ethertype:ip:udp:tipc:data,62
eth:ethertype:ip:udp:ajns,61
eth:ethertype:ip:udp:ulp,59
eth:ethertype:ip:udp:lwapp:wlan:data,58
eth:ethertype:ip:udp:pn_rt:pn_io,58
eth:ethertype:ip:udp:nbdgm:smb:data,56
eth:ethertype:ip:udp:opensafety_udp:data,55
eth:ethertype:ip:udp:ecatf:data,54
eth:ethertype:ip:udp:mipv6,52
eth:ethertype:ip:udp:gsmtap:data,47
eth:ethertype:ip:udp:sip:sdp,47
eth:ethertype:ip:udp:lisp:data,46
eth:ethertype:ip:udp:sip:data-text-lines:xml,43
eth:ethertype:ip:udp:geneve:data,40
eth:ethertype:ip:udp:mpls:ipv6:data,39
eth:ethertype:ip:udp:wisun.eapol_relay:eapol:data,37
eth:ethertype:ip:udp:cnip:data,37
eth:ethertype:ip:udp:vxlan:eth:ethertype:data,34
eth:ethertype:ip:udp:quake2:data,33
eth:ethertype:ip:udp:lwapp:wlan,33
eth:ethertype:ip:udp:gre:data,32
eth:ethertype:ip:udp:geneve,29
eth:ethertype:ip:udp:infiniband:data,28
eth:ethertype:ip:udp:dmp,28
eth:ethertype:ip:udp:jmirror:ipv6:data,28
eth:ethertype:ip:udp:sabp:sabp,27
eth:ethertype:ip:udp:lisp-data:ip:data,27
eth:ethertype:ip:udp:capwap.data:eth:ethertype:data,24
eth:ethertype:ip:udp:thrift,23
eth:ethertype:ip:udp:ipx:data,23
eth:ethertype:ip:udp:wisun.eapol_relay,22
eth:ethertype:ip:udp:eth,22
eth:ethertype:ip:udp:goose:cotp,21
eth:ethertype:ip:udp:capwap:dtls,21
eth:ethertype:ip:udp:l2tp:data,21
eth:ethertype:ip:udp:nbdgm,20
eth:ethertype:ip:udp:wol,20
eth:ethertype:ip:udp:egd,19
eth:ethertype:ip:udp:snmp:snmp,19
eth:ethertype:ip:udp:lisp-data:ipv6:data,19
eth:ethertype:ip:udp:dlsw,18
eth:ethertype:ip:udp:rx,18
eth:ethertype:ip:udp:mpls:pwethheuristic:pwethcw:eth:ethertype:data,18
eth:ethertype:ip:udp:sip:sigcomp,18
eth:ethertype:ip:udp:mpls:ip:data,18
eth:ethertype:ip:udp:llc,17
eth:ethertype:ip:udp:capwap.data:dtls,17
eth:ethertype:ip:udp:scop,16
eth:ethertype:ip:udp:vxlan:eth,16
eth:ethertype:ip:udp:dhcpv6,16
eth:ethertype:ip:udp:nxp_802154_sniffer:wpan:data,14
eth:ethertype:ip:udp:who,14
eth:ethertype:ip:udp:ltp,14
eth:ethertype:ip:udp:quake2,13
eth:ethertype:ip:udp:pn_rt,12
eth:ethertype:ip:udp:msmms,12
eth:ethertype:ip:udp:ecatf:ioraw,11
eth:ethertype:ip:udp:mpls:ip,11
eth:ethertype:ip:udp:rsp,10
eth:ethertype:ip:udp:acdr,10
eth:ethertype:ip:udp:xyplex,10
eth:ethertype:ip:udp:tzsp:data,10
eth:ethertype:ip:udp:quakeworld,10
eth:ethertype:ip:udp:mpls,10
eth:ethertype:ip:udp:rdpudp:tls,9
eth:ethertype:ip:udp:slimp3,9
eth:ethertype:ip:udp:ripng,9
eth:ethertype:ip:udp:pathport,9
eth:ethertype:ip:udp:dcp-etsi:dcp-af,9
eth:ethertype:ip:udp:wtp:wsp,8
eth:ethertype:ip:udp:data:vssmonitoring,8
eth:ethertype:ip:udp:lisp-data:ip,8
eth:ethertype:ip:udp:tsp,8
eth:ethertype:ip:udp:sigcomp,8
eth:ethertype:ip:udp:capwap:data,8
eth:ethertype:ip:udp:mpls:ipv6:ipv6.hopopts,8
eth:ethertype:ip:udp:ieee1722:iec61883,7
eth:ethertype:ip:udp:mip,7
eth:ethertype:ip:udp:rtpproxy,7
eth:ethertype:ip:udp:dvb_ipdc:alc:data,7
eth:ethertype:ip:udp:lmp,6
eth:ethertype:ip:udp:ecatf:tc_nv,6
eth:ethertype:ip:udp:find,5
eth:ethertype:ip:udp:pn_rt:pn_ptcp,5
eth:ethertype:ip:udp:ddtp,5
eth:ethertype:ip:udp:kpasswd,5
eth:ethertype:ip:udp:dlep,5
eth:ethertype:ip:udp:bat.vis,5
eth:ethertype:ip:udp:auto_rp,5
eth:ethertype:ip:udp:vxlan:eth:llc:stp,5
eth:ethertype:ip:udp:ieee1722,5
eth:ethertype:ip:udp:gsmtap:sndcp:data,5
eth:ethertype:ip:udp:lwapp,4
eth:ethertype:ip:udp:dvb_ipdc:alc:rmt-lct,4
eth:ethertype:ip:udp:lbtrm,4
eth:ethertype:ip:udp:packetbb,4
eth:ethertype:ip:udp:nbdgm:data,4
eth:ethertype:ip:udp:jmirror:ip:data,4
eth:ethertype:ip:udp:dtls:x509sat:x509sat:x509sat:x509sat,4
eth:ethertype:ip:udp:olsr,3
eth:ethertype:ip:udp:rdpudp:dtls,3
eth:ethertype:ip:udp:quake,3
eth:ethertype:ip:udp:ipx,3
eth:ethertype:ip:udp:epl,3
eth:ethertype:ip:udp:mint:eth:ethertype:data,3
eth:ethertype:ip:udp:cpfi,3
eth:ethertype:ip:udp:amt:ip,3
eth:ethertype:ip:udp:ecatf,3
eth:ethertype:ip:udp:cups,3
eth:ethertype:ip:udp:gre:wlan,3
eth:ethertype:ip:udp:ncp,2
eth:ethertype:ip:udp:wisun.eapol_relay:eapol,2
eth:ethertype:ip:udp:lisp-data:ipv6:ah,2
eth:ethertype:ip:udp:lisp-data:ipv6:vines_frp:vines_ip:data,2
eth:ethertype:ip:udp:lisp-data:ipv6,2
eth:ethertype:ip:udp:mpls:ipv6,2
eth:ethertype:ip:udp:vxlan,2
eth:ethertype:ip:udp:udpencap,2
eth:ethertype:ip:udp:eth:llc:data,2
eth:ethertype:ip:udp:llc:sna:data,2
eth:ethertype:ip:udp:sflow,2
eth:ethertype:ip:udp:bat.gw,2
eth:ethertype:ip:udp:ltp:data,2
eth:ethertype:ip:udp:oicq,2
eth:ethertype:ip:udp:jmirror:ipv6:ospf,2
eth:ethertype:ip:udp:jmirror:ipv6:eigrp,2
eth:ethertype:ip:udp:jmirror:ipv6:vrrp,2
eth:ethertype:ip:udp:jmirror:ipv6:ipcomp:data,2
eth:ethertype:ip:udp:dcp-etsi:dcp-pft,2
eth:ethertype:ip:udp:wccp,2
eth:ethertype:ip:udp:rx:afs,2
eth:ethertype:ip:udp:adwin,2
eth:ethertype:ip:udp:armagetronad,2
eth:ethertype:ip:udp:mpls:pwethheuristic:pwethcw:eth,2
eth:ethertype:ip:udp:mint:eth,1
eth:ethertype:ip:udp:bat.gw:ip,1
eth:ethertype:ip:udp:lisp-data:ipv6:osi:data,1
eth:ethertype:ip:udp:lisp-data:ipv6:esp,1
eth:ethertype:ip:udp:lisp-data:ipv6:dsr,1
eth:ethertype:ip:udp:lisp-data:ipv6:swipe,1
eth:ethertype:ip:udp:acdr:data,1
eth:ethertype:ip:udp:ptp,1
eth:ethertype:ip:udp:actrace,1
eth:ethertype:ip:udp:jmirror:ipv6:swipe,1
eth:ethertype:ip:udp:jmirror:ipv6:ipv6.routing,1
eth:ethertype:ip:udp:jmirror:ipv6:nhrp,1
eth:ethertype:ip:udp:jmirror:ipv6,1
eth:ethertype:ip:udp:jmirror:ipv6:l2tp:data,1
eth:ethertype:ip:udp:jmirror:ipv6:gre,1
eth:ethertype:ip:udp:dvb_ipdc:alc:rmt-lct:data,1
eth:ethertype:ip:udp:ieee1722:maap,1
eth:ethertype:ip:udp:mpls:pwethheuristic:pwethnocw:eth:ethertype:data,1
eth:ethertype:ip:udp:mpls:ipv6:gre,1
eth:ethertype:ip:udp:mpls:ipv6:pim,1
eth:ethertype:ip:udp:mpls:ipv6:nhrp,1
eth:ethertype:ip:udp:l2tp:ppp:data,1
eth:ethertype:ip:udp:goose:cotp:goose,1
eth:ethertype:ip:udp:eth:llc,1
eth:ethertype:ip:udp:teredo:ipv6:data,1
eth:ethertype:ip:udp:jmirror:ipv6:osi:data,1
eth:ethertype:ip:udp:jmirror:ipv6:pim,1
eth:ethertype:ip:udp:jmirror:ipv6:gre:data,1
eth:ethertype:ip:udp:tpcp,1
eth:ethertype:ip:udp:tapa,1
eth:ethertype:ip:udp:capwap.data:data,1
eth:ethertype:ip:udp:amt:ip:ipv6:data,1
