eth:ethertype:ip:udp:data,10857332
eth:ethertype:ip:udp:stun,6326442
eth:ethertype:ip:udp:syslog,4557938
eth:ethertype:ip:udp:dns,3939240
eth:ethertype:ip:udp:snmp,2002963
eth:ethertype:ip:udp:ntp,1867099
eth:ethertype:ip:data,1164865
eth:ethertype:ip:udp:nbns,371543
eth:ethertype:ip:udp:sip,362805
eth:ethertype:ip:udp:cflow,142576
eth:ethertype:ip:udp:mdns,103706
eth:ethertype:ip:udp:sip:xml,96489
eth:ethertype:ip:udp:ssdp,78248
eth:ethertype:ip:udp:coap,72424
eth:ethertype:ip:udp:isakmp,69096
eth:ethertype:ip:udp:cldap,63781
eth:ethertype:ip:udp:openvpn,59606
eth:ethertype:ip:udp:rpc,57312
eth:ethertype:ip:udp,53145
eth:ethertype:ip:udp:dtls,52650
eth:ethertype:ip:udp:sip:data-text-lines,50182
eth:ethertype:ip:udp:memcache,47466
eth:ethertype:ip:udp:capwap,45084
eth:ethertype:ip:udp:portcontrol,41271
eth:ethertype:ip:udp:gtp,35334
eth:ethertype:ip:udp:bvlc:bacnet:bacapp,32448
eth:ethertype:ip:udp:srvloc,32422
eth:ethertype:ip:udp:dhcp,28908
eth:ethertype:ip:udp:l2tp,25634
eth:ethertype:ip:udp:quic:tls,25325
eth:ethertype:ip:udp:llc,25161
eth:ethertype:ip:udp:udpencap:esp,24887
eth:ethertype:ip:udp:rip,21927
eth:ethertype:ip:udp:xdmcp,20022
eth:ethertype:ip:udp:gquic,19445
eth:ethertype:ip:udp:kerberos,19038
eth:ethertype:ip:udp:lwapp:data,16338
eth:ethertype:ip:udp:chargen,16157
eth:ethertype:ip:udp:radius,15833
eth:ethertype:ip:udp:rdpudp,14882
eth:ethertype:ip:udp:classicstun,12338
eth:ethertype:ip:udp:echo,12094
eth:ethertype:ip:udp:enip,11788
eth:ethertype:ip:udp:omron,11603
eth:ethertype:ip:udp:gtp:gtpv2,11483
eth:ethertype:ip:udp:rtcp,11145
eth:ethertype:ip:udp:time,10591
eth:ethertype:ip:udp:daytime,10411
eth:ethertype:ip:udp:tftp,10339
eth:ethertype:ip:udp:ecatf:ecat,10221
eth:ethertype:ip:udp:rmcp:ipmi_session:data,9839
eth:ethertype:ip:udp:bfd,8302
eth:ethertype:ip:udp:steam_ihs_discovery,7672
eth:ethertype:ip:udp:udpencap:isakmp,6505
eth:ethertype:ip:udp:nbdgm:smb:browser,5845
eth:ethertype:ip:udp:kip,5778
eth:ethertype:ip:udp:quic,4702
eth:ethertype:ip:udp:hart_ip,4696
eth:ethertype:ip:udp:iax2,4650
eth:ethertype:ip:udp:mgcp,3686
eth:ethertype:ip:udp:coap:data,3621
eth:ethertype:ip:udp:rmcp:asf,3402
eth:ethertype:ip:udp:llmnr,3213
eth:ethertype:ip:udp:teredo:ipv6,2881
eth:ethertype:ip:udp:wsp,1571
eth:ethertype:ip:udp:teredo:ipv6:icmpv6,1432
eth:ethertype:ip:udp:cipio,1300
eth:ethertype:ip:udp:rtps,1101
eth:ethertype:ip:udp:gtpprime,1066
eth:ethertype:ip:udp:raknet:raknet,1053
eth:ethertype:ip:udp:dis,991
eth:ethertype:ip:udp:radius:eap,842
eth:ethertype:ip:udp:wtls,841
eth:ethertype:ip:udp:quake3:data,782
eth:ethertype:ip:udp:ssdp:data,719
eth:ethertype:ip:udp:gprs-ns:bssgp,518
eth:ethertype:ip:udp:corosync_totemnet:data,506
eth:ethertype:ip:udp:geneve:data,460
eth:ethertype:ip:udp:asterix,402
eth:ethertype:ip:udp:dof,383
eth:ethertype:ip:udp:lisp:data,368
eth:ethertype:ip:udp:egd:data,358
eth:ethertype:ip:udp:elasticsearch,310
eth:ethertype:ip:udp:kink,310
eth:ethertype:ip:udp:nxp_802154_sniffer:wpan,272
eth:ethertype:ip:udp:h225,271
eth:ethertype:ip:udp:llc:data,268
eth:ethertype:ip:udp:doip,260
eth:ethertype:ip:udp:uaudp,254
eth:ethertype:ip:udp:iax2:data,229
eth:ethertype:ip:udp:ecmp,222
eth:ethertype:ip:udp:wg,221
eth:ethertype:ip:udp:tetra,211
eth:ethertype:ip:udp:hiqnet,205
eth:ethertype:ip:udp:pn_rt:pn_ptcp,198
eth:ethertype:ip:udp:enrp,197
eth:ethertype:ip:udp:cnip,196
eth:ethertype:ip:udp:h501,194
eth:ethertype:ip:udp:iapp,193
eth:ethertype:ip:udp:msproxy,190
eth:ethertype:ip:udp:adp,186
eth:ethertype:ip:udp:scop:data,178
eth:ethertype:ip:udp:sabp:sabp,173
eth:ethertype:ip:udp:mipv6,150
eth:ethertype:ip:udp:stun:data,146
eth:ethertype:ip:udp:quake:data,142
eth:ethertype:ip:udp:sbus,138
eth:ethertype:ip:udp:knet,121
eth:ethertype:ip:udp:bjnp,113
eth:ethertype:ip:udp:gsmtap:data,108
eth:ethertype:ip:udp:c1222,107
eth:ethertype:ip:udp:quakeworld:data,103
eth:ethertype:ip:udp:mint,98
eth:ethertype:ip:udp:gprs-ns,93
eth:ethertype:ip:udp:ts2,85
eth:ethertype:ip:udp:rdt,82
eth:ethertype:ip:udp:db-lsp-disc,80
eth:ethertype:ip:udp:pktc,78
eth:ethertype:ip:udp:kdp,77
eth:ethertype:ip:udp:rx,77
eth:ethertype:ip:udp:raknet,76
eth:ethertype:ip:udp:dvb_ipdc:data,76
eth:ethertype:ip:udp:ieee1722:data,75
eth:ethertype:ip:udp:manolito,75
eth:ethertype:ip:udp:icp,75
eth:ethertype:ip:udp:bfd_echo,74
eth:ethertype:ip:udp:vuze-dht,73
eth:ethertype:ip:udp:ayiya,67
eth:ethertype:ip:udp:lisp-data,67
eth:ethertype:ip:udp:papi,66
eth:ethertype:ip:udp:asap,66
eth:ethertype:ip:udp:teredo:data,61
eth:ethertype:ip:udp:tacacs,60
eth:ethertype:ip:udp:rsip,59
eth:ethertype:ip:udp:opensafety:data,59
eth:ethertype:ip:udp:pn_rt:pn_io,54
eth:ethertype:ip:udp:ipvs,53
eth:ethertype:ip:udp:rsvp,51
eth:ethertype:ip:udp:pfcp,50
eth:ethertype:ip:udp:tzsp,50
eth:ethertype:ip:udp:wisun.eapol_relay:eapol,50
eth:ethertype:ip:udp:sip:sdp,50
eth:ethertype:ip:udp:hcrt,49
eth:ethertype:ip:udp:bat:data,47
eth:ethertype:ip:udp:ax4000,47
eth:ethertype:ip:udp:bat.vis:data,47
eth:ethertype:ip:udp:mikey,47
eth:ethertype:ip:udp:a21,46
eth:ethertype:ip:udp:collectd,44
eth:ethertype:ip:udp:h248,44
eth:ethertype:ip:udp:tipc,43
eth:ethertype:ip:udp:ath,42
eth:ethertype:ip:udp:ecatf:data,41
eth:ethertype:ip:udp:nano,40
eth:ethertype:ip:udp:sabp,38
eth:ethertype:ip:udp:tplink-smarthome:json:data-text-lines,38
eth:ethertype:ip:udp:ajns,37
eth:ethertype:ip:udp:mih,37
eth:ethertype:ip:udp:wlccp,37
eth:ethertype:ip:udp:bat.gw:data,37
eth:ethertype:ip:udp:quake2:data,36
eth:ethertype:ip:udp:idn,35
eth:ethertype:ip:udp:dcc,35
eth:ethertype:ip:udp:goose:cotp,35
eth:ethertype:ip:udp:sap,34
eth:ethertype:ip:udp:wtp,33
eth:ethertype:ip:udp:ulp,33
eth:ethertype:ip:udp:sctp,33
eth:ethertype:ip:udp:wol,33
eth:ethertype:ip:udp:opensafety_udp:data,32
eth:ethertype:ip:udp:pktc.mtafqdn,31
eth:ethertype:ip:udp:dpnet,31
eth:ethertype:ip:udp:lwapp:wlan,31
eth:ethertype:ip:udp:amt,30
eth:ethertype:ip:udp:wisun.eapol_relay:eapol:data,29
eth:ethertype:ip:udp:eth:ethertype:data,28
eth:ethertype:ip:udp:megaco:data,27
eth:ethertype:ip:udp:jmirror:ipv6:data,26
eth:ethertype:ip:udp:capwap.data,25
eth:ethertype:ip:udp:gsmtap,25
eth:ethertype:ip:udp:geneve,25
eth:ethertype:ip:udp:ardp,24
eth:ethertype:ip:udp:gre:data,24
eth:ethertype:ip:udp:lwapp:wlan:data,24
eth:ethertype:ip:udp:cnip:data,24
eth:ethertype:ip:udp:vxlan:eth:ethertype:data,23
eth:ethertype:ip:udp:infiniband,22
eth:ethertype:ip:udp:vrt,22
eth:ethertype:ip:udp:nxp_802154_sniffer,20
eth:ethertype:ip:udp:quake3,19
eth:ethertype:ip:udp:kpasswd,17
eth:ethertype:ip:udp:gre,17
eth:ethertype:ip:udp:thrift,17
eth:ethertype:ip:udp:lisp,16
eth:ethertype:ip:udp:egd,16
eth:ethertype:ip:udp:mpls:data,15
eth:ethertype:ip:udp:auto_rp,15
eth:ethertype:ip:udp:ltp,14
eth:ethertype:ip:udp:nbdgm,14
eth:ethertype:ip:udp:xyplex,13
eth:ethertype:ip:udp:dhcpv6,13
eth:ethertype:ip:udp:quake2,13
eth:ethertype:ip:udp:pn_rt,13
eth:ethertype:ip:udp:wtp:wsp,13
eth:ethertype:ip:udp:rpc:portmap,13
eth:ethertype:ip:udp:mip,12
eth:ethertype:ip:udp:mpls:ipv6:data,12
eth:ethertype:ip:udp:lisp-data:ip:data,12
eth:ethertype:ip:udp:scop,11
eth:ethertype:ip:udp:dlsw,10
eth:ethertype:ip:udp:rtpproxy,10
eth:ethertype:ip:udp:find,10
eth:ethertype:ip:udp:ncp,10
eth:ethertype:ip:udp:ecatf:ioraw,10
eth:ethertype:ip:udp:sabp:sabp:sabp,10
eth:ethertype:ip:udp:data:vssmonitoring,9
eth:ethertype:ip:udp:ripng,9
eth:ethertype:ip:udp:pathport,9
eth:ethertype:ip:udp:acdr,8
eth:ethertype:ip:udp:rsp,8
eth:ethertype:ip:udp:eth,8
eth:ethertype:ip:udp:ieee1722:iec61883,8
eth:ethertype:ip:udp:capwap.data:dtls,8
eth:ethertype:ip:udp:lisp-data:ipv6:data,8
eth:ethertype:ip:udp:l2tp:data,8
eth:ethertype:ip:udp:msmms,7
eth:ethertype:ip:udp:tsp,7
eth:ethertype:ip:udp:sip:sigcomp,7
eth:ethertype:ip:udp:capwap:dtls,7
eth:ethertype:ip:udp:bat.gw:ip,7
eth:ethertype:ip:udp:who,6
eth:ethertype:ip:udp:lmp,6
eth:ethertype:ip:udp:dmp,6
eth:ethertype:ip:udp:rx:afs,6
eth:ethertype:ip:udp:slimp3,6
eth:ethertype:ip:udp:sigcomp,6
eth:ethertype:ip:udp:lbtrm,6
eth:ethertype:ip:udp:dcp-etsi:dcp-pft,6
eth:ethertype:ip:udp:ecatf:ecat_mailbox,6
eth:ethertype:ip:udp:wisun.eapol_relay,6
eth:ethertype:ip:udp:vxlan:eth,5
eth:ethertype:ip:udp:tpcp,5
eth:ethertype:ip:udp:rdpudp:tls,5
eth:ethertype:ip:udp:ecatf:tc_nv,5
eth:ethertype:ip:udp:nxp_802154_sniffer:wpan:data,5
eth:ethertype:ip:udp:nsh,5
eth:ethertype:ip:udp:lisp-data:ip,5
eth:ethertype:ip:udp:armagetronad,4
eth:ethertype:ip:udp:dlep,4
eth:ethertype:ip:udp:cups,4
eth:ethertype:ip:udp:amt:ip,4
eth:ethertype:ip:udp:dvb_ipdc:alc:data,4
eth:ethertype:ip:udp:lwres,4
eth:ethertype:ip:udp:mndp,4
eth:ethertype:ip:udp:tzsp:data,4
eth:ethertype:ip:udp:lwapp,4
eth:ethertype:ip:udp:llc:sna:data,4
eth:ethertype:ip:udp:teredo:ipv6:data,3
eth:ethertype:ip:udp:quake,3
eth:ethertype:ip:udp:teredo,3
eth:ethertype:ip:udp:ipx:data,3
eth:ethertype:ip:udp:mpls:pwethheuristic:pwethnocw:eth:ethertype:data,3
eth:ethertype:ip:udp:wccp,3
eth:ethertype:ip:udp:udpencap,3
eth:ethertype:ip:udp:epl,3
eth:ethertype:ip:udp:mpls:ipv6,3
eth:ethertype:ip:udp:packetbb,3
eth:ethertype:ip:udp:ecatf,3
eth:ethertype:ip:udp:megaco:h248,3
eth:ethertype:ip:udp:quakeworld,3
eth:ethertype:ip:udp:dvb_ipdc:alc:rmt-lct,3
eth:ethertype:ip:udp:mint:eth:ethertype:data,3
eth:ethertype:ip:udp:cpfi,3
eth:ethertype:ip:udp:lisp-data:ipv6,3
eth:ethertype:ip:udp:mpls,3
eth:ethertype:ip:udp:jmirror:ipv6:etherip:eth:llc,3
eth:ethertype:ip:udp:bat.gw,3
eth:ethertype:ip:udp:snmp:snmp,3
eth:ethertype:ip:udp:h225:data,2
eth:ethertype:ip:udp:mpls:ip,2
eth:ethertype:ip:udp:actrace,2
eth:ethertype:ip:udp:tapa,2
eth:ethertype:ip:udp:cnip:lon,2
eth:ethertype:ip:udp:ltp:data,2
eth:ethertype:ip:udp:adwin,2
eth:ethertype:ip:udp:mp2t,2
eth:ethertype:ip:udp:dcp-etsi:dcp-af,2
eth:ethertype:ip:udp:capwap.data:eth:ethertype:data,2
eth:ethertype:ip:udp:jmirror:ipv6:gre:data,2
eth:ethertype:ip:udp:jmirror:ipv6:nhrp,2
eth:ethertype:ip:udp:jmirror:ipv6:eigrp,2
eth:ethertype:ip:udp:jmirror:ipv6,2
eth:ethertype:ip:udp:vxlan:eth:llc:data,2
eth:ethertype:ip:udp:mpls:pwethheuristic:pwethcw:eth,2
eth:ethertype:ip:udp:mpls:pwethheuristic:pwethcw:eth:ethertype:data,2
eth:ethertype:ip:udp:aodv,2
eth:ethertype:ip:udp:db-lsp-disc:json:data-text-lines,1
eth:ethertype:ip:udp:mbudp:modbus,1
eth:ethertype:ip:udp:ddtp,1
eth:ethertype:ip:udp:ptp,1
eth:ethertype:ip:udp:wsp:wbxml,1
eth:ethertype:ip:udp:stun:tftp:data,1
eth:ethertype:ip:udp:gsmtap:gsm_sim,1
eth:ethertype:ip:udp:l2tp:ppp:data,1
eth:ethertype:ip:udp:jmirror:ipv6:ipcomp:data,1
eth:ethertype:ip:udp:jmirror:ip:data,1
eth:ethertype:ip:udp:jmirror:ipv6:pim,1
eth:ethertype:ip:udp:jmirror:ipv6:ipv6.routing,1
eth:ethertype:ip:udp:jmirror:ipv6:lwl4,1
eth:ethertype:ip:udp:jmirror:ipv6:ospf,1
eth:ethertype:ip:udp:jmirror:ipv6:vines_frp:vines_ip:data,1
eth:ethertype:ip:udp:jmirror:ipv6:vrrp,1
eth:ethertype:ip:udp:oicq,1
eth:ethertype:ip:udp:lisp-data:ipv6:gre:data,1
eth:ethertype:ip:udp:lisp-data:ipv6:ospf,1
eth:ethertype:ip:udp:lbtru,1
eth:ethertype:ip:udp:acdr:data,1
eth:ethertype:ip:udp:ieee1722,1
eth:ethertype:ip:udp:capwap.data:data,1
eth:ethertype:ip:udp:mpls:pwach:data,1
eth:ethertype:ip:udp:ipx,1
eth:ethertype:ip:udp:ntp:vssmonitoring,1
eth:ethertype:ip:udp:icq,1
eth:ethertype:ip:udp:hip,1
eth:ethertype:ip:udp:ieee1722:aaf,1
eth:ethertype:ip:udp:olsr,1
eth:ethertype:ip:udp:a11,1
