eth:ethertype:ip:udp:stun,17724432
eth:ethertype:ip:udp:data,12209440
eth:ethertype:ip:udp:dns,4006478
eth:ethertype:ip:udp:syslog,2470040
eth:ethertype:ip:udp:ntp,2042082
eth:ethertype:ip:data,1569210
eth:ethertype:ip:udp:snmp,1425339
eth:ethertype:ip:udp:nbns,686944
eth:ethertype:ip:udp:sip,264247
eth:ethertype:ip:udp:coap,183589
eth:ethertype:ip:udp:ssdp,179309
eth:ethertype:ip:udp:cflow,162054
eth:ethertype:ip:udp:openvpn,121051
eth:ethertype:ip:udp:cldap,116041
eth:ethertype:ip:udp:sip:xml,101582
eth:ethertype:ip:udp:mdns,101313
eth:ethertype:ip:udp:isakmp,73080
eth:ethertype:ip:udp:rpc,70600
eth:ethertype:ip:udp:dtls,60547
eth:ethertype:ip:udp,58251
eth:ethertype:ip:udp:memcache,56361
eth:ethertype:ip:udp:dhcp,54772
eth:ethertype:ip:udp:sip:data-text-lines,52857
eth:ethertype:ip:udp:srvloc,47404
eth:ethertype:ip:udp:bvlc:bacnet:bacapp,46288
eth:ethertype:ip:udp:classicstun,45083
eth:ethertype:ip:udp:capwap,45031
eth:ethertype:ip:udp:portcontrol,40522
eth:ethertype:ip:udp:gtp,39850
eth:ethertype:ip:udp:quake3,31707
eth:ethertype:ip:udp:l2tp,27490
eth:ethertype:ip:udp:udpencap:esp,26527
eth:ethertype:ip:udp:rdpudp,25403
eth:ethertype:ip:udp:tftp,23669
eth:ethertype:ip:udp:rip,21622
eth:ethertype:ip:udp:bfd,21331
eth:ethertype:ip:udp:chargen,20960
eth:ethertype:ip:udp:gquic,20456
eth:ethertype:ip:udp:xdmcp,20328
eth:ethertype:ip:udp:kerberos,19856
eth:ethertype:ip:udp:quic:tls,17426
eth:ethertype:ip:udp:lwapp:data,17291
eth:ethertype:ip:udp:rmcp:ipmi_session:data,14616
eth:ethertype:ip:udp:gtp:gtpv2,13841
eth:ethertype:ip:udp:echo,13786
eth:ethertype:ip:udp:enip,13731
eth:ethertype:ip:udp:omron,13248
eth:ethertype:ip:udp:radius,12940
eth:ethertype:ip:udp:time,10372
eth:ethertype:ip:udp:daytime,10301
eth:ethertype:ip:udp:nbdgm:smb:browser,10240
eth:ethertype:ip:udp:ecatf:ecat,10149
eth:ethertype:ip:udp:steam_ihs_discovery,9531
eth:ethertype:ip:udp:udpencap:isakmp,8575
eth:ethertype:ip:udp:kip,7631
eth:ethertype:ip:udp:rtcp,5752
eth:ethertype:ip:udp:mgcp,5686
eth:ethertype:ip:udp:hart_ip,5226
eth:ethertype:ip:udp:iax2,4134
eth:ethertype:ip:udp:teredo:ipv6,3829
eth:ethertype:ip:udp:coap:data,3612
eth:ethertype:ip:udp:rmcp:asf,3537
eth:ethertype:ip:udp:wisun.eapol_relay:eapol:data,2411
eth:ethertype:ip:udp:quic,2076
eth:ethertype:ip:udp:llmnr,1656
eth:ethertype:ip:udp:quake3:data,1636
eth:ethertype:ip:udp:wtp,1630
eth:ethertype:ip:udp:gtpprime,1574
eth:ethertype:ip:udp:llc:data,1558
eth:ethertype:ip:udp:dis,1519
eth:ethertype:ip:udp:nxp_802154_sniffer:wpan,1510
eth:ethertype:ip:udp:raknet:raknet,1487
eth:ethertype:ip:udp:cipio,1424
eth:ethertype:ip:udp:elasticsearch,1418
eth:ethertype:ip:udp:manolito,1386
eth:ethertype:ip:udp:hcrt,1305
eth:ethertype:ip:udp:ax4000,1196
eth:ethertype:ip:udp:scop:data,1154
eth:ethertype:ip:udp:rtps,1151
eth:ethertype:ip:udp:wsp,1056
eth:ethertype:ip:udp:bfd_echo,1054
eth:ethertype:ip:udp:corosync_totemnet:data,1000
eth:ethertype:ip:udp:asterix,974
eth:ethertype:ip:udp:tzsp,972
eth:ethertype:ip:udp:h501,966
eth:ethertype:ip:udp:sctp,944
eth:ethertype:ip:udp:lisp:data,941
eth:ethertype:ip:udp:enrp,913
eth:ethertype:ip:udp:mint,911
eth:ethertype:ip:udp:kink,828
eth:ethertype:ip:udp:radius:eap,816
eth:ethertype:ip:udp:dof,785
eth:ethertype:ip:udp:ipvs,761
eth:ethertype:ip:udp:pktc,751
eth:ethertype:ip:udp:raknet,738
eth:ethertype:ip:udp:pn_rt:pn_ptcp,737
eth:ethertype:ip:udp:iapp,732
eth:ethertype:ip:udp:ath,702
eth:ethertype:ip:udp:sabp:sabp,698
eth:ethertype:ip:udp:ssdp:data,673
eth:ethertype:ip:udp:infiniband:data,659
eth:ethertype:ip:udp:h248,655
eth:ethertype:ip:udp:h225,644
eth:ethertype:ip:udp:gre:data,643
eth:ethertype:ip:udp:lwapp:wlan,638
eth:ethertype:ip:udp:wtls,637
eth:ethertype:ip:udp:rsvp,631
eth:ethertype:ip:udp:gprs-ns:bssgp,621
eth:ethertype:ip:udp:ajns,615
eth:ethertype:ip:udp:icp,588
eth:ethertype:ip:udp:dpnet,584
eth:ethertype:ip:udp:mikey,580
eth:ethertype:ip:udp:bat.gw:data,577
eth:ethertype:ip:udp:pfcp,552
eth:ethertype:ip:udp:bat:data,546
eth:ethertype:ip:udp:db-lsp-disc,544
eth:ethertype:ip:udp:hiqnet,541
eth:ethertype:ip:udp:msproxy,538
eth:ethertype:ip:udp:amt,531
eth:ethertype:ip:udp:tipc,520
eth:ethertype:ip:udp:rsip,510
eth:ethertype:ip:udp:asap,506
eth:ethertype:ip:udp:gsmtap:data,491
eth:ethertype:ip:udp:knet,466
eth:ethertype:ip:udp:mpls:data,453
eth:ethertype:ip:udp:mpls-echo,451
eth:ethertype:ip:udp:uaudp,442
eth:ethertype:ip:udp:bat.vis:data,429
eth:ethertype:ip:udp:ecmp,426
eth:ethertype:ip:udp:iax2:data,420
eth:ethertype:ip:udp:teredo:data,415
eth:ethertype:ip:udp:dmp,409
eth:ethertype:ip:udp:mipv6,382
eth:ethertype:ip:udp:vrt,367
eth:ethertype:ip:udp:rdt,366
eth:ethertype:ip:udp:enttec,361
eth:ethertype:ip:udp:capwap.data,357
eth:ethertype:ip:udp:c1222,357
eth:ethertype:ip:udp:tetra,355
eth:ethertype:ip:udp:tplink-smarthome:json:data-text-lines,347
eth:ethertype:ip:udp:sbus,325
eth:ethertype:ip:udp:kdp,322
eth:ethertype:ip:udp:lisp-data,307
eth:ethertype:ip:udp:vxlan:eth:llc:data,307
eth:ethertype:ip:udp:raknet:raknet:raknet,302
eth:ethertype:ip:udp:ecatf:data,288
eth:ethertype:ip:udp:collectd,278
eth:ethertype:ip:udp:wlccp,272
eth:ethertype:ip:udp:pktc.mtafqdn,270
eth:ethertype:ip:udp:wg,267
eth:ethertype:ip:udp:sap,265
eth:ethertype:ip:udp:nano,264
eth:ethertype:ip:udp:a21,261
eth:ethertype:ip:udp:gprs-ns,259
eth:ethertype:ip:udp:ieee1722:data,247
eth:ethertype:ip:udp:ts2,247
eth:ethertype:ip:udp:mih,246
eth:ethertype:ip:udp:quakeworld:data,233
eth:ethertype:ip:udp:adp,233
eth:ethertype:ip:udp:ulp,228
eth:ethertype:ip:udp:ardp,225
eth:ethertype:ip:udp:egd:data,217
eth:ethertype:ip:udp:quake:data,213
eth:ethertype:ip:udp:opensafety:data,207
eth:ethertype:ip:udp:eth:ethertype:data,199
eth:ethertype:ip:udp:dvb_ipdc:data,191
eth:ethertype:ip:udp:pn_rt:pn_io,179
eth:ethertype:ip:udp:rx,173
eth:ethertype:ip:udp:capwap.data:eth:ethertype:data,168
eth:ethertype:ip:udp:cnip,162
eth:ethertype:ip:udp:sap:sdp,155
eth:ethertype:ip:udp:gsmtap:gsm_a.dtap,154
eth:ethertype:ip:udp:opensafety_udp:data,151
eth:ethertype:ip:udp:quake2:data,146
eth:ethertype:ip:udp:lwapp,145
eth:ethertype:ip:udp:bjnp,130
eth:ethertype:ip:udp:doip,115
eth:ethertype:ip:udp:mpls:ip:data,114
eth:ethertype:ip:udp:tacacs,112
eth:ethertype:ip:udp:ayiya,105
eth:ethertype:ip:udp:mpls:pwethheuristic:pwethcw:eth:ethertype:data,104
eth:ethertype:ip:udp:tsp,100
eth:ethertype:ip:udp:megaco:data,97
eth:ethertype:ip:udp:nbdgm:smb:data,96
eth:ethertype:ip:udp:vuze-dht,93
eth:ethertype:ip:udp:lisp-data:ipv6:data,78
eth:ethertype:ip:udp:gre,77
eth:ethertype:ip:udp:idn,76
eth:ethertype:ip:udp:mpls:ipv6:data,71
eth:ethertype:ip:udp:lwapp:wlan:data,70
eth:ethertype:ip:udp:geneve,69
eth:ethertype:ip:udp:lisp-data:ip:data,64
eth:ethertype:ip:udp:mpls:ip,63
eth:ethertype:ip:udp:wtp:wsp,58
eth:ethertype:ip:udp:lisp,55
eth:ethertype:ip:udp:vxlan:eth:ethertype:data,52
eth:ethertype:ip:udp:mpls:ipv6:ipv6.hopopts,52
eth:ethertype:ip:udp:sabp:sabp:sabp,52
eth:ethertype:ip:udp:nxp_802154_sniffer,49
eth:ethertype:ip:udp:dcc,49
eth:ethertype:ip:udp:sabp,44
eth:ethertype:ip:udp:infiniband,44
eth:ethertype:ip:udp:capwap:dtls,43
eth:ethertype:ip:udp:vxlan:eth,34
eth:ethertype:ip:udp:ltp,34
eth:ethertype:ip:udp:gsmtap,34
eth:ethertype:ip:udp:sip:data-text-lines:xml,33
eth:ethertype:ip:udp:capwap.data:dtls,29
eth:ethertype:ip:udp:cnip:data,27
eth:ethertype:ip:udp:goose:cotp,25
eth:ethertype:ip:udp:lisp-data:ip,24
eth:ethertype:ip:udp:ripng,24
eth:ethertype:ip:udp:dvb_ipdc:alc:data,23
eth:ethertype:ip:udp:jmirror:ipv6:data,23
eth:ethertype:ip:udp:geneve:data,21
eth:ethertype:ip:udp:wol,20
eth:ethertype:ip:udp:dcp-etsi:dcp-pft,20
eth:ethertype:ip:udp:dhcpv6,19
eth:ethertype:ip:udp:egd,17
eth:ethertype:ip:udp:pathport,16
eth:ethertype:ip:udp:thrift,15
eth:ethertype:ip:udp:mpls,14
eth:ethertype:ip:udp:pn_rt,13
eth:ethertype:ip:udp:eth,11
eth:ethertype:ip:udp:llc,11
eth:ethertype:ip:udp:mndp,11
eth:ethertype:ip:udp:slimp3,11
eth:ethertype:ip:udp:wisun.eapol_relay,11
eth:ethertype:ip:udp:rsp,11
eth:ethertype:ip:udp:udt,11
eth:ethertype:ip:udp:quake2,10
eth:ethertype:ip:udp:acdr,10
eth:ethertype:ip:udp:l2tp:data,10
eth:ethertype:ip:udp:lisp-data:ipv6,10
eth:ethertype:ip:udp:msmms,9
eth:ethertype:ip:udp:lwres,8
eth:ethertype:ip:udp:find,8
eth:ethertype:ip:udp:nbdgm,8
eth:ethertype:ip:udp:scop,8
eth:ethertype:ip:udp:quake,7
eth:ethertype:ip:udp:dlep,7
eth:ethertype:ip:udp:ieee1722:iec61883,7
eth:ethertype:ip:udp:tzsp:data,7
eth:ethertype:ip:udp:armagetronad,7
eth:ethertype:ip:udp:nxp_802154_sniffer:wpan:data,7
eth:ethertype:ip:udp:jmirror:ip:data,7
eth:ethertype:ip:udp:rtpproxy,6
eth:ethertype:ip:udp:who,6
eth:ethertype:ip:udp:lmp,6
eth:ethertype:ip:udp:lisp-data:ipv6:pim,6
eth:ethertype:ip:udp:ecatf:ioraw,6
eth:ethertype:ip:udp:xyplex,6
eth:ethertype:ip:udp:ecatf:tc_nv,6
eth:ethertype:ip:udp:ecatf,6
eth:ethertype:ip:udp:sigcomp,5
eth:ethertype:ip:udp:capwap.data:data,5
eth:ethertype:ip:udp:wisun.eapol_relay:eapol,5
eth:ethertype:ip:udp:rdpudp:data,5
eth:ethertype:ip:udp:lbtrm,5
eth:ethertype:ip:udp:ipx:data,5
eth:ethertype:ip:udp:jmirror:ipv6,5
eth:ethertype:ip:udp:mpls:pwethheuristic:pwethcw:eth,5
eth:ethertype:ip:udp:kpasswd,4
eth:ethertype:ip:udp:bat.vis,4
eth:ethertype:ip:udp:eth:llc:data,4
eth:ethertype:ip:udp:mip,4
eth:ethertype:ip:udp:dlsw,4
eth:ethertype:ip:udp:lisp-data:ipv6:lwl4,4
eth:ethertype:ip:udp:vxlan,4
eth:ethertype:ip:udp:ncp,4
eth:ethertype:ip:udp:amt:ip,4
eth:ethertype:ip:udp:tpcp,4
eth:ethertype:ip:udp:dvb_ipdc:alc:rmt-lct,4
eth:ethertype:ip:udp:stun:data,4
eth:ethertype:ip:udp:sip:sigcomp,4
eth:ethertype:ip:udp:cups,3
eth:ethertype:ip:udp:data:vssmonitoring,3
eth:ethertype:ip:udp:capwap:data,3
eth:ethertype:ip:udp:ipx,3
eth:ethertype:ip:udp:mpls:ipv6:osi:data,3
eth:ethertype:ip:udp:mpls:ipv6:pgm,3
eth:ethertype:ip:udp:mpls:ipv6:pim,3
eth:ethertype:ip:udp:lisp-data:ipv6:gre,3
eth:ethertype:ip:udp:lisp-data:ipv6:nhrp,3
eth:ethertype:ip:udp:lisp-data:ipv6:ipcomp:data,3
eth:ethertype:ip:udp:rx:afs,3
eth:ethertype:ip:udp:quakeworld,3
eth:ethertype:ip:udp:mpls:ipv6,3
eth:ethertype:ip:udp:mpls:ipv6:ospf,3
eth:ethertype:ip:udp:jmirror:ipv6:dsr,3
eth:ethertype:ip:udp:dcp-etsi:dcp-af,3
eth:ethertype:ip:udp:bat.gw,3
eth:ethertype:ip:udp:lisp-data:ipv6:ospf,3
eth:ethertype:ip:udp:mint:eth:ethertype:data,2
eth:ethertype:ip:udp:udpencap,2
eth:ethertype:ip:udp:rdpudp:dtls,2
eth:ethertype:ip:udp:mpls:ipv6:ah,2
eth:ethertype:ip:udp:mpls:ipv6:eigrp,2
eth:ethertype:ip:udp:mpls:ipv6:ipv6.routing,2
eth:ethertype:ip:udp:mpls:ipv6:l2tp:data,2
eth:ethertype:ip:udp:mpls:ipv6:swipe,2
eth:ethertype:ip:udp:adwin,2
eth:ethertype:ip:udp:lisp-data:ipv6:ipv6.routing,2
eth:ethertype:ip:udp:mpls:pwach:data,2
eth:ethertype:ip:udp:lisp-data:ipv6:vines_frp:vines_ip:data,2
eth:ethertype:ip:udp:lisp-data:ipv6:esp,2
eth:ethertype:ip:udp:ddtp,2
eth:ethertype:ip:udp:scop:wpan,2
eth:ethertype:ip:udp:dcerpc,2
eth:ethertype:ip:udp:cpfi,2
eth:ethertype:ip:udp:mpls:ipv6:ipcomp:data,2
eth:ethertype:ip:udp:ieee1722:aaf,2
eth:ethertype:ip:udp:mpls:ipv6:dsr,2
eth:ethertype:ip:udp:jmirror:ipv6:esp,2
eth:ethertype:ip:udp:teredo,2
eth:ethertype:ip:udp:auto_rp,2
eth:ethertype:ip:udp:olsr,2
eth:ethertype:ip:udp:edonkey,2
eth:ethertype:ip:udp:tapa,2
eth:ethertype:ip:udp:h225:data,1
eth:ethertype:ip:udp:rdpudp:tls,1
eth:ethertype:ip:udp:ecatf:ecat_mailbox,1
eth:ethertype:ip:udp:amt:ip:ipv6:data,1
eth:ethertype:ip:udp:tipc:data,1
eth:ethertype:ip:udp:mpls:ipv6:esp,1
eth:ethertype:ip:udp:mpls:ipv6:gre:data,1
eth:ethertype:ip:udp:tplink-smarthome:json,1
eth:ethertype:ip:udp:l2tp:ppp:data,1
eth:ethertype:ip:udp:megaco,1
eth:ethertype:ip:udp:lisp-data:ipv6:dsr,1
eth:ethertype:ip:udp:mpls:pwethheuristic:pwethnocw:eth:ethertype:data,1
eth:ethertype:ip:udp:lisp-data:ipv6:swipe:data,1
eth:ethertype:ip:udp:actrace,1
eth:ethertype:ip:udp:acdr:data,1
eth:ethertype:ip:udp:lwapp:wlan:llc:data,1
eth:ethertype:ip:udp:wimaxasncp,1
eth:ethertype:ip:udp:mdns:vssmonitoring,1
eth:ethertype:ip:udp:ptp,1
eth:ethertype:ip:udp:llc:osi:data,1
eth:ethertype:ip:udp:cnip:lon,1
eth:ethertype:ip:udp:mactelnet:data,1
eth:ethertype:ip:udp:mpls:ipv6:etherip:eth:ethertype:data,1
eth:ethertype:ip:udp:icq,1
eth:ethertype:ip:udp:ssyncp,1
eth:ethertype:ip:udp:vxlan:eth:llc,1
eth:ethertype:ip:udp:teredo:ipv6:data,1
eth:ethertype:ip:udp:ieee1722:ieee17221,1
eth:ethertype:ip:udp:mpls:ipv6:nhrp,1
eth:ethertype:ip:udp:db-lsp-disc:json:data-text-lines,1
eth:ethertype:ip:udp:ltp:data,1
eth:ethertype:ip:udp:capwap.data:eth:llc,1
eth:ethertype:ip:udp:jmirror:ipv6:vrrp,1
eth:ethertype:ip:udp:jmirror:ipv6:l2tp:data,1
eth:ethertype:ip:udp:jmirror:ipv6:osi:data,1
eth:ethertype:ip:udp:jmirror:ipv6:eigrp,1
eth:ethertype:ip:udp:jmirror:ipv6:gre:data,1
eth:ethertype:ip:udp:jmirror:ipv6:etherip:eth:ethertype:data,1
eth:ethertype:ip:udp:bat,1
eth:ethertype:ip:udp:aodv,1
eth:ethertype:ip:udp:lisp-data:ipv6:gre:data,1
eth:ethertype:ip:udp:epl,1
eth:ethertype:ip:udp:packetbb,1
eth:ethertype:ip:udp:opensafety_udp,1
eth:ethertype:ip:udp:tzsp:tr,1
