eth:ethertype:ip:udp:data,7229785
eth:ethertype:ip:udp:stun,5810394
eth:ethertype:ip:udp:syslog,5409746
eth:ethertype:ip:udp:dns,3136541
eth:ethertype:ip:udp:snmp,2261124
eth:ethertype:ip:udp:ntp,1906750
eth:ethertype:ip:data,1407315
eth:ethertype:ip:udp:nbns,440965
eth:ethertype:ip:udp:sip,246382
eth:ethertype:ip:udp:coap,220739
eth:ethertype:ip:udp:cflow,163207
eth:ethertype:ip:udp:mdns,119953
eth:ethertype:ip:udp:sip:xml,93503
eth:ethertype:ip:udp:rpc,74123
eth:ethertype:ip:udp:isakmp,71565
eth:ethertype:ip:udp:ssdp,70307
eth:ethertype:ip:udp:cldap,63742
eth:ethertype:ip:udp:openvpn,61086
eth:ethertype:ip:udp:dtls,59897
eth:ethertype:ip:udp:memcache,59884
eth:ethertype:ip:udp,59564
eth:ethertype:ip:udp:sip:data-text-lines,52766
eth:ethertype:ip:udp:capwap,47129
eth:ethertype:ip:udp:portcontrol,43851
eth:ethertype:ip:udp:gtp,42718
eth:ethertype:ip:udp:bvlc:bacnet:bacapp,36010
eth:ethertype:ip:udp:srvloc,33786
eth:ethertype:ip:udp:dhcp,30017
eth:ethertype:ip:udp:chargen,27377
eth:ethertype:ip:udp:l2tp,26459
eth:ethertype:ip:udp:udpencap:esp,26340
eth:ethertype:ip:udp:rdpudp,26059
eth:ethertype:ip:udp:quic:tls,25585
eth:ethertype:ip:udp:rmcp:ipmi_session:data,24092
eth:ethertype:ip:udp:rip,22250
eth:ethertype:ip:udp:xdmcp,21794
eth:ethertype:ip:udp:gquic,20374
eth:ethertype:ip:udp:kerberos,19419
eth:ethertype:ip:udp:bfd,19134
eth:ethertype:ip:udp:radius,17488
eth:ethertype:ip:udp:lwapp:data,16886
eth:ethertype:ip:udp:enip,14655
eth:ethertype:ip:udp:quic,14419
eth:ethertype:ip:udp:classicstun,13280
eth:ethertype:ip:udp:echo,12945
eth:ethertype:ip:udp:omron,12653
eth:ethertype:ip:udp:gtp:gtpv2,11262
eth:ethertype:ip:udp:daytime,10476
eth:ethertype:ip:udp:rpc:data,10468
eth:ethertype:ip:udp:tftp,10351
eth:ethertype:ip:udp:time,10332
eth:ethertype:ip:udp:ecatf:ecat,10223
eth:ethertype:ip:udp:quake3,9916
eth:ethertype:ip:udp:nbdgm:smb:browser,9440
eth:ethertype:ip:udp:steam_ihs_discovery,8168
eth:ethertype:ip:udp:udpencap:isakmp,6821
eth:ethertype:ip:udp:find,6462
eth:ethertype:ip:udp:hart_ip,5839
eth:ethertype:ip:udp:kip,5580
eth:ethertype:ip:udp:teredo:ipv6,5293
eth:ethertype:ip:udp:rtcp,4971
eth:ethertype:ip:udp:mgcp,4642
eth:ethertype:ip:udp:rtps,4276
eth:ethertype:ip:udp:iax2,3923
eth:ethertype:ip:udp:coap:data,3686
eth:ethertype:ip:udp:rmcp:asf,3479
eth:ethertype:ip:udp:llmnr,2766
eth:ethertype:ip:udp:raknet:raknet,1834
eth:ethertype:ip:udp:gtpprime,1269
eth:ethertype:ip:udp:asterix,1232
eth:ethertype:ip:udp:cipio,1159
eth:ethertype:ip:udp:dis,1088
eth:ethertype:ip:udp:quake3:data,930
eth:ethertype:ip:udp:llc:data,896
eth:ethertype:ip:udp:ssdp:data,788
eth:ethertype:ip:udp:radius:eap,604
eth:ethertype:ip:udp:wlccp,545
eth:ethertype:ip:udp:pn_rt:pn_ptcp,466
eth:ethertype:ip:udp:wsp,448
eth:ethertype:ip:udp:sbus,421
eth:ethertype:ip:udp:elasticsearch,372
eth:ethertype:ip:udp:corosync_totemnet:data,362
eth:ethertype:ip:udp:ath,334
eth:ethertype:ip:udp:h225,326
eth:ethertype:ip:udp:wtls,321
eth:ethertype:ip:udp:wisun.eapol_relay:eapol:data,317
eth:ethertype:ip:udp:infiniband:data,305
eth:ethertype:ip:udp:mint,289
eth:ethertype:ip:udp:wg,274
eth:ethertype:ip:udp:h501,267
eth:ethertype:ip:udp:ulp,263
eth:ethertype:ip:udp:adp,250
eth:ethertype:ip:udp:gre:data,246
eth:ethertype:ip:udp:tacacs,243
eth:ethertype:ip:udp:pktc.mtafqdn,243
eth:ethertype:ip:udp:vuze-dht,231
eth:ethertype:ip:udp:wtp,227
eth:ethertype:ip:udp:hcrt,224
eth:ethertype:ip:udp:icp,220
eth:ethertype:ip:udp:scop:data,202
eth:ethertype:ip:udp:raknet:raknet:raknet,200
eth:ethertype:ip:udp:msproxy,195
eth:ethertype:ip:udp:knet,190
eth:ethertype:ip:udp:pktc,190
eth:ethertype:ip:udp:rdt,187
eth:ethertype:ip:udp:enrp,187
eth:ethertype:ip:udp:teredo:data,187
eth:ethertype:ip:udp:nxp_802154_sniffer,184
eth:ethertype:ip:udp:ax4000,180
eth:ethertype:ip:udp:dof,179
eth:ethertype:ip:udp:kink,172
eth:ethertype:ip:udp:mikey,163
eth:ethertype:ip:udp:bfd_echo,158
eth:ethertype:ip:udp:hiqnet,156
eth:ethertype:ip:udp:ecatf:data,146
eth:ethertype:ip:udp:tipc,144
eth:ethertype:ip:udp:cnip,144
eth:ethertype:ip:udp:tetra,142
eth:ethertype:ip:udp:bjnp,142
eth:ethertype:ip:udp:raknet,135
eth:ethertype:ip:udp:a21,130
eth:ethertype:ip:udp:amt,129
eth:ethertype:ip:udp:sap,129
eth:ethertype:ip:udp:h248,127
eth:ethertype:ip:udp:capwap.data,127
eth:ethertype:ip:udp:mpls:data,124
eth:ethertype:ip:udp:iax2:data,122
eth:ethertype:ip:udp:uaudp,121
eth:ethertype:ip:udp:sctp,118
eth:ethertype:ip:udp:tplink-smarthome:json:data-text-lines,109
eth:ethertype:ip:udp:dpnet,104
eth:ethertype:ip:udp:c1222,99
eth:ethertype:ip:udp:tzsp,96
eth:ethertype:ip:udp:rsip,95
eth:ethertype:ip:udp:quakeworld:data,89
eth:ethertype:ip:udp:ayiya,88
eth:ethertype:ip:udp:dvb_ipdc:data,84
eth:ethertype:ip:udp:gprs-ns,84
eth:ethertype:ip:udp:quake2:data,81
eth:ethertype:ip:udp:ieee1722:data,79
eth:ethertype:ip:udp:kdp,79
eth:ethertype:ip:udp:dmp,79
eth:ethertype:ip:udp:quake:data,74
eth:ethertype:ip:udp:idn,74
eth:ethertype:ip:udp:eth:ethertype:data,73
eth:ethertype:ip:udp:db-lsp-disc,71
eth:ethertype:ip:udp:papi,71
eth:ethertype:ip:udp:ecmp,68
eth:ethertype:ip:udp:geneve:data,66
eth:ethertype:ip:udp:manolito,64
eth:ethertype:ip:udp:pn_rt:pn_io,61
eth:ethertype:ip:udp:egd:data,60
eth:ethertype:ip:udp:ts2,59
eth:ethertype:ip:udp:megaco:data,55
eth:ethertype:ip:udp:doip,55
eth:ethertype:ip:udp:lisp-data,53
eth:ethertype:ip:udp:bat.vis:data,53
eth:ethertype:ip:udp:mih,52
eth:ethertype:ip:udp:bat.gw:data,51
eth:ethertype:ip:udp:infiniband,49
eth:ethertype:ip:udp:pfcp,48
eth:ethertype:ip:udp:lwapp:wlan,47
eth:ethertype:ip:udp:cnip:data,46
eth:ethertype:ip:udp:asap,46
eth:ethertype:ip:udp:mpls:pwethheuristic:pwethcw:eth:ethertype:data,46
eth:ethertype:ip:udp:mpls:ip:data,46
eth:ethertype:ip:udp:sabp,45
eth:ethertype:ip:udp:ipvs,43
eth:ethertype:ip:udp:rsvp,43
eth:ethertype:ip:udp:nano,43
eth:ethertype:ip:udp:collectd,43
eth:ethertype:ip:udp:bat:data,42
eth:ethertype:ip:udp:gre,42
eth:ethertype:ip:udp:nxp_802154_sniffer:wpan,42
eth:ethertype:ip:udp:iapp,41
eth:ethertype:ip:udp:vrt,41
eth:ethertype:ip:udp:mipv6,40
eth:ethertype:ip:udp:opensafety_udp:data,40
eth:ethertype:ip:udp:ajns,35
eth:ethertype:ip:udp:gsmtap:data,34
eth:ethertype:ip:udp:mpls:ipv6:data,34
eth:ethertype:ip:udp:lisp,34
eth:ethertype:ip:udp:thrift,34
eth:ethertype:ip:udp:capwap:dtls,33
eth:ethertype:ip:udp:geneve,31
eth:ethertype:ip:udp:lwapp:wlan:data,30
eth:ethertype:ip:udp:gsmtap,29
eth:ethertype:ip:udp:opensafety:data,29
eth:ethertype:ip:udp:vxlan:eth:ethertype:data,28
eth:ethertype:ip:udp:sabp:sabp,27
eth:ethertype:ip:udp:wisun.eapol_relay:eapol,26
eth:ethertype:ip:udp:stun:data,26
eth:ethertype:ip:udp:dcc,24
eth:ethertype:ip:udp:rtpproxy,23
eth:ethertype:ip:udp:data:vssmonitoring,22
eth:ethertype:ip:udp:gprs-ns:bssgp,21
eth:ethertype:ip:udp:wisun.eapol_relay,20
eth:ethertype:ip:udp:nbdgm,20
eth:ethertype:ip:udp:wtp:wsp,20
eth:ethertype:ip:udp:mpls:pwethheuristic:pwethnocw:eth:llc:data,19
eth:ethertype:ip:udp:mpls:ip,17
eth:ethertype:ip:udp:mpls:ipv6:ipv6.hopopts,17
eth:ethertype:ip:udp:rx,16
eth:ethertype:ip:udp:ltp,15
eth:ethertype:ip:udp:llc,14
eth:ethertype:ip:udp:slimp3,14
eth:ethertype:ip:udp:xyplex,13
eth:ethertype:ip:udp:lisp:data,13
eth:ethertype:ip:udp:goose:cotp,13
eth:ethertype:ip:udp:dlsw,13
eth:ethertype:ip:udp:ripng,12
eth:ethertype:ip:udp:dlep,12
eth:ethertype:ip:udp:egd,12
eth:ethertype:ip:udp:dvb_ipdc:alc:data,12
eth:ethertype:ip:udp:ecatf:ioraw,11
eth:ethertype:ip:udp:cups,11
eth:ethertype:ip:udp:pn_rt,11
eth:ethertype:ip:udp:vxlan:eth,10
eth:ethertype:ip:udp:mip,10
eth:ethertype:ip:udp:quake2,10
eth:ethertype:ip:udp:ardp,10
eth:ethertype:ip:udp:kpasswd,10
eth:ethertype:ip:udp:dhcpv6,10
eth:ethertype:ip:udp:capwap.data:dtls,10
eth:ethertype:ip:udp:dcp-etsi:dcp-af,9
eth:ethertype:ip:udp:scop,9
eth:ethertype:ip:udp:msmms,9
eth:ethertype:ip:udp:eth,9
eth:ethertype:ip:udp:capwap.data:eth:ethertype:data,8
eth:ethertype:ip:udp:auto_rp,8
eth:ethertype:ip:udp:tzsp:data,7
eth:ethertype:ip:udp:snmp:snmp,7
eth:ethertype:ip:udp:lwapp,6
eth:ethertype:ip:udp:armagetronad,6
eth:ethertype:ip:udp:tsp,6
eth:ethertype:ip:udp:ieee1722:iec61883,6
eth:ethertype:ip:udp:lwres,6
eth:ethertype:ip:udp:lmp,6
eth:ethertype:ip:udp:who,6
eth:ethertype:ip:udp:tapa,6
eth:ethertype:ip:udp:ieee1722,6
eth:ethertype:ip:udp:mint:eth:ethertype:data,6
eth:ethertype:ip:udp:rsp,6
eth:ethertype:ip:udp:ecatf:tc_nv,6
eth:ethertype:ip:udp:quake,6
eth:ethertype:ip:udp:capwap.data:eth:llc:data,6
eth:ethertype:ip:udp:mndp,6
eth:ethertype:ip:udp:dcp-etsi:dcp-pft,6
eth:ethertype:ip:udp:lisp-data:ipv6:data,5
eth:ethertype:ip:udp:packetbb,5
eth:ethertype:ip:udp:dvb_ipdc:alc:rmt-lct,5
eth:ethertype:ip:udp:lisp-data:ip,5
eth:ethertype:ip:udp:ipx:data,4
eth:ethertype:ip:udp:lbtrm,4
eth:ethertype:ip:udp:cigi,4
eth:ethertype:ip:udp:mpls,4
eth:ethertype:ip:udp:amt:ip,4
eth:ethertype:ip:udp:cpfi,4
eth:ethertype:ip:udp:pathport,4
eth:ethertype:ip:udp:rx:afs,4
eth:ethertype:ip:udp:bat.gw,3
eth:ethertype:ip:udp:ncp,3
eth:ethertype:ip:udp:tplink-smarthome:json,3
eth:ethertype:ip:udp:lisp-data:ipv6,3
eth:ethertype:ip:udp:ltp:data,3
eth:ethertype:ip:udp:quakeworld,3
eth:ethertype:ip:udp:epl:data,3
eth:ethertype:ip:udp:rdpudp:dtls,3
eth:ethertype:ip:udp:mpls:ipv6:l2tp:data,3
eth:ethertype:ip:udp:mpls:ipv6,3
eth:ethertype:ip:udp:llc:osi:data,3
eth:ethertype:ip:udp:teredo,3
eth:ethertype:ip:udp:sigcomp,2
eth:ethertype:ip:udp:sip:sigcomp,2
eth:ethertype:ip:udp:acdr,2
eth:ethertype:ip:udp:ecatf:ecat_mailbox,2
eth:ethertype:ip:udp:nxp_802154_sniffer:wpan:data,2
eth:ethertype:ip:udp:ieee1722:aaf,2
eth:ethertype:ip:udp:aodv,2
eth:ethertype:ip:udp:mpls:ipv6:ospf,2
eth:ethertype:ip:udp:llc:sna:data,2
eth:ethertype:ip:udp:actrace,2
eth:ethertype:ip:udp:ddtp,2
eth:ethertype:ip:udp:mpls:pwethheuristic:pwethnocw:eth:ethertype:data,2
eth:ethertype:ip:udp:udpencap:data,1
eth:ethertype:ip:udp:ayiya:dsr:ipv6.hopopts:ipv6.hopopts,1
eth:ethertype:ip:udp:capwap.data:data,1
eth:ethertype:ip:udp:a11,1
eth:ethertype:ip:udp:megaco,1
eth:ethertype:ip:udp:mdns:vssmonitoring,1
eth:ethertype:ip:udp:bundle,1
eth:ethertype:ip:udp:cnip:lon,1
eth:ethertype:ip:udp:scop:wpan,1
eth:ethertype:ip:udp:udpencap,1
eth:ethertype:ip:udp:vxlan:eth:llc:data,1
eth:ethertype:ip:udp:ecatf,1
eth:ethertype:ip:udp:mpls:ipv6:ipv6.routing,1
eth:ethertype:ip:udp:mpls:ipv6:pgm,1
eth:ethertype:ip:udp:rdpudp:data,1
eth:ethertype:ip:udp:mpls:ipv6:vines_frp:vines_ip:data,1
eth:ethertype:ip:udp:mpls:ipv6:esp,1
eth:ethertype:ip:udp:eth:llc:sna:data,1
eth:ethertype:ip:udp:eth:llc:data,1
eth:ethertype:ip:udp:mpls:pwach:data,1
eth:ethertype:ip:udp:ldp,1
eth:ethertype:ip:udp:adwin,1
eth:ethertype:ip:udp:icq,1
eth:ethertype:ip:udp:edonkey,1
eth:ethertype:ip:udp:l2tp:data,1
eth:ethertype:ip:udp:wimaxasncp,1
eth:ethertype:ip:udp:ipx,1
eth:ethertype:ip:udp:vxlan,1
eth:ethertype:ip:udp:wccp,1
eth:ethertype:ip:udp:teredo:ipv6:data,1
