eth:ethertype:ip:udp:stun,15134953
eth:ethertype:ip:udp:data,7476689
eth:ethertype:ip:udp:syslog,4567750
eth:ethertype:ip:udp:dns,4275777
eth:ethertype:ip:udp:snmp,2231530
eth:ethertype:ip:udp:ntp,2063693
eth:ethertype:ip:data,1115010
eth:ethertype:ip:udp:nbns,553121
eth:ethertype:ip:udp:sip,479602
eth:ethertype:ip:udp:cldap,182665
eth:ethertype:ip:udp:cflow,162351
eth:ethertype:ip:udp:quic,112158
eth:ethertype:ip:udp:elasticsearch,104906
eth:ethertype:ip:udp:sip:xml,101816
eth:ethertype:ip:udp:ssdp,88280
eth:ethertype:ip:udp:mdns,84764
eth:ethertype:ip:udp:rpc,67784
eth:ethertype:ip:udp:coap,66326
eth:ethertype:ip:udp:openvpn,65841
eth:ethertype:ip:udp:memcache,62219
eth:ethertype:ip:udp:isakmp,62205
eth:ethertype:ip:udp:dtls,58457
eth:ethertype:ip:udp:dhcp,53374
eth:ethertype:ip:udp:sip:data-text-lines,52698
eth:ethertype:ip:udp,48014
eth:ethertype:ip:udp:gtp,45371
eth:ethertype:ip:udp:capwap,44648
eth:ethertype:ip:udp:portcontrol,44197
eth:ethertype:ip:udp:bvlc:bacnet:bacapp,36905
eth:ethertype:ip:udp:srvloc,35832
eth:ethertype:ip:udp:chargen,32041
eth:ethertype:ip:udp:l2tp,28685
eth:ethertype:ip:udp:quic:tls,28593
eth:ethertype:ip:udp:rmcp:ipmi_session:data,25388
eth:ethertype:ip:udp:udpencap:esp,25225
eth:ethertype:ip:udp:xdmcp,23342
eth:ethertype:ip:udp:kerberos,20971
eth:ethertype:ip:udp:gquic,20355
eth:ethertype:ip:udp:radius,18365
eth:ethertype:ip:udp:lwapp:data,17223
eth:ethertype:ip:udp:rdpudp,17029
eth:ethertype:ip:udp:classicstun,16725
eth:ethertype:ip:udp:bfd,15450
eth:ethertype:ip:udp:echo,14532
eth:ethertype:ip:udp:tftp,13897
eth:ethertype:ip:udp:omron,13762
eth:ethertype:ip:udp:enip,13750
eth:ethertype:ip:udp:rip,13731
eth:ethertype:ip:udp:gtp:gtpv2,11474
eth:ethertype:ip:udp:daytime,11073
eth:ethertype:ip:udp:time,10451
eth:ethertype:ip:udp:bjnp,10423
eth:ethertype:ip:udp:ecatf:ecat,10226
eth:ethertype:ip:udp:steam_ihs_discovery,9376
eth:ethertype:ip:udp:kip,8777
eth:ethertype:ip:udp:nbdgm:smb:browser,7814
eth:ethertype:ip:udp:udpencap:isakmp,6755
eth:ethertype:ip:udp:mgcp,6136
eth:ethertype:ip:udp:hart_ip,6103
eth:ethertype:ip:udp:raknet:raknet,5728
eth:ethertype:ip:udp:rtcp,4820
eth:ethertype:ip:udp:iax2,4800
eth:ethertype:ip:udp:teredo:ipv6:icmpv6,4480
eth:ethertype:ip:udp:rmcp:asf,3961
eth:ethertype:ip:udp:coap:data,3773
eth:ethertype:ip:udp:quake3:data,3354
eth:ethertype:ip:udp:db-lsp-disc,3309
eth:ethertype:ip:udp:dof,3044
eth:ethertype:ip:udp:wsp,2337
eth:ethertype:ip:udp:llc:data,2111
eth:ethertype:ip:udp:raknet:raknet:raknet,1763
eth:ethertype:ip:udp:teredo:ipv6,1751
eth:ethertype:ip:udp:gtpprime,1638
eth:ethertype:ip:udp:dis,1427
eth:ethertype:ip:udp:cnip,1393
eth:ethertype:ip:udp:wtls,1309
eth:ethertype:ip:udp:cipio,1225
eth:ethertype:ip:udp:wisun.eapol_relay:eapol:data,1127
eth:ethertype:ip:udp:rtps,1060
eth:ethertype:ip:udp:pn_rt:pn_ptcp,1041
eth:ethertype:ip:udp:h225,1015
eth:ethertype:ip:udp:mint,889
eth:ethertype:ip:udp:asterix,880
eth:ethertype:ip:udp:scop:data,855
eth:ethertype:ip:udp:wtp,841
eth:ethertype:ip:udp:llmnr,791
eth:ethertype:ip:udp:rx,791
eth:ethertype:ip:udp:hcrt,788
eth:ethertype:ip:udp:gre:data,769
eth:ethertype:ip:udp:edonkey,755
eth:ethertype:ip:udp:quake:data,752
eth:ethertype:ip:udp:corosync_totemnet:data,747
eth:ethertype:ip:udp:mih,741
eth:ethertype:ip:udp:opensafety:data,736
eth:ethertype:ip:udp:gprs-ns:bssgp,694
eth:ethertype:ip:udp:mipv6,689
eth:ethertype:ip:udp:ecmp,685
eth:ethertype:ip:udp:rdt,674
eth:ethertype:ip:udp:ssdp:data,648
eth:ethertype:ip:udp:h501,632
eth:ethertype:ip:udp:vuze-dht,629
eth:ethertype:ip:udp:lisp:data,628
eth:ethertype:ip:udp:ecatf:data,596
eth:ethertype:ip:udp:ts2,589
eth:ethertype:ip:udp:uaudp,582
eth:ethertype:ip:udp:a21,577
eth:ethertype:ip:udp:nxp_802154_sniffer:wpan,576
eth:ethertype:ip:udp:asap,566
eth:ethertype:ip:udp:pktc.mtafqdn,566
eth:ethertype:ip:udp:bat.vis:data,566
eth:ethertype:ip:udp:rsvp,561
eth:ethertype:ip:udp:wlccp,556
eth:ethertype:ip:udp:mikey,542
eth:ethertype:ip:udp:manolito,539
eth:ethertype:ip:udp:rsip,539
eth:ethertype:ip:udp:cnip:data,539
eth:ethertype:ip:udp:dvb_ipdc:data,537
eth:ethertype:ip:udp:dpnet,511
eth:ethertype:ip:udp:radius:eap,503
eth:ethertype:ip:udp:infiniband:data,503
eth:ethertype:ip:udp:sctp,496
eth:ethertype:ip:udp:enrp,493
eth:ethertype:ip:udp:sabp:sabp,491
eth:ethertype:ip:udp:tipc,484
eth:ethertype:ip:udp:amt,469
eth:ethertype:ip:udp:tzsp,469
eth:ethertype:ip:udp:adp,460
eth:ethertype:ip:udp:pfcp,439
eth:ethertype:ip:udp:c1222,437
eth:ethertype:ip:udp:egd:data,429
eth:ethertype:ip:udp:sbus,419
eth:ethertype:ip:udp:vxlan:eth:llc:data,408
eth:ethertype:ip:udp:ieee1722:data,402
eth:ethertype:ip:udp:iax2:data,393
eth:ethertype:ip:udp:quake2,391
eth:ethertype:ip:udp:tetra,384
eth:ethertype:ip:udp:kdp,381
eth:ethertype:ip:udp:quakeworld:data,366
eth:ethertype:ip:udp:sigcomp,365
eth:ethertype:ip:udp:icp,348
eth:ethertype:ip:udp:eth:ethertype:data,347
eth:ethertype:ip:udp:bat:data,335
eth:ethertype:ip:udp:sap,328
eth:ethertype:ip:udp:dmp,325
eth:ethertype:ip:udp:iapp,301
eth:ethertype:ip:udp:gsmtap:data,295
eth:ethertype:ip:udp:ath,290
eth:ethertype:ip:udp:vxlan:eth:ethertype:data,273
eth:ethertype:ip:udp:tplink-smarthome:json:data-text-lines,273
eth:ethertype:ip:udp:kink,269
eth:ethertype:ip:udp:papi,269
eth:ethertype:ip:udp:ipvs,267
eth:ethertype:ip:udp:ulp,265
eth:ethertype:ip:udp:knet,244
eth:ethertype:ip:udp:bfd_echo,239
eth:ethertype:ip:udp:h248,231
eth:ethertype:ip:udp:sap:sdp,230
eth:ethertype:ip:udp:tacacs,229
eth:ethertype:ip:udp:ayiya,225
eth:ethertype:ip:udp:doip,216
eth:ethertype:ip:udp:idn,211
eth:ethertype:ip:udp:hiqnet,210
eth:ethertype:ip:udp:vrt,205
eth:ethertype:ip:udp:mpls:data,199
eth:ethertype:ip:udp:ajns,195
eth:ethertype:ip:udp:mpls-echo,164
eth:ethertype:ip:udp:pktc,158
eth:ethertype:ip:udp:capwap.data,150
eth:ethertype:ip:udp:lisp-data,141
eth:ethertype:ip:udp:gprs-ns,134
eth:ethertype:ip:udp:lwapp:wlan,126
eth:ethertype:ip:udp:stun:data,119
eth:ethertype:ip:udp:bat.gw:data,118
eth:ethertype:ip:udp:ardp,101
eth:ethertype:ip:udp:wg,98
eth:ethertype:ip:udp:wisun.eapol_relay:eapol,82
eth:ethertype:ip:udp:raknet,75
eth:ethertype:ip:udp:nano,70
eth:ethertype:ip:udp:data:vssmonitoring,69
eth:ethertype:ip:udp:quake2:data,66
eth:ethertype:ip:udp:quake3,58
eth:ethertype:ip:udp:ax4000,57
eth:ethertype:ip:udp:collectd,56
eth:ethertype:ip:udp:sip:data-text-lines:xml,55
eth:ethertype:ip:udp:dcc,52
eth:ethertype:ip:udp:opensafety_udp:data,49
eth:ethertype:ip:udp:megaco:data,48
eth:ethertype:ip:udp:mpls:pwethheuristic:pwethcw:eth:ethertype:data,48
eth:ethertype:ip:udp:msmms,47
eth:ethertype:ip:udp:mpls:ipv6:data,47
eth:ethertype:ip:udp:mpls:ip:data,45
eth:ethertype:ip:udp:infiniband,41
eth:ethertype:ip:udp:sabp,41
eth:ethertype:ip:udp:pn_rt:pn_io,38
eth:ethertype:ip:udp:lwapp:wlan:data,37
eth:ethertype:ip:udp:msproxy,37
eth:ethertype:ip:udp:geneve,36
eth:ethertype:ip:udp:goose:cotp,35
eth:ethertype:ip:udp:gre,35
eth:ethertype:ip:udp:teredo:data,33
eth:ethertype:ip:udp:lisp-data:ip:data,33
eth:ethertype:ip:udp:geneve:data,31
eth:ethertype:ip:udp:egd,31
eth:ethertype:ip:udp:lisp-data:ipv6:data,31
eth:ethertype:ip:udp:nxp_802154_sniffer,30
eth:ethertype:ip:udp:gsmtap,27
eth:ethertype:ip:udp:thrift,25
eth:ethertype:ip:udp:jmirror:ipv6:data,25
eth:ethertype:ip:udp:sabp:sabp:sabp,24
eth:ethertype:ip:udp:lisp,21
eth:ethertype:ip:udp:mpls:ip,21
eth:ethertype:ip:udp:dvb_ipdc:alc:data,18
eth:ethertype:ip:udp:capwap:dtls,18
eth:ethertype:ip:udp:ripng,17
eth:ethertype:ip:udp:mpls:ipv6:ipv6.hopopts,17
eth:ethertype:ip:udp:l2tp:data,17
eth:ethertype:ip:udp:nxp_802154_sniffer:wpan:data,16
eth:ethertype:ip:udp:ltp,16
eth:ethertype:ip:udp:lisp-data:ip,15
eth:ethertype:ip:udp:llc,14
eth:ethertype:ip:udp:kpasswd,14
eth:ethertype:ip:udp:tzsp:data,13
eth:ethertype:ip:udp:dhcpv6,13
eth:ethertype:ip:udp:rsp,13
eth:ethertype:ip:udp:wol,13
eth:ethertype:ip:udp:slimp3,13
eth:ethertype:ip:udp:find,12
eth:ethertype:ip:udp:tsp,12
eth:ethertype:ip:udp:nbdgm,12
eth:ethertype:ip:udp:quake,12
eth:ethertype:ip:udp:dcp-etsi:dcp-pft,12
eth:ethertype:ip:udp:mpls:ipv6,12
eth:ethertype:ip:udp:rtpproxy,11
eth:ethertype:ip:udp:ip,11
eth:ethertype:ip:udp:pn_rt,10
eth:ethertype:ip:udp:ecatf:tc_nv,10
eth:ethertype:ip:udp:pathport,10
eth:ethertype:ip:udp:capwap.data:dtls,9
eth:ethertype:ip:udp:wisun.eapol_relay,9
eth:ethertype:ip:udp:eth,9
eth:ethertype:ip:udp:who,9
eth:ethertype:ip:udp:dlsw,9
eth:ethertype:ip:udp:dlep,8
eth:ethertype:ip:udp:vxlan:eth,8
eth:ethertype:ip:udp:lmp,8
eth:ethertype:ip:udp:xyplex,8
eth:ethertype:ip:udp:lisp-data:ipv6,8
eth:ethertype:ip:udp:acdr,8
eth:ethertype:ip:udp:lwres,8
eth:ethertype:ip:udp:cigi,7
eth:ethertype:ip:udp:mndp,7
eth:ethertype:ip:udp:mip,7
eth:ethertype:ip:udp:scop,7
eth:ethertype:ip:udp:tapa,6
eth:ethertype:ip:udp:icq,6
eth:ethertype:ip:udp:wtp:wsp,6
eth:ethertype:ip:udp:ieee1722:iec61883,6
eth:ethertype:ip:udp:data:f5ethtrailer,5
eth:ethertype:ip:udp:amt:ip,5
eth:ethertype:ip:udp:ncp,5
eth:ethertype:ip:udp:armagetronad,5
eth:ethertype:ip:udp:mpls:pwach,5
eth:ethertype:ip:udp:lwapp,5
eth:ethertype:ip:udp:mpls:ipv6:ipv6.routing,5
eth:ethertype:ip:udp:mpls:pwethheuristic:data,5
eth:ethertype:ip:udp:sip:sigcomp,4
eth:ethertype:ip:udp:tpcp,4
eth:ethertype:ip:udp:vxlan,4
eth:ethertype:ip:udp:lbtrm,4
eth:ethertype:ip:udp:auto_rp,4
eth:ethertype:ip:udp:cups,4
eth:ethertype:ip:udp:packetbb,4
eth:ethertype:ip:udp:mpls,4
eth:ethertype:ip:udp:ecatf:ioraw,4
eth:ethertype:ip:udp:mpls:ipv6:nhrp,4
eth:ethertype:ip:udp:tipc:data,4
eth:ethertype:ip:udp:epl,4
eth:ethertype:ip:udp:rpc:nfs,4
eth:ethertype:ip:udp:ltp:data,3
eth:ethertype:ip:udp:olsr,3
eth:ethertype:ip:udp:a11,3
eth:ethertype:ip:udp:capwap.data:eth:ethertype:data,3
eth:ethertype:ip:udp:dcp-etsi:dcp-af,3
eth:ethertype:ip:udp:adwin,3
eth:ethertype:ip:udp:ecatf,3
eth:ethertype:ip:udp:ipx:data,3
eth:ethertype:ip:udp:tzsp:eth:ethertype:data,3
eth:ethertype:ip:udp:llc:sna:data,3
eth:ethertype:ip:udp:mpls:pwach:data,3
eth:ethertype:ip:udp:jmirror:ipv6,3
eth:ethertype:ip:udp:jmirror:ip:data,3
eth:ethertype:ip:udp:lisp-data:ipv6:swipe,3
eth:ethertype:ip:udp:rdpudp:dtls,2
eth:ethertype:ip:udp:llc:3comxns:data,2
eth:ethertype:ip:udp:amt:ip:ipv6:data,2
eth:ethertype:ip:udp:quakeworld,2
eth:ethertype:ip:udp:eth:llc,2
eth:ethertype:ip:udp:bat.gw,2
eth:ethertype:ip:udp:teredo,2
eth:ethertype:ip:udp:ieee1722,2
eth:ethertype:ip:udp:ddtp,2
eth:ethertype:ip:udp:llc:ip,2
eth:ethertype:ip:udp:teredo:ipv6:data,2
eth:ethertype:ip:udp:cpfi,2
eth:ethertype:ip:udp:llc:osi:data,2
eth:ethertype:ip:udp:opensafety_udp,2
eth:ethertype:ip:udp:mpls:ipv6:pim,2
eth:ethertype:ip:udp:vssmonitoring,2
eth:ethertype:ip:udp:capwap.data:data,2
eth:ethertype:ip:udp:mpls:ipv6:swipe,2
eth:ethertype:ip:udp:mint:eth:ethertype:data,2
eth:ethertype:ip:udp:ipx,2
eth:ethertype:ip:udp:ayiya:dsr:ipv6.hopopts:ipv6.hopopts,2
eth:ethertype:ip:udp:h225:data,2
eth:ethertype:ip:udp:actrace,2
eth:ethertype:ip:udp:lisp-data:ipv6:ah,2
eth:ethertype:ip:udp:l2tp:ppp:data,2
eth:ethertype:ip:udp:hip,2
eth:ethertype:ip:udp:oicq,2
eth:ethertype:ip:udp:rx:afs,2
eth:ethertype:ip:udp:epl:data,1
eth:ethertype:ip:udp:lwapp:wlan:llc:data,1
eth:ethertype:ip:udp:mpls:pwethheuristic:pwethcw:eth,1
eth:ethertype:ip:udp:rdpudp:tls,1
eth:ethertype:ip:udp:edonkey:f5ethtrailer,1
eth:ethertype:ip:udp:raknet:raknet:f5ethtrailer,1
eth:ethertype:ip:udp:mp2t,1
eth:ethertype:ip:udp:wimaxasncp,1
eth:ethertype:ip:udp:db-lsp-disc:json:data-text-lines,1
eth:ethertype:ip:udp:ptp,1
eth:ethertype:ip:udp:snmp:data,1
eth:ethertype:ip:udp:scop:wpan,1
eth:ethertype:ip:udp:megaco,1
eth:ethertype:ip:udp:dvb_ipdc:alc:rmt-lct,1
eth:ethertype:ip:udp:capwap:data,1
eth:ethertype:ip:udp:mpls:ipv6:l2tp:data,1
eth:ethertype:ip:udp:mpls:ipv6:etherip:eth:ethertype:data,1
eth:ethertype:ip:udp:mpls:ipv6:gre:data,1
eth:ethertype:ip:udp:mpls:ipv6:pgm,1
eth:ethertype:ip:udp:mpls:ipv6:vrrp,1
eth:ethertype:ip:udp:mpls:ipv6:vines_frp:vines_ip:data,1
eth:ethertype:ip:udp:mpls:ipv6:osi:data,1
eth:ethertype:ip:udp:mpls:pwethheuristic:pwethnocw:eth:ethertype:data,1
eth:ethertype:ip:udp:mbudp:modbus,1
eth:ethertype:ip:udp:tplink-smarthome:json,1
eth:ethertype:ip:udp:lisp-data:ipv6:dccp,1
eth:ethertype:ip:udp:memcache:vssmonitoring,1
eth:ethertype:ip:udp:mdns:vssmonitoring,1
eth:ethertype:ip:udp:jmirror:ipv6:ah,1
eth:ethertype:ip:udp:jmirror:ipv6:ospf,1
eth:ethertype:ip:udp:jmirror:ipv6:eigrp,1
eth:ethertype:ip:udp:jmirror:ipv6:vines_frp:vines_ip:data,1
eth:ethertype:ip:udp:jmirror:ipv6:dsr,1
eth:ethertype:ip:udp:jmirror:ipv6:esp,1
eth:ethertype:ip:udp:mpls:ipv6:dsr,1
eth:ethertype:ip:udp:wccp,1
eth:ethertype:ip:udp:lisp-data:ipv6:esp,1
eth:ethertype:ip:udp:lisp-data:ipv6:nhrp,1
eth:ethertype:ip:udp:lisp-data:ipv6:lwl4,1
eth:ethertype:ip:udp:lisp-data:ipv6:l2tp:data,1
eth:ethertype:ip:udp:lisp-data:ipv6:pim,1
eth:ethertype:ip:udp:lisp-data:ipv6:dsr,1
eth:ethertype:ip:udp:lisp-data:ipv6:etherip:eth:llc,1
eth:ethertype:ip:udp:lisp-data:ipv6:gre:data,1
eth:ethertype:ip:udp:dplay,1
eth:ethertype:ip:udp:ieee1722:aaf,1
eth:ethertype:ip:udp:bat.vis,1
eth:ethertype:ip:udp:cnip:lon,1
eth:ethertype:ip:udp:udpencap:data,1
