eth:ethertype:ip:udp:data,11388244
eth:ethertype:ip:udp:stun,7470674
eth:ethertype:ip:udp:syslog,5931911
eth:ethertype:ip:udp:dns,3965884
eth:ethertype:ip:udp:ntp,2137632
eth:ethertype:ip:udp:snmp,1813026
eth:ethertype:ip:data,1706620
eth:ethertype:ip:udp:nbns,1187987
eth:ethertype:ip:udp:sip,317864
eth:ethertype:ip:udp,219344
eth:ethertype:ip:udp:ssdp,162479
eth:ethertype:ip:udp:cflow,157484
eth:ethertype:ip:udp:coap,153393
eth:ethertype:ip:udp:sip:xml,102075
eth:ethertype:ip:udp:mdns,101639
eth:ethertype:ip:udp:cldap,99773
eth:ethertype:ip:udp:openvpn,87028
eth:ethertype:ip:udp:rpc,85458
eth:ethertype:ip:udp:memcache,79587
eth:ethertype:ip:udp:isakmp,70714
eth:ethertype:ip:udp:dtls,60605
eth:ethertype:ip:udp:sip:data-text-lines,52744
eth:ethertype:ip:udp:portcontrol,46495
eth:ethertype:ip:udp:capwap,44331
eth:ethertype:ip:udp:gtp,41630
eth:ethertype:ip:udp:srvloc,38841
eth:ethertype:ip:udp:bvlc:bacnet:bacapp,37142
eth:ethertype:ip:udp:l2tp,27405
eth:ethertype:ip:udp:rip,26968
eth:ethertype:ip:udp:chargen,26588
eth:ethertype:ip:udp:udpencap:esp,26550
eth:ethertype:ip:udp:xdmcp,25420
eth:ethertype:ip:udp:gquic,20965
eth:ethertype:ip:udp:quic:tls,20081
eth:ethertype:ip:udp:kerberos,18815
eth:ethertype:ip:udp:radius,18119
eth:ethertype:ip:udp:lwapp:data,17240
eth:ethertype:ip:udp:rdpudp,16727
eth:ethertype:ip:udp:dhcp,16171
eth:ethertype:ip:udp:rmcp:ipmi_session:data,14364
eth:ethertype:ip:udp:echo,13583
eth:ethertype:ip:udp:tftp,13397
eth:ethertype:ip:udp:enip,13339
eth:ethertype:ip:udp:omron,13174
eth:ethertype:ip:udp:classicstun,13172
eth:ethertype:ip:udp:gtp:gtpv2,11688
eth:ethertype:ip:udp:nbdgm:smb:browser,10892
eth:ethertype:ip:udp:time,10273
eth:ethertype:ip:udp:daytime,10272
eth:ethertype:ip:udp:caneth:data:data,10225
eth:ethertype:ip:udp:ecatf:ecat,10217
eth:ethertype:ip:udp:steam_ihs_discovery,9273
eth:ethertype:ip:udp:bfd,8666
eth:ethertype:ip:udp:teredo:ipv6,8558
eth:ethertype:ip:udp:udpencap:isakmp,6922
eth:ethertype:ip:udp:rtcp,6270
eth:ethertype:ip:udp:kip,6105
eth:ethertype:ip:udp:hart_ip,5556
eth:ethertype:ip:udp:mgcp,5416
eth:ethertype:ip:udp:quic,4703
eth:ethertype:ip:udp:iax2,3951
eth:ethertype:ip:udp:coap:data,3639
eth:ethertype:ip:udp:llmnr,3562
eth:ethertype:ip:udp:rmcp:asf,3408
eth:ethertype:ip:udp:raknet:raknet,2930
eth:ethertype:ip:udp:quake3:data,1668
eth:ethertype:ip:udp:gtpprime,1472
eth:ethertype:ip:udp:dis,1450
eth:ethertype:ip:udp:corosync_totemnet:data,1271
eth:ethertype:ip:udp:cipio,1114
eth:ethertype:ip:udp:llc:data,1076
eth:ethertype:ip:udp:kink,1066
eth:ethertype:ip:udp:wtls,1015
eth:ethertype:ip:udp:wisun.eapol_relay:eapol:data,1001
eth:ethertype:ip:udp:iapp,990
eth:ethertype:ip:udp:dof,988
eth:ethertype:ip:udp:teredo:ipv6:icmpv6,983
eth:ethertype:ip:udp:mipv6,968
eth:ethertype:ip:udp:adp,926
eth:ethertype:ip:udp:asterix,924
eth:ethertype:ip:udp:rtps,914
eth:ethertype:ip:udp:rsvp,803
eth:ethertype:ip:udp:pktc,713
eth:ethertype:ip:udp:ssdp:data,708
eth:ethertype:ip:udp:lwapp:wlan,668
eth:ethertype:ip:udp:pktc.mtafqdn,603
eth:ethertype:ip:udp:pn_rt:pn_ptcp,579
eth:ethertype:ip:udp:scop:data,564
eth:ethertype:ip:udp:ulp,554
eth:ethertype:ip:udp:tzsp,521
eth:ethertype:ip:udp:bat.gw:data,514
eth:ethertype:ip:udp:mint,474
eth:ethertype:ip:udp:enrp,473
eth:ethertype:ip:udp:vrt,465
eth:ethertype:ip:udp:knet,449
eth:ethertype:ip:udp:mpls-echo,445
eth:ethertype:ip:udp:h248,442
eth:ethertype:ip:udp:ipvs,426
eth:ethertype:ip:udp:wsp,422
eth:ethertype:ip:udp:ax4000,419
eth:ethertype:ip:udp:mih,407
eth:ethertype:ip:udp:bat.vis:data,401
eth:ethertype:ip:udp:tipc,399
eth:ethertype:ip:udp:tplink-smarthome:json:data-text-lines,393
eth:ethertype:ip:udp:ayiya,383
eth:ethertype:ip:udp:hiqnet,383
eth:ethertype:ip:udp:wtp,378
eth:ethertype:ip:udp:idn,377
eth:ethertype:ip:udp:gre:data,375
eth:ethertype:ip:udp:tipc:data,374
eth:ethertype:ip:udp:rdt,351
eth:ethertype:ip:udp:ecmp,337
eth:ethertype:ip:udp:ecatf:data,335
eth:ethertype:ip:udp:h501,334
eth:ethertype:ip:udp:ath,321
eth:ethertype:ip:udp:radius:eap,321
eth:ethertype:ip:udp:bat:data,319
eth:ethertype:ip:udp:bfd_echo,315
eth:ethertype:ip:udp:hcrt,311
eth:ethertype:ip:udp:raknet,306
eth:ethertype:ip:udp:enttec,304
eth:ethertype:ip:udp:teredo:data,293
eth:ethertype:ip:udp:dpnet,284
eth:ethertype:ip:udp:doip,279
eth:ethertype:ip:udp:iax2:data,275
eth:ethertype:ip:udp:kdp,269
eth:ethertype:ip:udp:msproxy,263
eth:ethertype:ip:udp:db-lsp-disc,260
eth:ethertype:ip:udp:wlccp,256
eth:ethertype:ip:udp:icp,253
eth:ethertype:ip:udp:nxp_802154_sniffer:wpan,250
eth:ethertype:ip:udp:pfcp,248
eth:ethertype:ip:udp:lisp:data,247
eth:ethertype:ip:udp:tetra,237
eth:ethertype:ip:udp:amt,232
eth:ethertype:ip:udp:wg,231
eth:ethertype:ip:udp:mikey,229
eth:ethertype:ip:udp:c1222,225
eth:ethertype:ip:udp:egd:data,218
eth:ethertype:ip:udp:vuze-dht,205
eth:ethertype:ip:udp:h225,205
eth:ethertype:ip:udp:ajns,204
eth:ethertype:ip:udp:cnip,202
eth:ethertype:ip:udp:uaudp,201
eth:ethertype:ip:udp:mpls:data,199
eth:ethertype:ip:udp:gsmtap:data,194
eth:ethertype:ip:udp:bjnp,192
eth:ethertype:ip:udp:sabp:sabp,192
eth:ethertype:ip:udp:gprs-ns,190
eth:ethertype:ip:udp:ts2,189
eth:ethertype:ip:udp:sbus,183
eth:ethertype:ip:udp:sctp,167
eth:ethertype:ip:udp:tpcp,166
eth:ethertype:ip:udp:lisp-data,159
eth:ethertype:ip:udp:sap,159
eth:ethertype:ip:udp:elasticsearch,154
eth:ethertype:ip:udp:nano,153
eth:ethertype:ip:udp:manolito,153
eth:ethertype:ip:udp:ieee1722:data,139
eth:ethertype:ip:udp:opensafety:data,135
eth:ethertype:ip:udp:dcc,115
eth:ethertype:ip:udp:sabp,113
eth:ethertype:ip:udp:capwap.data:eth:ethertype:data,111
eth:ethertype:ip:udp:eth:ethertype:data,110
eth:ethertype:ip:udp:asap,100
eth:ethertype:ip:udp:capwap.data,96
eth:ethertype:ip:udp:nbdgm:smb:data,95
eth:ethertype:ip:udp:tacacs,91
eth:ethertype:ip:udp:infiniband,91
eth:ethertype:ip:udp:rx,90
eth:ethertype:ip:udp:opensafety_udp:data,89
eth:ethertype:ip:udp:collectd,82
eth:ethertype:ip:udp:geneve,81
eth:ethertype:ip:udp:a21,77
eth:ethertype:ip:udp:quake:data,75
eth:ethertype:ip:udp:sap:sdp,75
eth:ethertype:ip:udp:wtp:wsp,74
eth:ethertype:ip:udp:dvb_ipdc:data,70
eth:ethertype:ip:udp:quake2:data,67
eth:ethertype:ip:udp:quakeworld:data,66
eth:ethertype:ip:udp:rsip,63
eth:ethertype:ip:udp:mpls:pwethheuristic:pwethcw:eth:ethertype:data,61
eth:ethertype:ip:udp:pn_rt:pn_io,61
eth:ethertype:ip:udp:ardp,61
eth:ethertype:ip:udp:nxp_802154_sniffer,60
eth:ethertype:ip:udp:megaco:data,59
eth:ethertype:ip:udp:mpls:ip:data,57
eth:ethertype:ip:udp:geneve:data,53
eth:ethertype:ip:udp:lwapp:wlan:data,52
eth:ethertype:ip:udp:ltp,50
eth:ethertype:ip:udp:vxlan:eth:llc:data,50
eth:ethertype:ip:udp:vxlan:eth:ethertype:data,47
eth:ethertype:ip:udp:gre,46
eth:ethertype:ip:udp:wol,44
eth:ethertype:ip:udp:dmp,40
eth:ethertype:ip:udp:capwap.data:dtls,36
eth:ethertype:ip:udp:gsmtap,33
eth:ethertype:ip:udp:infiniband:data,31
eth:ethertype:ip:udp:lisp,31
eth:ethertype:ip:udp:cnip:data,30
eth:ethertype:ip:udp:goose:cotp,27
eth:ethertype:ip:udp:mpls:ipv6:data,27
eth:ethertype:ip:udp:lisp-data:ip:data,27
eth:ethertype:ip:udp:lisp-data:ipv6:data,24
eth:ethertype:ip:udp:quake3,23
eth:ethertype:ip:udp:thrift,23
eth:ethertype:ip:udp:mpls:ipv6:ipv6.hopopts,23
eth:ethertype:ip:udp:lisp-data:ip,23
eth:ethertype:ip:udp:l2tp:data,22
eth:ethertype:ip:udp:egd,19
eth:ethertype:ip:udp:sigcomp,19
eth:ethertype:ip:udp:nxp_802154_sniffer:wpan:data,19
eth:ethertype:ip:udp:capwap:dtls,18
eth:ethertype:ip:udp:mpls:ip,17
eth:ethertype:ip:udp:mpls,16
eth:ethertype:ip:udp:llc,15
eth:ethertype:ip:udp:stun:data,15
eth:ethertype:ip:udp:ripng,14
eth:ethertype:ip:udp:vxlan:eth,14
eth:ethertype:ip:udp:dhcpv6,14
eth:ethertype:ip:udp:quake2,14
eth:ethertype:ip:udp:tzsp:data,12
eth:ethertype:ip:udp:mip,12
eth:ethertype:ip:udp:mndp,11
eth:ethertype:ip:udp:wisun.eapol_relay:eapol,11
eth:ethertype:ip:udp:acdr,11
eth:ethertype:ip:udp:raknet:raknet:raknet,11
eth:ethertype:ip:udp:rsp,10
eth:ethertype:ip:udp:sabp:sabp:sabp,10
eth:ethertype:ip:udp:dcp-etsi:dcp-pft,10
eth:ethertype:ip:udp:data:vssmonitoring,9
eth:ethertype:ip:udp:sip:sigcomp,9
eth:ethertype:ip:udp:pathport,9
eth:ethertype:ip:udp:lmp,8
eth:ethertype:ip:udp:ieee1722:iec61883,8
eth:ethertype:ip:udp:nbdgm,8
eth:ethertype:ip:udp:wisun.eapol_relay,8
eth:ethertype:ip:udp:dlep,8
eth:ethertype:ip:udp:dlsw,8
eth:ethertype:ip:udp:ntp:vssmonitoring,8
eth:ethertype:ip:udp:slimp3,7
eth:ethertype:ip:udp:msmms,7
eth:ethertype:ip:udp:scop,7
eth:ethertype:ip:udp:auto_rp,7
eth:ethertype:ip:udp:who,7
eth:ethertype:ip:udp:dcp-etsi:dcp-af,7
eth:ethertype:ip:udp:dvb_ipdc:alc:data,7
eth:ethertype:ip:udp:rdpudp:tls,7
eth:ethertype:ip:udp:ecatf:tc_nv,6
eth:ethertype:ip:udp:ecatf:ioraw,6
eth:ethertype:ip:udp:find,6
eth:ethertype:ip:udp:jmirror:ipv6:data,6
eth:ethertype:ip:udp:pn_rt,6
eth:ethertype:ip:udp:eth,6
eth:ethertype:ip:udp:lbtrm,5
eth:ethertype:ip:udp:ecatf,5
eth:ethertype:ip:udp:lwres,5
eth:ethertype:ip:udp:ddtp,5
eth:ethertype:ip:udp:ip,5
eth:ethertype:ip:udp:armagetronad,4
eth:ethertype:ip:udp:ncp,4
eth:ethertype:ip:udp:bat.gw,4
eth:ethertype:ip:udp:kpasswd,4
eth:ethertype:ip:udp:xyplex,4
eth:ethertype:ip:udp:dvb_ipdc:alc:rmt-lct,4
eth:ethertype:ip:udp:cigi,4
eth:ethertype:ip:udp:lisp-data:ipv6,4
eth:ethertype:ip:udp:lwapp,4
eth:ethertype:ip:udp:tapa,4
eth:ethertype:ip:udp:rtpproxy,4
eth:ethertype:ip:udp:rx:afs,4
eth:ethertype:ip:udp:quake,4
eth:ethertype:ip:udp:cups,4
eth:ethertype:ip:udp:lisp-data:ipv6:l2tp:data,4
eth:ethertype:ip:udp:mpls:pwethheuristic:pwethnocw:eth:ethertype:data,3
eth:ethertype:ip:udp:gre:wlan,3
eth:ethertype:ip:udp:quakeworld,3
eth:ethertype:ip:udp:icq,3
eth:ethertype:ip:udp:ptp,3
eth:ethertype:ip:udp:h225:data,3
eth:ethertype:ip:udp:actrace,3
eth:ethertype:ip:udp:mpls:pwach:data,3
eth:ethertype:ip:udp:packetbb,3
eth:ethertype:ip:udp:capwap.data:data,3
eth:ethertype:ip:udp:scop:wpan,3
eth:ethertype:ip:udp:dplay,3
eth:ethertype:ip:udp:ipx:data,2
eth:ethertype:ip:udp:olsr,2
eth:ethertype:ip:udp:mpls:ipv6:ospf,2
eth:ethertype:ip:udp:mpls:ipv6:gre:data,2
eth:ethertype:ip:udp:llc:sna:data,2
eth:ethertype:ip:udp:mpls:pwethheuristic:pwethcw:eth,2
eth:ethertype:ip:udp:amt:ip,2
eth:ethertype:ip:udp:tsp,2
eth:ethertype:ip:udp:llc:osi:data,2
eth:ethertype:ip:udp:gprs-ns:bssgp,2
eth:ethertype:ip:udp:ipx,2
eth:ethertype:ip:udp:cpfi,2
eth:ethertype:ip:udp:goose:cotp:goose,2
eth:ethertype:ip:udp:ecatf:ams,2
eth:ethertype:ip:udp:eth:llc,2
eth:ethertype:ip:udp:lisp-data:ipv6:ah,2
eth:ethertype:ip:udp:lisp-data:ipv6:ospf,2
eth:ethertype:ip:udp:lisp-data:ipv6:vines_frp:vines_ip:data,2
eth:ethertype:ip:udp:amt:ip:data,2
eth:ethertype:ip:udp:hip,2
eth:ethertype:ip:udp:rdpudp:data,2
eth:ethertype:ip:udp:a11,1
eth:ethertype:ip:udp:papi,1
eth:ethertype:ip:udp:mpls:ipv6:swipe,1
eth:ethertype:ip:udp:mpls:ipv6:lwl4,1
eth:ethertype:ip:udp:mpls:ipv6:vrrp,1
eth:ethertype:ip:udp:mpls:ipv6:etherip:eth:llc:data,1
eth:ethertype:ip:udp:mpls:ipv6,1
eth:ethertype:ip:udp:capwap:data,1
eth:ethertype:ip:udp:wccp,1
eth:ethertype:ip:udp:mpls:ipv6:vines_frp:vines_ip:data,1
eth:ethertype:ip:udp:mpls:ipv6:l2tp:data,1
eth:ethertype:ip:udp:mpls:ipv6:nhrp,1
eth:ethertype:ip:udp:mpls:ipv6:ipv6.routing,1
eth:ethertype:ip:udp:mpls:ipv6:pim,1
eth:ethertype:ip:udp:jmirror:ipv6:ospf,1
eth:ethertype:ip:udp:jmirror:ipv6:dsr:data,1
eth:ethertype:ip:udp:ieee1722,1
eth:ethertype:ip:udp:vxlan:eth:llc:osi:data,1
eth:ethertype:ip:udp:adwin,1
eth:ethertype:ip:udp:udpencap,1
eth:ethertype:ip:udp:dtls:x509sat:x509sat:x509sat:x509sat,1
eth:ethertype:ip:udp:ecatf:ecat_mailbox,1
eth:ethertype:ip:udp:rdpudp:dtls,1
eth:ethertype:ip:udp:gsmtap:lte_rrc,1
eth:ethertype:ip:udp:capwap.data:eth,1
eth:ethertype:ip:udp:gsmtap:gsm_sim,1
eth:ethertype:ip:udp:ayiya:dsr:ipv6.hopopts:ipv6.hopopts,1
eth:ethertype:ip:udp:tplink-smarthome:json,1
eth:ethertype:ip:udp:lisp-data:ipv6:esp,1
eth:ethertype:ip:udp:lisp-data:ipv6:ipv6.routing,1
eth:ethertype:ip:udp:lisp-data:ipv6:osi:data,1
eth:ethertype:ip:udp:lisp-data:ipv6:gre,1
eth:ethertype:ip:udp:wimaxasncp,1
eth:ethertype:ip:udp:epl,1
eth:ethertype:ip:udp:sflow,1
eth:ethertype:ip:udp:ltp:data,1
eth:ethertype:ip:udp:teredo,1
eth:ethertype:ip:udp:cnip:lon,1
eth:ethertype:ip:udp:mbudp:modbus,1
eth:ethertype:ip:udp:megaco,1
eth:ethertype:ip:udp:edonkey,1
eth:ethertype:ip:udp:nbdgm:smb:smb_netlogon,1
eth:ethertype:ip:udp:mint:eth,1
eth:ethertype:ip:udp:jmirror:ipv6,1
eth:ethertype:ip:udp:mint:eth:ethertype:data,1
