eth:ethertype:ip:udp:data,9606230
eth:ethertype:ip:udp:syslog,4797262
eth:ethertype:ip:udp:dns,4030653
eth:ethertype:ip:udp:stun,3880906
eth:ethertype:ip:udp:ntp,2050840
eth:ethertype:ip:udp:snmp,1903199
eth:ethertype:ip:data,1470905
eth:ethertype:ip:udp:nbns,667086
eth:ethertype:ip:udp:sip,640594
eth:ethertype:ip:udp:dis,205087
eth:ethertype:ip:udp:cflow,148269
eth:ethertype:ip:udp:ssdp,130073
eth:ethertype:ip:udp:coap,122532
eth:ethertype:ip:udp:mdns,111472
eth:ethertype:ip:udp:sip:xml,101895
eth:ethertype:ip:udp:rpc,75732
eth:ethertype:ip:udp:isakmp,72769
eth:ethertype:ip:udp:cldap,66964
eth:ethertype:ip:udp,62802
eth:ethertype:ip:udp:memcache,61871
eth:ethertype:ip:udp:dtls,58174
eth:ethertype:ip:udp:openvpn,55986
eth:ethertype:ip:udp:sip:data-text-lines,52662
eth:ethertype:ip:udp:bvlc:bacnet:bacapp,46857
eth:ethertype:ip:udp:capwap,44290
eth:ethertype:ip:udp:portcontrol,43711
eth:ethertype:ip:udp:rip,43370
eth:ethertype:ip:udp:gtp,43292
eth:ethertype:ip:udp:srvloc,35430
eth:ethertype:ip:udp:l2tp,27395
eth:ethertype:ip:udp:rdpudp,26762
eth:ethertype:ip:udp:chargen,26397
eth:ethertype:ip:udp:quic,25884
eth:ethertype:ip:udp:rmcp:ipmi_session:data,25619
eth:ethertype:ip:udp:udpencap:esp,24242
eth:ethertype:ip:udp:ltp,24044
eth:ethertype:ip:udp:tftp,23670
eth:ethertype:ip:udp:xdmcp,22505
eth:ethertype:ip:udp:quic:tls,21471
eth:ethertype:ip:udp:gquic,21023
eth:ethertype:ip:udp:kerberos,19137
eth:ethertype:ip:udp:dhcp,18830
eth:ethertype:ip:udp:bfd,18803
eth:ethertype:ip:udp:radius,18290
eth:ethertype:ip:udp:lwapp:data,16228
eth:ethertype:ip:udp:classicstun,15723
eth:ethertype:ip:udp:enip,14168
eth:ethertype:ip:udp:echo,13704
eth:ethertype:ip:udp:omron,13400
eth:ethertype:ip:udp:gtp:gtpv2,11913
eth:ethertype:ip:udp:capwap.data,10756
eth:ethertype:ip:udp:rpc:data,10543
eth:ethertype:ip:udp:quake3,10321
eth:ethertype:ip:udp:daytime,10291
eth:ethertype:ip:udp:time,10274
eth:ethertype:ip:udp:ecatf:ecat,10042
eth:ethertype:ip:udp:nbdgm:smb:browser,9621
eth:ethertype:ip:udp:steam_ihs_discovery,9360
eth:ethertype:ip:udp:teredo:ipv6,6781
eth:ethertype:ip:udp:udpencap:isakmp,6692
eth:ethertype:ip:udp:rtcp,6449
eth:ethertype:ip:udp:mgcp,6288
eth:ethertype:ip:udp:kip,6052
eth:ethertype:ip:udp:scop:data,5734
eth:ethertype:ip:udp:hart_ip,5677
eth:ethertype:ip:udp:iax2,4687
eth:ethertype:ip:udp:coap:data,4448
eth:ethertype:ip:udp:rmcp:asf,3525
eth:ethertype:ip:udp:wsp,3306
eth:ethertype:ip:udp:c1222,2887
eth:ethertype:ip:udp:teredo:ipv6:icmpv6,2045
eth:ethertype:ip:udp:cipio,1696
eth:ethertype:ip:udp:radius:eap,1692
eth:ethertype:ip:udp:mint,1141
eth:ethertype:ip:udp:raknet:raknet,1075
eth:ethertype:ip:udp:rtps,972
eth:ethertype:ip:udp:gtpprime,972
eth:ethertype:ip:udp:quake3:data,927
eth:ethertype:ip:udp:wg,891
eth:ethertype:ip:udp:pn_rt:pn_ptcp,876
eth:ethertype:ip:udp:mipv6,852
eth:ethertype:ip:udp:ssdp:data,778
eth:ethertype:ip:udp:dof,741
eth:ethertype:ip:udp:cnip,624
eth:ethertype:ip:udp:corosync_totemnet:data,617
eth:ethertype:ip:udp:tzsp,605
eth:ethertype:ip:udp:llc:data,561
eth:ethertype:ip:udp:wtls,507
eth:ethertype:ip:udp:elasticsearch,493
eth:ethertype:ip:udp:asterix,488
eth:ethertype:ip:udp:bat.gw:data,485
eth:ethertype:ip:udp:sbus,462
eth:ethertype:ip:udp:manolito,433
eth:ethertype:ip:udp:gprs-ns:bssgp,407
eth:ethertype:ip:udp:collectd,370
eth:ethertype:ip:udp:wtp,329
eth:ethertype:ip:udp:ecmp,311
eth:ethertype:ip:udp:kdp,304
eth:ethertype:ip:udp:tipc,301
eth:ethertype:ip:udp:db-lsp-disc,300
eth:ethertype:ip:udp:uaudp,284
eth:ethertype:ip:udp:bjnp,283
eth:ethertype:ip:udp:idn,273
eth:ethertype:ip:udp:pktc.mtafqdn,265
eth:ethertype:ip:udp:amt,257
eth:ethertype:ip:udp:ajns,246
eth:ethertype:ip:udp:opensafety:data,243
eth:ethertype:ip:udp:bat:data,238
eth:ethertype:ip:udp:bat.vis:data,238
eth:ethertype:ip:udp:tetra,236
eth:ethertype:ip:udp:h248,234
eth:ethertype:ip:udp:llmnr,233
eth:ethertype:ip:udp:ayiya,228
eth:ethertype:ip:udp:bfd_echo,224
eth:ethertype:ip:udp:h225,217
eth:ethertype:ip:udp:papi:data,216
eth:ethertype:ip:udp:quake2:data,204
eth:ethertype:ip:udp:lwapp:wlan,198
eth:ethertype:ip:udp:gprs-ns,191
eth:ethertype:ip:udp:mikey,186
eth:ethertype:ip:udp:icp,182
eth:ethertype:ip:udp:dvb_ipdc:data,181
eth:ethertype:ip:udp:tplink-smarthome:json:data-text-lines,180
eth:ethertype:ip:udp:nano,179
eth:ethertype:ip:udp:raknet:raknet:raknet,179
eth:ethertype:ip:udp:pfcp,176
eth:ethertype:ip:udp:wisun.eapol_relay:eapol:data,171
eth:ethertype:ip:udp:ath,161
eth:ethertype:ip:udp:hcrt,161
eth:ethertype:ip:udp:gre:data,160
eth:ethertype:ip:udp:enttec,158
eth:ethertype:ip:udp:doip,153
eth:ethertype:ip:udp:sabp:sabp,153
eth:ethertype:ip:udp:ieee1722:data,148
eth:ethertype:ip:udp:raknet,146
eth:ethertype:ip:udp:h501,146
eth:ethertype:ip:udp:dpnet,138
eth:ethertype:ip:udp:ts2,133
eth:ethertype:ip:udp:knet,132
eth:ethertype:ip:udp:rx,129
eth:ethertype:ip:udp:mpls-echo,129
eth:ethertype:ip:udp:infiniband:data,127
eth:ethertype:ip:udp:mih,125
eth:ethertype:ip:udp:ipvs,125
eth:ethertype:ip:udp:iax2:data,122
eth:ethertype:ip:udp:iapp,120
eth:ethertype:ip:udp:sabp,118
eth:ethertype:ip:udp:ulp,117
eth:ethertype:ip:udp:adp,115
eth:ethertype:ip:udp:hiqnet,112
eth:ethertype:ip:udp:rdt,108
eth:ethertype:ip:udp:geneve,105
eth:ethertype:ip:udp:kink,103
eth:ethertype:ip:udp:lisp:data,102
eth:ethertype:ip:udp:wlccp,101
eth:ethertype:ip:udp:pktc,100
eth:ethertype:ip:udp:nbdgm:smb:data,96
eth:ethertype:ip:udp:msproxy,94
eth:ethertype:ip:udp:ardp,90
eth:ethertype:ip:udp:opensafety_udp:data,88
eth:ethertype:ip:udp:teredo:data,86
eth:ethertype:ip:udp:egd:data,81
eth:ethertype:ip:udp:nxp_802154_sniffer,80
eth:ethertype:ip:udp:rsvp,79
eth:ethertype:ip:udp:tacacs,79
eth:ethertype:ip:udp:sap,77
eth:ethertype:ip:udp:rsip,76
eth:ethertype:ip:udp:ax4000,76
eth:ethertype:ip:udp:enrp,75
eth:ethertype:ip:udp:vuze-dht,75
eth:ethertype:ip:udp:infiniband,74
eth:ethertype:ip:udp:quakeworld:data,74
eth:ethertype:ip:udp:asap,73
eth:ethertype:ip:udp:a21,71
eth:ethertype:ip:udp:mpls:data,70
eth:ethertype:ip:udp:dmp,69
eth:ethertype:ip:udp:gsmtap:data,68
eth:ethertype:ip:udp:gre,67
eth:ethertype:ip:udp:stun:data,65
eth:ethertype:ip:udp:quake:data,63
eth:ethertype:ip:udp:eth:ethertype:data,60
eth:ethertype:ip:udp:sctp,59
eth:ethertype:ip:udp:megaco:data,58
eth:ethertype:ip:udp:dcc,55
eth:ethertype:ip:udp:lwapp:wlan:data,51
eth:ethertype:ip:udp:lisp-data,50
eth:ethertype:ip:udp:amt:ip,50
eth:ethertype:ip:udp:nxp_802154_sniffer:wpan,48
eth:ethertype:ip:udp:vrt,46
eth:ethertype:ip:udp:nxp_802154_sniffer:wpan:data,43
eth:ethertype:ip:udp:lisp,43
eth:ethertype:ip:udp:vxlan:eth:ethertype:data,39
eth:ethertype:ip:udp:ecatf:data,37
eth:ethertype:ip:udp:thrift,35
eth:ethertype:ip:udp:geneve:data,33
eth:ethertype:ip:udp:pn_rt:pn_io,32
eth:ethertype:ip:udp:wisun.eapol_relay,29
eth:ethertype:ip:udp:cnip:data,28
eth:ethertype:ip:udp:capwap.data:dtls,25
eth:ethertype:ip:udp:gsmtap,24
eth:ethertype:ip:udp:tzsp:data,24
eth:ethertype:ip:udp:sip:sdp,24
eth:ethertype:ip:udp:goose:cotp,23
eth:ethertype:ip:udp:udpencap,23
eth:ethertype:ip:udp:llc,19
eth:ethertype:ip:udp:capwap:dtls,19
eth:ethertype:ip:udp:vxlan:eth,19
eth:ethertype:ip:udp:eth,16
eth:ethertype:ip:udp:quake2,16
eth:ethertype:ip:udp:egd,16
eth:ethertype:ip:udp:pathport,16
eth:ethertype:ip:udp:ripng,15
eth:ethertype:ip:udp:dhcpv6,15
eth:ethertype:ip:udp:pn_rt,15
eth:ethertype:ip:udp:sigcomp,14
eth:ethertype:ip:udp:l2tp:data,14
eth:ethertype:ip:udp:acdr,13
eth:ethertype:ip:udp:mpls:ipv6:data,13
eth:ethertype:ip:udp:dvb_ipdc:alc:data,12
eth:ethertype:ip:udp:teredo:ipv6:ipv6.hopopts,12
eth:ethertype:ip:udp:mip,11
eth:ethertype:ip:udp:wtp:wsp,11
eth:ethertype:ip:udp:adwin,11
eth:ethertype:ip:udp:find,10
eth:ethertype:ip:udp:kpasswd,10
eth:ethertype:ip:udp:dcp-etsi:dcp-af,10
eth:ethertype:ip:udp:auto_rp,9
eth:ethertype:ip:udp:data:vssmonitoring,9
eth:ethertype:ip:udp:capwap.data:eth:ethertype:data,9
eth:ethertype:ip:udp:sip:sigcomp,8
eth:ethertype:ip:udp:xyplex,8
eth:ethertype:ip:udp:ipx,8
eth:ethertype:ip:udp:bundle,8
eth:ethertype:ip:udp:ecatf:ioraw,7
eth:ethertype:ip:udp:rtpproxy,7
eth:ethertype:ip:udp:tsp,7
eth:ethertype:ip:udp:llc:osi:data,7
eth:ethertype:ip:udp:scop,7
eth:ethertype:ip:udp:sabp:sabp:sabp,7
eth:ethertype:ip:udp:lmp,7
eth:ethertype:ip:udp:mpls:pwach:data,7
eth:ethertype:ip:udp:mpls,7
eth:ethertype:ip:udp:slimp3,6
eth:ethertype:ip:udp:mpls:ipv6,6
eth:ethertype:ip:udp:wisun.eapol_relay:eapol,6
eth:ethertype:ip:udp:nbdgm,6
eth:ethertype:ip:udp:ieee1722:iec61883,6
eth:ethertype:ip:udp:lbtrm,5
eth:ethertype:ip:udp:mndp,5
eth:ethertype:ip:udp:capwap.data:data,5
eth:ethertype:ip:udp:dvb_ipdc:alc:rmt-lct,5
eth:ethertype:ip:udp:rsp,5
eth:ethertype:ip:udp:dcp-etsi:dcp-pft,5
eth:ethertype:ip:udp:msmms,5
eth:ethertype:ip:udp:mpls:pwethheuristic:pwethcw:eth:ethertype:data,5
eth:ethertype:ip:udp:dlsw,5
eth:ethertype:ip:udp:lisp-data:ipv6,5
eth:ethertype:ip:udp:ipx:data,4
eth:ethertype:ip:udp:who,4
eth:ethertype:ip:udp:teredo,4
eth:ethertype:ip:udp:quake,4
eth:ethertype:ip:udp:lwapp,4
eth:ethertype:ip:udp:quakeworld,4
eth:ethertype:ip:udp:uftp:uftp5,4
eth:ethertype:ip:udp:ieee1722,4
eth:ethertype:ip:udp:ptp,4
eth:ethertype:ip:udp:cups,4
eth:ethertype:ip:udp:wol,4
eth:ethertype:ip:udp:capwap:data,4
eth:ethertype:ip:udp:mpls:pwethheuristic:pwethcw:eth,3
eth:ethertype:ip:udp:lwres,3
eth:ethertype:ip:udp:rx:afs,3
eth:ethertype:ip:udp:tapa,3
eth:ethertype:ip:udp:goose:cotp:goose,3
eth:ethertype:ip:udp:ncp,3
eth:ethertype:ip:udp:nbdgm:smb:smb_netlogon,3
eth:ethertype:ip:udp:packetbb,2
eth:ethertype:ip:udp:bat.vis,2
eth:ethertype:ip:udp:ayiya:dsr:ipv6.hopopts:ipv6.hopopts,2
eth:ethertype:ip:udp:mpls:ip,2
eth:ethertype:ip:udp:mpls:ip:data,2
eth:ethertype:ip:udp:dlep,2
eth:ethertype:ip:udp:ieee1722:aaf,2
eth:ethertype:ip:udp:vxlan,2
eth:ethertype:ip:udp:olsr,2
eth:ethertype:ip:udp:tzsp:eth:ethertype:data,2
eth:ethertype:ip:udp:ecatf:tc_nv,2
eth:ethertype:ip:udp:rdpudp:tls,2
eth:ethertype:ip:udp:rdpudp:dtls,2
eth:ethertype:ip:udp:armagetronad,2
eth:ethertype:ip:udp:mint:eth:ethertype:data,2
eth:ethertype:ip:udp:scop:wpan,2
eth:ethertype:ip:udp:ddtp,1
eth:ethertype:ip:udp:icq,1
eth:ethertype:ip:udp:acdr:ip,1
eth:ethertype:ip:udp:cnip:lon,1
eth:ethertype:ip:udp:mpls:ipv6:ospf,1
eth:ethertype:ip:udp:ip,1
eth:ethertype:ip:udp:wsp:media,1
eth:ethertype:ip:udp:lisp-data:ip,1
eth:ethertype:ip:udp:bat.gw,1
eth:ethertype:ip:udp:actrace,1
eth:ethertype:ip:udp:mpls:ipv6:ipv6.hopopts,1
eth:ethertype:ip:udp:papi,1
eth:ethertype:ip:udp:teredo:ipv6:data,1
eth:ethertype:ip:udp:a11,1
eth:ethertype:ip:udp:mdns:vssmonitoring,1
eth:ethertype:ip:udp:tpcp,1
eth:ethertype:ip:udp:jmirror:ipv6,1
eth:ethertype:ip:udp:l2tp:ppp:data,1
eth:ethertype:ip:udp:amt:ip:ipv6:data,1
eth:ethertype:ip:udp:acdr:data,1
eth:ethertype:ip:udp:lwapp:wlan:llc:data,1
eth:ethertype:ip:udp:eth:ethertype:stp,1
eth:ethertype:ip:udp:eth:llc:data,1
eth:ethertype:ip:udp:wccp,1
eth:ethertype:ip:udp:hip,1
eth:ethertype:ip:udp:epl,1
eth:ethertype:ip:udp:bvlc,1
eth:ethertype:ip:udp:capwap.data:eth,1
eth:ethertype:ip:udp:sflow,1
eth:ethertype:ip:udp:mpls:pwethheuristic:pwethcw:eth:ethertype:ip,1
eth:ethertype:ip:udp:mpls:pwethheuristic:pwethnocw:eth:ethertype:data,1
eth:ethertype:ip:udp:llc:ipx,1
