eth:ethertype:ip:udp:data,6945703
eth:ethertype:ip:udp:stun,6362836
eth:ethertype:ip:udp:dns,4260551
eth:ethertype:ip:udp:syslog,2376255
eth:ethertype:ip:udp:ntp,2119980
eth:ethertype:ip:udp:snmp,1868399
eth:ethertype:ip:data,1157100
eth:ethertype:ip:udp:nbns,575952
eth:ethertype:ip:udp:sip,342902
eth:ethertype:ip:udp:cflow,213383
eth:ethertype:ip:udp:cldap,177485
eth:ethertype:ip:udp,140633
eth:ethertype:ip:udp:mdns,111721
eth:ethertype:ip:udp:sip:xml,101997
eth:ethertype:ip:udp:coap,96846
eth:ethertype:ip:udp:ssdp,89368
eth:ethertype:ip:udp:rpc,86303
eth:ethertype:ip:udp:memcache,81507
eth:ethertype:ip:udp:openvpn,64745
eth:ethertype:ip:udp:isakmp,63468
eth:ethertype:ip:udp:dtls,55389
eth:ethertype:ip:udp:sip:data-text-lines,52574
eth:ethertype:ip:udp:bvlc:bacnet:bacapp,48108
eth:ethertype:ip:udp:gtp,41494
eth:ethertype:ip:udp:capwap,41421
eth:ethertype:ip:udp:l2tp,39910
eth:ethertype:ip:udp:portcontrol,38284
eth:ethertype:ip:udp:dhcp,36755
eth:ethertype:ip:udp:srvloc,36054
eth:ethertype:ip:udp:rip,32921
eth:ethertype:ip:udp:quic:tls,26019
eth:ethertype:ip:udp:rdpudp,25140
eth:ethertype:ip:udp:rmcp:ipmi_session:data,25123
eth:ethertype:ip:udp:udpencap:esp,24873
eth:ethertype:ip:udp:chargen,24171
eth:ethertype:ip:udp:quake3,22970
eth:ethertype:ip:udp:gquic,20446
eth:ethertype:ip:udp:kerberos,20437
eth:ethertype:ip:udp:xdmcp,20368
eth:ethertype:ip:udp:bfd,19276
eth:ethertype:ip:udp:udpencap:isakmp,18550
eth:ethertype:ip:udp:lwapp:data,17251
eth:ethertype:ip:udp:gtp:gtpv2,16003
eth:ethertype:ip:udp:echo,15564
eth:ethertype:ip:udp:tftp,13447
eth:ethertype:ip:udp:omron,12970
eth:ethertype:ip:udp:enip,12246
eth:ethertype:ip:udp:classicstun,11980
eth:ethertype:ip:udp:radius,11700
eth:ethertype:ip:udp:time,11573
eth:ethertype:ip:udp:daytime,11155
eth:ethertype:ip:udp:ecatf:ecat,10054
eth:ethertype:ip:udp:steam_ihs_discovery,9688
eth:ethertype:ip:udp:teredo:ipv6,8465
eth:ethertype:ip:udp:nbdgm:smb:browser,7780
eth:ethertype:ip:udp:kip,7299
eth:ethertype:ip:udp:rtcp,5792
eth:ethertype:ip:udp:mgcp,5601
eth:ethertype:ip:udp:hart_ip,5013
eth:ethertype:ip:udp:iax2,4361
eth:ethertype:ip:udp:sip:sdp,3938
eth:ethertype:ip:udp:coap:data,3647
eth:ethertype:ip:udp:rmcp:asf,3456
eth:ethertype:ip:udp:wisun.eapol_relay:eapol:data,3111
eth:ethertype:ip:udp:quic,2242
eth:ethertype:ip:udp:quake3:data,1971
eth:ethertype:ip:udp:raknet:raknet,1937
eth:ethertype:ip:udp:rx,1811
eth:ethertype:ip:udp:wsp,1728
eth:ethertype:ip:udp:dis,1396
eth:ethertype:ip:udp:h225,1391
eth:ethertype:ip:udp:cipio,1188
eth:ethertype:ip:udp:rtps,1165
eth:ethertype:ip:udp:gtpprime,1141
eth:ethertype:ip:udp:llmnr,1104
eth:ethertype:ip:udp:wtp,1056
eth:ethertype:ip:udp:applemidi,857
eth:ethertype:ip:udp:llc:data,682
eth:ethertype:ip:udp:sctp,674
eth:ethertype:ip:udp:nxp_802154_sniffer:wpan,670
eth:ethertype:ip:udp:ssdp:data,620
eth:ethertype:ip:udp:tzsp,500
eth:ethertype:ip:udp:wtls,461
eth:ethertype:ip:udp:ecatf:data,426
eth:ethertype:ip:udp:papi,400
eth:ethertype:ip:udp:kink,381
eth:ethertype:ip:udp:rsip,378
eth:ethertype:ip:udp:dof,368
eth:ethertype:ip:udp:asap,361
eth:ethertype:ip:udp:c1222,338
eth:ethertype:ip:udp:wg,338
eth:ethertype:ip:udp:ayiya,336
eth:ethertype:ip:udp:ts2,320
eth:ethertype:ip:udp:asterix,312
eth:ethertype:ip:udp:hcrt,310
eth:ethertype:ip:udp:ax4000,293
eth:ethertype:ip:udp:iax2:data,282
eth:ethertype:ip:udp:dmp,280
eth:ethertype:ip:udp:cnip,265
eth:ethertype:ip:udp:adp,238
eth:ethertype:ip:udp:bfd_echo,238
eth:ethertype:ip:udp:pn_rt:pn_ptcp,227
eth:ethertype:ip:udp:kdp,203
eth:ethertype:ip:udp:idn,202
eth:ethertype:ip:udp:h501,201
eth:ethertype:ip:udp:nano,199
eth:ethertype:ip:udp:opensafety:data,197
eth:ethertype:ip:udp:gsmtap:data,183
eth:ethertype:ip:udp:mint,179
eth:ethertype:ip:udp:sap,177
eth:ethertype:ip:udp:gre:data,171
eth:ethertype:ip:udp:ajns,166
eth:ethertype:ip:udp:mih,160
eth:ethertype:ip:udp:infiniband:data,150
eth:ethertype:ip:udp:corosync_totemnet:data,146
eth:ethertype:ip:udp:scop:data,141
eth:ethertype:ip:udp:pktc,140
eth:ethertype:ip:udp:tacacs,132
eth:ethertype:ip:udp:mpls:data,123
eth:ethertype:ip:udp:bjnp,120
eth:ethertype:ip:udp:manolito,106
eth:ethertype:ip:udp:uaudp,102
eth:ethertype:ip:udp:lisp-data,98
eth:ethertype:ip:udp:radius:eap,97
eth:ethertype:ip:udp:ieee1722:data,96
eth:ethertype:ip:udp:tplink-smarthome:json:data-text-lines,95
eth:ethertype:ip:udp:db-lsp-disc,91
eth:ethertype:ip:udp:sbus,89
eth:ethertype:ip:udp:wlccp,89
eth:ethertype:ip:udp:gprs-ns,88
eth:ethertype:ip:udp:rsvp,85
eth:ethertype:ip:udp:tetra,83
eth:ethertype:ip:udp:ath,82
eth:ethertype:ip:udp:icp,81
eth:ethertype:ip:udp:ardp,81
eth:ethertype:ip:udp:data:vssmonitoring,77
eth:ethertype:ip:udp:ulp,75
eth:ethertype:ip:udp:dvb_ipdc:data,75
eth:ethertype:ip:udp:sap:sdp,74
eth:ethertype:ip:udp:bat:data,70
eth:ethertype:ip:udp:mikey,70
eth:ethertype:ip:udp:mipv6,69
eth:ethertype:ip:udp:raknet,68
eth:ethertype:ip:udp:h248,67
eth:ethertype:ip:udp:enrp,67
eth:ethertype:ip:udp:ipvs,66
eth:ethertype:ip:udp:udpencap,66
eth:ethertype:ip:udp:elasticsearch,64
eth:ethertype:ip:udp:a21,64
eth:ethertype:ip:udp:opensafety_udp:data,63
eth:ethertype:ip:udp:pn_rt:pn_io,62
eth:ethertype:ip:udp:bat.gw:data,62
eth:ethertype:ip:udp:dcc,61
eth:ethertype:ip:udp:vrt,61
eth:ethertype:ip:udp:quake:data,60
eth:ethertype:ip:udp:amt,60
eth:ethertype:ip:udp:hiqnet,60
eth:ethertype:ip:udp:egd:data,59
eth:ethertype:ip:udp:eth:ethertype:data,59
eth:ethertype:ip:udp:collectd,57
eth:ethertype:ip:udp:quakeworld:data,56
eth:ethertype:ip:udp:quake2:data,55
eth:ethertype:ip:udp:lwapp:wlan,53
eth:ethertype:ip:udp:tipc:data,51
eth:ethertype:ip:udp:gprs-ns:bssgp,51
eth:ethertype:ip:udp:lisp:data,50
eth:ethertype:ip:udp:vxlan:eth:ethertype:data,50
eth:ethertype:ip:udp:msproxy,50
eth:ethertype:ip:udp:quake,50
eth:ethertype:ip:udp:pfcp,48
eth:ethertype:ip:udp:infiniband,48
eth:ethertype:ip:udp:iapp,48
eth:ethertype:ip:udp:doip,48
eth:ethertype:ip:udp:knet,48
eth:ethertype:ip:udp:megaco:data,47
eth:ethertype:ip:udp:vuze-dht,47
eth:ethertype:ip:udp:lwapp:wlan:data,47
eth:ethertype:ip:udp:capwap.data,47
eth:ethertype:ip:udp:bat.vis:data,46
eth:ethertype:ip:udp:teredo:data,45
eth:ethertype:ip:udp:tipc,44
eth:ethertype:ip:udp:sip:data-text-lines:xml,44
eth:ethertype:ip:udp:wisun.eapol_relay:eapol,44
eth:ethertype:ip:udp:rdt,43
eth:ethertype:ip:udp:sabp,42
eth:ethertype:ip:udp:capwap.data:dtls,38
eth:ethertype:ip:udp:ecmp,37
eth:ethertype:ip:udp:geneve,37
eth:ethertype:ip:udp:pktc.mtafqdn,37
eth:ethertype:ip:udp:sabp:sabp,35
eth:ethertype:ip:udp:cnip:data,34
eth:ethertype:ip:udp:dpnet,33
eth:ethertype:ip:udp:geneve:data,33
eth:ethertype:ip:udp:lisp,28
eth:ethertype:ip:udp:nxp_802154_sniffer,26
eth:ethertype:ip:udp:gsmtap,20
eth:ethertype:ip:udp:vxlan:eth:llc:data,20
eth:ethertype:ip:udp:mpls:pwethheuristic:pwethcw:eth:ethertype:data,19
eth:ethertype:ip:udp:wisun.eapol_relay,18
eth:ethertype:ip:udp:gre,18
eth:ethertype:ip:udp:raknet:raknet:raknet,18
eth:ethertype:ip:udp:egd,17
eth:ethertype:ip:udp:ltp,17
eth:ethertype:ip:udp:mpls:ip:data,17
eth:ethertype:ip:udp:goose:cotp,16
eth:ethertype:ip:udp:llc:osi:data,16
eth:ethertype:ip:udp:capwap:dtls,16
eth:ethertype:ip:udp:eth,15
eth:ethertype:ip:udp:dhcpv6,15
eth:ethertype:ip:udp:llc,14
eth:ethertype:ip:udp:mndp,13
eth:ethertype:ip:udp:lwres,13
eth:ethertype:ip:udp:sigcomp,13
eth:ethertype:ip:udp:quake2,13
eth:ethertype:ip:udp:jmirror:ipv6:data,13
eth:ethertype:ip:udp:mpls:ip,13
eth:ethertype:ip:udp:lisp-data:ipv6:data,13
eth:ethertype:ip:udp:rpc:portmap,13
eth:ethertype:ip:udp:dlep,12
eth:ethertype:ip:udp:db-lsp-disc:json,12
eth:ethertype:ip:udp:rx:afs,12
eth:ethertype:ip:udp:thrift,10
eth:ethertype:ip:udp:who,10
eth:ethertype:ip:udp:slimp3,9
eth:ethertype:ip:udp:rsp,9
eth:ethertype:ip:udp:dlsw,9
eth:ethertype:ip:udp:mpls:ipv6:data,9
eth:ethertype:ip:udp:nbdgm,8
eth:ethertype:ip:udp:pn_rt,8
eth:ethertype:ip:udp:cigi,8
eth:ethertype:ip:udp:nxp_802154_sniffer:wpan:data,8
eth:ethertype:ip:udp:capwap.data:eth:ethertype:data,8
eth:ethertype:ip:udp:dvb_ipdc:alc:data,8
eth:ethertype:ip:udp:l2tp:data,8
eth:ethertype:ip:udp:rtpproxy,7
eth:ethertype:ip:udp:lmp,7
eth:ethertype:ip:udp:ripng,7
eth:ethertype:ip:udp:find,7
eth:ethertype:ip:udp:tzsp:data,7
eth:ethertype:ip:udp:sip:sigcomp,7
eth:ethertype:ip:udp:mpls:ipv6:ipv6.hopopts,7
eth:ethertype:ip:udp:wimaxasncp,7
eth:ethertype:ip:udp:lisp-data:ip:data,7
eth:ethertype:ip:udp:mpls,6
eth:ethertype:ip:udp:lbtrm,6
eth:ethertype:ip:udp:ipx,6
eth:ethertype:ip:udp:ipx:data,6
eth:ethertype:ip:udp:scop,6
eth:ethertype:ip:udp:quakeworld,5
eth:ethertype:ip:udp:lwapp,5
eth:ethertype:ip:udp:ncp,5
eth:ethertype:ip:udp:mip,5
eth:ethertype:ip:udp:tsp,5
eth:ethertype:ip:udp:ieee1722:iec61883,5
eth:ethertype:ip:udp:ecatf:tc_nv,5
eth:ethertype:ip:udp:data:f5ethtrailer,4
eth:ethertype:ip:udp:kpasswd,4
eth:ethertype:ip:udp:lisp-data:ip,4
eth:ethertype:ip:udp:vxlan:eth,4
eth:ethertype:ip:udp:msmms,3
eth:ethertype:ip:udp:armagetronad,3
eth:ethertype:ip:udp:tapa,3
eth:ethertype:ip:udp:ddtp,3
eth:ethertype:ip:udp:cups,3
eth:ethertype:ip:udp:ecatf,3
eth:ethertype:ip:udp:ecatf:ioraw,3
eth:ethertype:ip:udp:auto_rp,3
eth:ethertype:ip:udp:scop:wpan,3
eth:ethertype:ip:udp:rdpudp:data,3
eth:ethertype:ip:udp:capwap.data:data,3
eth:ethertype:ip:udp:ieee1722,3
eth:ethertype:ip:udp:jmirror:ip:data,3
eth:ethertype:ip:udp:gre:wlan,3
eth:ethertype:ip:udp:eth:llc,2
eth:ethertype:ip:udp:bat.vis,2
eth:ethertype:ip:udp:actrace,2
eth:ethertype:ip:udp:dcp-etsi:dcp-af,2
eth:ethertype:ip:udp:mpls:pwethheuristic:pwethcw:eth,2
eth:ethertype:ip:udp:ptp,2
eth:ethertype:ip:udp:edonkey,2
eth:ethertype:ip:udp:jmirror:ipv6,2
eth:ethertype:ip:udp:ecatf:ams,2
eth:ethertype:ip:udp:a11,2
eth:ethertype:ip:udp:mdns:vssmonitoring,2
eth:ethertype:ip:udp:rdpudp:dtls,2
eth:ethertype:ip:udp:mpls:ipv6,2
eth:ethertype:ip:udp:rmcp:ipmi_session,2
eth:ethertype:ip:udp:xyplex,2
eth:ethertype:ip:udp:adwin,2
eth:ethertype:ip:udp:mpls:ipv6:ospf,2
eth:ethertype:ip:udp:cpfi,2
eth:ethertype:ip:udp:amt:ip,2
eth:ethertype:ip:udp:dvb_ipdc:alc:rmt-lct,2
eth:ethertype:ip:udp:mpls:ipv6:vines_frp:vines_ip:data,2
eth:ethertype:ip:udp:tpcp,2
eth:ethertype:ip:udp:epl,1
eth:ethertype:ip:udp:ecatf:ecat_mailbox,1
eth:ethertype:ip:udp:bat.gw:ip,1
eth:ethertype:ip:udp:vssmonitoring,1
eth:ethertype:ip:udp:eth:llc:data,1
eth:ethertype:ip:udp:epl:data,1
eth:ethertype:ip:udp:bat.gw,1
eth:ethertype:ip:udp:lisp-data:ipv6,1
eth:ethertype:ip:udp:wol,1
eth:ethertype:ip:udp:mpls:ipv6:vrrp,1
eth:ethertype:ip:udp:cnip:lon,1
eth:ethertype:ip:udp:stun:data,1
eth:ethertype:ip:udp:amt:ip:ipv6:data,1
eth:ethertype:ip:udp:sflow,1
eth:ethertype:ip:udp:ieee1722:aaf,1
eth:ethertype:ip:udp:lisp-data:ipv6:eigrp,1
eth:ethertype:ip:udp:lisp-data:ipv6:pim,1
eth:ethertype:ip:udp:lisp-data:ipv6:swipe,1
eth:ethertype:ip:udp:lisp-data:ipv6:esp,1
eth:ethertype:ip:udp:mpls:pwach:data,1
eth:ethertype:ip:udp:oicq,1
eth:ethertype:ip:udp:megaco,1
eth:ethertype:ip:udp:jmirror:ipv6:ospf,1
eth:ethertype:ip:udp:jmirror:ipv6:osi:data,1
eth:ethertype:ip:udp:jmirror:ipv6:vrrp,1
eth:ethertype:ip:udp:jmirror:ipv6:swipe,1
eth:ethertype:ip:udp:icq,1
eth:ethertype:ip:udp:packetbb,1
eth:ethertype:ip:udp:memcache:vssmonitoring,1
eth:ethertype:ip:udp:ltp:data,1
eth:ethertype:ip:udp:stun:tftp,1
eth:ethertype:ip:udp:pathport,1
eth:ethertype:ip:udp:ip,1
eth:ethertype:ip:udp:mpls:pwethheuristic:pwethnocw:eth:ethertype:data,1
eth:ethertype:ip:udp:db-lsp-disc:json:data-text-lines,1
