eth:ethertype:ip:udp:stun,15401239
eth:ethertype:ip:udp:data,7958539
eth:ethertype:ip:udp:dns,3480796
eth:ethertype:ip:udp:syslog,2593895
eth:ethertype:ip:udp:ntp,2179507
eth:ethertype:ip:udp:snmp,1408840
eth:ethertype:ip:data,1191195
eth:ethertype:ip:udp:sip,911369
eth:ethertype:ip:udp:nbns,502390
eth:ethertype:ip:udp:coap,186419
eth:ethertype:ip:udp:cflow,182321
eth:ethertype:ip:udp:ssdp,153749
eth:ethertype:ip:udp:cldap,148938
eth:ethertype:ip:udp:sip:xml,102162
eth:ethertype:ip:udp:openvpn,98149
eth:ethertype:ip:udp:mdns,88960
eth:ethertype:ip:udp:dhcp,80013
eth:ethertype:ip:udp,72413
eth:ethertype:ip:udp:rpc,70288
eth:ethertype:ip:udp:isakmp,64918
eth:ethertype:ip:udp:dtls,57485
eth:ethertype:ip:udp:memcache,53999
eth:ethertype:ip:udp:sip:data-text-lines,52836
eth:ethertype:ip:udp:gtp,46966
eth:ethertype:ip:udp:bvlc:bacnet:bacapp,46435
eth:ethertype:ip:udp:capwap,44757
eth:ethertype:ip:udp:l2tp,40298
eth:ethertype:ip:udp:portcontrol,37861
eth:ethertype:ip:udp:srvloc,36317
eth:ethertype:ip:udp:rip,35603
eth:ethertype:ip:udp:xdmcp,28442
eth:ethertype:ip:udp:udpencap:esp,24201
eth:ethertype:ip:udp:rmcp:ipmi_session:data,23664
eth:ethertype:ip:udp:omron,22257
eth:ethertype:ip:udp:tftp,21004
eth:ethertype:ip:udp:bfd,20569
eth:ethertype:ip:udp:gquic,20452
eth:ethertype:ip:udp:quic:tls,19972
eth:ethertype:ip:udp:kerberos,19630
eth:ethertype:ip:udp:lwapp:data,17276
eth:ethertype:ip:udp:rdpudp,16992
eth:ethertype:ip:udp:chargen,14226
eth:ethertype:ip:udp:enip,13999
eth:ethertype:ip:udp:gtp:gtpv2,13902
eth:ethertype:ip:udp:classicstun,13149
eth:ethertype:ip:udp:radius,12804
eth:ethertype:ip:udp:echo,11738
eth:ethertype:ip:udp:time,11303
eth:ethertype:ip:udp:quake3,10721
eth:ethertype:ip:udp:daytime,10691
eth:ethertype:ip:udp:ecatf:ecat,10224
eth:ethertype:ip:udp:udpencap:isakmp,8659
eth:ethertype:ip:udp:steam_ihs_discovery,7955
eth:ethertype:ip:udp:kip,7103
eth:ethertype:ip:udp:nbdgm:smb:browser,6934
eth:ethertype:ip:udp:hart_ip,5326
eth:ethertype:ip:udp:rtcp,5086
eth:ethertype:ip:udp:teredo:ipv6,4527
eth:ethertype:ip:udp:coap:data,4020
eth:ethertype:ip:udp:mgcp,3911
eth:ethertype:ip:udp:cnip:lon,3435
eth:ethertype:ip:udp:rmcp:asf,3409
eth:ethertype:ip:udp:quake3:data,2435
eth:ethertype:ip:udp:quic,2367
eth:ethertype:ip:udp:llc:data,1739
eth:ethertype:ip:udp:cipio,1548
eth:ethertype:ip:udp:kink,1496
eth:ethertype:ip:udp:wtp,1484
eth:ethertype:ip:udp:gtpprime,1300
eth:ethertype:ip:udp:wisun.eapol_relay:eapol:data,1205
eth:ethertype:ip:udp:llmnr,1193
eth:ethertype:ip:udp:dis,1170
eth:ethertype:ip:udp:raknet:raknet,1162
eth:ethertype:ip:udp:rtps,1078
eth:ethertype:ip:udp:vuze-dht,1011
eth:ethertype:ip:udp:sctp,999
eth:ethertype:ip:udp:bat:data,994
eth:ethertype:ip:udp:pfcp,942
eth:ethertype:ip:udp:wtls,845
eth:ethertype:ip:udp:scop:data,764
eth:ethertype:ip:udp:pn_rt:pn_ptcp,736
eth:ethertype:ip:udp:ath,721
eth:ethertype:ip:udp:ecmp,706
eth:ethertype:ip:udp:bat.vis:data,703
eth:ethertype:ip:udp:asterix,671
eth:ethertype:ip:udp:hcrt,666
eth:ethertype:ip:udp:radius:eap,663
eth:ethertype:ip:udp:elasticsearch,652
eth:ethertype:ip:udp:bat.gw:data,594
eth:ethertype:ip:udp:dmp,583
eth:ethertype:ip:udp:ax4000,580
eth:ethertype:ip:udp:msproxy,572
eth:ethertype:ip:udp:iax2:data,565
eth:ethertype:ip:udp:h248,552
eth:ethertype:ip:udp:ayiya,551
eth:ethertype:ip:udp:ssdp:data,550
eth:ethertype:ip:udp:gsmtap:data,547
eth:ethertype:ip:udp:dof,545
eth:ethertype:ip:udp:hiqnet,538
eth:ethertype:ip:udp:pktc,525
eth:ethertype:ip:udp:rsvp,520
eth:ethertype:ip:udp:mint,517
eth:ethertype:ip:udp:tipc,512
eth:ethertype:ip:udp:rsip,501
eth:ethertype:ip:udp:vxlan:eth:llc:data,501
eth:ethertype:ip:udp:h225,494
eth:ethertype:ip:udp:raknet,492
eth:ethertype:ip:udp:cnip,489
eth:ethertype:ip:udp:gprs-ns:bssgp,485
eth:ethertype:ip:udp:wsp,482
eth:ethertype:ip:udp:asap,472
eth:ethertype:ip:udp:teredo:data,472
eth:ethertype:ip:udp:corosync_totemnet:data,459
eth:ethertype:ip:udp:collectd,455
eth:ethertype:ip:udp:ts2,447
eth:ethertype:ip:udp:manolito,445
eth:ethertype:ip:udp:enrp,439
eth:ethertype:ip:udp:icp,431
eth:ethertype:ip:udp:pktc.mtafqdn,421
eth:ethertype:ip:udp:rdt,412
eth:ethertype:ip:udp:iax2,408
eth:ethertype:ip:udp:eth:ethertype:data,407
eth:ethertype:ip:udp:ieee1722:data,402
eth:ethertype:ip:udp:vrt,395
eth:ethertype:ip:udp:mpls-echo,392
eth:ethertype:ip:udp:uaudp,389
eth:ethertype:ip:udp:amt,378
eth:ethertype:ip:udp:quake2:data,377
eth:ethertype:ip:udp:a21,376
eth:ethertype:ip:udp:mikey,371
eth:ethertype:ip:udp:ipvs,368
eth:ethertype:ip:udp:lwapp:wlan,368
eth:ethertype:ip:udp:tzsp,365
eth:ethertype:ip:udp:bfd_echo,352
eth:ethertype:ip:udp:h501,346
eth:ethertype:ip:udp:idn,342
eth:ethertype:ip:udp:ecatf:data,332
eth:ethertype:ip:udp:mipv6,322
eth:ethertype:ip:udp:ardp,317
eth:ethertype:ip:udp:kdp,296
eth:ethertype:ip:udp:sap,284
eth:ethertype:ip:udp:lisp-data,284
eth:ethertype:ip:udp:knet,278
eth:ethertype:ip:udp:doip,270
eth:ethertype:ip:udp:c1222,260
eth:ethertype:ip:udp:stun:data,260
eth:ethertype:ip:udp:sap:sdp,244
eth:ethertype:ip:udp:wg,236
eth:ethertype:ip:udp:gre:data,231
eth:ethertype:ip:udp:sabp:sabp,229
eth:ethertype:ip:udp:nano,221
eth:ethertype:ip:udp:mih,221
eth:ethertype:ip:udp:dpnet,217
eth:ethertype:ip:udp:iapp,213
eth:ethertype:ip:udp:tplink-smarthome:json:data-text-lines,201
eth:ethertype:ip:udp:tetra,198
eth:ethertype:ip:udp:tacacs,191
eth:ethertype:ip:udp:bjnp,187
eth:ethertype:ip:udp:lisp:data,185
eth:ethertype:ip:udp:ajns,184
eth:ethertype:ip:udp:capwap.data,175
eth:ethertype:ip:udp:opensafety_udp:data,174
eth:ethertype:ip:udp:db-lsp-disc,171
eth:ethertype:ip:udp:quake2,162
eth:ethertype:ip:udp:wlccp,162
eth:ethertype:ip:udp:ulp,154
eth:ethertype:ip:udp:adp,131
eth:ethertype:ip:udp:gprs-ns,128
eth:ethertype:ip:udp:enttec,125
eth:ethertype:ip:udp:egd:data,124
eth:ethertype:ip:udp:lwapp:wlan:data,117
eth:ethertype:ip:udp:capwap.data:eth:ethertype:data,103
eth:ethertype:ip:udp:mpls:data,98
eth:ethertype:ip:udp:sbus,89
eth:ethertype:ip:udp:rx,88
eth:ethertype:ip:udp:lisp-data:ip:data,84
eth:ethertype:ip:udp:lisp-data:ipv6:data,81
eth:ethertype:ip:udp:megaco:data,72
eth:ethertype:ip:udp:rpc:portmap,64
eth:ethertype:ip:udp:quake:data,60
eth:ethertype:ip:udp:gsmtap,59
eth:ethertype:ip:udp:opensafety:data,56
eth:ethertype:ip:udp:pn_rt:pn_io,55
eth:ethertype:ip:udp:infiniband,52
eth:ethertype:ip:udp:quakeworld:data,51
eth:ethertype:ip:udp:nxp_802154_sniffer,36
eth:ethertype:ip:udp:lisp,36
eth:ethertype:ip:udp:gre,35
eth:ethertype:ip:udp:lisp-data:ip,33
eth:ethertype:ip:udp:egd,33
eth:ethertype:ip:udp:nxp_802154_sniffer:wpan,33
eth:ethertype:ip:udp:geneve,33
eth:ethertype:ip:udp:thrift,33
eth:ethertype:ip:udp:wisun.eapol_relay:eapol,33
eth:ethertype:ip:udp:ieee1722:aaf,32
eth:ethertype:ip:udp:dvb_ipdc:data,31
eth:ethertype:ip:udp:sabp,31
eth:ethertype:ip:udp:dcc,31
eth:ethertype:ip:udp:vxlan:eth:ethertype:data,31
eth:ethertype:ip:udp:raknet:raknet:raknet,30
eth:ethertype:ip:udp:geneve:data,27
eth:ethertype:ip:udp:mpls:ip:data,25
eth:ethertype:ip:udp:goose:cotp,24
eth:ethertype:ip:udp:wtp:wsp,24
eth:ethertype:ip:udp:mpls:pwethheuristic:pwethcw:eth:ethertype:data,24
eth:ethertype:ip:udp:dvb_ipdc:alc:data,24
eth:ethertype:ip:udp:data:vssmonitoring,21
eth:ethertype:ip:udp:mpls:ipv6:data,20
eth:ethertype:ip:udp:nxp_802154_sniffer:wpan:data,20
eth:ethertype:ip:udp:wisun.eapol_relay,17
eth:ethertype:ip:udp:pn_rt,15
eth:ethertype:ip:udp:cnip:data,14
eth:ethertype:ip:udp:scop,14
eth:ethertype:ip:udp:mpls:ip,14
eth:ethertype:ip:udp:ltp,14
eth:ethertype:ip:udp:mip,12
eth:ethertype:ip:udp:llc,12
eth:ethertype:ip:udp:infiniband:data,12
eth:ethertype:ip:udp:capwap.data:data,12
eth:ethertype:ip:udp:lwres,11
eth:ethertype:ip:udp:acdr,11
eth:ethertype:ip:udp:dcp-etsi:dcp-af,11
eth:ethertype:ip:udp:sip:data-text-lines:xml,11
eth:ethertype:ip:udp:mpls:ipv6:ipv6.hopopts,11
eth:ethertype:ip:udp:tzsp:data,10
eth:ethertype:ip:udp:dhcpv6,10
eth:ethertype:ip:udp:eth,10
eth:ethertype:ip:udp:capwap.data:dtls,10
eth:ethertype:ip:udp:kpasswd,10
eth:ethertype:ip:udp:msmms,9
eth:ethertype:ip:udp:mpls,9
eth:ethertype:ip:udp:mndp,9
eth:ethertype:ip:udp:dlsw,8
eth:ethertype:ip:udp:epl,8
eth:ethertype:ip:udp:lbtrm,8
eth:ethertype:ip:udp:capwap:dtls,8
eth:ethertype:ip:udp:lwapp,7
eth:ethertype:ip:udp:ecatf:tc_nv,7
eth:ethertype:ip:udp:rsp,7
eth:ethertype:ip:udp:ripng,7
eth:ethertype:ip:udp:cpfi,7
eth:ethertype:ip:udp:mpls:ipv6,7
eth:ethertype:ip:udp:lmp,7
eth:ethertype:ip:udp:ncp,7
eth:ethertype:ip:udp:who,6
eth:ethertype:ip:udp:udpencap,6
eth:ethertype:ip:udp:rtpproxy,6
eth:ethertype:ip:udp:mpls:pwethheuristic:pwethcw:eth,6
eth:ethertype:ip:udp:teredo:ipv6:icmpv6,6
eth:ethertype:ip:udp:pathport,5
eth:ethertype:ip:udp:xyplex,5
eth:ethertype:ip:udp:data:f5ethtrailer,5
eth:ethertype:ip:udp:rdpudp:data,5
eth:ethertype:ip:udp:sabp:sabp:sabp,5
eth:ethertype:ip:udp:nbdgm,5
eth:ethertype:ip:udp:cups,5
eth:ethertype:ip:udp:quakeworld,4
eth:ethertype:ip:udp:tpcp,4
eth:ethertype:ip:udp:bat.gw,4
eth:ethertype:ip:udp:slimp3,4
eth:ethertype:ip:udp:dlep,4
eth:ethertype:ip:udp:vxlan,4
eth:ethertype:ip:udp:sip:sigcomp,4
eth:ethertype:ip:udp:armagetronad,4
eth:ethertype:ip:udp:tsp,4
eth:ethertype:ip:udp:find,4
eth:ethertype:ip:udp:sigcomp,4
eth:ethertype:ip:udp:tapa,4
eth:ethertype:ip:udp:l2tp:data,4
eth:ethertype:ip:udp:packetbb,3
eth:ethertype:ip:udp:ltp:data,3
eth:ethertype:ip:udp:adwin,3
eth:ethertype:ip:udp:teredo:ipv6:data,3
eth:ethertype:ip:udp:ptp,3
eth:ethertype:ip:udp:ipx:data,3
eth:ethertype:ip:udp:quake,3
eth:ethertype:ip:udp:vxlan:eth,3
eth:ethertype:ip:udp:ecatf:ioraw,3
eth:ethertype:ip:udp:auto_rp,3
eth:ethertype:ip:udp:ieee1722:iec61883,3
eth:ethertype:ip:udp:lisp-data:ipv6:vines_frp:vines_ip:data,3
eth:ethertype:ip:udp:wol,3
eth:ethertype:ip:udp:jmirror:ipv6,2
eth:ethertype:ip:udp:megaco,2
eth:ethertype:ip:udp:amt:ip,2
eth:ethertype:ip:udp:scop:wpan,2
eth:ethertype:ip:udp:l2tp:ppp:data,2
eth:ethertype:ip:udp:mint:eth:ethertype:data,2
eth:ethertype:ip:udp:a11,2
eth:ethertype:ip:udp:ipx,2
eth:ethertype:ip:udp:cigi,2
eth:ethertype:ip:udp:mpls:pwethheuristic:pwethcw:eth:llc:data,2
eth:ethertype:ip:udp:dcp-etsi:dcp-pft,2
eth:ethertype:ip:udp:acdr:data,2
eth:ethertype:ip:udp:lisp-data:ipv6:osi:data,2
eth:ethertype:ip:udp:lisp-data:ipv6:ipv6.routing,2
eth:ethertype:ip:udp:lisp-data:ipv6:vrrp,2
eth:ethertype:ip:udp:rdpudp:tls,2
eth:ethertype:ip:udp:lisp-data:ipv6,2
eth:ethertype:ip:udp:lisp-data:ipv6:pim,2
eth:ethertype:ip:udp:lisp-data:ipv6:dsr,2
eth:ethertype:ip:udp:mpls:ipv6:osi:data,2
eth:ethertype:ip:udp:actrace,2
eth:ethertype:ip:udp:ieee1722,2
eth:ethertype:ip:udp:ecatf:ecat_mailbox,2
eth:ethertype:ip:udp:wimaxasncp,2
eth:ethertype:ip:udp:wccp,1
eth:ethertype:ip:udp:mpls:pwethheuristic:data,1
eth:ethertype:ip:udp:amt:ip:ipv6:data,1
eth:ethertype:ip:udp:bat.gw:ip,1
eth:ethertype:ip:udp:capwap.data:eth:ethertype:mdshdr:fc,1
eth:ethertype:ip:udp:lisp-data:ipv6:ah:data,1
eth:ethertype:ip:udp:snmp:data,1
eth:ethertype:ip:udp:llc:osi:data,1
eth:ethertype:ip:udp:ayiya:dsr:ipv6.hopopts:ipv6.hopopts,1
eth:ethertype:ip:udp:lisp-data:ipv6:swipe,1
eth:ethertype:ip:udp:lisp-data:ipv6:l2tp:data,1
eth:ethertype:ip:udp:lisp-data:ipv6:ah,1
eth:ethertype:ip:udp:lisp-data:ipv6:lwl4,1
eth:ethertype:ip:udp:lisp-data:ipv6:eigrp,1
eth:ethertype:ip:udp:lisp-data:ipv6:gre,1
eth:ethertype:ip:udp:lisp-data:ipv6:etherip:eth:llc,1
eth:ethertype:ip:udp:opensafety_udp,1
eth:ethertype:ip:udp:dvb_ipdc:alc:rmt-lct,1
eth:ethertype:ip:udp:capwap.data:eth,1
eth:ethertype:ip:udp:mpls:ipv6:pgm,1
eth:ethertype:ip:udp:mpls:ipv6:vines_frp:vines_ip:data,1
eth:ethertype:ip:udp:mpls:ipv6:pim,1
eth:ethertype:ip:udp:mpls:ipv6:dsr,1
eth:ethertype:ip:udp:dvb_ipdc:alc:rmt-lct:data,1
eth:ethertype:ip:udp:lisp-data:ipv6:mpls:data,1
eth:ethertype:ip:udp:lisp-data:ipv6:ipv6.dstopts,1
eth:ethertype:ip:udp:mpls:pwach:data,1
eth:ethertype:ip:udp:teredo,1
eth:ethertype:ip:udp:mdns:vssmonitoring,1
