eth:ethertype:ip:udp:data,8020225
eth:ethertype:ip:udp:stun,5450288
eth:ethertype:ip:udp:syslog,4162029
eth:ethertype:ip:udp:dns,3531270
eth:ethertype:ip:udp:snmp,2226379
eth:ethertype:ip:udp:ntp,2163723
eth:ethertype:ip:udp:nbns,539302
eth:ethertype:ip:data,522997
eth:ethertype:ip:udp:sip,355137
eth:ethertype:ip:udp:coap,238355
eth:ethertype:ip:udp:cflow,147256
eth:ethertype:ip:udp:cldap,140442
eth:ethertype:ip:udp:mdns,109600
eth:ethertype:ip:udp:sip:xml,100514
eth:ethertype:ip:udp:ssdp,91560
eth:ethertype:ip:udp:rpc,83470
eth:ethertype:ip:udp:isakmp,69058
eth:ethertype:ip:udp:dtls,67159
eth:ethertype:ip:udp:openvpn,66499
eth:ethertype:ip:udp,65695
eth:ethertype:ip:udp:memcache,62212
eth:ethertype:ip:udp:sip:data-text-lines,52818
eth:ethertype:ip:udp:srvloc,48040
eth:ethertype:ip:udp:portcontrol,46342
eth:ethertype:ip:udp:capwap,43898
eth:ethertype:ip:udp:gtp,43435
eth:ethertype:ip:udp:l2tp,42572
eth:ethertype:ip:udp:bvlc:bacnet:bacapp,41345
eth:ethertype:ip:udp:udpencap:esp,36353
eth:ethertype:ip:udp:dhcp,34932
eth:ethertype:ip:udp:quake3,30738
eth:ethertype:ip:udp:rip,29628
eth:ethertype:ip:udp:chargen,27996
eth:ethertype:ip:udp:kerberos,25616
eth:ethertype:ip:udp:xdmcp,23647
eth:ethertype:ip:udp:tftp,23574
eth:ethertype:ip:udp:radius,21889
eth:ethertype:ip:udp:hart_ip,20472
eth:ethertype:ip:udp:gquic,20454
eth:ethertype:ip:udp:rdpudp,20288
eth:ethertype:ip:udp:lwapp:data,17265
eth:ethertype:ip:udp:rmcp:ipmi_session:data,16512
eth:ethertype:ip:udp:echo,16253
eth:ethertype:ip:udp:quic:tls,15481
eth:ethertype:ip:udp:enip,14061
eth:ethertype:ip:udp:omron,14021
eth:ethertype:ip:udp:classicstun,13307
eth:ethertype:ip:udp:gtp:gtpv2,12965
eth:ethertype:ip:udp:bfd,12356
eth:ethertype:ip:udp:steam_ihs_discovery,11757
eth:ethertype:ip:udp:time,11294
eth:ethertype:ip:udp:daytime,11194
eth:ethertype:ip:udp:rpc:data,10490
eth:ethertype:ip:udp:nbdgm:smb:browser,10455
eth:ethertype:ip:udp:ecatf:ecat,10222
eth:ethertype:ip:udp:kip,7767
eth:ethertype:ip:udp:rtcp,6389
eth:ethertype:ip:udp:mgcp,6019
eth:ethertype:ip:udp:teredo:ipv6,4853
eth:ethertype:ip:udp:quic,4737
eth:ethertype:ip:udp:coap:data,3806
eth:ethertype:ip:udp:rmcp:asf,3478
eth:ethertype:ip:udp:raknet:raknet,3119
eth:ethertype:ip:udp:llmnr,2735
eth:ethertype:ip:udp:wlccp,2272
eth:ethertype:ip:udp:iax2,2266
eth:ethertype:ip:udp:mndp,1883
eth:ethertype:ip:udp:cipio,1787
eth:ethertype:ip:udp:gtpprime,1784
eth:ethertype:ip:udp:wsp,1716
eth:ethertype:ip:udp:rtps,1596
eth:ethertype:ip:udp:udpencap:isakmp,1376
eth:ethertype:ip:udp:wtp,1316
eth:ethertype:ip:udp:dis,1205
eth:ethertype:ip:udp:llc:data,1153
eth:ethertype:ip:udp:tacacs,1044
eth:ethertype:ip:udp:wisun.eapol_relay:eapol:data,1002
eth:ethertype:ip:udp:h225,928
eth:ethertype:ip:udp:scop:data,724
eth:ethertype:ip:udp:mint,710
eth:ethertype:ip:udp:quake3:data,710
eth:ethertype:ip:udp:bat:data,708
eth:ethertype:ip:udp:rx,659
eth:ethertype:ip:udp:ssdp:data,639
eth:ethertype:ip:udp:rsip,617
eth:ethertype:ip:udp:rsvp,614
eth:ethertype:ip:udp:asterix,520
eth:ethertype:ip:udp:vrt,496
eth:ethertype:ip:udp:kink,462
eth:ethertype:ip:udp:cnip,458
eth:ethertype:ip:udp:dof,457
eth:ethertype:ip:udp:sabp,452
eth:ethertype:ip:udp:asap,450
eth:ethertype:ip:udp:bfd_echo,442
eth:ethertype:ip:udp:corosync_totemnet:data,439
eth:ethertype:ip:udp:uaudp,437
eth:ethertype:ip:udp:radius:eap,430
eth:ethertype:ip:udp:elasticsearch,422
eth:ethertype:ip:udp:hiqnet,397
eth:ethertype:ip:udp:ieee1722:data,394
eth:ethertype:ip:udp:sctp,372
eth:ethertype:ip:udp:knet,366
eth:ethertype:ip:udp:kdp,341
eth:ethertype:ip:udp:nxp_802154_sniffer:wpan,339
eth:ethertype:ip:udp:pktc,334
eth:ethertype:ip:udp:wtls,323
eth:ethertype:ip:udp:ulp,322
eth:ethertype:ip:udp:ayiya,312
eth:ethertype:ip:udp:ardp,294
eth:ethertype:ip:udp:vxlan:eth:llc:data,292
eth:ethertype:ip:udp:infiniband,279
eth:ethertype:ip:udp:icp,278
eth:ethertype:ip:udp:msproxy,276
eth:ethertype:ip:udp:h501,269
eth:ethertype:ip:udp:iapp,251
eth:ethertype:ip:udp:ecmp,249
eth:ethertype:ip:udp:enttec,246
eth:ethertype:ip:udp:adp,245
eth:ethertype:ip:udp:doip,245
eth:ethertype:ip:udp:ax4000,242
eth:ethertype:ip:udp:iax2:data,239
eth:ethertype:ip:udp:lisp-data:ip,239
eth:ethertype:ip:udp:tipc,238
eth:ethertype:ip:udp:dpnet,238
eth:ethertype:ip:udp:ts2,234
eth:ethertype:ip:udp:bat.vis:data,232
eth:ethertype:ip:udp:pfcp,222
eth:ethertype:ip:udp:pn_rt:pn_ptcp,220
eth:ethertype:ip:udp:opensafety_udp:data,214
eth:ethertype:ip:udp:megaco:data,213
eth:ethertype:ip:udp:pktc.mtafqdn,211
eth:ethertype:ip:udp:opensafety:data,203
eth:ethertype:ip:udp:mpls:data,202
eth:ethertype:ip:udp:hcrt,200
eth:ethertype:ip:udp:infiniband:data,197
eth:ethertype:ip:udp:tplink-smarthome:json:data-text-lines,196
eth:ethertype:ip:udp:manolito,194
eth:ethertype:ip:udp:geneve:data,191
eth:ethertype:ip:udp:bjnp,190
eth:ethertype:ip:udp:mikey,190
eth:ethertype:ip:udp:lisp:data,184
eth:ethertype:ip:udp:gprs-ns,174
eth:ethertype:ip:udp:ecatf:data,166
eth:ethertype:ip:udp:nano,155
eth:ethertype:ip:udp:tetra,152
eth:ethertype:ip:udp:gre:data,152
eth:ethertype:ip:udp:gsmtap:data,147
eth:ethertype:ip:udp:c1222,146
eth:ethertype:ip:udp:db-lsp-disc,131
eth:ethertype:ip:udp:dcc,121
eth:ethertype:ip:udp:rdt,121
eth:ethertype:ip:udp:pn_rt:pn_io,119
eth:ethertype:ip:udp:sap,111
eth:ethertype:ip:udp:capwap.data,110
eth:ethertype:ip:udp:sbus,107
eth:ethertype:ip:udp:rx:afs,103
eth:ethertype:ip:udp:bat.gw:data,99
eth:ethertype:ip:udp:nbdgm:smb:data,96
eth:ethertype:ip:udp:enrp,96
eth:ethertype:ip:udp:vuze-dht,89
eth:ethertype:ip:udp:teredo:data,88
eth:ethertype:ip:udp:raknet,87
eth:ethertype:ip:udp:lisp-data,86
eth:ethertype:ip:udp:amt,84
eth:ethertype:ip:udp:capwap.data:eth:ethertype:data,81
eth:ethertype:ip:udp:ajns,80
eth:ethertype:ip:udp:quakeworld:data,75
eth:ethertype:ip:udp:collectd,73
eth:ethertype:ip:udp:tzsp,71
eth:ethertype:ip:udp:raknet:raknet:raknet,67
eth:ethertype:ip:udp:quake:data,67
eth:ethertype:ip:udp:a21,66
eth:ethertype:ip:udp:ipvs,66
eth:ethertype:ip:udp:ath,59
eth:ethertype:ip:udp:sabp:sabp,59
eth:ethertype:ip:udp:wg,58
eth:ethertype:ip:udp:mih,56
eth:ethertype:ip:udp:dmp,56
eth:ethertype:ip:udp:h248,55
eth:ethertype:ip:udp:egd:data,55
eth:ethertype:ip:udp:lwapp:wlan:data,53
eth:ethertype:ip:udp:mpls-echo,52
eth:ethertype:ip:udp:dvb_ipdc:data,50
eth:ethertype:ip:udp:mipv6,49
eth:ethertype:ip:udp:idn,49
eth:ethertype:ip:udp:vxlan:eth:ethertype:data,49
eth:ethertype:ip:udp:geneve,47
eth:ethertype:ip:udp:quake2:data,47
eth:ethertype:ip:udp:lwapp:wlan,40
eth:ethertype:ip:udp:gre,39
eth:ethertype:ip:udp:nxp_802154_sniffer,39
eth:ethertype:ip:udp:data:vssmonitoring,37
eth:ethertype:ip:udp:gsmtap,37
eth:ethertype:ip:udp:capwap.data:dtls,35
eth:ethertype:ip:udp:mpls:ip:data,34
eth:ethertype:ip:udp:eth:ethertype:data,34
eth:ethertype:ip:udp:lisp,31
eth:ethertype:ip:udp:cnip:data,31
eth:ethertype:ip:udp:mpls:pwethheuristic:pwethcw:eth:ethertype:data,30
eth:ethertype:ip:udp:capwap:dtls,30
eth:ethertype:ip:udp:mpls:ipv6:data,29
eth:ethertype:ip:udp:thrift,27
eth:ethertype:ip:udp:ptp,26
eth:ethertype:ip:udp:wtp:wsp,26
eth:ethertype:ip:udp:ltp,26
eth:ethertype:ip:udp:vxlan:eth,23
eth:ethertype:ip:udp:nxp_802154_sniffer:wpan:data,22
eth:ethertype:ip:udp:mpls:ipv6:ipv6.hopopts,22
eth:ethertype:ip:udp:mpls:ip,21
eth:ethertype:ip:udp:dhcpv6,20
eth:ethertype:ip:udp:wisun.eapol_relay,20
eth:ethertype:ip:udp:nbdgm,20
eth:ethertype:ip:udp:lmp,19
eth:ethertype:ip:udp:egd,18
eth:ethertype:ip:udp:eth,17
eth:ethertype:ip:udp:dvb_ipdc:alc:data,17
eth:ethertype:ip:udp:llc,15
eth:ethertype:ip:udp:quake2,15
eth:ethertype:ip:udp:goose:cotp,14
eth:ethertype:ip:udp:kpasswd,13
eth:ethertype:ip:udp:auto_rp,13
eth:ethertype:ip:udp:mip,13
eth:ethertype:ip:udp:lisp-data:ipv6:data,13
eth:ethertype:ip:udp:who,12
eth:ethertype:ip:udp:lwres,12
eth:ethertype:ip:udp:tzsp:data,12
eth:ethertype:ip:udp:rtpproxy,12
eth:ethertype:ip:udp:wol,12
eth:ethertype:ip:udp:scop,11
eth:ethertype:ip:udp:find,11
eth:ethertype:ip:udp:rsp,11
eth:ethertype:ip:udp:mpls,10
eth:ethertype:ip:udp:dlep,10
eth:ethertype:ip:udp:msmms,9
eth:ethertype:ip:udp:mpls:ipv6,9
eth:ethertype:ip:udp:ncp,9
eth:ethertype:ip:udp:tsp,9
eth:ethertype:ip:udp:ecatf:ioraw,9
eth:ethertype:ip:udp:packetbb,9
eth:ethertype:ip:udp:acdr,9
eth:ethertype:ip:udp:slimp3,8
eth:ethertype:ip:udp:sigcomp,8
eth:ethertype:ip:udp:l2tp:data,8
eth:ethertype:ip:udp:xyplex,8
eth:ethertype:ip:udp:tapa,8
eth:ethertype:ip:udp:ripng,6
eth:ethertype:ip:udp:cnip:lon,6
eth:ethertype:ip:udp:dcp-etsi:dcp-af,6
eth:ethertype:ip:udp:pn_rt,6
eth:ethertype:ip:udp:lbtrm,6
eth:ethertype:ip:udp:bat.gw,6
eth:ethertype:ip:udp:ecatf:tc_nv,6
eth:ethertype:ip:udp:lisp-data:ipv6,6
eth:ethertype:ip:udp:ieee1722:iec61883,5
eth:ethertype:ip:udp:sip:sigcomp,5
eth:ethertype:ip:udp:lisp-data:ip:data,5
eth:ethertype:ip:udp:stun:data,5
eth:ethertype:ip:udp:eth:llc:data,5
eth:ethertype:ip:udp:ipx:data,4
eth:ethertype:ip:udp:dlsw,4
eth:ethertype:ip:udp:gprs-ns:bssgp,4
eth:ethertype:ip:udp:rdpudp:tls,4
eth:ethertype:ip:udp:hip,3
eth:ethertype:ip:udp:cpfi,3
eth:ethertype:ip:udp:dcp-etsi:dcp-pft,3
eth:ethertype:ip:udp:olsr,3
eth:ethertype:ip:udp:amt:ip:ipv6:data,3
eth:ethertype:ip:udp:quakeworld,3
eth:ethertype:ip:udp:caneth:data:data,3
eth:ethertype:ip:udp:data:f5ethtrailer,3
eth:ethertype:ip:udp:ecatf,3
eth:ethertype:ip:udp:teredo:ipv6:icmpv6,3
eth:ethertype:ip:udp:armagetronad,2
eth:ethertype:ip:udp:teredo,2
eth:ethertype:ip:udp:eth:llc,2
eth:ethertype:ip:udp:icq,2
eth:ethertype:ip:udp:edonkey,2
eth:ethertype:ip:udp:aodv,2
eth:ethertype:ip:udp:dvb_ipdc:alc:rmt-lct,2
eth:ethertype:ip:udp:lwapp,2
eth:ethertype:ip:udp:mpls:ipv6:lwl4,2
eth:ethertype:ip:udp:mpls:ipv6:ipv6.routing,2
eth:ethertype:ip:udp:mpls:ipv6:ospf,2
eth:ethertype:ip:udp:mint:eth:ethertype:data,2
eth:ethertype:ip:udp:udpencap,2
eth:ethertype:ip:udp:quake,2
eth:ethertype:ip:udp:wccp,2
eth:ethertype:ip:udp:amt:ip,2
eth:ethertype:ip:udp:ipx,2
eth:ethertype:ip:udp:ddtp,2
eth:ethertype:ip:udp:mpls:pwethheuristic:pwethnocw:eth:ethertype:data,2
eth:ethertype:ip:udp:mpls:pwach:data,2
eth:ethertype:ip:udp:megaco,2
eth:ethertype:ip:udp:wisun.eapol_relay:eapol,1
eth:ethertype:ip:udp:tpcp,1
eth:ethertype:ip:udp:nbdgm:smb:smb_netlogon,1
eth:ethertype:ip:udp:acdr:data,1
eth:ethertype:ip:udp:a11,1
eth:ethertype:ip:udp:actrace,1
eth:ethertype:ip:udp:ayiya:dsr:ipv6.hopopts:ipv6.hopopts,1
eth:ethertype:ip:udp:lisp-data:ipv6:ipv6.routing,1
eth:ethertype:ip:udp:ntp:vssmonitoring,1
eth:ethertype:ip:udp:vssmonitoring,1
eth:ethertype:ip:udp:ip,1
eth:ethertype:ip:udp:oicq,1
eth:ethertype:ip:udp:ecatf:ams,1
eth:ethertype:ip:udp:tipc:data,1
eth:ethertype:ip:udp:bat.vis,1
eth:ethertype:ip:udp:eth:ethertype:stp,1
eth:ethertype:ip:udp:pathport,1
eth:ethertype:ip:udp:epl,1
eth:ethertype:ip:udp:dvb_ipdc:alc:rmt-lct:data,1
eth:ethertype:ip:udp:bat.gw:ip,1
eth:ethertype:ip:udp:mpls:ipv6:vines_frp:vines_ip:data,1
eth:ethertype:ip:udp:mpls:ipv6:gre:data,1
eth:ethertype:ip:udp:capwap.data:eth,1
eth:ethertype:ip:udp:mpls:ipv6:swipe:data,1
eth:ethertype:ip:udp:mpls:ipv6:esp,1
eth:ethertype:ip:udp:mpls:ipv6:dsr,1
eth:ethertype:ip:udp:cups,1
eth:ethertype:ip:udp:papi,1
eth:ethertype:ip:udp:ieee1722,1
eth:ethertype:ip:udp:adwin,1
eth:ethertype:ip:udp:sflow,1
eth:ethertype:ip:udp:capwap:data,1
eth:ethertype:ip:udp:llc:sna:data,1
