eth:ethertype:ip:udp:stun,14753428
eth:ethertype:ip:udp:data,10997922
eth:ethertype:ip:udp:syslog,5299802
eth:ethertype:ip:udp:dns,3996085
eth:ethertype:ip:udp:ntp,2162574
eth:ethertype:ip:udp:snmp,1787228
eth:ethertype:ip:data,1705302
eth:ethertype:ip:udp:nbns,934914
eth:ethertype:ip:udp:sip,552595
eth:ethertype:ip:udp,201642
eth:ethertype:ip:udp:coap,171244
eth:ethertype:ip:udp:cflow,163739
eth:ethertype:ip:udp:ssdp,140044
eth:ethertype:ip:udp:cldap,126998
eth:ethertype:ip:udp:openvpn,114440
eth:ethertype:ip:udp:sip:xml,101857
eth:ethertype:ip:udp:mdns,96891
eth:ethertype:ip:udp:rpc,88970
eth:ethertype:ip:udp:memcache,72719
eth:ethertype:ip:udp:isakmp,69337
eth:ethertype:ip:udp:dtls,57410
eth:ethertype:ip:udp:sip:data-text-lines,52697
eth:ethertype:ip:udp:srvloc,48381
eth:ethertype:ip:udp:capwap,44888
eth:ethertype:ip:udp:gtp,43321
eth:ethertype:ip:udp:bvlc:bacnet:bacapp,42715
eth:ethertype:ip:udp:portcontrol,41257
eth:ethertype:ip:udp:rip,41037
eth:ethertype:ip:udp:l2tp,37239
eth:ethertype:ip:udp:tftp,33690
eth:ethertype:ip:udp:quic:tls,33471
eth:ethertype:ip:udp:dhcp,32424
eth:ethertype:ip:udp:rmcp:ipmi_session:data,32050
eth:ethertype:ip:udp:rdpudp,25623
eth:ethertype:ip:udp:echo,24984
eth:ethertype:ip:udp:udpencap:esp,23300
eth:ethertype:ip:udp:xdmcp,21500
eth:ethertype:ip:udp:gquic,21086
eth:ethertype:ip:udp:quake3,20629
eth:ethertype:ip:udp:bfd,20033
eth:ethertype:ip:udp:kerberos,19422
eth:ethertype:ip:udp:lwapp:data,17236
eth:ethertype:ip:udp:chargen,17092
eth:ethertype:ip:udp:classicstun,15902
eth:ethertype:ip:udp:hart_ip,15727
eth:ethertype:ip:udp:radius,14690
eth:ethertype:ip:udp:enip,13510
eth:ethertype:ip:udp:teredo:ipv6,13410
eth:ethertype:ip:udp:omron,13364
eth:ethertype:ip:udp:gtp:gtpv2,12263
eth:ethertype:ip:udp:nbdgm:smb:browser,10448
eth:ethertype:ip:udp:ecatf:ecat,10220
eth:ethertype:ip:udp:time,10082
eth:ethertype:ip:udp:daytime,9878
eth:ethertype:ip:udp:steam_ihs_discovery,9351
eth:ethertype:ip:udp:kip,7469
eth:ethertype:ip:udp:h225,7080
eth:ethertype:ip:udp:rtcp,6887
eth:ethertype:ip:udp:udpencap:isakmp,6803
eth:ethertype:ip:udp:quic,6345
eth:ethertype:ip:udp:mgcp,5734
eth:ethertype:ip:udp:iax2,4229
eth:ethertype:ip:udp:coap:data,3804
eth:ethertype:ip:udp:rmcp:asf,3546
eth:ethertype:ip:udp:quake3:data,2476
eth:ethertype:ip:udp:llc:data,2206
eth:ethertype:ip:udp:nxp_802154_sniffer:wpan,2146
eth:ethertype:ip:udp:elasticsearch,1449
eth:ethertype:ip:udp:dis,1269
eth:ethertype:ip:udp:bfd_echo,1220
eth:ethertype:ip:udp:wtp,1111
eth:ethertype:ip:udp:llmnr,1075
eth:ethertype:ip:udp:gtpprime,1048
eth:ethertype:ip:udp:mipv6,1039
eth:ethertype:ip:udp:cipio,1021
eth:ethertype:ip:udp:manolito,1013
eth:ethertype:ip:udp:teredo:ipv6:icmpv6,975
eth:ethertype:ip:udp:rtps,966
eth:ethertype:ip:udp:hcrt,928
eth:ethertype:ip:udp:ecmp,905
eth:ethertype:ip:udp:wsp,897
eth:ethertype:ip:udp:corosync_totemnet:data,895
eth:ethertype:ip:udp:mikey,890
eth:ethertype:ip:udp:raknet:raknet,886
eth:ethertype:ip:udp:asterix,863
eth:ethertype:ip:udp:wlccp,857
eth:ethertype:ip:udp:mint,840
eth:ethertype:ip:udp:wisun.eapol_relay:eapol:data,813
eth:ethertype:ip:udp:enrp,759
eth:ethertype:ip:udp:ieee1722:data,741
eth:ethertype:ip:udp:iapp,740
eth:ethertype:ip:udp:egd:data,739
eth:ethertype:ip:udp:adp,738
eth:ethertype:ip:udp:ayiya,726
eth:ethertype:ip:udp:gprs-ns:bssgp,714
eth:ethertype:ip:udp:rsip,711
eth:ethertype:ip:udp:teredo:data,705
eth:ethertype:ip:udp:pn_rt:pn_ptcp,703
eth:ethertype:ip:udp:wtls,693
eth:ethertype:ip:udp:ssdp:data,680
eth:ethertype:ip:udp:cnip,661
eth:ethertype:ip:udp:infiniband:data,653
eth:ethertype:ip:udp:tetra,647
eth:ethertype:ip:udp:dof,639
eth:ethertype:ip:udp:sctp,636
eth:ethertype:ip:udp:opensafety:data,621
eth:ethertype:ip:udp:asap,608
eth:ethertype:ip:udp:ipvs,598
eth:ethertype:ip:udp:nano,586
eth:ethertype:ip:udp:knet,581
eth:ethertype:ip:udp:eth:ethertype:data,579
eth:ethertype:ip:udp:idn,578
eth:ethertype:ip:udp:h501,570
eth:ethertype:ip:udp:pfcp,569
eth:ethertype:ip:udp:bat.gw:data,562
eth:ethertype:ip:udp:amt,547
eth:ethertype:ip:udp:pktc,534
eth:ethertype:ip:udp:quakeworld:data,532
eth:ethertype:ip:udp:ecatf:data,525
eth:ethertype:ip:udp:dmp,522
eth:ethertype:ip:udp:ajns,515
eth:ethertype:ip:udp:scop:data,486
eth:ethertype:ip:udp:sabp:sabp,476
eth:ethertype:ip:udp:tipc,466
eth:ethertype:ip:udp:iax2:data,442
eth:ethertype:ip:udp:db-lsp-disc,422
eth:ethertype:ip:udp:tzsp,421
eth:ethertype:ip:udp:kdp,420
eth:ethertype:ip:udp:dvb_ipdc:data,405
eth:ethertype:ip:udp:vuze-dht,394
eth:ethertype:ip:udp:lwapp:wlan,388
eth:ethertype:ip:udp:ts2,379
eth:ethertype:ip:udp:uaudp,376
eth:ethertype:ip:udp:dpnet,375
eth:ethertype:ip:udp:geneve:data,371
eth:ethertype:ip:udp:msproxy,364
eth:ethertype:ip:udp:lisp-data,356
eth:ethertype:ip:udp:wg,354
eth:ethertype:ip:udp:ardp,350
eth:ethertype:ip:udp:ath,346
eth:ethertype:ip:udp:c1222,346
eth:ethertype:ip:udp:ulp,316
eth:ethertype:ip:udp:nxp_802154_sniffer,316
eth:ethertype:ip:udp:icp,308
eth:ethertype:ip:udp:mpls:data,308
eth:ethertype:ip:udp:doip,307
eth:ethertype:ip:udp:kink,306
eth:ethertype:ip:udp:sap,303
eth:ethertype:ip:udp:tplink-smarthome:json:data-text-lines,301
eth:ethertype:ip:udp:mpls-echo,298
eth:ethertype:ip:udp:hiqnet,295
eth:ethertype:ip:udp:rdt,291
eth:ethertype:ip:udp:a21,283
eth:ethertype:ip:udp:h248,263
eth:ethertype:ip:udp:bat:data,257
eth:ethertype:ip:udp:rsvp,247
eth:ethertype:ip:udp:sap:sdp,236
eth:ethertype:ip:udp:vrt,234
eth:ethertype:ip:udp:opensafety_udp:data,228
eth:ethertype:ip:udp:pktc.mtafqdn,211
eth:ethertype:ip:udp:rx,196
eth:ethertype:ip:udp:enttec,186
eth:ethertype:ip:udp:bat.vis:data,182
eth:ethertype:ip:udp:radius:eap,180
eth:ethertype:ip:udp:capwap.data,173
eth:ethertype:ip:udp:vxlan:eth:llc:data,171
eth:ethertype:ip:udp:quake:data,170
eth:ethertype:ip:udp:bjnp,169
eth:ethertype:ip:udp:gprs-ns,166
eth:ethertype:ip:udp:mih,165
eth:ethertype:ip:udp:vxlan,154
eth:ethertype:ip:udp:gsmtap:data,136
eth:ethertype:ip:udp:stun:data,128
eth:ethertype:ip:udp:sabp,115
eth:ethertype:ip:udp:collectd,111
eth:ethertype:ip:udp:pn_rt:pn_io,110
eth:ethertype:ip:udp:infiniband,109
eth:ethertype:ip:udp:lisp:data,104
eth:ethertype:ip:udp:tacacs,102
eth:ethertype:ip:udp:vxlan:eth:ethertype:data,101
eth:ethertype:ip:udp:nbdgm:smb:data,95
eth:ethertype:ip:udp:mpls:pwethheuristic:pwethcw:eth:ethertype:data,92
eth:ethertype:ip:udp:megaco:data,89
eth:ethertype:ip:udp:raknet,86
eth:ethertype:ip:udp:sip:sdp,86
eth:ethertype:ip:udp:geneve,84
eth:ethertype:ip:udp:lwapp:wlan:data,77
eth:ethertype:ip:udp:ax4000,72
eth:ethertype:ip:udp:lisp,69
eth:ethertype:ip:udp:quake2:data,65
eth:ethertype:ip:udp:gre,65
eth:ethertype:ip:udp:dcc,65
eth:ethertype:ip:udp:lisp-data:ipv6:data,63
eth:ethertype:ip:udp:mpls:ip:data,62
eth:ethertype:ip:udp:h225:data,60
eth:ethertype:ip:udp:capwap.data:eth:ethertype:data,55
eth:ethertype:ip:udp:lisp-data:ip:data,51
eth:ethertype:ip:udp:gre:data,46
eth:ethertype:ip:udp:mpls:ipv6:data,39
eth:ethertype:ip:udp:thrift,38
eth:ethertype:ip:udp:capwap.data:dtls,38
eth:ethertype:ip:udp:mpls:ip,32
eth:ethertype:ip:udp:sabp:sabp:sabp,32
eth:ethertype:ip:udp:gsmtap,31
eth:ethertype:ip:udp:lisp-data:ip,30
eth:ethertype:ip:udp:goose:cotp,29
eth:ethertype:ip:udp:wisun.eapol_relay,29
eth:ethertype:ip:udp:eth,28
eth:ethertype:ip:udp:wol,24
eth:ethertype:ip:udp:vxlan:eth,24
eth:ethertype:ip:udp:udt,24
eth:ethertype:ip:udp:dcp-etsi:dcp-pft,23
eth:ethertype:ip:udp:wtp:wsp,23
eth:ethertype:ip:udp:mpls:ipv6:ipv6.hopopts,23
eth:ethertype:ip:udp:cnip:data,22
eth:ethertype:ip:udp:ltp,21
eth:ethertype:ip:udp:kpasswd,17
eth:ethertype:ip:udp:l2tp:data,17
eth:ethertype:ip:udp:dvb_ipdc:alc:data,17
eth:ethertype:ip:udp:sbus,16
eth:ethertype:ip:udp:tsp,16
eth:ethertype:ip:udp:pn_rt,14
eth:ethertype:ip:udp:ddtp,14
eth:ethertype:ip:udp:quake2,13
eth:ethertype:ip:udp:dlsw,13
eth:ethertype:ip:udp:tzsp:data,13
eth:ethertype:ip:udp:rtpproxy,13
eth:ethertype:ip:udp:wisun.eapol_relay:eapol,13
eth:ethertype:ip:udp:mndp,12
eth:ethertype:ip:udp:data:vssmonitoring,12
eth:ethertype:ip:udp:mpls:pwach:data,11
eth:ethertype:ip:udp:lmp,11
eth:ethertype:ip:udp:mpls,11
eth:ethertype:ip:udp:ncp,10
eth:ethertype:ip:udp:slimp3,10
eth:ethertype:ip:udp:dhcpv6,10
eth:ethertype:ip:udp:rx:afs,10
eth:ethertype:ip:udp:dlep,9
eth:ethertype:ip:udp:acdr,9
eth:ethertype:ip:udp:mpls:pwethheuristic:pwethnocw:eth:llc:data,9
eth:ethertype:ip:udp:mpls:pwethheuristic:pwethcw:eth:llc:data,9
eth:ethertype:ip:udp:quakeworld,8
eth:ethertype:ip:udp:sip:sigcomp,8
eth:ethertype:ip:udp:nbdgm,8
eth:ethertype:ip:udp:rsp,8
eth:ethertype:ip:udp:egd,8
eth:ethertype:ip:udp:cups,7
eth:ethertype:ip:udp:ecatf:ioraw,7
eth:ethertype:ip:udp:amt:ip,7
eth:ethertype:ip:udp:quake,7
eth:ethertype:ip:udp:lwapp,7
eth:ethertype:ip:udp:auto_rp,7
eth:ethertype:ip:udp:mip,7
eth:ethertype:ip:udp:uftp:uftp5,7
eth:ethertype:ip:udp:find,6
eth:ethertype:ip:udp:raknet:raknet:raknet,6
eth:ethertype:ip:udp:llc,6
eth:ethertype:ip:udp:armagetronad,6
eth:ethertype:ip:udp:dcp-etsi:dcp-af,6
eth:ethertype:ip:udp:sigcomp,6
eth:ethertype:ip:udp:lisp-data:ipv6,6
eth:ethertype:ip:udp:lbtrm,6
eth:ethertype:ip:udp:scop,5
eth:ethertype:ip:udp:ripng,5
eth:ethertype:ip:udp:lwres,5
eth:ethertype:ip:udp:pathport,5
eth:ethertype:ip:udp:capwap:dtls,5
eth:ethertype:ip:udp:uftp:uftp4,5
eth:ethertype:ip:udp:ieee1722:iec61883,4
eth:ethertype:ip:udp:ipx,4
eth:ethertype:ip:udp:lisp-data:ipv6:ospf,4
eth:ethertype:ip:udp:who,4
eth:ethertype:ip:udp:msmms,4
eth:ethertype:ip:udp:ecatf:tc_nv,4
eth:ethertype:ip:udp:ptp,4
eth:ethertype:ip:udp:packetbb,4
eth:ethertype:ip:udp:tipc:data,3
eth:ethertype:ip:udp:tpcp,3
eth:ethertype:ip:udp:lisp-data:ipv6:vines_frp:vines_ip:data,3
eth:ethertype:ip:udp:capwap:data,3
eth:ethertype:ip:udp:capwap.data:data,3
eth:ethertype:ip:udp:xyplex,3
eth:ethertype:ip:udp:mpls:ipv6,3
eth:ethertype:ip:udp:rdpudp:data,3
eth:ethertype:ip:udp:ipx:data,2
eth:ethertype:ip:udp:sflow,2
eth:ethertype:ip:udp:lisp-data:ipv6:ah,2
eth:ethertype:ip:udp:lisp-data:ipv6:ipcomp:data,2
eth:ethertype:ip:udp:lisp-data:ipv6:ipv6.routing,2
eth:ethertype:ip:udp:lisp-data:ipv6:eigrp,2
eth:ethertype:ip:udp:jmirror:ipv6,2
eth:ethertype:ip:udp:tapa,2
eth:ethertype:ip:udp:lisp-data:ipv6:esp,2
eth:ethertype:ip:udp:quic:tls:tls:tls:tls:tls:tls,2
eth:ethertype:ip:udp:quic:tls:tls:tls:tls:tls:tls:tls:tls:tls:tls:tls,2
eth:ethertype:ip:udp:hip,2
eth:ethertype:ip:udp:ip,2
eth:ethertype:ip:udp:ltp:data,2
eth:ethertype:ip:udp:ecatf:ecat_mailbox,2
eth:ethertype:ip:udp:cpfi,2
eth:ethertype:ip:udp:mpls:ipv6:dsr:data,2
eth:ethertype:ip:udp:mpls:pwethheuristic:pwethcw:eth,2
eth:ethertype:ip:udp:mpls:ipv6:vines_frp:vines_ip:data,2
eth:ethertype:ip:udp:ecatf,2
eth:ethertype:ip:udp:teredo,2
eth:ethertype:ip:udp:mpls:ipv6:ipcomp:data,2
eth:ethertype:ip:udp:mp2t,1
eth:ethertype:ip:udp:bat.gw,1
eth:ethertype:ip:udp:capwap.data:eth:llc:data,1
eth:ethertype:ip:udp:lisp-data:ipv6:pim,1
eth:ethertype:ip:udp:lisp-data:ipv6:vrrp,1
eth:ethertype:ip:udp:lisp-data:ipv6:lwl4,1
eth:ethertype:ip:udp:lisp-data:ipv6:gre:data,1
eth:ethertype:ip:udp:lisp-data:ipv6:osi:data,1
eth:ethertype:ip:udp:wimaxasncp,1
eth:ethertype:ip:udp:eth:llc,1
eth:ethertype:ip:udp:epl,1
eth:ethertype:ip:udp:cigi,1
eth:ethertype:ip:udp:llc:osi:data,1
eth:ethertype:ip:udp:opensafety_udp,1
eth:ethertype:ip:udp:oicq,1
eth:ethertype:ip:udp:lisp-data:ipv6:nhrp,1
eth:ethertype:ip:udp:quic:tls:tls:tls:tls:tls:tls:tls:tls:tls,1
eth:ethertype:ip:udp:nsh,1
eth:ethertype:ip:udp:ieee1722:crf,1
eth:ethertype:ip:udp:icq,1
eth:ethertype:ip:udp:mpls:ipv6:swipe:ipv6,1
eth:ethertype:ip:udp:mpls:ipv6:nhrp,1
eth:ethertype:ip:udp:mpls:ipv6:pim,1
eth:ethertype:ip:udp:mpls:ipv6:eigrp,1
eth:ethertype:ip:udp:a11,1
eth:ethertype:ip:udp:jmirror:ip:data,1
eth:ethertype:ip:udp:dvb_ipdc:alc:rmt-lct,1
eth:ethertype:ip:udp:wsp:media,1
eth:ethertype:ip:udp:snmp:data,1
eth:ethertype:ip:udp:bat.vis,1
eth:ethertype:ip:udp:gvcp,1
eth:ethertype:ip:udp:ayiya:swipe,1
eth:ethertype:ip:udp:acdr:data,1
eth:ethertype:ip:udp:scop:wpan,1
eth:ethertype:ip:udp:tzsp:tr,1
eth:ethertype:ip:udp:teredo:ipv6:ipv6.hopopts,1
eth:ethertype:ip:udp:db-lsp-disc:json:data-text-lines,1
eth:ethertype:ip:udp:aodv,1
eth:ethertype:ip:udp:eth:ethertype:lwapp:wlan,1
eth:ethertype:ip:udp:mpls:ipv6:osi:data,1
eth:ethertype:ip:udp:dtls:x509sat:x509sat:x509sat:x509sat,1
eth:ethertype:ip:udp:mint:eth:ethertype:data,1
eth:ethertype:ip:udp:actrace,1
eth:ethertype:ip:udp:rdpudp:dtls,1
eth:ethertype:ip:udp:olsr,1
eth:ethertype:ip:udp:mpls:pwethheuristic:pwethcw:eth:ethertype:ip,1
eth:ethertype:ip:udp:tzsp:eth:ethertype:data,1
eth:ethertype:ip:udp:mpls:ipv6:dsr,1
eth:ethertype:ip:udp:mpls:ipv6:l2tp:data,1
eth:ethertype:ip:udp:mpls:ipv6:lwl4,1
eth:ethertype:ip:udp:mpls:ipv6:pgm,1
eth:ethertype:ip:udp:mpls:ipv6:vrrp,1
eth:ethertype:ip:udp:epl:data,1
eth:ethertype:ip:udp:udpencap,1
