eth:ethertype:ip:udp:data,7728204
eth:ethertype:ip:udp:stun,6252886
eth:ethertype:ip:udp:dns,4203460
eth:ethertype:ip:udp:syslog,2685500
eth:ethertype:ip:udp:ntp,2094053
eth:ethertype:ip:udp:snmp,1933821
eth:ethertype:ip:data,1140719
eth:ethertype:ip:udp:nbns,617461
eth:ethertype:ip:udp:sip,526424
eth:ethertype:ip:udp:cflow,193449
eth:ethertype:ip:udp:cldap,170432
eth:ethertype:ip:udp,113730
eth:ethertype:ip:udp:mdns,110732
eth:ethertype:ip:udp:sip:xml,102277
eth:ethertype:ip:udp:ssdp,88391
eth:ethertype:ip:udp:coap,84622
eth:ethertype:ip:udp:openvpn,68575
eth:ethertype:ip:udp:rpc,68566
eth:ethertype:ip:udp:isakmp,57370
eth:ethertype:ip:udp:dtls,56662
eth:ethertype:ip:udp:sip:data-text-lines,52834
eth:ethertype:ip:udp:memcache,52539
eth:ethertype:ip:udp:portcontrol,52488
eth:ethertype:ip:udp:bvlc:bacnet:bacapp,52411
eth:ethertype:ip:udp:capwap,42843
eth:ethertype:ip:udp:gtp,39660
eth:ethertype:ip:udp:srvloc,34766
eth:ethertype:ip:udp:dhcp,33044
eth:ethertype:ip:udp:quic:tls,31523
eth:ethertype:ip:udp:l2tp,28137
eth:ethertype:ip:udp:udpencap:esp,24878
eth:ethertype:ip:udp:rmcp:ipmi_session:data,24227
eth:ethertype:ip:udp:tftp,23626
eth:ethertype:ip:udp:hart_ip,22794
eth:ethertype:ip:udp:xdmcp,22296
eth:ethertype:ip:udp:gquic,20403
eth:ethertype:ip:udp:kerberos,19950
eth:ethertype:ip:udp:bfd,19235
eth:ethertype:ip:udp:lwapp:data,17231
eth:ethertype:ip:udp:radius,16924
eth:ethertype:ip:udp:gtp:gtpv2,16247
eth:ethertype:ip:udp:chargen,16163
eth:ethertype:ip:udp:rdpudp,16134
eth:ethertype:ip:udp:echo,15494
eth:ethertype:ip:udp:rip,14012
eth:ethertype:ip:udp:enip,13195
eth:ethertype:ip:udp:omron,13119
eth:ethertype:ip:udp:rtcp,12559
eth:ethertype:ip:udp:classicstun,12321
eth:ethertype:ip:udp:teredo:ipv6,11818
eth:ethertype:ip:udp:time,10330
eth:ethertype:ip:udp:daytime,10319
eth:ethertype:ip:udp:ecatf:ecat,10223
eth:ethertype:ip:udp:steam_ihs_discovery,9736
eth:ethertype:ip:udp:nbdgm:smb:browser,8286
eth:ethertype:ip:udp:udpencap:isakmp,6688
eth:ethertype:ip:udp:mgcp,6391
eth:ethertype:ip:udp:kip,6169
eth:ethertype:ip:udp:raknet:raknet,3985
eth:ethertype:ip:udp:coap:data,3696
eth:ethertype:ip:udp:rmcp:asf,3464
eth:ethertype:ip:udp:wisun.eapol_relay:eapol:data,3056
eth:ethertype:ip:udp:llmnr,2701
eth:ethertype:ip:udp:iax2,2380
eth:ethertype:ip:udp:quic,2014
eth:ethertype:ip:udp:gsmtap,1509
eth:ethertype:ip:udp:cipio,1400
eth:ethertype:ip:udp:rtps,1209
eth:ethertype:ip:udp:gtpprime,1188
eth:ethertype:ip:udp:dis,1136
eth:ethertype:ip:udp:h501,977
eth:ethertype:ip:udp:quake3:data,786
eth:ethertype:ip:udp:ssdp:data,709
eth:ethertype:ip:udp:wg,675
eth:ethertype:ip:udp:pktc.mtafqdn,571
eth:ethertype:ip:udp:knet,545
eth:ethertype:ip:udp:wsp,524
eth:ethertype:ip:udp:mint,508
eth:ethertype:ip:udp:llc:data,450
eth:ethertype:ip:udp:ajns,449
eth:ethertype:ip:udp:asap,444
eth:ethertype:ip:udp:dmp,441
eth:ethertype:ip:udp:papi,434
eth:ethertype:ip:udp:sbus,380
eth:ethertype:ip:udp:gsmtap:data,361
eth:ethertype:ip:udp:mih,350
eth:ethertype:ip:udp:bat.vis:data,340
eth:ethertype:ip:udp:h225,338
eth:ethertype:ip:udp:wtls,320
eth:ethertype:ip:udp:opensafety_udp:data,319
eth:ethertype:ip:udp:gprs-ns:bssgp,317
eth:ethertype:ip:udp:c1222,298
eth:ethertype:ip:udp:elasticsearch,285
eth:ethertype:ip:udp:dof,265
eth:ethertype:ip:udp:tzsp,254
eth:ethertype:ip:udp:dpnet,253
eth:ethertype:ip:udp:manolito,247
eth:ethertype:ip:udp:ecmp,245
eth:ethertype:ip:udp:iax2:data,237
eth:ethertype:ip:udp:corosync_totemnet:data,225
eth:ethertype:ip:udp:radius:eap,223
eth:ethertype:ip:udp:doip,222
eth:ethertype:ip:udp:raknet,219
eth:ethertype:ip:udp:rsip,209
eth:ethertype:ip:udp:pfcp,207
eth:ethertype:ip:udp:enrp,199
eth:ethertype:ip:udp:ecatf:data,194
eth:ethertype:ip:udp:pn_rt,183
eth:ethertype:ip:udp:hiqnet,180
eth:ethertype:ip:udp:asterix,178
eth:ethertype:ip:udp:cnip,175
eth:ethertype:ip:udp:bjnp,170
eth:ethertype:ip:udp:sabp:sabp,169
eth:ethertype:ip:udp:hcrt,164
eth:ethertype:ip:udp:uaudp,156
eth:ethertype:ip:udp:gprs-ns,155
eth:ethertype:ip:udp:rsvp,153
eth:ethertype:ip:udp:mpls-echo,152
eth:ethertype:ip:udp:h248,151
eth:ethertype:ip:udp:pn_rt:pn_io,151
eth:ethertype:ip:udp:mikey,148
eth:ethertype:ip:udp:pktc,144
eth:ethertype:ip:udp:scop:data,141
eth:ethertype:ip:udp:ieee1722:data,133
eth:ethertype:ip:udp:wlccp,132
eth:ethertype:ip:udp:gre:data,131
eth:ethertype:ip:udp:megaco:data,127
eth:ethertype:ip:udp:kink,122
eth:ethertype:ip:udp:goose:cotp,121
eth:ethertype:ip:udp:bat.gw:data,118
eth:ethertype:ip:udp:h225:data,112
eth:ethertype:ip:udp:db-lsp-disc,110
eth:ethertype:ip:udp:lisp-data,109
eth:ethertype:ip:udp:tplink-smarthome:json:data-text-lines,108
eth:ethertype:ip:udp:teredo:data,106
eth:ethertype:ip:udp:ath,104
eth:ethertype:ip:udp:mipv6,103
eth:ethertype:ip:udp:quake2:data,101
eth:ethertype:ip:udp:sctp,100
eth:ethertype:ip:udp:eth:ethertype:data,96
eth:ethertype:ip:udp:tacacs,95
eth:ethertype:ip:udp:icp,95
eth:ethertype:ip:udp:kdp,90
eth:ethertype:ip:udp:bat:data,89
eth:ethertype:ip:udp:ayiya,88
eth:ethertype:ip:udp:lwapp:wlan,87
eth:ethertype:ip:udp:ieee1722:iec61883,86
eth:ethertype:ip:udp:adp,84
eth:ethertype:ip:udp:tetra,84
eth:ethertype:ip:udp:capwap.data,82
eth:ethertype:ip:udp:ts2,81
eth:ethertype:ip:udp:egd:data,80
eth:ethertype:ip:udp:pn_rt:pn_ptcp,79
eth:ethertype:ip:udp:ax4000,79
eth:ethertype:ip:udp:idn,78
eth:ethertype:ip:udp:a21,78
eth:ethertype:ip:udp:msproxy,77
eth:ethertype:ip:udp:opensafety:data,76
eth:ethertype:ip:udp:vuze-dht,75
eth:ethertype:ip:udp:tipc,69
eth:ethertype:ip:udp:geneve,67
eth:ethertype:ip:udp:bfd_echo,66
eth:ethertype:ip:udp:quake:data,65
eth:ethertype:ip:udp:quakeworld:data,62
eth:ethertype:ip:udp:nano,60
eth:ethertype:ip:udp:ipvs,59
eth:ethertype:ip:udp:nxp_802154_sniffer:wpan,59
eth:ethertype:ip:udp:nxp_802154_sniffer,55
eth:ethertype:ip:udp:dvb_ipdc:data,53
eth:ethertype:ip:udp:amt,52
eth:ethertype:ip:udp:collectd,48
eth:ethertype:ip:udp:infiniband,47
eth:ethertype:ip:udp:lisp:data,46
eth:ethertype:ip:udp:sap,46
eth:ethertype:ip:udp:rdt,45
eth:ethertype:ip:udp:vrt,44
eth:ethertype:ip:udp:lwapp:wlan:data,43
eth:ethertype:ip:udp:sabp,43
eth:ethertype:ip:udp:mpls:data,43
eth:ethertype:ip:udp:vxlan:eth:ethertype:data,42
eth:ethertype:ip:udp:ulp,41
eth:ethertype:ip:udp:wtp,41
eth:ethertype:ip:udp:gre,40
eth:ethertype:ip:udp:infiniband:data,40
eth:ethertype:ip:udp:iapp,39
eth:ethertype:ip:udp:capwap.data:eth:ethertype:data,35
eth:ethertype:ip:udp:nxp_802154_sniffer:wpan:data,35
eth:ethertype:ip:udp:nbdgm,34
eth:ethertype:ip:udp:data:vssmonitoring,32
eth:ethertype:ip:udp:cnip:data,31
eth:ethertype:ip:udp:lisp-data:ipv6:data,30
eth:ethertype:ip:udp:quake3,29
eth:ethertype:ip:udp:dcc,26
eth:ethertype:ip:udp:geneve:data,26
eth:ethertype:ip:udp:thrift,22
eth:ethertype:ip:udp:ardp,22
eth:ethertype:ip:udp:capwap.data:dtls,21
eth:ethertype:ip:udp:dhcpv6,19
eth:ethertype:ip:udp:llc,19
eth:ethertype:ip:udp:lisp-data:ip:data,19
eth:ethertype:ip:udp:wisun.eapol_relay,16
eth:ethertype:ip:udp:quake2,16
eth:ethertype:ip:udp:auto_rp,15
eth:ethertype:ip:udp:mip,14
eth:ethertype:ip:udp:dcp-etsi:dcp-af,14
eth:ethertype:ip:udp:egd,12
eth:ethertype:ip:udp:eth,12
eth:ethertype:ip:udp:lisp,12
eth:ethertype:ip:udp:ripng,11
eth:ethertype:ip:udp:ecatf:ioraw,11
eth:ethertype:ip:udp:rx,11
eth:ethertype:ip:udp:lwres,11
eth:ethertype:ip:udp:vxlan:eth,11
eth:ethertype:ip:udp:ncp,10
eth:ethertype:ip:udp:ltp,10
eth:ethertype:ip:udp:sip:sdp,10
eth:ethertype:ip:udp:msmms,9
eth:ethertype:ip:udp:find,9
eth:ethertype:ip:udp:lmp,9
eth:ethertype:ip:udp:mndp,9
eth:ethertype:ip:udp:rtpproxy,8
eth:ethertype:ip:udp:data:f5ethtrailer,8
eth:ethertype:ip:udp:xyplex,8
eth:ethertype:ip:udp:cnip:lon,8
eth:ethertype:ip:udp:scop,8
eth:ethertype:ip:udp:cigi,8
eth:ethertype:ip:udp:rsp,8
eth:ethertype:ip:udp:tzsp:data,8
eth:ethertype:ip:udp:who,7
eth:ethertype:ip:udp:stun:data,7
eth:ethertype:ip:udp:acdr,7
eth:ethertype:ip:udp:dcp-etsi:dcp-pft,7
eth:ethertype:ip:udp:pathport,7
eth:ethertype:ip:udp:vxlan:eth:llc:data,7
eth:ethertype:ip:udp:wtp:wsp,7
eth:ethertype:ip:udp:lisp-data:ipv6,7
eth:ethertype:ip:udp:capwap:dtls,7
eth:ethertype:ip:udp:kpasswd,6
eth:ethertype:ip:udp:sigcomp,6
eth:ethertype:ip:udp:slimp3,6
eth:ethertype:ip:udp:ecatf:tc_nv,6
eth:ethertype:ip:udp:sip:sigcomp,6
eth:ethertype:ip:udp:packetbb,6
eth:ethertype:ip:udp:lisp-data:ip,5
eth:ethertype:ip:udp:tapa,5
eth:ethertype:ip:udp:ipx,5
eth:ethertype:ip:udp:mpls:ipv6:data,5
eth:ethertype:ip:udp:mpls:pwach:data,5
eth:ethertype:ip:udp:ptp,4
eth:ethertype:ip:udp:cups,4
eth:ethertype:ip:udp:lwapp,4
eth:ethertype:ip:udp:jmirror:ipv6:data,4
eth:ethertype:ip:udp:goose:cotp:data,4
eth:ethertype:ip:udp:edonkey,4
eth:ethertype:ip:udp:armagetronad,3
eth:ethertype:ip:udp:tsp,3
eth:ethertype:ip:udp:lbtrm,3
eth:ethertype:ip:udp:dlep,3
eth:ethertype:ip:udp:epl,3
eth:ethertype:ip:udp:amt:ip,3
eth:ethertype:ip:udp:quakeworld,3
eth:ethertype:ip:udp:dvb_ipdc:alc:rmt-lct,3
eth:ethertype:ip:udp:dlsw,3
eth:ethertype:ip:udp:ltp:data,3
eth:ethertype:ip:udp:cpfi,3
eth:ethertype:ip:udp:actrace,3
eth:ethertype:ip:udp:eth:llc:data,3
eth:ethertype:ip:udp:dvb_ipdc:alc:data,3
eth:ethertype:ip:udp:tplink-smarthome:json,3
eth:ethertype:ip:udp:lisp-data:ipv6:pim,3
eth:ethertype:ip:udp:quake,3
eth:ethertype:ip:udp:sabp:sabp:sabp,3
eth:ethertype:ip:udp:rdpudp:dtls,3
eth:ethertype:ip:udp:llc:sna:data,2
eth:ethertype:ip:udp:udpencap,2
eth:ethertype:ip:udp:wccp,2
eth:ethertype:ip:udp:amt:ip:ipv6:data,2
eth:ethertype:ip:udp:mpls:pwethheuristic:pwethnocw:eth:ethertype:data,2
eth:ethertype:ip:udp:bat.vis,2
eth:ethertype:ip:udp:ecatf:ams,2
eth:ethertype:ip:udp:mint:eth:ethertype:data,2
eth:ethertype:ip:udp:rdpudp:tls,2
eth:ethertype:ip:udp:ecatf,2
eth:ethertype:ip:udp:mpls:pwethheuristic:pwethcw:eth,2
eth:ethertype:ip:udp:ieee1722,2
eth:ethertype:ip:udp:ddtp,2
eth:ethertype:ip:udp:lisp-data:ipv6:esp,2
eth:ethertype:ip:udp:mpls:ip,2
eth:ethertype:ip:udp:tpcp,2
eth:ethertype:ip:udp:mdns:vssmonitoring,2
eth:ethertype:ip:udp:megaco,2
eth:ethertype:ip:udp:jmirror:ipv6,1
eth:ethertype:ip:udp:acdr:data,1
eth:ethertype:ip:udp:llc:osi:data,1
eth:ethertype:ip:udp:capwap.data:data,1
eth:ethertype:ip:udp:uftp:uftp4,1
eth:ethertype:ip:udp:uftp:uftp5,1
eth:ethertype:ip:udp:opensafety_udp,1
eth:ethertype:ip:udp:hip,1
eth:ethertype:ip:udp:gsmtap:gsm_a.dtap,1
eth:ethertype:ip:udp:ieee1722:cvf,1
eth:ethertype:ip:udp:udpencap:data,1
eth:ethertype:ip:udp:ntp:vssmonitoring,1
eth:ethertype:ip:udp:gsmtap:gsm_sim,1
eth:ethertype:ip:udp:snmp:data,1
eth:ethertype:ip:udp:memcache:vssmonitoring,1
eth:ethertype:ip:udp:wol,1
eth:ethertype:ip:udp:teredo,1
eth:ethertype:ip:udp:teredo:ipv6:icmpv6,1
eth:ethertype:ip:udp:l2tp:ppp:data,1
eth:ethertype:ip:udp:icq,1
eth:ethertype:ip:udp:scop:wpan,1
eth:ethertype:ip:udp:mactelnet:data,1
eth:ethertype:ip:udp:mpls,1
eth:ethertype:ip:udp:wisun.eapol_relay:eapol,1
eth:ethertype:ip:udp:olsr,1
eth:ethertype:ip:udp:ssyncp,1
eth:ethertype:ip:udp:rx:afs,1
eth:ethertype:ip:udp:lisp-data:ipv6:ipv6.routing,1
eth:ethertype:ip:udp:lisp-data:ipv6:ah,1
eth:ethertype:ip:udp:lisp-data:ipv6:gre:data,1
eth:ethertype:ip:udp:lisp-data:ipv6:eigrp,1
eth:ethertype:ip:udp:lisp-data:ipv6:l2tp:data,1
eth:ethertype:ip:udp:oicq,1
eth:ethertype:ip:udp:eth:llc,1
eth:ethertype:ip:udp:db-lsp-disc:json:data-text-lines,1
eth:ethertype:ip:udp:jmirror:ipv6:ax25,1
eth:ethertype:ip:udp:mpls:pwethheuristic:pwethcw:eth:llc:data,1
eth:ethertype:ip:udp:mpls:pwethheuristic:pwethcw:eth:ethertype:data,1
eth:ethertype:ip:udp:ecatf:ecat_mailbox,1
eth:ethertype:ip:udp:dvb_ipdc:alc:rmt-lct:data,1
eth:ethertype:ip:udp:a11,1
eth:ethertype:ip:udp:tzsp:eth:ethertype:data,1
eth:ethertype:ip:udp:ipx:data,1
eth:ethertype:ip:udp:tipc:data,1
