eth:ethertype:ip:udp:stun,13985430
eth:ethertype:ip:udp:data,10961585
eth:ethertype:ip:udp:syslog,5520119
eth:ethertype:ip:udp:dns,3755981
eth:ethertype:ip:udp:ntp,2111350
eth:ethertype:ip:udp:snmp,1792601
eth:ethertype:ip:data,1671790
eth:ethertype:ip:udp:nbns,856233
eth:ethertype:ip:udp:sip,617054
eth:ethertype:ip:udp:coap,165676
eth:ethertype:ip:udp:ssdp,159732
eth:ethertype:ip:udp:cflow,154158
eth:ethertype:ip:udp:mdns,111906
eth:ethertype:ip:udp:sip:xml,101887
eth:ethertype:ip:udp:memcache,81102
eth:ethertype:ip:udp:cldap,78750
eth:ethertype:ip:udp:rpc,67102
eth:ethertype:ip:udp:isakmp,60387
eth:ethertype:ip:udp:dtls,59627
eth:ethertype:ip:udp:srvloc,56185
eth:ethertype:ip:udp:dhcp,55655
eth:ethertype:ip:udp,55323
eth:ethertype:ip:udp:openvpn,55208
eth:ethertype:ip:udp:sip:data-text-lines,52650
eth:ethertype:ip:udp:portcontrol,50903
eth:ethertype:ip:udp:bvlc:bacnet:bacapp,46946
eth:ethertype:ip:udp:chargen,45642
eth:ethertype:ip:udp:gtp,44618
eth:ethertype:ip:udp:capwap,43980
eth:ethertype:ip:udp:l2tp,43942
eth:ethertype:ip:udp:quake3,41195
eth:ethertype:ip:udp:rdpudp,27478
eth:ethertype:ip:udp:xdmcp,26880
eth:ethertype:ip:udp:radius,26520
eth:ethertype:ip:udp:rmcp:ipmi_session:data,25517
eth:ethertype:ip:udp:udpencap:esp,23740
eth:ethertype:ip:udp:tftp,23538
eth:ethertype:ip:udp:rip,21364
eth:ethertype:ip:udp:gquic,20440
eth:ethertype:ip:udp:kerberos,19195
eth:ethertype:ip:udp:quic:tls,19135
eth:ethertype:ip:udp:lwapp:data,17147
eth:ethertype:ip:udp:hart_ip,15645
eth:ethertype:ip:udp:quic,15438
eth:ethertype:ip:udp:echo,13974
eth:ethertype:ip:udp:omron,13741
eth:ethertype:ip:udp:classicstun,13653
eth:ethertype:ip:udp:enip,13352
eth:ethertype:ip:udp:gtp:gtpv2,11472
eth:ethertype:ip:udp:nbdgm:smb:browser,11150
eth:ethertype:ip:udp:daytime,10421
eth:ethertype:ip:udp:time,10367
eth:ethertype:ip:udp:ecatf:ecat,10228
eth:ethertype:ip:udp:bfd,9830
eth:ethertype:ip:udp:steam_ihs_discovery,9629
eth:ethertype:ip:udp:udpencap:isakmp,8062
eth:ethertype:ip:udp:rtcp,6862
eth:ethertype:ip:udp:kip,6552
eth:ethertype:ip:udp:mgcp,5600
eth:ethertype:ip:udp:coap:data,3566
eth:ethertype:ip:udp:rmcp:asf,3477
eth:ethertype:ip:udp:llc:data,3342
eth:ethertype:ip:udp:teredo:ipv6,3057
eth:ethertype:ip:udp:iax2,1966
eth:ethertype:ip:udp:raknet:raknet,1836
eth:ethertype:ip:udp:teredo:ipv6:icmpv6,1782
eth:ethertype:ip:udp:kink,1760
eth:ethertype:ip:udp:cipio,1522
eth:ethertype:ip:udp:hiqnet,1484
eth:ethertype:ip:udp:rtps,1444
eth:ethertype:ip:udp:quake:data,1423
eth:ethertype:ip:udp:wsp,1410
eth:ethertype:ip:udp:gtpprime,1385
eth:ethertype:ip:udp:quake3:data,1312
eth:ethertype:ip:udp:nxp_802154_sniffer:wpan,1304
eth:ethertype:ip:udp:knet,1260
eth:ethertype:ip:udp:wisun.eapol_relay:eapol:data,1255
eth:ethertype:ip:udp:dis,1235
eth:ethertype:ip:udp:wtls,1016
eth:ethertype:ip:udp:scop:data,1009
eth:ethertype:ip:udp:elasticsearch,1006
eth:ethertype:ip:udp:mint,952
eth:ethertype:ip:udp:ecmp,888
eth:ethertype:ip:udp:iax2:data,849
eth:ethertype:ip:udp:dof,841
eth:ethertype:ip:udp:tzsp,798
eth:ethertype:ip:udp:h248,788
eth:ethertype:ip:udp:h225,751
eth:ethertype:ip:udp:h501,723
eth:ethertype:ip:udp:amt,723
eth:ethertype:ip:udp:asterix,708
eth:ethertype:ip:udp:bfd_echo,697
eth:ethertype:ip:udp:cnip,688
eth:ethertype:ip:udp:pfcp,677
eth:ethertype:ip:udp:ax4000,671
eth:ethertype:ip:udp:rx,669
eth:ethertype:ip:udp:ath,654
eth:ethertype:ip:udp:lwapp:wlan,651
eth:ethertype:ip:udp:llmnr,647
eth:ethertype:ip:udp:ssdp:data,613
eth:ethertype:ip:udp:pn_rt:pn_ptcp,612
eth:ethertype:ip:udp:raknet,609
eth:ethertype:ip:udp:iapp,603
eth:ethertype:ip:udp:ajns,586
eth:ethertype:ip:udp:wtp,586
eth:ethertype:ip:udp:rx:afs,573
eth:ethertype:ip:udp:ecatf:data,568
eth:ethertype:ip:udp:dpnet,561
eth:ethertype:ip:udp:ayiya,551
eth:ethertype:ip:udp:hcrt,546
eth:ethertype:ip:udp:sctp,532
eth:ethertype:ip:udp:idn,528
eth:ethertype:ip:udp:gprs-ns:bssgp,527
eth:ethertype:ip:udp:sbus,519
eth:ethertype:ip:udp:dcc,518
eth:ethertype:ip:udp:corosync_totemnet:data,497
eth:ethertype:ip:udp:adp,474
eth:ethertype:ip:udp:nano,471
eth:ethertype:ip:udp:geneve:data,468
eth:ethertype:ip:udp:sabp:sabp,461
eth:ethertype:ip:udp:collectd,448
eth:ethertype:ip:udp:c1222,447
eth:ethertype:ip:udp:mikey,433
eth:ethertype:ip:udp:pktc,433
eth:ethertype:ip:udp:rdt,431
eth:ethertype:ip:udp:enttec,430
eth:ethertype:ip:udp:rsvp,425
eth:ethertype:ip:udp:sap,420
eth:ethertype:ip:udp:radius:eap,411
eth:ethertype:ip:udp:vxlan:eth:llc:data,408
eth:ethertype:ip:udp:opensafety_udp:data,404
eth:ethertype:ip:udp:bat.gw:data,399
eth:ethertype:ip:udp:tplink-smarthome:json:data-text-lines,397
eth:ethertype:ip:udp:tipc,381
eth:ethertype:ip:udp:mpls:data,377
eth:ethertype:ip:udp:lisp-data,375
eth:ethertype:ip:udp:mih,373
eth:ethertype:ip:udp:lisp:data,367
eth:ethertype:ip:udp:capwap.data,358
eth:ethertype:ip:udp:raknet:raknet:raknet,353
eth:ethertype:ip:udp:mipv6,351
eth:ethertype:ip:udp:rsip,341
eth:ethertype:ip:udp:nxp_802154_sniffer,337
eth:ethertype:ip:udp:uaudp,336
eth:ethertype:ip:udp:infiniband:data,333
eth:ethertype:ip:udp:bat:data,323
eth:ethertype:ip:udp:eth:ethertype:data,323
eth:ethertype:ip:udp:gre:data,321
eth:ethertype:ip:udp:ts2,305
eth:ethertype:ip:udp:sap:sdp,305
eth:ethertype:ip:udp:mpls-echo,289
eth:ethertype:ip:udp:capwap.data:eth:ethertype:data,280
eth:ethertype:ip:udp:msproxy,276
eth:ethertype:ip:udp:bat.vis:data,272
eth:ethertype:ip:udp:lisp,270
eth:ethertype:ip:udp:pktc.mtafqdn,267
eth:ethertype:ip:udp:icp,249
eth:ethertype:ip:udp:gprs-ns,244
eth:ethertype:ip:udp:vuze-dht,239
eth:ethertype:ip:udp:egd:data,233
eth:ethertype:ip:udp:gsmtap:data,215
eth:ethertype:ip:udp:manolito,206
eth:ethertype:ip:udp:bjnp,202
eth:ethertype:ip:udp:asap,193
eth:ethertype:ip:udp:tetra,190
eth:ethertype:ip:udp:db-lsp-disc,187
eth:ethertype:ip:udp:dmp,187
eth:ethertype:ip:udp:ulp,180
eth:ethertype:ip:udp:vrt,158
eth:ethertype:ip:udp:h225:data,154
eth:ethertype:ip:udp:wg,153
eth:ethertype:ip:udp:quakeworld:data,144
eth:ethertype:ip:udp:stun:data,132
eth:ethertype:ip:udp:megaco:data,124
eth:ethertype:ip:udp:pn_rt:pn_io,123
eth:ethertype:ip:udp:ieee1722:data,122
eth:ethertype:ip:udp:teredo:data,107
eth:ethertype:ip:udp:ipvs,105
eth:ethertype:ip:udp:lisp-data:ipv6:data,105
eth:ethertype:ip:udp:doip,99
eth:ethertype:ip:udp:wlccp,98
eth:ethertype:ip:udp:opensafety:data,98
eth:ethertype:ip:udp:ardp,98
eth:ethertype:ip:udp:dvb_ipdc:data,97
eth:ethertype:ip:udp:nbdgm:smb:data,96
eth:ethertype:ip:udp:infiniband,95
eth:ethertype:ip:udp:kdp,95
eth:ethertype:ip:udp:lisp-data:ip:data,89
eth:ethertype:ip:udp:enrp,84
eth:ethertype:ip:udp:gre,83
eth:ethertype:ip:udp:tacacs,82
eth:ethertype:ip:udp:a21,80
eth:ethertype:ip:udp:udt,79
eth:ethertype:ip:udp:vxlan:eth:ethertype:data,72
eth:ethertype:ip:udp:nxp_802154_sniffer:wpan:data,70
eth:ethertype:ip:udp:mpls:pwethheuristic:pwethcw:eth:ethertype:data,65
eth:ethertype:ip:udp:lwapp:wlan:data,65
eth:ethertype:ip:udp:capwap.data:dtls,63
eth:ethertype:ip:udp:capwap:dtls,60
eth:ethertype:ip:udp:quake2:data,57
eth:ethertype:ip:udp:geneve,57
eth:ethertype:ip:udp:ip,57
eth:ethertype:ip:udp:wtp:wsp,53
eth:ethertype:ip:udp:gsmtap,52
eth:ethertype:ip:udp:thrift,51
eth:ethertype:ip:udp:nsh:data,51
eth:ethertype:ip:udp:sabp,47
eth:ethertype:ip:udp:goose:cotp,47
eth:ethertype:ip:udp:lisp-data:ip,39
eth:ethertype:ip:udp:ltp,36
eth:ethertype:ip:udp:wisun.eapol_relay:eapol,29
eth:ethertype:ip:udp:sabp:sabp:sabp,28
eth:ethertype:ip:udp:wol,27
eth:ethertype:ip:udp:data:vssmonitoring,26
eth:ethertype:ip:udp:slimp3,25
eth:ethertype:ip:udp:tsp,25
eth:ethertype:ip:udp:eth,24
eth:ethertype:ip:udp:wisun.eapol_relay,23
eth:ethertype:ip:udp:cnip:data,22
eth:ethertype:ip:udp:egd,20
eth:ethertype:ip:udp:quake2,18
eth:ethertype:ip:udp:mpls,17
eth:ethertype:ip:udp:mpls:ip,16
eth:ethertype:ip:udp:mpls:pwach:data,14
eth:ethertype:ip:udp:mpls:ip:data,14
eth:ethertype:ip:udp:pn_rt,13
eth:ethertype:ip:udp:kpasswd,13
eth:ethertype:ip:udp:mpls:ipv6:data,13
eth:ethertype:ip:udp:l2tp:data,13
eth:ethertype:ip:udp:mndp,12
eth:ethertype:ip:udp:llc,11
eth:ethertype:ip:udp:lisp-data:ipv6,11
eth:ethertype:ip:udp:rtpproxy,11
eth:ethertype:ip:udp:db-lsp-disc:json,11
eth:ethertype:ip:udp:pathport,11
eth:ethertype:ip:udp:vxlan:eth,10
eth:ethertype:ip:udp:sip:sigcomp,9
eth:ethertype:ip:udp:dhcpv6,9
eth:ethertype:ip:udp:find,9
eth:ethertype:ip:udp:tzsp:data,9
eth:ethertype:ip:udp:sigcomp,9
eth:ethertype:ip:udp:rdpudp:dtls,9
eth:ethertype:ip:udp:ecatf:ioraw,8
eth:ethertype:ip:udp:dcp-etsi:dcp-af,8
eth:ethertype:ip:udp:mpls:ipv6,8
eth:ethertype:ip:udp:dlsw,8
eth:ethertype:ip:udp:dvb_ipdc:alc:data,8
eth:ethertype:ip:udp:acdr,7
eth:ethertype:ip:udp:ecatf:tc_nv,7
eth:ethertype:ip:udp:dcp-etsi:dcp-pft,7
eth:ethertype:ip:udp:mip,7
eth:ethertype:ip:udp:who,7
eth:ethertype:ip:udp:data:f5ethtrailer,7
eth:ethertype:ip:udp:lwapp,6
eth:ethertype:ip:udp:ncp,6
eth:ethertype:ip:udp:lwres,6
eth:ethertype:ip:udp:scop,6
eth:ethertype:ip:udp:nbdgm,6
eth:ethertype:ip:udp:rsp,6
eth:ethertype:ip:udp:quake,6
eth:ethertype:ip:udp:ieee1722:iec61883,6
eth:ethertype:ip:udp:dlep,6
eth:ethertype:ip:udp:icq,6
eth:ethertype:ip:udp:auto_rp,6
eth:ethertype:ip:udp:jmirror:ipv6,6
eth:ethertype:ip:udp:lmp,5
eth:ethertype:ip:udp:dvb_ipdc:alc:rmt-lct,5
eth:ethertype:ip:udp:cups,5
eth:ethertype:ip:udp:ipx,5
eth:ethertype:ip:udp:tapa,5
eth:ethertype:ip:udp:amt:ip,5
eth:ethertype:ip:udp:rdpudp:tls,5
eth:ethertype:ip:udp:mpls:ipv6:ipv6.hopopts,5
eth:ethertype:ip:udp:ripng,5
eth:ethertype:ip:udp:rpc:nfs,5
eth:ethertype:ip:udp:ecatf,4
eth:ethertype:ip:udp:mpls:pwethheuristic:pwethcw:eth:llc:data,4
eth:ethertype:ip:udp:cpfi,4
eth:ethertype:ip:udp:mint:eth:ethertype:data,4
eth:ethertype:ip:udp:ieee1722,4
eth:ethertype:ip:udp:msmms,4
eth:ethertype:ip:udp:packetbb,4
eth:ethertype:ip:udp:lisp-data:ipv6:etherip:eth:llc,4
eth:ethertype:ip:udp:l2tp:ppp:data,4
eth:ethertype:ip:udp:ipx:data,3
eth:ethertype:ip:udp:xyplex,3
eth:ethertype:ip:udp:bat.gw,3
eth:ethertype:ip:udp:lisp-data:ipv6:l2tp:data,3
eth:ethertype:ip:udp:lisp-data:ipv6:gre:data,3
eth:ethertype:ip:udp:capwap.data:data,3
eth:ethertype:ip:udp:ecatf:ecat_mailbox,3
eth:ethertype:ip:udp:vxlan,3
eth:ethertype:ip:udp:ltp:data,3
eth:ethertype:ip:udp:teredo,3
eth:ethertype:ip:udp:lisp-data:ipv6:ipcomp:data,3
eth:ethertype:ip:udp:aodv,3
eth:ethertype:ip:udp:adwin,3
eth:ethertype:ip:udp:lbtrm,2
eth:ethertype:ip:udp:ddtp,2
eth:ethertype:ip:udp:bat.vis,2
eth:ethertype:ip:udp:lisp-data:ipv6:osi:data,2
eth:ethertype:ip:udp:eth:llc:data,2
eth:ethertype:ip:udp:lisp-data:ipv6:vines_frp:vines_ip:data,2
eth:ethertype:ip:udp:mpls:pwethheuristic:pwethnocw:eth:ethertype:data,2
eth:ethertype:ip:udp:eth:llc,2
eth:ethertype:ip:udp:cnip:lon,2
eth:ethertype:ip:udp:nbdgm:smb:smb_netlogon,2
eth:ethertype:ip:udp:actrace,2
eth:ethertype:ip:udp:lisp-data:ipv6:nhrp,2
eth:ethertype:ip:udp:epl:data,2
eth:ethertype:ip:udp:udpencap,2
eth:ethertype:ip:udp:mpls:pwethheuristic:pwethcw:eth,2
eth:ethertype:ip:udp:quakeworld,2
eth:ethertype:ip:udp:goose:cotp:goose,1
eth:ethertype:ip:udp:oicq,1
eth:ethertype:ip:udp:llc:osi:data,1
eth:ethertype:ip:udp:wccp,1
eth:ethertype:ip:udp:lisp-data:ipv6:ipv6.routing,1
eth:ethertype:ip:udp:lisp-data:ipv6:pim,1
eth:ethertype:ip:udp:lisp-data:ipv6:swipe,1
eth:ethertype:ip:udp:ieee1722:aaf,1
eth:ethertype:ip:udp:mpls:ipv6:osi:data,1
eth:ethertype:ip:udp:mpls:ipv6:pim,1
eth:ethertype:ip:udp:lisp-data:ipv6:dsr:data,1
eth:ethertype:ip:udp:lisp-data:ipv6:esp,1
eth:ethertype:ip:udp:db-lsp-disc:json:data-text-lines,1
eth:ethertype:ip:udp:llc:bacnet:data,1
eth:ethertype:ip:udp:papi,1
eth:ethertype:ip:udp:llc:sna:data,1
eth:ethertype:ip:udp:epl,1
eth:ethertype:ip:udp:lisp-data:ipv6:swipe:data,1
eth:ethertype:ip:udp:capwap:data,1
eth:ethertype:ip:udp:ecatf:ams,1
eth:ethertype:ip:udp:wimaxasncp,1
eth:ethertype:ip:udp:llc:rpl:data:data,1
eth:ethertype:ip:udp:lisp-data:ipv6:eigrp,1
eth:ethertype:ip:udp:lisp-data:ipv6:vrrp,1
eth:ethertype:ip:udp:lisp-data:ipv6:lwl4,1
eth:ethertype:ip:udp:lisp-data:ipv6:ah,1
eth:ethertype:ip:udp:opensafety_udp,1
eth:ethertype:ip:udp:sflow,1
eth:ethertype:ip:udp:llc:ipx:data,1
eth:ethertype:ip:udp:ieee1722:ntscf:acf,1
eth:ethertype:ip:udp:opensafety,1
eth:ethertype:ip:udp:a11,1
eth:ethertype:ip:udp:tpcp,1
eth:ethertype:ip:udp:tzsp:eth:ethertype:data,1
eth:ethertype:ip:udp:olsr,1
eth:ethertype:ip:udp:bat.gw:ip,1
eth:ethertype:ip:udp:mp2t,1
eth:ethertype:ip:udp:rmcp:ipmi_session,1
eth:ethertype:ip:udp:megaco:h248,1
eth:ethertype:ip:udp:udpencap:data,1
eth:ethertype:ip:udp:capwap.data:eth,1
eth:ethertype:ip:udp:gsmtap:gsm_sim,1
eth:ethertype:ip:udp:mpls:ipv6:esp,1
eth:ethertype:ip:udp:ptp,1
