eth:ethertype:ip:udp:stun,11011962
eth:ethertype:ip:udp:data,9627517
eth:ethertype:ip:udp:syslog,4293524
eth:ethertype:ip:udp:dns,3745365
eth:ethertype:ip:udp:ntp,1970013
eth:ethertype:ip:udp:snmp,1815351
eth:ethertype:ip:data,1310326
eth:ethertype:ip:udp:nbns,1244054
eth:ethertype:ip:udp:sip,563126
eth:ethertype:ip:udp:rpc,204848
eth:ethertype:ip:udp:cflow,158487
eth:ethertype:ip:udp:ssdp,154482
eth:ethertype:ip:udp:coap,120853
eth:ethertype:ip:udp:mdns,115642
eth:ethertype:ip:udp:sip:xml,102187
eth:ethertype:ip:udp:isakmp,81909
eth:ethertype:ip:udp,81098
eth:ethertype:ip:udp:openvpn,79896
eth:ethertype:ip:udp:dtls,68962
eth:ethertype:ip:udp:cldap,66925
eth:ethertype:ip:udp:memcache,56472
eth:ethertype:ip:udp:portcontrol,56371
eth:ethertype:ip:udp:capwap,54587
eth:ethertype:ip:udp:sip:data-text-lines,52866
eth:ethertype:ip:udp:srvloc,47293
eth:ethertype:ip:udp:gtp,42225
eth:ethertype:ip:udp:rmcp:ipmi_session:data,42027
eth:ethertype:ip:udp:bvlc:bacnet:bacapp,36878
eth:ethertype:ip:udp:rip,29192
eth:ethertype:ip:udp:udpencap:esp,28874
eth:ethertype:ip:udp:l2tp,28076
eth:ethertype:ip:udp:xdmcp,26954
eth:ethertype:ip:udp:radius,26874
eth:ethertype:ip:udp:chargen,21163
eth:ethertype:ip:udp:gquic,21020
eth:ethertype:ip:udp:quake3,20524
eth:ethertype:ip:udp:kerberos,20457
eth:ethertype:ip:udp:quic:tls,20209
eth:ethertype:ip:udp:quic,18821
eth:ethertype:ip:udp:hart_ip,16871
eth:ethertype:ip:udp:dhcp,16576
eth:ethertype:ip:udp:lwapp:data,16387
eth:ethertype:ip:udp:rdpudp,16143
eth:ethertype:ip:udp:classicstun,15634
eth:ethertype:ip:udp:enip,14006
eth:ethertype:ip:udp:tftp,13819
eth:ethertype:ip:udp:echo,13697
eth:ethertype:ip:udp:omron,13250
eth:ethertype:ip:udp:gtp:gtpv2,11889
eth:ethertype:ip:udp:nbdgm:smb:browser,11172
eth:ethertype:ip:udp:time,10260
eth:ethertype:ip:udp:daytime,10250
eth:ethertype:ip:udp:ecatf:ecat,10222
eth:ethertype:ip:udp:teredo:ipv6,10180
eth:ethertype:ip:udp:bfd,9580
eth:ethertype:ip:udp:steam_ihs_discovery,9479
eth:ethertype:ip:udp:udpencap:isakmp,6910
eth:ethertype:ip:udp:rtcp,6573
eth:ethertype:ip:udp:mgcp,6202
eth:ethertype:ip:udp:kip,6167
eth:ethertype:ip:udp:wsp,5003
eth:ethertype:ip:udp:scop:data,4655
eth:ethertype:ip:udp:iax2,4614
eth:ethertype:ip:udp:coap:data,4502
eth:ethertype:ip:udp:teredo:ipv6:icmpv6,3647
eth:ethertype:ip:udp:rmcp:asf,3433
eth:ethertype:ip:udp:llmnr,3195
eth:ethertype:ip:udp:cipio,1702
eth:ethertype:ip:udp:wisun.eapol_relay:eapol:data,1649
eth:ethertype:ip:udp:raknet:raknet,1597
eth:ethertype:ip:udp:dis,1489
eth:ethertype:ip:udp:quake3:data,1430
eth:ethertype:ip:udp:mipv6,1410
eth:ethertype:ip:udp:nxp_802154_sniffer:wpan,1410
eth:ethertype:ip:udp:kink,1299
eth:ethertype:ip:udp:bat.vis:data,1299
eth:ethertype:ip:udp:rtps,1282
eth:ethertype:ip:udp:pn_rt:pn_ptcp,1215
eth:ethertype:ip:udp:sbus,1208
eth:ethertype:ip:udp:adp,1189
eth:ethertype:ip:udp:llc:data,1176
eth:ethertype:ip:udp:gtpprime,1103
eth:ethertype:ip:udp:wtls,1089
eth:ethertype:ip:udp:radius:eap,1048
eth:ethertype:ip:udp:mint,901
eth:ethertype:ip:udp:corosync_totemnet:data,899
eth:ethertype:ip:udp:asterix,877
eth:ethertype:ip:udp:ulp,871
eth:ethertype:ip:udp:icp,850
eth:ethertype:ip:udp:cnip,820
eth:ethertype:ip:udp:hcrt,814
eth:ethertype:ip:udp:gre:data,750
eth:ethertype:ip:udp:ssdp:data,737
eth:ethertype:ip:udp:doip,708
eth:ethertype:ip:udp:c1222,659
eth:ethertype:ip:udp:elasticsearch,602
eth:ethertype:ip:udp:ax4000,585
eth:ethertype:ip:udp:lwapp:wlan,583
eth:ethertype:ip:udp:iapp,559
eth:ethertype:ip:udp:h501,548
eth:ethertype:ip:udp:kdp,547
eth:ethertype:ip:udp:ath,537
eth:ethertype:ip:udp:pktc.mtafqdn,534
eth:ethertype:ip:udp:opensafety:data,518
eth:ethertype:ip:udp:rsip,516
eth:ethertype:ip:udp:gprs-ns:bssgp,500
eth:ethertype:ip:udp:h225,481
eth:ethertype:ip:udp:geneve:data,468
eth:ethertype:ip:udp:mpls:data,468
eth:ethertype:ip:udp:ieee1722:data,458
eth:ethertype:ip:udp:dof,458
eth:ethertype:ip:udp:mikey,456
eth:ethertype:ip:udp:infiniband:data,448
eth:ethertype:ip:udp:tacacs,444
eth:ethertype:ip:udp:mpls-echo,430
eth:ethertype:ip:udp:bat.gw:data,423
eth:ethertype:ip:udp:bat:data,412
eth:ethertype:ip:udp:h248,396
eth:ethertype:ip:udp:ayiya,392
eth:ethertype:ip:udp:enrp,384
eth:ethertype:ip:udp:nano,381
eth:ethertype:ip:udp:egd:data,372
eth:ethertype:ip:udp:wlccp,362
eth:ethertype:ip:udp:wtp,359
eth:ethertype:ip:udp:vuze-dht,352
eth:ethertype:ip:udp:teredo:data,352
eth:ethertype:ip:udp:pktc,341
eth:ethertype:ip:udp:raknet,322
eth:ethertype:ip:udp:knet,320
eth:ethertype:ip:udp:iax2:data,318
eth:ethertype:ip:udp:uaudp,310
eth:ethertype:ip:udp:sabp:sabp,309
eth:ethertype:ip:udp:capwap.data,302
eth:ethertype:ip:udp:manolito,290
eth:ethertype:ip:udp:lisp-data,278
eth:ethertype:ip:udp:tzsp,278
eth:ethertype:ip:udp:sctp,275
eth:ethertype:ip:udp:ipvs,267
eth:ethertype:ip:udp:ts2,263
eth:ethertype:ip:udp:bfd_echo,246
eth:ethertype:ip:udp:sap,240
eth:ethertype:ip:udp:dvb_ipdc:data,239
eth:ethertype:ip:udp:raknet:raknet:raknet,234
eth:ethertype:ip:udp:ardp,233
eth:ethertype:ip:udp:tplink-smarthome:json:data-text-lines,232
eth:ethertype:ip:udp:a21,227
eth:ethertype:ip:udp:rdt,226
eth:ethertype:ip:udp:dmp,225
eth:ethertype:ip:udp:idn,218
eth:ethertype:ip:udp:msproxy,205
eth:ethertype:ip:udp:bjnp,192
eth:ethertype:ip:udp:capwap.data:eth:ethertype:data,191
eth:ethertype:ip:udp:lisp:data,165
eth:ethertype:ip:udp:gprs-ns,163
eth:ethertype:ip:udp:pfcp,159
eth:ethertype:ip:udp:db-lsp-disc,146
eth:ethertype:ip:udp:h225:data,146
eth:ethertype:ip:udp:tipc,144
eth:ethertype:ip:udp:tetra,135
eth:ethertype:ip:udp:quakeworld:data,129
eth:ethertype:ip:udp:vxlan,127
eth:ethertype:ip:udp:wg,120
eth:ethertype:ip:udp:ajns,119
eth:ethertype:ip:udp:dpnet,117
eth:ethertype:ip:udp:ecatf:data,116
eth:ethertype:ip:udp:amt,113
eth:ethertype:ip:udp:nxp_802154_sniffer:wpan:data,112
eth:ethertype:ip:udp:hiqnet,110
eth:ethertype:ip:udp:ecmp,104
eth:ethertype:ip:udp:opensafety_udp:data,103
eth:ethertype:ip:udp:quake:data,99
eth:ethertype:ip:udp:nbdgm:smb:data,96
eth:ethertype:ip:udp:megaco:data,94
eth:ethertype:ip:udp:pn_rt:pn_io,93
eth:ethertype:ip:udp:mih,87
eth:ethertype:ip:udp:sap:sdp,85
eth:ethertype:ip:udp:rsvp,79
eth:ethertype:ip:udp:collectd,78
eth:ethertype:ip:udp:lisp-data:ip:data,71
eth:ethertype:ip:udp:geneve,69
eth:ethertype:ip:udp:infiniband,69
eth:ethertype:ip:udp:nxp_802154_sniffer,64
eth:ethertype:ip:udp:thrift,64
eth:ethertype:ip:udp:dcc,61
eth:ethertype:ip:udp:gsmtap:data,59
eth:ethertype:ip:udp:vrt,59
eth:ethertype:ip:udp:asap,57
eth:ethertype:ip:udp:mpls:ip,56
eth:ethertype:ip:udp:mpls:pwethheuristic:pwethcw:eth:ethertype:data,56
eth:ethertype:ip:udp:sabp,55
eth:ethertype:ip:udp:lisp-data:ipv6:data,54
eth:ethertype:ip:udp:enttec,52
eth:ethertype:ip:udp:eth:ethertype:data,50
eth:ethertype:ip:udp:quake2:data,50
eth:ethertype:ip:udp:gre,49
eth:ethertype:ip:udp:lwapp:wlan:data,49
eth:ethertype:ip:udp:mpls:ip:data,49
eth:ethertype:ip:udp:wisun.eapol_relay,41
eth:ethertype:ip:udp:gsmtap,41
eth:ethertype:ip:udp:capwap:dtls,40
eth:ethertype:ip:udp:mpls:ipv6:data,40
eth:ethertype:ip:udp:lisp,39
eth:ethertype:ip:udp:goose:cotp,38
eth:ethertype:ip:udp:mpls:ipv6,37
eth:ethertype:ip:udp:vxlan:eth:ethertype:data,35
eth:ethertype:ip:udp:wtp:wsp,33
eth:ethertype:ip:udp:mpls:pwach:data,31
eth:ethertype:ip:udp:egd,30
eth:ethertype:ip:udp:ltp,30
eth:ethertype:ip:udp:capwap.data:dtls,26
eth:ethertype:ip:udp:cnip:data,23
eth:ethertype:ip:udp:rtpproxy,23
eth:ethertype:ip:udp:stun:data,23
eth:ethertype:ip:udp:ecatf:ioraw,22
eth:ethertype:ip:udp:lisp-data:ip,22
eth:ethertype:ip:udp:sabp:sabp:sabp,22
eth:ethertype:ip:udp:dvb_ipdc:alc:data,21
eth:ethertype:ip:udp:ddtp,21
eth:ethertype:ip:udp:quake2,19
eth:ethertype:ip:udp:eth,19
eth:ethertype:ip:udp:rx,19
eth:ethertype:ip:udp:llc,19
eth:ethertype:ip:udp:l2tp:data,17
eth:ethertype:ip:udp:mpls:ipv6:ipv6.hopopts,16
eth:ethertype:ip:udp:wisun.eapol_relay:eapol,15
eth:ethertype:ip:udp:xyplex,14
eth:ethertype:ip:udp:kpasswd,13
eth:ethertype:ip:udp:lwapp,13
eth:ethertype:ip:udp:ripng,13
eth:ethertype:ip:udp:dhcpv6,12
eth:ethertype:ip:udp:data:vssmonitoring,11
eth:ethertype:ip:udp:lmp,11
eth:ethertype:ip:udp:rsp,11
eth:ethertype:ip:udp:who,10
eth:ethertype:ip:udp:scop,10
eth:ethertype:ip:udp:lisp-data:ipv6,10
eth:ethertype:ip:udp:sip:sdp,10
eth:ethertype:ip:udp:mndp,9
eth:ethertype:ip:udp:dcp-etsi:dcp-pft,9
eth:ethertype:ip:udp:mip,9
eth:ethertype:ip:udp:vxlan:eth,9
eth:ethertype:ip:udp:quake,8
eth:ethertype:ip:udp:pn_rt,8
eth:ethertype:ip:udp:dcp-etsi:dcp-af,7
eth:ethertype:ip:udp:ieee1722:iec61883,7
eth:ethertype:ip:udp:find,7
eth:ethertype:ip:udp:mpls:pwethheuristic:pwethnocw:eth:ethertype:data,7
eth:ethertype:ip:udp:lwres,7
eth:ethertype:ip:udp:sigcomp,7
eth:ethertype:ip:udp:tsp,7
eth:ethertype:ip:udp:sip:sigcomp,6
eth:ethertype:ip:udp:msmms,6
eth:ethertype:ip:udp:ecatf:tc_nv,6
eth:ethertype:ip:udp:mpls,6
eth:ethertype:ip:udp:tzsp:data,6
eth:ethertype:ip:udp:nbdgm,6
eth:ethertype:ip:udp:slimp3,6
eth:ethertype:ip:udp:ipx:data,5
eth:ethertype:ip:udp:mpls:pwethheuristic:pwethcw:eth,5
eth:ethertype:ip:udp:ipx,5
eth:ethertype:ip:udp:ecatf,5
eth:ethertype:ip:udp:llc:osi:data,5
eth:ethertype:ip:udp:cups,5
eth:ethertype:ip:udp:auto_rp,5
eth:ethertype:ip:udp:dlep,5
eth:ethertype:ip:udp:pathport,5
eth:ethertype:ip:udp:eth:llc:data,5
eth:ethertype:ip:udp:cpfi,4
eth:ethertype:ip:udp:armagetronad,4
eth:ethertype:ip:udp:lbtrm,4
eth:ethertype:ip:udp:ncp,4
eth:ethertype:ip:udp:ieee1722,4
eth:ethertype:ip:udp:packetbb,4
eth:ethertype:ip:udp:megaco,3
eth:ethertype:ip:udp:ssyncp,3
eth:ethertype:ip:udp:quakeworld,3
eth:ethertype:ip:udp:rx:afs,3
eth:ethertype:ip:udp:ecatf:ecat_mailbox,3
eth:ethertype:ip:udp:llc:sna:data,3
eth:ethertype:ip:udp:tzsp:eth:ethertype:data,2
eth:ethertype:ip:udp:ayiya:dsr:ipv6.hopopts:ipv6.hopopts,2
eth:ethertype:ip:udp:lisp-data:ipv6:lwl4,2
eth:ethertype:ip:udp:lisp-data:ipv6:ipcomp:data,2
eth:ethertype:ip:udp:epl,2
eth:ethertype:ip:udp:mint:eth:ethertype:data,2
eth:ethertype:ip:udp:ltp:data,2
eth:ethertype:ip:udp:jmirror:ipv6,2
eth:ethertype:ip:udp:mbudp:modbus,2
eth:ethertype:ip:udp:llc:ipx,2
eth:ethertype:ip:udp:capwap.data:data,2
eth:ethertype:ip:udp:wimaxasncp,2
eth:ethertype:ip:udp:amt:ip,2
eth:ethertype:ip:udp:goose:cotp:goose,2
eth:ethertype:ip:udp:bat.vis,2
eth:ethertype:ip:udp:lisp-data:ipv6:vrrp,2
eth:ethertype:ip:udp:lisp-data:ipv6:etherip:eth:llc,2
eth:ethertype:ip:udp:lisp-data:ipv6:nhrp,2
eth:ethertype:ip:udp:lisp-data:ipv6:eigrp,2
eth:ethertype:ip:udp:tpcp,2
eth:ethertype:ip:udp:jmirror:ipv6:data,2
eth:ethertype:ip:udp:openvpn:tls,2
eth:ethertype:ip:udp:lisp-data:ipv6:ospf,2
eth:ethertype:ip:udp:mpls:ipv6:ipv6.routing,2
eth:ethertype:ip:udp:dlsw,2
eth:ethertype:ip:udp:teredo,2
eth:ethertype:ip:udp:a11,1
eth:ethertype:ip:udp:bat.gw:ip,1
eth:ethertype:ip:udp:oicq,1
eth:ethertype:ip:udp:adwin,1
eth:ethertype:ip:udp:ipv6,1
eth:ethertype:ip:udp:eth:llc,1
eth:ethertype:ip:udp:dvb_ipdc:alc:rmt-lct,1
eth:ethertype:ip:udp:l2tp:ppp:data,1
eth:ethertype:ip:udp:teredo:ipv6:data,1
eth:ethertype:ip:udp:wccp,1
eth:ethertype:ip:udp:acdr,1
eth:ethertype:ip:udp:lisp-data:ipv6:dsr:data,1
eth:ethertype:ip:udp:lisp-data:ipv6:vines_frp:vines_ip:data,1
eth:ethertype:ip:udp:lisp-data:ipv6:esp,1
eth:ethertype:ip:udp:lisp-data:ipv6:ipv6.routing,1
eth:ethertype:ip:udp:lisp-data:ipv6:swipe,1
eth:ethertype:ip:udp:edonkey,1
eth:ethertype:ip:udp:udpencap,1
eth:ethertype:ip:udp:tapa,1
eth:ethertype:ip:udp:aodv,1
eth:ethertype:ip:udp:mpls:ipv6:swipe,1
eth:ethertype:ip:udp:mpls:ipv6:ipcomp:data,1
eth:ethertype:ip:udp:lisp-data:ipv6:gre,1
eth:ethertype:ip:udp:mpls:ipv6:dsr:ipv6.hopopts,1
eth:ethertype:ip:udp:mpls:ipv6:gre:data,1
eth:ethertype:ip:udp:mpls:ipv6:ospf,1
eth:ethertype:ip:udp:mdns:vssmonitoring,1
eth:ethertype:ip:udp:tipc:data,1
eth:ethertype:ip:udp:acdr:ip:data,1
eth:ethertype:ip:udp:ip,1
eth:ethertype:ip:udp:vxlan:eth:llc:data,1
eth:ethertype:ip:udp:tzsp:tr,1
eth:ethertype:ip:udp:rdpudp:dtls,1
eth:ethertype:ip:udp:olsr,1
eth:ethertype:ip:udp:hip,1
eth:ethertype:ip:udp:ieee1722:cvf:data,1
eth:ethertype:ip:udp:actrace,1
eth:ethertype:ip:udp:ecatf:ams,1
eth:ethertype:ip:udp:opensafety_udp,1
