eth:ethertype:ip:udp:stun,11003057
eth:ethertype:ip:udp:data,8081892
eth:ethertype:ip:udp:syslog,4642575
eth:ethertype:ip:udp:dns,3760250
eth:ethertype:ip:udp:ntp,2071031
eth:ethertype:ip:udp:snmp,1717371
eth:ethertype:ip:data,1176716
eth:ethertype:ip:udp:nbns,459511
eth:ethertype:ip:udp:sip,350871
eth:ethertype:ip:udp:coap,189005
eth:ethertype:ip:udp:cflow,158522
eth:ethertype:ip:udp:cldap,156933
eth:ethertype:ip:udp:ssdp,152782
eth:ethertype:ip:udp:sip:xml,97127
eth:ethertype:ip:udp:openvpn,94160
eth:ethertype:ip:udp:dhcp,77898
eth:ethertype:ip:udp:mdns,77065
eth:ethertype:ip:udp:rpc,62524
eth:ethertype:ip:udp:dtls,55793
eth:ethertype:ip:udp:isakmp,55198
eth:ethertype:ip:udp:classicstun,52430
eth:ethertype:ip:udp:sip:data-text-lines,50231
eth:ethertype:ip:udp:srvloc,45423
eth:ethertype:ip:udp:capwap,42661
eth:ethertype:ip:udp:l2tp,42123
eth:ethertype:ip:udp:memcache,38874
eth:ethertype:ip:udp:portcontrol,37844
eth:ethertype:ip:udp:gtp,36997
eth:ethertype:ip:udp,34684
eth:ethertype:ip:udp:bvlc:bacnet:bacapp,32987
eth:ethertype:ip:udp:quic:tls,30519
eth:ethertype:ip:udp:udpencap:esp,22497
eth:ethertype:ip:udp:chargen,21007
eth:ethertype:ip:udp:xdmcp,19975
eth:ethertype:ip:udp:gquic,19369
eth:ethertype:ip:udp:kerberos,18837
eth:ethertype:ip:udp:rip,18100
eth:ethertype:ip:udp:lwapp:data,16413
eth:ethertype:ip:udp:radius,15690
eth:ethertype:ip:udp:rdpudp,15618
eth:ethertype:ip:udp:hart_ip,13548
eth:ethertype:ip:udp:rmcp:ipmi_session:data,12540
eth:ethertype:ip:udp:omron,12188
eth:ethertype:ip:udp:echo,11979
eth:ethertype:ip:udp:enip,11904
eth:ethertype:ip:udp:quake3:data,11869
eth:ethertype:ip:udp:gtp:gtpv2,11471
eth:ethertype:ip:udp:tftp,10774
eth:ethertype:ip:udp:quake3,10412
eth:ethertype:ip:udp:daytime,10383
eth:ethertype:ip:udp:time,10341
eth:ethertype:ip:udp:ecatf:ecat,10228
eth:ethertype:ip:udp:cnip:lon,10225
eth:ethertype:ip:udp:nbdgm:smb:browser,9399
eth:ethertype:ip:udp:bfd,8931
eth:ethertype:ip:udp:steam_ihs_discovery,7564
eth:ethertype:ip:udp:rtcp,7153
eth:ethertype:ip:udp:teredo:ipv6,6797
eth:ethertype:ip:udp:udpencap:isakmp,6482
eth:ethertype:ip:udp:kip,6258
eth:ethertype:ip:udp:coap:data,3700
eth:ethertype:ip:udp:mgcp,3534
eth:ethertype:ip:udp:quic,3425
eth:ethertype:ip:udp:rmcp:asf,3271
eth:ethertype:ip:udp:gtpprime,2656
eth:ethertype:ip:udp:rtps,1789
eth:ethertype:ip:udp:raknet:raknet,1585
eth:ethertype:ip:udp:llc:data,1397
eth:ethertype:ip:udp:bat:data,1359
eth:ethertype:ip:udp:cipio,1331
eth:ethertype:ip:udp:dis,1195
eth:ethertype:ip:udp:bat.gw:data,1078
eth:ethertype:ip:udp:radius:eap,905
eth:ethertype:ip:udp:h501,897
eth:ethertype:ip:udp:asterix,891
eth:ethertype:ip:udp:wtls,838
eth:ethertype:ip:udp:ecmp,828
eth:ethertype:ip:udp:wtp,770
eth:ethertype:ip:udp:mint,763
eth:ethertype:ip:udp:tetra,712
eth:ethertype:ip:udp:wisun.eapol_relay:eapol:data,685
eth:ethertype:ip:udp:wsp,634
eth:ethertype:ip:udp:knet,626
eth:ethertype:ip:udp:nxp_802154_sniffer:wpan,614
eth:ethertype:ip:udp:teredo:data,611
eth:ethertype:ip:udp:ssdp:data,597
eth:ethertype:ip:udp:pn_rt:pn_ptcp,590
eth:ethertype:ip:udp:ts2,551
eth:ethertype:ip:udp:scop:data,544
eth:ethertype:ip:udp:h248,536
eth:ethertype:ip:udp:egd:data,528
eth:ethertype:ip:udp:vrt,525
eth:ethertype:ip:udp:llmnr,522
eth:ethertype:ip:udp:corosync_totemnet:data,521
eth:ethertype:ip:udp:pktc.mtafqdn,516
eth:ethertype:ip:udp:db-lsp-disc,509
eth:ethertype:ip:udp:icp,499
eth:ethertype:ip:udp:cnip,495
eth:ethertype:ip:udp:lwapp:wlan,481
eth:ethertype:ip:udp:manolito,480
eth:ethertype:ip:udp:kink,475
eth:ethertype:ip:udp:mikey,462
eth:ethertype:ip:udp:opensafety:data,443
eth:ethertype:ip:udp:teredo:ipv6:icmpv6,420
eth:ethertype:ip:udp:uaudp,419
eth:ethertype:ip:udp:hiqnet,417
eth:ethertype:ip:udp:quakeworld:data,408
eth:ethertype:ip:udp:ath,407
eth:ethertype:ip:udp:msproxy,403
eth:ethertype:ip:udp:mih,394
eth:ethertype:ip:udp:ajns,394
eth:ethertype:ip:udp:sctp,384
eth:ethertype:ip:udp:lisp-data,382
eth:ethertype:ip:udp:tplink-smarthome:json:data-text-lines,381
eth:ethertype:ip:udp:vuze-dht,379
eth:ethertype:ip:udp:elasticsearch,376
eth:ethertype:ip:udp:pfcp,375
eth:ethertype:ip:udp:dof,357
eth:ethertype:ip:udp:iax2,357
eth:ethertype:ip:udp:iapp,350
eth:ethertype:ip:udp:lisp:data,329
eth:ethertype:ip:udp:gre:data,324
eth:ethertype:ip:udp:iax2:data,321
eth:ethertype:ip:udp:enttec,318
eth:ethertype:ip:udp:adp,307
eth:ethertype:ip:udp:sabp:sabp,298
eth:ethertype:ip:udp:ax4000,296
eth:ethertype:ip:udp:hcrt,282
eth:ethertype:ip:udp:mipv6,281
eth:ethertype:ip:udp:amt,273
eth:ethertype:ip:udp:tzsp,269
eth:ethertype:ip:udp:h225,264
eth:ethertype:ip:udp:wg,256
eth:ethertype:ip:udp:ayiya,254
eth:ethertype:ip:udp:enrp,251
eth:ethertype:ip:udp:gprs-ns,245
eth:ethertype:ip:udp:pktc,244
eth:ethertype:ip:udp:ipvs,242
eth:ethertype:ip:udp:stun:data,236
eth:ethertype:ip:udp:rsip,233
eth:ethertype:ip:udp:doip,229
eth:ethertype:ip:udp:quake:data,228
eth:ethertype:ip:udp:gprs-ns:bssgp,225
eth:ethertype:ip:udp:infiniband:data,219
eth:ethertype:ip:udp:bat.vis:data,209
eth:ethertype:ip:udp:quake2:data,209
eth:ethertype:ip:udp:rx,194
eth:ethertype:ip:udp:capwap.data:eth:ethertype:data,189
eth:ethertype:ip:udp:geneve:data,173
eth:ethertype:ip:udp:dvb_ipdc:data,171
eth:ethertype:ip:udp:tacacs,164
eth:ethertype:ip:udp:megaco:data,157
eth:ethertype:ip:udp:a21,154
eth:ethertype:ip:udp:c1222,154
eth:ethertype:ip:udp:bjnp,152
eth:ethertype:ip:udp:capwap.data,149
eth:ethertype:ip:udp:ulp,133
eth:ethertype:ip:udp:sap,125
eth:ethertype:ip:udp:sabp,120
eth:ethertype:ip:udp:wlccp,118
eth:ethertype:ip:udp:nano,116
eth:ethertype:ip:udp:bfd_echo,109
eth:ethertype:ip:udp:ieee1722:data,107
eth:ethertype:ip:udp:idn,104
eth:ethertype:ip:udp:sbus,103
eth:ethertype:ip:udp:lisp-data:ipv6:data,97
eth:ethertype:ip:udp:rdt,95
eth:ethertype:ip:udp:rsvp,94
eth:ethertype:ip:udp:lisp-data:ip:data,93
eth:ethertype:ip:udp:asap,86
eth:ethertype:ip:udp:sap:sdp,82
eth:ethertype:ip:udp:collectd,81
eth:ethertype:ip:udp:geneve,79
eth:ethertype:ip:udp:kdp,78
eth:ethertype:ip:udp:db-lsp-disc:json,78
eth:ethertype:ip:udp:raknet,76
eth:ethertype:ip:udp:gsmtap,71
eth:ethertype:ip:udp:tipc,67
eth:ethertype:ip:udp:infiniband,65
eth:ethertype:ip:udp:rpc:portmap,64
eth:ethertype:ip:udp:nxp_802154_sniffer,63
eth:ethertype:ip:udp:ecatf:data,54
eth:ethertype:ip:udp:dpnet,54
eth:ethertype:ip:udp:mpls-echo,53
eth:ethertype:ip:udp:pn_rt:pn_io,48
eth:ethertype:ip:udp:cnip:data,48
eth:ethertype:ip:udp:gsmtap:data,48
eth:ethertype:ip:udp:opensafety_udp:data,45
eth:ethertype:ip:udp:ripng,45
eth:ethertype:ip:udp:eth:ethertype:data,41
eth:ethertype:ip:udp:vxlan:eth:ethertype:data,41
eth:ethertype:ip:udp:lisp-data:ip,38
eth:ethertype:ip:udp:goose:cotp,34
eth:ethertype:ip:udp:capwap.data:dtls,34
eth:ethertype:ip:udp:lisp,33
eth:ethertype:ip:udp:mpls:data,32
eth:ethertype:ip:udp:dmp,31
eth:ethertype:ip:udp:dcc,30
eth:ethertype:ip:udp:gre,29
eth:ethertype:ip:udp:capwap:dtls,26
eth:ethertype:ip:udp:vxlan:eth,26
eth:ethertype:ip:udp:data:vssmonitoring,25
eth:ethertype:ip:udp:lwapp:wlan:data,24
eth:ethertype:ip:udp:thrift,24
eth:ethertype:ip:udp:jmirror:ipv6:data,24
eth:ethertype:ip:udp:llc,21
eth:ethertype:ip:udp:mip,21
eth:ethertype:ip:udp:eth,21
eth:ethertype:ip:udp:wtp:wsp,21
eth:ethertype:ip:udp:ltp,19
eth:ethertype:ip:udp:egd,19
eth:ethertype:ip:udp:ardp,18
eth:ethertype:ip:udp:raknet:raknet:raknet,18
eth:ethertype:ip:udp:dlsw,17
eth:ethertype:ip:udp:auto_rp,13
eth:ethertype:ip:udp:pn_rt,13
eth:ethertype:ip:udp:sip:sigcomp,13
eth:ethertype:ip:udp:sigcomp,13
eth:ethertype:ip:udp:dhcpv6,13
eth:ethertype:ip:udp:wisun.eapol_relay,12
eth:ethertype:ip:udp:dcp-etsi:dcp-pft,12
eth:ethertype:ip:udp:sabp:sabp:sabp,12
eth:ethertype:ip:udp:mpls,11
eth:ethertype:ip:udp:scop,10
eth:ethertype:ip:udp:dvb_ipdc:alc:data,10
eth:ethertype:ip:udp:rtpproxy,9
eth:ethertype:ip:udp:acdr,9
eth:ethertype:ip:udp:kpasswd,9
eth:ethertype:ip:udp:goose:cotp:data,9
eth:ethertype:ip:udp:l2tp:data,9
eth:ethertype:ip:udp:ncp,8
eth:ethertype:ip:udp:tzsp:data,8
eth:ethertype:ip:udp:ecatf:ioraw,8
eth:ethertype:ip:udp:lisp-data:ipv6,8
eth:ethertype:ip:udp:tsp,7
eth:ethertype:ip:udp:lwres,7
eth:ethertype:ip:udp:rx:afs,7
eth:ethertype:ip:udp:find,6
eth:ethertype:ip:udp:pathport,6
eth:ethertype:ip:udp:rsp,6
eth:ethertype:ip:udp:nbdgm,6
eth:ethertype:ip:udp:xyplex,6
eth:ethertype:ip:udp:msmms,6
eth:ethertype:ip:udp:amt:ip,6
eth:ethertype:ip:udp:lisp-data:ipv6:vines_frp:vines_ip:data,6
eth:ethertype:ip:udp:rdpudp:data,6
eth:ethertype:ip:udp:nxp_802154_sniffer:wpan:data,6
eth:ethertype:ip:udp:packetbb,5
eth:ethertype:ip:udp:lmp,5
eth:ethertype:ip:udp:teredo,5
eth:ethertype:ip:udp:ecatf:tc_nv,5
eth:ethertype:ip:udp:olsr,5
eth:ethertype:ip:udp:mndp,5
eth:ethertype:ip:udp:slimp3,5
eth:ethertype:ip:udp:lisp-data:ipv6:lwl4,5
eth:ethertype:ip:udp:quake2,5
eth:ethertype:ip:udp:mpls:pwethheuristic:pwethcw:eth,5
eth:ethertype:ip:udp:gsmtap:gsm_sim,5
eth:ethertype:ip:udp:icq,5
eth:ethertype:ip:udp:sip:sdp,5
eth:ethertype:ip:udp:papi,4
eth:ethertype:ip:udp:ipx:data,4
eth:ethertype:ip:udp:wisun.eapol_relay:eapol,4
eth:ethertype:ip:udp:tpcp,4
eth:ethertype:ip:udp:rdpudp:dtls,4
eth:ethertype:ip:udp:data:f5ethtrailer,4
eth:ethertype:ip:udp:dlep,4
eth:ethertype:ip:udp:lwapp,4
eth:ethertype:ip:udp:l2tp:ppp:data,4
eth:ethertype:ip:udp:cups,4
eth:ethertype:ip:udp:bundle:bundle,4
eth:ethertype:ip:udp:ecatf:ecat_mailbox,4
eth:ethertype:ip:udp:mint:eth:ethertype:data,4
eth:ethertype:ip:udp:bat.gw,4
eth:ethertype:ip:udp:who,4
eth:ethertype:ip:udp:quakeworld,4
eth:ethertype:ip:udp:lisp-data:ipv6:nhrp,4
eth:ethertype:ip:udp:rpc:nfs,4
eth:ethertype:ip:udp:opensafety_udp,3
eth:ethertype:ip:udp:a11,3
eth:ethertype:ip:udp:ipx,3
eth:ethertype:ip:udp:quake,3
eth:ethertype:ip:udp:ieee1722:iec61883,3
eth:ethertype:ip:udp:jmirror:ipv6:ah:data,3
eth:ethertype:ip:udp:lisp-data:ipv6:ipv6.routing,3
eth:ethertype:ip:udp:jmirror:ipv6,3
eth:ethertype:ip:udp:dcp-etsi:dcp-af,3
eth:ethertype:ip:udp:ayiya:dsr:ipv6.hopopts:ipv6.hopopts,3
eth:ethertype:ip:udp:adwin,3
eth:ethertype:ip:udp:lisp-data:ipv6:vrrp,3
eth:ethertype:ip:udp:gre:wlan,3
eth:ethertype:ip:udp:wccp,2
eth:ethertype:ip:udp:ptp,2
eth:ethertype:ip:udp:mpls:ipv6:data,2
eth:ethertype:ip:udp:acdr:data,2
eth:ethertype:ip:udp:tapa,2
eth:ethertype:ip:udp:dtls:x509sat:x509sat:x509sat:x509sat:x509sat:x509sat:x509sat:x509sat:x509sat:x509sat:x509sat:x509ce:x509ce:x509ce:x509ce,2
eth:ethertype:ip:udp:mp2t,2
eth:ethertype:ip:udp:lisp-data:ipv6:dsr:sctp,2
eth:ethertype:ip:udp:jmirror:ipv6:esp,2
eth:ethertype:ip:udp:jmirror:ip:data,2
eth:ethertype:ip:udp:jmirror:ipv6:swipe:data,2
eth:ethertype:ip:udp:lisp-data:ipv6:osi:data,2
eth:ethertype:ip:udp:lbtrm,2
eth:ethertype:ip:udp:ltp:data,2
eth:ethertype:ip:udp:dvb_ipdc:alc:rmt-lct,2
eth:ethertype:ip:udp:mpls:ip,2
eth:ethertype:ip:udp:mpls:pwethheuristic:pwethcw:eth:ethertype:data,2
eth:ethertype:ip:udp:armagetronad,2
eth:ethertype:ip:udp:vxlan,2
eth:ethertype:ip:udp:lisp-data:ipv6:eigrp,2
eth:ethertype:ip:udp:vxlan:eth:llc:data,2
eth:ethertype:ip:udp:capwap.data:data,2
eth:ethertype:ip:udp:dtls:x509sat:x509sat:x509sat:x509sat,2
eth:ethertype:ip:udp:llc:hpext:data,2
eth:ethertype:ip:udp:lisp-data:ipv6:ospf,2
eth:ethertype:ip:udp:ecatf,2
eth:ethertype:ip:udp:ieee1722,2
eth:ethertype:ip:udp:lisp-data:ipv6:ipcomp:data,2
eth:ethertype:ip:udp:lisp-data:ipv6:pim,2
eth:ethertype:ip:udp:udpencap,1
eth:ethertype:ip:udp:eth:llc:data,1
eth:ethertype:ip:udp:teredo:ipv6:data,1
eth:ethertype:ip:udp:aodv,1
eth:ethertype:ip:udp:jmirror:ipv6:pim,1
eth:ethertype:ip:udp:jmirror:ipv6:lwl4,1
eth:ethertype:ip:udp:jmirror:ipv6:etherip:eth:llc,1
eth:ethertype:ip:udp:jmirror:ipv6:gre:data,1
eth:ethertype:ip:udp:jmirror:ipv6:dsr,1
eth:ethertype:ip:udp:tzsp:eth:ethertype:data,1
eth:ethertype:ip:udp:cpfi,1
eth:ethertype:ip:udp:bat.vis,1
eth:ethertype:ip:udp:actrace,1
eth:ethertype:ip:udp:mpls:ip:data,1
eth:ethertype:ip:udp:mpls:pwach:data,1
eth:ethertype:ip:udp:bundle,1
eth:ethertype:ip:udp:mpls:ipv6,1
eth:ethertype:ip:udp:lisp-data:ipv6:l2tp:data,1
eth:ethertype:ip:udp:lisp-data:ipv6:ah,1
eth:ethertype:ip:udp:edonkey,1
eth:ethertype:ip:udp:tipc:data,1
eth:ethertype:ip:udp:coap:data-text-lines,1
eth:ethertype:ip:udp:epl:data,1
eth:ethertype:ip:udp:nxp_802154_sniffer:wpan:data:data,1
eth:ethertype:ip:udp:lisp-data:ipv6:dsr:data,1
eth:ethertype:ip:udp:lisp-data:ipv6:etherip:eth:llc,1
eth:ethertype:ip:udp:megaco,1
eth:ethertype:ip:udp:hip,1
eth:ethertype:ip:udp:lisp-data:ipv6:gre,1
eth:ethertype:ip:udp:lisp-data:ipv6:esp,1
eth:ethertype:ip:udp:mpls:pwethheuristic:pwethnocw:eth:ethertype:data,1
eth:ethertype:ip:udp:llc:rpl:data:data,1
eth:ethertype:ip:udp:sflow,1
eth:ethertype:ip:udp:rmcp:asf:data,1
eth:ethertype:ip:udp:llc:sna:data,1
eth:ethertype:ip:udp:amt:ip:ipv6:data,1
