eth:ethertype:ip:udp:data,14352264
eth:ethertype:ip:udp:stun,7379462
eth:ethertype:ip:udp:syslog,3973583
eth:ethertype:ip:udp:dns,3828079
eth:ethertype:ip:udp:snmp,1939304
eth:ethertype:ip:udp:ntp,1807636
eth:ethertype:ip:data,936667
eth:ethertype:ip:udp:nbns,442354
eth:ethertype:ip:udp:sip,388914
eth:ethertype:ip:udp:isakmp,156739
eth:ethertype:ip:udp:cflow,139374
eth:ethertype:ip:udp:coap,130649
eth:ethertype:ip:udp:cldap,100705
eth:ethertype:ip:udp:rpc,98828
eth:ethertype:ip:udp:sip:xml,92953
eth:ethertype:ip:udp:ssdp,91289
eth:ethertype:ip:udp:mdns,84108
eth:ethertype:ip:udp:memcache,65295
eth:ethertype:ip:udp:dtls,64388
eth:ethertype:ip:udp,63904
eth:ethertype:ip:udp:portcontrol,48932
eth:ethertype:ip:udp:sip:data-text-lines,48620
eth:ethertype:ip:udp:openvpn,47703
eth:ethertype:ip:udp:bvlc:bacnet:bacapp,47142
eth:ethertype:ip:udp:l2tp,45045
eth:ethertype:ip:udp:capwap,43567
eth:ethertype:ip:udp:srvloc,40748
eth:ethertype:ip:udp:udpencap:esp,34274
eth:ethertype:ip:udp:dhcp,33738
eth:ethertype:ip:udp:gtp,29830
eth:ethertype:ip:udp:quake3,28744
eth:ethertype:ip:udp:chargen,28144
eth:ethertype:ip:udp:quic:tls,25427
eth:ethertype:ip:udp:radius,22022
eth:ethertype:ip:udp:xdmcp,21993
eth:ethertype:ip:udp:gquic,19168
eth:ethertype:ip:udp:kerberos,17873
eth:ethertype:ip:udp:steam_ihs_discovery,17592
eth:ethertype:ip:udp:rdpudp,16135
eth:ethertype:ip:udp:udpencap:isakmp,16039
eth:ethertype:ip:udp:lwapp:data,15577
eth:ethertype:ip:udp:rip,14902
eth:ethertype:ip:udp:hart_ip,14729
eth:ethertype:ip:udp:kip,13828
eth:ethertype:ip:udp:enip,12976
eth:ethertype:ip:udp:rmcp:ipmi_session:data,12634
eth:ethertype:ip:udp:classicstun,12561
eth:ethertype:ip:udp:echo,12316
eth:ethertype:ip:udp:omron,11427
eth:ethertype:ip:udp:gtp:gtpv2,11362
eth:ethertype:ip:udp:time,11270
eth:ethertype:ip:udp:daytime,10918
eth:ethertype:ip:udp:tftp,10394
eth:ethertype:ip:udp:rtcp,8614
eth:ethertype:ip:udp:bfd,8392
eth:ethertype:ip:udp:nbdgm:smb:browser,7641
eth:ethertype:ip:udp:ecatf:ecat,7430
eth:ethertype:ip:udp:iax2,3917
eth:ethertype:ip:udp:teredo:ipv6,3805
eth:ethertype:ip:udp:mgcp,3777
eth:ethertype:ip:udp:rpc:data,3588
eth:ethertype:ip:udp:quic,3473
eth:ethertype:ip:udp:llmnr,3367
eth:ethertype:ip:udp:coap:data,3258
eth:ethertype:ip:udp:rmcp:asf,3150
eth:ethertype:ip:udp:raknet:raknet,1900
eth:ethertype:ip:udp:rtps,1290
eth:ethertype:ip:udp:gtpprime,1252
eth:ethertype:ip:udp:cipio,1238
eth:ethertype:ip:udp:dof,1072
eth:ethertype:ip:udp:tacacs,1055
eth:ethertype:ip:udp:dis,1039
eth:ethertype:ip:udp:quake3:data,1007
eth:ethertype:ip:udp:teredo:ipv6:icmpv6,975
eth:ethertype:ip:udp:radius:eap,806
eth:ethertype:ip:udp:llc:data,796
eth:ethertype:ip:udp:pn_rt:pn_ptcp,680
eth:ethertype:ip:udp:llc,638
eth:ethertype:ip:udp:wisun.eapol_relay:eapol:data,635
eth:ethertype:ip:udp:corosync_totemnet:data,631
eth:ethertype:ip:udp:ssdp:data,600
eth:ethertype:ip:udp:asterix,508
eth:ethertype:ip:udp:idn,500
eth:ethertype:ip:udp:h248,474
eth:ethertype:ip:udp:doip,442
eth:ethertype:ip:udp:elasticsearch,391
eth:ethertype:ip:udp:hcrt,389
eth:ethertype:ip:udp:h501,385
eth:ethertype:ip:udp:ecmp,372
eth:ethertype:ip:udp:wtp,360
eth:ethertype:ip:udp:wsp,348
eth:ethertype:ip:udp:rdt,347
eth:ethertype:ip:udp:mpls-echo,337
eth:ethertype:ip:udp:gre:data,329
eth:ethertype:ip:udp:amt,288
eth:ethertype:ip:udp:knet,279
eth:ethertype:ip:udp:raknet:raknet:raknet,276
eth:ethertype:ip:udp:mint,273
eth:ethertype:ip:udp:ajns,270
eth:ethertype:ip:udp:rsvp,257
eth:ethertype:ip:udp:cnip,251
eth:ethertype:ip:udp:sabp:sabp,248
eth:ethertype:ip:udp:kink,244
eth:ethertype:ip:udp:ulp,244
eth:ethertype:ip:udp:h225,233
eth:ethertype:ip:udp:iax2:data,232
eth:ethertype:ip:udp:megaco:data,229
eth:ethertype:ip:udp:opensafety:data,229
eth:ethertype:ip:udp:icp,226
eth:ethertype:ip:udp:raknet,220
eth:ethertype:ip:udp:geneve:data,215
eth:ethertype:ip:udp:wtls,213
eth:ethertype:ip:udp:adp,213
eth:ethertype:ip:udp:vuze-dht,209
eth:ethertype:ip:udp:ipvs,207
eth:ethertype:ip:udp:quake:data,206
eth:ethertype:ip:udp:vxlan:eth:llc:data,203
eth:ethertype:ip:udp:iapp,198
eth:ethertype:ip:udp:bat.vis:data,192
eth:ethertype:ip:udp:teredo:data,189
eth:ethertype:ip:udp:gsmtap:data,182
eth:ethertype:ip:udp:vrt,179
eth:ethertype:ip:udp:opensafety_udp:data,170
eth:ethertype:ip:udp:tzsp,161
eth:ethertype:ip:udp:ax4000,161
eth:ethertype:ip:udp:mikey,160
eth:ethertype:ip:udp:infiniband:data,157
eth:ethertype:ip:udp:ts2,154
eth:ethertype:ip:udp:ayiya,148
eth:ethertype:ip:udp:udt,142
eth:ethertype:ip:udp:mih,131
eth:ethertype:ip:udp:scop:data,123
eth:ethertype:ip:udp:wg,111
eth:ethertype:ip:udp:ecatf:data,106
eth:ethertype:ip:udp:bjnp,106
eth:ethertype:ip:udp:uaudp,94
eth:ethertype:ip:udp:ieee1722:data,93
eth:ethertype:ip:udp:manolito,88
eth:ethertype:ip:udp:sctp,88
eth:ethertype:ip:udp:tetra,85
eth:ethertype:ip:udp:sap,74
eth:ethertype:ip:udp:ath,72
eth:ethertype:ip:udp:db-lsp-disc,71
eth:ethertype:ip:udp:mpls:data,71
eth:ethertype:ip:udp:mip,71
eth:ethertype:ip:udp:egd:data,68
eth:ethertype:ip:udp:papi,63
eth:ethertype:ip:udp:bat:data,61
eth:ethertype:ip:udp:gprs-ns,61
eth:ethertype:ip:udp:kdp,60
eth:ethertype:ip:udp:tipc,60
eth:ethertype:ip:udp:pktc,58
eth:ethertype:ip:udp:mipv6,57
eth:ethertype:ip:udp:dpnet,55
eth:ethertype:ip:udp:ardp,55
eth:ethertype:ip:udp:stun:data,55
eth:ethertype:ip:udp:hiqnet,54
eth:ethertype:ip:udp:bat.gw:data,54
eth:ethertype:ip:udp:nano,53
eth:ethertype:ip:udp:c1222,53
eth:ethertype:ip:udp:a21,53
eth:ethertype:ip:udp:lisp-data,48
eth:ethertype:ip:udp:rsip,48
eth:ethertype:ip:udp:bfd_echo,47
eth:ethertype:ip:udp:msproxy,45
eth:ethertype:ip:udp:wlccp,45
eth:ethertype:ip:udp:enrp,45
eth:ethertype:ip:udp:collectd,44
eth:ethertype:ip:udp:pn_rt:pn_io,43
eth:ethertype:ip:udp:lwapp:wlan,43
eth:ethertype:ip:udp:asap,42
eth:ethertype:ip:udp:pktc.mtafqdn,41
eth:ethertype:ip:udp:sabp,39
eth:ethertype:ip:udp:nxp_802154_sniffer,37
eth:ethertype:ip:udp:dvb_ipdc:data,36
eth:ethertype:ip:udp:nxp_802154_sniffer:wpan,35
eth:ethertype:ip:udp:dcc,34
eth:ethertype:ip:udp:tplink-smarthome:json:data-text-lines,31
eth:ethertype:ip:udp:mpls:ipv6:ipv6.hopopts,28
eth:ethertype:ip:udp:pfcp,27
eth:ethertype:ip:udp:mpls:ipv6:data,26
eth:ethertype:ip:udp:gsmtap,26
eth:ethertype:ip:udp:mpls:ip:data,26
eth:ethertype:ip:udp:quake2:data,25
eth:ethertype:ip:udp:quakeworld:data,25
eth:ethertype:ip:udp:mpls:pwethheuristic:pwethcw:eth:ethertype:data,23
eth:ethertype:ip:udp:cnip:data,22
eth:ethertype:ip:udp:vxlan:eth:ethertype:data,22
eth:ethertype:ip:udp:infiniband,21
eth:ethertype:ip:udp:geneve,21
eth:ethertype:ip:udp:mpls:ip,19
eth:ethertype:ip:udp:gre,19
eth:ethertype:ip:udp:nbdgm,19
eth:ethertype:ip:udp:lwapp:wlan:data,19
eth:ethertype:ip:udp:eth:ethertype:data,18
eth:ethertype:ip:udp:goose:cotp,18
eth:ethertype:ip:udp:rx,17
eth:ethertype:ip:udp:lisp-data:ipv6:data,17
eth:ethertype:ip:udp:kpasswd,16
eth:ethertype:ip:udp:thrift,16
eth:ethertype:ip:udp:capwap.data,15
eth:ethertype:ip:udp:wol,15
eth:ethertype:ip:udp:data:vssmonitoring,14
eth:ethertype:ip:udp:sap:sdp,14
eth:ethertype:ip:udp:dhcpv6,13
eth:ethertype:ip:udp:slimp3,13
eth:ethertype:ip:udp:rsp,13
eth:ethertype:ip:udp:lisp:data,13
eth:ethertype:ip:udp:lisp,11
eth:ethertype:ip:udp:egd,11
eth:ethertype:ip:udp:pn_rt,11
eth:ethertype:ip:udp:ecatf:tc_nv,11
eth:ethertype:ip:udp:ltp,11
eth:ethertype:ip:udp:ripng,11
eth:ethertype:ip:udp:auto_rp,11
eth:ethertype:ip:udp:sbus,11
eth:ethertype:ip:udp:wtp:wsp,10
eth:ethertype:ip:udp:gprs-ns:bssgp,10
eth:ethertype:ip:udp:quake2,10
eth:ethertype:ip:udp:sabp:sabp:sabp,10
eth:ethertype:ip:udp:ecatf:ioraw,9
eth:ethertype:ip:udp:vxlan:eth,9
eth:ethertype:ip:udp:dmp,9
eth:ethertype:ip:udp:eth,9
eth:ethertype:ip:udp:lmp,9
eth:ethertype:ip:udp:xyplex,8
eth:ethertype:ip:udp:ncp,8
eth:ethertype:ip:udp:who,8
eth:ethertype:ip:udp:amt:ip,8
eth:ethertype:ip:udp:mndp,8
eth:ethertype:ip:udp:lwres,8
eth:ethertype:ip:udp:sip:sigcomp,7
eth:ethertype:ip:udp:wisun.eapol_relay:eapol,7
eth:ethertype:ip:udp:tzsp:data,7
eth:ethertype:ip:udp:find,6
eth:ethertype:ip:udp:dlsw,6
eth:ethertype:ip:udp:quakeworld,6
eth:ethertype:ip:udp:capwap:dtls,6
eth:ethertype:ip:udp:wisun.eapol_relay,6
eth:ethertype:ip:udp:lbtrm,6
eth:ethertype:ip:udp:scop,6
eth:ethertype:ip:udp:rtpproxy,6
eth:ethertype:ip:udp:capwap.data:dtls,6
eth:ethertype:ip:udp:rx:afs,6
eth:ethertype:ip:udp:dvb_ipdc:alc:rmt-lct,5
eth:ethertype:ip:udp:ieee1722:iec61883,5
eth:ethertype:ip:udp:rdpudp:dtls,5
eth:ethertype:ip:udp:lwapp,5
eth:ethertype:ip:udp:dcp-etsi:dcp-af,5
eth:ethertype:ip:udp:nxp_802154_sniffer:wpan:data,5
eth:ethertype:ip:udp:dlep,5
eth:ethertype:ip:udp:tpcp,5
eth:ethertype:ip:udp:mpls:ipv6,4
eth:ethertype:ip:udp:tsp,4
eth:ethertype:ip:udp:cups,4
eth:ethertype:ip:udp:ieee1722,4
eth:ethertype:ip:udp:sigcomp,4
eth:ethertype:ip:udp:acdr,4
eth:ethertype:ip:udp:pathport,4
eth:ethertype:ip:udp:ipx:data,4
eth:ethertype:ip:udp:packetbb,4
eth:ethertype:ip:udp:mpls,4
eth:ethertype:ip:udp:lisp-data:ip:data,4
eth:ethertype:ip:udp:lisp-data:ip,4
eth:ethertype:ip:udp:armagetronad,3
eth:ethertype:ip:udp:goose:cotp:goose,3
eth:ethertype:ip:udp:mdns:vssmonitoring,3
eth:ethertype:ip:udp:llc:sna:data,3
eth:ethertype:ip:udp:quake,3
eth:ethertype:ip:udp:scop:wpan,3
eth:ethertype:ip:udp:aodv,3
eth:ethertype:ip:udp:cnip:lon,3
eth:ethertype:ip:udp:dvb_ipdc:alc:data,3
eth:ethertype:ip:udp:dtls:x509sat:x509sat:x509sat:x509sat,3
eth:ethertype:ip:udp:ptp,2
eth:ethertype:ip:udp:rdpudp:tls,2
eth:ethertype:ip:udp:sflow,2
eth:ethertype:ip:udp:capwap.data:data,2
eth:ethertype:ip:udp:olsr,2
eth:ethertype:ip:udp:adwin,2
eth:ethertype:ip:udp:a11,2
eth:ethertype:ip:udp:l2tp:data,2
eth:ethertype:ip:udp:ecatf,2
eth:ethertype:ip:udp:dcp-etsi:dcp-pft,2
eth:ethertype:ip:udp:vxlan,2
eth:ethertype:ip:udp:ecatf:ecat_mailbox,1
eth:ethertype:ip:udp:capwap.data:eth:ethertype:data,1
eth:ethertype:ip:udp:coap:data-text-lines,1
eth:ethertype:ip:udp:ipx,1
eth:ethertype:ip:udp:mpls:pwethheuristic:pwethnocw:eth:ethertype:data,1
eth:ethertype:ip:udp:llc:osi:data,1
eth:ethertype:ip:udp:capwap.data:eth,1
eth:ethertype:ip:udp:dvb_ipdc:alc:rmt-lct:data,1
eth:ethertype:ip:udp:mint:eth:ethertype:data,1
eth:ethertype:ip:udp:mpls:pwethheuristic:pwethcw:eth,1
eth:ethertype:ip:udp:msmms,1
eth:ethertype:ip:udp:ecatf:ams,1
eth:ethertype:ip:udp:ddtp,1
eth:ethertype:ip:udp:ltp:data,1
eth:ethertype:ip:udp:teredo,1
eth:ethertype:ip:udp:bat.gw:ip,1
eth:ethertype:ip:udp:acdr:data,1
eth:ethertype:ip:udp:capwap.data:eth:llc:data,1
eth:ethertype:ip:udp:lisp-data:ipv6:vrrp,1
eth:ethertype:ip:udp:lisp-data:ipv6:ah,1
eth:ethertype:ip:udp:lisp-data:ipv6:etherip:eth:ethertype:data,1
eth:ethertype:ip:udp:ip,1
eth:ethertype:ip:udp:lisp-data:ipv6:nhrp,1
eth:ethertype:ip:udp:udpencap,1
eth:ethertype:ip:udp:mpls:ipv6:vrrp,1
eth:ethertype:ip:udp:mpls:ipv6:gre:data,1
eth:ethertype:ip:udp:mpls:ipv6:ospf,1
eth:ethertype:ip:udp:mpls:ipv6:esp,1
eth:ethertype:ip:udp:mpls:ipv6:lwl4,1
eth:ethertype:ip:udp:mpls:ipv6:ipcomp:data,1
eth:ethertype:ip:udp:bat.gw,1
eth:ethertype:ip:udp:mpls:pwach:data,1
eth:ethertype:ip:udp:eth:llc,1
eth:ethertype:ip:udp:ieee1722:aaf,1
eth:ethertype:ip:udp:memcache:vssmonitoring,1
eth:ethertype:ip:udp:opensafety_udp,1
eth:ethertype:ip:udp:stun:tftp:data,1
eth:ethertype:ip:udp:l2tp:ppp:data,1
eth:ethertype:ip:udp:bat.vis,1
eth:ethertype:ip:udp:actrace,1
eth:ethertype:ip:udp:tapa,1
eth:ethertype:ip:udp:tzsp:eth:ethertype:data,1
eth:ethertype:ip:udp:teredo:ipv6:data,1
eth:ethertype:ip:udp:amt:ip:ipv6:data,1
eth:ethertype:ip:udp:edonkey,1
eth:ethertype:ip:udp:db-lsp-disc:json:data-text-lines,1
