eth:ethertype:ip:udp:data,12773240
eth:ethertype:ip:udp:stun,6433572
eth:ethertype:ip:udp:syslog,4328954
eth:ethertype:ip:udp:dns,4270231
eth:ethertype:ip:udp:ntp,2029584
eth:ethertype:ip:udp:snmp,1903868
eth:ethertype:ip:data,1149242
eth:ethertype:ip:udp:nbns,572373
eth:ethertype:ip:udp:sip,337080
eth:ethertype:ip:udp:cldap,182672
eth:ethertype:ip:udp:cflow,175082
eth:ethertype:ip:udp:isakmp,159764
eth:ethertype:ip:udp:mdns,98567
eth:ethertype:ip:udp:sip:xml,97187
eth:ethertype:ip:udp:ssdp,89356
eth:ethertype:ip:udp:coap,79760
eth:ethertype:ip:udp:rpc,74653
eth:ethertype:ip:udp:memcache,57325
eth:ethertype:ip:udp:dtls,54031
eth:ethertype:ip:udp:openvpn,52955
eth:ethertype:ip:udp:sip:data-text-lines,50274
eth:ethertype:ip:udp:srvloc,44118
eth:ethertype:ip:udp,42957
eth:ethertype:ip:udp:portcontrol,42863
eth:ethertype:ip:udp:capwap,41510
eth:ethertype:ip:udp:gtp,38268
eth:ethertype:ip:udp:bvlc:bacnet:bacapp,34864
eth:ethertype:ip:udp:dhcp,34854
eth:ethertype:ip:udp:rip,32033
eth:ethertype:ip:udp:l2tp,29517
eth:ethertype:ip:udp:xdmcp,28980
eth:ethertype:ip:udp:quake3,26735
eth:ethertype:ip:udp:quic:tls,25958
eth:ethertype:ip:udp:udpencap:esp,25062
eth:ethertype:ip:udp:tftp,21663
eth:ethertype:ip:udp:gquic,19684
eth:ethertype:ip:udp:kerberos,18941
eth:ethertype:ip:udp:bfd,17382
eth:ethertype:ip:udp:lwapp:data,16455
eth:ethertype:ip:udp:gtp:gtpv2,15825
eth:ethertype:ip:udp:chargen,15654
eth:ethertype:ip:udp:rdpudp,14835
eth:ethertype:ip:udp:radius,14736
eth:ethertype:ip:udp:hart_ip,14590
eth:ethertype:ip:udp:rmcp:ipmi_session:data,13822
eth:ethertype:ip:udp:echo,13804
eth:ethertype:ip:udp:time,13366
eth:ethertype:ip:udp:classicstun,13320
eth:ethertype:ip:udp:omron,12550
eth:ethertype:ip:udp:nbdgm:smb:browser,12417
eth:ethertype:ip:udp:enip,12126
eth:ethertype:ip:udp:rpc:data,10483
eth:ethertype:ip:udp:daytime,10277
eth:ethertype:ip:udp:ecatf:ecat,10225
eth:ethertype:ip:udp:steam_ihs_discovery,9355
eth:ethertype:ip:udp:rtcp,7875
eth:ethertype:ip:udp:quic,7805
eth:ethertype:ip:udp:udpencap:isakmp,6491
eth:ethertype:ip:udp:gsmtap:data,6088
eth:ethertype:ip:udp:kip,5859
eth:ethertype:ip:udp:mgcp,5471
eth:ethertype:ip:udp:teredo:ipv6,4007
eth:ethertype:ip:udp:coap:data,3607
eth:ethertype:ip:udp:rmcp:asf,3348
eth:ethertype:ip:udp:llmnr,3185
eth:ethertype:ip:udp:iax2,3161
eth:ethertype:ip:udp:dis,2207
eth:ethertype:ip:udp:wsp,1958
eth:ethertype:ip:udp:raknet:raknet,1786
eth:ethertype:ip:udp:teredo:ipv6:icmpv6,1348
eth:ethertype:ip:udp:cipio,1221
eth:ethertype:ip:udp:gtpprime,1122
eth:ethertype:ip:udp:rtps,1081
eth:ethertype:ip:udp:bjnp,921
eth:ethertype:ip:udp:wisun.eapol_relay:eapol:data,850
eth:ethertype:ip:udp:quake3:data,681
eth:ethertype:ip:udp:ssdp:data,643
eth:ethertype:ip:udp:wtls,619
eth:ethertype:ip:udp:llc:data,573
eth:ethertype:ip:udp:dof,485
eth:ethertype:ip:udp:nxp_802154_sniffer:wpan,462
eth:ethertype:ip:udp:pn_rt:pn_ptcp,368
eth:ethertype:ip:udp:hcrt,365
eth:ethertype:ip:udp:rsip,339
eth:ethertype:ip:udp:raknet:raknet:raknet,334
eth:ethertype:ip:udp:scop:data,331
eth:ethertype:ip:udp:ath,329
eth:ethertype:ip:udp:opensafety:data,305
eth:ethertype:ip:udp:wg,302
eth:ethertype:ip:udp:rx,298
eth:ethertype:ip:udp:vrt,264
eth:ethertype:ip:udp:radius:eap,255
eth:ethertype:ip:udp:asterix,246
eth:ethertype:ip:udp:iapp,240
eth:ethertype:ip:udp:hiqnet,238
eth:ethertype:ip:udp:elasticsearch,238
eth:ethertype:ip:udp:cnip,230
eth:ethertype:ip:udp:uaudp,224
eth:ethertype:ip:udp:gprs-ns:bssgp,222
eth:ethertype:ip:udp:kink,221
eth:ethertype:ip:udp:asap,215
eth:ethertype:ip:udp:sbus,214
eth:ethertype:ip:udp:adwin,211
eth:ethertype:ip:udp:papi,209
eth:ethertype:ip:udp:pktc.mtafqdn,209
eth:ethertype:ip:udp:ipvs,206
eth:ethertype:ip:udp:bfd_echo,202
eth:ethertype:ip:udp:wtp,189
eth:ethertype:ip:udp:doip,175
eth:ethertype:ip:udp:mint,174
eth:ethertype:ip:udp:gre:data,174
eth:ethertype:ip:udp:wol,169
eth:ethertype:ip:udp:opensafety_udp:data,168
eth:ethertype:ip:udp:corosync_totemnet:data,167
eth:ethertype:ip:udp:wlccp,166
eth:ethertype:ip:udp:dvb_ipdc:data,165
eth:ethertype:ip:udp:lisp:data,165
eth:ethertype:ip:udp:ecatf:data,163
eth:ethertype:ip:udp:h225,162
eth:ethertype:ip:udp:db-lsp-disc,153
eth:ethertype:ip:udp:h501,149
eth:ethertype:ip:udp:ecmp,143
eth:ethertype:ip:udp:lwapp:wlan,139
eth:ethertype:ip:udp:mipv6,134
eth:ethertype:ip:udp:icp,130
eth:ethertype:ip:udp:sabp:sabp,113
eth:ethertype:ip:udp:dmp,112
eth:ethertype:ip:udp:teredo:data,110
eth:ethertype:ip:udp:c1222,108
eth:ethertype:ip:udp:gprs-ns,108
eth:ethertype:ip:udp:quake2:data,108
eth:ethertype:ip:udp:bat.gw:data,105
eth:ethertype:ip:udp:a21,101
eth:ethertype:ip:udp:tacacs,100
eth:ethertype:ip:udp:iax2:data,100
eth:ethertype:ip:udp:dpnet,98
eth:ethertype:ip:udp:bat:data,97
eth:ethertype:ip:udp:ayiya,90
eth:ethertype:ip:udp:ieee1722:data,89
eth:ethertype:ip:udp:lwapp:wlan:data,86
eth:ethertype:ip:udp:bat.vis:data,85
eth:ethertype:ip:udp:tplink-smarthome:json:data-text-lines,81
eth:ethertype:ip:udp:megaco:data,80
eth:ethertype:ip:udp:quakeworld:data,80
eth:ethertype:ip:udp:amt,80
eth:ethertype:ip:udp:rsvp,77
eth:ethertype:ip:udp:goose:cotp,75
eth:ethertype:ip:udp:eth:ethertype:data,74
eth:ethertype:ip:udp:infiniband,73
eth:ethertype:ip:udp:sctp,71
eth:ethertype:ip:udp:ecatf:tc_nv,70
eth:ethertype:ip:udp:pktc,69
eth:ethertype:ip:udp:ax4000,67
eth:ethertype:ip:udp:rdt,66
eth:ethertype:ip:udp:ulp,64
eth:ethertype:ip:udp:tzsp,63
eth:ethertype:ip:udp:tipc,63
eth:ethertype:ip:udp:tetra,62
eth:ethertype:ip:udp:manolito,62
eth:ethertype:ip:udp:kdp,61
eth:ethertype:ip:udp:h248,61
eth:ethertype:ip:udp:egd:data,61
eth:ethertype:ip:udp:knet,60
eth:ethertype:ip:udp:mikey,60
eth:ethertype:ip:udp:quake:data,58
eth:ethertype:ip:udp:idn,58
eth:ethertype:ip:udp:collectd,57
eth:ethertype:ip:udp:vuze-dht,56
eth:ethertype:ip:udp:raknet,54
eth:ethertype:ip:udp:pn_rt:pn_io,52
eth:ethertype:ip:udp:sap,50
eth:ethertype:ip:udp:ajns,50
eth:ethertype:ip:udp:adp,50
eth:ethertype:ip:udp:lisp-data,50
eth:ethertype:ip:udp:ts2,50
eth:ethertype:ip:udp:rpc:portmap,50
eth:ethertype:ip:udp:sabp,49
eth:ethertype:ip:udp:lisp,48
eth:ethertype:ip:udp:pfcp,45
eth:ethertype:ip:udp:nano,45
eth:ethertype:ip:udp:geneve:data,44
eth:ethertype:ip:udp:mih,43
eth:ethertype:ip:udp:dcc,41
eth:ethertype:ip:udp:msproxy,39
eth:ethertype:ip:udp:geneve,36
eth:ethertype:ip:udp:enrp,35
eth:ethertype:ip:udp:nxp_802154_sniffer,35
eth:ethertype:ip:udp:data:vssmonitoring,30
eth:ethertype:ip:udp:gre,28
eth:ethertype:ip:udp:capwap.data,27
eth:ethertype:ip:udp:mpls-echo,27
eth:ethertype:ip:udp:wtp:wsp,26
eth:ethertype:ip:udp:stun:data,25
eth:ethertype:ip:udp:rx:afs,23
eth:ethertype:ip:udp:cnip:data,22
eth:ethertype:ip:udp:mpls:data,21
eth:ethertype:ip:udp:wisun.eapol_relay,21
eth:ethertype:ip:udp:llc,20
eth:ethertype:ip:udp:pn_rt,19
eth:ethertype:ip:udp:ardp,19
eth:ethertype:ip:udp:gsmtap,18
eth:ethertype:ip:udp:egd,18
eth:ethertype:ip:udp:thrift,16
eth:ethertype:ip:udp:capwap:dtls,16
eth:ethertype:ip:udp:vxlan:eth,15
eth:ethertype:ip:udp:vxlan:eth:ethertype:data,15
eth:ethertype:ip:udp:ltp,14
eth:ethertype:ip:udp:mpls,14
eth:ethertype:ip:udp:infiniband:data,14
eth:ethertype:ip:udp:capwap.data:dtls,14
eth:ethertype:ip:udp:rsp,13
eth:ethertype:ip:udp:dhcpv6,12
eth:ethertype:ip:udp:dcp-etsi:dcp-pft,12
eth:ethertype:ip:udp:quake2,11
eth:ethertype:ip:udp:ecatf:ioraw,11
eth:ethertype:ip:udp:rtpproxy,11
eth:ethertype:ip:udp:ipx,11
eth:ethertype:ip:udp:mpls:ipv6,11
eth:ethertype:ip:udp:pathport,10
eth:ethertype:ip:udp:udt,10
eth:ethertype:ip:udp:lmp,9
eth:ethertype:ip:udp:xyplex,9
eth:ethertype:ip:udp:mndp,9
eth:ethertype:ip:udp:data:f5ethtrailer,9
eth:ethertype:ip:udp:nbdgm,8
eth:ethertype:ip:udp:ripng,8
eth:ethertype:ip:udp:dlsw,8
eth:ethertype:ip:udp:quake,8
eth:ethertype:ip:udp:amt:ip,7
eth:ethertype:ip:udp:who,7
eth:ethertype:ip:udp:lwres,7
eth:ethertype:ip:udp:tsp,6
eth:ethertype:ip:udp:sip:sigcomp,6
eth:ethertype:ip:udp:dlep,6
eth:ethertype:ip:udp:kpasswd,6
eth:ethertype:ip:udp:sigcomp,6
eth:ethertype:ip:udp:dcp-etsi:dcp-af,6
eth:ethertype:ip:udp:rdpudp:tls,6
eth:ethertype:ip:udp:sap:sdp,6
eth:ethertype:ip:udp:l2tp:data,6
eth:ethertype:ip:udp:capwap.data:eth:ethertype:data,6
eth:ethertype:ip:udp:wisun.eapol_relay:eapol,5
eth:ethertype:ip:udp:acdr,5
eth:ethertype:ip:udp:ieee1722:iec61883,5
eth:ethertype:ip:udp:find,5
eth:ethertype:ip:udp:auto_rp,5
eth:ethertype:ip:udp:msmms,5
eth:ethertype:ip:udp:cigi,5
eth:ethertype:ip:udp:scop,5
eth:ethertype:ip:udp:cups,5
eth:ethertype:ip:udp:packetbb,4
eth:ethertype:ip:udp:tapa,4
eth:ethertype:ip:udp:mpls:ip,4
eth:ethertype:ip:udp:mpls:ipv6:data,4
eth:ethertype:ip:udp:udpencap,4
eth:ethertype:ip:udp:ipx:data,4
eth:ethertype:ip:udp:slimp3,4
eth:ethertype:ip:udp:lwapp,4
eth:ethertype:ip:udp:eth,4
eth:ethertype:ip:udp:mpls:pwethheuristic:pwethcw:eth:ethertype:data,4
eth:ethertype:ip:udp:sabp:sabp:sabp,4
eth:ethertype:ip:udp:ncp,4
eth:ethertype:ip:udp:ptp,3
eth:ethertype:ip:udp:teredo,3
eth:ethertype:ip:udp:tpcp,3
eth:ethertype:ip:udp:ieee1722,3
eth:ethertype:ip:udp:mip,3
eth:ethertype:ip:udp:llc:sna:data,3
eth:ethertype:ip:udp:nxp_802154_sniffer:wpan:data,3
eth:ethertype:ip:udp:mpls:pwethheuristic:pwethnocw:eth:ethertype:data,3
eth:ethertype:ip:udp:dvb_ipdc:alc:data,3
eth:ethertype:ip:udp:bat.gw,3
eth:ethertype:ip:udp:gsmtap:lapsat,3
eth:ethertype:ip:udp:dvb_ipdc:alc:rmt-lct,2
eth:ethertype:ip:udp:mpls:pwethheuristic:pwethcw:eth:llc:data,2
eth:ethertype:ip:udp:l2tp:ppp:data,2
eth:ethertype:ip:udp:lbtrm,2
eth:ethertype:ip:udp:cpfi,2
eth:ethertype:ip:udp:scop:wpan,2
eth:ethertype:ip:udp:quakeworld,2
eth:ethertype:ip:udp:megaco,2
eth:ethertype:ip:udp:lisp-data:ipv6:data,2
eth:ethertype:ip:udp:capwap.data:data,2
eth:ethertype:ip:udp:rdpudp:dtls,2
eth:ethertype:ip:udp:vxlan,1
eth:ethertype:ip:udp:actrace,1
eth:ethertype:ip:udp:epl,1
eth:ethertype:ip:udp:jmirror:ipv6:data,1
eth:ethertype:ip:udp:llc:osi:data,1
eth:ethertype:ip:udp:llc:rpl:data:data,1
eth:ethertype:ip:udp:mpls:pwach:data,1
eth:ethertype:ip:udp:mpls:ip:data,1
eth:ethertype:ip:udp:rsp:data,1
eth:ethertype:ip:udp:acdr:data,1
eth:ethertype:ip:udp:mint:eth:ethertype:data,1
eth:ethertype:ip:udp:bat.gw:ip,1
eth:ethertype:ip:udp:ieee1722:ieee17221,1
eth:ethertype:ip:udp:h225:data,1
eth:ethertype:ip:udp:edonkey,1
eth:ethertype:ip:udp:ip,1
eth:ethertype:ip:udp:bat.vis,1
eth:ethertype:ip:udp:snmp:data,1
eth:ethertype:ip:udp:tzsp:eth:ethertype:data,1
eth:ethertype:ip:udp:llc:ip,1
eth:ethertype:ip:udp:lisp-data:ipv6,1
eth:ethertype:ip:udp:openvpn:tls,1
eth:ethertype:ip:udp:tzsp:data,1
eth:ethertype:ip:udp:ecatf:ecat_mailbox,1
eth:ethertype:ip:udp:quic:tls:tls,1
eth:ethertype:ip:udp:quic:tls:tls:tls:tls:tls:tls:tls:tls:tls,1
eth:ethertype:ip:udp:quic:tls:tls:tls:tls:tls,1
eth:ethertype:ip:udp:mpls:pwethheuristic:pwethcw:eth,1
eth:ethertype:ip:udp:olsr,1
eth:ethertype:ip:udp:dvb_ipdc:alc:rmt-lct:data,1
eth:ethertype:ip:udp:ddtp,1
eth:ethertype:ip:udp:tzsp:tr,1
eth:ethertype:ip:udp:vxlan:eth:llc:data,1
eth:ethertype:ip:udp:eth:llc:data,1
eth:ethertype:ip:udp:jmirror:ipv6,1
eth:ethertype:ip:udp:oicq,1
eth:ethertype:ip:udp:armagetronad,1
