eth:ethertype:ip:udp:stun,15877050
eth:ethertype:ip:udp:data,8668830
eth:ethertype:ip:udp:syslog,4921912
eth:ethertype:ip:udp:dns,3970808
eth:ethertype:ip:udp:snmp,2438082
eth:ethertype:ip:udp:ntp,2049041
eth:ethertype:ip:data,1153209
eth:ethertype:ip:udp:sip,977620
eth:ethertype:ip:udp:nbns,781176
eth:ethertype:ip:udp:cldap,210333
eth:ethertype:ip:udp:coap,209215
eth:ethertype:ip:udp:cflow,162356
eth:ethertype:ip:udp:rpc,110420
eth:ethertype:ip:udp:sip:xml,101864
eth:ethertype:ip:udp:dtls,91123
eth:ethertype:ip:udp:mdns,86347
eth:ethertype:ip:udp:ssdp,77457
eth:ethertype:ip:udp,75580
eth:ethertype:ip:udp:isakmp,73816
eth:ethertype:ip:udp:gtp,60205
eth:ethertype:ip:udp:memcache,58473
eth:ethertype:ip:udp:sip:data-text-lines,52721
eth:ethertype:ip:udp:srvloc,48394
eth:ethertype:ip:udp:portcontrol,47172
eth:ethertype:ip:udp:dhcp,42287
eth:ethertype:ip:udp:openvpn,42087
eth:ethertype:ip:udp:capwap,42085
eth:ethertype:ip:udp:bvlc:bacnet:bacapp,36592
eth:ethertype:ip:udp:quic:tls,26932
eth:ethertype:ip:udp:l2tp,26505
eth:ethertype:ip:udp:rmcp:ipmi_session:data,23656
eth:ethertype:ip:udp:udpencap:esp,23524
eth:ethertype:ip:udp:xdmcp,21656
eth:ethertype:ip:udp:gquic,20419
eth:ethertype:ip:udp:bfd,19779
eth:ethertype:ip:udp:kerberos,18280
eth:ethertype:ip:udp:lwapp:data,17232
eth:ethertype:ip:udp:radius,16161
eth:ethertype:ip:udp:chargen,16095
eth:ethertype:ip:udp:rdpudp,15319
eth:ethertype:ip:udp:classicstun,15114
eth:ethertype:ip:udp:enip,14388
eth:ethertype:ip:udp:quic,14363
eth:ethertype:ip:udp:tftp,14258
eth:ethertype:ip:udp:omron,13868
eth:ethertype:ip:udp:h225,13711
eth:ethertype:ip:udp:echo,13470
eth:ethertype:ip:udp:rip,12356
eth:ethertype:ip:udp:gtp:gtpv2,11442
eth:ethertype:ip:udp:rtcp,11355
eth:ethertype:ip:udp:daytime,10683
eth:ethertype:ip:udp:time,10353
eth:ethertype:ip:udp:ayiya,10270
eth:ethertype:ip:udp:quake3,10245
eth:ethertype:ip:udp:ecatf:ecat,10227
eth:ethertype:ip:udp:nbdgm:smb:browser,9395
eth:ethertype:ip:udp:steam_ihs_discovery,9367
eth:ethertype:ip:udp:kip,7619
eth:ethertype:ip:udp:udpencap:isakmp,6733
eth:ethertype:ip:udp:mgcp,6077
eth:ethertype:ip:udp:hart_ip,5784
eth:ethertype:ip:udp:iax2,3708
eth:ethertype:ip:udp:teredo:ipv6,3636
eth:ethertype:ip:udp:coap:data,3605
eth:ethertype:ip:udp:rmcp:asf,3232
eth:ethertype:ip:udp:raknet:raknet,2120
eth:ethertype:ip:udp:wsp,2069
eth:ethertype:ip:udp:wtp,2012
eth:ethertype:ip:udp:llc:data,1866
eth:ethertype:ip:udp:sigcomp,1854
eth:ethertype:ip:udp:ax4000,1735
eth:ethertype:ip:udp:teredo:ipv6:icmpv6,1410
eth:ethertype:ip:udp:a21,1396
eth:ethertype:ip:udp:cipio,1355
eth:ethertype:ip:udp:quake3:data,1327
eth:ethertype:ip:udp:gtpprime,1319
eth:ethertype:ip:udp:wtls,1231
eth:ethertype:ip:udp:kink,1216
eth:ethertype:ip:udp:dis,1186
eth:ethertype:ip:udp:radius:eap,1125
eth:ethertype:ip:udp:gprs-ns:bssgp,1076
eth:ethertype:ip:udp:rtps,1042
eth:ethertype:ip:udp:nxp_802154_sniffer:wpan,1009
eth:ethertype:ip:udp:elasticsearch,940
eth:ethertype:ip:udp:llmnr,925
eth:ethertype:ip:udp:cnip,906
eth:ethertype:ip:udp:manolito,896
eth:ethertype:ip:udp:pn_rt:pn_ptcp,873
eth:ethertype:ip:udp:bat.vis:data,818
eth:ethertype:ip:udp:sbus,791
eth:ethertype:ip:udp:sabp:sabp,781
eth:ethertype:ip:udp:ssdp:data,761
eth:ethertype:ip:udp:rdt,757
eth:ethertype:ip:udp:eth:ethertype:data,743
eth:ethertype:ip:udp:asterix,715
eth:ethertype:ip:udp:wisun.eapol_relay:eapol:data,714
eth:ethertype:ip:udp:pktc.mtafqdn,700
eth:ethertype:ip:udp:dpnet,696
eth:ethertype:ip:udp:pfcp,692
eth:ethertype:ip:udp:bat.gw:data,692
eth:ethertype:ip:udp:asap,682
eth:ethertype:ip:udp:tetra,678
eth:ethertype:ip:udp:vuze-dht,629
eth:ethertype:ip:udp:mih,598
eth:ethertype:ip:udp:hiqnet,598
eth:ethertype:ip:udp:hcrt,583
eth:ethertype:ip:udp:dof,581
eth:ethertype:ip:udp:rsvp,571
eth:ethertype:ip:udp:mint,536
eth:ethertype:ip:udp:opensafety_udp:data,529
eth:ethertype:ip:udp:tzsp,528
eth:ethertype:ip:udp:gsmtap:data,506
eth:ethertype:ip:udp:iapp,499
eth:ethertype:ip:udp:c1222,496
eth:ethertype:ip:udp:sap,493
eth:ethertype:ip:udp:kdp,453
eth:ethertype:ip:udp:dmp,449
eth:ethertype:ip:udp:tipc,424
eth:ethertype:ip:udp:iax2:data,402
eth:ethertype:ip:udp:h501,395
eth:ethertype:ip:udp:rsip,394
eth:ethertype:ip:udp:sap:sdp,394
eth:ethertype:ip:udp:vrt,373
eth:ethertype:ip:udp:ecmp,368
eth:ethertype:ip:udp:mikey,367
eth:ethertype:ip:udp:sctp,361
eth:ethertype:ip:udp:doip,356
eth:ethertype:ip:udp:lwapp:wlan,354
eth:ethertype:ip:udp:teredo:data,345
eth:ethertype:ip:udp:scop:data,334
eth:ethertype:ip:udp:amt,330
eth:ethertype:ip:udp:stun:data,330
eth:ethertype:ip:udp:raknet,323
eth:ethertype:ip:udp:lisp-data,316
eth:ethertype:ip:udp:h248,312
eth:ethertype:ip:udp:msproxy,298
eth:ethertype:ip:udp:corosync_totemnet:data,293
eth:ethertype:ip:udp:adp,293
eth:ethertype:ip:udp:ulp,292
eth:ethertype:ip:udp:knet,288
eth:ethertype:ip:udp:mpls:data,272
eth:ethertype:ip:udp:db-lsp-disc,255
eth:ethertype:ip:udp:collectd,251
eth:ethertype:ip:udp:uaudp,248
eth:ethertype:ip:udp:ath,248
eth:ethertype:ip:udp:bfd_echo,246
eth:ethertype:ip:udp:ieee1722:data,243
eth:ethertype:ip:udp:idn,240
eth:ethertype:ip:udp:enrp,238
eth:ethertype:ip:udp:ajns,230
eth:ethertype:ip:udp:ecatf:data,225
eth:ethertype:ip:udp:mpls-echo,222
eth:ethertype:ip:udp:egd:data,215
eth:ethertype:ip:udp:rx,215
eth:ethertype:ip:udp:quakeworld:data,214
eth:ethertype:ip:udp:lisp:data,209
eth:ethertype:ip:udp:geneve:data,202
eth:ethertype:ip:udp:bat:data,199
eth:ethertype:ip:udp:mipv6,196
eth:ethertype:ip:udp:tplink-smarthome:json:data-text-lines,190
eth:ethertype:ip:udp:bjnp,185
eth:ethertype:ip:udp:sip:sdp,182
eth:ethertype:ip:udp:gprs-ns,175
eth:ethertype:ip:udp:scop,169
eth:ethertype:ip:udp:ardp,167
eth:ethertype:ip:udp:ipvs,160
eth:ethertype:ip:udp:udt,156
eth:ethertype:ip:udp:capwap.data,152
eth:ethertype:ip:udp:pktc,143
eth:ethertype:ip:udp:ripng,140
eth:ethertype:ip:udp:quake:data,139
eth:ethertype:ip:udp:quake2:data,131
eth:ethertype:ip:udp:goose:cotp,125
eth:ethertype:ip:udp:nano,121
eth:ethertype:ip:udp:tacacs,119
eth:ethertype:ip:udp:lisp-data:ipv6:data,92
eth:ethertype:ip:udp:icp,91
eth:ethertype:ip:udp:wg,86
eth:ethertype:ip:udp:megaco:data,82
eth:ethertype:ip:udp:rpc:portmap,80
eth:ethertype:ip:udp:thrift,74
eth:ethertype:ip:udp:ts2,74
eth:ethertype:ip:udp:lisp-data:ip:data,69
eth:ethertype:ip:udp:infiniband:data,68
eth:ethertype:ip:udp:dvb_ipdc:data,63
eth:ethertype:ip:udp:opensafety:data,62
eth:ethertype:ip:udp:pn_rt:pn_io,60
eth:ethertype:ip:udp:vxlan:eth:llc:data,59
eth:ethertype:ip:udp:gre,58
eth:ethertype:ip:udp:mpls:ip:data,56
eth:ethertype:ip:udp:papi,55
eth:ethertype:ip:udp:lwapp:wlan:data,52
eth:ethertype:ip:udp:mpls:pwethheuristic:pwethcw:eth:ethertype:data,52
eth:ethertype:ip:udp:wlccp,49
eth:ethertype:ip:udp:vxlan:eth,44
eth:ethertype:ip:udp:infiniband,40
eth:ethertype:ip:udp:vxlan:eth:ethertype:data,40
eth:ethertype:ip:udp:gsmtap,39
eth:ethertype:ip:udp:lisp-data:ip,36
eth:ethertype:ip:udp:sabp,33
eth:ethertype:ip:udp:mpls:ipv6:ipv6.hopopts,33
eth:ethertype:ip:udp:mpls:ip,33
eth:ethertype:ip:udp:ltp,32
eth:ethertype:ip:udp:wtp:wsp,32
eth:ethertype:ip:udp:sabp:sabp:sabp,32
eth:ethertype:ip:udp:cnip:data,31
eth:ethertype:ip:udp:dcc,30
eth:ethertype:ip:udp:nxp_802154_sniffer,29
eth:ethertype:ip:udp:mpls:ipv6:data,29
eth:ethertype:ip:udp:capwap:dtls,29
eth:ethertype:ip:udp:capwap.data:dtls,28
eth:ethertype:ip:udp:enttec,28
eth:ethertype:ip:udp:geneve,27
eth:ethertype:ip:udp:lisp,27
eth:ethertype:ip:udp:dcp-etsi:dcp-pft,23
eth:ethertype:ip:udp:sip:data-text-lines:xml,22
eth:ethertype:ip:udp:dcp-etsi:dcp-af,20
eth:ethertype:ip:udp:gre:data,20
eth:ethertype:ip:udp:dhcpv6,17
eth:ethertype:ip:udp:wisun.eapol_relay,16
eth:ethertype:ip:udp:msmms,15
eth:ethertype:ip:udp:who,15
eth:ethertype:ip:udp:lwres,14
eth:ethertype:ip:udp:raknet:raknet:raknet,14
eth:ethertype:ip:udp:rsp,13
eth:ethertype:ip:udp:tzsp:data,13
eth:ethertype:ip:udp:eth,13
eth:ethertype:ip:udp:dlep,12
eth:ethertype:ip:udp:ncp,12
eth:ethertype:ip:udp:egd,12
eth:ethertype:ip:udp:pathport,12
eth:ethertype:ip:udp:nxp_802154_sniffer:wpan:data,12
eth:ethertype:ip:udp:pn_rt,12
eth:ethertype:ip:udp:kpasswd,10
eth:ethertype:ip:udp:rx:afs,10
eth:ethertype:ip:udp:llc,9
eth:ethertype:ip:udp:xyplex,9
eth:ethertype:ip:udp:quake,9
eth:ethertype:ip:udp:rtpproxy,9
eth:ethertype:ip:udp:quake2,8
eth:ethertype:ip:udp:mndp,8
eth:ethertype:ip:udp:wisun.eapol_relay:eapol,8
eth:ethertype:ip:udp:h225:data,8
eth:ethertype:ip:udp:ecatf:tc_nv,7
eth:ethertype:ip:udp:lwapp,7
eth:ethertype:ip:udp:ltp:data,7
eth:ethertype:ip:udp:mpls,7
eth:ethertype:ip:udp:nbdgm,7
eth:ethertype:ip:udp:tapa,7
eth:ethertype:ip:udp:eth:llc:data,6
eth:ethertype:ip:udp:find,6
eth:ethertype:ip:udp:auto_rp,5
eth:ethertype:ip:udp:acdr,5
eth:ethertype:ip:udp:ipx:data,5
eth:ethertype:ip:udp:tpcp,5
eth:ethertype:ip:udp:lisp-data:ipv6,5
eth:ethertype:ip:udp:packetbb,5
eth:ethertype:ip:udp:lmp,5
eth:ethertype:ip:udp:ieee1722:iec61883,5
eth:ethertype:ip:udp:dvb_ipdc:alc:data,5
eth:ethertype:ip:udp:ipx,4
eth:ethertype:ip:udp:epl,4
eth:ethertype:ip:udp:mip,4
eth:ethertype:ip:udp:llc:sna:data,4
eth:ethertype:ip:udp:quakeworld,4
eth:ethertype:ip:udp:mpls:ipv6,4
eth:ethertype:ip:udp:data:vssmonitoring,4
eth:ethertype:ip:udp:tsp,4
eth:ethertype:ip:udp:rdpudp:tls,4
eth:ethertype:ip:udp:jmirror:ipv6:data,4
eth:ethertype:ip:udp:mint:eth:ethertype:data,3
eth:ethertype:ip:udp:ecatf:ioraw,3
eth:ethertype:ip:udp:bat.vis,3
eth:ethertype:ip:udp:lisp-data:ipv6:dsr:data,3
eth:ethertype:ip:udp:adwin,3
eth:ethertype:ip:udp:lisp-data:ipv6:esp,3
eth:ethertype:ip:udp:ayiya:dsr:ipv6.hopopts:ipv6.hopopts,3
eth:ethertype:ip:udp:ecatf,3
eth:ethertype:ip:udp:slimp3,3
eth:ethertype:ip:udp:bat.gw,3
eth:ethertype:ip:udp:dlsw,3
eth:ethertype:ip:udp:jmirror:ipv6,3
eth:ethertype:ip:udp:sip:sigcomp,3
eth:ethertype:ip:udp:cpfi,2
eth:ethertype:ip:udp:lisp-data:ipv6:etherip:eth:ethertype:data,2
eth:ethertype:ip:udp:cups,2
eth:ethertype:ip:udp:tipc:data,2
eth:ethertype:ip:udp:lisp-data:ipv6:eigrp,2
eth:ethertype:ip:udp:lisp-data:ipv6:gre,2
eth:ethertype:ip:udp:lisp-data:ipv6:lwl4,2
eth:ethertype:ip:udp:lisp-data:ipv6:dsr,2
eth:ethertype:ip:udp:lisp-data:ipv6:nhrp,2
eth:ethertype:ip:udp:mpls:ipv6:esp,2
eth:ethertype:ip:udp:lisp-data:ipv6:swipe,2
eth:ethertype:ip:udp:amt:ip,2
eth:ethertype:ip:udp:lisp-data:ipv6:ah,2
eth:ethertype:ip:udp:lbtrm,2
eth:ethertype:ip:udp:capwap.data:eth:ethertype:data,2
eth:ethertype:ip:udp:goose:cotp:goose,2
eth:ethertype:ip:udp:l2tp:ppp:data,2
eth:ethertype:ip:udp:armagetronad,2
eth:ethertype:ip:udp:aodv,2
eth:ethertype:ip:udp:olsr,2
eth:ethertype:ip:udp:edonkey,1
eth:ethertype:ip:udp:ecatf:ecat_mailbox,1
eth:ethertype:ip:udp:acdr:ip,1
eth:ethertype:ip:udp:oicq,1
eth:ethertype:ip:udp:tzsp:eth:ethertype:data,1
eth:ethertype:ip:udp:wimaxasncp,1
eth:ethertype:ip:udp:coap:data:oscore,1
eth:ethertype:ip:udp:ip,1
eth:ethertype:ip:udp:rsp:ipmi_session:data,1
eth:ethertype:ip:udp:dvb_ipdc:alc:rmt-lct:data,1
eth:ethertype:ip:udp:mpls:ipv6:ah,1
eth:ethertype:ip:udp:mpls:ipv6:vines_frp:vines_ip:data,1
eth:ethertype:ip:udp:mpls:ipv6:lwl4,1
eth:ethertype:ip:udp:mpls:ipv6:pim,1
eth:ethertype:ip:udp:lisp-data:ipv6:vrrp,1
eth:ethertype:ip:udp:lisp-data:ipv6:l2tp:data,1
eth:ethertype:ip:udp:sflow,1
eth:ethertype:ip:udp:udpencap,1
eth:ethertype:ip:udp:icq,1
eth:ethertype:ip:udp:ldp,1
eth:ethertype:ip:udp:mpls:pwethheuristic:pwethcw:eth,1
eth:ethertype:ip:udp:mpls:pwethheuristic:pwethcw:eth:llc:data,1
eth:ethertype:ip:udp:ieee1722:maap,1
eth:ethertype:ip:udp:bundle:bundle,1
eth:ethertype:ip:udp:wccp,1
eth:ethertype:ip:udp:dvb_ipdc:alc:rmt-lct,1
eth:ethertype:ip:udp:lisp-data:ipv6:ipcomp:data,1
eth:ethertype:ip:udp:lisp-data:ipv6:osi:data,1
eth:ethertype:ip:udp:lisp-data:ipv6:pim,1
eth:ethertype:ip:udp:mpls:ipv6:nhrp,1
eth:ethertype:ip:udp:jmirror:ip:data,1
eth:ethertype:ip:udp:jmirror:ipv6:pim,1
eth:ethertype:ip:udp:jmirror:ipv6:l2tp:data,1
eth:ethertype:ip:udp:jmirror:ipv6:nhrp,1
eth:ethertype:ip:udp:mpls:ipv6:vrrp,1
eth:ethertype:ip:udp:ieee1722,1
eth:ethertype:ip:udp:mpls:pwethheuristic:pwethnocw:eth:ethertype:data,1
eth:ethertype:ip:udp:l2tp:data,1
eth:ethertype:ip:udp:bat.gw:ip,1
eth:ethertype:ip:udp:llc:osi:data,1
eth:ethertype:ip:udp:actrace,1
eth:ethertype:ip:udp:rmcp:ipmi_session,1
eth:ethertype:ip:udp:udpencap:data,1
eth:ethertype:ip:udp:vxlan,1
eth:ethertype:ip:udp:teredo,1
eth:ethertype:ip:udp:llc:ip,1
eth:ethertype:ip:udp:scop:wpan,1
eth:ethertype:ip:udp:a11,1
eth:ethertype:ip:udp:ntp:vssmonitoring,1
eth:ethertype:ip:udp:rsp:data,1
