eth:ethertype:ip:udp:stun,17110062
eth:ethertype:ip:udp:data,10348020
eth:ethertype:ip:udp:syslog,4371170
eth:ethertype:ip:udp:dns,4059005
eth:ethertype:ip:udp:snmp,2356102
eth:ethertype:ip:udp:ntp,2136360
eth:ethertype:ip:data,1819428
eth:ethertype:ip:udp:sip,571778
eth:ethertype:ip:udp:nbns,549399
eth:ethertype:ip:udp:cldap,162898
eth:ethertype:ip:udp:cflow,158861
eth:ethertype:ip:udp:coap,113293
eth:ethertype:ip:udp:sip:xml,101010
eth:ethertype:ip:udp:mdns,93229
eth:ethertype:ip:udp:ssdp,92231
eth:ethertype:ip:udp:rpc,81712
eth:ethertype:ip:udp,65601
eth:ethertype:ip:udp:isakmp,62997
eth:ethertype:ip:udp:dtls,60608
eth:ethertype:ip:udp:memcache,59853
eth:ethertype:ip:udp:openvpn,53029
eth:ethertype:ip:udp:sip:data-text-lines,52283
eth:ethertype:ip:udp:quic,50135
eth:ethertype:ip:udp:portcontrol,46694
eth:ethertype:ip:udp:dhcp,43711
eth:ethertype:ip:udp:capwap,43070
eth:ethertype:ip:udp:gtp,39698
eth:ethertype:ip:udp:srvloc,38606
eth:ethertype:ip:udp:quic:tls,36907
eth:ethertype:ip:udp:bvlc:bacnet:bacapp,36617
eth:ethertype:ip:udp:xdmcp,30545
eth:ethertype:ip:udp:l2tp,27813
eth:ethertype:ip:udp:udpencap:esp,26419
eth:ethertype:ip:udp:gquic,20190
eth:ethertype:ip:udp:kerberos,19706
eth:ethertype:ip:udp:lwapp:data,17086
eth:ethertype:ip:udp:rdpudp,16860
eth:ethertype:ip:udp:radius,16623
eth:ethertype:ip:udp:rmcp:ipmi_session:data,15862
eth:ethertype:ip:udp:chargen,15420
eth:ethertype:ip:udp:enip,15340
eth:ethertype:ip:udp:hart_ip,14792
eth:ethertype:ip:udp:classicstun,14684
eth:ethertype:ip:udp:rip,14593
eth:ethertype:ip:udp:gtp:gtpv2,13510
eth:ethertype:ip:udp:echo,13389
eth:ethertype:ip:udp:tftp,13294
eth:ethertype:ip:udp:omron,13271
eth:ethertype:ip:udp:rtcp,11981
eth:ethertype:ip:udp:nbdgm:smb:browser,11329
eth:ethertype:ip:udp:rx,11076
eth:ethertype:ip:udp:bfd,10849
eth:ethertype:ip:udp:time,10804
eth:ethertype:ip:udp:ecatf:ecat,10221
eth:ethertype:ip:udp:steam_ihs_discovery,9560
eth:ethertype:ip:udp:raknet:raknet,9319
eth:ethertype:ip:udp:daytime,8784
eth:ethertype:ip:udp:udpencap:isakmp,6717
eth:ethertype:ip:udp:iax2,6224
eth:ethertype:ip:udp:kip,6193
eth:ethertype:ip:udp:mgcp,6178
eth:ethertype:ip:udp:teredo:ipv6:icmpv6,4236
eth:ethertype:ip:udp:quake3:data,4120
eth:ethertype:ip:udp:llmnr,3798
eth:ethertype:ip:udp:wisun.eapol_relay:eapol:data,2897
eth:ethertype:ip:udp:teredo:ipv6,2755
eth:ethertype:ip:udp:coap:data,2583
eth:ethertype:ip:udp:llc:data,2514
eth:ethertype:ip:udp:asterix,2468
eth:ethertype:ip:udp:rmcp:asf,2222
eth:ethertype:ip:udp:cipio,2195
eth:ethertype:ip:udp:wsp,2082
eth:ethertype:ip:udp:epl:data,1982
eth:ethertype:ip:udp:wtls,1554
eth:ethertype:ip:udp:adp,1491
eth:ethertype:ip:udp:gtpprime,1318
eth:ethertype:ip:udp:pn_rt:pn_ptcp,1291
eth:ethertype:ip:udp:dis,1258
eth:ethertype:ip:udp:uaudp,1183
eth:ethertype:ip:udp:ts2,1154
eth:ethertype:ip:udp:slimp3,1153
eth:ethertype:ip:udp:rtps,1152
eth:ethertype:ip:udp:icp,1125
eth:ethertype:ip:udp:bat.vis:data,1059
eth:ethertype:ip:udp:h225,1047
eth:ethertype:ip:udp:iapp,1003
eth:ethertype:ip:udp:pktc.mtafqdn,999
eth:ethertype:ip:udp:gre:data,973
eth:ethertype:ip:udp:dof,948
eth:ethertype:ip:udp:tacacs,860
eth:ethertype:ip:udp:h248,805
eth:ethertype:ip:udp:iax2:data,804
eth:ethertype:ip:udp:ssdp:data,790
eth:ethertype:ip:udp:bfd_echo,786
eth:ethertype:ip:udp:geneve:data,780
eth:ethertype:ip:udp:gsmtap:data,766
eth:ethertype:ip:udp:ulp,733
eth:ethertype:ip:udp:nxp_802154_sniffer:wpan,716
eth:ethertype:ip:udp:corosync_totemnet:data,703
eth:ethertype:ip:udp:elasticsearch,701
eth:ethertype:ip:udp:stun:data,700
eth:ethertype:ip:udp:bat:data,686
eth:ethertype:ip:udp:ath,655
eth:ethertype:ip:udp:manolito,645
eth:ethertype:ip:udp:tetra,630
eth:ethertype:ip:udp:bat.gw:data,623
eth:ethertype:ip:udp:raknet:raknet:raknet,607
eth:ethertype:ip:udp:kink,603
eth:ethertype:ip:udp:mipv6,587
eth:ethertype:ip:udp:a21,586
eth:ethertype:ip:udp:sbus,586
eth:ethertype:ip:udp:lisp:data,571
eth:ethertype:ip:udp:rpc:data,571
eth:ethertype:ip:udp:scop:data,559
eth:ethertype:ip:udp:cnip,547
eth:ethertype:ip:udp:idn,540
eth:ethertype:ip:udp:mint,525
eth:ethertype:ip:udp:lwapp:wlan,524
eth:ethertype:ip:udp:ax4000,521
eth:ethertype:ip:udp:rsip,512
eth:ethertype:ip:udp:mikey,511
eth:ethertype:ip:udp:msproxy,505
eth:ethertype:ip:udp:pfcp,489
eth:ethertype:ip:udp:tipc,489
eth:ethertype:ip:udp:ajns,488
eth:ethertype:ip:udp:sabp:sabp,477
eth:ethertype:ip:udp:dvb_ipdc:data,470
eth:ethertype:ip:udp:knet,469
eth:ethertype:ip:udp:vxlan:eth:llc:data,455
eth:ethertype:ip:udp:gprs-ns:bssgp,452
eth:ethertype:ip:udp:ipvs,439
eth:ethertype:ip:udp:ayiya,423
eth:ethertype:ip:udp:amt,417
eth:ethertype:ip:udp:teredo:data,416
eth:ethertype:ip:udp:pktc,414
eth:ethertype:ip:udp:c1222,412
eth:ethertype:ip:udp:wlccp,403
eth:ethertype:ip:udp:ecmp,382
eth:ethertype:ip:udp:enrp,380
eth:ethertype:ip:udp:vuze-dht,379
eth:ethertype:ip:udp:wol,367
eth:ethertype:ip:udp:h501,348
eth:ethertype:ip:udp:wtp,347
eth:ethertype:ip:udp:ardp,346
eth:ethertype:ip:udp:tplink-smarthome:json:data-text-lines,345
eth:ethertype:ip:udp:asap,344
eth:ethertype:ip:udp:nxp_802154_sniffer,339
eth:ethertype:ip:udp:rdt,338
eth:ethertype:ip:udp:epl,324
eth:ethertype:ip:udp:radius:eap,310
eth:ethertype:ip:udp:tzsp,301
eth:ethertype:ip:udp:hcrt,292
eth:ethertype:ip:udp:ieee1722:data,269
eth:ethertype:ip:udp:dmp,262
eth:ethertype:ip:udp:nano,258
eth:ethertype:ip:udp:sap,251
eth:ethertype:ip:udp:egd:data,245
eth:ethertype:ip:udp:dpnet,239
eth:ethertype:ip:udp:infiniband:data,229
eth:ethertype:ip:udp:vrt,227
eth:ethertype:ip:udp:ecatf:data,218
eth:ethertype:ip:udp:doip,195
eth:ethertype:ip:udp:quake2:data,195
eth:ethertype:ip:udp:hiqnet,190
eth:ethertype:ip:udp:eth:ethertype:data,182
eth:ethertype:ip:udp:mpls-echo,181
eth:ethertype:ip:udp:scop,173
eth:ethertype:ip:udp:mih,173
eth:ethertype:ip:udp:eth:llc:data,172
eth:ethertype:ip:udp:cups,166
eth:ethertype:ip:udp:bjnp,165
eth:ethertype:ip:udp:lisp-data,163
eth:ethertype:ip:udp:sap:sdp,162
eth:ethertype:ip:udp:egd,160
eth:ethertype:ip:udp:enttec,160
eth:ethertype:ip:udp:lmp,158
eth:ethertype:ip:udp:gprs-ns,154
eth:ethertype:ip:udp:wg,128
eth:ethertype:ip:udp:vxlan:eth:ethertype:data,126
eth:ethertype:ip:udp:capwap.data,111
eth:ethertype:ip:udp:db-lsp-disc,108
eth:ethertype:ip:udp:quake:data,87
eth:ethertype:ip:udp:collectd,87
eth:ethertype:ip:udp:kdp,84
eth:ethertype:ip:udp:rsvp,83
eth:ethertype:ip:udp:quake3,74
eth:ethertype:ip:udp:megaco:data,69
eth:ethertype:ip:udp:opensafety:data,66
eth:ethertype:ip:udp:mpls:data,63
eth:ethertype:ip:udp:dcc,61
eth:ethertype:ip:udp:sctp,57
eth:ethertype:ip:udp:quakeworld:data,57
eth:ethertype:ip:udp:geneve,57
eth:ethertype:ip:udp:raknet,57
eth:ethertype:ip:udp:opensafety_udp:data,55
eth:ethertype:ip:udp:gre,53
eth:ethertype:ip:udp:wtp:wsp,49
eth:ethertype:ip:udp:lwapp:wlan:data,45
eth:ethertype:ip:udp:mpls,45
eth:ethertype:ip:udp:infiniband,44
eth:ethertype:ip:udp:sip:sdp,43
eth:ethertype:ip:udp:goose:cotp,41
eth:ethertype:ip:udp:pn_rt:pn_io,39
eth:ethertype:ip:udp:cnip:data,39
eth:ethertype:ip:udp:nxp_802154_sniffer:wpan:data,38
eth:ethertype:ip:udp:wisun.eapol_relay:eapol,37
eth:ethertype:ip:udp:capwap.data:dtls,36
eth:ethertype:ip:udp:papi,35
eth:ethertype:ip:udp:thrift,34
eth:ethertype:ip:udp:gsmtap,33
eth:ethertype:ip:udp:ltp,32
eth:ethertype:ip:udp:lisp,31
eth:ethertype:ip:udp:data:vssmonitoring,31
eth:ethertype:ip:udp:capwap:dtls,29
eth:ethertype:ip:udp:sabp,27
eth:ethertype:ip:udp:l2tp:data,27
eth:ethertype:ip:udp:lisp-data:ip:data,27
eth:ethertype:ip:udp:lisp-data:ipv6:data,26
eth:ethertype:ip:udp:wisun.eapol_relay,24
eth:ethertype:ip:udp:rdpudp:dtls,17
eth:ethertype:ip:udp:quake2,16
eth:ethertype:ip:udp:sigcomp,15
eth:ethertype:ip:udp:eth,15
eth:ethertype:ip:udp:llc,14
eth:ethertype:ip:udp:jmirror:ipv6,14
eth:ethertype:ip:udp:sabp:sabp:sabp,13
eth:ethertype:ip:udp:dvb_ipdc:alc:data,12
eth:ethertype:ip:udp:dcp-etsi:dcp-af,11
eth:ethertype:ip:udp:dhcpv6,11
eth:ethertype:ip:udp:kpasswd,11
eth:ethertype:ip:udp:wassp,10
eth:ethertype:ip:udp:ieee1722:iec61883,10
eth:ethertype:ip:udp:who,10
eth:ethertype:ip:udp:pathport,10
eth:ethertype:ip:udp:rsp,9
eth:ethertype:ip:udp:dlep,9
eth:ethertype:ip:udp:ecatf:ioraw,9
eth:ethertype:ip:udp:sip:sigcomp,9
eth:ethertype:ip:udp:vxlan:eth,8
eth:ethertype:ip:udp:ripng,8
eth:ethertype:ip:udp:find,8
eth:ethertype:ip:udp:ncp,8
eth:ethertype:ip:udp:tsp,8
eth:ethertype:ip:udp:auto_rp,8
eth:ethertype:ip:udp:lisp-data:ip,8
eth:ethertype:ip:udp:nbdgm,7
eth:ethertype:ip:udp:xyplex,7
eth:ethertype:ip:udp:dcp-etsi:dcp-pft,7
eth:ethertype:ip:udp:acdr,7
eth:ethertype:ip:udp:pn_rt,7
eth:ethertype:ip:udp:rtpproxy,7
eth:ethertype:ip:udp:ecatf:tc_nv,6
eth:ethertype:ip:udp:mndp,6
eth:ethertype:ip:udp:tzsp:data,6
eth:ethertype:ip:udp:dlsw,6
eth:ethertype:ip:udp:mip,5
eth:ethertype:ip:udp:tapa,5
eth:ethertype:ip:udp:armagetronad,5
eth:ethertype:ip:udp:bat.gw,5
eth:ethertype:ip:udp:teredo,5
eth:ethertype:ip:udp:lwapp,4
eth:ethertype:ip:udp:capwap.data:eth:ethertype:data,4
eth:ethertype:ip:udp:lwres,4
eth:ethertype:ip:udp:lbtrm,4
eth:ethertype:ip:udp:mint:eth:ethertype:data,4
eth:ethertype:ip:udp:lisp-data:ipv6,4
eth:ethertype:ip:udp:megaco,4
eth:ethertype:ip:udp:msmms,4
eth:ethertype:ip:udp:amt:ip,4
eth:ethertype:ip:udp:rpc:portmap,4
eth:ethertype:ip:udp:mpls:ipv6:data,4
eth:ethertype:ip:udp:data:f5ethtrailer,4
eth:ethertype:ip:udp:ipx,3
eth:ethertype:ip:udp:goose:cotp:goose,3
eth:ethertype:ip:udp:cigi,3
eth:ethertype:ip:udp:ipx:data,3
eth:ethertype:ip:udp:mpls:pwethheuristic:pwethcw:eth:ethertype:data,3
eth:ethertype:ip:udp:capwap.data:data,3
eth:ethertype:ip:udp:quake,3
eth:ethertype:ip:udp:icq,3
eth:ethertype:ip:udp:mpls:ip,3
eth:ethertype:ip:udp:ddtp,2
eth:ethertype:ip:udp:mpls:pwethheuristic:pwethcw:eth,2
eth:ethertype:ip:udp:llc:osi:data,2
eth:ethertype:ip:udp:acdr:data,2
eth:ethertype:ip:udp:bat.gw:ip,2
eth:ethertype:ip:udp:jmirror:ipv6:data,2
eth:ethertype:ip:udp:rx:afs,2
eth:ethertype:ip:udp:quakeworld,2
eth:ethertype:ip:udp:opensafety,2
eth:ethertype:ip:udp:ecatf:ams,2
eth:ethertype:ip:udp:tzsp:eth:ethertype:data,2
eth:ethertype:ip:udp:bat.vis,2
eth:ethertype:ip:udp:ptp,2
eth:ethertype:ip:udp:dvb_ipdc:alc:rmt-lct,2
eth:ethertype:ip:udp:ltp:data,2
eth:ethertype:ip:udp:lisp-data:ipv6:etherip:eth:llc,2
eth:ethertype:ip:udp:lisp-data:ipv6:pim,2
eth:ethertype:ip:udp:rdpudp:tls,1
eth:ethertype:ip:udp:aodv,1
eth:ethertype:ip:udp:adwin,1
eth:ethertype:ip:udp:capwap.data:eth:llc,1
eth:ethertype:ip:udp:rdpudp:data,1
eth:ethertype:ip:udp:a11,1
eth:ethertype:ip:udp:wccp,1
eth:ethertype:ip:udp:udpencap,1
eth:ethertype:ip:udp:mbudp:modbus,1
eth:ethertype:ip:udp:db-lsp-disc:json:data-text-lines,1
eth:ethertype:ip:udp:packetbb,1
eth:ethertype:ip:udp:scop:wpan,1
eth:ethertype:ip:udp:megaco:h248,1
eth:ethertype:ip:udp:ieee1722,1
eth:ethertype:ip:udp:mpls:ip:data,1
eth:ethertype:ip:udp:amt:ip:data,1
eth:ethertype:ip:udp:ieee1722:tscf,1
eth:ethertype:ip:udp:lisp-data:ipv6:lwl4,1
eth:ethertype:ip:udp:lisp-data:ipv6:ah,1
eth:ethertype:ip:udp:lisp-data:ipv6:ipv6.routing,1
eth:ethertype:ip:udp:lisp-data:ipv6:l2tp:data,1
eth:ethertype:ip:udp:lisp-data:ipv6:esp,1
eth:ethertype:ip:udp:lisp-data:ipv6:gre:data,1
eth:ethertype:ip:udp:lisp-data:ipv6:osi:data,1
eth:ethertype:ip:udp:dtls:x509sat:x509sat:x509sat:x509sat,1
eth:ethertype:ip:udp:vxlan:eth:llc:ip,1
eth:ethertype:ip:udp:ecatf,1
eth:ethertype:ip:udp:ayiya:ipv6.hopopts,1
eth:ethertype:ip:udp:opensafety_udp,1
eth:ethertype:ip:udp:vssmonitoring,1
eth:ethertype:ip:udp:capwap.data:eth:llc:data,1
eth:ethertype:ip:udp:llc:ip,1
eth:ethertype:ip:udp:olsr,1
eth:ethertype:ip:udp:cpfi,1
eth:ethertype:ip:udp:mint:eth,1
eth:ethertype:ip:udp:tpcp,1
