eth:ethertype:ip:udp:data,12357194
eth:ethertype:ip:udp:stun,8793933
eth:ethertype:ip:udp:syslog,5288320
eth:ethertype:ip:udp:dns,3868668
eth:ethertype:ip:udp:ntp,2188472
eth:ethertype:ip:udp:snmp,1852295
eth:ethertype:ip:data,1492573
eth:ethertype:ip:udp:nbns,662211
eth:ethertype:ip:udp:sip,428182
eth:ethertype:ip:udp:coap,192135
eth:ethertype:ip:udp:ssdp,162109
eth:ethertype:ip:udp:cflow,160136
eth:ethertype:ip:udp:cldap,114491
eth:ethertype:ip:udp:openvpn,113541
eth:ethertype:ip:udp,103229
eth:ethertype:ip:udp:sip:xml,102158
eth:ethertype:ip:udp:mdns,93414
eth:ethertype:ip:udp:rpc,92938
eth:ethertype:ip:udp:isakmp,69474
eth:ethertype:ip:udp:memcache,62435
eth:ethertype:ip:udp:dtls,60660
eth:ethertype:ip:udp:dhcp,57539
eth:ethertype:ip:udp:classicstun,55311
eth:ethertype:ip:udp:sip:data-text-lines,52663
eth:ethertype:ip:udp:portcontrol,51915
eth:ethertype:ip:udp:rip,50683
eth:ethertype:ip:udp:capwap,43734
eth:ethertype:ip:udp:gtp,43121
eth:ethertype:ip:udp:chargen,39309
eth:ethertype:ip:udp:srvloc,38156
eth:ethertype:ip:udp:bvlc:bacnet:bacapp,37401
eth:ethertype:ip:udp:l2tp,29928
eth:ethertype:ip:udp:quic:tls,26790
eth:ethertype:ip:udp:rmcp:ipmi_session:data,23661
eth:ethertype:ip:udp:udpencap:esp,23108
eth:ethertype:ip:udp:xdmcp,21880
eth:ethertype:ip:udp:gquic,20354
eth:ethertype:ip:udp:bfd,19661
eth:ethertype:ip:udp:kerberos,19144
eth:ethertype:ip:udp:radius,17328
eth:ethertype:ip:udp:lwapp:data,16503
eth:ethertype:ip:udp:rdpudp,15908
eth:ethertype:ip:udp:echo,14135
eth:ethertype:ip:udp:tftp,13707
eth:ethertype:ip:udp:omron,13686
eth:ethertype:ip:udp:enip,13646
eth:ethertype:ip:udp:nbdgm:smb:browser,12515
eth:ethertype:ip:udp:gtp:gtpv2,10861
eth:ethertype:ip:udp:rpc:data,10542
eth:ethertype:ip:udp:daytime,10382
eth:ethertype:ip:udp:time,10310
eth:ethertype:ip:udp:ecatf:ecat,10166
eth:ethertype:ip:udp:steam_ihs_discovery,9609
eth:ethertype:ip:udp:rtcp,8406
eth:ethertype:ip:udp:udpencap:isakmp,6777
eth:ethertype:ip:udp:kip,6574
eth:ethertype:ip:udp:mgcp,5699
eth:ethertype:ip:udp:hart_ip,5260
eth:ethertype:ip:udp:quic,4067
eth:ethertype:ip:udp:coap:data,4020
eth:ethertype:ip:udp:raknet:raknet,3718
eth:ethertype:ip:udp:teredo:ipv6,3608
eth:ethertype:ip:udp:wg,3540
eth:ethertype:ip:udp:rmcp:asf,3416
eth:ethertype:ip:udp:wisun.eapol_relay:eapol:data,2694
eth:ethertype:ip:udp:wsp,2026
eth:ethertype:ip:udp:cipio,1802
eth:ethertype:ip:udp:llc:data,1622
eth:ethertype:ip:udp:iax2,1548
eth:ethertype:ip:udp:gtpprime,1440
eth:ethertype:ip:udp:rtps,1411
eth:ethertype:ip:udp:dis,1317
eth:ethertype:ip:udp:wtp,1198
eth:ethertype:ip:udp:teredo:ipv6:icmpv6,1145
eth:ethertype:ip:udp:corosync_totemnet:data,1083
eth:ethertype:ip:udp:radius:eap,1002
eth:ethertype:ip:udp:tplink-smarthome:json:data-text-lines,928
eth:ethertype:ip:udp:quake3:data,892
eth:ethertype:ip:udp:dof,858
eth:ethertype:ip:udp:wtls,809
eth:ethertype:ip:udp:adp,781
eth:ethertype:ip:udp:asterix,763
eth:ethertype:ip:udp:amt,754
eth:ethertype:ip:udp:sbus,725
eth:ethertype:ip:udp:iapp,722
eth:ethertype:ip:udp:h501,704
eth:ethertype:ip:udp:kink,700
eth:ethertype:ip:udp:opensafety_udp:data,654
eth:ethertype:ip:udp:manolito,641
eth:ethertype:ip:udp:ssdp:data,605
eth:ethertype:ip:udp:mint,598
eth:ethertype:ip:udp:hcrt,589
eth:ethertype:ip:udp:uaudp,580
eth:ethertype:ip:udp:gprs-ns:bssgp,577
eth:ethertype:ip:udp:h225,543
eth:ethertype:ip:udp:elasticsearch,542
eth:ethertype:ip:udp:sap,534
eth:ethertype:ip:udp:scop:data,523
eth:ethertype:ip:udp:c1222,494
eth:ethertype:ip:udp:rdt,489
eth:ethertype:ip:udp:hiqnet,465
eth:ethertype:ip:udp:tacacs,450
eth:ethertype:ip:udp:icp,438
eth:ethertype:ip:udp:vuze-dht,428
eth:ethertype:ip:udp:pktc.mtafqdn,424
eth:ethertype:ip:udp:lisp-data,421
eth:ethertype:ip:udp:teredo:data,405
eth:ethertype:ip:udp:ajns,395
eth:ethertype:ip:udp:ieee1722:data,394
eth:ethertype:ip:udp:ardp,389
eth:ethertype:ip:udp:tetra,387
eth:ethertype:ip:udp:asap,381
eth:ethertype:ip:udp:gsmtap:data,381
eth:ethertype:ip:udp:cnip,379
eth:ethertype:ip:udp:lwapp:wlan,377
eth:ethertype:ip:udp:enttec,363
eth:ethertype:ip:udp:enrp,361
eth:ethertype:ip:udp:llmnr,359
eth:ethertype:ip:udp:h248,354
eth:ethertype:ip:udp:gre:data,353
eth:ethertype:ip:udp:mikey,349
eth:ethertype:ip:udp:lisp:data,348
eth:ethertype:ip:udp:quake:data,341
eth:ethertype:ip:udp:pktc,339
eth:ethertype:ip:udp:dmp,338
eth:ethertype:ip:udp:db-lsp-disc,322
eth:ethertype:ip:udp:ts2,317
eth:ethertype:ip:udp:raknet,316
eth:ethertype:ip:udp:mipv6,309
eth:ethertype:ip:udp:ayiya,302
eth:ethertype:ip:udp:tzsp,292
eth:ethertype:ip:udp:pn_rt:pn_ptcp,275
eth:ethertype:ip:udp:doip,269
eth:ethertype:ip:udp:rx,260
eth:ethertype:ip:udp:ipvs,258
eth:ethertype:ip:udp:sctp,245
eth:ethertype:ip:udp:rsvp,243
eth:ethertype:ip:udp:dpnet,233
eth:ethertype:ip:udp:pfcp,223
eth:ethertype:ip:udp:idn,223
eth:ethertype:ip:udp:bjnp,217
eth:ethertype:ip:udp:ulp,207
eth:ethertype:ip:udp:geneve:data,207
eth:ethertype:ip:udp:ecatf:data,188
eth:ethertype:ip:udp:gprs-ns,166
eth:ethertype:ip:udp:ath,156
eth:ethertype:ip:udp:nxp_802154_sniffer:wpan,156
eth:ethertype:ip:udp:ecmp,154
eth:ethertype:ip:udp:infiniband:data,151
eth:ethertype:ip:udp:vxlan:eth:llc:data,151
eth:ethertype:ip:udp:mpls-echo,150
eth:ethertype:ip:udp:megaco:data,149
eth:ethertype:ip:udp:opensafety:data,143
eth:ethertype:ip:udp:sabp:sabp,141
eth:ethertype:ip:udp:vrt,136
eth:ethertype:ip:udp:kdp,132
eth:ethertype:ip:udp:iax2:data,128
eth:ethertype:ip:udp:bat.vis:data,123
eth:ethertype:ip:udp:lisp-data:ip:data,123
eth:ethertype:ip:udp:raknet:raknet:raknet,114
eth:ethertype:ip:udp:capwap.data,113
eth:ethertype:ip:udp:a21,112
eth:ethertype:ip:udp:lwapp:wlan:data,106
eth:ethertype:ip:udp:collectd,101
eth:ethertype:ip:udp:mih,100
eth:ethertype:ip:udp:lisp-data:ipv6:data,100
eth:ethertype:ip:udp:msproxy,96
eth:ethertype:ip:udp:nbdgm:smb:data,96
eth:ethertype:ip:udp:stun:data,93
eth:ethertype:ip:udp:capwap.data:eth:ethertype:data,93
eth:ethertype:ip:udp:quake2:data,92
eth:ethertype:ip:udp:gre,88
eth:ethertype:ip:udp:knet,88
eth:ethertype:ip:udp:dvb_ipdc:data,86
eth:ethertype:ip:udp:bfd_echo,84
eth:ethertype:ip:udp:ax4000,82
eth:ethertype:ip:udp:sabp,82
eth:ethertype:ip:udp:bat.gw:data,80
eth:ethertype:ip:udp:egd:data,79
eth:ethertype:ip:udp:pn_rt:pn_io,77
eth:ethertype:ip:udp:bat:data,75
eth:ethertype:ip:udp:rsip,74
eth:ethertype:ip:udp:tipc,73
eth:ethertype:ip:udp:wlccp,73
eth:ethertype:ip:udp:vxlan:eth:ethertype:data,72
eth:ethertype:ip:udp:geneve,62
eth:ethertype:ip:udp:quakeworld:data,61
eth:ethertype:ip:udp:nano,60
eth:ethertype:ip:udp:infiniband,58
eth:ethertype:ip:udp:goose:cotp,56
eth:ethertype:ip:udp:eth:ethertype:data,54
eth:ethertype:ip:udp:thrift,51
eth:ethertype:ip:udp:capwap:dtls,50
eth:ethertype:ip:udp:dcc,45
eth:ethertype:ip:udp:mpls:data,43
eth:ethertype:ip:udp:wisun.eapol_relay:eapol,38
eth:ethertype:ip:udp:quake3,37
eth:ethertype:ip:udp:lisp-data:ip,36
eth:ethertype:ip:udp:wtp:wsp,35
eth:ethertype:ip:udp:gsmtap,34
eth:ethertype:ip:udp:lisp,34
eth:ethertype:ip:udp:data:vssmonitoring,33
eth:ethertype:ip:udp:ltp,30
eth:ethertype:ip:udp:nxp_802154_sniffer,26
eth:ethertype:ip:udp:rpc:portmap,26
eth:ethertype:ip:udp:egd,25
eth:ethertype:ip:udp:l2tp:data,25
eth:ethertype:ip:udp:cnip:data,24
eth:ethertype:ip:udp:vxlan:eth,24
eth:ethertype:ip:udp:eth,21
eth:ethertype:ip:udp:wol,21
eth:ethertype:ip:udp:nxp_802154_sniffer:wpan:data,18
eth:ethertype:ip:udp:dhcpv6,17
eth:ethertype:ip:udp:wisun.eapol_relay,17
eth:ethertype:ip:udp:sip:sdp,16
eth:ethertype:ip:udp:rtpproxy,15
eth:ethertype:ip:udp:ecatf:ioraw,15
eth:ethertype:ip:udp:auto_rp,14
eth:ethertype:ip:udp:lwres,13
eth:ethertype:ip:udp:capwap.data:dtls,13
eth:ethertype:ip:udp:ddtp,13
eth:ethertype:ip:udp:mpls,12
eth:ethertype:ip:udp:rsp,12
eth:ethertype:ip:udp:nbdgm,12
eth:ethertype:ip:udp:llc,12
eth:ethertype:ip:udp:ripng,11
eth:ethertype:ip:udp:dcp-etsi:dcp-pft,11
eth:ethertype:ip:udp:sigcomp,10
eth:ethertype:ip:udp:goose:cotp:goose,10
eth:ethertype:ip:udp:sap:sdp,10
eth:ethertype:ip:udp:ncp,9
eth:ethertype:ip:udp:ieee1722:iec61883,9
eth:ethertype:ip:udp:lbtrm,9
eth:ethertype:ip:udp:lmp,9
eth:ethertype:ip:udp:ecatf:tc_nv,9
eth:ethertype:ip:udp:pathport,9
eth:ethertype:ip:udp:pn_rt,8
eth:ethertype:ip:udp:scop,8
eth:ethertype:ip:udp:quake2,8
eth:ethertype:ip:udp:kpasswd,8
eth:ethertype:ip:udp:capwap:data,8
eth:ethertype:ip:udp:msmms,7
eth:ethertype:ip:udp:xyplex,7
eth:ethertype:ip:udp:armagetronad,7
eth:ethertype:ip:udp:dlep,7
eth:ethertype:ip:udp:lwapp,7
eth:ethertype:ip:udp:dlsw,7
eth:ethertype:ip:udp:eth:llc:data,7
eth:ethertype:ip:udp:dcp-etsi:dcp-af,6
eth:ethertype:ip:udp:tzsp:data,6
eth:ethertype:ip:udp:dvb_ipdc:alc:rmt-lct,6
eth:ethertype:ip:udp:ptp,6
eth:ethertype:ip:udp:tapa,6
eth:ethertype:ip:udp:slimp3,6
eth:ethertype:ip:udp:find,6
eth:ethertype:ip:udp:lisp-data:ipv6,6
eth:ethertype:ip:udp:tsp,6
eth:ethertype:ip:udp:packetbb,5
eth:ethertype:ip:udp:mndp,5
eth:ethertype:ip:udp:rdpudp:tls,5
eth:ethertype:ip:udp:who,5
eth:ethertype:ip:udp:mpls:ipv6,5
eth:ethertype:ip:udp:ipx,5
eth:ethertype:ip:udp:mpls:pwethheuristic:pwethcw:eth:ethertype:data,5
eth:ethertype:ip:udp:quakeworld,5
eth:ethertype:ip:udp:rdpudp:data,5
eth:ethertype:ip:udp:dvb_ipdc:alc:data,5
eth:ethertype:ip:udp:bat.gw,4
eth:ethertype:ip:udp:tpcp,4
eth:ethertype:ip:udp:amt:ip,4
eth:ethertype:ip:udp:acdr,4
eth:ethertype:ip:udp:quake,4
eth:ethertype:ip:udp:mint:eth:ethertype:data,4
eth:ethertype:ip:udp:actrace,3
eth:ethertype:ip:udp:cpfi,3
eth:ethertype:ip:udp:wccp,3
eth:ethertype:ip:udp:lisp-data:ipv6:vines_frp:vines_ip:data,3
eth:ethertype:ip:udp:lisp-data:ipv6:osi:data,3
eth:ethertype:ip:udp:vxlan,3
eth:ethertype:ip:udp:cups,3
eth:ethertype:ip:udp:mip,3
eth:ethertype:ip:udp:capwap.data:data,3
eth:ethertype:ip:udp:mpls:ipv6:data,3
eth:ethertype:ip:udp:adwin,3
eth:ethertype:ip:udp:udpencap:data,2
eth:ethertype:ip:udp:mpls:ip,2
eth:ethertype:ip:udp:lisp-data:ipv6:pim,2
eth:ethertype:ip:udp:lisp-data:ipv6:eigrp,2
eth:ethertype:ip:udp:lisp-data:ipv6:esp,2
eth:ethertype:ip:udp:lisp-data:ipv6:dsr:data,2
eth:ethertype:ip:udp:lisp-data:ipv6:swipe,2
eth:ethertype:ip:udp:lisp-data:ipv6:ipv6.routing,2
eth:ethertype:ip:udp:lisp-data:ipv6:vrrp,2
eth:ethertype:ip:udp:acdr:data,2
eth:ethertype:ip:udp:amt:ip:ipv6:data,2
eth:ethertype:ip:udp:data:f5ethtrailer,2
eth:ethertype:ip:udp:megaco,2
eth:ethertype:ip:udp:llc:sna:data,2
eth:ethertype:ip:udp:tipc:data,2
eth:ethertype:ip:udp:udpencap,2
eth:ethertype:ip:udp:lisp-data:ipv6:gre:data,2
eth:ethertype:ip:udp:a11,2
eth:ethertype:ip:udp:rdpudp:dtls,2
eth:ethertype:ip:udp:wimaxasncp,2
eth:ethertype:ip:udp:icq,2
eth:ethertype:ip:udp:rx:afs,2
eth:ethertype:ip:udp:lisp-data:ipv6:lwl4,2
eth:ethertype:ip:udp:ecatf:ecat_mailbox,2
eth:ethertype:ip:udp:papi,2
eth:ethertype:ip:udp:epl,1
eth:ethertype:ip:udp:llc:osi:data,1
eth:ethertype:ip:udp:llc:ipx,1
eth:ethertype:ip:udp:ipx:data,1
eth:ethertype:ip:udp:lisp-data:ipv6:etherip:eth:llc,1
eth:ethertype:ip:udp:lisp-data:ipv6:dsr,1
eth:ethertype:ip:udp:lisp-data:ipv6:ospf,1
eth:ethertype:ip:udp:lisp-data:ipv6:etherip:eth:ethertype:data,1
eth:ethertype:ip:udp:lisp-data:ipv6:nhrp,1
eth:ethertype:ip:udp:lisp-data:ipv6:ipcomp:data,1
eth:ethertype:ip:udp:opensafety_udp,1
eth:ethertype:ip:udp:acdr:ip:data,1
eth:ethertype:ip:udp:bat.vis,1
eth:ethertype:ip:udp:sflow,1
eth:ethertype:ip:udp:lisp-data:ipv6:l2tp:data,1
eth:ethertype:ip:udp:tzsp:tr,1
eth:ethertype:ip:udp:teredo:ipv6:data,1
eth:ethertype:ip:udp:h225:data,1
eth:ethertype:ip:udp:tzsp:eth:ethertype:data,1
eth:ethertype:ip:udp:jmirror:ipv6,1
eth:ethertype:ip:udp:jmirror:ipv6:data,1
eth:ethertype:ip:udp:sip:sigcomp,1
eth:ethertype:ip:udp:teredo,1
eth:ethertype:ip:udp:eth:llc,1
eth:ethertype:ip:udp:oicq,1
eth:ethertype:ip:udp:megaco:h248,1
eth:ethertype:ip:udp:cnip:lon,1
eth:ethertype:ip:udp:rsp:asf:data,1
eth:ethertype:ip:udp:quic:tls:tls:tls:tls:tls:tls:tls:tls:tls:tls,1
eth:ethertype:ip:udp:quic:tls:tls:tls:tls:tls,1
eth:ethertype:ip:udp:edonkey,1
eth:ethertype:ip:udp:bat.gw:ip,1
eth:ethertype:ip:udp:mpls:pwethheuristic:pwethcw:eth,1
