eth:ethertype:ip:udp:stun,12334528
eth:ethertype:ip:udp:data,11374574
eth:ethertype:ip:udp:syslog,4814458
eth:ethertype:ip:udp:dns,4284341
eth:ethertype:ip:udp:ntp,2079974
eth:ethertype:ip:udp:snmp,1818159
eth:ethertype:ip:data,1620618
eth:ethertype:ip:udp:nbns,769312
eth:ethertype:ip:udp:sip,553521
eth:ethertype:ip:udp:cflow,170131
eth:ethertype:ip:udp:coap,143633
eth:ethertype:ip:udp:ssdp,103978
eth:ethertype:ip:udp:sip:xml,102022
eth:ethertype:ip:udp:cldap,94379
eth:ethertype:ip:udp:openvpn,90987
eth:ethertype:ip:udp:mdns,85278
eth:ethertype:ip:udp:isakmp,63658
eth:ethertype:ip:udp:dtls,58046
eth:ethertype:ip:udp:rpc,55258
eth:ethertype:ip:udp:sip:data-text-lines,52747
eth:ethertype:ip:udp:memcache,50969
eth:ethertype:ip:udp,50116
eth:ethertype:ip:udp:capwap,46222
eth:ethertype:ip:udp:dhcp,45117
eth:ethertype:ip:udp:portcontrol,42278
eth:ethertype:ip:udp:gtp,39764
eth:ethertype:ip:udp:srvloc,38194
eth:ethertype:ip:udp:bvlc:bacnet:bacapp,36086
eth:ethertype:ip:udp:snmp:data,32196
eth:ethertype:ip:udp:l2tp,27093
eth:ethertype:ip:udp:chargen,26593
eth:ethertype:ip:udp:quic:tls,25839
eth:ethertype:ip:udp:udpencap:esp,23258
eth:ethertype:ip:udp:xdmcp,22589
eth:ethertype:ip:udp:gquic,21135
eth:ethertype:ip:udp:daytime,20595
eth:ethertype:ip:udp:kerberos,19166
eth:ethertype:ip:udp:rdpudp,18318
eth:ethertype:ip:udp:classicstun,17839
eth:ethertype:ip:udp:radius,17478
eth:ethertype:ip:udp:lwapp:data,17186
eth:ethertype:ip:udp:hart_ip,15377
eth:ethertype:ip:udp:rmcp:ipmi_session:data,13763
eth:ethertype:ip:udp:rip,13599
eth:ethertype:ip:udp:echo,13567
eth:ethertype:ip:udp:omron,13541
eth:ethertype:ip:udp:tftp,13248
eth:ethertype:ip:udp:enip,12356
eth:ethertype:ip:udp:nbdgm:smb:browser,11645
eth:ethertype:ip:udp:gtp:gtpv2,11629
eth:ethertype:ip:udp:time,10322
eth:ethertype:ip:udp:ecatf:ecat,10234
eth:ethertype:ip:udp:steam_ihs_discovery,9578
eth:ethertype:ip:udp:bfd,9424
eth:ethertype:ip:udp:rtcp,9218
eth:ethertype:ip:udp:ax4000,8139
eth:ethertype:ip:udp:udpencap:isakmp,6771
eth:ethertype:ip:udp:kip,6415
eth:ethertype:ip:udp:mgcp,5386
eth:ethertype:ip:udp:coap:data,3654
eth:ethertype:ip:udp:iax2,3604
eth:ethertype:ip:udp:rmcp:asf,3436
eth:ethertype:ip:udp:db-lsp-disc,3398
eth:ethertype:ip:udp:teredo:ipv6,3227
eth:ethertype:ip:udp:wsp,2355
eth:ethertype:ip:udp:quic,1998
eth:ethertype:ip:udp:raknet:raknet,1946
eth:ethertype:ip:udp:wisun.eapol_relay:eapol:data,1869
eth:ethertype:ip:udp:llc:data,1637
eth:ethertype:ip:udp:raknet,1628
eth:ethertype:ip:udp:cipio,1572
eth:ethertype:ip:udp:quake3:data,1516
eth:ethertype:ip:udp:dof,1468
eth:ethertype:ip:udp:dis,1363
eth:ethertype:ip:udp:mint,1329
eth:ethertype:ip:udp:corosync_totemnet:data,1322
eth:ethertype:ip:udp:wtls,1267
eth:ethertype:ip:udp:ecmp,1216
eth:ethertype:ip:udp:teredo:ipv6:icmpv6,1138
eth:ethertype:ip:udp:asterix,1106
eth:ethertype:ip:udp:mipv6,990
eth:ethertype:ip:udp:gtpprime,957
eth:ethertype:ip:udp:rtps,893
eth:ethertype:ip:udp:scop:data,884
eth:ethertype:ip:udp:wtp,844
eth:ethertype:ip:udp:wg,831
eth:ethertype:ip:udp:rdt,804
eth:ethertype:ip:udp:nxp_802154_sniffer:wpan,792
eth:ethertype:ip:udp:mikey,750
eth:ethertype:ip:udp:tzsp,730
eth:ethertype:ip:udp:vrt,714
eth:ethertype:ip:udp:ath,697
eth:ethertype:ip:udp:bfd_echo,692
eth:ethertype:ip:udp:manolito,660
eth:ethertype:ip:udp:gre:data,658
eth:ethertype:ip:udp:bat:data,646
eth:ethertype:ip:udp:llmnr,629
eth:ethertype:ip:udp:pfcp,612
eth:ethertype:ip:udp:gprs-ns:bssgp,605
eth:ethertype:ip:udp:cnip,594
eth:ethertype:ip:udp:ssdp:data,593
eth:ethertype:ip:udp:knet,587
eth:ethertype:ip:udp:ajns,585
eth:ethertype:ip:udp:wlccp,575
eth:ethertype:ip:udp:ts2,574
eth:ethertype:ip:udp:pktc.mtafqdn,571
eth:ethertype:ip:udp:h225,562
eth:ethertype:ip:udp:mih,562
eth:ethertype:ip:udp:tipc,561
eth:ethertype:ip:udp:ecatf:data,546
eth:ethertype:ip:udp:teredo:data,542
eth:ethertype:ip:udp:elasticsearch,533
eth:ethertype:ip:udp:doip,525
eth:ethertype:ip:udp:msproxy,505
eth:ethertype:ip:udp:dmp,492
eth:ethertype:ip:udp:bat.gw:data,489
eth:ethertype:ip:udp:radius:eap,452
eth:ethertype:ip:udp:iax2:data,446
eth:ethertype:ip:udp:hcrt,444
eth:ethertype:ip:udp:tacacs,432
eth:ethertype:ip:udp:nano,417
eth:ethertype:ip:udp:pktc,415
eth:ethertype:ip:udp:rsvp,406
eth:ethertype:ip:udp:idn,405
eth:ethertype:ip:udp:bat.vis:data,400
eth:ethertype:ip:udp:capwap.data,399
eth:ethertype:ip:udp:amt,395
eth:ethertype:ip:udp:opensafety_udp:data,391
eth:ethertype:ip:udp:tplink-smarthome:json:data-text-lines,388
eth:ethertype:ip:udp:quake:data,377
eth:ethertype:ip:udp:opensafety:data,377
eth:ethertype:ip:udp:vuze-dht,372
eth:ethertype:ip:udp:h248,361
eth:ethertype:ip:udp:ipvs,360
eth:ethertype:ip:udp:h501,345
eth:ethertype:ip:udp:geneve:data,338
eth:ethertype:ip:udp:eth:ethertype:data,332
eth:ethertype:ip:udp:pn_rt:pn_ptcp,329
eth:ethertype:ip:udp:rtp,321
eth:ethertype:ip:udp:ieee1722:data,311
eth:ethertype:ip:udp:collectd,307
eth:ethertype:ip:udp:infiniband:data,302
eth:ethertype:ip:udp:rsip,289
eth:ethertype:ip:udp:kink,283
eth:ethertype:ip:udp:ulp,272
eth:ethertype:ip:udp:sctp,256
eth:ethertype:ip:udp:dpnet,255
eth:ethertype:ip:udp:kdp,252
eth:ethertype:ip:udp:mpls:data,248
eth:ethertype:ip:udp:hiqnet,247
eth:ethertype:ip:udp:adp,246
eth:ethertype:ip:udp:iapp,241
eth:ethertype:ip:udp:ayiya,239
eth:ethertype:ip:udp:egd:data,230
eth:ethertype:ip:udp:tetra,207
eth:ethertype:ip:udp:uaudp,201
eth:ethertype:ip:udp:c1222,198
eth:ethertype:ip:udp:lwapp:wlan,194
eth:ethertype:ip:udp:bjnp,194
eth:ethertype:ip:udp:asap,186
eth:ethertype:ip:udp:gsmtap:data,186
eth:ethertype:ip:udp:vxlan:eth:llc:data,178
eth:ethertype:ip:udp:lisp:data,175
eth:ethertype:ip:udp:gprs-ns,175
eth:ethertype:ip:udp:lisp-data,171
eth:ethertype:ip:udp:sap,167
eth:ethertype:ip:udp:ardp,166
eth:ethertype:ip:udp:enrp,164
eth:ethertype:ip:udp:sabp:sabp,163
eth:ethertype:ip:udp:ip,160
eth:ethertype:ip:udp:a21,152
eth:ethertype:ip:udp:ptp,148
eth:ethertype:ip:udp:geneve,142
eth:ethertype:ip:udp:megaco:data,118
eth:ethertype:ip:udp:nbdgm:smb:data,96
eth:ethertype:ip:udp:capwap.data:eth:ethertype:data,96
eth:ethertype:ip:udp:quakeworld:data,94
eth:ethertype:ip:udp:quake2:data,91
eth:ethertype:ip:udp:icp,88
eth:ethertype:ip:udp:dvb_ipdc:data,88
eth:ethertype:ip:udp:sap:sdp,87
eth:ethertype:ip:udp:mpls-echo,86
eth:ethertype:ip:udp:rx,80
eth:ethertype:ip:udp:dcc,79
eth:ethertype:ip:udp:mpls:pwethheuristic:pwethcw:eth:ethertype:data,77
eth:ethertype:ip:udp:raknet:raknet:raknet,75
eth:ethertype:ip:udp:lisp,67
eth:ethertype:ip:udp:stun:data,66
eth:ethertype:ip:udp:pn_rt:pn_io,62
eth:ethertype:ip:udp:gsmtap,58
eth:ethertype:ip:udp:infiniband,57
eth:ethertype:ip:udp:sabp,56
eth:ethertype:ip:udp:enttec,56
eth:ethertype:ip:udp:mpls:ipv6:data,55
eth:ethertype:ip:udp:mpls:ip:data,54
eth:ethertype:ip:udp:capwap.data:dtls,47
eth:ethertype:ip:udp:vxlan:eth:ethertype:data,46
eth:ethertype:ip:udp:sbus,40
eth:ethertype:ip:udp:nxp_802154_sniffer,38
eth:ethertype:ip:udp:gre,37
eth:ethertype:ip:udp:lwapp:wlan:data,36
eth:ethertype:ip:udp:quake3,34
eth:ethertype:ip:udp:wtp:wsp,34
eth:ethertype:ip:udp:lisp-data:ipv6:data,32
eth:ethertype:ip:udp:capwap:dtls,31
eth:ethertype:ip:udp:mpls:ipv6:ipv6.hopopts,30
eth:ethertype:ip:udp:egd,26
eth:ethertype:ip:udp:goose:cotp,23
eth:ethertype:ip:udp:lmp,23
eth:ethertype:ip:udp:ltp,23
eth:ethertype:ip:udp:dhcpv6,22
eth:ethertype:ip:udp:wisun.eapol_relay:eapol,22
eth:ethertype:ip:udp:lisp-data:ip:data,21
eth:ethertype:ip:udp:wol,20
eth:ethertype:ip:udp:cnip:data,19
eth:ethertype:ip:udp:vxlan:eth,19
eth:ethertype:ip:udp:mpls:ip,19
eth:ethertype:ip:udp:find,18
eth:ethertype:ip:udp:jmirror:ipv6:data,18
eth:ethertype:ip:udp:lisp-data:ip,17
eth:ethertype:ip:udp:eth,15
eth:ethertype:ip:udp:thrift,14
eth:ethertype:ip:udp:data:vssmonitoring,13
eth:ethertype:ip:udp:sigcomp,12
eth:ethertype:ip:udp:who,12
eth:ethertype:ip:udp:ieee1722:iec61883,11
eth:ethertype:ip:udp:quake2,11
eth:ethertype:ip:udp:mip,11
eth:ethertype:ip:udp:sabp:sabp:sabp,11
eth:ethertype:ip:udp:ecatf:ioraw,11
eth:ethertype:ip:udp:rsp,11
eth:ethertype:ip:udp:ecatf:tc_nv,11
eth:ethertype:ip:udp:lwres,11
eth:ethertype:ip:udp:sip:data-text-lines:xml,11
eth:ethertype:ip:udp:llc,11
eth:ethertype:ip:udp:dvb_ipdc:alc:data,11
eth:ethertype:ip:udp:auto_rp,10
eth:ethertype:ip:udp:dlep,10
eth:ethertype:ip:udp:ripng,10
eth:ethertype:ip:udp:tapa,9
eth:ethertype:ip:udp:acdr,9
eth:ethertype:ip:udp:rtpproxy,9
eth:ethertype:ip:udp:pn_rt,9
eth:ethertype:ip:udp:l2tp:data,9
eth:ethertype:ip:udp:dcp-etsi:dcp-pft,9
eth:ethertype:ip:udp:bat.gw:ip,9
eth:ethertype:ip:udp:ncp,8
eth:ethertype:ip:udp:tsp,8
eth:ethertype:ip:udp:kpasswd,8
eth:ethertype:ip:udp:dcp-etsi:dcp-af,7
eth:ethertype:ip:udp:dvb_ipdc:alc:rmt-lct,7
eth:ethertype:ip:udp:dlsw,7
eth:ethertype:ip:udp:packetbb,7
eth:ethertype:ip:udp:ecatf:ams,7
eth:ethertype:ip:udp:mpls,7
eth:ethertype:ip:udp:tzsp:data,7
eth:ethertype:ip:udp:sip:sdp,7
eth:ethertype:ip:udp:ipx:data,6
eth:ethertype:ip:udp:msmms,6
eth:ethertype:ip:udp:mndp,6
eth:ethertype:ip:udp:nbdgm,6
eth:ethertype:ip:udp:amt:ip,6
eth:ethertype:ip:udp:scop:wpan,6
eth:ethertype:ip:udp:bat.gw,6
eth:ethertype:ip:udp:quakeworld,6
eth:ethertype:ip:udp:scop,5
eth:ethertype:ip:udp:megaco,5
eth:ethertype:ip:udp:lbtrm,5
eth:ethertype:ip:udp:tipc:data,5
eth:ethertype:ip:udp:ieee1722,5
eth:ethertype:ip:udp:slimp3,5
eth:ethertype:ip:udp:xyplex,5
eth:ethertype:ip:udp:teredo,4
eth:ethertype:ip:udp:mpls:ipv6:esp,4
eth:ethertype:ip:udp:olsr,4
eth:ethertype:ip:udp:armagetronad,4
eth:ethertype:ip:udp:ipx,4
eth:ethertype:ip:udp:pathport,4
eth:ethertype:ip:udp:rx:afs,4
eth:ethertype:ip:udp:mpls:ipv6,3
eth:ethertype:ip:udp:wisun.eapol_relay,3
eth:ethertype:ip:udp:nxp_802154_sniffer:wpan:data,3
eth:ethertype:ip:udp:goose:cotp:goose,3
eth:ethertype:ip:udp:ecatf:ecat_mailbox,3
eth:ethertype:ip:udp:cups,3
eth:ethertype:ip:udp:cigi,3
eth:ethertype:ip:udp:ltp:data,3
eth:ethertype:ip:udp:sip:sigcomp,3
eth:ethertype:ip:udp:mpls:ipv6:swipe,3
eth:ethertype:ip:udp:goose:cotp:data,3
eth:ethertype:ip:udp:jmirror:ipv6:swipe,3
eth:ethertype:ip:udp:quake,3
eth:ethertype:ip:udp:lwapp,2
eth:ethertype:ip:udp:mint:eth:ethertype:data,2
eth:ethertype:ip:udp:papi,2
eth:ethertype:ip:udp:mpls:pwethheuristic:pwethcw:eth,2
eth:ethertype:ip:udp:wimaxasncp,2
eth:ethertype:ip:udp:mpls:pwethheuristic:pwethnocw:eth:ethertype:data,2
eth:ethertype:ip:udp:a11,2
eth:ethertype:ip:udp:rsp:data,2
eth:ethertype:ip:udp:lisp-data:ipv6,2
eth:ethertype:ip:udp:acdr:data,2
eth:ethertype:ip:udp:cpfi,2
eth:ethertype:ip:udp:rdpudp:tls,2
eth:ethertype:ip:udp:mpls:pwethheuristic:pwethcw:eth:llc:data,2
eth:ethertype:ip:udp:capwap:data,2
eth:ethertype:ip:udp:mpls:ipv6:vrrp,2
eth:ethertype:ip:udp:wccp,2
eth:ethertype:ip:udp:ecatf,2
eth:ethertype:ip:udp:jmirror:ip:data,2
eth:ethertype:ip:udp:adwin,2
eth:ethertype:ip:udp:epl,2
eth:ethertype:ip:udp:h225:data,1
eth:ethertype:ip:udp:sflow,1
eth:ethertype:ip:udp:opensafety_udp,1
eth:ethertype:ip:udp:cnip:lon,1
eth:ethertype:ip:udp:mpls:ipv6:pim,1
eth:ethertype:ip:udp:mpls:ipv6:gre:data,1
eth:ethertype:ip:udp:tplink-smarthome:json,1
eth:ethertype:ip:udp:llc:sna:data,1
eth:ethertype:ip:udp:llc:osi:data,1
eth:ethertype:ip:udp:actrace,1
eth:ethertype:ip:udp:aodv,1
eth:ethertype:ip:udp:mpls:ipv6:etherip:eth:llc:data,1
eth:ethertype:ip:udp:capwap.data:eth:ethertype:c15.ch,1
eth:ethertype:ip:udp:mpls:pwethheuristic:pwethcw:eth:data,1
eth:ethertype:ip:udp:lisp-data:ipv6:ipv6.routing,1
eth:ethertype:ip:udp:lisp-data:ipv6:ah,1
eth:ethertype:ip:udp:lisp-data:ipv6:ipcomp:data,1
eth:ethertype:ip:udp:udpencap:data,1
eth:ethertype:ip:udp:mpls:ipv6:ah,1
eth:ethertype:ip:udp:acdr:ip:data,1
eth:ethertype:ip:udp:capwap.data:data,1
eth:ethertype:ip:udp:capwap.data:eth:ethertype:mdshdr:fc,1
eth:ethertype:ip:udp:rdpudp:data,1
eth:ethertype:ip:udp:jmirror:ipv6,1
eth:ethertype:ip:udp:jmirror:ipv6:esp,1
eth:ethertype:ip:udp:jmirror:ipv6:vrrp,1
eth:ethertype:ip:udp:jmirror:ipv6:l2tp:data,1
eth:ethertype:ip:udp:jmirror:ipv6:dsr:data,1
eth:ethertype:ip:udp:jmirror:ipv6:ipcomp:data,1
eth:ethertype:ip:udp:megaco:h248,1
eth:ethertype:ip:udp:eth:ethertype:c15.ch,1
eth:ethertype:ip:udp:lwapp:wlan:llc:data,1
eth:ethertype:ip:udp:tpcp,1
eth:ethertype:ip:udp:capwap.data:eth,1
eth:ethertype:ip:udp:gsmtap:gsm_sim,1
eth:ethertype:ip:udp:icq,1
eth:ethertype:ip:udp:tzsp:eth:ethertype:data,1
eth:ethertype:ip:udp:rdpudp:dtls,1
