eth:ethertype:ip:udp:data,11053803
eth:ethertype:ip:udp:stun,6347962
eth:ethertype:ip:udp:syslog,5749805
eth:ethertype:ip:udp:dns,4115301
eth:ethertype:ip:udp:ntp,2127889
eth:ethertype:ip:udp:snmp,1815907
eth:ethertype:ip:data,1628374
eth:ethertype:ip:udp:nbns,901159
eth:ethertype:ip:udp:sip,350782
eth:ethertype:ip:udp:coap,163109
eth:ethertype:ip:udp:cflow,153676
eth:ethertype:ip:udp:cldap,126585
eth:ethertype:ip:udp:ssdp,114622
eth:ethertype:ip:udp:sip:xml,102244
eth:ethertype:ip:udp:mdns,98475
eth:ethertype:ip:udp:rpc,93973
eth:ethertype:ip:udp:openvpn,90034
eth:ethertype:ip:udp,77022
eth:ethertype:ip:udp:isakmp,71224
eth:ethertype:ip:udp:dtls,70612
eth:ethertype:ip:udp:memcache,63317
eth:ethertype:ip:udp:portcontrol,53503
eth:ethertype:ip:udp:sip:data-text-lines,52930
eth:ethertype:ip:udp:bvlc:bacnet:bacapp,49282
eth:ethertype:ip:udp:dhcp,48578
eth:ethertype:ip:udp:capwap,45307
eth:ethertype:ip:udp:gtp,41111
eth:ethertype:ip:udp:srvloc,38592
eth:ethertype:ip:udp:chargen,38508
eth:ethertype:ip:udp:rip,28535
eth:ethertype:ip:udp:l2tp,28247
eth:ethertype:ip:udp:xdmcp,27515
eth:ethertype:ip:udp:radius,26715
eth:ethertype:ip:udp:quic:tls,26590
eth:ethertype:ip:udp:udpencap:esp,22710
eth:ethertype:ip:udp:gquic,21144
eth:ethertype:ip:udp:quake3,20557
eth:ethertype:ip:udp:kerberos,19698
eth:ethertype:ip:udp:lwapp:data,17295
eth:ethertype:ip:udp:rmcp:ipmi_session:data,16618
eth:ethertype:ip:udp:rdpudp,16409
eth:ethertype:ip:udp:echo,13949
eth:ethertype:ip:udp:omron,13489
eth:ethertype:ip:udp:tftp,13388
eth:ethertype:ip:udp:classicstun,13379
eth:ethertype:ip:udp:enip,12877
eth:ethertype:ip:udp:nbdgm:smb:browser,11774
eth:ethertype:ip:udp:gtp:gtpv2,11595
eth:ethertype:ip:udp:daytime,10653
eth:ethertype:ip:udp:rpc:data,10556
eth:ethertype:ip:udp:raknet,10470
eth:ethertype:ip:udp:time,10319
eth:ethertype:ip:udp:ecatf:ecat,10037
eth:ethertype:ip:udp:quic,10025
eth:ethertype:ip:udp:steam_ihs_discovery,9472
eth:ethertype:ip:udp:bfd,8884
eth:ethertype:ip:udp:udpencap:isakmp,8351
eth:ethertype:ip:udp:rtcp,7926
eth:ethertype:ip:udp:hart_ip,6059
eth:ethertype:ip:udp:kip,6046
eth:ethertype:ip:udp:mgcp,5651
eth:ethertype:ip:udp:iax2,5490
eth:ethertype:ip:udp:coap:data,3787
eth:ethertype:ip:udp:rmcp:asf,3433
eth:ethertype:ip:udp:teredo:ipv6,2500
eth:ethertype:ip:udp:cipio,2175
eth:ethertype:ip:udp:wsp,1924
eth:ethertype:ip:udp:dis,1633
eth:ethertype:ip:udp:quake3:data,1560
eth:ethertype:ip:udp:raknet:raknet,1411
eth:ethertype:ip:udp:manolito,1332
eth:ethertype:ip:udp:bat:data,1243
eth:ethertype:ip:udp:llc:data,1219
eth:ethertype:ip:udp:ajns,1189
eth:ethertype:ip:udp:asterix,1106
eth:ethertype:ip:udp:mipv6,1087
eth:ethertype:ip:udp:gtpprime,1038
eth:ethertype:ip:udp:wtp,1027
eth:ethertype:ip:udp:rtps,906
eth:ethertype:ip:udp:dof,885
eth:ethertype:ip:udp:wtls,761
eth:ethertype:ip:udp:lwapp:wlan,760
eth:ethertype:ip:udp:opensafety_udp:data,756
eth:ethertype:ip:udp:kink,719
eth:ethertype:ip:udp:megaco:data,680
eth:ethertype:ip:udp:rdt,662
eth:ethertype:ip:udp:ssdp:data,613
eth:ethertype:ip:udp:corosync_totemnet:data,607
eth:ethertype:ip:udp:wisun.eapol_relay:eapol:data,602
eth:ethertype:ip:udp:ieee1722:data,599
eth:ethertype:ip:udp:bat.vis:data,593
eth:ethertype:ip:udp:idn,582
eth:ethertype:ip:udp:vuze-dht,568
eth:ethertype:ip:udp:stun:data,553
eth:ethertype:ip:udp:teredo:ipv6:icmpv6,549
eth:ethertype:ip:udp:rsvp,521
eth:ethertype:ip:udp:nxp_802154_sniffer:wpan,503
eth:ethertype:ip:udp:ecmp,499
eth:ethertype:ip:udp:nxp_802154_sniffer,466
eth:ethertype:ip:udp:radius:eap,466
eth:ethertype:ip:udp:cnip,461
eth:ethertype:ip:udp:adp,437
eth:ethertype:ip:udp:hiqnet,413
eth:ethertype:ip:udp:pktc.mtafqdn,407
eth:ethertype:ip:udp:hcrt,407
eth:ethertype:ip:udp:llmnr,402
eth:ethertype:ip:udp:mint,399
eth:ethertype:ip:udp:scop:data,390
eth:ethertype:ip:udp:h501,381
eth:ethertype:ip:udp:sctp,379
eth:ethertype:ip:udp:wg,379
eth:ethertype:ip:udp:h225,369
eth:ethertype:ip:udp:wlccp,368
eth:ethertype:ip:udp:eth:ethertype:data,366
eth:ethertype:ip:udp:pfcp,352
eth:ethertype:ip:udp:ath,339
eth:ethertype:ip:udp:a21,335
eth:ethertype:ip:udp:tipc,334
eth:ethertype:ip:udp:uaudp,331
eth:ethertype:ip:udp:dpnet,327
eth:ethertype:ip:udp:c1222,327
eth:ethertype:ip:udp:mpls-echo,306
eth:ethertype:ip:udp:bat.gw:data,304
eth:ethertype:ip:udp:gprs-ns:bssgp,297
eth:ethertype:ip:udp:msproxy,286
eth:ethertype:ip:udp:h248,280
eth:ethertype:ip:udp:rsip,271
eth:ethertype:ip:udp:ulp,263
eth:ethertype:ip:udp:mikey,256
eth:ethertype:ip:udp:dmp,256
eth:ethertype:ip:udp:iax2:data,246
eth:ethertype:ip:udp:tzsp,243
eth:ethertype:ip:udp:knet,241
eth:ethertype:ip:udp:elasticsearch,239
eth:ethertype:ip:udp:mpls:data,237
eth:ethertype:ip:udp:gsmtap:data,234
eth:ethertype:ip:udp:icp,233
eth:ethertype:ip:udp:geneve:data,229
eth:ethertype:ip:udp:raknet:raknet:raknet,227
eth:ethertype:ip:udp:teredo:data,226
eth:ethertype:ip:udp:vxlan:eth:llc:data,222
eth:ethertype:ip:udp:vrt,222
eth:ethertype:ip:udp:asap,213
eth:ethertype:ip:udp:amt,198
eth:ethertype:ip:udp:tetra,198
eth:ethertype:ip:udp:mih,194
eth:ethertype:ip:udp:pn_rt:pn_ptcp,194
eth:ethertype:ip:udp:sbus,185
eth:ethertype:ip:udp:sap,179
eth:ethertype:ip:udp:gprs-ns,175
eth:ethertype:ip:udp:db-lsp-disc,170
eth:ethertype:ip:udp:bjnp,170
eth:ethertype:ip:udp:lisp-data,161
eth:ethertype:ip:udp:opensafety:data,161
eth:ethertype:ip:udp:ipvs,156
eth:ethertype:ip:udp:ecatf:data,152
eth:ethertype:ip:udp:tacacs,142
eth:ethertype:ip:udp:pktc,140
eth:ethertype:ip:udp:nano,137
eth:ethertype:ip:udp:kdp,136
eth:ethertype:ip:udp:quake2,118
eth:ethertype:ip:udp:iapp,112
eth:ethertype:ip:udp:ts2,109
eth:ethertype:ip:udp:sabp,101
eth:ethertype:ip:udp:pn_rt:pn_io,99
eth:ethertype:ip:udp:ayiya,96
eth:ethertype:ip:udp:nbdgm:smb:data,96
eth:ethertype:ip:udp:enrp,96
eth:ethertype:ip:udp:lwapp:wlan:data,96
eth:ethertype:ip:udp:ax4000,91
eth:ethertype:ip:udp:tplink-smarthome:json:data-text-lines,89
eth:ethertype:ip:udp:dcc,89
eth:ethertype:ip:udp:doip,86
eth:ethertype:ip:udp:sap:sdp,86
eth:ethertype:ip:udp:egd:data,85
eth:ethertype:ip:udp:rx,81
eth:ethertype:ip:udp:infiniband,76
eth:ethertype:ip:udp:quake2:data,67
eth:ethertype:ip:udp:quakeworld:data,66
eth:ethertype:ip:udp:bfd_echo,66
eth:ethertype:ip:udp:collectd,62
eth:ethertype:ip:udp:geneve,58
eth:ethertype:ip:udp:quake:data,57
eth:ethertype:ip:udp:gre:data,55
eth:ethertype:ip:udp:capwap.data,54
eth:ethertype:ip:udp:vxlan:eth:ethertype:data,50
eth:ethertype:ip:udp:mpls:pwethheuristic:pwethcw:eth:ethertype:data,50
eth:ethertype:ip:udp:ltp,49
eth:ethertype:ip:udp:dvb_ipdc:data,47
eth:ethertype:ip:udp:goose:cotp,42
eth:ethertype:ip:udp:gsmtap,42
eth:ethertype:ip:udp:gre,41
eth:ethertype:ip:udp:msmms,41
eth:ethertype:ip:udp:lisp,39
eth:ethertype:ip:udp:thrift,39
eth:ethertype:ip:udp:lisp:data,34
eth:ethertype:ip:udp:sabp:sabp,32
eth:ethertype:ip:udp:egd,32
eth:ethertype:ip:udp:mpls:ip:data,31
eth:ethertype:ip:udp:wisun.eapol_relay:eapol,30
eth:ethertype:ip:udp:ecatf:ioraw,30
eth:ethertype:ip:udp:mpls:ipv6:data,30
eth:ethertype:ip:udp:capwap.data:eth:ethertype:data,29
eth:ethertype:ip:udp:cnip:data,27
eth:ethertype:ip:udp:wtp:wsp,27
eth:ethertype:ip:udp:lisp-data:ip:data,25
eth:ethertype:ip:udp:wisun.eapol_relay,24
eth:ethertype:ip:udp:enttec,24
eth:ethertype:ip:udp:udt,24
eth:ethertype:ip:udp:capwap.data:dtls,22
eth:ethertype:ip:udp:dhcpv6,22
eth:ethertype:ip:udp:mpls:pwethheuristic:pwethnocw:eth:llc:data,22
eth:ethertype:ip:udp:lisp-data:ipv6:data,20
eth:ethertype:ip:udp:wol,20
eth:ethertype:ip:udp:mpls:ip,19
eth:ethertype:ip:udp:llc,18
eth:ethertype:ip:udp:mpls:ipv6:ipv6.hopopts,18
eth:ethertype:ip:udp:eth,17
eth:ethertype:ip:udp:ecatf:ecat_mailbox,17
eth:ethertype:ip:udp:pn_rt,16
eth:ethertype:ip:udp:ardp,16
eth:ethertype:ip:udp:l2tp:data,16
eth:ethertype:ip:udp:vxlan:eth,15
eth:ethertype:ip:udp:ieee1722:iec61883,14
eth:ethertype:ip:udp:rtpproxy,14
eth:ethertype:ip:udp:ecatf:tc_nv,14
eth:ethertype:ip:udp:dcp-etsi:dcp-af,14
eth:ethertype:ip:udp:dcp-etsi:dcp-pft,13
eth:ethertype:ip:udp:nxp_802154_sniffer:wpan:data,13
eth:ethertype:ip:udp:mndp,12
eth:ethertype:ip:udp:ecatf:ams,12
eth:ethertype:ip:udp:rx:afs,12
eth:ethertype:ip:udp:dlep,11
eth:ethertype:ip:udp:sip:data-text-lines:xml,11
eth:ethertype:ip:udp:tsp,10
eth:ethertype:ip:udp:who,10
eth:ethertype:ip:udp:xyplex,10
eth:ethertype:ip:udp:data:vssmonitoring,10
eth:ethertype:ip:udp:lwres,9
eth:ethertype:ip:udp:dlsw,9
eth:ethertype:ip:udp:rsp,9
eth:ethertype:ip:udp:auto_rp,9
eth:ethertype:ip:udp:lmp,8
eth:ethertype:ip:udp:sip:sdp,8
eth:ethertype:ip:udp:lisp-data:ipv6,8
eth:ethertype:ip:udp:sigcomp,8
eth:ethertype:ip:udp:lisp-data:ip,8
eth:ethertype:ip:udp:dvb_ipdc:alc:data,8
eth:ethertype:ip:udp:rdpudp:tls,8
eth:ethertype:ip:udp:scop,7
eth:ethertype:ip:udp:acdr,7
eth:ethertype:ip:udp:ncp,7
eth:ethertype:ip:udp:mip,7
eth:ethertype:ip:udp:slimp3,7
eth:ethertype:ip:udp:mpls,7
eth:ethertype:ip:udp:capwap:dtls,7
eth:ethertype:ip:udp:kpasswd,6
eth:ethertype:ip:udp:olsr,6
eth:ethertype:ip:udp:find,6
eth:ethertype:ip:udp:jmirror:ipv6:data,6
eth:ethertype:ip:udp:h225:data,6
eth:ethertype:ip:udp:ripng,6
eth:ethertype:ip:udp:cups,6
eth:ethertype:ip:udp:mpls:pwach:data,6
eth:ethertype:ip:udp:nbdgm,5
eth:ethertype:ip:udp:tzsp:data,5
eth:ethertype:ip:udp:eth:llc:data,5
eth:ethertype:ip:udp:tapa,5
eth:ethertype:ip:udp:mpls:ipv6,5
eth:ethertype:ip:udp:rpc:nfs,4
eth:ethertype:ip:udp:icq,4
eth:ethertype:ip:udp:infiniband:data,4
eth:ethertype:ip:udp:bat,4
eth:ethertype:ip:udp:lbtrm,4
eth:ethertype:ip:udp:ipx:data,4
eth:ethertype:ip:udp:armagetronad,4
eth:ethertype:ip:udp:quake,4
eth:ethertype:ip:udp:packetbb,4
eth:ethertype:ip:udp:quakeworld,4
eth:ethertype:ip:udp:amt:ip,4
eth:ethertype:ip:udp:mint:eth:ethertype:data,4
eth:ethertype:ip:udp:ecatf,4
eth:ethertype:ip:udp:cpfi,3
eth:ethertype:ip:udp:ptp,3
eth:ethertype:ip:udp:epl,3
eth:ethertype:ip:udp:megaco,3
eth:ethertype:ip:udp:pathport,3
eth:ethertype:ip:udp:llc:osi:data,3
eth:ethertype:ip:udp:ltp:data,3
eth:ethertype:ip:udp:lwapp,3
eth:ethertype:ip:udp:goose:cotp:data,3
eth:ethertype:ip:udp:capwap.data:data,2
eth:ethertype:ip:udp:aodv,2
eth:ethertype:ip:udp:mdns:vssmonitoring,2
eth:ethertype:ip:udp:lisp-data:ipv6:pim,2
eth:ethertype:ip:udp:ip,2
eth:ethertype:ip:udp:wccp,2
eth:ethertype:ip:udp:tzsp:eth:ethertype:data,2
eth:ethertype:ip:udp:ipx,2
eth:ethertype:ip:udp:ddtp,2
eth:ethertype:ip:udp:a11,2
eth:ethertype:ip:udp:mpls:pwethheuristic:pwethcw:eth,2
eth:ethertype:ip:udp:gvcp,2
eth:ethertype:ip:udp:dvb_ipdc:alc:rmt-lct,2
eth:ethertype:ip:udp:sip:sigcomp,2
eth:ethertype:ip:udp:edonkey,2
eth:ethertype:ip:udp:uftp:uftp4,2
eth:ethertype:ip:udp:uftp:uftp5,2
eth:ethertype:ip:udp:tpcp,2
eth:ethertype:ip:udp:cnip:lon,1
eth:ethertype:ip:udp:llc:ip,1
eth:ethertype:ip:udp:stun:tftp,1
eth:ethertype:ip:udp:oicq,1
eth:ethertype:ip:udp:mp2t,1
eth:ethertype:ip:udp:db-lsp-disc:json:data-text-lines,1
eth:ethertype:ip:udp:jmirror:ipv6:osi:data,1
eth:ethertype:ip:udp:jmirror:ip:data,1
eth:ethertype:ip:udp:llc:sna,1
eth:ethertype:ip:udp:llc:sna:data,1
eth:ethertype:ip:udp:lisp-data:ipv6:vines_frp:vines_ip:data,1
eth:ethertype:ip:udp:lisp-data:ipv6:l2tp:data,1
eth:ethertype:ip:udp:lisp-data:ipv6:eigrp,1
eth:ethertype:ip:udp:lisp-data:ipv6:lwl4,1
eth:ethertype:ip:udp:lisp-data:ipv6:etherip:eth:llc,1
eth:ethertype:ip:udp:lisp-data:ipv6:ospf,1
eth:ethertype:ip:udp:infiniband:infiniband.eoib:data,1
eth:ethertype:ip:udp:wimaxasncp,1
eth:ethertype:ip:udp:snmp:data,1
eth:ethertype:ip:udp:acdr:data,1
eth:ethertype:ip:udp:udpencap,1
eth:ethertype:ip:udp:ieee1722,1
eth:ethertype:ip:udp:ssyncp,1
eth:ethertype:ip:udp:bat.gw,1
eth:ethertype:ip:udp:mpls:ipv6:l2tp:data,1
eth:ethertype:ip:udp:mpls:ipv6:gre,1
eth:ethertype:ip:udp:mpls:ipv6:pgm,1
eth:ethertype:ip:udp:mpls:ipv6:esp,1
eth:ethertype:ip:udp:mpls:ipv6:vrrp,1
eth:ethertype:ip:udp:mpls:ipv6:swipe,1
eth:ethertype:ip:udp:mpls:ipv6:ipv6.routing,1
eth:ethertype:ip:udp:mpls:ipv6:lwl4,1
eth:ethertype:ip:udp:mpls:ipv6:osi:data,1
eth:ethertype:ip:udp:rmcp:ipmi_session,1
eth:ethertype:ip:udp:adwin,1
eth:ethertype:ip:udp:bat.gw:ip,1
eth:ethertype:ip:udp:megaco:h248,1
eth:ethertype:ip:udp:tipc:data,1
eth:ethertype:ip:udp:mpls:pwethheuristic:pwethnocw:eth:ethertype:data,1
eth:ethertype:ip:udp:ayiya:swipe,1
eth:ethertype:ip:udp:quic:tls:tls:tls:tls:tls:tls,1
eth:ethertype:ip:udp:quic:tls:tls,1
eth:ethertype:ip:udp:quic:tls:tls:tls:tls:tls:tls:tls:tls,1
eth:ethertype:ip:udp:quic:tls:tls:tls:tls:tls:tls:tls:tls:tls:tls,1
