eth:ethertype:ip:udp:data,7581729
eth:ethertype:ip:udp:stun,6860707
eth:ethertype:ip:udp:dns,4679268
eth:ethertype:ip:udp:syslog,4653743
eth:ethertype:ip:udp:snmp,2272516
eth:ethertype:ip:udp:ntp,2104566
eth:ethertype:ip:data,1099451
eth:ethertype:ip:udp:nbns,676139
eth:ethertype:ip:udp:sip,542198
eth:ethertype:ip:udp:cflow,172804
eth:ethertype:ip:udp:cldap,170685
eth:ethertype:ip:udp,111110
eth:ethertype:ip:udp:sip:xml,102015
eth:ethertype:ip:udp:mdns,86672
eth:ethertype:ip:udp:ssdp,83530
eth:ethertype:ip:udp:rpc,78841
eth:ethertype:ip:udp:coap,75526
eth:ethertype:ip:udp:openvpn,64272
eth:ethertype:ip:udp:isakmp,62319
eth:ethertype:ip:udp:dtls,57780
eth:ethertype:ip:udp:sip:data-text-lines,52382
eth:ethertype:ip:udp:gtp,49791
eth:ethertype:ip:udp:srvloc,46990
eth:ethertype:ip:udp:memcache,43831
eth:ethertype:ip:udp:dhcp,42284
eth:ethertype:ip:udp:portcontrol,42216
eth:ethertype:ip:udp:capwap,37592
eth:ethertype:ip:udp:bvlc:bacnet:bacapp,36071
eth:ethertype:ip:udp:chargen,32330
eth:ethertype:ip:udp:l2tp,29198
eth:ethertype:ip:udp:quic:tls,26511
eth:ethertype:ip:udp:rip,24843
eth:ethertype:ip:udp:rmcp:ipmi_session:data,24503
eth:ethertype:ip:udp:tftp,23370
eth:ethertype:ip:udp:udpencap:esp,22827
eth:ethertype:ip:udp:xdmcp,22393
eth:ethertype:ip:udp:daytime,21600
eth:ethertype:ip:udp:gquic,20510
eth:ethertype:ip:udp:kerberos,19510
eth:ethertype:ip:udp:quake3,18194
eth:ethertype:ip:udp:lwapp:data,17265
eth:ethertype:ip:udp:rdpudp,16280
eth:ethertype:ip:udp:radius,15485
eth:ethertype:ip:udp:hart_ip,15035
eth:ethertype:ip:udp:echo,13964
eth:ethertype:ip:udp:omron,13053
eth:ethertype:ip:udp:enip,12811
eth:ethertype:ip:udp:classicstun,11522
eth:ethertype:ip:udp:gtp:gtpv2,11319
eth:ethertype:ip:udp:time,11308
eth:ethertype:ip:udp:bfd,11223
eth:ethertype:ip:udp:rpc:data,10516
eth:ethertype:ip:udp:nbdgm:smb:browser,10494
eth:ethertype:ip:udp:ecatf:ecat,10228
eth:ethertype:ip:udp:steam_ihs_discovery,9878
eth:ethertype:ip:udp:rtcp,8666
eth:ethertype:ip:udp:quic,7567
eth:ethertype:ip:udp:teredo:ipv6,7530
eth:ethertype:ip:udp:udpencap:isakmp,6867
eth:ethertype:ip:udp:kip,6377
eth:ethertype:ip:udp:mgcp,4954
eth:ethertype:ip:udp:iax2,4140
eth:ethertype:ip:udp:sip:sdp,3627
eth:ethertype:ip:udp:coap:data,3555
eth:ethertype:ip:udp:rmcp:asf,3294
eth:ethertype:ip:udp:rtps,1784
eth:ethertype:ip:udp:wtls,1660
eth:ethertype:ip:udp:wsp,1651
eth:ethertype:ip:udp:raknet:raknet,1576
eth:ethertype:ip:udp:cipio,1367
eth:ethertype:ip:udp:dis,1201
eth:ethertype:ip:udp:gtpprime,1065
eth:ethertype:ip:udp:teredo:ipv6:icmpv6,1054
eth:ethertype:ip:udp:quake3:data,965
eth:ethertype:ip:udp:mactelnet,881
eth:ethertype:ip:udp:h225,873
eth:ethertype:ip:udp:pn_rt:pn_ptcp,706
eth:ethertype:ip:udp:kink,702
eth:ethertype:ip:udp:doip,669
eth:ethertype:ip:udp:ssdp:data,665
eth:ethertype:ip:udp:uaudp,604
eth:ethertype:ip:udp:llc:data,555
eth:ethertype:ip:udp:wtp,555
eth:ethertype:ip:udp:rx,541
eth:ethertype:ip:udp:rdt,531
eth:ethertype:ip:udp:asterix,442
eth:ethertype:ip:udp:corosync_totemnet:data,427
eth:ethertype:ip:udp:mikey,418
eth:ethertype:ip:udp:wisun.eapol_relay:eapol:data,405
eth:ethertype:ip:udp:mipv6,396
eth:ethertype:ip:udp:radius:eap,383
eth:ethertype:ip:udp:teredo:data,382
eth:ethertype:ip:udp:rsip,345
eth:ethertype:ip:udp:dof,331
eth:ethertype:ip:udp:scop:data,330
eth:ethertype:ip:udp:tzsp,303
eth:ethertype:ip:udp:ath,294
eth:ethertype:ip:udp:stun:data,290
eth:ethertype:ip:udp:capwap.data,289
eth:ethertype:ip:udp:bat.gw:data,288
eth:ethertype:ip:udp:knet,286
eth:ethertype:ip:udp:manolito,265
eth:ethertype:ip:udp:ecmp,242
eth:ethertype:ip:udp:sbus,239
eth:ethertype:ip:udp:wg,225
eth:ethertype:ip:udp:lisp:data,218
eth:ethertype:ip:udp:eth:ethertype:data,218
eth:ethertype:ip:udp:amt,216
eth:ethertype:ip:udp:hcrt,213
eth:ethertype:ip:udp:ts2,213
eth:ethertype:ip:udp:mactelnet:data,205
eth:ethertype:ip:udp:ulp,204
eth:ethertype:ip:udp:msproxy,201
eth:ethertype:ip:udp:tetra,201
eth:ethertype:ip:udp:db-lsp-disc:json,184
eth:ethertype:ip:udp:mint,180
eth:ethertype:ip:udp:mpls-echo,174
eth:ethertype:ip:udp:elasticsearch,167
eth:ethertype:ip:udp:pktc,164
eth:ethertype:ip:udp:nxp_802154_sniffer:wpan,164
eth:ethertype:ip:udp:ardp,156
eth:ethertype:ip:udp:bjnp,155
eth:ethertype:ip:udp:infiniband:data,150
eth:ethertype:ip:udp:rsvp,136
eth:ethertype:ip:udp:tacacs,133
eth:ethertype:ip:udp:c1222,131
eth:ethertype:ip:udp:sabp:sabp,127
eth:ethertype:ip:udp:gprs-ns,125
eth:ethertype:ip:udp:bat:data,116
eth:ethertype:ip:udp:llmnr,114
eth:ethertype:ip:udp:papi,113
eth:ethertype:ip:udp:h501,108
eth:ethertype:ip:udp:kdp,103
eth:ethertype:ip:udp:pktc.mtafqdn,95
eth:ethertype:ip:udp:bfd_echo,95
eth:ethertype:ip:udp:vrt,92
eth:ethertype:ip:udp:adp,92
eth:ethertype:ip:udp:iax2:data,91
eth:ethertype:ip:udp:ipvs,90
eth:ethertype:ip:udp:dmp,90
eth:ethertype:ip:udp:mih,87
eth:ethertype:ip:udp:megaco:data,83
eth:ethertype:ip:udp:pfcp,82
eth:ethertype:ip:udp:db-lsp-disc,82
eth:ethertype:ip:udp:ayiya,81
eth:ethertype:ip:udp:cnip,81
eth:ethertype:ip:udp:ieee1722:data,79
eth:ethertype:ip:udp:mpls:data,79
eth:ethertype:ip:udp:a21,78
eth:ethertype:ip:udp:ecatf:data,77
eth:ethertype:ip:udp:vuze-dht,77
eth:ethertype:ip:udp:dcc,77
eth:ethertype:ip:udp:nano,76
eth:ethertype:ip:udp:asap,73
eth:ethertype:ip:udp:icp,69
eth:ethertype:ip:udp:egd:data,67
eth:ethertype:ip:udp:enrp,67
eth:ethertype:ip:udp:collectd,66
eth:ethertype:ip:udp:ajns,66
eth:ethertype:ip:udp:nbdgm,66
eth:ethertype:ip:udp:raknet,65
eth:ethertype:ip:udp:data:vssmonitoring,64
eth:ethertype:ip:udp:tipc,62
eth:ethertype:ip:udp:wlccp,61
eth:ethertype:ip:udp:lisp-data,61
eth:ethertype:ip:udp:vxlan:eth:ethertype:data,61
eth:ethertype:ip:udp:idn,60
eth:ethertype:ip:udp:pn_rt:pn_io,57
eth:ethertype:ip:udp:hiqnet,56
eth:ethertype:ip:udp:quake:data,56
eth:ethertype:ip:udp:quakeworld:data,55
eth:ethertype:ip:udp:sctp,55
eth:ethertype:ip:udp:ax4000,54
eth:ethertype:ip:udp:opensafety:data,53
eth:ethertype:ip:udp:lwapp:wlan,49
eth:ethertype:ip:udp:iapp,49
eth:ethertype:ip:udp:sap,46
eth:ethertype:ip:udp:gsmtap:data,45
eth:ethertype:ip:udp:gre,45
eth:ethertype:ip:udp:geneve,45
eth:ethertype:ip:udp:bat.vis:data,44
eth:ethertype:ip:udp:sabp,44
eth:ethertype:ip:udp:dvb_ipdc:data,42
eth:ethertype:ip:udp:gsmtap,40
eth:ethertype:ip:udp:h248,40
eth:ethertype:ip:udp:thrift,39
eth:ethertype:ip:udp:opensafety_udp:data,38
eth:ethertype:ip:udp:goose:cotp,38
eth:ethertype:ip:udp:infiniband,37
eth:ethertype:ip:udp:nxp_802154_sniffer,36
eth:ethertype:ip:udp:rpc:portmap,36
eth:ethertype:ip:udp:tplink-smarthome:json:data-text-lines,35
eth:ethertype:ip:udp:dpnet,33
eth:ethertype:ip:udp:lisp,33
eth:ethertype:ip:udp:gre:data,32
eth:ethertype:ip:udp:quake2:data,31
eth:ethertype:ip:udp:geneve:data,27
eth:ethertype:ip:udp:pn_rt,23
eth:ethertype:ip:udp:nxp_802154_sniffer:wpan:data,23
eth:ethertype:ip:udp:vxlan:eth,22
eth:ethertype:ip:udp:egd,22
eth:ethertype:ip:udp:lwapp:wlan:data,20
eth:ethertype:ip:udp:dhcpv6,19
eth:ethertype:ip:udp:ltp,19
eth:ethertype:ip:udp:mpls,17
eth:ethertype:ip:udp:cnip:data,17
eth:ethertype:ip:udp:capwap:dtls,16
eth:ethertype:ip:udp:wtp:wsp,16
eth:ethertype:ip:udp:eth,15
eth:ethertype:ip:udp:capwap.data:dtls,15
eth:ethertype:ip:udp:llc,15
eth:ethertype:ip:udp:who,13
eth:ethertype:ip:udp:tzsp:data,13
eth:ethertype:ip:udp:quake2,12
eth:ethertype:ip:udp:mpls:ipv6:data,12
eth:ethertype:ip:udp:ncp,12
eth:ethertype:ip:udp:find,11
eth:ethertype:ip:udp:kpasswd,11
eth:ethertype:ip:udp:wisun.eapol_relay,11
eth:ethertype:ip:udp:slimp3,10
eth:ethertype:ip:udp:dcp-etsi:dcp-pft,9
eth:ethertype:ip:udp:tsp,9
eth:ethertype:ip:udp:quake,9
eth:ethertype:ip:udp:gprs-ns:bssgp,9
eth:ethertype:ip:udp:dvb_ipdc:alc:data,9
eth:ethertype:ip:udp:scop,8
eth:ethertype:ip:udp:lwres,8
eth:ethertype:ip:udp:lmp,8
eth:ethertype:ip:udp:lisp-data:ipv6:data,8
eth:ethertype:ip:udp:ecatf:ioraw,7
eth:ethertype:ip:udp:sigcomp,7
eth:ethertype:ip:udp:ecatf:tc_nv,7
eth:ethertype:ip:udp:capwap.data:eth:ethertype:data,7
eth:ethertype:ip:udp:cups,6
eth:ethertype:ip:udp:auto_rp,6
eth:ethertype:ip:udp:data:f5ethtrailer,6
eth:ethertype:ip:udp:packetbb,6
eth:ethertype:ip:udp:ieee1722:iec61883,6
eth:ethertype:ip:udp:mpls:ip,6
eth:ethertype:ip:udp:mpls:ipv6,6
eth:ethertype:ip:udp:rx:afs,6
eth:ethertype:ip:udp:dlep,6
eth:ethertype:ip:udp:icq,6
eth:ethertype:ip:udp:rtpproxy,5
eth:ethertype:ip:udp:xyplex,5
eth:ethertype:ip:udp:lisp-data:ip,5
eth:ethertype:ip:udp:wisun.eapol_relay:eapol,5
eth:ethertype:ip:udp:l2tp:ppp:data,5
eth:ethertype:ip:udp:jmirror:ipv6,5
eth:ethertype:ip:udp:dcp-etsi:dcp-af,5
eth:ethertype:ip:udp:ptp,5
eth:ethertype:ip:udp:lwapp,5
eth:ethertype:ip:udp:cigi,5
eth:ethertype:ip:udp:mndp,5
eth:ethertype:ip:udp:bat.gw,4
eth:ethertype:ip:udp:teredo,4
eth:ethertype:ip:udp:mpls:pwethheuristic:pwethcw:eth:ethertype:data,4
eth:ethertype:ip:udp:tipc:data,4
eth:ethertype:ip:udp:ripng,4
eth:ethertype:ip:udp:acdr,4
eth:ethertype:ip:udp:tapa,4
eth:ethertype:ip:udp:quakeworld,4
eth:ethertype:ip:udp:rpc:nfs,4
eth:ethertype:ip:udp:llc:osi:data,3
eth:ethertype:ip:udp:ipx,3
eth:ethertype:ip:udp:ecatf:ecat_mailbox,3
eth:ethertype:ip:udp:tpcp,3
eth:ethertype:ip:udp:pathport,3
eth:ethertype:ip:udp:lisp-data:ip:data,3
eth:ethertype:ip:udp:rsp,3
eth:ethertype:ip:udp:dvb_ipdc:alc:rmt-lct,3
eth:ethertype:ip:udp:armagetronad,3
eth:ethertype:ip:udp:wccp,3
eth:ethertype:ip:udp:sip:sigcomp,3
eth:ethertype:ip:udp:ltp:data,3
eth:ethertype:ip:udp:vxlan:eth:llc:data,3
eth:ethertype:ip:udp:mip,3
eth:ethertype:ip:udp:dlsw,3
eth:ethertype:ip:udp:cpfi,3
eth:ethertype:ip:udp:ieee1722,2
eth:ethertype:ip:udp:aodv,2
eth:ethertype:ip:udp:mpls:pwach:data,2
eth:ethertype:ip:udp:capwap.data:data,2
eth:ethertype:ip:udp:bat.vis,2
eth:ethertype:ip:udp:ecatf,2
eth:ethertype:ip:udp:actrace,2
eth:ethertype:ip:udp:ldp,2
eth:ethertype:ip:udp:dplay,2
eth:ethertype:ip:udp:lisp-data:ipv6,2
eth:ethertype:ip:udp:wimaxasncp,2
eth:ethertype:ip:udp:tzsp:eth:ethertype:data,2
eth:ethertype:ip:udp:ddtp,2
eth:ethertype:ip:udp:llc:sna:data,2
eth:ethertype:ip:udp:acdr:data,2
eth:ethertype:ip:udp:msmms,2
eth:ethertype:ip:udp:cnip:lon,2
eth:ethertype:ip:udp:rsp:asf:data,1
eth:ethertype:ip:udp:mpls:ip:data,1
eth:ethertype:ip:udp:lisp-data:ipv6:ipv6.fraghdr:data,1
eth:ethertype:ip:udp:adwin,1
eth:ethertype:ip:udp:lisp-data:ipv6:nhrp,1
eth:ethertype:ip:udp:amt:ip,1
eth:ethertype:ip:udp:bat.gw:ip,1
eth:ethertype:ip:udp:wol,1
eth:ethertype:ip:udp:lbtrm,1
eth:ethertype:ip:udp:scop:wpan,1
eth:ethertype:ip:udp:raknet:raknet:raknet,1
eth:ethertype:ip:udp:quic:tls:tls,1
eth:ethertype:ip:udp:quic:tls:tls:tls:tls:tls:tls:tls:tls,1
eth:ethertype:ip:udp:quic:tls:tls:tls,1
eth:ethertype:ip:udp:quic:tls:tls:tls:tls:tls:tls:tls:tls:tls:tls,1
eth:ethertype:ip:udp:rdpudp:tls,1
eth:ethertype:ip:udp:llc:stp,1
eth:ethertype:ip:udp:ieee1722:ieee17221,1
eth:ethertype:ip:udp:lisp:ipv6:data,1
eth:ethertype:ip:udp:bvlc,1
eth:ethertype:ip:udp:a11,1
eth:ethertype:ip:udp:teredo:ipv6:data,1
eth:ethertype:ip:udp:capwap:data,1
eth:ethertype:ip:udp:mbudp:modbus,1
eth:ethertype:ip:udp:epl,1
eth:ethertype:ip:udp:mpls:pwethheuristic:data,1
eth:ethertype:ip:udp:rdpudp:dtls,1
eth:ethertype:ip:udp:llc:3comxns:data,1
eth:ethertype:ip:udp:rmcp,1
eth:ethertype:ip:udp:olsr,1
eth:ethertype:ip:udp:ayiya:dsr:ipv6.hopopts:ipv6.hopopts,1
