eth:ethertype:ip:udp:data,9598708
eth:ethertype:ip:udp:syslog,5036570
eth:ethertype:ip:udp:dns,3820970
eth:ethertype:ip:udp:stun,3025740
eth:ethertype:ip:udp:snmp,2477717
eth:ethertype:ip:udp:ntp,2042391
eth:ethertype:ip:data,1169581
eth:ethertype:ip:udp:nbns,594806
eth:ethertype:ip:udp:sip,317096
eth:ethertype:ip:udp:coap,249791
eth:ethertype:ip:udp:cflow,132859
eth:ethertype:ip:udp:mdns,96848
eth:ethertype:ip:udp:ssdp,90913
eth:ethertype:ip:udp:sip:xml,85293
eth:ethertype:ip:udp:memcache,73582
eth:ethertype:ip:udp:openvpn,62882
eth:ethertype:ip:udp:isakmp,59696
eth:ethertype:ip:udp:dtls,58472
eth:ethertype:ip:udp:cldap,56895
eth:ethertype:ip:udp:sip:data-text-lines,52190
eth:ethertype:ip:udp:rpc,51206
eth:ethertype:ip:udp:capwap,48249
eth:ethertype:ip:udp:srvloc,44888
eth:ethertype:ip:udp:gtp,41526
eth:ethertype:ip:udp,39015
eth:ethertype:ip:udp:bvlc:bacnet:bacapp,38740
eth:ethertype:ip:udp:portcontrol,38713
eth:ethertype:ip:udp:dhcp,35801
eth:ethertype:ip:udp:quic:tls,32817
eth:ethertype:ip:udp:l2tp,29784
eth:ethertype:ip:udp:xdmcp,28799
eth:ethertype:ip:udp:udpencap:esp,22452
eth:ethertype:ip:udp:chargen,21571
eth:ethertype:ip:udp:gquic,20212
eth:ethertype:ip:udp:kerberos,18880
eth:ethertype:ip:udp:lwapp:data,17108
eth:ethertype:ip:udp:pfcp,16666
eth:ethertype:ip:udp:quic,15657
eth:ethertype:ip:udp:hart_ip,14999
eth:ethertype:ip:udp:rdpudp,14978
eth:ethertype:ip:udp:rmcp:ipmi_session:data,14365
eth:ethertype:ip:udp:echo,14153
eth:ethertype:ip:udp:tftp,13162
eth:ethertype:ip:udp:enip,12969
eth:ethertype:ip:udp:radius,12946
eth:ethertype:ip:udp:classicstun,12466
eth:ethertype:ip:udp:omron,12208
eth:ethertype:ip:udp:rip,11475
eth:ethertype:ip:udp:nbdgm:smb:browser,11389
eth:ethertype:ip:udp:time,11065
eth:ethertype:ip:udp:daytime,10466
eth:ethertype:ip:udp:h225,10352
eth:ethertype:ip:udp:gtp:gtpv2,10182
eth:ethertype:ip:udp:steam_ihs_discovery,9715
eth:ethertype:ip:udp:bfd,9365
eth:ethertype:ip:udp:ecatf:ecat,9266
eth:ethertype:ip:udp:rtcp,9089
eth:ethertype:ip:udp:teredo:ipv6,8538
eth:ethertype:ip:udp:quake3,7069
eth:ethertype:ip:udp:udpencap:isakmp,6816
eth:ethertype:ip:udp:kip,6218
eth:ethertype:ip:udp:mgcp,5474
eth:ethertype:ip:udp:raknet:raknet,3612
eth:ethertype:ip:udp:coap:data,3600
eth:ethertype:ip:udp:rmcp:asf,3423
eth:ethertype:ip:udp:iax2,2914
eth:ethertype:ip:udp:teredo:ipv6:icmpv6,2699
eth:ethertype:ip:udp:mndp,1832
eth:ethertype:ip:udp:wtp,1671
eth:ethertype:ip:udp:rtps,1549
eth:ethertype:ip:udp:cipio,1467
eth:ethertype:ip:udp:gtpprime,1436
eth:ethertype:ip:udp:dis,1176
eth:ethertype:ip:udp:llc:data,915
eth:ethertype:ip:udp:quake3:data,705
eth:ethertype:ip:udp:wtls,663
eth:ethertype:ip:udp:radius:eap,634
eth:ethertype:ip:udp:corosync_totemnet:data,586
eth:ethertype:ip:udp:ssdp:data,549
eth:ethertype:ip:udp:wisun.eapol_relay:eapol:data,541
eth:ethertype:ip:udp:vrt,528
eth:ethertype:ip:udp:wsp,514
eth:ethertype:ip:udp:iapp,459
eth:ethertype:ip:udp:llmnr,434
eth:ethertype:ip:udp:ax4000,402
eth:ethertype:ip:udp:kink,400
eth:ethertype:ip:udp:geneve:data,398
eth:ethertype:ip:udp:bat:data,393
eth:ethertype:ip:udp:dof,370
eth:ethertype:ip:udp:lwapp:wlan,342
eth:ethertype:ip:udp:nano,340
eth:ethertype:ip:udp:tacacs,335
eth:ethertype:ip:udp:manolito,334
eth:ethertype:ip:udp:iax2:data,327
eth:ethertype:ip:udp:h501,323
eth:ethertype:ip:udp:eth:ethertype:data,311
eth:ethertype:ip:udp:nxp_802154_sniffer:wpan,306
eth:ethertype:ip:udp:rdt,297
eth:ethertype:ip:udp:asap,295
eth:ethertype:ip:udp:scop:data,285
eth:ethertype:ip:udp:kdp,274
eth:ethertype:ip:udp:mih,259
eth:ethertype:ip:udp:stun:data,257
eth:ethertype:ip:udp:dvb_ipdc:data,250
eth:ethertype:ip:udp:pktc,239
eth:ethertype:ip:udp:ts2,230
eth:ethertype:ip:udp:rsip,229
eth:ethertype:ip:udp:enrp,218
eth:ethertype:ip:udp:hcrt,216
eth:ethertype:ip:udp:opensafety:data,213
eth:ethertype:ip:udp:pktc.mtafqdn,210
eth:ethertype:ip:udp:enttec,207
eth:ethertype:ip:udp:pn_rt:pn_ptcp,205
eth:ethertype:ip:udp:ipvs,202
eth:ethertype:ip:udp:lisp:data,191
eth:ethertype:ip:udp:msproxy,189
eth:ethertype:ip:udp:mpls:data,189
eth:ethertype:ip:udp:sbus,189
eth:ethertype:ip:udp:gprs-ns,181
eth:ethertype:ip:udp:ulp,177
eth:ethertype:ip:udp:teredo:data,174
eth:ethertype:ip:udp:c1222,173
eth:ethertype:ip:udp:bjnp,170
eth:ethertype:ip:udp:ecmp,167
eth:ethertype:ip:udp:ecatf:data,165
eth:ethertype:ip:udp:geneve,159
eth:ethertype:ip:udp:tzsp,156
eth:ethertype:ip:udp:bfd_echo,156
eth:ethertype:ip:udp:mpls-echo,153
eth:ethertype:ip:udp:mint,148
eth:ethertype:ip:udp:rsvp,147
eth:ethertype:ip:udp:raknet,145
eth:ethertype:ip:udp:tetra,137
eth:ethertype:ip:udp:ayiya,137
eth:ethertype:ip:udp:raknet:raknet:raknet,134
eth:ethertype:ip:udp:hiqnet,128
eth:ethertype:ip:udp:uaudp,126
eth:ethertype:ip:udp:mipv6,125
eth:ethertype:ip:udp:bat.gw:data,123
eth:ethertype:ip:udp:sap,119
eth:ethertype:ip:udp:pn_rt:pn_io,119
eth:ethertype:ip:udp:wg,116
eth:ethertype:ip:udp:mikey,111
eth:ethertype:ip:udp:infiniband,107
eth:ethertype:ip:udp:tplink-smarthome:json:data-text-lines,105
eth:ethertype:ip:udp:h248,104
eth:ethertype:ip:udp:ieee1722:data,104
eth:ethertype:ip:udp:elasticsearch,102
eth:ethertype:ip:udp:adp,100
eth:ethertype:ip:udp:bat.vis:data,98
eth:ethertype:ip:udp:db-lsp-disc,98
eth:ethertype:ip:udp:quake:data,95
eth:ethertype:ip:udp:gsmtap,92
eth:ethertype:ip:udp:cnip,91
eth:ethertype:ip:udp:icp,88
eth:ethertype:ip:udp:lisp-data,88
eth:ethertype:ip:udp:doip,86
eth:ethertype:ip:udp:gre,85
eth:ethertype:ip:udp:a21,83
eth:ethertype:ip:udp:wlccp,83
eth:ethertype:ip:udp:dpnet,80
eth:ethertype:ip:udp:egd:data,79
eth:ethertype:ip:udp:idn,76
eth:ethertype:ip:udp:collectd,76
eth:ethertype:ip:udp:ajns,76
eth:ethertype:ip:udp:gsmtap:data,74
eth:ethertype:ip:udp:vxlan:eth:ethertype:data,73
eth:ethertype:ip:udp:mip,73
eth:ethertype:ip:udp:sabp,71
eth:ethertype:ip:udp:megaco:data,69
eth:ethertype:ip:udp:vuze-dht,68
eth:ethertype:ip:udp:lwapp:wlan:data,68
eth:ethertype:ip:udp:amt,64
eth:ethertype:ip:udp:asterix,61
eth:ethertype:ip:udp:quakeworld:data,61
eth:ethertype:ip:udp:opensafety_udp:data,61
eth:ethertype:ip:udp:knet,60
eth:ethertype:ip:udp:sctp,55
eth:ethertype:ip:udp:tipc,53
eth:ethertype:ip:udp:quake2:data,53
eth:ethertype:ip:udp:ath,52
eth:ethertype:ip:udp:vxlan:eth,51
eth:ethertype:ip:udp:lisp,49
eth:ethertype:ip:udp:dmp,48
eth:ethertype:ip:udp:udpencap,46
eth:ethertype:ip:udp:sip:data-text-lines:xml,44
eth:ethertype:ip:udp:papi,40
eth:ethertype:ip:udp:mpls:ip:data,38
eth:ethertype:ip:udp:rx,36
eth:ethertype:ip:udp:cnip:data,35
eth:ethertype:ip:udp:mpls:ipv6:data,35
eth:ethertype:ip:udp:wol,33
eth:ethertype:ip:udp:nxp_802154_sniffer,32
eth:ethertype:ip:udp:sabp:sabp,32
eth:ethertype:ip:udp:gre:data,30
eth:ethertype:ip:udp:ardp,30
eth:ethertype:ip:udp:dcc,29
eth:ethertype:ip:udp:egd,29
eth:ethertype:ip:udp:goose:cotp,28
eth:ethertype:ip:udp:infiniband:data,28
eth:ethertype:ip:udp:wisun.eapol_relay,27
eth:ethertype:ip:udp:mpls:pwethheuristic:pwethcw:eth:ethertype:data,26
eth:ethertype:ip:udp:llc,26
eth:ethertype:ip:udp:udt,26
eth:ethertype:ip:udp:thrift,25
eth:ethertype:ip:udp:ltp,24
eth:ethertype:ip:udp:who,17
eth:ethertype:ip:udp:ripng,16
eth:ethertype:ip:udp:eth,16
eth:ethertype:ip:udp:mpls:ip,16
eth:ethertype:ip:udp:dvb_ipdc:alc:data,16
eth:ethertype:ip:udp:capwap.data,14
eth:ethertype:ip:udp:quake2,14
eth:ethertype:ip:udp:xyplex,13
eth:ethertype:ip:udp:slimp3,12
eth:ethertype:ip:udp:mpls:ipv6:ipv6.hopopts,12
eth:ethertype:ip:udp:dcp-etsi:dcp-pft,11
eth:ethertype:ip:udp:lwres,11
eth:ethertype:ip:udp:kpasswd,11
eth:ethertype:ip:udp:ecatf:ioraw,11
eth:ethertype:ip:udp:nbdgm,11
eth:ethertype:ip:udp:data:vssmonitoring,11
eth:ethertype:ip:udp:sap:sdp,11
eth:ethertype:ip:udp:find,10
eth:ethertype:ip:udp:auto_rp,10
eth:ethertype:ip:udp:mpls,10
eth:ethertype:ip:udp:tsp,10
eth:ethertype:ip:udp:dlep,9
eth:ethertype:ip:udp:cups,8
eth:ethertype:ip:udp:capwap:dtls,8
eth:ethertype:ip:udp:ncp,8
eth:ethertype:ip:udp:pathport,8
eth:ethertype:ip:udp:dhcpv6,7
eth:ethertype:ip:udp:sigcomp,7
eth:ethertype:ip:udp:msmms,7
eth:ethertype:ip:udp:acdr,7
eth:ethertype:ip:udp:capwap.data:dtls,7
eth:ethertype:ip:udp:cigi,7
eth:ethertype:ip:udp:nxp_802154_sniffer:wpan:data,6
eth:ethertype:ip:udp:dlsw,6
eth:ethertype:ip:udp:tzsp:data,6
eth:ethertype:ip:udp:lbtrm,6
eth:ethertype:ip:udp:sip:sdp,6
eth:ethertype:ip:udp:dcp-etsi:dcp-af,6
eth:ethertype:ip:udp:sip:sigcomp,6
eth:ethertype:ip:udp:rx:afs,6
eth:ethertype:ip:udp:scop,6
eth:ethertype:ip:udp:lmp,5
eth:ethertype:ip:udp:ipx:data,5
eth:ethertype:ip:udp:ecatf:tc_nv,5
eth:ethertype:ip:udp:bat.vis,5
eth:ethertype:ip:udp:rtpproxy,5
eth:ethertype:ip:udp:wisun.eapol_relay:eapol,5
eth:ethertype:ip:udp:packetbb,5
eth:ethertype:ip:udp:pn_rt,5
eth:ethertype:ip:udp:mpls:ipv6,5
eth:ethertype:ip:udp:tpcp,4
eth:ethertype:ip:udp:ipx,4
eth:ethertype:ip:udp:wccp,4
eth:ethertype:ip:udp:armagetronad,4
eth:ethertype:ip:udp:wtp:wsp,4
eth:ethertype:ip:udp:quakeworld,4
eth:ethertype:ip:udp:vxlan:eth:llc:data,4
eth:ethertype:ip:udp:cnip:lon,4
eth:ethertype:ip:udp:l2tp:data,4
eth:ethertype:ip:udp:actrace,3
eth:ethertype:ip:udp:ieee1722,3
eth:ethertype:ip:udp:tapa,3
eth:ethertype:ip:udp:dvb_ipdc:alc:rmt-lct,3
eth:ethertype:ip:udp:ieee1722:iec61883,3
eth:ethertype:ip:udp:lwapp,3
eth:ethertype:ip:udp:mint:eth:ethertype:data,3
eth:ethertype:ip:udp:amt:ip,3
eth:ethertype:ip:udp:lisp-data:ipv6,3
eth:ethertype:ip:udp:rsp,3
eth:ethertype:ip:udp:ptp,3
eth:ethertype:ip:udp:vxlan,3
eth:ethertype:ip:udp:sflow,3
eth:ethertype:ip:udp:gprs-ns:bssgp,2
eth:ethertype:ip:udp:megaco,2
eth:ethertype:ip:udp:mpls:pwethheuristic:pwethnocw:eth:ethertype:data,2
eth:ethertype:ip:udp:ddtp,2
eth:ethertype:ip:udp:a11,2
eth:ethertype:ip:udp:wimaxasncp,2
eth:ethertype:ip:udp:tzsp:eth:ethertype:data,2
eth:ethertype:ip:udp:teredo:ipv6:data,2
eth:ethertype:ip:udp:mpls:pwach:data,2
eth:ethertype:ip:udp:jmirror:ipv6,2
eth:ethertype:ip:udp:icq,2
eth:ethertype:ip:udp:dtls:x509sat:x509sat:x509sat:x509sat,2
eth:ethertype:ip:udp:teredo,2
eth:ethertype:ip:udp:mdns:vssmonitoring,1
eth:ethertype:ip:udp:cpfi,1
eth:ethertype:ip:udp:opensafety_udp,1
eth:ethertype:ip:udp:capwap.data:data,1
eth:ethertype:ip:udp:eth:llc:data,1
eth:ethertype:ip:udp:capwap.data:eth:llc:data,1
eth:ethertype:ip:udp:mpls:pwethheuristic:pwethcw:eth,1
eth:ethertype:ip:udp:rsp:asf:data,1
eth:ethertype:ip:udp:goose:cotp:goose,1
eth:ethertype:ip:udp:ntp:vssmonitoring,1
eth:ethertype:ip:udp:rdpudp:tls,1
eth:ethertype:ip:udp:openvpn:tls,1
eth:ethertype:ip:udp:epl,1
eth:ethertype:ip:udp:quake,1
eth:ethertype:ip:udp:adwin,1
eth:ethertype:ip:udp:rdpudp:data,1
eth:ethertype:ip:udp:ldp,1
eth:ethertype:ip:udp:lisp-data:ip,1
eth:ethertype:ip:udp:eth:llc,1
eth:ethertype:ip:udp:snmp:data,1
eth:ethertype:ip:udp:mpls:ipv6:ospf,1
eth:ethertype:ip:udp:mpls:ipv6:dsr,1
eth:ethertype:ip:udp:mpls:ipv6:swipe,1
eth:ethertype:ip:udp:mpls:ipv6:esp,1
eth:ethertype:ip:udp:mpls:ipv6:ipv6.routing,1
eth:ethertype:ip:udp:mpls:ipv6:ah,1
eth:ethertype:ip:udp:mpls:ipv6:pim,1
eth:ethertype:ip:udp:mpls:ipv6:osi:data,1
eth:ethertype:ip:udp:memcache:vssmonitoring,1
eth:ethertype:ip:udp:ltp:data,1
eth:ethertype:ip:udp:ecatf:ams,1
eth:ethertype:ip:udp:mbudp:modbus,1
eth:ethertype:ip:udp:edonkey,1
eth:ethertype:ip:udp:llc:osi:data,1
eth:ethertype:ip:udp:a21:gcsna,1
eth:ethertype:ip:udp:bat.gw,1
eth:ethertype:ip:udp:rdpudp:dtls,1
eth:ethertype:ip:udp:udpencap:data,1
