eth:ethertype:ip:udp:data,9300422
eth:ethertype:ip:udp:stun,6285784
eth:ethertype:ip:udp:syslog,4883571
eth:ethertype:ip:udp:dns,4566272
eth:ethertype:ip:udp:snmp,2279611
eth:ethertype:ip:udp:ntp,2174267
eth:ethertype:ip:data,1127475
eth:ethertype:ip:udp:nbns,691982
eth:ethertype:ip:udp:sip,413055
eth:ethertype:ip:udp:cflow,186353
eth:ethertype:ip:udp:cldap,147334
eth:ethertype:ip:udp:ssdp,105798
eth:ethertype:ip:udp:sip:xml,101831
eth:ethertype:ip:udp:mdns,100934
eth:ethertype:ip:udp:coap,77431
eth:ethertype:ip:udp:isakmp,71875
eth:ethertype:ip:udp:openvpn,66223
eth:ethertype:ip:udp:rpc,62981
eth:ethertype:ip:udp,60887
eth:ethertype:ip:udp:dtls,60735
eth:ethertype:ip:udp:sip:data-text-lines,52848
eth:ethertype:ip:udp:gtp,51957
eth:ethertype:ip:udp:memcache,51935
eth:ethertype:ip:udp:dhcp,48577
eth:ethertype:ip:udp:portcontrol,47579
eth:ethertype:ip:udp:l2tp,45352
eth:ethertype:ip:udp:capwap,44458
eth:ethertype:ip:udp:bvlc:bacnet:bacapp,40615
eth:ethertype:ip:udp:srvloc,35539
eth:ethertype:ip:udp:quic:tls,32750
eth:ethertype:ip:udp:rip,30083
eth:ethertype:ip:udp:udpencap:esp,26345
eth:ethertype:ip:udp:tftp,23666
eth:ethertype:ip:udp:xdmcp,21730
eth:ethertype:ip:udp:quake3,20634
eth:ethertype:ip:udp:gquic,20561
eth:ethertype:ip:udp:bfd,20035
eth:ethertype:ip:udp:kerberos,19410
eth:ethertype:ip:udp:lwapp:data,17287
eth:ethertype:ip:udp:radius,17067
eth:ethertype:ip:udp:rdpudp,15942
eth:ethertype:ip:udp:chargen,15821
eth:ethertype:ip:udp:classicstun,14540
eth:ethertype:ip:udp:rmcp:ipmi_session:data,14274
eth:ethertype:ip:udp:quic,14081
eth:ethertype:ip:udp:echo,13702
eth:ethertype:ip:udp:omron,13228
eth:ethertype:ip:udp:enip,12638
eth:ethertype:ip:udp:rtcp,11430
eth:ethertype:ip:udp:gtp:gtpv2,11284
eth:ethertype:ip:udp:teredo:ipv6:icmpv6,10875
eth:ethertype:ip:udp:daytime,10570
eth:ethertype:ip:udp:rpc:data,10496
eth:ethertype:ip:udp:nbdgm:smb:browser,10405
eth:ethertype:ip:udp:time,10297
eth:ethertype:ip:udp:ecatf:ecat,10226
eth:ethertype:ip:udp:steam_ihs_discovery,9803
eth:ethertype:ip:udp:udpencap:isakmp,6784
eth:ethertype:ip:udp:kip,6075
eth:ethertype:ip:udp:mgcp,5793
eth:ethertype:ip:udp:hart_ip,5310
eth:ethertype:ip:udp:teredo:ipv6,4919
eth:ethertype:ip:udp:coap:data,4277
eth:ethertype:ip:udp:rmcp:asf,3399
eth:ethertype:ip:udp:llmnr,3333
eth:ethertype:ip:udp:iax2,3293
eth:ethertype:ip:udp:wsp,1749
eth:ethertype:ip:udp:wisun.eapol_relay:eapol:data,1493
eth:ethertype:ip:udp:adp,1210
eth:ethertype:ip:udp:rtps,1145
eth:ethertype:ip:udp:raknet:raknet,1144
eth:ethertype:ip:udp:gtpprime,1064
eth:ethertype:ip:udp:dis,1059
eth:ethertype:ip:udp:cipio,1050
eth:ethertype:ip:udp:llc:data,941
eth:ethertype:ip:udp:lisp:data,863
eth:ethertype:ip:udp:radius:eap,757
eth:ethertype:ip:udp:quake3:data,698
eth:ethertype:ip:udp:ssdp:data,692
eth:ethertype:ip:udp:papi,660
eth:ethertype:ip:udp:scop:data,554
eth:ethertype:ip:udp:asterix,534
eth:ethertype:ip:udp:pfcp,368
eth:ethertype:ip:udp:dof,357
eth:ethertype:ip:udp:mint,357
eth:ethertype:ip:udp:teredo:data,343
eth:ethertype:ip:udp:geneve:data,341
eth:ethertype:ip:udp:amt,319
eth:ethertype:ip:udp:nano,314
eth:ethertype:ip:udp:ecmp,305
eth:ethertype:ip:udp:icp,295
eth:ethertype:ip:udp:manolito,294
eth:ethertype:ip:udp:ieee1722:data,265
eth:ethertype:ip:udp:sbus,251
eth:ethertype:ip:udp:hcrt,250
eth:ethertype:ip:udp:mikey,247
eth:ethertype:ip:udp:wtls,245
eth:ethertype:ip:udp:ayiya,244
eth:ethertype:ip:udp:wlccp,242
eth:ethertype:ip:udp:pn_rt:pn_ptcp,241
eth:ethertype:ip:udp:kdp,241
eth:ethertype:ip:udp:elasticsearch,240
eth:ethertype:ip:udp:rdt,239
eth:ethertype:ip:udp:corosync_totemnet:data,231
eth:ethertype:ip:udp:ax4000,230
eth:ethertype:ip:udp:opensafety_udp:data,220
eth:ethertype:ip:udp:hiqnet,220
eth:ethertype:ip:udp:iapp,217
eth:ethertype:ip:udp:mndp,213
eth:ethertype:ip:udp:gre:data,212
eth:ethertype:ip:udp:lwapp:wlan,211
eth:ethertype:ip:udp:raknet,201
eth:ethertype:ip:udp:mih,199
eth:ethertype:ip:udp:bjnp,193
eth:ethertype:ip:udp:wg,184
eth:ethertype:ip:udp:tetra,181
eth:ethertype:ip:udp:dmp,177
eth:ethertype:ip:udp:tacacs,176
eth:ethertype:ip:udp:kink,176
eth:ethertype:ip:udp:gvcp,176
eth:ethertype:ip:udp:dvb_ipdc:data,162
eth:ethertype:ip:udp:msproxy,150
eth:ethertype:ip:udp:sap,149
eth:ethertype:ip:udp:ipvs,138
eth:ethertype:ip:udp:gprs-ns:bssgp,136
eth:ethertype:ip:udp:cnip,133
eth:ethertype:ip:udp:vrt,132
eth:ethertype:ip:udp:tipc,129
eth:ethertype:ip:udp:ts2,129
eth:ethertype:ip:udp:goose:cotp,129
eth:ethertype:ip:udp:uaudp,126
eth:ethertype:ip:udp:h225,124
eth:ethertype:ip:udp:gprs-ns,118
eth:ethertype:ip:udp:geneve,115
eth:ethertype:ip:udp:ulp,114
eth:ethertype:ip:udp:quakeworld:data,109
eth:ethertype:ip:udp:lwapp:wlan:data,106
eth:ethertype:ip:udp:iax2:data,105
eth:ethertype:ip:udp:bat.gw:data,101
eth:ethertype:ip:udp:rsvp,101
eth:ethertype:ip:udp:vuze-dht,100
eth:ethertype:ip:udp:pktc.mtafqdn,100
eth:ethertype:ip:udp:dpnet,90
eth:ethertype:ip:udp:h501,89
eth:ethertype:ip:udp:megaco:data,88
eth:ethertype:ip:udp:bfd_echo,87
eth:ethertype:ip:udp:quake2:data,87
eth:ethertype:ip:udp:egd:data,86
eth:ethertype:ip:udp:asap,86
eth:ethertype:ip:udp:db-lsp-disc,85
eth:ethertype:ip:udp:infiniband:data,85
eth:ethertype:ip:udp:c1222,83
eth:ethertype:ip:udp:opensafety:data,81
eth:ethertype:ip:udp:sap:sdp,77
eth:ethertype:ip:udp:wtp,76
eth:ethertype:ip:udp:rsip,76
eth:ethertype:ip:udp:ajns,76
eth:ethertype:ip:udp:enrp,73
eth:ethertype:ip:udp:mipv6,72
eth:ethertype:ip:udp:pn_rt:pn_io,69
eth:ethertype:ip:udp:doip,63
eth:ethertype:ip:udp:stun:data,63
eth:ethertype:ip:udp:tplink-smarthome:json:data-text-lines,62
eth:ethertype:ip:udp:sctp,61
eth:ethertype:ip:udp:pktc,60
eth:ethertype:ip:udp:dcc,59
eth:ethertype:ip:udp:tzsp,58
eth:ethertype:ip:udp:mpls:ipv6:data,58
eth:ethertype:ip:udp:a21,56
eth:ethertype:ip:udp:quake:data,56
eth:ethertype:ip:udp:ath,56
eth:ethertype:ip:udp:mpls:data,56
eth:ethertype:ip:udp:h248,54
eth:ethertype:ip:udp:knet,53
eth:ethertype:ip:udp:bat:data,51
eth:ethertype:ip:udp:collectd,51
eth:ethertype:ip:udp:lisp-data,50
eth:ethertype:ip:udp:idn,50
eth:ethertype:ip:udp:infiniband,48
eth:ethertype:ip:udp:rx,46
eth:ethertype:ip:udp:data:vssmonitoring,39
eth:ethertype:ip:udp:bat.vis:data,35
eth:ethertype:ip:udp:nxp_802154_sniffer,35
eth:ethertype:ip:udp:ecatf:data,35
eth:ethertype:ip:udp:eth:ethertype:data,34
eth:ethertype:ip:udp:vxlan:eth:ethertype:data,33
eth:ethertype:ip:udp:sip:data-text-lines:xml,33
eth:ethertype:ip:udp:sabp:sabp,33
eth:ethertype:ip:udp:mpls-echo,32
eth:ethertype:ip:udp:tzsp:data,31
eth:ethertype:ip:udp:gre,30
eth:ethertype:ip:udp:sabp,29
eth:ethertype:ip:udp:gsmtap:data,26
eth:ethertype:ip:udp:thrift,25
eth:ethertype:ip:udp:capwap:dtls,24
eth:ethertype:ip:udp:gsmtap,23
eth:ethertype:ip:udp:cnip:data,22
eth:ethertype:ip:udp:dhcpv6,21
eth:ethertype:ip:udp:rx:afs,21
eth:ethertype:ip:udp:cigi,20
eth:ethertype:ip:udp:lisp,20
eth:ethertype:ip:udp:ltp,20
eth:ethertype:ip:udp:wol,20
eth:ethertype:ip:udp:raknet:raknet:raknet,18
eth:ethertype:ip:udp:capwap.data,16
eth:ethertype:ip:udp:ardp,16
eth:ethertype:ip:udp:wtp:wsp,16
eth:ethertype:ip:udp:mpls:ip,15
eth:ethertype:ip:udp:mpls:ipv6,15
eth:ethertype:ip:udp:ripng,14
eth:ethertype:ip:udp:pn_rt,14
eth:ethertype:ip:udp:sigcomp,14
eth:ethertype:ip:udp:quake2,13
eth:ethertype:ip:udp:llc,13
eth:ethertype:ip:udp:ecatf:ioraw,13
eth:ethertype:ip:udp:lisp-data:ipv6,13
eth:ethertype:ip:udp:amt:ip,12
eth:ethertype:ip:udp:dvb_ipdc:alc:data,12
eth:ethertype:ip:udp:who,11
eth:ethertype:ip:udp:pathport,11
eth:ethertype:ip:udp:wisun.eapol_relay,11
eth:ethertype:ip:udp:wisun.eapol_relay:eapol,11
eth:ethertype:ip:udp:scop,10
eth:ethertype:ip:udp:dcp-etsi:dcp-af,10
eth:ethertype:ip:udp:eth,10
eth:ethertype:ip:udp:mip,9
eth:ethertype:ip:udp:egd,9
eth:ethertype:ip:udp:vxlan:eth,9
eth:ethertype:ip:udp:kpasswd,9
eth:ethertype:ip:udp:capwap.data:dtls,9
eth:ethertype:ip:udp:acdr,8
eth:ethertype:ip:udp:lmp,8
eth:ethertype:ip:udp:nbdgm,8
eth:ethertype:ip:udp:rsp,8
eth:ethertype:ip:udp:data:f5ethtrailer,8
eth:ethertype:ip:udp:rpc:portmap,8
eth:ethertype:ip:udp:mpls,7
eth:ethertype:ip:udp:nxp_802154_sniffer:wpan,7
eth:ethertype:ip:udp:tpcp,7
eth:ethertype:ip:udp:ecatf:tc_nv,7
eth:ethertype:ip:udp:quake,7
eth:ethertype:ip:udp:lbtrm,7
eth:ethertype:ip:udp:rtpproxy,6
eth:ethertype:ip:udp:lwres,6
eth:ethertype:ip:udp:xyplex,6
eth:ethertype:ip:udp:msmms,6
eth:ethertype:ip:udp:cups,6
eth:ethertype:ip:udp:auto_rp,6
eth:ethertype:ip:udp:find,6
eth:ethertype:ip:udp:slimp3,6
eth:ethertype:ip:udp:ecatf,5
eth:ethertype:ip:udp:tsp,5
eth:ethertype:ip:udp:dlsw,5
eth:ethertype:ip:udp:dcp-etsi:dcp-pft,5
eth:ethertype:ip:udp:lisp-data:ip:data,5
eth:ethertype:ip:udp:nxp_802154_sniffer:wpan:data,4
eth:ethertype:ip:udp:ipx,4
eth:ethertype:ip:udp:ncp,4
eth:ethertype:ip:udp:tapa,4
eth:ethertype:ip:udp:lwapp,4
eth:ethertype:ip:udp:scop:wpan:data,4
eth:ethertype:ip:udp:sip:sigcomp,3
eth:ethertype:ip:udp:dlep,3
eth:ethertype:ip:udp:capwap.data:eth:ethertype:data,3
eth:ethertype:ip:udp:dvb_ipdc:alc:rmt-lct,3
eth:ethertype:ip:udp:teredo,3
eth:ethertype:ip:udp:ipx:data,3
eth:ethertype:ip:udp:bat.gw,3
eth:ethertype:ip:udp:armagetronad,3
eth:ethertype:ip:udp:jmirror:ipv6,3
eth:ethertype:ip:udp:ddtp,3
eth:ethertype:ip:udp:quakeworld,2
eth:ethertype:ip:udp:rdpudp:dtls,2
eth:ethertype:ip:udp:sflow,2
eth:ethertype:ip:udp:mpls:pwach:data,2
eth:ethertype:ip:udp:lisp-data:ipv6:data,2
eth:ethertype:ip:udp:packetbb,2
eth:ethertype:ip:udp:mpls:pwethheuristic:pwethcw:eth:ethertype:data,2
eth:ethertype:ip:udp:ayiya:dsr:ipv6.hopopts:ipv6.hopopts,2
eth:ethertype:ip:udp:capwap.data:data,2
eth:ethertype:ip:udp:dtls:x509sat:x509sat:x509sat:x509sat,2
eth:ethertype:ip:udp:llc:sna:data,2
eth:ethertype:ip:udp:mpls:pwethheuristic:pwethcw:eth,2
eth:ethertype:ip:udp:mpeg_dsmcc,2
eth:ethertype:ip:udp:eth:llc,2
eth:ethertype:ip:udp:ltp:data,2
eth:ethertype:ip:udp:teredo:ipv6:data,2
eth:ethertype:ip:udp:ptp,2
eth:ethertype:ip:udp:wccp,2
eth:ethertype:ip:udp:rmcp:ipmi_session,1
eth:ethertype:ip:udp:rdpudp:tls,1
eth:ethertype:ip:udp:icq,1
eth:ethertype:ip:udp:lisp-data:ip,1
eth:ethertype:ip:udp:udpencap:data,1
eth:ethertype:ip:udp:acdr:data,1
eth:ethertype:ip:udp:uftp:uftp4,1
eth:ethertype:ip:udp:olsr,1
eth:ethertype:ip:udp:vxlan,1
eth:ethertype:ip:udp:mdns:vssmonitoring,1
eth:ethertype:ip:udp:mint:eth:ethertype:data,1
eth:ethertype:ip:udp:wassp,1
eth:ethertype:ip:udp:jmirror:ipv6:data,1
eth:ethertype:ip:udp:mint:eth,1
eth:ethertype:ip:udp:cpfi,1
eth:ethertype:ip:udp:scop:wpan,1
eth:ethertype:ip:udp:actrace,1
eth:ethertype:ip:udp:eth:llc:data,1
eth:ethertype:ip:udp:ip,1
eth:ethertype:ip:udp:wimaxasncp,1
eth:ethertype:ip:udp:ieee1722:aaf,1
eth:ethertype:ip:udp:hip,1
eth:ethertype:ip:udp:memcache:vssmonitoring,1
eth:ethertype:ip:udp:edonkey,1
eth:ethertype:ip:udp:ieee1722:iec61883,1
eth:ethertype:ip:udp:snmp:data,1
eth:ethertype:ip:udp:ieee1722,1
eth:ethertype:ip:udp:ecatf:ams,1
eth:ethertype:ip:udp:llc:osi:data,1
