eth:ethertype:ip:udp:data,9934985
eth:ethertype:ip:udp:stun,6788454
eth:ethertype:ip:udp:syslog,4762736
eth:ethertype:ip:udp:dns,4207266
eth:ethertype:ip:udp:snmp,2572320
eth:ethertype:ip:udp:ntp,2205582
eth:ethertype:ip:udp:nbns,667061
eth:ethertype:ip:data,664884
eth:ethertype:ip:udp:sip,322823
eth:ethertype:ip:udp:coap,282842
eth:ethertype:ip:udp:cldap,158100
eth:ethertype:ip:udp:mdns,156742
eth:ethertype:ip:udp:cflow,149606
eth:ethertype:ip:udp:rpc,138159
eth:ethertype:ip:udp:ssdp,119720
eth:ethertype:ip:udp:sip:xml,99820
eth:ethertype:ip:udp:memcache,97891
eth:ethertype:ip:udp,81172
eth:ethertype:ip:udp:isakmp,78869
eth:ethertype:ip:udp:portcontrol,76534
eth:ethertype:ip:udp:dtls,71438
eth:ethertype:ip:udp:openvpn,66813
eth:ethertype:ip:udp:gtp,59961
eth:ethertype:ip:udp:bvlc:bacnet:bacapp,54762
eth:ethertype:ip:udp:sip:data-text-lines,52653
eth:ethertype:ip:udp:quic:tls,45230
eth:ethertype:ip:udp:capwap,43997
eth:ethertype:ip:udp:l2tp,41310
eth:ethertype:ip:udp:dhcp,39601
eth:ethertype:ip:udp:srvloc,38985
eth:ethertype:ip:udp:xdmcp,38556
eth:ethertype:ip:udp:rip,37585
eth:ethertype:ip:udp:radius,35601
eth:ethertype:ip:udp:tftp,33694
eth:ethertype:ip:udp:udpencap:esp,33519
eth:ethertype:ip:udp:chargen,32679
eth:ethertype:ip:udp:rdpudp,30795
eth:ethertype:ip:udp:quake3,28248
eth:ethertype:ip:udp:rmcp:ipmi_session:data,25900
eth:ethertype:ip:udp:kerberos,24285
eth:ethertype:ip:udp:bfd,22323
eth:ethertype:ip:udp:hart_ip,20712
eth:ethertype:ip:udp:gquic,20394
eth:ethertype:ip:udp:rpc:data,18600
eth:ethertype:ip:udp:lwapp:data,17222
eth:ethertype:ip:udp:echo,16276
eth:ethertype:ip:udp:gtp:gtpv2,16013
eth:ethertype:ip:udp:classicstun,14000
eth:ethertype:ip:udp:enip,13611
eth:ethertype:ip:udp:nbdgm:smb:browser,13610
eth:ethertype:ip:udp:omron,13036
eth:ethertype:ip:udp:time,12174
eth:ethertype:ip:udp:daytime,12148
eth:ethertype:ip:udp:steam_ihs_discovery,11776
eth:ethertype:ip:udp:rtcp,10342
eth:ethertype:ip:udp:ecatf:ecat,10210
eth:ethertype:ip:udp:kip,8803
eth:ethertype:ip:udp:udpencap:isakmp,8321
eth:ethertype:ip:udp:quic,7410
eth:ethertype:ip:udp:mgcp,5061
eth:ethertype:ip:udp:iax2,4396
eth:ethertype:ip:udp:teredo:ipv6,4145
eth:ethertype:ip:udp:coap:data,3718
eth:ethertype:ip:udp:rmcp:asf,3429
eth:ethertype:ip:udp:raknet:raknet,3198
eth:ethertype:ip:udp:wisun.eapol_relay:eapol:data,3059
eth:ethertype:ip:udp:ts2,2888
eth:ethertype:ip:udp:wg,2613
eth:ethertype:ip:udp:quake3:data,2600
eth:ethertype:ip:udp:h225,2306
eth:ethertype:ip:udp:cipio,2095
eth:ethertype:ip:udp:rx,1932
eth:ethertype:ip:udp:mndp,1871
eth:ethertype:ip:udp:gtpprime,1852
eth:ethertype:ip:udp:rtps,1822
eth:ethertype:ip:udp:wsp,1639
eth:ethertype:ip:udp:ipvs,1268
eth:ethertype:ip:udp:wtp,1252
eth:ethertype:ip:udp:dis,1146
eth:ethertype:ip:udp:llc:data,1052
eth:ethertype:ip:udp:corosync_totemnet:data,817
eth:ethertype:ip:udp:radius:eap,757
eth:ethertype:ip:udp:sctp,757
eth:ethertype:ip:udp:ardp,735
eth:ethertype:ip:udp:opensafety_udp:data,733
eth:ethertype:ip:udp:scop:data,690
eth:ethertype:ip:udp:enrp,689
eth:ethertype:ip:udp:nxp_802154_sniffer:wpan,687
eth:ethertype:ip:udp:ssdp:data,667
eth:ethertype:ip:udp:rsvp,614
eth:ethertype:ip:udp:teredo:data,609
eth:ethertype:ip:udp:sap,608
eth:ethertype:ip:udp:mih,597
eth:ethertype:ip:udp:adp,582
eth:ethertype:ip:udp:pktc.mtafqdn,564
eth:ethertype:ip:udp:cnip,544
eth:ethertype:ip:udp:bat.gw:data,540
eth:ethertype:ip:udp:ulp,519
eth:ethertype:ip:udp:elasticsearch,504
eth:ethertype:ip:udp:pn_rt:pn_ptcp,504
eth:ethertype:ip:udp:wtls,491
eth:ethertype:ip:udp:llmnr,446
eth:ethertype:ip:udp:tacacs,422
eth:ethertype:ip:udp:h248,415
eth:ethertype:ip:udp:asterix,413
eth:ethertype:ip:udp:bat:data,384
eth:ethertype:ip:udp:knet,359
eth:ethertype:ip:udp:tzsp,342
eth:ethertype:ip:udp:eth:ethertype:data,342
eth:ethertype:ip:udp:bjnp,341
eth:ethertype:ip:udp:mipv6,337
eth:ethertype:ip:udp:ayiya,336
eth:ethertype:ip:udp:lisp:data,335
eth:ethertype:ip:udp:pktc,329
eth:ethertype:ip:udp:stun:data,326
eth:ethertype:ip:udp:raknet,325
eth:ethertype:ip:udp:ecmp,299
eth:ethertype:ip:udp:ipx:data,296
eth:ethertype:ip:udp:geneve:data,293
eth:ethertype:ip:udp:ax4000,287
eth:ethertype:ip:udp:dof,285
eth:ethertype:ip:udp:h501,281
eth:ethertype:ip:udp:capwap.data:eth:ethertype:data,280
eth:ethertype:ip:udp:iax2:data,280
eth:ethertype:ip:udp:gprs-ns:bssgp,278
eth:ethertype:ip:udp:c1222,268
eth:ethertype:ip:udp:wisun.eapol_relay:eapol,266
eth:ethertype:ip:udp:nano,255
eth:ethertype:ip:udp:kdp,250
eth:ethertype:ip:udp:dvb_ipdc:data,248
eth:ethertype:ip:udp:rsip,247
eth:ethertype:ip:udp:icp,244
eth:ethertype:ip:udp:ath,241
eth:ethertype:ip:udp:hcrt,238
eth:ethertype:ip:udp:sabp:sabp,233
eth:ethertype:ip:udp:egd:data,232
eth:ethertype:ip:udp:mikey,227
eth:ethertype:ip:udp:db-lsp-disc,227
eth:ethertype:ip:udp:enttec,216
eth:ethertype:ip:udp:rdt,214
eth:ethertype:ip:udp:manolito,214
eth:ethertype:ip:udp:doip,214
eth:ethertype:ip:udp:wlccp,211
eth:ethertype:ip:udp:uaudp,209
eth:ethertype:ip:udp:kink,208
eth:ethertype:ip:udp:capwap.data,206
eth:ethertype:ip:udp:vxlan:eth:llc:data,206
eth:ethertype:ip:udp:raknet:raknet:raknet,200
eth:ethertype:ip:udp:amt,190
eth:ethertype:ip:udp:asap,189
eth:ethertype:ip:udp:gprs-ns,186
eth:ethertype:ip:udp:vuze-dht,180
eth:ethertype:ip:udp:mint,177
eth:ethertype:ip:udp:lisp,174
eth:ethertype:ip:udp:infiniband:data,173
eth:ethertype:ip:udp:bat.vis:data,173
eth:ethertype:ip:udp:llc,170
eth:ethertype:ip:udp:tetra,166
eth:ethertype:ip:udp:dpnet,155
eth:ethertype:ip:udp:ajns,151
eth:ethertype:ip:udp:opensafety:data,144
eth:ethertype:ip:udp:lwapp:wlan,138
eth:ethertype:ip:udp:iapp,137
eth:ethertype:ip:udp:vxlan:eth:ethertype:data,137
eth:ethertype:ip:udp:ieee1722:data,118
eth:ethertype:ip:udp:hiqnet,118
eth:ethertype:ip:udp:pn_rt:pn_io,117
eth:ethertype:ip:udp:pfcp,116
eth:ethertype:ip:udp:megaco:data,110
eth:ethertype:ip:udp:gsmtap:data,109
eth:ethertype:ip:udp:bfd_echo,109
eth:ethertype:ip:udp:msproxy,108
eth:ethertype:ip:udp:quakeworld:data,108
eth:ethertype:ip:udp:lisp-data,104
eth:ethertype:ip:udp:mpls:data,103
eth:ethertype:ip:udp:goose:cotp,101
eth:ethertype:ip:udp:gre:data,99
eth:ethertype:ip:udp:a21,98
eth:ethertype:ip:udp:nbdgm:smb:data,94
eth:ethertype:ip:udp:quake2:data,87
eth:ethertype:ip:udp:idn,72
eth:ethertype:ip:udp:geneve,71
eth:ethertype:ip:udp:tplink-smarthome:json:data-text-lines,71
eth:ethertype:ip:udp:vrt,70
eth:ethertype:ip:udp:ecatf:data,68
eth:ethertype:ip:udp:capwap.data:dtls,68
eth:ethertype:ip:udp:lwapp:wlan:data,66
eth:ethertype:ip:udp:infiniband,64
eth:ethertype:ip:udp:quake:data,60
eth:ethertype:ip:udp:collectd,59
eth:ethertype:ip:udp:teredo:ipv6:icmpv6,59
eth:ethertype:ip:udp:tipc,53
eth:ethertype:ip:udp:udt,51
eth:ethertype:ip:udp:gre,51
eth:ethertype:ip:udp:sbus,46
eth:ethertype:ip:udp:dcc,42
eth:ethertype:ip:udp:wol,40
eth:ethertype:ip:udp:sabp,34
eth:ethertype:ip:udp:ltp,34
eth:ethertype:ip:udp:jmirror:ipv6:data,34
eth:ethertype:ip:udp:cnip:data,33
eth:ethertype:ip:udp:nxp_802154_sniffer,32
eth:ethertype:ip:udp:wtp:wsp,28
eth:ethertype:ip:udp:capwap:dtls,27
eth:ethertype:ip:udp:dmp,25
eth:ethertype:ip:udp:bvlc,25
eth:ethertype:ip:udp:mpls:ip:data,24
eth:ethertype:ip:udp:gsmtap,23
eth:ethertype:ip:udp:snmp:snmp,23
eth:ethertype:ip:udp:data:vssmonitoring,21
eth:ethertype:ip:udp:mpls:ip,20
eth:ethertype:ip:udp:mpls:pwethheuristic:pwethcw:eth:ethertype:data,20
eth:ethertype:ip:udp:vxlan:eth,20
eth:ethertype:ip:udp:dhcpv6,19
eth:ethertype:ip:udp:thrift,19
eth:ethertype:ip:udp:mpls:ipv6:data,19
eth:ethertype:ip:udp:egd,18
eth:ethertype:ip:udp:rtpproxy,17
eth:ethertype:ip:udp:dvb_ipdc:alc:data,17
eth:ethertype:ip:udp:pn_rt,16
eth:ethertype:ip:udp:pathport,16
eth:ethertype:ip:udp:auto_rp,12
eth:ethertype:ip:udp:capwap.data:data,12
eth:ethertype:ip:udp:lwres,11
eth:ethertype:ip:udp:rsp,11
eth:ethertype:ip:udp:wisun.eapol_relay,11
eth:ethertype:ip:udp:eth,11
eth:ethertype:ip:udp:sigcomp,10
eth:ethertype:ip:udp:ecatf:tc_nv,10
eth:ethertype:ip:udp:ncp,10
eth:ethertype:ip:udp:rx:afs,10
eth:ethertype:ip:udp:kpasswd,10
eth:ethertype:ip:udp:sip:sdp,10
eth:ethertype:ip:udp:ecatf:ioraw,9
eth:ethertype:ip:udp:mip,9
eth:ethertype:ip:udp:scop,9
eth:ethertype:ip:udp:sabp:sabp:sabp,9
eth:ethertype:ip:udp:mpls:ipv6:ipv6.hopopts,9
eth:ethertype:ip:udp:who,8
eth:ethertype:ip:udp:quakeworld,8
eth:ethertype:ip:udp:msmms,8
eth:ethertype:ip:udp:find,8
eth:ethertype:ip:udp:quake2,8
eth:ethertype:ip:udp:dlep,8
eth:ethertype:ip:udp:l2tp:data,8
eth:ethertype:ip:udp:ripng,8
eth:ethertype:ip:udp:lisp-data:ip:data,8
eth:ethertype:ip:udp:dlsw,7
eth:ethertype:ip:udp:lisp-data:ipv6,7
eth:ethertype:ip:udp:xyplex,7
eth:ethertype:ip:udp:tapa,7
eth:ethertype:ip:udp:capwap:data,7
eth:ethertype:ip:udp:cups,7
eth:ethertype:ip:udp:lisp-data:ipv6:data,7
eth:ethertype:ip:udp:teredo,6
eth:ethertype:ip:udp:mpls,6
eth:ethertype:ip:udp:ecatf,6
eth:ethertype:ip:udp:sip:sigcomp,6
eth:ethertype:ip:udp:slimp3,6
eth:ethertype:ip:udp:tsp,6
eth:ethertype:ip:udp:nbdgm,6
eth:ethertype:ip:udp:ipx,5
eth:ethertype:ip:udp:data:f5ethtrailer,5
eth:ethertype:ip:udp:ieee1722:iec61883,5
eth:ethertype:ip:udp:lisp-data:ip,5
eth:ethertype:ip:udp:nxp_802154_sniffer:wpan:data,5
eth:ethertype:ip:udp:mpls:ipv6,4
eth:ethertype:ip:udp:lwapp,4
eth:ethertype:ip:udp:packetbb,4
eth:ethertype:ip:udp:amt:ip,4
eth:ethertype:ip:udp:ptp,4
eth:ethertype:ip:udp:mint:eth:ethertype:data,4
eth:ethertype:ip:udp:jmirror:ip:data,4
eth:ethertype:ip:udp:lmp,4
eth:ethertype:ip:udp:dcp-etsi:dcp-af,4
eth:ethertype:ip:udp:acdr,3
eth:ethertype:ip:udp:sap:sdp,3
eth:ethertype:ip:udp:tplink-smarthome:json,3
eth:ethertype:ip:udp:lbtrm,3
eth:ethertype:ip:udp:ecatf:ecat_mailbox,3
eth:ethertype:ip:udp:ieee1722,3
eth:ethertype:ip:udp:armagetronad,3
eth:ethertype:ip:udp:goose:cotp:data,3
eth:ethertype:ip:udp:tzsp:data,3
eth:ethertype:ip:udp:goose:cotp:goose,3
eth:ethertype:ip:udp:jmirror:ipv6,3
eth:ethertype:ip:udp:bat.gw,3
eth:ethertype:ip:udp:jmirror:ipv6:ipv6.routing,3
eth:ethertype:ip:udp:jmirror:ipv6:etherip:eth:llc,3
eth:ethertype:ip:udp:mpls:pwethheuristic:pwethnocw:eth:ethertype:data,3
eth:ethertype:ip:udp:llc:sna:data,3
eth:ethertype:ip:udp:cigi,3
eth:ethertype:ip:udp:eth:llc:data,2
eth:ethertype:ip:udp:icq,2
eth:ethertype:ip:udp:adwin,2
eth:ethertype:ip:udp:tpcp,2
eth:ethertype:ip:udp:jmirror:ipv6:esp,2
eth:ethertype:ip:udp:jmirror:ipv6:l2tp:data,2
eth:ethertype:ip:udp:jmirror:ipv6:lwl4,2
eth:ethertype:ip:udp:vxlan,2
eth:ethertype:ip:udp:mpls:pwach:data,2
eth:ethertype:ip:udp:ddtp,2
eth:ethertype:ip:udp:mpls:ipv6:gre:data,2
eth:ethertype:ip:udp:mpls:pwethheuristic:pwethcw:eth,2
eth:ethertype:ip:udp:mpls:ipv6:ah,2
eth:ethertype:ip:udp:aodv,2
eth:ethertype:ip:udp:dcp-etsi:dcp-pft,2
eth:ethertype:ip:udp:lisp-data:ipv6:ipv6.routing,2
eth:ethertype:ip:udp:rdpudp:tls,2
eth:ethertype:ip:udp:snmp:data,2
eth:ethertype:ip:udp:cpfi,2
eth:ethertype:ip:udp:llc:osi:data,2
eth:ethertype:ip:udp:bat.vis,2
eth:ethertype:ip:udp:wccp,2
eth:ethertype:ip:udp:ltp:data,1
eth:ethertype:ip:udp:edonkey,1
eth:ethertype:ip:udp:ip,1
eth:ethertype:ip:udp:coap:data-text-lines,1
eth:ethertype:ip:udp:stun:tftp:data,1
eth:ethertype:ip:udp:jmirror:ipv6:eigrp,1
eth:ethertype:ip:udp:jmirror:ipv6:gre,1
eth:ethertype:ip:udp:jmirror:ipv6:ah,1
eth:ethertype:ip:udp:eth:ethertype:c15.ch,1
eth:ethertype:ip:udp:jmirror:ipv6:pim,1
eth:ethertype:ip:udp:jmirror:ipv6:vines_frp:vines_ip:data,1
eth:ethertype:ip:udp:jmirror:ipv6:nhrp,1
eth:ethertype:ip:udp:dtls:x509sat:x509sat:x509sat:x509sat,1
eth:ethertype:ip:udp:mpls:ipv6:esp,1
eth:ethertype:ip:udp:mpls:ipv6:l2tp:data,1
eth:ethertype:ip:udp:mpls:ipv6:eigrp,1
eth:ethertype:ip:udp:mpls:ipv6:ospf,1
eth:ethertype:ip:udp:udpencap:data,1
eth:ethertype:ip:udp:ieee1722:ieee17221,1
eth:ethertype:ip:udp:acdr:data,1
eth:ethertype:ip:udp:rsp:asf:data,1
eth:ethertype:ip:udp:teredo:ipv6:data,1
eth:ethertype:ip:udp:megaco,1
eth:ethertype:ip:udp:sflow,1
eth:ethertype:ip:udp:lisp-data:ipv6:l2tp:data,1
eth:ethertype:ip:udp:lisp-data:ipv6:pim,1
eth:ethertype:ip:udp:hip,1
eth:ethertype:ip:udp:a11,1
eth:ethertype:ip:udp:rdpudp:dtls,1
eth:ethertype:ip:udp:quake,1
eth:ethertype:ip:udp:mint:eth,1
eth:ethertype:ip:udp:mpls:pwethheuristic:pwethcw:eth:llc:data,1
eth:ethertype:ip:udp:llc:stp,1
eth:ethertype:ip:udp:cnip:lon,1
eth:ethertype:ip:udp:tzsp:eth:ethertype:data,1
eth:ethertype:ip:udp:acdr:ip:data,1
eth:ethertype:ip:udp:mdns:vssmonitoring,1
eth:ethertype:ip:udp:ecatf:ams,1
