eth:ethertype:ip:udp:data,8104393
eth:ethertype:ip:udp:syslog,4734442
eth:ethertype:ip:udp:stun,4046474
eth:ethertype:ip:udp:dns,3998631
eth:ethertype:ip:udp:snmp,2515950
eth:ethertype:ip:udp:ntp,2145676
eth:ethertype:ip:udp:nbns,622378
eth:ethertype:ip:udp:sip,470524
eth:ethertype:ip:data,453715
eth:ethertype:ip:udp:coap,142736
eth:ethertype:ip:udp:cflow,140521
eth:ethertype:ip:udp:ssdp,129533
eth:ethertype:ip:udp:cldap,110830
eth:ethertype:ip:udp:mdns,106580
eth:ethertype:ip:udp:sip:xml,102051
eth:ethertype:ip:udp:rpc,80083
eth:ethertype:ip:udp,76848
eth:ethertype:ip:udp:memcache,72083
eth:ethertype:ip:udp:dtls,65511
eth:ethertype:ip:udp:openvpn,62202
eth:ethertype:ip:udp:sip:data-text-lines,52790
eth:ethertype:ip:udp:isakmp,52262
eth:ethertype:ip:udp:portcontrol,44222
eth:ethertype:ip:udp:capwap,43733
eth:ethertype:ip:udp:gtp,41027
eth:ethertype:ip:udp:bvlc:bacnet:bacapp,37953
eth:ethertype:ip:udp:dhcp,37755
eth:ethertype:ip:udp:srvloc,37053
eth:ethertype:ip:udp:l2tp,29183
eth:ethertype:ip:udp:quic:tls,28506
eth:ethertype:ip:udp:rip,27602
eth:ethertype:ip:udp:udpencap:esp,26442
eth:ethertype:ip:udp:xdmcp,24534
eth:ethertype:ip:udp:kerberos,20802
eth:ethertype:ip:udp:gquic,20446
eth:ethertype:ip:udp:rtcp,17867
eth:ethertype:ip:udp:chargen,16577
eth:ethertype:ip:udp:rdpudp,16390
eth:ethertype:ip:udp:gtp:gtpv2,16062
eth:ethertype:ip:udp:radius,16013
eth:ethertype:ip:udp:rmcp:ipmi_session:data,15476
eth:ethertype:ip:udp:echo,15213
eth:ethertype:ip:udp:hart_ip,15195
eth:ethertype:ip:udp:classicstun,15170
eth:ethertype:ip:udp:quic,14815
eth:ethertype:ip:udp:lwapp:data,14509
eth:ethertype:ip:udp:tftp,13535
eth:ethertype:ip:udp:nbdgm:smb:browser,12942
eth:ethertype:ip:udp:omron,12937
eth:ethertype:ip:udp:enip,12931
eth:ethertype:ip:udp:wlccp,12830
eth:ethertype:ip:udp:bfd,12228
eth:ethertype:ip:udp:daytime,11993
eth:ethertype:ip:udp:time,11693
eth:ethertype:ip:udp:steam_ihs_discovery,11117
eth:ethertype:ip:udp:ecatf:ecat,10209
eth:ethertype:ip:udp:kip,6935
eth:ethertype:ip:udp:udpencap:isakmp,6757
eth:ethertype:ip:udp:mgcp,5202
eth:ethertype:ip:udp:llmnr,3790
eth:ethertype:ip:udp:iax2,3749
eth:ethertype:ip:udp:rmcp:asf,3549
eth:ethertype:ip:udp:coap:data,3448
eth:ethertype:ip:udp:teredo:ipv6,2874
eth:ethertype:ip:udp:raknet:raknet,2849
eth:ethertype:ip:udp:cipio,2006
eth:ethertype:ip:udp:mndp,1907
eth:ethertype:ip:udp:dcerpc,1862
eth:ethertype:ip:udp:quake3:data,1813
eth:ethertype:ip:udp:wsp,1786
eth:ethertype:ip:udp:h225,1693
eth:ethertype:ip:udp:gtpprime,1546
eth:ethertype:ip:udp:rtps,1336
eth:ethertype:ip:udp:dis,1077
eth:ethertype:ip:udp:llc:data,882
eth:ethertype:ip:udp:rx,776
eth:ethertype:ip:udp:find,754
eth:ethertype:ip:udp:ssdp:data,695
eth:ethertype:ip:udp:dof,597
eth:ethertype:ip:udp:tzsp,529
eth:ethertype:ip:udp:wtls,483
eth:ethertype:ip:udp:teredo:ipv6:icmpv6,453
eth:ethertype:ip:udp:pktc,447
eth:ethertype:ip:udp:cnip,445
eth:ethertype:ip:udp:geneve:data,433
eth:ethertype:ip:udp:tipc,418
eth:ethertype:ip:udp:scop:data,402
eth:ethertype:ip:udp:h248,381
eth:ethertype:ip:udp:mih,370
eth:ethertype:ip:udp:bfd_echo,362
eth:ethertype:ip:udp:ath,358
eth:ethertype:ip:udp:raknet,351
eth:ethertype:ip:udp:rsvp,346
eth:ethertype:ip:udp:wtp,343
eth:ethertype:ip:udp:gre:data,342
eth:ethertype:ip:udp:mikey,324
eth:ethertype:ip:udp:ieee1722:data,307
eth:ethertype:ip:udp:kink,302
eth:ethertype:ip:udp:iax2:data,292
eth:ethertype:ip:udp:knet,289
eth:ethertype:ip:udp:manolito,282
eth:ethertype:ip:udp:nxp_802154_sniffer:wpan,282
eth:ethertype:ip:udp:bat.gw:data,279
eth:ethertype:ip:udp:sabp,272
eth:ethertype:ip:udp:corosync_totemnet:data,272
eth:ethertype:ip:udp:enrp,271
eth:ethertype:ip:udp:adp,269
eth:ethertype:ip:udp:raknet:raknet:raknet,261
eth:ethertype:ip:udp:pn_rt:pn_ptcp,258
eth:ethertype:ip:udp:doip,257
eth:ethertype:ip:udp:asterix,257
eth:ethertype:ip:udp:stun:data,255
eth:ethertype:ip:udp:a21,246
eth:ethertype:ip:udp:ax4000,244
eth:ethertype:ip:udp:mipv6,242
eth:ethertype:ip:udp:kdp,240
eth:ethertype:ip:udp:icp,240
eth:ethertype:ip:udp:dpnet,239
eth:ethertype:ip:udp:c1222,238
eth:ethertype:ip:udp:tetra,237
eth:ethertype:ip:udp:pktc.mtafqdn,237
eth:ethertype:ip:udp:egd:data,235
eth:ethertype:ip:udp:bat:data,226
eth:ethertype:ip:udp:bjnp,220
eth:ethertype:ip:udp:wg,211
eth:ethertype:ip:udp:bat.vis:data,209
eth:ethertype:ip:udp:collectd,208
eth:ethertype:ip:udp:msproxy,208
eth:ethertype:ip:udp:elasticsearch,206
eth:ethertype:ip:udp:wisun.eapol_relay:eapol:data,194
eth:ethertype:ip:udp:lwapp:wlan,187
eth:ethertype:ip:udp:iapp,184
eth:ethertype:ip:udp:vxlan:eth:llc:data,181
eth:ethertype:ip:udp:ecatf:data,176
eth:ethertype:ip:udp:amt,175
eth:ethertype:ip:udp:ayiya,175
eth:ethertype:ip:udp:tacacs,173
eth:ethertype:ip:udp:uaudp,159
eth:ethertype:ip:udp:mint,158
eth:ethertype:ip:udp:ecmp,154
eth:ethertype:ip:udp:ldp,154
eth:ethertype:ip:udp:mpls-echo,153
eth:ethertype:ip:udp:ajns,149
eth:ethertype:ip:udp:opensafety_udp:data,146
eth:ethertype:ip:udp:ipvs,142
eth:ethertype:ip:udp:gprs-ns,137
eth:ethertype:ip:udp:quakeworld:data,137
eth:ethertype:ip:udp:lisp-data,137
eth:ethertype:ip:udp:ts2,136
eth:ethertype:ip:udp:asap,128
eth:ethertype:ip:udp:capwap.data,127
eth:ethertype:ip:udp:pn_rt:pn_io,125
eth:ethertype:ip:udp:quake:data,125
eth:ethertype:ip:udp:gprs-ns:bssgp,122
eth:ethertype:ip:udp:vrt,118
eth:ethertype:ip:udp:sap,118
eth:ethertype:ip:udp:goose:cotp,117
eth:ethertype:ip:udp:dcc,113
eth:ethertype:ip:udp:vuze-dht,109
eth:ethertype:ip:udp:ulp,107
eth:ethertype:ip:udp:gsmtap:data,100
eth:ethertype:ip:udp:radius:eap,98
eth:ethertype:ip:udp:hiqnet,97
eth:ethertype:ip:udp:nbdgm:smb:data,96
eth:ethertype:ip:udp:dmp,93
eth:ethertype:ip:udp:db-lsp-disc,92
eth:ethertype:ip:udp:pfcp,90
eth:ethertype:ip:udp:h501,89
eth:ethertype:ip:udp:nano,88
eth:ethertype:ip:udp:rdt,83
eth:ethertype:ip:udp:idn,81
eth:ethertype:ip:udp:hcrt,79
eth:ethertype:ip:udp:lisp,77
eth:ethertype:ip:udp:megaco:data,76
eth:ethertype:ip:udp:capwap.data:dtls,76
eth:ethertype:ip:udp:rsip,72
eth:ethertype:ip:udp:sctp,64
eth:ethertype:ip:udp:infiniband,63
eth:ethertype:ip:udp:mpls:data,62
eth:ethertype:ip:udp:teredo:data,61
eth:ethertype:ip:udp:udpencap,51
eth:ethertype:ip:udp:tplink-smarthome:json:data-text-lines,49
eth:ethertype:ip:udp:infiniband:data,48
eth:ethertype:ip:udp:quake2:data,46
eth:ethertype:ip:udp:dvb_ipdc:data,41
eth:ethertype:ip:udp:gre,40
eth:ethertype:ip:udp:sip:sdp,40
eth:ethertype:ip:udp:gsmtap,38
eth:ethertype:ip:udp:quake3,38
eth:ethertype:ip:udp:cnip:data,38
eth:ethertype:ip:udp:opensafety:data,37
eth:ethertype:ip:udp:capwap:dtls,34
eth:ethertype:ip:udp:lwapp:wlan:data,33
eth:ethertype:ip:udp:nxp_802154_sniffer:wpan:data,31
eth:ethertype:ip:udp:lisp:data,31
eth:ethertype:ip:udp:eth:ethertype:data,30
eth:ethertype:ip:udp:geneve,30
eth:ethertype:ip:udp:egd,29
eth:ethertype:ip:udp:nxp_802154_sniffer,28
eth:ethertype:ip:udp:vxlan:eth:ethertype:data,26
eth:ethertype:ip:udp:ltp,25
eth:ethertype:ip:udp:wtp:wsp,24
eth:ethertype:ip:udp:udt,24
eth:ethertype:ip:udp:thrift,22
eth:ethertype:ip:udp:sip:data-text-lines:xml,22
eth:ethertype:ip:udp:lisp-data:ipv6:data,21
eth:ethertype:ip:udp:sbus,21
eth:ethertype:ip:udp:wisun.eapol_relay,20
eth:ethertype:ip:udp:llc,19
eth:ethertype:ip:udp:eth,16
eth:ethertype:ip:udp:rx:afs,16
eth:ethertype:ip:udp:sabp:sabp,15
eth:ethertype:ip:udp:ardp,15
eth:ethertype:ip:udp:auto_rp,14
eth:ethertype:ip:udp:mpls:ipv6:data,14
eth:ethertype:ip:udp:dhcpv6,14
eth:ethertype:ip:udp:vxlan:eth,14
eth:ethertype:ip:udp:mip,14
eth:ethertype:ip:udp:dcp-etsi:dcp-af,14
eth:ethertype:ip:udp:enttec,14
eth:ethertype:ip:udp:capwap:data,12
eth:ethertype:ip:udp:dcp-etsi:dcp-pft,12
eth:ethertype:ip:udp:xyplex,11
eth:ethertype:ip:udp:capwap.data:data,11
eth:ethertype:ip:udp:tsp,11
eth:ethertype:ip:udp:slimp3,10
eth:ethertype:ip:udp:lisp-data:ip:data,10
eth:ethertype:ip:udp:dvb_ipdc:alc:data,10
eth:ethertype:ip:udp:tzsp:data,10
eth:ethertype:ip:udp:ipx:data,9
eth:ethertype:ip:udp:lmp,9
eth:ethertype:ip:udp:msmms,9
eth:ethertype:ip:udp:dlep,9
eth:ethertype:ip:udp:who,9
eth:ethertype:ip:udp:mpls:ip:data,9
eth:ethertype:ip:udp:lwapp,8
eth:ethertype:ip:udp:pathport,8
eth:ethertype:ip:udp:scop,8
eth:ethertype:ip:udp:ecatf:tc_nv,7
eth:ethertype:ip:udp:nbdgm,7
eth:ethertype:ip:udp:quake2,7
eth:ethertype:ip:udp:cups,7
eth:ethertype:ip:udp:pn_rt,7
eth:ethertype:ip:udp:wisun.eapol_relay:eapol,7
eth:ethertype:ip:udp:ipx,7
eth:ethertype:ip:udp:acdr,7
eth:ethertype:ip:udp:ripng,7
eth:ethertype:ip:udp:kpasswd,7
eth:ethertype:ip:udp:mpls,6
eth:ethertype:ip:udp:capwap.data:eth:ethertype:data,6
eth:ethertype:ip:udp:rsp,6
eth:ethertype:ip:udp:lisp-data:ip,6
eth:ethertype:ip:udp:armagetronad,6
eth:ethertype:ip:udp:rtpproxy,6
eth:ethertype:ip:udp:data:vssmonitoring,6
eth:ethertype:ip:udp:sigcomp,6
eth:ethertype:ip:udp:lwres,5
eth:ethertype:ip:udp:ncp,5
eth:ethertype:ip:udp:quake,5
eth:ethertype:ip:udp:amt:ip,5
eth:ethertype:ip:udp:mint:eth:ethertype:data,5
eth:ethertype:ip:udp:mpls:pwethheuristic:pwethcw:eth:ethertype:data,5
eth:ethertype:ip:udp:dlsw,4
eth:ethertype:ip:udp:teredo,4
eth:ethertype:ip:udp:ecatf:ioraw,4
eth:ethertype:ip:udp:wccp,4
eth:ethertype:ip:udp:tpcp,4
eth:ethertype:ip:udp:uftp:uftp4,4
eth:ethertype:ip:udp:ptp,4
eth:ethertype:ip:udp:lbtrm,4
eth:ethertype:ip:udp:cpfi,4
eth:ethertype:ip:udp:ltp:data,4
eth:ethertype:ip:udp:mpls:ip,4
eth:ethertype:ip:udp:packetbb,4
eth:ethertype:ip:udp:dtls:x509sat:x509sat:x509sat:x509sat,4
eth:ethertype:ip:udp:mpls:ipv6:ipv6.hopopts,4
eth:ethertype:ip:udp:tapa,3
eth:ethertype:ip:udp:data:f5ethtrailer,3
eth:ethertype:ip:udp:llc:osi:data,3
eth:ethertype:ip:udp:dvb_ipdc:alc:rmt-lct,3
eth:ethertype:ip:udp:quakeworld,3
eth:ethertype:ip:udp:bat.gw,3
eth:ethertype:ip:udp:sip:sigcomp,3
eth:ethertype:ip:udp:aodv,3
eth:ethertype:ip:udp:llc:sna:data,3
eth:ethertype:ip:udp:ieee1722:iec61883,3
eth:ethertype:ip:udp:lisp-data:ipv6,3
eth:ethertype:ip:udp:wol,3
eth:ethertype:ip:udp:ieee1722,3
eth:ethertype:ip:udp:gre:wlan,3
eth:ethertype:ip:udp:megaco,2
eth:ethertype:ip:udp:ddtp,2
eth:ethertype:ip:udp:mpls:pwethheuristic:pwethnocw:eth:ethertype:data,2
eth:ethertype:ip:udp:lisp-data:ipv6:vrrp,2
eth:ethertype:ip:udp:lisp-data:ipv6:eigrp,2
eth:ethertype:ip:udp:ecatf,2
eth:ethertype:ip:udp:tzsp:eth:ethertype:data,2
eth:ethertype:ip:udp:epl,2
eth:ethertype:ip:udp:mpls:pwach:data,2
eth:ethertype:ip:udp:ecatf:ecat_mailbox,2
eth:ethertype:ip:udp:llc:3comxns:data,2
eth:ethertype:ip:udp:olsr,1
eth:ethertype:ip:udp:a11,1
eth:ethertype:ip:udp:lisp-data:ipv6:l2tp:data,1
eth:ethertype:ip:udp:lisp-data:ipv6:swipe:data,1
eth:ethertype:ip:udp:lisp-data:ipv6:dsr,1
eth:ethertype:ip:udp:lisp-data:ipv6:gre:data,1
eth:ethertype:ip:udp:lisp-data:ipv6:etherip:eth:llc,1
eth:ethertype:ip:udp:jmirror:ipv6,1
eth:ethertype:ip:udp:uftp:uftp5,1
eth:ethertype:ip:udp:adwin,1
eth:ethertype:ip:udp:opensafety_udp,1
eth:ethertype:ip:udp:mdns:vssmonitoring,1
eth:ethertype:ip:udp:wimaxasncp,1
eth:ethertype:ip:udp:rsp:data,1
eth:ethertype:ip:udp:l2tp:ppp:data,1
eth:ethertype:ip:udp:capwap.data:eth,1
eth:ethertype:ip:udp:icq,1
eth:ethertype:ip:udp:actrace,1
eth:ethertype:ip:udp:ayiya:dsr:ipv6.hopopts:ipv6.hopopts,1
eth:ethertype:ip:udp:tplink-smarthome:json,1
eth:ethertype:ip:udp:l2tp:data,1
eth:ethertype:ip:udp:udpencap:data,1
eth:ethertype:ip:udp:mpls:ipv6:dsr:data,1
eth:ethertype:ip:udp:stun:tftp,1
eth:ethertype:ip:udp:llc:stp,1
eth:ethertype:ip:udp:vssmonitoring,1
eth:ethertype:ip:udp:tzsp:tr,1
eth:ethertype:ip:udp:eth:llc,1
eth:ethertype:ip:udp:cnip:lon,1
