eth:ethertype:ip:udp:data,9258912
eth:ethertype:ip:udp:syslog,4340825
eth:ethertype:ip:udp:stun,3676338
eth:ethertype:ip:udp:dns,3504082
eth:ethertype:ip:udp:snmp,2122872
eth:ethertype:ip:udp:ntp,2081469
eth:ethertype:ip:data,1870355
eth:ethertype:ip:udp:nbns,537180
eth:ethertype:ip:udp:sip,399496
eth:ethertype:ip:udp:coap,264215
eth:ethertype:ip:udp:cldap,178351
eth:ethertype:ip:udp:cflow,145820
eth:ethertype:ip:udp:mdns,111987
eth:ethertype:ip:udp:sip:xml,99785
eth:ethertype:ip:udp:ssdp,99030
eth:ethertype:ip:udp:memcache,83144
eth:ethertype:ip:udp:rpc,78376
eth:ethertype:ip:udp:isakmp,68172
eth:ethertype:ip:udp,63341
eth:ethertype:ip:udp:openvpn,62697
eth:ethertype:ip:udp:dtls,56983
eth:ethertype:ip:udp:sip:data-text-lines,52885
eth:ethertype:ip:udp:bvlc:bacnet:bacapp,46575
eth:ethertype:ip:udp:capwap,45446
eth:ethertype:ip:udp:srvloc,43847
eth:ethertype:ip:udp:gtp,41001
eth:ethertype:ip:udp:l2tp,39392
eth:ethertype:ip:udp:portcontrol,37474
eth:ethertype:ip:udp:udpencap:esp,36286
eth:ethertype:ip:udp:rip,35109
eth:ethertype:ip:udp:chargen,34886
eth:ethertype:ip:udp:dhcp,32076
eth:ethertype:ip:udp:bfd,31613
eth:ethertype:ip:udp:quake3,30977
eth:ethertype:ip:udp:rmcp:ipmi_session:data,24297
eth:ethertype:ip:udp:gquic,20406
eth:ethertype:ip:udp:kerberos,20028
eth:ethertype:ip:udp:xdmcp,18114
eth:ethertype:ip:udp:lwapp:data,17293
eth:ethertype:ip:udp:quic:tls,16386
eth:ethertype:ip:udp:rdpudp,16199
eth:ethertype:ip:udp:enip,13463
eth:ethertype:ip:udp:echo,13318
eth:ethertype:ip:udp:gtp:gtpv2,13035
eth:ethertype:ip:udp:classicstun,12468
eth:ethertype:ip:udp:omron,12037
eth:ethertype:ip:udp:time,12032
eth:ethertype:ip:udp:radius,11776
eth:ethertype:ip:udp:daytime,11286
eth:ethertype:ip:udp:tftp,10637
eth:ethertype:ip:udp:rpc:data,10402
eth:ethertype:ip:udp:ecatf:ecat,10208
eth:ethertype:ip:udp:nbdgm:smb:browser,9729
eth:ethertype:ip:udp:udpencap:isakmp,8622
eth:ethertype:ip:udp:kip,8455
eth:ethertype:ip:udp:steam_ihs_discovery,8103
eth:ethertype:ip:udp:rtcp,6187
eth:ethertype:ip:udp:quic,5502
eth:ethertype:ip:udp:quake:data,5281
eth:ethertype:ip:udp:hart_ip,5135
eth:ethertype:ip:udp:coap:data,4217
eth:ethertype:ip:udp:teredo:ipv6,3931
eth:ethertype:ip:udp:mgcp,3629
eth:ethertype:ip:udp:raknet:raknet,3620
eth:ethertype:ip:udp:rmcp:asf,3476
eth:ethertype:ip:udp:quake3:data,2555
eth:ethertype:ip:udp:tacacs,2523
eth:ethertype:ip:udp:llmnr,1960
eth:ethertype:ip:udp:mndp,1858
eth:ethertype:ip:udp:wtp,1858
eth:ethertype:ip:udp:rtps,1684
eth:ethertype:ip:udp:wsp,1651
eth:ethertype:ip:udp:iax2,1629
eth:ethertype:ip:udp:cipio,1426
eth:ethertype:ip:udp:dis,1328
eth:ethertype:ip:udp:gtpprime,1266
eth:ethertype:ip:udp:h225,1055
eth:ethertype:ip:udp:ajns,1021
eth:ethertype:ip:udp:llc:data,1020
eth:ethertype:ip:udp:radius:eap,922
eth:ethertype:ip:udp:ssdp:data,768
eth:ethertype:ip:udp:teredo:data,715
eth:ethertype:ip:udp:raknet:raknet:raknet,702
eth:ethertype:ip:udp:dof,685
eth:ethertype:ip:udp:kink,669
eth:ethertype:ip:udp:manolito,643
eth:ethertype:ip:udp:h248,609
eth:ethertype:ip:udp:hcrt,596
eth:ethertype:ip:udp:iapp,589
eth:ethertype:ip:udp:wisun.eapol_relay:eapol:data,510
eth:ethertype:ip:udp:asterix,486
eth:ethertype:ip:udp:amt,463
eth:ethertype:ip:udp:sbus,462
eth:ethertype:ip:udp:knet,461
eth:ethertype:ip:udp:wtls,431
eth:ethertype:ip:udp:icp,399
eth:ethertype:ip:udp:corosync_totemnet:data,389
eth:ethertype:ip:udp:tetra,388
eth:ethertype:ip:udp:opensafety_udp:data,380
eth:ethertype:ip:udp:rx,360
eth:ethertype:ip:udp:ayiya,335
eth:ethertype:ip:udp:ecmp,312
eth:ethertype:ip:udp:db-lsp-disc,275
eth:ethertype:ip:udp:raknet,262
eth:ethertype:ip:udp:a21,252
eth:ethertype:ip:udp:bat.gw:data,251
eth:ethertype:ip:udp:iax2:data,250
eth:ethertype:ip:udp:elasticsearch,238
eth:ethertype:ip:udp:ipvs,233
eth:ethertype:ip:udp:gre:data,228
eth:ethertype:ip:udp:bat:data,223
eth:ethertype:ip:udp:nxp_802154_sniffer:wpan,222
eth:ethertype:ip:udp:sabp,222
eth:ethertype:ip:udp:dpnet,215
eth:ethertype:ip:udp:h501,208
eth:ethertype:ip:udp:enrp,207
eth:ethertype:ip:udp:nxp_802154_sniffer,206
eth:ethertype:ip:udp:hiqnet,199
eth:ethertype:ip:udp:gsmtap:data,199
eth:ethertype:ip:udp:pn_rt:pn_ptcp,196
eth:ethertype:ip:udp:tipc,194
eth:ethertype:ip:udp:mint,190
eth:ethertype:ip:udp:bjnp,185
eth:ethertype:ip:udp:geneve:data,181
eth:ethertype:ip:udp:capwap.data,176
eth:ethertype:ip:udp:ath,167
eth:ethertype:ip:udp:scop:data,162
eth:ethertype:ip:udp:rsvp,161
eth:ethertype:ip:udp:ieee1722:data,159
eth:ethertype:ip:udp:mih,157
eth:ethertype:ip:udp:c1222,157
eth:ethertype:ip:udp:gprs-ns,156
eth:ethertype:ip:udp:cnip,156
eth:ethertype:ip:udp:infiniband,156
eth:ethertype:ip:udp:egd:data,150
eth:ethertype:ip:udp:uaudp,148
eth:ethertype:ip:udp:vxlan:eth:llc:data,146
eth:ethertype:ip:udp:asap,140
eth:ethertype:ip:udp:bat.vis:data,135
eth:ethertype:ip:udp:quake2:data,128
eth:ethertype:ip:udp:vxlan:eth:ethertype:data,122
eth:ethertype:ip:udp:adp,118
eth:ethertype:ip:udp:lisp:data,111
eth:ethertype:ip:udp:sap,105
eth:ethertype:ip:udp:bfd_echo,102
eth:ethertype:ip:udp:opensafety:data,101
eth:ethertype:ip:udp:lisp-data,99
eth:ethertype:ip:udp:pfcp,99
eth:ethertype:ip:udp:msproxy,99
eth:ethertype:ip:udp:kdp,95
eth:ethertype:ip:udp:pktc,94
eth:ethertype:ip:udp:dcc,93
eth:ethertype:ip:udp:rdt,89
eth:ethertype:ip:udp:ulp,86
eth:ethertype:ip:udp:idn,85
eth:ethertype:ip:udp:vrt,84
eth:ethertype:ip:udp:tzsp,83
eth:ethertype:ip:udp:ax4000,81
eth:ethertype:ip:udp:mpls:data,80
eth:ethertype:ip:udp:rsip,79
eth:ethertype:ip:udp:tplink-smarthome:json:data-text-lines,79
eth:ethertype:ip:udp:mikey,75
eth:ethertype:ip:udp:vuze-dht,74
eth:ethertype:ip:udp:wlccp,72
eth:ethertype:ip:udp:mipv6,70
eth:ethertype:ip:udp:sctp,69
eth:ethertype:ip:udp:pn_rt:pn_io,68
eth:ethertype:ip:udp:collectd,66
eth:ethertype:ip:udp:doip,64
eth:ethertype:ip:udp:infiniband:data,63
eth:ethertype:ip:udp:data:vssmonitoring,63
eth:ethertype:ip:udp:enttec,63
eth:ethertype:ip:udp:pktc.mtafqdn,62
eth:ethertype:ip:udp:ecatf:data,61
eth:ethertype:ip:udp:ts2,60
eth:ethertype:ip:udp:stun:data,59
eth:ethertype:ip:udp:megaco:data,58
eth:ethertype:ip:udp:dvb_ipdc:data,57
eth:ethertype:ip:udp:nano,56
eth:ethertype:ip:udp:lwapp:wlan,56
eth:ethertype:ip:udp:quakeworld:data,52
eth:ethertype:ip:udp:eth:ethertype:data,52
eth:ethertype:ip:udp:lisp,50
eth:ethertype:ip:udp:geneve,48
eth:ethertype:ip:udp:rx:afs,44
eth:ethertype:ip:udp:lwapp:wlan:data,43
eth:ethertype:ip:udp:cnip:data,40
eth:ethertype:ip:udp:dmp,40
eth:ethertype:ip:udp:wg,39
eth:ethertype:ip:udp:gre,33
eth:ethertype:ip:udp:gsmtap,31
eth:ethertype:ip:udp:papi,31
eth:ethertype:ip:udp:wtp:wsp,29
eth:ethertype:ip:udp:gprs-ns:bssgp,28
eth:ethertype:ip:udp:ardp,26
eth:ethertype:ip:udp:ltp,26
eth:ethertype:ip:udp:lmp,23
eth:ethertype:ip:udp:dlsw,23
eth:ethertype:ip:udp:eth,22
eth:ethertype:ip:udp:sap:sdp,21
eth:ethertype:ip:udp:capwap.data:dtls,19
eth:ethertype:ip:udp:mip,17
eth:ethertype:ip:udp:wisun.eapol_relay,17
eth:ethertype:ip:udp:llc,16
eth:ethertype:ip:udp:capwap:dtls,16
eth:ethertype:ip:udp:dhcpv6,15
eth:ethertype:ip:udp:goose:cotp,14
eth:ethertype:ip:udp:quake2,14
eth:ethertype:ip:udp:egd,14
eth:ethertype:ip:udp:vxlan:eth,14
eth:ethertype:ip:udp:sabp:sabp,14
eth:ethertype:ip:udp:pn_rt,13
eth:ethertype:ip:udp:rtpproxy,13
eth:ethertype:ip:udp:teredo:ipv6:icmpv6,12
eth:ethertype:ip:udp:sigcomp,12
eth:ethertype:ip:udp:kpasswd,11
eth:ethertype:ip:udp:nbdgm,10
eth:ethertype:ip:udp:ecatf:ioraw,10
eth:ethertype:ip:udp:xyplex,10
eth:ethertype:ip:udp:mpls:ipv6:data,10
eth:ethertype:ip:udp:ecatf:tc_nv,10
eth:ethertype:ip:udp:dcp-etsi:dcp-af,10
eth:ethertype:ip:udp:ncp,9
eth:ethertype:ip:udp:thrift,9
eth:ethertype:ip:udp:rsp,8
eth:ethertype:ip:udp:ripng,8
eth:ethertype:ip:udp:mint:eth:ethertype:data,7
eth:ethertype:ip:udp:tsp,7
eth:ethertype:ip:udp:nxp_802154_sniffer:wpan:data,7
eth:ethertype:ip:udp:lbtrm,7
eth:ethertype:ip:udp:dlep,7
eth:ethertype:ip:udp:tzsp:data,7
eth:ethertype:ip:udp:scop,7
eth:ethertype:ip:udp:wisun.eapol_relay:eapol,7
eth:ethertype:ip:udp:bat.gw,7
eth:ethertype:ip:udp:msmms,7
eth:ethertype:ip:udp:wol,7
eth:ethertype:ip:udp:auto_rp,7
eth:ethertype:ip:udp:mpls:ip:data,7
eth:ethertype:ip:udp:packetbb,6
eth:ethertype:ip:udp:find,6
eth:ethertype:ip:udp:who,6
eth:ethertype:ip:udp:ieee1722:iec61883,6
eth:ethertype:ip:udp:mpls:ip,6
eth:ethertype:ip:udp:ecatf:ecat_mailbox,6
eth:ethertype:ip:udp:mpls:ipv6,6
eth:ethertype:ip:udp:ptp,5
eth:ethertype:ip:udp:dcp-etsi:dcp-pft,5
eth:ethertype:ip:udp:lwres,5
eth:ethertype:ip:udp:capwap.data:eth:ethertype:data,5
eth:ethertype:ip:udp:acdr,5
eth:ethertype:ip:udp:mpls:pwethheuristic:pwethcw:eth:ethertype:data,5
eth:ethertype:ip:udp:slimp3,5
eth:ethertype:ip:udp:ddtp,5
eth:ethertype:ip:udp:ipx:data,4
eth:ethertype:ip:udp:ecatf,4
eth:ethertype:ip:udp:quake,4
eth:ethertype:ip:udp:mpls,4
eth:ethertype:ip:udp:sip:sigcomp,4
eth:ethertype:ip:udp:armagetronad,4
eth:ethertype:ip:udp:actrace,4
eth:ethertype:ip:udp:lisp-data:ipv6,4
eth:ethertype:ip:udp:tipc:data,4
eth:ethertype:ip:udp:lisp-data:ip:data,4
eth:ethertype:ip:udp:lisp-data:ip,3
eth:ethertype:ip:udp:opensafety_udp,3
eth:ethertype:ip:udp:gre:wlan,3
eth:ethertype:ip:udp:cups,3
eth:ethertype:ip:udp:aodv,3
eth:ethertype:ip:udp:bat.vis,3
eth:ethertype:ip:udp:ipx,3
eth:ethertype:ip:udp:cpfi,3
eth:ethertype:ip:udp:pathport,3
eth:ethertype:ip:udp:llc:osi:data,3
eth:ethertype:ip:udp:tapa,3
eth:ethertype:ip:udp:teredo,2
eth:ethertype:ip:udp:amt:ip:ipv6:data,2
eth:ethertype:ip:udp:udpencap,2
eth:ethertype:ip:udp:cnip:lon,2
eth:ethertype:ip:udp:capwap.data:data,2
eth:ethertype:ip:udp:mpls:pwethheuristic:pwethcw:eth,2
eth:ethertype:ip:udp:vxlan,2
eth:ethertype:ip:udp:edonkey,2
eth:ethertype:ip:udp:mpls:pwethheuristic:pwethnocw:eth:ethertype:data,2
eth:ethertype:ip:udp:amt:ip,2
eth:ethertype:ip:udp:mpls:ipv6:ipv6.hopopts,2
eth:ethertype:ip:udp:lwapp,2
eth:ethertype:ip:udp:megaco:h248,1
eth:ethertype:ip:udp:quakeworld,1
eth:ethertype:ip:udp:lisp-data:ipv6:data,1
eth:ethertype:ip:udp:lisp:ip:data,1
eth:ethertype:ip:udp:a11,1
eth:ethertype:ip:udp:olsr,1
eth:ethertype:ip:udp:mbudp:modbus,1
eth:ethertype:ip:udp:teredo:ipv6:tcp,1
eth:ethertype:ip:udp:stun:tftp,1
eth:ethertype:ip:udp:wccp,1
eth:ethertype:ip:udp:rdpudp:data,1
eth:ethertype:ip:udp:lisp-data:ipv6:igrp,1
eth:ethertype:ip:udp:ieee1722,1
eth:ethertype:ip:udp:ltp:data,1
eth:ethertype:ip:udp:db-lsp-disc:json:data-text-lines,1
eth:ethertype:ip:udp:wimaxasncp,1
eth:ethertype:ip:udp:snmp:data,1
eth:ethertype:ip:udp:eth:llc:data,1
eth:ethertype:ip:udp:mpls:ipv6:vrrp,1
eth:ethertype:ip:udp:mpls:ipv6:l2tp:data,1
eth:ethertype:ip:udp:teredo:ipv6:data,1
eth:ethertype:ip:udp:oicq,1
eth:ethertype:ip:udp:mpls:pwach:data,1
eth:ethertype:ip:udp:vssmonitoring,1
eth:ethertype:ip:udp:jmirror:ipv6,1
eth:ethertype:ip:udp:scop:wpan,1
eth:ethertype:ip:udp:rdpudp:tls,1
eth:ethertype:ip:udp:ldp,1
eth:ethertype:ip:udp:ip,1
eth:ethertype:ip:udp:epl,1
eth:ethertype:ip:udp:dvb_ipdc:alc:rmt-lct,1
eth:ethertype:ip:udp:tpcp,1
eth:ethertype:ip:udp:sflow,1
eth:ethertype:ip:udp:adwin,1
